[2025-04-18T04:05:13.474+0000] {local_task_job_runner.py:123} INFO - ::group::Pre task execution logs
[2025-04-18T04:05:13.479+0000] {taskinstance.py:2613} INFO - Dependencies all met for dep_context=non-requeueable deps ti=<TaskInstance: triphobo_attractions_pipeline.scrape_attractions manual__2025-04-18T04:05:12.341102+00:00 [queued]>
[2025-04-18T04:05:13.482+0000] {taskinstance.py:2613} INFO - Dependencies all met for dep_context=requeueable deps ti=<TaskInstance: triphobo_attractions_pipeline.scrape_attractions manual__2025-04-18T04:05:12.341102+00:00 [queued]>
[2025-04-18T04:05:13.482+0000] {taskinstance.py:2866} INFO - Starting attempt 1 of 1
[2025-04-18T04:05:13.486+0000] {taskinstance.py:2889} INFO - Executing <Task(PythonOperator): scrape_attractions> on 2025-04-18 04:05:12.341102+00:00
[2025-04-18T04:05:13.490+0000] {warnings.py:112} WARNING - /home/***/.local/lib/python3.12/site-packages/***/task/task_runner/standard_task_runner.py:70: DeprecationWarning: This process (pid=250) is multi-threaded, use of fork() may lead to deadlocks in the child.
  pid = os.fork()

[2025-04-18T04:05:13.491+0000] {standard_task_runner.py:72} INFO - Started process 251 to run task
[2025-04-18T04:05:13.491+0000] {standard_task_runner.py:104} INFO - Running: ['***', 'tasks', 'run', 'triphobo_attractions_pipeline', 'scrape_attractions', 'manual__2025-04-18T04:05:12.341102+00:00', '--job-id', '24', '--raw', '--subdir', 'DAGS_FOLDER/attractions_dag.py', '--cfg-path', '/tmp/tmpqtr0x_oh']
[2025-04-18T04:05:13.493+0000] {standard_task_runner.py:105} INFO - Job 24: Subtask scrape_attractions
[2025-04-18T04:05:13.519+0000] {task_command.py:467} INFO - Running <TaskInstance: triphobo_attractions_pipeline.scrape_attractions manual__2025-04-18T04:05:12.341102+00:00 [running]> on host f6e0577a83d0
[2025-04-18T04:05:13.550+0000] {taskinstance.py:3132} INFO - Exporting env vars: AIRFLOW_CTX_DAG_OWNER='***' AIRFLOW_CTX_DAG_ID='triphobo_attractions_pipeline' AIRFLOW_CTX_TASK_ID='scrape_attractions' AIRFLOW_CTX_EXECUTION_DATE='2025-04-18T04:05:12.341102+00:00' AIRFLOW_CTX_TRY_NUMBER='1' AIRFLOW_CTX_DAG_RUN_ID='manual__2025-04-18T04:05:12.341102+00:00'
[2025-04-18T04:05:13.550+0000] {taskinstance.py:731} INFO - ::endgroup::
[2025-04-18T04:05:13.824+0000] {attractions_dag.py:179} INFO - Scraping city: New York City United States
[2025-04-18T04:05:13.825+0000] {attractions_dag.py:183} INFO - Scraping page 1: https://www.triphobo.com/places/new-york-city-united-states/things-to-do?page=1
[2025-04-18T04:05:20.255+0000] {attractions_dag.py:186} INFO - Found 15 attraction links
[2025-04-18T04:05:20.255+0000] {attractions_dag.py:195} INFO - Scraping place 1/15: https://www.triphobo.com/places/new-york-city-united-states/empire-state-building
[2025-04-18T04:05:24.027+0000] {attractions_dag.py:195} INFO - Scraping place 2/15: https://www.triphobo.com/places/new-york-city-united-states/statue-of-liberty
[2025-04-18T04:05:27.671+0000] {attractions_dag.py:195} INFO - Scraping place 3/15: https://www.triphobo.com/places/new-york-city-united-states/rockefeller-center
[2025-04-18T04:05:31.451+0000] {attractions_dag.py:195} INFO - Scraping place 4/15: https://www.triphobo.com/places/new-york-city-united-states/times-square
[2025-04-18T04:05:35.080+0000] {attractions_dag.py:195} INFO - Scraping place 5/15: https://www.triphobo.com/places/new-york-city-united-states/the-metropolitan-museum-of-art
[2025-04-18T04:05:38.718+0000] {attractions_dag.py:195} INFO - Scraping place 6/15: https://www.triphobo.com/places/new-york-city-united-states/grand-central-terminal
[2025-04-18T04:05:42.611+0000] {attractions_dag.py:195} INFO - Scraping place 7/15: https://www.triphobo.com/places/new-york-city-united-states/american-museum-of-natural-history
[2025-04-18T04:05:46.424+0000] {attractions_dag.py:195} INFO - Scraping place 8/15: https://www.triphobo.com/places/new-york-city-united-states/museum-of-modern-art
[2025-04-18T04:05:50.134+0000] {attractions_dag.py:195} INFO - Scraping place 9/15: https://www.triphobo.com/places/new-york-city-united-states/high-line
[2025-04-18T04:05:53.841+0000] {attractions_dag.py:195} INFO - Scraping place 10/15: https://www.triphobo.com/places/new-york-city-united-states/national-9-11-memorial-museum
[2025-04-18T04:05:57.515+0000] {attractions_dag.py:195} INFO - Scraping place 11/15: https://www.triphobo.com/places/new-york-city-united-states/intrepid-sea-air-and-space-museum
[2025-04-18T04:06:01.293+0000] {attractions_dag.py:195} INFO - Scraping place 12/15: https://www.triphobo.com/places/new-york-city-united-states/solomon-r-guggenheim-museum
[2025-04-18T04:06:05.116+0000] {attractions_dag.py:195} INFO - Scraping place 13/15: https://www.triphobo.com/places/new-york-city-united-states/radio-city-music-hall
[2025-04-18T04:06:08.826+0000] {attractions_dag.py:195} INFO - Scraping place 14/15: https://www.triphobo.com/places/new-york-city-united-states/fanaberie
[2025-04-18T04:06:12.551+0000] {attractions_dag.py:195} INFO - Scraping place 15/15: https://www.triphobo.com/places/new-york-city-united-states/united-nations-headquarters
[2025-04-18T04:06:16.321+0000] {attractions_dag.py:183} INFO - Scraping page 2: https://www.triphobo.com/places/new-york-city-united-states/things-to-do?page=2
[2025-04-18T04:06:22.367+0000] {attractions_dag.py:186} INFO - Found 15 attraction links
[2025-04-18T04:06:22.367+0000] {attractions_dag.py:195} INFO - Scraping place 1/15: https://www.triphobo.com/places/new-york-city-united-states/new-york-public-library
[2025-04-18T04:06:26.082+0000] {attractions_dag.py:195} INFO - Scraping place 2/15: https://www.triphobo.com/places/new-york-city-united-states/national-museum-of-american-indian
[2025-04-18T04:06:30.048+0000] {attractions_dag.py:195} INFO - Scraping place 3/15: https://www.triphobo.com/places/new-york-city-united-states/children-s-museum-of-manhattan
[2025-04-18T04:06:34.075+0000] {attractions_dag.py:195} INFO - Scraping place 4/15: https://www.triphobo.com/places/new-york-city-united-states/the-morgan-library-and-museum
[2025-04-18T04:06:37.911+0000] {attractions_dag.py:195} INFO - Scraping place 5/15: https://www.triphobo.com/places/new-york-city-united-states/cathedral-church-of-saint-john-the-divine
[2025-04-18T04:06:41.759+0000] {attractions_dag.py:195} INFO - Scraping place 6/15: https://www.triphobo.com/places/new-york-city-united-states/gramercy-tavern
[2025-04-18T04:06:45.448+0000] {attractions_dag.py:195} INFO - Scraping place 7/15: https://www.triphobo.com/places/new-york-city-united-states/brooklyn-bridge
[2025-04-18T04:06:49.241+0000] {attractions_dag.py:195} INFO - Scraping place 8/15: https://www.triphobo.com/places/new-york-city-united-states/bryant-park
[2025-04-18T04:06:53.044+0000] {attractions_dag.py:195} INFO - Scraping place 9/15: https://www.triphobo.com/places/new-york-city-united-states/brooklyn-heights-promenade
[2025-04-18T04:06:56.821+0000] {attractions_dag.py:195} INFO - Scraping place 10/15: https://www.triphobo.com/places/new-york-city-united-states/65th-street
[2025-04-18T04:07:00.611+0000] {attractions_dag.py:195} INFO - Scraping place 11/15: https://www.triphobo.com/places/new-york-city-united-states/chrysler-building
[2025-04-18T04:07:04.372+0000] {attractions_dag.py:195} INFO - Scraping place 12/15: https://www.triphobo.com/places/new-york-city-united-states/chinatown
[2025-04-18T04:07:08.054+0000] {attractions_dag.py:195} INFO - Scraping place 13/15: https://www.triphobo.com/places/new-york-city-united-states/dead-rabbit
[2025-04-18T04:07:11.708+0000] {attractions_dag.py:195} INFO - Scraping place 14/15: https://www.triphobo.com/places/new-york-city-united-states/new-york-transit-museum
[2025-04-18T04:07:15.470+0000] {attractions_dag.py:195} INFO - Scraping place 15/15: https://www.triphobo.com/places/new-york-city-united-states/frick-collection
[2025-04-18T04:07:19.142+0000] {attractions_dag.py:183} INFO - Scraping page 3: https://www.triphobo.com/places/new-york-city-united-states/things-to-do?page=3
[2025-04-18T04:07:28.006+0000] {attractions_dag.py:186} INFO - Found 15 attraction links
[2025-04-18T04:07:28.007+0000] {attractions_dag.py:195} INFO - Scraping place 1/15: https://www.triphobo.com/places/new-york-city-united-states/yankee-stadium
[2025-04-18T04:07:31.676+0000] {attractions_dag.py:195} INFO - Scraping place 2/15: https://www.triphobo.com/places/new-york-city-united-states/harlem
[2025-04-18T04:07:35.404+0000] {attractions_dag.py:195} INFO - Scraping place 3/15: https://www.triphobo.com/places/new-york-city-united-states/battery-park
[2025-04-18T04:07:39.085+0000] {attractions_dag.py:195} INFO - Scraping place 4/15: https://www.triphobo.com/places/new-york-city-united-states/the-mean-fiddler
[2025-04-18T04:07:42.785+0000] {attractions_dag.py:195} INFO - Scraping place 5/15: https://www.triphobo.com/places/new-york-city-united-states/st-paul-s-chapel
[2025-04-18T04:07:46.735+0000] {attractions_dag.py:195} INFO - Scraping place 6/15: https://www.triphobo.com/places/new-york-city-united-states/metropolitan-opera-house
[2025-04-18T04:07:50.431+0000] {attractions_dag.py:195} INFO - Scraping place 7/15: https://www.triphobo.com/places/new-york-city-united-states/st-patrick-s-cathedral
[2025-04-18T04:07:54.149+0000] {attractions_dag.py:195} INFO - Scraping place 8/15: https://www.triphobo.com/places/new-york-city-united-states/little-italy
[2025-04-18T04:07:57.923+0000] {attractions_dag.py:195} INFO - Scraping place 9/15: https://www.triphobo.com/places/new-york-city-united-states/central-park-zoo
[2025-04-18T04:08:01.671+0000] {attractions_dag.py:195} INFO - Scraping place 10/15: https://www.triphobo.com/places/new-york-city-united-states/lexington-avenue
[2025-04-18T04:08:05.315+0000] {attractions_dag.py:195} INFO - Scraping place 11/15: https://www.triphobo.com/places/new-york-city-united-states/new-york-botanical-garden
[2025-04-18T04:08:08.966+0000] {attractions_dag.py:195} INFO - Scraping place 12/15: https://www.triphobo.com/places/new-york-city-united-states/brooklyn-botanical-garden
[2025-04-18T04:08:12.615+0000] {attractions_dag.py:195} INFO - Scraping place 13/15: https://www.triphobo.com/place/adda/51c828b2e705454c13000000
[2025-04-18T04:08:18.486+0000] {attractions_dag.py:195} INFO - Scraping place 14/15: https://www.triphobo.com/places/new-york-city-united-states/brooklyn-industries
[2025-04-18T04:08:22.204+0000] {attractions_dag.py:195} INFO - Scraping place 15/15: https://www.triphobo.com/places/new-york-city-united-states/bloomingdale-s
[2025-04-18T04:08:26.037+0000] {attractions_dag.py:183} INFO - Scraping page 4: https://www.triphobo.com/places/new-york-city-united-states/things-to-do?page=4
[2025-04-18T04:08:33.118+0000] {attractions_dag.py:186} INFO - Found 15 attraction links
[2025-04-18T04:08:33.119+0000] {attractions_dag.py:195} INFO - Scraping place 1/15: https://www.triphobo.com/places/new-york-city-united-states/one-world-trade-center
[2025-04-18T04:08:36.747+0000] {attractions_dag.py:195} INFO - Scraping place 2/15: https://www.triphobo.com/places/new-york-city-united-states/carnegie-hall
[2025-04-18T04:08:40.486+0000] {attractions_dag.py:195} INFO - Scraping place 3/15: https://www.triphobo.com/places/new-york-city-united-states/ground-zero
[2025-04-18T04:08:44.415+0000] {attractions_dag.py:195} INFO - Scraping place 4/15: https://www.triphobo.com/places/new-york-city-united-states/narcissa
[2025-04-18T04:08:48.172+0000] {attractions_dag.py:195} INFO - Scraping place 5/15: https://www.triphobo.com/places/new-york-city-united-states/minton-s
[2025-04-18T04:08:52.145+0000] {attractions_dag.py:195} INFO - Scraping place 6/15: https://www.triphobo.com/places/new-york-city-united-states/museum-of-the-moving-image
[2025-04-18T04:08:55.802+0000] {attractions_dag.py:195} INFO - Scraping place 7/15: https://www.triphobo.com/places/new-york-city-united-states/south-street-seaport
[2025-04-18T04:08:59.512+0000] {attractions_dag.py:195} INFO - Scraping place 8/15: https://www.triphobo.com/places/new-york-city-united-states/french-roast
[2025-04-18T04:09:03.192+0000] {attractions_dag.py:195} INFO - Scraping place 9/15: https://www.triphobo.com/places/new-york-city-united-states/little-owl
[2025-04-18T04:09:06.896+0000] {attractions_dag.py:195} INFO - Scraping place 10/15: https://www.triphobo.com/places/new-york-city-united-states/wall-street-new-york
[2025-04-18T04:09:10.579+0000] {attractions_dag.py:195} INFO - Scraping place 11/15: https://www.triphobo.com/places/new-york-city-united-states/century-21
[2025-04-18T04:09:14.237+0000] {attractions_dag.py:195} INFO - Scraping place 12/15: https://www.triphobo.com/places/new-york-city-united-states/new-york-harbor
[2025-04-18T04:09:18.010+0000] {attractions_dag.py:195} INFO - Scraping place 13/15: https://www.triphobo.com/places/new-york-city-united-states/flushing-meadows-corona-park
[2025-04-18T04:09:21.725+0000] {attractions_dag.py:195} INFO - Scraping place 14/15: https://www.triphobo.com/places/new-york-city-united-states/governor-s-island
[2025-04-18T04:09:25.436+0000] {attractions_dag.py:195} INFO - Scraping place 15/15: https://www.triphobo.com/places/new-york-city-united-states/apollo-theater
[2025-04-18T04:09:29.244+0000] {attractions_dag.py:183} INFO - Scraping page 5: https://www.triphobo.com/places/new-york-city-united-states/things-to-do?page=5
[2025-04-18T04:09:35.173+0000] {attractions_dag.py:186} INFO - Found 15 attraction links
[2025-04-18T04:09:35.174+0000] {attractions_dag.py:195} INFO - Scraping place 1/15: https://www.triphobo.com/places/new-york-city-united-states/big-gay-ice-cream
[2025-04-18T04:09:38.895+0000] {attractions_dag.py:195} INFO - Scraping place 2/15: https://www.triphobo.com/places/new-york-city-united-states/luna-park-coney-island
[2025-04-18T04:09:42.584+0000] {attractions_dag.py:195} INFO - Scraping place 3/15: https://www.triphobo.com/places/new-york-city-united-states/brooklyn-bridge-park
[2025-04-18T04:09:46.482+0000] {attractions_dag.py:195} INFO - Scraping place 4/15: https://www.triphobo.com/places/new-york-city-united-states/plaza-hotel
[2025-04-18T04:09:50.259+0000] {attractions_dag.py:195} INFO - Scraping place 5/15: https://www.triphobo.com/places/new-york-city-united-states/chelsea-market
[2025-04-18T04:09:54.195+0000] {attractions_dag.py:195} INFO - Scraping place 6/15: https://www.triphobo.com/places/new-york-city-united-states/the-strip-house-12th-street
[2025-04-18T04:09:57.862+0000] {attractions_dag.py:195} INFO - Scraping place 7/15: https://www.triphobo.com/places/new-york-city-united-states/germania-bank-building
[2025-04-18T04:10:01.608+0000] {attractions_dag.py:195} INFO - Scraping place 8/15: https://www.triphobo.com/places/new-york-city-united-states/graffiti-hall-of-fame
[2025-04-18T04:10:05.347+0000] {attractions_dag.py:195} INFO - Scraping place 9/15: https://www.triphobo.com/places/new-york-city-united-states/flatiron-building
[2025-04-18T04:10:09.012+0000] {attractions_dag.py:195} INFO - Scraping place 10/15: https://www.triphobo.com/places/new-york-city-united-states/hayden-planetarium
[2025-04-18T04:10:12.895+0000] {attractions_dag.py:195} INFO - Scraping place 11/15: https://www.triphobo.com/places/new-york-city-united-states/cafe-mogador
[2025-04-18T04:10:16.577+0000] {attractions_dag.py:195} INFO - Scraping place 12/15: https://www.triphobo.com/places/new-york-city-united-states/broadway-street
[2025-04-18T04:10:20.283+0000] {attractions_dag.py:195} INFO - Scraping place 13/15: https://www.triphobo.com/places/new-york-city-united-states/eataly
[2025-04-18T04:10:24.015+0000] {attractions_dag.py:195} INFO - Scraping place 14/15: https://www.triphobo.com/places/new-york-city-united-states/hunts-point
[2025-04-18T04:10:27.754+0000] {attractions_dag.py:195} INFO - Scraping place 15/15: https://www.triphobo.com/places/new-york-city-united-states/circle-line-cruise
[2025-04-18T04:10:31.407+0000] {attractions_dag.py:183} INFO - Scraping page 6: https://www.triphobo.com/places/new-york-city-united-states/things-to-do?page=6
[2025-04-18T04:10:37.000+0000] {attractions_dag.py:186} INFO - Found 15 attraction links
[2025-04-18T04:10:37.001+0000] {attractions_dag.py:195} INFO - Scraping place 1/15: https://www.triphobo.com/places/new-york-city-united-states/fifth-avenue
[2025-04-18T04:10:40.962+0000] {attractions_dag.py:195} INFO - Scraping place 2/15: https://www.triphobo.com/places/new-york-city-united-states/marea
[2025-04-18T04:10:44.699+0000] {attractions_dag.py:195} INFO - Scraping place 3/15: https://www.triphobo.com/places/new-york-city-united-states/museum-of-jewish-heritage
[2025-04-18T04:10:48.410+0000] {attractions_dag.py:195} INFO - Scraping place 4/15: https://www.triphobo.com/places/new-york-city-united-states/church-of-st-paul-the-apostle
[2025-04-18T04:10:52.121+0000] {attractions_dag.py:195} INFO - Scraping place 5/15: https://www.triphobo.com/places/new-york-city-united-states/st-vincent-ferrer
[2025-04-18T04:10:55.968+0000] {attractions_dag.py:195} INFO - Scraping place 6/15: https://www.triphobo.com/places/new-york-city-united-states/st-francis-xavier
[2025-04-18T04:10:59.707+0000] {attractions_dag.py:195} INFO - Scraping place 7/15: https://www.triphobo.com/places/new-york-city-united-states/calvary-episcopal-church
[2025-04-18T04:11:03.369+0000] {attractions_dag.py:195} INFO - Scraping place 8/15: https://www.triphobo.com/places/new-york-city-united-states/macy-s-herald-square
[2025-04-18T04:11:07.117+0000] {attractions_dag.py:195} INFO - Scraping place 9/15: https://www.triphobo.com/places/new-york-city-united-states/brooklyn-flea
[2025-04-18T04:11:10.805+0000] {attractions_dag.py:195} INFO - Scraping place 10/15: https://www.triphobo.com/places/new-york-city-united-states/neue-gallery
[2025-04-18T04:11:14.562+0000] {attractions_dag.py:195} INFO - Scraping place 11/15: https://www.triphobo.com/places/new-york-city-united-states/bldg-92
[2025-04-18T04:11:18.243+0000] {attractions_dag.py:195} INFO - Scraping place 12/15: https://www.triphobo.com/places/new-york-city-united-states/centre-fuge-public-art-project
[2025-04-18T04:11:21.965+0000] {attractions_dag.py:195} INFO - Scraping place 13/15: https://www.triphobo.com/places/new-york-city-united-states/the-lion
[2025-04-18T04:11:25.761+0000] {attractions_dag.py:195} INFO - Scraping place 14/15: https://www.triphobo.com/places/new-york-city-united-states/bowery-graffiti-wall
[2025-04-18T04:11:29.476+0000] {attractions_dag.py:195} INFO - Scraping place 15/15: https://www.triphobo.com/places/new-york-city-united-states/bronx-hall-of-fame
[2025-04-18T04:11:33.165+0000] {attractions_dag.py:183} INFO - Scraping page 7: https://www.triphobo.com/places/new-york-city-united-states/things-to-do?page=7
[2025-04-18T04:11:37.832+0000] {attractions_dag.py:186} INFO - Found 15 attraction links
[2025-04-18T04:11:37.832+0000] {attractions_dag.py:195} INFO - Scraping place 1/15: https://www.triphobo.com/places/new-york-city-united-states/general-grant-national-memorial
[2025-04-18T04:11:41.556+0000] {attractions_dag.py:195} INFO - Scraping place 2/15: https://www.triphobo.com/places/new-york-city-united-states/union-square
[2025-04-18T04:11:45.434+0000] {attractions_dag.py:195} INFO - Scraping place 3/15: https://www.triphobo.com/places/new-york-city-united-states/brandy-library
[2025-04-18T04:11:49.115+0000] {attractions_dag.py:195} INFO - Scraping place 4/15: https://www.triphobo.com/places/new-york-city-united-states/casa-lever
[2025-04-18T04:11:52.868+0000] {attractions_dag.py:195} INFO - Scraping place 5/15: https://www.triphobo.com/places/new-york-city-united-states/hudson-river-greenway
[2025-04-18T04:11:56.977+0000] {attractions_dag.py:195} INFO - Scraping place 6/15: https://www.triphobo.com/places/new-york-united-states/museum-of-the-city-of-new-york
[2025-04-18T04:12:00.616+0000] {attractions_dag.py:195} INFO - Scraping place 7/15: https://www.triphobo.com/places/new-york-city-united-states/union-square-greenmarket
[2025-04-18T04:12:04.339+0000] {attractions_dag.py:195} INFO - Scraping place 8/15: https://www.triphobo.com/places/new-york-city-united-states/museum-of-arts-and-design-store
[2025-04-18T04:12:08.388+0000] {attractions_dag.py:195} INFO - Scraping place 9/15: https://www.triphobo.com/places/new-york-city-united-states/welling-court
[2025-04-18T04:12:12.177+0000] {attractions_dag.py:195} INFO - Scraping place 10/15: https://www.triphobo.com/places/new-york-city-united-states/stillwell-avenue
[2025-04-18T04:12:16.815+0000] {attractions_dag.py:195} INFO - Scraping place 11/15: https://www.triphobo.com/places/new-york-city-united-states/woolworth-building-tour
[2025-04-18T04:12:20.520+0000] {attractions_dag.py:195} INFO - Scraping place 12/15: https://www.triphobo.com/places/new-york-city-united-states/tuff-city
[2025-04-18T04:12:24.240+0000] {attractions_dag.py:195} INFO - Scraping place 13/15: https://www.triphobo.com/places/new-york-city-united-states/north-6th-street
[2025-04-18T04:12:27.912+0000] {attractions_dag.py:195} INFO - Scraping place 14/15: https://www.triphobo.com/places/new-york-city-united-states/cafe-wha
[2025-04-18T04:12:31.580+0000] {attractions_dag.py:195} INFO - Scraping place 15/15: https://www.triphobo.com/places/new-york-city-united-states/majestic-theatre
[2025-04-18T04:12:35.314+0000] {attractions_dag.py:183} INFO - Scraping page 8: https://www.triphobo.com/places/new-york-city-united-states/things-to-do?page=8
[2025-04-18T04:12:39.922+0000] {attractions_dag.py:186} INFO - Found 15 attraction links
[2025-04-18T04:12:39.924+0000] {attractions_dag.py:195} INFO - Scraping place 1/15: https://www.triphobo.com/places/new-york-city-united-states/greenwich-village
[2025-04-18T04:12:43.621+0000] {attractions_dag.py:195} INFO - Scraping place 2/15: https://www.triphobo.com/places/new-york-city-united-states/ghostbusters-fire-station
[2025-04-18T04:12:47.328+0000] {attractions_dag.py:195} INFO - Scraping place 3/15: https://www.triphobo.com/places/new-york-city-united-states/west-village
[2025-04-18T04:12:50.985+0000] {attractions_dag.py:195} INFO - Scraping place 4/15: https://www.triphobo.com/places/new-york-city-united-states/bethesda-terrace-and-fountain
[2025-04-18T04:12:54.683+0000] {attractions_dag.py:195} INFO - Scraping place 5/15: https://www.triphobo.com/places/new-york-city-united-states/madame-tussauds-wax-museum
[2025-04-18T04:12:58.337+0000] {attractions_dag.py:195} INFO - Scraping place 6/15: https://www.triphobo.com/places/new-york-city-united-states/washington-square-park
[2025-04-18T04:13:02.027+0000] {attractions_dag.py:195} INFO - Scraping place 7/15: https://www.triphobo.com/places/new-york-city-united-states/broadway-theater
[2025-04-18T04:13:05.731+0000] {attractions_dag.py:195} INFO - Scraping place 8/15: https://www.triphobo.com/places/new-york-city-united-states/riverside-park
[2025-04-18T04:13:09.625+0000] {attractions_dag.py:195} INFO - Scraping place 9/15: https://www.triphobo.com/places/new-york-city-united-states/the-octagon-roosevelt-island
[2025-04-18T04:13:13.388+0000] {attractions_dag.py:195} INFO - Scraping place 10/15: https://www.triphobo.com/places/new-york-city-united-states/long-beach
[2025-04-18T04:13:17.123+0000] {attractions_dag.py:195} INFO - Scraping place 11/15: https://www.triphobo.com/places/new-york-city-united-states/42nd-east-street
[2025-04-18T04:13:20.850+0000] {attractions_dag.py:195} INFO - Scraping place 12/15: https://www.triphobo.com/places/new-york-city-united-states/conservatory-garden
[2025-04-18T04:13:24.629+0000] {attractions_dag.py:195} INFO - Scraping place 13/15: https://www.triphobo.com/places/new-york-city-united-states/trinity-church
[2025-04-18T04:13:28.290+0000] {attractions_dag.py:195} INFO - Scraping place 14/15: https://www.triphobo.com/places/new-york-city-united-states/studio-54
[2025-04-18T04:13:32.341+0000] {attractions_dag.py:195} INFO - Scraping place 15/15: https://www.triphobo.com/places/new-york-city-united-states/barrymore-theatre
[2025-04-18T04:13:36.041+0000] {attractions_dag.py:183} INFO - Scraping page 9: https://www.triphobo.com/places/new-york-city-united-states/things-to-do?page=9
[2025-04-18T04:13:41.345+0000] {attractions_dag.py:186} INFO - Found 15 attraction links
[2025-04-18T04:13:41.345+0000] {attractions_dag.py:195} INFO - Scraping place 1/15: https://www.triphobo.com/places/new-york-city-united-states/st-thomas-church
[2025-04-18T04:13:45.022+0000] {attractions_dag.py:195} INFO - Scraping place 2/15: https://www.triphobo.com/places/new-york-city-united-states/alice-in-wonderland-statue
[2025-04-18T04:13:48.730+0000] {attractions_dag.py:195} INFO - Scraping place 3/15: https://www.triphobo.com/places/new-york-city-united-states/upper-east-side
[2025-04-18T04:13:52.444+0000] {attractions_dag.py:195} INFO - Scraping place 4/15: https://www.triphobo.com/places/new-york-city-united-states/new-world-stages
[2025-04-18T04:13:56.074+0000] {attractions_dag.py:195} INFO - Scraping place 5/15: https://www.triphobo.com/places/new-york-city-united-states/federal-hall
[2025-04-18T04:13:59.755+0000] {attractions_dag.py:195} INFO - Scraping place 6/15: https://www.triphobo.com/places/new-york-city-united-states/queensboro-bridge
[2025-04-18T04:14:03.488+0000] {attractions_dag.py:195} INFO - Scraping place 7/15: https://www.triphobo.com/places/new-york-city-united-states/new-york-film-academy
[2025-04-18T04:14:07.635+0000] {attractions_dag.py:195} INFO - Scraping place 8/15: https://www.triphobo.com/places/new-york-city-united-states/herald-square
[2025-04-18T04:14:11.360+0000] {attractions_dag.py:195} INFO - Scraping place 9/15: https://www.triphobo.com/places/new-york-city-united-states/pennsylvania-station
[2025-04-18T04:14:15.117+0000] {attractions_dag.py:195} INFO - Scraping place 10/15: https://www.triphobo.com/places/new-york-city-united-states/new-york-university
[2025-04-18T04:14:19.138+0000] {attractions_dag.py:195} INFO - Scraping place 11/15: https://www.triphobo.com/places/new-york-city-united-states/eleven-madison-park
[2025-04-18T04:14:22.839+0000] {attractions_dag.py:195} INFO - Scraping place 12/15: https://www.triphobo.com/places/new-york-city-united-states/momofuku-ko
[2025-04-18T04:14:26.569+0000] {attractions_dag.py:195} INFO - Scraping place 13/15: https://www.triphobo.com/places/new-york-city-united-states/aldea
[2025-04-18T04:14:30.444+0000] {attractions_dag.py:195} INFO - Scraping place 14/15: https://www.triphobo.com/places/new-york-city-united-states/brick-lane-curry-house
[2025-04-18T04:14:34.282+0000] {attractions_dag.py:195} INFO - Scraping place 15/15: https://www.triphobo.com/places/new-york-city-united-states/queen-s-zoo
[2025-04-18T04:14:38.004+0000] {attractions_dag.py:183} INFO - Scraping page 10: https://www.triphobo.com/places/new-york-city-united-states/things-to-do?page=10
[2025-04-18T04:14:43.942+0000] {attractions_dag.py:186} INFO - Found 13 attraction links
[2025-04-18T04:14:43.947+0000] {attractions_dag.py:195} INFO - Scraping place 1/13: https://www.triphobo.com/places/new-york-city-united-states/great-new-york-noodle-town
[2025-04-18T04:14:47.838+0000] {attractions_dag.py:195} INFO - Scraping place 2/13: https://www.triphobo.com/places/new-york-city-united-states/junoon
[2025-04-18T04:14:51.473+0000] {attractions_dag.py:195} INFO - Scraping place 3/13: https://www.triphobo.com/places/new-york-city-united-states/greenhouse-36
[2025-04-18T04:14:55.121+0000] {attractions_dag.py:195} INFO - Scraping place 4/13: https://www.triphobo.com/places/new-york-city-united-states/the-press-lounge
[2025-04-18T04:14:58.790+0000] {attractions_dag.py:195} INFO - Scraping place 5/13: https://www.triphobo.com/places/new-york-city-united-states/penthouse-808
[2025-04-18T04:15:02.435+0000] {attractions_dag.py:195} INFO - Scraping place 6/13: https://www.triphobo.com/places/new-york-city-united-states/the-slipper-room
[2025-04-18T04:15:06.182+0000] {attractions_dag.py:195} INFO - Scraping place 7/13: https://www.triphobo.com/places/new-york-city-united-states/northern-theatre
[2025-04-18T04:15:10.070+0000] {attractions_dag.py:195} INFO - Scraping place 8/13: https://www.triphobo.com/places/new-york-city-united-states/alma
[2025-04-18T04:15:13.752+0000] {attractions_dag.py:195} INFO - Scraping place 9/13: https://www.triphobo.com/places/new-york-city-united-states/new-york-aquarium
[2025-04-18T04:15:17.410+0000] {attractions_dag.py:195} INFO - Scraping place 10/13: https://www.triphobo.com/places/new-york-city-united-states/the-box
[2025-04-18T04:15:21.115+0000] {attractions_dag.py:195} INFO - Scraping place 11/13: https://www.triphobo.com/places/new-york-city-united-states/lit-lounge
[2025-04-18T04:15:24.777+0000] {attractions_dag.py:195} INFO - Scraping place 12/13: https://www.triphobo.com/places/new-york-city-united-states/white-horse-tavern
[2025-04-18T04:15:28.696+0000] {attractions_dag.py:195} INFO - Scraping place 13/13: https://www.triphobo.com/places/new-york-city-united-states/kettle-of-fish
[2025-04-18T04:15:32.384+0000] {attractions_dag.py:209} INFO - Scraped 148 new attractions for New York City United States
[2025-04-18T04:15:32.385+0000] {attractions_dag.py:179} INFO - Scraping city: San Francisco United States
[2025-04-18T04:15:32.385+0000] {attractions_dag.py:183} INFO - Scraping page 1: https://www.triphobo.com/places/san-francisco-united-states/things-to-do?page=1
[2025-04-18T04:15:37.591+0000] {attractions_dag.py:186} INFO - Found 15 attraction links
[2025-04-18T04:15:37.593+0000] {attractions_dag.py:195} INFO - Scraping place 1/15: https://www.triphobo.com/places/san-francisco-united-states/muir-woods-national-monument
[2025-04-18T04:15:41.262+0000] {attractions_dag.py:195} INFO - Scraping place 2/15: https://www.triphobo.com/places/san-francisco-united-states/alcatraz-island
[2025-04-18T04:15:45.029+0000] {attractions_dag.py:195} INFO - Scraping place 3/15: https://www.triphobo.com/places/san-francisco-united-states/pier-39
[2025-04-18T04:15:48.853+0000] {attractions_dag.py:195} INFO - Scraping place 4/15: https://www.triphobo.com/places/san-francisco-united-states/california-academy-of-sciences
[2025-04-18T04:15:52.603+0000] {attractions_dag.py:195} INFO - Scraping place 5/15: https://www.triphobo.com/places/san-francisco-united-states/marin-headlands
[2025-04-18T04:15:56.275+0000] {attractions_dag.py:195} INFO - Scraping place 6/15: https://www.triphobo.com/places/san-francisco-united-states/fishermans-wharf
[2025-04-18T04:15:59.913+0000] {attractions_dag.py:195} INFO - Scraping place 7/15: https://www.triphobo.com/places/san-francisco-united-states/ghirardelli-square
[2025-04-18T04:16:03.578+0000] {attractions_dag.py:195} INFO - Scraping place 8/15: https://www.triphobo.com/places/san-francisco-united-states/at-and-t-park
[2025-04-18T04:16:07.217+0000] {attractions_dag.py:195} INFO - Scraping place 9/15: https://www.triphobo.com/places/san-francisco-united-states/north-beach
[2025-04-18T04:16:10.911+0000] {attractions_dag.py:195} INFO - Scraping place 10/15: https://www.triphobo.com/places/san-francisco-united-states/lands-end
[2025-04-18T04:16:14.581+0000] {attractions_dag.py:195} INFO - Scraping place 11/15: https://www.triphobo.com/places/san-francisco-united-states/the-walt-disney-family-museum
[2025-04-18T04:16:18.271+0000] {attractions_dag.py:195} INFO - Scraping place 12/15: https://www.triphobo.com/places/san-francisco-united-states/san-francisco-cable-car-museum
[2025-04-18T04:16:21.924+0000] {attractions_dag.py:195} INFO - Scraping place 13/15: https://www.triphobo.com/places/san-francisco-united-states/asian-art-museum-of-san-francisco
[2025-04-18T04:16:25.870+0000] {attractions_dag.py:195} INFO - Scraping place 14/15: https://www.triphobo.com/places/san-francisco-united-states/musee-mecanique
[2025-04-18T04:16:29.527+0000] {attractions_dag.py:195} INFO - Scraping place 15/15: https://www.triphobo.com/places/san-francisco-united-states/cliff-house
[2025-04-18T04:16:33.196+0000] {attractions_dag.py:183} INFO - Scraping page 2: https://www.triphobo.com/places/san-francisco-united-states/things-to-do?page=2
[2025-04-18T04:16:37.724+0000] {attractions_dag.py:186} INFO - Found 15 attraction links
[2025-04-18T04:16:37.725+0000] {attractions_dag.py:195} INFO - Scraping place 1/15: https://www.triphobo.com/places/san-francisco-united-states/washington-square
[2025-04-18T04:16:41.387+0000] {attractions_dag.py:195} INFO - Scraping place 2/15: https://www.triphobo.com/places/san-francisco-united-states/coit-tower
[2025-04-18T04:16:45.112+0000] {attractions_dag.py:195} INFO - Scraping place 3/15: https://www.triphobo.com/places/san-francisco-united-states/fort-point-national-historic-site
[2025-04-18T04:16:48.757+0000] {attractions_dag.py:195} INFO - Scraping place 4/15: https://www.triphobo.com/places/san-francisco-united-states/grace-cathedral
[2025-04-18T04:16:52.459+0000] {attractions_dag.py:195} INFO - Scraping place 5/15: https://www.triphobo.com/places/san-francisco-united-states/bay-bridge
[2025-04-18T04:16:56.197+0000] {attractions_dag.py:195} INFO - Scraping place 6/15: https://www.triphobo.com/places/san-francisco-united-states/exploratorium
[2025-04-18T04:17:00.138+0000] {attractions_dag.py:195} INFO - Scraping place 7/15: https://www.triphobo.com/places/san-francisco-united-states/san-francisco-maritime-national-historical-park
[2025-04-18T04:17:04.009+0000] {attractions_dag.py:195} INFO - Scraping place 8/15: https://www.triphobo.com/places/san-francisco-united-states/city-hall
[2025-04-18T04:17:07.659+0000] {attractions_dag.py:195} INFO - Scraping place 9/15: https://www.triphobo.com/places/san-francisco-united-states/de-young-museum
[2025-04-18T04:17:11.298+0000] {attractions_dag.py:195} INFO - Scraping place 10/15: https://www.triphobo.com/places/san-francisco-united-states/embarcadero-center
[2025-04-18T04:17:14.989+0000] {attractions_dag.py:195} INFO - Scraping place 11/15: https://www.triphobo.com/places/san-francisco-united-states/transamerica-pyramid
[2025-04-18T04:17:18.650+0000] {attractions_dag.py:195} INFO - Scraping place 12/15: https://www.triphobo.com/places/san-francisco-united-states/japanese-tea-garden
[2025-04-18T04:17:22.310+0000] {attractions_dag.py:195} INFO - Scraping place 13/15: https://www.triphobo.com/places/san-francisco-united-states/ocean-beach
[2025-04-18T04:17:25.955+0000] {attractions_dag.py:195} INFO - Scraping place 14/15: https://www.triphobo.com/places/san-francisco-united-states/palace-of-fine-arts
[2025-04-18T04:17:29.834+0000] {attractions_dag.py:195} INFO - Scraping place 15/15: https://www.triphobo.com/places/san-francisco-united-states/haight-ashbury
[2025-04-18T04:17:33.659+0000] {attractions_dag.py:183} INFO - Scraping page 3: https://www.triphobo.com/places/san-francisco-united-states/things-to-do?page=3
[2025-04-18T04:17:38.216+0000] {attractions_dag.py:186} INFO - Found 13 attraction links
[2025-04-18T04:17:38.216+0000] {attractions_dag.py:195} INFO - Scraping place 1/13: https://www.triphobo.com/places/san-francisco-united-states/sutro-baths-ruins
[2025-04-18T04:17:41.917+0000] {attractions_dag.py:195} INFO - Scraping place 2/13: https://www.triphobo.com/places/san-francisco-united-states/ripley-s-believe-it-or-not
[2025-04-18T04:17:45.646+0000] {attractions_dag.py:195} INFO - Scraping place 3/13: https://www.triphobo.com/places/san-francisco-united-states/aquarium-of-the-bay
[2025-04-18T04:17:49.291+0000] {attractions_dag.py:195} INFO - Scraping place 4/13: https://www.triphobo.com/places/san-francisco-united-states/alamo-square
[2025-04-18T04:17:52.999+0000] {attractions_dag.py:195} INFO - Scraping place 5/13: https://www.triphobo.com/places/san-francisco-united-states/union-square
[2025-04-18T04:17:56.735+0000] {attractions_dag.py:195} INFO - Scraping place 6/13: https://www.triphobo.com/places/san-francisco-united-states/hollywood-cafe
[2025-04-18T04:18:00.490+0000] {attractions_dag.py:195} INFO - Scraping place 7/13: https://www.triphobo.com/places/san-francisco-united-states/elbo-room
[2025-04-18T04:18:04.191+0000] {attractions_dag.py:195} INFO - Scraping place 8/13: https://www.triphobo.com/places/san-francisco-united-states/asiasf
[2025-04-18T04:18:07.887+0000] {attractions_dag.py:195} INFO - Scraping place 9/13: https://www.triphobo.com/places/san-francisco-united-states/butter
[2025-04-18T04:18:09.500+0000] {local_task_job_runner.py:346} WARNING - State of this instance has been externally set to None. Terminating instance.
[2025-04-18T04:18:09.503+0000] {local_task_job_runner.py:245} INFO - ::endgroup::
[2025-04-18T04:18:09.505+0000] {process_utils.py:132} INFO - Sending 15 to group 251. PIDs of all processes in the group: [253, 264, 266, 267, 284, 300, 282, 251]
[2025-04-18T04:18:09.505+0000] {process_utils.py:87} INFO - Sending the signal 15 to group 251
[2025-04-18T04:18:09.505+0000] {taskinstance.py:3093} ERROR - Received SIGTERM. Terminating subprocesses.
[2025-04-18T04:18:09.526+0000] {process_utils.py:80} INFO - Process psutil.Process(pid=267, status='terminated', started='04:05:13') (267) terminated with exit code None
[2025-04-18T04:18:09.550+0000] {process_utils.py:80} INFO - Process psutil.Process(pid=300, status='terminated', started='04:05:13') (300) terminated with exit code None
[2025-04-18T04:18:09.550+0000] {process_utils.py:80} INFO - Process psutil.Process(pid=284, status='terminated', started='04:05:13') (284) terminated with exit code None
[2025-04-18T04:18:09.554+0000] {process_utils.py:80} INFO - Process psutil.Process(pid=253, status='terminated', started='04:05:13') (253) terminated with exit code None
[2025-04-18T04:18:09.554+0000] {process_utils.py:80} INFO - Process psutil.Process(pid=282, status='terminated', started='04:05:13') (282) terminated with exit code None
[2025-04-18T04:18:09.554+0000] {process_utils.py:80} INFO - Process psutil.Process(pid=266, status='terminated', started='04:05:13') (266) terminated with exit code None
[2025-04-18T04:18:09.700+0000] {process_utils.py:80} INFO - Process psutil.Process(pid=264, status='terminated', started='04:05:13') (264) terminated with exit code None
[2025-04-18T04:19:09.543+0000] {process_utils.py:150} WARNING - process psutil.Process(pid=251, name='airflow task ru', status='sleeping', started='04:05:12') did not respond to SIGTERM. Trying SIGKILL
[2025-04-18T04:19:09.559+0000] {process_utils.py:87} INFO - Sending the signal 9 to group 251
[2025-04-18T04:19:09.580+0000] {process_utils.py:80} INFO - Process psutil.Process(pid=251, name='airflow task ru', status='terminated', exitcode=<Negsignal.SIGKILL: -9>, started='04:05:12') (251) terminated with exit code -9
[2025-04-18T04:19:09.580+0000] {standard_task_runner.py:190} ERROR - ('Job 24 was killed before it finished (likely due to running out of memory)', 'For more information, see https://***.apache.org/docs/apache-***/stable/troubleshooting.html#LocalTaskJob-killed')
