[2025-04-17T23:41:03.093+0000] {local_task_job_runner.py:123} INFO - ::group::Pre task execution logs
[2025-04-17T23:41:03.099+0000] {taskinstance.py:2613} INFO - Dependencies all met for dep_context=non-requeueable deps ti=<TaskInstance: s3_to_snowflake_attractions_pipeline.load_csv_to_snowflake manual__2025-04-17T23:41:01.621494+00:00 [queued]>
[2025-04-17T23:41:03.102+0000] {taskinstance.py:2613} INFO - Dependencies all met for dep_context=requeueable deps ti=<TaskInstance: s3_to_snowflake_attractions_pipeline.load_csv_to_snowflake manual__2025-04-17T23:41:01.621494+00:00 [queued]>
[2025-04-17T23:41:03.102+0000] {taskinstance.py:2866} INFO - Starting attempt 1 of 2
[2025-04-17T23:41:03.106+0000] {taskinstance.py:2889} INFO - Executing <Task(PythonOperator): load_csv_to_snowflake> on 2025-04-17 23:41:01.621494+00:00
[2025-04-17T23:41:03.110+0000] {warnings.py:112} WARNING - /home/***/.local/lib/python3.12/site-packages/***/task/task_runner/standard_task_runner.py:70: DeprecationWarning: This process (pid=3224) is multi-threaded, use of fork() may lead to deadlocks in the child.
  pid = os.fork()

[2025-04-17T23:41:03.112+0000] {standard_task_runner.py:72} INFO - Started process 3225 to run task
[2025-04-17T23:41:03.112+0000] {standard_task_runner.py:104} INFO - Running: ['***', 'tasks', 'run', 's3_to_snowflake_attractions_pipeline', 'load_csv_to_snowflake', 'manual__2025-04-17T23:41:01.621494+00:00', '--job-id', '435', '--raw', '--subdir', 'DAGS_FOLDER/snowflake_dag.py', '--cfg-path', '/tmp/tmpj11v0qhh']
[2025-04-17T23:41:03.118+0000] {standard_task_runner.py:105} INFO - Job 435: Subtask load_csv_to_snowflake
[2025-04-17T23:41:03.139+0000] {task_command.py:467} INFO - Running <TaskInstance: s3_to_snowflake_attractions_pipeline.load_csv_to_snowflake manual__2025-04-17T23:41:01.621494+00:00 [running]> on host 4d0efc92e922
[2025-04-17T23:41:03.169+0000] {taskinstance.py:3132} INFO - Exporting env vars: AIRFLOW_CTX_DAG_OWNER='***' AIRFLOW_CTX_DAG_ID='s3_to_snowflake_attractions_pipeline' AIRFLOW_CTX_TASK_ID='load_csv_to_snowflake' AIRFLOW_CTX_EXECUTION_DATE='2025-04-17T23:41:01.621494+00:00' AIRFLOW_CTX_TRY_NUMBER='1' AIRFLOW_CTX_DAG_RUN_ID='manual__2025-04-17T23:41:01.621494+00:00'
[2025-04-17T23:41:03.169+0000] {taskinstance.py:731} INFO - ::endgroup::
[2025-04-17T23:41:03.225+0000] {upload_to_snowflake.py:36} INFO - Downloading file from s3://bigdatafinal2025/clean/tours_with_coords.csv
[2025-04-17T23:41:04.422+0000] {upload_to_snowflake.py:44} INFO - CSV file from S3 contains 1074 rows and 20 columns
[2025-04-17T23:41:04.423+0000] {upload_to_snowflake.py:49} INFO - City distribution in CSV: {'New York City United States': 240, 'San Francisco United States': 240, 'Las Vegas United States': 239, 'Los Angeles United States': 174, 'Chicago United States': 105, 'Seattle United States': 76}
[2025-04-17T23:41:04.423+0000] {connection.py:414} INFO - Snowflake Connector for Python Version: 3.12.4, Python Version: 3.12.8, Platform: Linux-6.10.14-linuxkit-aarch64-with-glibc2.36
[2025-04-17T23:41:04.424+0000] {connection.py:1197} INFO - Connecting to GLOBAL Snowflake domain
[2025-04-17T23:41:04.424+0000] {connection.py:1278} INFO - This connection is in OCSP Fail Open Mode. TLS Certificates would be checked for validity and revocation status. Any other Certificate Revocation related exceptions or OCSP Responder failures would be disregarded in favor of connectivity.
[2025-04-17T23:41:04.909+0000] {upload_to_snowflake.py:59} INFO - Dropping table `TRIPHOBO_TOURS` if it exists...
[2025-04-17T23:41:05.084+0000] {cursor.py:1166} INFO - Number of results in first chunk: 1
[2025-04-17T23:41:05.084+0000] {upload_to_snowflake.py:62} INFO - Creating table `TRIPHOBO_TOURS`...
[2025-04-17T23:41:05.333+0000] {cursor.py:1166} INFO - Number of results in first chunk: 1
[2025-04-17T23:41:05.436+0000] {upload_to_snowflake.py:71} INFO - Full CSV file size: 7592742 bytes
[2025-04-17T23:41:05.436+0000] {upload_to_snowflake.py:75} INFO - Creating stage TRIPHOBO_TOURS_STAGE...
[2025-04-17T23:41:05.554+0000] {cursor.py:1166} INFO - Number of results in first chunk: 1
[2025-04-17T23:41:05.554+0000] {upload_to_snowflake.py:79} INFO - Putting file to stage...
[2025-04-17T23:41:07.035+0000] {upload_to_snowflake.py:82} INFO - PUT result: [('full_data.csv', 'full_data.csv.gz', 7592742, 2186432, 'NONE', 'GZIP', 'UPLOADED', '')]
[2025-04-17T23:41:07.180+0000] {cursor.py:1166} INFO - Number of results in first chunk: 1
[2025-04-17T23:41:07.181+0000] {upload_to_snowflake.py:87} INFO - Files in stage: [('triphobo_tours_stage/full_data.csv.gz', 2186432, 'a8d36928855268bfd35d449636c9d42f', 'Thu, 17 Apr 2025 23:41:07 GMT')]
[2025-04-17T23:41:07.182+0000] {upload_to_snowflake.py:90} INFO - Copying data into TRIPHOBO_TOURS...
[2025-04-17T23:41:08.372+0000] {cursor.py:1166} INFO - Number of results in first chunk: 1
[2025-04-17T23:41:08.373+0000] {upload_to_snowflake.py:102} INFO - COPY command result: [('triphobo_tours_stage/full_data.csv.gz', 'LOADED', 1074, 1074, 1074, 0, None, None, None, None)]
[2025-04-17T23:41:08.517+0000] {cursor.py:1166} INFO - Number of results in first chunk: 1
[2025-04-17T23:41:08.518+0000] {upload_to_snowflake.py:107} INFO - Total rows in Snowflake table: 1074
[2025-04-17T23:41:08.905+0000] {cursor.py:1166} INFO - Number of results in first chunk: 6
[2025-04-17T23:41:08.906+0000] {upload_to_snowflake.py:113} INFO - City distribution in Snowflake: [('Las Vegas United States', 239), ('Los Angeles United States', 174), ('Chicago United States', 105), ('San Francisco United States', 240), ('New York City United States', 240), ('Seattle United States', 76)]
[2025-04-17T23:41:08.909+0000] {connection.py:789} INFO - closed
[2025-04-17T23:41:08.951+0000] {connection.py:795} INFO - No async queries seem to be running, deleting session
[2025-04-17T23:41:09.007+0000] {upload_to_snowflake.py:120} INFO - Data successfully copied to Snowflake table: TRIPHOBO_TOURS
[2025-04-17T23:41:09.019+0000] {python.py:240} INFO - Done. Returned value was: None
[2025-04-17T23:41:09.028+0000] {taskinstance.py:340} INFO - ::group::Post task execution logs
[2025-04-17T23:41:09.029+0000] {taskinstance.py:352} INFO - Marking task as SUCCESS. dag_id=s3_to_snowflake_attractions_pipeline, task_id=load_csv_to_snowflake, run_id=manual__2025-04-17T23:41:01.621494+00:00, execution_date=20250417T234101, start_date=20250417T234103, end_date=20250417T234109
[2025-04-17T23:41:09.081+0000] {local_task_job_runner.py:266} INFO - Task exited with return code 0
[2025-04-17T23:41:09.091+0000] {taskinstance.py:3895} INFO - 0 downstream tasks scheduled from follow-on schedule check
[2025-04-17T23:41:09.092+0000] {local_task_job_runner.py:245} INFO - ::endgroup::
