[2025-04-12T05:37:40.864+0000] {local_task_job_runner.py:123} INFO - ::group::Pre task execution logs
[2025-04-12T05:37:40.873+0000] {taskinstance.py:2613} INFO - Dependencies all met for dep_context=non-requeueable deps ti=<TaskInstance: triphobo_etl_pipeline.clean_attractions manual__2025-04-12T05:27:28.527778+00:00 [queued]>
[2025-04-12T05:37:40.876+0000] {taskinstance.py:2613} INFO - Dependencies all met for dep_context=requeueable deps ti=<TaskInstance: triphobo_etl_pipeline.clean_attractions manual__2025-04-12T05:27:28.527778+00:00 [queued]>
[2025-04-12T05:37:40.876+0000] {taskinstance.py:2866} INFO - Starting attempt 1 of 1
[2025-04-12T05:37:40.881+0000] {taskinstance.py:2889} INFO - Executing <Task(PythonOperator): clean_attractions> on 2025-04-12 05:27:28.527778+00:00
[2025-04-12T05:37:40.884+0000] {warnings.py:112} WARNING - /home/***/.local/lib/python3.12/site-packages/***/task/task_runner/standard_task_runner.py:70: DeprecationWarning: This process (pid=421) is multi-threaded, use of fork() may lead to deadlocks in the child.
  pid = os.fork()

[2025-04-12T05:37:40.885+0000] {standard_task_runner.py:72} INFO - Started process 422 to run task
[2025-04-12T05:37:40.886+0000] {standard_task_runner.py:104} INFO - Running: ['***', 'tasks', 'run', 'triphobo_etl_pipeline', 'clean_attractions', 'manual__2025-04-12T05:27:28.527778+00:00', '--job-id', '122', '--raw', '--subdir', 'DAGS_FOLDER/trip_dag.py', '--cfg-path', '/tmp/tmpietikf5q']
[2025-04-12T05:37:40.887+0000] {standard_task_runner.py:105} INFO - Job 122: Subtask clean_attractions
[2025-04-12T05:37:40.910+0000] {task_command.py:467} INFO - Running <TaskInstance: triphobo_etl_pipeline.clean_attractions manual__2025-04-12T05:27:28.527778+00:00 [running]> on host 0032dfa832cd
[2025-04-12T05:37:40.943+0000] {taskinstance.py:3132} INFO - Exporting env vars: AIRFLOW_CTX_DAG_OWNER='***' AIRFLOW_CTX_DAG_ID='triphobo_etl_pipeline' AIRFLOW_CTX_TASK_ID='clean_attractions' AIRFLOW_CTX_EXECUTION_DATE='2025-04-12T05:27:28.527778+00:00' AIRFLOW_CTX_TRY_NUMBER='1' AIRFLOW_CTX_DAG_RUN_ID='manual__2025-04-12T05:27:28.527778+00:00'
[2025-04-12T05:37:40.944+0000] {taskinstance.py:731} INFO - ::endgroup::
[2025-04-12T05:37:40.955+0000] {clean.py:35} INFO - Reading attraction data from /tmp/triphobo_data/multi_city_attractions.csv
[2025-04-12T05:37:40.972+0000] {clean.py:51} INFO - Cleaned attraction data saved to /tmp/triphobo_data/cleaned_attractions.csv
[2025-04-12T05:37:40.972+0000] {python.py:240} INFO - Done. Returned value was: None
[2025-04-12T05:37:40.976+0000] {taskinstance.py:340} INFO - ::group::Post task execution logs
[2025-04-12T05:37:40.976+0000] {taskinstance.py:352} INFO - Marking task as SUCCESS. dag_id=triphobo_etl_pipeline, task_id=clean_attractions, run_id=manual__2025-04-12T05:27:28.527778+00:00, execution_date=20250412T052728, start_date=20250412T053740, end_date=20250412T053740
[2025-04-12T05:37:41.025+0000] {local_task_job_runner.py:266} INFO - Task exited with return code 0
[2025-04-12T05:37:41.035+0000] {taskinstance.py:3895} INFO - 1 downstream tasks scheduled from follow-on schedule check
[2025-04-12T05:37:41.036+0000] {local_task_job_runner.py:245} INFO - ::endgroup::
