[2025-04-13T22:37:15.279+0000] {local_task_job_runner.py:123} INFO - ::group::Pre task execution logs
[2025-04-13T22:37:15.285+0000] {taskinstance.py:2613} INFO - Dependencies all met for dep_context=non-requeueable deps ti=<TaskInstance: ihg_hotels_dag.scrape_hotels manual__2025-04-13T22:37:14.469272+00:00 [queued]>
[2025-04-13T22:37:15.288+0000] {taskinstance.py:2613} INFO - Dependencies all met for dep_context=requeueable deps ti=<TaskInstance: ihg_hotels_dag.scrape_hotels manual__2025-04-13T22:37:14.469272+00:00 [queued]>
[2025-04-13T22:37:15.288+0000] {taskinstance.py:2866} INFO - Starting attempt 1 of 2
[2025-04-13T22:37:15.293+0000] {taskinstance.py:2889} INFO - Executing <Task(PythonOperator): scrape_hotels> on 2025-04-13 22:37:14.469272+00:00
[2025-04-13T22:37:15.296+0000] {warnings.py:112} WARNING - /home/***/.local/lib/python3.12/site-packages/***/task/task_runner/standard_task_runner.py:70: DeprecationWarning: This process (pid=422) is multi-threaded, use of fork() may lead to deadlocks in the child.
  pid = os.fork()

[2025-04-13T22:37:15.297+0000] {standard_task_runner.py:72} INFO - Started process 423 to run task
[2025-04-13T22:37:15.297+0000] {standard_task_runner.py:104} INFO - Running: ['***', 'tasks', 'run', 'ihg_hotels_dag', 'scrape_hotels', 'manual__2025-04-13T22:37:14.469272+00:00', '--job-id', '210', '--raw', '--subdir', 'DAGS_FOLDER/hotel_scrape_dag.py', '--cfg-path', '/tmp/tmpjyifdoi4']
[2025-04-13T22:37:15.299+0000] {standard_task_runner.py:105} INFO - Job 210: Subtask scrape_hotels
[2025-04-13T22:37:15.317+0000] {task_command.py:467} INFO - Running <TaskInstance: ihg_hotels_dag.scrape_hotels manual__2025-04-13T22:37:14.469272+00:00 [running]> on host 599bf25ffed0
[2025-04-13T22:37:15.345+0000] {taskinstance.py:3132} INFO - Exporting env vars: AIRFLOW_CTX_DAG_OWNER='***' AIRFLOW_CTX_DAG_ID='ihg_hotels_dag' AIRFLOW_CTX_TASK_ID='scrape_hotels' AIRFLOW_CTX_EXECUTION_DATE='2025-04-13T22:37:14.469272+00:00' AIRFLOW_CTX_TRY_NUMBER='1' AIRFLOW_CTX_DAG_RUN_ID='manual__2025-04-13T22:37:14.469272+00:00'
[2025-04-13T22:37:15.346+0000] {taskinstance.py:731} INFO - ::endgroup::
[2025-04-13T22:37:15.583+0000] {hotel_scrape_dag.py:51} INFO - Starting to scrape New York
[2025-04-13T22:37:15.805+0000] {hotel_scrape_dag.py:53} INFO - Page loaded for New York
[2025-04-13T22:38:15.793+0000] {hotel_scrape_dag.py:131} ERROR - Failed New York: Page.wait_for_selector: Timeout 60000ms exceeded.
Call log:
  - waiting for locator(".hotel-card") to be visible

[2025-04-13T22:38:15.795+0000] {hotel_scrape_dag.py:178} INFO - Scraped 0 hotels for New York
[2025-04-13T22:38:21.446+0000] {hotel_scrape_dag.py:51} INFO - Starting to scrape San Francisco
[2025-04-13T22:38:21.601+0000] {hotel_scrape_dag.py:53} INFO - Page loaded for San Francisco
[2025-04-13T22:39:21.607+0000] {hotel_scrape_dag.py:131} ERROR - Failed San Francisco: Page.wait_for_selector: Timeout 60000ms exceeded.
Call log:
  - waiting for locator(".hotel-card") to be visible

[2025-04-13T22:39:21.608+0000] {hotel_scrape_dag.py:178} INFO - Scraped 0 hotels for San Francisco
[2025-04-13T22:39:25.540+0000] {hotel_scrape_dag.py:51} INFO - Starting to scrape Chicago
[2025-04-13T22:39:25.702+0000] {hotel_scrape_dag.py:53} INFO - Page loaded for Chicago
[2025-04-13T22:40:25.709+0000] {hotel_scrape_dag.py:131} ERROR - Failed Chicago: Page.wait_for_selector: Timeout 60000ms exceeded.
Call log:
  - waiting for locator(".hotel-card") to be visible

[2025-04-13T22:40:25.712+0000] {hotel_scrape_dag.py:178} INFO - Scraped 0 hotels for Chicago
[2025-04-13T22:40:30.527+0000] {hotel_scrape_dag.py:51} INFO - Starting to scrape Seattle
[2025-04-13T22:40:30.599+0000] {hotel_scrape_dag.py:53} INFO - Page loaded for Seattle
[2025-04-13T22:41:30.610+0000] {hotel_scrape_dag.py:131} ERROR - Failed Seattle: Page.wait_for_selector: Timeout 60000ms exceeded.
Call log:
  - waiting for locator(".hotel-card") to be visible

[2025-04-13T22:41:30.613+0000] {hotel_scrape_dag.py:178} INFO - Scraped 0 hotels for Seattle
[2025-04-13T22:41:34.053+0000] {hotel_scrape_dag.py:51} INFO - Starting to scrape Las Vegas
[2025-04-13T22:41:34.133+0000] {hotel_scrape_dag.py:53} INFO - Page loaded for Las Vegas
[2025-04-13T22:42:34.140+0000] {hotel_scrape_dag.py:131} ERROR - Failed Las Vegas: Page.wait_for_selector: Timeout 60000ms exceeded.
Call log:
  - waiting for locator(".hotel-card") to be visible

[2025-04-13T22:42:34.143+0000] {hotel_scrape_dag.py:178} INFO - Scraped 0 hotels for Las Vegas
[2025-04-13T22:42:37.531+0000] {hotel_scrape_dag.py:51} INFO - Starting to scrape Los Angeles
[2025-04-13T22:42:37.634+0000] {hotel_scrape_dag.py:53} INFO - Page loaded for Los Angeles
[2025-04-13T22:43:12.985+0000] {local_task_job_runner.py:346} WARNING - State of this instance has been externally set to None. Terminating instance.
[2025-04-13T22:43:12.988+0000] {local_task_job_runner.py:245} INFO - ::endgroup::
[2025-04-13T22:43:12.990+0000] {process_utils.py:132} INFO - Sending 15 to group 423. PIDs of all processes in the group: [425, 436, 438, 439, 455, 484, 454, 423]
[2025-04-13T22:43:12.990+0000] {process_utils.py:87} INFO - Sending the signal 15 to group 423
[2025-04-13T22:43:12.992+0000] {taskinstance.py:3093} ERROR - Received SIGTERM. Terminating subprocesses.
[2025-04-13T22:43:13.010+0000] {process_utils.py:80} INFO - Process psutil.Process(pid=454, status='terminated', started='22:37:14') (454) terminated with exit code None
[2025-04-13T22:43:13.010+0000] {process_utils.py:80} INFO - Process psutil.Process(pid=438, status='terminated', started='22:37:14') (438) terminated with exit code None
[2025-04-13T22:43:13.011+0000] {process_utils.py:80} INFO - Process psutil.Process(pid=455, status='terminated', started='22:37:14') (455) terminated with exit code None
[2025-04-13T22:43:13.011+0000] {process_utils.py:80} INFO - Process psutil.Process(pid=439, status='terminated', started='22:37:14') (439) terminated with exit code None
[2025-04-13T22:43:13.157+0000] {process_utils.py:80} INFO - Process psutil.Process(pid=484, status='terminated', started='22:37:14') (484) terminated with exit code None
[2025-04-13T22:43:13.159+0000] {process_utils.py:80} INFO - Process psutil.Process(pid=425, status='terminated', started='22:37:14') (425) terminated with exit code None
[2025-04-13T22:43:13.159+0000] {process_utils.py:80} INFO - Process psutil.Process(pid=436, status='terminated', started='22:37:14') (436) terminated with exit code None
[2025-04-13T22:44:13.028+0000] {process_utils.py:150} WARNING - process psutil.Process(pid=423, name='airflow task ru', status='sleeping', started='22:37:14') did not respond to SIGTERM. Trying SIGKILL
[2025-04-13T22:44:13.033+0000] {process_utils.py:87} INFO - Sending the signal 9 to group 423
[2025-04-13T22:44:13.041+0000] {process_utils.py:80} INFO - Process psutil.Process(pid=423, name='airflow task ru', status='terminated', exitcode=<Negsignal.SIGKILL: -9>, started='22:37:14') (423) terminated with exit code -9
[2025-04-13T22:44:13.041+0000] {standard_task_runner.py:190} ERROR - ('Job 210 was killed before it finished (likely due to running out of memory)', 'For more information, see https://***.apache.org/docs/apache-***/stable/troubleshooting.html#LocalTaskJob-killed')
