[2025-04-12T15:43:57.407+0000] {local_task_job_runner.py:123} INFO - ::group::Pre task execution logs
[2025-04-12T15:43:57.415+0000] {taskinstance.py:2613} INFO - Dependencies all met for dep_context=non-requeueable deps ti=<TaskInstance: triphobo_attractions_pipeline.scrape_attractions manual__2025-04-12T15:43:56.544826+00:00 [queued]>
[2025-04-12T15:43:57.421+0000] {taskinstance.py:2613} INFO - Dependencies all met for dep_context=requeueable deps ti=<TaskInstance: triphobo_attractions_pipeline.scrape_attractions manual__2025-04-12T15:43:56.544826+00:00 [queued]>
[2025-04-12T15:43:57.422+0000] {taskinstance.py:2866} INFO - Starting attempt 1 of 1
[2025-04-12T15:43:57.427+0000] {taskinstance.py:2889} INFO - Executing <Task(PythonOperator): scrape_attractions> on 2025-04-12 15:43:56.544826+00:00
[2025-04-12T15:43:57.431+0000] {warnings.py:112} WARNING - /home/***/.local/lib/python3.12/site-packages/***/task/task_runner/standard_task_runner.py:70: DeprecationWarning: This process (pid=1995) is multi-threaded, use of fork() may lead to deadlocks in the child.
  pid = os.fork()

[2025-04-12T15:43:57.431+0000] {standard_task_runner.py:72} INFO - Started process 1998 to run task
[2025-04-12T15:43:57.432+0000] {standard_task_runner.py:104} INFO - Running: ['***', 'tasks', 'run', 'triphobo_attractions_pipeline', 'scrape_attractions', 'manual__2025-04-12T15:43:56.544826+00:00', '--job-id', '163', '--raw', '--subdir', 'DAGS_FOLDER/attractions_dag.py', '--cfg-path', '/tmp/tmpp7r209q1']
[2025-04-12T15:43:57.433+0000] {standard_task_runner.py:105} INFO - Job 163: Subtask scrape_attractions
[2025-04-12T15:43:57.456+0000] {task_command.py:467} INFO - Running <TaskInstance: triphobo_attractions_pipeline.scrape_attractions manual__2025-04-12T15:43:56.544826+00:00 [running]> on host cd3ae23bc368
[2025-04-12T15:43:57.483+0000] {taskinstance.py:3132} INFO - Exporting env vars: AIRFLOW_CTX_DAG_OWNER='***' AIRFLOW_CTX_DAG_ID='triphobo_attractions_pipeline' AIRFLOW_CTX_TASK_ID='scrape_attractions' AIRFLOW_CTX_EXECUTION_DATE='2025-04-12T15:43:56.544826+00:00' AIRFLOW_CTX_TRY_NUMBER='1' AIRFLOW_CTX_DAG_RUN_ID='manual__2025-04-12T15:43:56.544826+00:00'
[2025-04-12T15:43:57.484+0000] {taskinstance.py:731} INFO - ::endgroup::
[2025-04-12T15:43:57.504+0000] {things_to_do.py:89} INFO - Loaded 576 existing records from /tmp/triphobo_data/multi_city_attractions.csv
[2025-04-12T15:43:57.504+0000] {things_to_do.py:93} INFO - Found 576 existing URLs in the dataset
[2025-04-12T15:43:57.770+0000] {things_to_do.py:110} INFO - Scraping city: New York City United States
[2025-04-12T15:43:57.770+0000] {things_to_do.py:114} INFO - Scraping page 1: https://www.triphobo.com/places/new-york-city-united-states/things-to-do?page=1
[2025-04-12T15:44:17.592+0000] {local_task_job_runner.py:346} WARNING - State of this instance has been externally set to None. Terminating instance.
[2025-04-12T15:44:17.596+0000] {local_task_job_runner.py:245} INFO - ::endgroup::
[2025-04-12T15:44:17.597+0000] {process_utils.py:132} INFO - Sending 15 to group 1998. PIDs of all processes in the group: [2000, 2022, 2027, 2028, 2062, 2097, 2059, 1998]
[2025-04-12T15:44:17.597+0000] {process_utils.py:87} INFO - Sending the signal 15 to group 1998
[2025-04-12T15:44:17.598+0000] {taskinstance.py:3093} ERROR - Received SIGTERM. Terminating subprocesses.
[2025-04-12T15:44:17.614+0000] {process_utils.py:80} INFO - Process psutil.Process(pid=2062, status='terminated', started='15:43:57') (2062) terminated with exit code None
[2025-04-12T15:44:17.759+0000] {process_utils.py:80} INFO - Process psutil.Process(pid=2097, status='terminated', started='15:43:57') (2097) terminated with exit code None
[2025-04-12T15:44:17.760+0000] {process_utils.py:80} INFO - Process psutil.Process(pid=2027, status='terminated', started='15:43:57') (2027) terminated with exit code None
[2025-04-12T15:44:17.760+0000] {process_utils.py:80} INFO - Process psutil.Process(pid=2022, status='terminated', started='15:43:57') (2022) terminated with exit code None
[2025-04-12T15:44:17.761+0000] {process_utils.py:80} INFO - Process psutil.Process(pid=2000, status='terminated', started='15:43:57') (2000) terminated with exit code None
[2025-04-12T15:44:17.762+0000] {process_utils.py:80} INFO - Process psutil.Process(pid=2028, status='terminated', started='15:43:57') (2028) terminated with exit code None
[2025-04-12T15:44:17.762+0000] {process_utils.py:80} INFO - Process psutil.Process(pid=2059, status='terminated', started='15:43:57') (2059) terminated with exit code None
[2025-04-12T15:45:17.618+0000] {process_utils.py:150} WARNING - process psutil.Process(pid=1998, name='airflow task ru', status='sleeping', started='15:43:57') did not respond to SIGTERM. Trying SIGKILL
[2025-04-12T15:45:17.626+0000] {process_utils.py:87} INFO - Sending the signal 9 to group 1998
[2025-04-12T15:45:17.644+0000] {process_utils.py:80} INFO - Process psutil.Process(pid=1998, name='airflow task ru', status='terminated', exitcode=<Negsignal.SIGKILL: -9>, started='15:43:57') (1998) terminated with exit code -9
[2025-04-12T15:45:17.645+0000] {standard_task_runner.py:190} ERROR - ('Job 163 was killed before it finished (likely due to running out of memory)', 'For more information, see https://***.apache.org/docs/apache-***/stable/troubleshooting.html#LocalTaskJob-killed')
