[2025-04-12T06:54:05.918+0000] {local_task_job_runner.py:123} INFO - ::group::Pre task execution logs
[2025-04-12T06:54:05.923+0000] {taskinstance.py:2613} INFO - Dependencies all met for dep_context=non-requeueable deps ti=<TaskInstance: triphobo_etl_pipeline.upload_cleaned_attractions manual__2025-04-12T06:43:57.235882+00:00 [queued]>
[2025-04-12T06:54:05.925+0000] {taskinstance.py:2613} INFO - Dependencies all met for dep_context=requeueable deps ti=<TaskInstance: triphobo_etl_pipeline.upload_cleaned_attractions manual__2025-04-12T06:43:57.235882+00:00 [queued]>
[2025-04-12T06:54:05.925+0000] {taskinstance.py:2866} INFO - Starting attempt 1 of 1
[2025-04-12T06:54:05.929+0000] {taskinstance.py:2889} INFO - Executing <Task(PythonOperator): upload_cleaned_attractions> on 2025-04-12 06:43:57.235882+00:00
[2025-04-12T06:54:05.932+0000] {warnings.py:112} WARNING - /home/***/.local/lib/python3.12/site-packages/***/task/task_runner/standard_task_runner.py:70: DeprecationWarning: This process (pid=1977) is multi-threaded, use of fork() may lead to deadlocks in the child.
  pid = os.fork()

[2025-04-12T06:54:05.932+0000] {standard_task_runner.py:72} INFO - Started process 1978 to run task
[2025-04-12T06:54:05.933+0000] {standard_task_runner.py:104} INFO - Running: ['***', 'tasks', 'run', 'triphobo_etl_pipeline', 'upload_cleaned_attractions', 'manual__2025-04-12T06:43:57.235882+00:00', '--job-id', '148', '--raw', '--subdir', 'DAGS_FOLDER/trip_dag.py', '--cfg-path', '/tmp/tmpv84wrkh_']
[2025-04-12T06:54:05.934+0000] {standard_task_runner.py:105} INFO - Job 148: Subtask upload_cleaned_attractions
[2025-04-12T06:54:05.949+0000] {task_command.py:467} INFO - Running <TaskInstance: triphobo_etl_pipeline.upload_cleaned_attractions manual__2025-04-12T06:43:57.235882+00:00 [running]> on host 0032dfa832cd
[2025-04-12T06:54:05.974+0000] {taskinstance.py:3132} INFO - Exporting env vars: AIRFLOW_CTX_DAG_OWNER='***' AIRFLOW_CTX_DAG_ID='triphobo_etl_pipeline' AIRFLOW_CTX_TASK_ID='upload_cleaned_attractions' AIRFLOW_CTX_EXECUTION_DATE='2025-04-12T06:43:57.235882+00:00' AIRFLOW_CTX_TRY_NUMBER='1' AIRFLOW_CTX_DAG_RUN_ID='manual__2025-04-12T06:43:57.235882+00:00'
[2025-04-12T06:54:05.974+0000] {taskinstance.py:731} INFO - ::endgroup::
[2025-04-12T06:54:07.366+0000] {upload_to_S3.py:23} INFO - Uploaded /tmp/triphobo_data/cleaned_attractions.csv to s3://bigdatafinal2025/clean/cleaned_attractions.csv
[2025-04-12T06:54:07.369+0000] {python.py:240} INFO - Done. Returned value was: None
[2025-04-12T06:54:07.382+0000] {taskinstance.py:340} INFO - ::group::Post task execution logs
[2025-04-12T06:54:07.383+0000] {taskinstance.py:352} INFO - Marking task as SUCCESS. dag_id=triphobo_etl_pipeline, task_id=upload_cleaned_attractions, run_id=manual__2025-04-12T06:43:57.235882+00:00, execution_date=20250412T064357, start_date=20250412T065405, end_date=20250412T065407
[2025-04-12T06:54:07.446+0000] {local_task_job_runner.py:266} INFO - Task exited with return code 0
[2025-04-12T06:54:07.461+0000] {taskinstance.py:3895} INFO - 1 downstream tasks scheduled from follow-on schedule check
[2025-04-12T06:54:07.462+0000] {local_task_job_runner.py:245} INFO - ::endgroup::
