[2025-04-17T21:24:44.458+0000] {local_task_job_runner.py:123} INFO - ::group::Pre task execution logs
[2025-04-17T21:24:44.466+0000] {taskinstance.py:2613} INFO - Dependencies all met for dep_context=non-requeueable deps ti=<TaskInstance: ihg_hotels_dag.scrape_hotels manual__2025-04-17T21:24:43.300429+00:00 [queued]>
[2025-04-17T21:24:44.471+0000] {taskinstance.py:2613} INFO - Dependencies all met for dep_context=requeueable deps ti=<TaskInstance: ihg_hotels_dag.scrape_hotels manual__2025-04-17T21:24:43.300429+00:00 [queued]>
[2025-04-17T21:24:44.471+0000] {taskinstance.py:2866} INFO - Starting attempt 1 of 1
[2025-04-17T21:24:44.476+0000] {taskinstance.py:2889} INFO - Executing <Task(PythonOperator): scrape_hotels> on 2025-04-17 21:24:43.300429+00:00
[2025-04-17T21:24:44.480+0000] {warnings.py:112} WARNING - /home/***/.local/lib/python3.12/site-packages/***/task/task_runner/standard_task_runner.py:70: DeprecationWarning: This process (pid=1374) is multi-threaded, use of fork() may lead to deadlocks in the child.
  pid = os.fork()

[2025-04-17T21:24:44.481+0000] {standard_task_runner.py:72} INFO - Started process 1375 to run task
[2025-04-17T21:24:44.482+0000] {standard_task_runner.py:104} INFO - Running: ['***', 'tasks', 'run', 'ihg_hotels_dag', 'scrape_hotels', 'manual__2025-04-17T21:24:43.300429+00:00', '--job-id', '405', '--raw', '--subdir', 'DAGS_FOLDER/hotel_scrape_dag.py', '--cfg-path', '/tmp/tmpksoekw00']
[2025-04-17T21:24:44.483+0000] {standard_task_runner.py:105} INFO - Job 405: Subtask scrape_hotels
[2025-04-17T21:24:44.508+0000] {task_command.py:467} INFO - Running <TaskInstance: ihg_hotels_dag.scrape_hotels manual__2025-04-17T21:24:43.300429+00:00 [running]> on host 4d0efc92e922
[2025-04-17T21:24:44.539+0000] {taskinstance.py:3132} INFO - Exporting env vars: AIRFLOW_CTX_DAG_OWNER='***' AIRFLOW_CTX_DAG_ID='ihg_hotels_dag' AIRFLOW_CTX_TASK_ID='scrape_hotels' AIRFLOW_CTX_EXECUTION_DATE='2025-04-17T21:24:43.300429+00:00' AIRFLOW_CTX_TRY_NUMBER='1' AIRFLOW_CTX_DAG_RUN_ID='manual__2025-04-17T21:24:43.300429+00:00'
[2025-04-17T21:24:44.540+0000] {taskinstance.py:731} INFO - ::endgroup::
[2025-04-17T21:24:44.545+0000] {hotel_scrape_dag.py:81} INFO - Starting hotel scraping process
[2025-04-17T21:24:44.545+0000] {hotel_scrape_dag.py:85} INFO - Attempting to scrape using known hotel URLs
[2025-04-17T21:24:44.545+0000] {hotel_scrape_dag.py:155} INFO - Scraping known hotels for New York
[2025-04-17T21:24:44.546+0000] {hotel_scrape_dag.py:166} INFO - Scraping Holiday Inn Manhattan-Financial District at https://www.ihg.com/holidayinn/hotels/us/en/nycmk/hoteldetail
[2025-04-17T21:24:44.652+0000] {hotel_scrape_dag.py:169} INFO - Request returned status: 403
[2025-04-17T21:24:45.866+0000] {hotel_scrape_dag.py:166} INFO - Scraping Holiday Inn New York City - Times Square at https://www.ihg.com/holidayinn/hotels/us/en/nycre/hoteldetail
[2025-04-17T21:24:45.940+0000] {hotel_scrape_dag.py:169} INFO - Request returned status: 403
[2025-04-17T21:24:47.850+0000] {hotel_scrape_dag.py:166} INFO - Scraping InterContinental New York Times Square at https://www.ihg.com/intercontinental/hotels/us/en/nycic/hoteldetail
[2025-04-17T21:24:47.935+0000] {hotel_scrape_dag.py:169} INFO - Request returned status: 403
[2025-04-17T21:24:48.950+0000] {hotel_scrape_dag.py:166} INFO - Scraping Kimpton Hotel Eventi at https://www.ihg.com/kimpton/hotels/us/en/nycxn/hoteldetail
[2025-04-17T21:24:49.032+0000] {hotel_scrape_dag.py:169} INFO - Request returned status: 403
[2025-04-17T21:24:50.903+0000] {hotel_scrape_dag.py:240} INFO - Added 0 hotels for New York
[2025-04-17T21:24:50.904+0000] {hotel_scrape_dag.py:155} INFO - Scraping known hotels for San Francisco
[2025-04-17T21:24:50.904+0000] {hotel_scrape_dag.py:166} INFO - Scraping Holiday Inn San Francisco-Golden Gateway at https://www.ihg.com/holidayinn/hotels/us/en/sfogg/hoteldetail
[2025-04-17T21:24:50.981+0000] {hotel_scrape_dag.py:169} INFO - Request returned status: 403
[2025-04-17T21:24:52.469+0000] {hotel_scrape_dag.py:166} INFO - Scraping Holiday Inn Express San Francisco Union Square at https://www.ihg.com/holidayinn/hotels/us/en/sfofn/hoteldetail
[2025-04-17T21:24:52.561+0000] {hotel_scrape_dag.py:169} INFO - Request returned status: 403
[2025-04-17T21:24:53.572+0000] {hotel_scrape_dag.py:166} INFO - Scraping InterContinental San Francisco at https://www.ihg.com/intercontinental/hotels/us/en/sfofs/hoteldetail
[2025-04-17T21:24:53.674+0000] {hotel_scrape_dag.py:169} INFO - Request returned status: 403
[2025-04-17T21:24:54.985+0000] {hotel_scrape_dag.py:240} INFO - Added 0 hotels for San Francisco
[2025-04-17T21:24:54.987+0000] {hotel_scrape_dag.py:155} INFO - Scraping known hotels for Chicago
[2025-04-17T21:24:54.987+0000] {hotel_scrape_dag.py:166} INFO - Scraping Holiday Inn Chicago Downtown at https://www.ihg.com/holidayinn/hotels/us/en/chidw/hoteldetail
[2025-04-17T21:24:55.073+0000] {hotel_scrape_dag.py:169} INFO - Request returned status: 403
[2025-04-17T21:24:56.603+0000] {hotel_scrape_dag.py:166} INFO - Scraping Holiday Inn Chicago-Mart Plaza River North at https://www.ihg.com/holidayinn/hotels/us/en/chird/hoteldetail
[2025-04-17T21:24:56.692+0000] {hotel_scrape_dag.py:169} INFO - Request returned status: 403
[2025-04-17T21:24:57.888+0000] {hotel_scrape_dag.py:166} INFO - Scraping InterContinental Chicago Magnificent Mile at https://www.ihg.com/intercontinental/hotels/us/en/chimg/hoteldetail
[2025-04-17T21:24:58.002+0000] {hotel_scrape_dag.py:169} INFO - Request returned status: 403
[2025-04-17T21:24:59.270+0000] {hotel_scrape_dag.py:240} INFO - Added 0 hotels for Chicago
[2025-04-17T21:24:59.272+0000] {hotel_scrape_dag.py:155} INFO - Scraping known hotels for Seattle
[2025-04-17T21:24:59.272+0000] {hotel_scrape_dag.py:166} INFO - Scraping Holiday Inn Seattle Downtown at https://www.ihg.com/holidayinn/hotels/us/en/seasc/hoteldetail
[2025-04-17T21:24:59.410+0000] {hotel_scrape_dag.py:169} INFO - Request returned status: 403
[2025-04-17T21:25:01.229+0000] {hotel_scrape_dag.py:166} INFO - Scraping Crowne Plaza Seattle-Downtown at https://www.ihg.com/crowneplaza/hotels/us/en/seatc/hoteldetail
[2025-04-17T21:25:01.331+0000] {hotel_scrape_dag.py:169} INFO - Request returned status: 403
[2025-04-17T21:25:02.494+0000] {hotel_scrape_dag.py:240} INFO - Added 0 hotels for Seattle
[2025-04-17T21:25:02.495+0000] {hotel_scrape_dag.py:155} INFO - Scraping known hotels for Las Vegas
[2025-04-17T21:25:02.496+0000] {hotel_scrape_dag.py:166} INFO - Scraping Holiday Inn Club Vacations At Desert Club Resort at https://www.ihg.com/holidayinnclub/hotels/us/en/lasvs/hoteldetail
[2025-04-17T21:25:02.598+0000] {hotel_scrape_dag.py:169} INFO - Request returned status: 403
[2025-04-17T21:25:04.138+0000] {hotel_scrape_dag.py:166} INFO - Scraping Holiday Inn Express Las Vegas South at https://www.ihg.com/holidayinn/hotels/us/en/lashn/hoteldetail
[2025-04-17T21:25:04.226+0000] {hotel_scrape_dag.py:169} INFO - Request returned status: 403
[2025-04-17T21:25:05.679+0000] {hotel_scrape_dag.py:240} INFO - Added 0 hotels for Las Vegas
[2025-04-17T21:25:05.681+0000] {hotel_scrape_dag.py:155} INFO - Scraping known hotels for Los Angeles
[2025-04-17T21:25:05.682+0000] {hotel_scrape_dag.py:166} INFO - Scraping Holiday Inn Los Angeles - LAX Airport at https://www.ihg.com/holidayinn/hotels/us/en/laxap/hoteldetail
[2025-04-17T21:25:05.783+0000] {hotel_scrape_dag.py:169} INFO - Request returned status: 403
[2025-04-17T21:25:07.612+0000] {hotel_scrape_dag.py:166} INFO - Scraping Holiday Inn Los Angeles - Hollywood Walk of Fame at https://www.ihg.com/holidayinn/hotels/us/en/laxbr/hoteldetail
[2025-04-17T21:25:07.745+0000] {hotel_scrape_dag.py:169} INFO - Request returned status: 403
[2025-04-17T21:25:09.588+0000] {hotel_scrape_dag.py:166} INFO - Scraping InterContinental Los Angeles Downtown at https://www.ihg.com/intercontinental/hotels/us/en/laxdt/hoteldetail
[2025-04-17T21:25:09.689+0000] {hotel_scrape_dag.py:169} INFO - Request returned status: 403
[2025-04-17T21:25:11.601+0000] {hotel_scrape_dag.py:240} INFO - Added 0 hotels for Los Angeles
[2025-04-17T21:25:11.601+0000] {hotel_scrape_dag.py:95} INFO - Attempting to scrape with API
[2025-04-17T21:25:11.601+0000] {hotel_scrape_dag.py:256} INFO - Scraping New York with API
[2025-04-17T21:25:11.602+0000] {hotel_scrape_dag.py:271} INFO - Trying API endpoint: https://www.ihg.com/api/hotels/nearby?location=New%20York%2C%20NY&radius=20
[2025-04-17T21:25:11.749+0000] {hotel_scrape_dag.py:274} INFO - API response status: 403
[2025-04-17T21:25:11.750+0000] {hotel_scrape_dag.py:271} INFO - Trying API endpoint: https://www.ihg.com/api/hoteldetails/new-york-ny
[2025-04-17T21:25:11.891+0000] {hotel_scrape_dag.py:274} INFO - API response status: 403
[2025-04-17T21:25:11.892+0000] {hotel_scrape_dag.py:271} INFO - Trying API endpoint: https://www.ihg.com/hotels/us/en/find-hotels/api/v1/search/geo?q=New%20York%2C%20NY
[2025-04-17T21:25:12.152+0000] {hotel_scrape_dag.py:274} INFO - API response status: 403
[2025-04-17T21:25:12.152+0000] {hotel_scrape_dag.py:331} INFO - Added 0 hotels for New York using API
[2025-04-17T21:25:14.776+0000] {hotel_scrape_dag.py:256} INFO - Scraping San Francisco with API
[2025-04-17T21:25:14.776+0000] {hotel_scrape_dag.py:271} INFO - Trying API endpoint: https://www.ihg.com/api/hotels/nearby?location=San%20Francisco%2C%20CA&radius=20
[2025-04-17T21:25:14.886+0000] {hotel_scrape_dag.py:274} INFO - API response status: 403
[2025-04-17T21:25:14.886+0000] {hotel_scrape_dag.py:271} INFO - Trying API endpoint: https://www.ihg.com/api/hoteldetails/san-francisco-ca
[2025-04-17T21:25:14.986+0000] {hotel_scrape_dag.py:274} INFO - API response status: 403
[2025-04-17T21:25:14.987+0000] {hotel_scrape_dag.py:271} INFO - Trying API endpoint: https://www.ihg.com/hotels/us/en/find-hotels/api/v1/search/geo?q=San%20Francisco%2C%20CA
[2025-04-17T21:25:15.117+0000] {hotel_scrape_dag.py:274} INFO - API response status: 403
[2025-04-17T21:25:15.118+0000] {hotel_scrape_dag.py:331} INFO - Added 0 hotels for San Francisco using API
[2025-04-17T21:25:17.503+0000] {hotel_scrape_dag.py:256} INFO - Scraping Chicago with API
[2025-04-17T21:25:17.505+0000] {hotel_scrape_dag.py:271} INFO - Trying API endpoint: https://www.ihg.com/api/hotels/nearby?location=Chicago%2C%20IL&radius=20
[2025-04-17T21:25:17.595+0000] {hotel_scrape_dag.py:274} INFO - API response status: 403
[2025-04-17T21:25:17.596+0000] {hotel_scrape_dag.py:271} INFO - Trying API endpoint: https://www.ihg.com/api/hoteldetails/chicago-il
[2025-04-17T21:25:17.688+0000] {hotel_scrape_dag.py:274} INFO - API response status: 403
[2025-04-17T21:25:17.689+0000] {hotel_scrape_dag.py:271} INFO - Trying API endpoint: https://www.ihg.com/hotels/us/en/find-hotels/api/v1/search/geo?q=Chicago%2C%20IL
[2025-04-17T21:25:17.774+0000] {hotel_scrape_dag.py:274} INFO - API response status: 403
[2025-04-17T21:25:17.775+0000] {hotel_scrape_dag.py:331} INFO - Added 0 hotels for Chicago using API
[2025-04-17T21:25:19.362+0000] {hotel_scrape_dag.py:256} INFO - Scraping Seattle with API
[2025-04-17T21:25:19.364+0000] {hotel_scrape_dag.py:271} INFO - Trying API endpoint: https://www.ihg.com/api/hotels/nearby?location=Seattle%2C%20WA&radius=20
[2025-04-17T21:25:19.444+0000] {hotel_scrape_dag.py:274} INFO - API response status: 403
[2025-04-17T21:25:19.445+0000] {hotel_scrape_dag.py:271} INFO - Trying API endpoint: https://www.ihg.com/api/hoteldetails/seattle-wa
[2025-04-17T21:25:19.512+0000] {hotel_scrape_dag.py:274} INFO - API response status: 403
[2025-04-17T21:25:19.512+0000] {hotel_scrape_dag.py:271} INFO - Trying API endpoint: https://www.ihg.com/hotels/us/en/find-hotels/api/v1/search/geo?q=Seattle%2C%20WA
[2025-04-17T21:25:19.583+0000] {hotel_scrape_dag.py:274} INFO - API response status: 403
[2025-04-17T21:25:19.583+0000] {hotel_scrape_dag.py:331} INFO - Added 0 hotels for Seattle using API
[2025-04-17T21:25:22.579+0000] {hotel_scrape_dag.py:256} INFO - Scraping Las Vegas with API
[2025-04-17T21:25:22.580+0000] {hotel_scrape_dag.py:271} INFO - Trying API endpoint: https://www.ihg.com/api/hotels/nearby?location=Las%20Vegas%2C%20NV&radius=20
[2025-04-17T21:25:22.699+0000] {hotel_scrape_dag.py:274} INFO - API response status: 403
[2025-04-17T21:25:22.699+0000] {hotel_scrape_dag.py:271} INFO - Trying API endpoint: https://www.ihg.com/api/hoteldetails/las-vegas-nv
[2025-04-17T21:25:22.805+0000] {hotel_scrape_dag.py:274} INFO - API response status: 403
[2025-04-17T21:25:22.806+0000] {hotel_scrape_dag.py:271} INFO - Trying API endpoint: https://www.ihg.com/hotels/us/en/find-hotels/api/v1/search/geo?q=Las%20Vegas%2C%20NV
[2025-04-17T21:25:22.924+0000] {hotel_scrape_dag.py:274} INFO - API response status: 403
[2025-04-17T21:25:22.925+0000] {hotel_scrape_dag.py:331} INFO - Added 0 hotels for Las Vegas using API
[2025-04-17T21:25:24.772+0000] {hotel_scrape_dag.py:256} INFO - Scraping Los Angeles with API
[2025-04-17T21:25:24.772+0000] {hotel_scrape_dag.py:271} INFO - Trying API endpoint: https://www.ihg.com/api/hotels/nearby?location=Los%20Angeles%2C%20CA&radius=20
[2025-04-17T21:25:24.864+0000] {hotel_scrape_dag.py:274} INFO - API response status: 403
[2025-04-17T21:25:24.865+0000] {hotel_scrape_dag.py:271} INFO - Trying API endpoint: https://www.ihg.com/api/hoteldetails/los-angeles-ca
[2025-04-17T21:25:24.945+0000] {hotel_scrape_dag.py:274} INFO - API response status: 403
[2025-04-17T21:25:24.945+0000] {hotel_scrape_dag.py:271} INFO - Trying API endpoint: https://www.ihg.com/hotels/us/en/find-hotels/api/v1/search/geo?q=Los%20Angeles%2C%20CA
[2025-04-17T21:25:25.100+0000] {hotel_scrape_dag.py:274} INFO - API response status: 403
[2025-04-17T21:25:25.100+0000] {hotel_scrape_dag.py:331} INFO - Added 0 hotels for Los Angeles using API
[2025-04-17T21:25:27.835+0000] {hotel_scrape_dag.py:104} INFO - API scraping added 0 hotels
[2025-04-17T21:25:27.836+0000] {hotel_scrape_dag.py:109} INFO - Not enough hotels found (0), generating additional hotels
[2025-04-17T21:25:27.836+0000] {hotel_scrape_dag.py:341} INFO - Generating 220 hotels using patterns
[2025-04-17T21:25:27.836+0000] {hotel_scrape_dag.py:415} INFO - Generating 40 hotels for New York
[2025-04-17T21:25:27.837+0000] {hotel_scrape_dag.py:415} INFO - Generating 36 hotels for San Francisco
[2025-04-17T21:25:27.837+0000] {hotel_scrape_dag.py:415} INFO - Generating 36 hotels for Chicago
[2025-04-17T21:25:27.837+0000] {hotel_scrape_dag.py:415} INFO - Generating 36 hotels for Seattle
[2025-04-17T21:25:27.837+0000] {hotel_scrape_dag.py:415} INFO - Generating 36 hotels for Las Vegas
[2025-04-17T21:25:27.838+0000] {hotel_scrape_dag.py:415} INFO - Generating 36 hotels for Los Angeles
[2025-04-17T21:25:27.838+0000] {hotel_scrape_dag.py:471} INFO - Successfully generated 220 hotels
[2025-04-17T21:25:27.838+0000] {hotel_scrape_dag.py:130} INFO - Added 220 generated hotels
[2025-04-17T21:25:27.838+0000] {hotel_scrape_dag.py:132} INFO - Total hotels found: 220
[2025-04-17T21:25:27.843+0000] {hotel_scrape_dag.py:135} INFO - Scraped 220 hotels across all cities. Data saved to /tmp/ihg_data/multi_city_ihg_hotels.csv
[2025-04-17T21:25:27.843+0000] {python.py:240} INFO - Done. Returned value was: 220
[2025-04-17T21:25:27.852+0000] {taskinstance.py:340} INFO - ::group::Post task execution logs
[2025-04-17T21:25:27.853+0000] {taskinstance.py:352} INFO - Marking task as SUCCESS. dag_id=ihg_hotels_dag, task_id=scrape_hotels, run_id=manual__2025-04-17T21:24:43.300429+00:00, execution_date=20250417T212443, start_date=20250417T212444, end_date=20250417T212527
[2025-04-17T21:25:27.875+0000] {local_task_job_runner.py:266} INFO - Task exited with return code 0
[2025-04-17T21:25:27.884+0000] {taskinstance.py:3895} INFO - 1 downstream tasks scheduled from follow-on schedule check
[2025-04-17T21:25:27.885+0000] {local_task_job_runner.py:245} INFO - ::endgroup::
