[2025-04-13T22:41:06.651+0000] {local_task_job_runner.py:123} INFO - ::group::Pre task execution logs
[2025-04-13T22:41:06.658+0000] {taskinstance.py:2613} INFO - Dependencies all met for dep_context=non-requeueable deps ti=<TaskInstance: ihg_hotels_dag.upload_to_s3 manual__2025-04-13T22:40:16.458960+00:00 [queued]>
[2025-04-13T22:41:06.663+0000] {taskinstance.py:2613} INFO - Dependencies all met for dep_context=requeueable deps ti=<TaskInstance: ihg_hotels_dag.upload_to_s3 manual__2025-04-13T22:40:16.458960+00:00 [queued]>
[2025-04-13T22:41:06.664+0000] {taskinstance.py:2866} INFO - Starting attempt 1 of 2
[2025-04-13T22:41:06.668+0000] {taskinstance.py:2889} INFO - Executing <Task(PythonOperator): upload_to_s3> on 2025-04-13 22:40:16.458960+00:00
[2025-04-13T22:41:06.671+0000] {warnings.py:112} WARNING - /home/***/.local/lib/python3.12/site-packages/***/task/task_runner/standard_task_runner.py:70: DeprecationWarning: This process (pid=634) is multi-threaded, use of fork() may lead to deadlocks in the child.
  pid = os.fork()

[2025-04-13T22:41:06.672+0000] {standard_task_runner.py:72} INFO - Started process 635 to run task
[2025-04-13T22:41:06.672+0000] {standard_task_runner.py:104} INFO - Running: ['***', 'tasks', 'run', 'ihg_hotels_dag', 'upload_to_s3', 'manual__2025-04-13T22:40:16.458960+00:00', '--job-id', '212', '--raw', '--subdir', 'DAGS_FOLDER/hotel_scrape_dag.py', '--cfg-path', '/tmp/tmpvexn00ra']
[2025-04-13T22:41:06.674+0000] {standard_task_runner.py:105} INFO - Job 212: Subtask upload_to_s3
[2025-04-13T22:41:06.692+0000] {task_command.py:467} INFO - Running <TaskInstance: ihg_hotels_dag.upload_to_s3 manual__2025-04-13T22:40:16.458960+00:00 [running]> on host 599bf25ffed0
[2025-04-13T22:41:06.723+0000] {taskinstance.py:3132} INFO - Exporting env vars: AIRFLOW_CTX_DAG_OWNER='***' AIRFLOW_CTX_DAG_ID='ihg_hotels_dag' AIRFLOW_CTX_TASK_ID='upload_to_s3' AIRFLOW_CTX_EXECUTION_DATE='2025-04-13T22:40:16.458960+00:00' AIRFLOW_CTX_TRY_NUMBER='1' AIRFLOW_CTX_DAG_RUN_ID='manual__2025-04-13T22:40:16.458960+00:00'
[2025-04-13T22:41:06.723+0000] {taskinstance.py:731} INFO - ::endgroup::
[2025-04-13T22:41:08.244+0000] {hotel_scrape_dag.py:359} INFO - ✅ Uploaded to s3://bigdatafinal2025/multi_city_ihg_hotels.csv
[2025-04-13T22:41:08.245+0000] {python.py:240} INFO - Done. Returned value was: None
[2025-04-13T22:41:08.250+0000] {taskinstance.py:340} INFO - ::group::Post task execution logs
[2025-04-13T22:41:08.250+0000] {taskinstance.py:352} INFO - Marking task as SUCCESS. dag_id=ihg_hotels_dag, task_id=upload_to_s3, run_id=manual__2025-04-13T22:40:16.458960+00:00, execution_date=20250413T224016, start_date=20250413T224106, end_date=20250413T224108
[2025-04-13T22:41:08.276+0000] {local_task_job_runner.py:266} INFO - Task exited with return code 0
[2025-04-13T22:41:08.285+0000] {taskinstance.py:3895} INFO - 1 downstream tasks scheduled from follow-on schedule check
[2025-04-13T22:41:08.286+0000] {local_task_job_runner.py:245} INFO - ::endgroup::
