[2025-04-13T21:24:21.565+0000] {local_task_job_runner.py:123} INFO - ::group::Pre task execution logs
[2025-04-13T21:24:21.572+0000] {taskinstance.py:2613} INFO - Dependencies all met for dep_context=non-requeueable deps ti=<TaskInstance: ihg_hotels_dag.upload_to_s3 manual__2025-04-13T21:16:14.819924+00:00 [queued]>
[2025-04-13T21:24:21.574+0000] {taskinstance.py:2613} INFO - Dependencies all met for dep_context=requeueable deps ti=<TaskInstance: ihg_hotels_dag.upload_to_s3 manual__2025-04-13T21:16:14.819924+00:00 [queued]>
[2025-04-13T21:24:21.574+0000] {taskinstance.py:2866} INFO - Starting attempt 1 of 2
[2025-04-13T21:24:21.578+0000] {taskinstance.py:2889} INFO - Executing <Task(PythonOperator): upload_to_s3> on 2025-04-13 21:16:14.819924+00:00
[2025-04-13T21:24:21.582+0000] {warnings.py:112} WARNING - /home/***/.local/lib/python3.12/site-packages/***/task/task_runner/standard_task_runner.py:70: DeprecationWarning: This process (pid=1054) is multi-threaded, use of fork() may lead to deadlocks in the child.
  pid = os.fork()

[2025-04-13T21:24:21.582+0000] {standard_task_runner.py:72} INFO - Started process 1055 to run task
[2025-04-13T21:24:21.583+0000] {standard_task_runner.py:104} INFO - Running: ['***', 'tasks', 'run', 'ihg_hotels_dag', 'upload_to_s3', 'manual__2025-04-13T21:16:14.819924+00:00', '--job-id', '192', '--raw', '--subdir', 'DAGS_FOLDER/hotel_scrape_dag.py', '--cfg-path', '/tmp/tmpg_j_d0to']
[2025-04-13T21:24:21.584+0000] {standard_task_runner.py:105} INFO - Job 192: Subtask upload_to_s3
[2025-04-13T21:24:21.601+0000] {task_command.py:467} INFO - Running <TaskInstance: ihg_hotels_dag.upload_to_s3 manual__2025-04-13T21:16:14.819924+00:00 [running]> on host 2af885ea35b8
[2025-04-13T21:24:21.626+0000] {taskinstance.py:3132} INFO - Exporting env vars: AIRFLOW_CTX_DAG_OWNER='***' AIRFLOW_CTX_DAG_ID='ihg_hotels_dag' AIRFLOW_CTX_TASK_ID='upload_to_s3' AIRFLOW_CTX_EXECUTION_DATE='2025-04-13T21:16:14.819924+00:00' AIRFLOW_CTX_TRY_NUMBER='1' AIRFLOW_CTX_DAG_RUN_ID='manual__2025-04-13T21:16:14.819924+00:00'
[2025-04-13T21:24:21.627+0000] {taskinstance.py:731} INFO - ::endgroup::
[2025-04-13T21:24:22.201+0000] {hotel_scrape_dag.py:324} INFO - ✅ Uploaded to s3://bigdatafinal2025/multi_city_ihg_hotels.csv
[2025-04-13T21:24:22.202+0000] {python.py:240} INFO - Done. Returned value was: None
[2025-04-13T21:24:22.206+0000] {taskinstance.py:340} INFO - ::group::Post task execution logs
[2025-04-13T21:24:22.206+0000] {taskinstance.py:352} INFO - Marking task as SUCCESS. dag_id=ihg_hotels_dag, task_id=upload_to_s3, run_id=manual__2025-04-13T21:16:14.819924+00:00, execution_date=20250413T211614, start_date=20250413T212421, end_date=20250413T212422
[2025-04-13T21:24:22.228+0000] {local_task_job_runner.py:266} INFO - Task exited with return code 0
[2025-04-13T21:24:22.236+0000] {taskinstance.py:3895} INFO - 1 downstream tasks scheduled from follow-on schedule check
[2025-04-13T21:24:22.237+0000] {local_task_job_runner.py:245} INFO - ::endgroup::
