[2025-04-18T07:41:30.394+0000] {local_task_job_runner.py:123} INFO - ::group::Pre task execution logs
[2025-04-18T07:41:30.399+0000] {taskinstance.py:2613} INFO - Dependencies all met for dep_context=non-requeueable deps ti=<TaskInstance: triphobo_attractions_pipeline.upload_geocoded_attractions scheduled__2025-04-16T11:30:00+00:00 [queued]>
[2025-04-18T07:41:30.402+0000] {taskinstance.py:2613} INFO - Dependencies all met for dep_context=requeueable deps ti=<TaskInstance: triphobo_attractions_pipeline.upload_geocoded_attractions scheduled__2025-04-16T11:30:00+00:00 [queued]>
[2025-04-18T07:41:30.402+0000] {taskinstance.py:2866} INFO - Starting attempt 1 of 1
[2025-04-18T07:41:30.405+0000] {taskinstance.py:2889} INFO - Executing <Task(PythonOperator): upload_geocoded_attractions> on 2025-04-16 11:30:00+00:00
[2025-04-18T07:41:30.409+0000] {warnings.py:112} WARNING - /home/***/.local/lib/python3.12/site-packages/***/task/task_runner/standard_task_runner.py:70: DeprecationWarning: This process (pid=2166) is multi-threaded, use of fork() may lead to deadlocks in the child.
  pid = os.fork()

[2025-04-18T07:41:30.410+0000] {standard_task_runner.py:72} INFO - Started process 2167 to run task
[2025-04-18T07:41:30.410+0000] {standard_task_runner.py:104} INFO - Running: ['***', 'tasks', 'run', 'triphobo_attractions_pipeline', 'upload_geocoded_attractions', 'scheduled__2025-04-16T11:30:00+00:00', '--job-id', '71', '--raw', '--subdir', 'DAGS_FOLDER/attractions_dag.py', '--cfg-path', '/tmp/tmp39ae_ggr']
[2025-04-18T07:41:30.411+0000] {standard_task_runner.py:105} INFO - Job 71: Subtask upload_geocoded_attractions
[2025-04-18T07:41:30.431+0000] {task_command.py:467} INFO - Running <TaskInstance: triphobo_attractions_pipeline.upload_geocoded_attractions scheduled__2025-04-16T11:30:00+00:00 [running]> on host 68d96c644388
[2025-04-18T07:41:30.459+0000] {taskinstance.py:3132} INFO - Exporting env vars: AIRFLOW_CTX_DAG_OWNER='***' AIRFLOW_CTX_DAG_ID='triphobo_attractions_pipeline' AIRFLOW_CTX_TASK_ID='upload_geocoded_attractions' AIRFLOW_CTX_EXECUTION_DATE='2025-04-16T11:30:00+00:00' AIRFLOW_CTX_TRY_NUMBER='1' AIRFLOW_CTX_DAG_RUN_ID='scheduled__2025-04-16T11:30:00+00:00'
[2025-04-18T07:41:30.459+0000] {taskinstance.py:731} INFO - ::endgroup::
[2025-04-18T07:41:32.890+0000] {attractions_dag.py:563} INFO - Uploaded /tmp/triphobo_data/attractions_with_coords.csv to s3://bigdatafinal2025/clean/attractions_with_coords.csv
[2025-04-18T07:41:32.892+0000] {python.py:240} INFO - Done. Returned value was: None
[2025-04-18T07:41:32.901+0000] {taskinstance.py:340} INFO - ::group::Post task execution logs
[2025-04-18T07:41:32.902+0000] {taskinstance.py:352} INFO - Marking task as SUCCESS. dag_id=triphobo_attractions_pipeline, task_id=upload_geocoded_attractions, run_id=scheduled__2025-04-16T11:30:00+00:00, execution_date=20250416T113000, start_date=20250418T074130, end_date=20250418T074132
[2025-04-18T07:41:32.940+0000] {local_task_job_runner.py:266} INFO - Task exited with return code 0
[2025-04-18T07:41:32.955+0000] {taskinstance.py:3895} INFO - 1 downstream tasks scheduled from follow-on schedule check
[2025-04-18T07:41:32.955+0000] {local_task_job_runner.py:245} INFO - ::endgroup::
