[2025-04-17T23:15:39.399+0000] {local_task_job_runner.py:123} INFO - ::group::Pre task execution logs
[2025-04-17T23:15:39.404+0000] {taskinstance.py:2613} INFO - Dependencies all met for dep_context=non-requeueable deps ti=<TaskInstance: triphobo_tours_pipeline.geocode_tours manual__2025-04-17T22:06:42.144822+00:00 [queued]>
[2025-04-17T23:15:39.406+0000] {taskinstance.py:2613} INFO - Dependencies all met for dep_context=requeueable deps ti=<TaskInstance: triphobo_tours_pipeline.geocode_tours manual__2025-04-17T22:06:42.144822+00:00 [queued]>
[2025-04-17T23:15:39.406+0000] {taskinstance.py:2866} INFO - Starting attempt 1 of 1
[2025-04-17T23:15:39.410+0000] {taskinstance.py:2889} INFO - Executing <Task(PythonOperator): geocode_tours> on 2025-04-17 22:06:42.144822+00:00
[2025-04-17T23:15:39.413+0000] {warnings.py:112} WARNING - /home/***/.local/lib/python3.12/site-packages/***/task/task_runner/standard_task_runner.py:70: DeprecationWarning: This process (pid=2857) is multi-threaded, use of fork() may lead to deadlocks in the child.
  pid = os.fork()

[2025-04-17T23:15:39.414+0000] {standard_task_runner.py:72} INFO - Started process 2858 to run task
[2025-04-17T23:15:39.415+0000] {standard_task_runner.py:104} INFO - Running: ['***', 'tasks', 'run', 'triphobo_tours_pipeline', 'geocode_tours', 'manual__2025-04-17T22:06:42.144822+00:00', '--job-id', '431', '--raw', '--subdir', 'DAGS_FOLDER/itinerary_tours_dag.py', '--cfg-path', '/tmp/tmpz6sheyug']
[2025-04-17T23:15:39.416+0000] {standard_task_runner.py:105} INFO - Job 431: Subtask geocode_tours
[2025-04-17T23:15:39.431+0000] {task_command.py:467} INFO - Running <TaskInstance: triphobo_tours_pipeline.geocode_tours manual__2025-04-17T22:06:42.144822+00:00 [running]> on host 4d0efc92e922
[2025-04-17T23:15:39.455+0000] {taskinstance.py:3132} INFO - Exporting env vars: AIRFLOW_CTX_DAG_OWNER='***' AIRFLOW_CTX_DAG_ID='triphobo_tours_pipeline' AIRFLOW_CTX_TASK_ID='geocode_tours' AIRFLOW_CTX_EXECUTION_DATE='2025-04-17T22:06:42.144822+00:00' AIRFLOW_CTX_TRY_NUMBER='1' AIRFLOW_CTX_DAG_RUN_ID='manual__2025-04-17T22:06:42.144822+00:00'
[2025-04-17T23:15:39.455+0000] {taskinstance.py:731} INFO - ::endgroup::
[2025-04-17T23:15:39.460+0000] {tours_geocoding.py:142} INFO - Processing file from /tmp/triphobo_data/cleaned_tours.csv to /tmp/triphobo_data/tours_with_coords.csv
[2025-04-17T23:15:39.502+0000] {tours_geocoding.py:81} INFO - Total tours to process: 1074
[2025-04-17T23:15:39.530+0000] {tours_geocoding.py:86} INFO - Resuming from existing output file with 479 rows
[2025-04-17T23:15:39.531+0000] {tours_geocoding.py:105} INFO - Processing batch 10: rows 480 to 529
[2025-04-17T23:15:39.531+0000] {tours_geocoding.py:112} INFO -   (480/1074) Geocoding: The Walt Disney Family Museum Admission In San Francisco
[2025-04-17T23:15:39.962+0000] {tours_geocoding.py:112} INFO -   (481/1074) Geocoding: Chicago Architecture River Cruise
[2025-04-17T23:15:40.258+0000] {tours_geocoding.py:112} INFO -   (482/1074) Geocoding: Big Bus Chicago Hop On Hop Off Tour
[2025-04-17T23:15:40.547+0000] {tours_geocoding.py:112} INFO -   (483/1074) Geocoding: Chicago Crime And Mob Tour
[2025-04-17T23:15:40.798+0000] {tours_geocoding.py:112} INFO -   (484/1074) Geocoding: Lake Michigan Sightseeing Cruise 58d170088427a53c720003ef
[2025-04-17T23:15:41.033+0000] {tours_geocoding.py:112} INFO -   (485/1074) Geocoding: Skydeck Chicago Admission
[2025-04-17T23:15:41.333+0000] {tours_geocoding.py:112} INFO -   (486/1074) Geocoding: Lake Michigan And Chicago River Architecture Cruise By Speedboat
[2025-04-17T23:15:41.589+0000] {tours_geocoding.py:112} INFO -   (487/1074) Geocoding: Tastes Of Chicago Bike Tour Chicago Style Pizza Beer Cupcakes And Hot Dogs
[2025-04-17T23:15:41.936+0000] {tours_geocoding.py:112} INFO -   (488/1074) Geocoding: 360 Chicago Observation Deck Formerly John Hancock Observatory Admission
[2025-04-17T23:15:42.263+0000] {tours_geocoding.py:112} INFO -   (489/1074) Geocoding: Chicago Citypass 5ac65a665840d44ac100007a
[2025-04-17T23:15:42.513+0000] {tours_geocoding.py:112} INFO -   (490/1074) Geocoding: Chicago Dinner Cruise
[2025-04-17T23:15:42.778+0000] {tours_geocoding.py:112} INFO -   (491/1074) Geocoding: Chicago Explorer Pass 57ac38868427a53d1a00006b
[2025-04-17T23:15:43.013+0000] {tours_geocoding.py:112} INFO -   (492/1074) Geocoding: Behind The Scenes Chicago Pizza Tour By Coach
[2025-04-17T23:15:43.274+0000] {tours_geocoding.py:112} INFO -   (493/1074) Geocoding: Chicago City Tour With Optional River Cruise
[2025-04-17T23:15:43.559+0000] {tours_geocoding.py:112} INFO -   (494/1074) Geocoding: Underground Donut Tour Chicago S First Donut Tour
[2025-04-17T23:15:43.839+0000] {tours_geocoding.py:112} INFO -   (495/1074) Geocoding: Lake Michigan Speedboat Ride
[2025-04-17T23:15:44.079+0000] {tours_geocoding.py:112} INFO -   (496/1074) Geocoding: Willis Tower Skydeck Dinner
[2025-04-17T23:15:44.358+0000] {tours_geocoding.py:112} INFO -   (497/1074) Geocoding: Small Group Chicago Loop Food Walking Tour
[2025-04-17T23:15:44.782+0000] {tours_geocoding.py:112} INFO -   (498/1074) Geocoding: Private Chicago Sunset Sail On Lake Michigan
[2025-04-17T23:15:45.015+0000] {tours_geocoding.py:112} INFO -   (499/1074) Geocoding: Tastes Of Chicago Walking Tour Chicago Style Pizza Beer Brownies And Italian Beef
[2025-04-17T23:15:45.299+0000] {tours_geocoding.py:112} INFO -   (500/1074) Geocoding: Chicago Walking Tour Art Deco Skyscrapers
[2025-04-17T23:15:45.564+0000] {tours_geocoding.py:112} INFO -   (501/1074) Geocoding: Haunted Chicago Segway Tour
[2025-04-17T23:15:45.827+0000] {tours_geocoding.py:112} INFO -   (502/1074) Geocoding: Chicago Night Crimes Tour
[2025-04-17T23:15:46.080+0000] {tours_geocoding.py:112} INFO -   (503/1074) Geocoding: Chicago Brunch Cruise
[2025-04-17T23:15:46.347+0000] {tours_geocoding.py:112} INFO -   (504/1074) Geocoding: Electric Bikes At Night Tour In Chicago
[2025-04-17T23:15:46.589+0000] {tours_geocoding.py:112} INFO -   (505/1074) Geocoding: Chicago Lakefront Neighborhoods Bicycle Tour
[2025-04-17T23:15:46.853+0000] {tours_geocoding.py:112} INFO -   (506/1074) Geocoding: Chicago Lakefront And Museum Campus Segway Tour
[2025-04-17T23:15:47.130+0000] {tours_geocoding.py:112} INFO -   (507/1074) Geocoding: Chicago Walking Tour Historic Skyscrapers
[2025-04-17T23:15:47.369+0000] {tours_geocoding.py:112} INFO -   (508/1074) Geocoding: Chicago Loop Walking Tour
[2025-04-17T23:15:47.595+0000] {tours_geocoding.py:112} INFO -   (509/1074) Geocoding: Private Arrival Transfer Chicago Airport To Downtown Chicago
[2025-04-17T23:15:47.841+0000] {tours_geocoding.py:112} INFO -   (510/1074) Geocoding: Chicago Lincoln Park Bike Adventure
[2025-04-17T23:15:48.098+0000] {tours_geocoding.py:112} INFO -   (511/1074) Geocoding: Amazing Lakefront Segway In Chicago
[2025-04-17T23:15:48.359+0000] {tours_geocoding.py:112} INFO -   (512/1074) Geocoding: Chicago Walking Tour Modern Architecture
[2025-04-17T23:15:48.599+0000] {tours_geocoding.py:112} INFO -   (513/1074) Geocoding: Chicago Holiday Stroll And Food Tour
[2025-04-17T23:15:48.913+0000] {tours_geocoding.py:112} INFO -   (514/1074) Geocoding: Chicago Tastes Of Chinatown Walking Food Tour
[2025-04-17T23:15:49.210+0000] {tours_geocoding.py:112} INFO -   (515/1074) Geocoding: Private Departure Transfer Downtown Chicago To Chicago Airport
[2025-04-17T23:15:49.458+0000] {tours_geocoding.py:112} INFO -   (516/1074) Geocoding: Chicago Walking Tour Tiffany Treasures
[2025-04-17T23:15:49.699+0000] {tours_geocoding.py:112} INFO -   (517/1074) Geocoding: Museums And Parks Bicycle Tour In Chicago
[2025-04-17T23:15:49.942+0000] {tours_geocoding.py:112} INFO -   (518/1074) Geocoding: Spirit Of Chicago Lunch Cruise With Buffet
[2025-04-17T23:15:50.214+0000] {tours_geocoding.py:112} INFO -   (519/1074) Geocoding: Private Navy Pier Fireworks Sail In Chicago
[2025-04-17T23:15:50.450+0000] {tours_geocoding.py:112} INFO -   (520/1074) Geocoding: Chicago Craft Brewery Barrel Bus Tour
[2025-04-17T23:15:50.727+0000] {tours_geocoding.py:112} INFO -   (521/1074) Geocoding: Chicago Independent Bike Tour With Full Day Rental
[2025-04-17T23:15:50.988+0000] {tours_geocoding.py:112} INFO -   (522/1074) Geocoding: Haunted Evening Chicago Pub Tour
[2025-04-17T23:15:51.217+0000] {tours_geocoding.py:112} INFO -   (523/1074) Geocoding: Chicago Scavenger Hunt Adventure
[2025-04-17T23:15:51.466+0000] {tours_geocoding.py:112} INFO -   (524/1074) Geocoding: Fright Hike Halloween Edition Chicago Bike Tour
[2025-04-17T23:15:51.695+0000] {tours_geocoding.py:112} INFO -   (525/1074) Geocoding: Chicago Architecture Walking Tour Dazzling Interiors Of The Loop
[2025-04-17T23:15:51.947+0000] {tours_geocoding.py:112} INFO -   (526/1074) Geocoding: Chicago Walking Tour Historic Treasures Of Chicago
[2025-04-17T23:15:52.175+0000] {tours_geocoding.py:112} INFO -   (527/1074) Geocoding: Chicago Insider Segway Tour
[2025-04-17T23:15:52.410+0000] {tours_geocoding.py:112} INFO -   (528/1074) Geocoding: 30 Minute Private Vacation Photography Session With Local Photographer In Chicago
[2025-04-17T23:15:52.866+0000] {tours_geocoding.py:112} INFO -   (529/1074) Geocoding: Chicago Fireworks Viewing By Segway
[2025-04-17T23:15:53.144+0000] {tours_geocoding.py:125} INFO - Completed batch 10. Sleeping before next batch...
[2025-04-17T23:15:55.148+0000] {tours_geocoding.py:105} INFO - Processing batch 11: rows 530 to 579
[2025-04-17T23:15:55.150+0000] {tours_geocoding.py:112} INFO -   (530/1074) Geocoding: Chicago River Experience
[2025-04-17T23:15:55.388+0000] {tours_geocoding.py:112} INFO -   (531/1074) Geocoding: 2 Hr Lakefront And Museum Campus Segway Tour
[2025-04-17T23:15:55.640+0000] {tours_geocoding.py:112} INFO -   (532/1074) Geocoding: Chicago Sunset Segway Tour
[2025-04-17T23:15:55.922+0000] {tours_geocoding.py:112} INFO -   (533/1074) Geocoding: Volo Auto Museum Admission
[2025-04-17T23:15:56.214+0000] {tours_geocoding.py:112} INFO -   (534/1074) Geocoding: American Writers Museum Admission
[2025-04-17T23:15:56.504+0000] {tours_geocoding.py:112} INFO -   (535/1074) Geocoding: Chicago In A Day Food History And Architecture Combo Tour
[2025-04-17T23:15:56.769+0000] {tours_geocoding.py:112} INFO -   (536/1074) Geocoding: Chicago Historical Food Tour Of River North
[2025-04-17T23:15:57.035+0000] {tours_geocoding.py:112} INFO -   (537/1074) Geocoding: Chicago Walking Tour The Magnificent Mile
[2025-04-17T23:15:57.326+0000] {tours_geocoding.py:112} INFO -   (538/1074) Geocoding: Field Museum Of Natural History All Access Pass
[2025-04-17T23:15:57.585+0000] {tours_geocoding.py:112} INFO -   (539/1074) Geocoding: Hidden History In Chicago S Gold Coast Walking Audio Tour By Voicemap
[2025-04-17T23:15:57.862+0000] {tours_geocoding.py:112} INFO -   (540/1074) Geocoding: Chicago Citypass
[2025-04-17T23:15:58.087+0000] {tours_geocoding.py:112} INFO -   (541/1074) Geocoding: Over 31 Years As Chicago S Original Gangster Tour Focused On The Prohibition Era
[2025-04-17T23:15:58.343+0000] {tours_geocoding.py:112} INFO -   (542/1074) Geocoding: Nching Product Options With Start Times
[2025-04-17T23:15:58.603+0000] {tours_geocoding.py:112} INFO -   (543/1074) Geocoding: Spirit Of Chicago Fireworks Dinner Cruise With Buffet
[2025-04-17T23:15:58.846+0000] {tours_geocoding.py:112} INFO -   (544/1074) Geocoding: Windy City Ghost Tour
[2025-04-17T23:15:59.095+0000] {tours_geocoding.py:112} INFO -   (545/1074) Geocoding: Odyssey Chicago River Architectural Lunch Cruise
[2025-04-17T23:15:59.366+0000] {tours_geocoding.py:112} INFO -   (546/1074) Geocoding: Chicago River Architecture Tour
[2025-04-17T23:15:59.607+0000] {tours_geocoding.py:112} INFO -   (547/1074) Geocoding: Chicago Lakefront Electric Bike Tour 5de612e10a21c77129300bc0
[2025-04-17T23:15:59.863+0000] {tours_geocoding.py:112} INFO -   (548/1074) Geocoding: 45 Minute Chicago Helicopter Skyline Tour Experience For 3 Passengers
[2025-04-17T23:16:00.351+0000] {tours_geocoding.py:112} INFO -   (549/1074) Geocoding: Chicago Lake And River Architecture Tour
[2025-04-17T23:16:00.595+0000] {tours_geocoding.py:112} INFO -   (550/1074) Geocoding: Big Bus Chicago Night Tour
[2025-04-17T23:16:00.824+0000] {tours_geocoding.py:112} INFO -   (551/1074) Geocoding: Best Of Chicago History Culture Tour With Chocolate And Popcorn
[2025-04-17T23:16:01.056+0000] {tours_geocoding.py:112} INFO -   (552/1074) Geocoding: Macy S Star Shopper State Street Chicago
[2025-04-17T23:16:01.316+0000] {tours_geocoding.py:112} INFO -   (553/1074) Geocoding: Shop And Shuttle Chicago
[2025-04-17T23:16:01.578+0000] {tours_geocoding.py:112} INFO -   (554/1074) Geocoding: 2 Hours Chicago Sightseeing Tour Luxury Private Stretch Limo 8 Passengers
[2025-04-17T23:16:01.849+0000] {tours_geocoding.py:112} INFO -   (555/1074) Geocoding: Chicago Explorer Pass
[2025-04-17T23:16:02.090+0000] {tours_geocoding.py:112} INFO -   (556/1074) Geocoding: Chicago Mafia And Blues Night Tour
[2025-04-17T23:16:02.351+0000] {tours_geocoding.py:112} INFO -   (557/1074) Geocoding: Chicago Barrel Bus Craft Brewery Tour
[2025-04-17T23:16:02.626+0000] {tours_geocoding.py:112} INFO -   (558/1074) Geocoding: Arrival Private Transfer Chicago O Hare Airport Ord To Chicago In An Suv
[2025-04-17T23:16:02.920+0000] {tours_geocoding.py:112} INFO -   (559/1074) Geocoding: Transfer In Private Vehicle From Chicago Airport To City
[2025-04-17T23:16:03.175+0000] {tours_geocoding.py:112} INFO -   (560/1074) Geocoding: Offbeat Street Art Tour Urban Graffiti Art And Mural Tour
[2025-04-17T23:16:03.439+0000] {tours_geocoding.py:112} INFO -   (561/1074) Geocoding: Chicago Arrival Private Transfers From O Hare Airport Ord To Chicago City
[2025-04-17T23:16:03.723+0000] {tours_geocoding.py:112} INFO -   (562/1074) Geocoding: Chicago Airport Transfers Chicago City To O Hare Airport Ord In Luxury Suv
[2025-04-17T23:16:03.991+0000] {tours_geocoding.py:112} INFO -   (563/1074) Geocoding: Chicago Walking Tour A Walk Through Time
[2025-04-17T23:16:04.230+0000] {tours_geocoding.py:112} INFO -   (564/1074) Geocoding: Chicago Naperville Indoor Skydiving Experience
[2025-04-17T23:16:04.462+0000] {tours_geocoding.py:112} INFO -   (565/1074) Geocoding: Chicago Lincoln Park Indoor Skydiving Experience
[2025-04-17T23:16:04.729+0000] {tours_geocoding.py:112} INFO -   (566/1074) Geocoding: Chicago Rosemont Indoor Skydiving Experience
[2025-04-17T23:16:04.965+0000] {tours_geocoding.py:112} INFO -   (567/1074) Geocoding: All Inclusive Luxury Sedan Transfer From O Hare Airport To Chicago Downtown
[2025-04-17T23:16:05.219+0000] {tours_geocoding.py:112} INFO -   (568/1074) Geocoding: Lincoln Park Hauntings Ghost Investigation Tour
[2025-04-17T23:16:05.469+0000] {tours_geocoding.py:112} INFO -   (569/1074) Geocoding: Curbside Suv Transfer From Ord To Downtown Chicago
[2025-04-17T23:16:05.710+0000] {tours_geocoding.py:112} INFO -   (570/1074) Geocoding: Curbside Sedan Transfer From O Hare Airport To Downtown Chicago
[2025-04-17T23:16:05.968+0000] {tours_geocoding.py:112} INFO -   (571/1074) Geocoding: Private Airport Transfer Chicago Airport Arrival And Departure
[2025-04-17T23:16:06.229+0000] {tours_geocoding.py:112} INFO -   (572/1074) Geocoding: Airport Transfer 5d84a1df0a21c71fb30b993d
[2025-04-17T23:16:06.460+0000] {tours_geocoding.py:112} INFO -   (573/1074) Geocoding: Odyssey Lake Michigan Thanksgiving Dinner Cruise
[2025-04-17T23:16:06.701+0000] {tours_geocoding.py:112} INFO -   (574/1074) Geocoding: Departure Private Transfer Chicago To O Hare Airport Ord In A Sedan Car
[2025-04-17T23:16:06.968+0000] {tours_geocoding.py:112} INFO -   (575/1074) Geocoding: Round Trip Transfer In Private Vehicle From To Airport In Chicago
[2025-04-17T23:16:07.224+0000] {tours_geocoding.py:112} INFO -   (576/1074) Geocoding: Transfer In Private Vehicle From Chicago City To Airport
[2025-04-17T23:16:07.474+0000] {tours_geocoding.py:112} INFO -   (577/1074) Geocoding: Chicago Departure Private Transfers Chicago To O Hare Airport Ord In Luxury Suv
[2025-04-17T23:16:07.736+0000] {tours_geocoding.py:112} INFO -   (578/1074) Geocoding: Chicago Departure Private Transfers From Chicago City To O Hare Airport Ord
[2025-04-17T23:16:07.999+0000] {tours_geocoding.py:112} INFO -   (579/1074) Geocoding: Chicago Arrival Private Transfers O Hare Airport Ord To Chicago In Luxury Suv
[2025-04-17T23:16:08.264+0000] {tours_geocoding.py:125} INFO - Completed batch 11. Sleeping before next batch...
[2025-04-17T23:16:10.266+0000] {tours_geocoding.py:105} INFO - Processing batch 12: rows 580 to 629
[2025-04-17T23:16:10.267+0000] {tours_geocoding.py:112} INFO -   (580/1074) Geocoding: Chicago Airport Transfers Chicago City To O Hare Airport Ord In Sedan Car
[2025-04-17T23:16:10.537+0000] {tours_geocoding.py:112} INFO -   (581/1074) Geocoding: Chicago Airport Transfers O Hare Airport Ord To Chicago City In Luxury Sedan
[2025-04-17T23:16:10.815+0000] {tours_geocoding.py:112} INFO -   (582/1074) Geocoding: Chicago Airport Transfers O Hare Airport Ord To Chicago City In Luxury Suv
[2025-04-17T23:16:11.064+0000] {tours_geocoding.py:112} INFO -   (583/1074) Geocoding: Chicago Airport Transfers Chicago City To O Hare Airport Ord In Luxury Sedan
[2025-04-17T23:16:11.317+0000] {tours_geocoding.py:112} INFO -   (584/1074) Geocoding: Private Sedan Transfer Between Ord And Indianapolis In
[2025-04-17T23:16:11.590+0000] {tours_geocoding.py:112} INFO -   (585/1074) Geocoding: Chicago Airport Transfer Midway Airport Mdw To O Hare Airport Ord In Luxury Suv
[2025-04-17T23:16:11.896+0000] {tours_geocoding.py:112} INFO -   (586/1074) Geocoding: Grand Canyon South Rim Bus Tour With Optional Upgrades
[2025-04-17T23:16:12.204+0000] {tours_geocoding.py:112} INFO -   (587/1074) Geocoding: Deluxe Las Vegas Helicopter Night Flight With Vip Transportation
[2025-04-17T23:16:12.445+0000] {tours_geocoding.py:112} INFO -   (588/1074) Geocoding: Las Vegas Strip Night Flight By Helicopter With Transport
[2025-04-17T23:16:12.709+0000] {tours_geocoding.py:112} INFO -   (589/1074) Geocoding: Morning Maverick Horseback Ride With Breakfast
[2025-04-17T23:16:12.966+0000] {tours_geocoding.py:112} INFO -   (590/1074) Geocoding: Ultimate Hoover Dam Tour
[2025-04-17T23:16:13.213+0000] {tours_geocoding.py:112} INFO -   (591/1074) Geocoding: Grand Canyon National Park Bus Tour
[2025-04-17T23:16:13.515+0000] {tours_geocoding.py:112} INFO -   (592/1074) Geocoding: Grand Canyon West Rim Ultimate Vip Tour
[2025-04-17T23:16:13.852+0000] {tours_geocoding.py:112} INFO -   (593/1074) Geocoding: Death Valley Tour From Las Vegas
[2025-04-17T23:16:14.124+0000] {tours_geocoding.py:112} INFO -   (594/1074) Geocoding: The High Roller At The Linq
[2025-04-17T23:16:14.556+0000] {tours_geocoding.py:112} INFO -   (595/1074) Geocoding: Grand Canyon West Rim Luxury Helicopter Tour
[2025-04-17T23:16:14.857+0000] {tours_geocoding.py:112} INFO -   (596/1074) Geocoding: Grand Canyon And Hoover Dam Day Trip From Las Vegas With Optional Skywalk
[2025-04-17T23:16:15.166+0000] {tours_geocoding.py:112} INFO -   (597/1074) Geocoding: Las Vegas Super Saver Romance Package At Madame Tussauds With The High Roller And Lunch Or Dinner
[2025-04-17T23:16:15.470+0000] {tours_geocoding.py:112} INFO -   (598/1074) Geocoding: 3 Day National Parks Tour From Las Vegas Grand Canyon Zion And Bryce Canyon
[2025-04-17T23:16:15.795+0000] {tours_geocoding.py:112} INFO -   (599/1074) Geocoding: Las Vegas Combo Tour Grand Canyon Helicopter Flight And Colorado River Float Day Trip
[2025-04-17T23:16:16.102+0000] {tours_geocoding.py:112} INFO -   (600/1074) Geocoding: 3 Day National Parks Camping Tour Zion Bryce Canyon Monument Valley And Grand Canyon From Las Vegas
[2025-04-17T23:16:16.459+0000] {tours_geocoding.py:112} INFO -   (601/1074) Geocoding: O By Cirque Du Soleil At The Bellagio Hotel And Casino
[2025-04-17T23:16:16.767+0000] {tours_geocoding.py:112} INFO -   (602/1074) Geocoding: Valley Of Fire Hiking Tour From Las Vegas
[2025-04-17T23:16:17.027+0000] {tours_geocoding.py:112} INFO -   (603/1074) Geocoding: Deluxe Grand Canyon West Rim Day Trip From Las Vegas With Optional Skywalk
[2025-04-17T23:16:17.340+0000] {tours_geocoding.py:112} INFO -   (604/1074) Geocoding: Big Bus Las Vegas Night Tour
[2025-04-17T23:16:17.584+0000] {tours_geocoding.py:112} INFO -   (605/1074) Geocoding: Grand Canyon West Rim Day Trip By Coach Helicopter And Boat With Optional Skywalk
[2025-04-17T23:16:17.908+0000] {tours_geocoding.py:112} INFO -   (606/1074) Geocoding: Vegas The Show At Planet Hollywood Resort And Casino
[2025-04-17T23:16:18.213+0000] {tours_geocoding.py:112} INFO -   (607/1074) Geocoding: Bryce Canyon And Zion National Parks Small Group Tour From Las Vegas
[2025-04-17T23:16:18.542+0000] {tours_geocoding.py:112} INFO -   (608/1074) Geocoding: Scooter Car Tour Of Red Rock Canyon With Transport From Las Vegas
[2025-04-17T23:16:18.801+0000] {tours_geocoding.py:112} INFO -   (609/1074) Geocoding: Grand Canyon West Rim Bus Tour From Las Vegas
[2025-04-17T23:16:19.105+0000] {tours_geocoding.py:112} INFO -   (610/1074) Geocoding: Grand Canyon West 6 In 1 Tour With Helicopter And Landing
[2025-04-17T23:16:19.429+0000] {tours_geocoding.py:112} INFO -   (611/1074) Geocoding: Zion National Park Day Tour From Las Vegas
[2025-04-17T23:16:19.681+0000] {tours_geocoding.py:112} INFO -   (612/1074) Geocoding: Blue Man Group At The Luxor Hotel And Casino
[2025-04-17T23:16:19.985+0000] {tours_geocoding.py:112} INFO -   (613/1074) Geocoding: Above And Below The Rim Grand Canyon West Rim Helicopter Flight
[2025-04-17T23:16:20.305+0000] {tours_geocoding.py:112} INFO -   (614/1074) Geocoding: Half Or Full Day Kayaking Tour On The Colorado River From Las Vegas
[2025-04-17T23:16:20.572+0000] {tours_geocoding.py:112} INFO -   (615/1074) Geocoding: Hoover Dam Tour From Las Vegas
[2025-04-17T23:16:20.816+0000] {tours_geocoding.py:112} INFO -   (616/1074) Geocoding: Small Group Death Valley National Park Day Trip From Las Vegas
[2025-04-17T23:16:21.146+0000] {tours_geocoding.py:112} INFO -   (617/1074) Geocoding: Red Rock Canyon Hiking Tour
[2025-04-17T23:16:21.417+0000] {tours_geocoding.py:112} INFO -   (618/1074) Geocoding: Scooter Tours Of Red Rock Canyon
[2025-04-17T23:16:21.704+0000] {tours_geocoding.py:112} INFO -   (619/1074) Geocoding: Black Canyon Kayak Day Trip From Las Vegas
[2025-04-17T23:16:21.981+0000] {tours_geocoding.py:112} INFO -   (620/1074) Geocoding: Las Vegas Night Flight Helicopter Wedding Ceremony
[2025-04-17T23:16:22.235+0000] {tours_geocoding.py:112} INFO -   (621/1074) Geocoding: Self Drive 1 Day Grand Canyon Whitewater Rafting Tour
[2025-04-17T23:16:22.514+0000] {tours_geocoding.py:112} INFO -   (622/1074) Geocoding: Hidden Valley And Primm Atv Tour
[2025-04-17T23:16:22.769+0000] {tours_geocoding.py:112} INFO -   (623/1074) Geocoding: Exotic Car Driving Experience Package In Las Vegas
[2025-04-17T23:16:23.006+0000] {tours_geocoding.py:112} INFO -   (624/1074) Geocoding: Valley Of Fire And Lost City Museum Tour From Las Vegas
[2025-04-17T23:16:23.277+0000] {tours_geocoding.py:112} INFO -   (625/1074) Geocoding: Las Vegas Reality Show Vip Tour
[2025-04-17T23:16:23.537+0000] {tours_geocoding.py:112} INFO -   (626/1074) Geocoding: Vegas Rock Star Nightclub Tour
[2025-04-17T23:16:23.835+0000] {tours_geocoding.py:112} INFO -   (627/1074) Geocoding: Arizona Ghost Towns And Wild West Day Trip From Las Vegas
[2025-04-17T23:16:24.119+0000] {tours_geocoding.py:112} INFO -   (628/1074) Geocoding: Atv Tour Of Lake Mead And Colorado River From Las Vegas
[2025-04-17T23:16:24.444+0000] {tours_geocoding.py:112} INFO -   (629/1074) Geocoding: Eiffel Tower Experience At Paris Las Vegas
[2025-04-17T23:16:24.723+0000] {tours_geocoding.py:125} INFO - Completed batch 12. Sleeping before next batch...
[2025-04-17T23:16:26.726+0000] {tours_geocoding.py:105} INFO - Processing batch 13: rows 630 to 679
[2025-04-17T23:16:26.727+0000] {tours_geocoding.py:112} INFO -   (630/1074) Geocoding: Las Vegas Car Lovers Vip Tour
[2025-04-17T23:16:26.996+0000] {tours_geocoding.py:112} INFO -   (631/1074) Geocoding: Grand Canyon West Rim Helicopter Tour From Las Vegas
[2025-04-17T23:16:27.314+0000] {tours_geocoding.py:112} INFO -   (632/1074) Geocoding: Grand Canyon West Rim Day Tour From Las Vegas
[2025-04-17T23:16:27.637+0000] {tours_geocoding.py:112} INFO -   (633/1074) Geocoding: Grand Canyon And Hoover Dam Small Group Day Trip With Optional Skywalk Admission
[2025-04-17T23:16:27.942+0000] {tours_geocoding.py:112} INFO -   (634/1074) Geocoding: Grand Canyon Deluxe Helicopter Tour From Las Vegas
[2025-04-17T23:16:28.203+0000] {tours_geocoding.py:112} INFO -   (635/1074) Geocoding: K By Cirque Du Soleil At The Mgm Grand Hotel And Casino
[2025-04-17T23:16:28.542+0000] {tours_geocoding.py:112} INFO -   (636/1074) Geocoding: Hoover Dam Experience From Las Vegas
[2025-04-17T23:16:28.795+0000] {tours_geocoding.py:112} INFO -   (637/1074) Geocoding: V The Ultimate Variety Show At Planet Hollywood Resort And Casino
[2025-04-17T23:16:29.107+0000] {tours_geocoding.py:112} INFO -   (638/1074) Geocoding: Big Bus Las Vegas Hop On Hop Off Tour
[2025-04-17T23:16:29.387+0000] {tours_geocoding.py:112} INFO -   (639/1074) Geocoding: Valley Of Fire Wedding By Private Limousine
[2025-04-17T23:16:29.666+0000] {tours_geocoding.py:112} INFO -   (640/1074) Geocoding: Elvis Wedding At Graceland Wedding Chapel
[2025-04-17T23:16:29.955+0000] {tours_geocoding.py:112} INFO -   (641/1074) Geocoding: Donny And Marie At Flamingo Hotel And Casino Las Vegas
[2025-04-17T23:16:30.257+0000] {tours_geocoding.py:112} INFO -   (642/1074) Geocoding: Valley Of Fire Buggy Tour
[2025-04-17T23:16:30.510+0000] {tours_geocoding.py:112} INFO -   (643/1074) Geocoding: Fantasy At The Luxor Hotel And Casino
[2025-04-17T23:16:30.773+0000] {tours_geocoding.py:112} INFO -   (644/1074) Geocoding: Grand Canyon Helicopter Tour From Las Vegas With Champagne Picnic
[2025-04-17T23:16:31.056+0000] {tours_geocoding.py:112} INFO -   (645/1074) Geocoding: Marriage Can Be Murder A Comedy Murder Mystery Dinner Show At The D Las Vegas
[2025-04-17T23:16:31.359+0000] {tours_geocoding.py:112} INFO -   (646/1074) Geocoding: Best Of The West Rim Grand Canyon Air Tour With Optional Helicopter Boat Ride And Skywalk Admission
[2025-04-17T23:16:31.706+0000] {tours_geocoding.py:112} INFO -   (647/1074) Geocoding: Antelope Canyon Horseshoe Bend Expedition From Las Vegas
[2025-04-17T23:16:31.986+0000] {tours_geocoding.py:112} INFO -   (648/1074) Geocoding: Viator Exclusive Vip Helicopter Strip Flight With Eiffel Tower Dinner
[2025-04-17T23:16:32.264+0000] {tours_geocoding.py:112} INFO -   (649/1074) Geocoding: Hoover Dam Trike Tour
[2025-04-17T23:16:32.502+0000] {tours_geocoding.py:112} INFO -   (650/1074) Geocoding: Machine Gun Experience With Military Humvee In Las Vegas
[2025-04-17T23:16:32.747+0000] {tours_geocoding.py:112} INFO -   (651/1074) Geocoding: Grand Canyon West Rim Airplane Tour 57ad23bc8427a54446000173
[2025-04-17T23:16:33.029+0000] {tours_geocoding.py:112} INFO -   (652/1074) Geocoding: Mat Franco Magic Reinvented Nightly At The Linq Hotel And Casino
[2025-04-17T23:16:33.335+0000] {tours_geocoding.py:112} INFO -   (653/1074) Geocoding: Guided Mountain Bike Tour Of Mustang Trail In Red Rock Canyon
[2025-04-17T23:16:33.658+0000] {tours_geocoding.py:112} INFO -   (654/1074) Geocoding: Madame Tussauds Las Vegas
[2025-04-17T23:16:33.907+0000] {tours_geocoding.py:112} INFO -   (655/1074) Geocoding: X Burlesque At The Flamingo Hotel And Casino
[2025-04-17T23:16:34.236+0000] {tours_geocoding.py:112} INFO -   (656/1074) Geocoding: Las Vegas Wedding At The Graceland Wedding Chapel
[2025-04-17T23:16:34.546+0000] {tours_geocoding.py:112} INFO -   (657/1074) Geocoding: Zombie Burlesque At Planet Hollywood Resort And Casino
[2025-04-17T23:16:34.816+0000] {tours_geocoding.py:112} INFO -   (658/1074) Geocoding: Paranormal The Mindreading Magic Show At Bally S Las Vegas
[2025-04-17T23:16:35.095+0000] {tours_geocoding.py:112} INFO -   (659/1074) Geocoding: Small Group Hoover Dam Vip Tour From Las Vegas
[2025-04-17T23:16:35.369+0000] {tours_geocoding.py:112} INFO -   (660/1074) Geocoding: Viator Exclusive Las Vegas Strip By Limo With Personal Photographer
[2025-04-17T23:16:35.625+0000] {tours_geocoding.py:112} INFO -   (661/1074) Geocoding: Hoover Dam Small Group By Luxury Tour Trekker Am Or Pm
[2025-04-17T23:16:35.918+0000] {tours_geocoding.py:112} INFO -   (662/1074) Geocoding: Wild West Sunset Horseback Ride With Dinner
[2025-04-17T23:16:36.201+0000] {tours_geocoding.py:112} INFO -   (663/1074) Geocoding: Hidden Valley And Primm Valley Extreme Rzr Tour From Las Vegas
[2025-04-17T23:16:36.479+0000] {tours_geocoding.py:112} INFO -   (664/1074) Geocoding: The Mentalist At Planet Hollywood Hotel And Casino
[2025-04-17T23:16:36.808+0000] {tours_geocoding.py:112} INFO -   (665/1074) Geocoding: Haunted Vegas Tour And Ghost Hunt
[2025-04-17T23:16:37.079+0000] {tours_geocoding.py:112} INFO -   (666/1074) Geocoding: 2 Day Grand Canyon Tour From Las Vegas
[2025-04-17T23:16:37.351+0000] {tours_geocoding.py:112} INFO -   (667/1074) Geocoding: Las Vegas Fountains Photo Shoot
[2025-04-17T23:16:37.634+0000] {tours_geocoding.py:112} INFO -   (668/1074) Geocoding: Dig This Heavy Equipment Playground
[2025-04-17T23:16:37.896+0000] {tours_geocoding.py:112} INFO -   (669/1074) Geocoding: Las Vegas Live Comedy Club At Planet Hollywood Resort And Casino
[2025-04-17T23:16:38.172+0000] {tours_geocoding.py:112} INFO -   (670/1074) Geocoding: Las Vegas Strip Helicopter Flight At Twilight
[2025-04-17T23:16:38.442+0000] {tours_geocoding.py:112} INFO -   (671/1074) Geocoding: Outdoor Shooting Experience In Las Vegas
[2025-04-17T23:16:38.701+0000] {tours_geocoding.py:112} INFO -   (672/1074) Geocoding: Chippendales At The Rio Suite Hotel And Casino
[2025-04-17T23:16:38.961+0000] {tours_geocoding.py:112} INFO -   (673/1074) Geocoding: Area 51 Day Tour From Las Vegas
[2025-04-17T23:16:39.227+0000] {tours_geocoding.py:112} INFO -   (674/1074) Geocoding: Las Vegas Strip And Downtown Scooter And Food Tour 5ac59bb35840d455e900176a
[2025-04-17T23:16:39.514+0000] {tours_geocoding.py:112} INFO -   (675/1074) Geocoding: Antelope Canyon And Horseshoe Bend Day Tour From Las Vegas
[2025-04-17T23:16:39.784+0000] {tours_geocoding.py:112} INFO -   (676/1074) Geocoding: Las Vegas Pool Party Tour 5ac659fb5840d4d3c100008c
[2025-04-17T23:16:40.048+0000] {tours_geocoding.py:112} INFO -   (677/1074) Geocoding: Las Vegas 51 S Baseball Tickets 5ac659925840d467a2000097
[2025-04-17T23:16:40.318+0000] {tours_geocoding.py:112} INFO -   (678/1074) Geocoding: Mini Baja Buggy Half Day Tour From Las Vegas
[2025-04-17T23:16:40.583+0000] {tours_geocoding.py:112} INFO -   (679/1074) Geocoding: World Famous Drive Up Wedding In Las Vegas
[2025-04-17T23:16:40.850+0000] {tours_geocoding.py:125} INFO - Completed batch 13. Sleeping before next batch...
[2025-04-17T23:16:42.851+0000] {tours_geocoding.py:105} INFO - Processing batch 14: rows 680 to 729
[2025-04-17T23:16:42.853+0000] {tours_geocoding.py:112} INFO -   (680/1074) Geocoding: Stripper 101 At Planet Hollywood Resort And Casino
[2025-04-17T23:16:43.155+0000] {tours_geocoding.py:112} INFO -   (681/1074) Geocoding: Brad Garrett S Comedy Club At Mgm Grand Hotel And Casino
[2025-04-17T23:16:43.527+0000] {tours_geocoding.py:112} INFO -   (682/1074) Geocoding: Piff The Magic Dragon At The Flamingo Las Vegas
[2025-04-17T23:16:43.816+0000] {tours_geocoding.py:112} INFO -   (683/1074) Geocoding: The Australian Bee Gees Show A Tribute To The Bee Gees At The Excalibur Hotel And Casino
[2025-04-17T23:16:44.154+0000] {tours_geocoding.py:112} INFO -   (684/1074) Geocoding: Titanic The Artifact Exhibition At The Luxor Hotel And Casino
[2025-04-17T23:16:44.488+0000] {tours_geocoding.py:112} INFO -   (685/1074) Geocoding: Grand Canyon National Park Vip Tour
[2025-04-17T23:16:44.750+0000] {tours_geocoding.py:112} INFO -   (686/1074) Geocoding: Grand Canyon South Rim Air And Ground Tour From Las Vegas
[2025-04-17T23:16:45.052+0000] {tours_geocoding.py:112} INFO -   (687/1074) Geocoding: Half Day Mojave Desert Atv Tour From Las Vegas With Lunch
[2025-04-17T23:16:45.308+0000] {tours_geocoding.py:112} INFO -   (688/1074) Geocoding: Private Las Vegas Airport To Hotel Luxury Limousine Transfer
[2025-04-17T23:16:45.607+0000] {tours_geocoding.py:112} INFO -   (689/1074) Geocoding: Las Vegas Explorer Pass 57ac388c8427a58f1a000088
[2025-04-17T23:16:45.850+0000] {tours_geocoding.py:112} INFO -   (690/1074) Geocoding: Grand Canyon West Helicopter Tour With Optional Boat Ride
[2025-04-17T23:16:46.136+0000] {tours_geocoding.py:112} INFO -   (691/1074) Geocoding: Small Group Grand Canyon West Rim Day Trip From Las Vegas
[2025-04-17T23:16:46.442+0000] {tours_geocoding.py:112} INFO -   (692/1074) Geocoding: 2 Hour Horseback Riding Through Red Rock Canyon
[2025-04-17T23:16:46.698+0000] {tours_geocoding.py:112} INFO -   (693/1074) Geocoding: Downtown And Fremont Street History Walking Tour
[2025-04-17T23:16:46.976+0000] {tours_geocoding.py:112} INFO -   (694/1074) Geocoding: David Copperfield At The Mgm Grand Hotel And Casino
[2025-04-17T23:16:47.314+0000] {tours_geocoding.py:112} INFO -   (695/1074) Geocoding: Half Day Kayaking Tour On The Colorado River From Las Vegas
[2025-04-17T23:16:47.576+0000] {tours_geocoding.py:112} INFO -   (696/1074) Geocoding: Las Vegas Bite Card
[2025-04-17T23:16:47.819+0000] {tours_geocoding.py:112} INFO -   (697/1074) Geocoding: The Rat Pack Is Back At The Tuscany Suites And Casino
[2025-04-17T23:16:48.096+0000] {tours_geocoding.py:112} INFO -   (698/1074) Geocoding: El Dorado Canyon And Gold Mine Trip
[2025-04-17T23:16:48.462+0000] {tours_geocoding.py:112} INFO -   (699/1074) Geocoding: Las Vegas Wedding At A Special Memory Wedding Chapel
[2025-04-17T23:16:48.780+0000] {tours_geocoding.py:112} INFO -   (700/1074) Geocoding: Hoot And Hoover Dam Tour
[2025-04-17T23:16:49.019+0000] {tours_geocoding.py:112} INFO -   (701/1074) Geocoding: Hidden Valley Atv Half Day Tour From Las Vegas
[2025-04-17T23:16:49.280+0000] {tours_geocoding.py:112} INFO -   (702/1074) Geocoding: Magic Mike Live Las Vegas At The Hard Rock Hotel And Casino
[2025-04-17T23:16:49.625+0000] {tours_geocoding.py:112} INFO -   (703/1074) Geocoding: 6 Hour Black Canyon And Colorado River By Motorized Raft Tour From Las Vegas
[2025-04-17T23:16:49.930+0000] {tours_geocoding.py:112} INFO -   (704/1074) Geocoding: Menopause The Musical At Harrah S Hotel And Casino
[2025-04-17T23:16:50.253+0000] {tours_geocoding.py:112} INFO -   (705/1074) Geocoding: Las Vegas Private Airport Roundtrip Transfer
[2025-04-17T23:16:50.513+0000] {tours_geocoding.py:112} INFO -   (706/1074) Geocoding: Stratosphere Tower Observation Deck
[2025-04-17T23:16:50.775+0000] {tours_geocoding.py:112} INFO -   (707/1074) Geocoding: 2 Day Las Vegas And Hoover Dam From Los Angeles
[2025-04-17T23:16:51.043+0000] {tours_geocoding.py:112} INFO -   (708/1074) Geocoding: Private Las Vegas Hotel To Airport Luxury Limousine Transfer
[2025-04-17T23:16:51.306+0000] {tours_geocoding.py:112} INFO -   (709/1074) Geocoding: Food Walking Tour Of The Las Vegas Strip
[2025-04-17T23:16:51.565+0000] {tours_geocoding.py:112} INFO -   (710/1074) Geocoding: Stratosphere Tower Unlimited Ride Pass
[2025-04-17T23:16:51.835+0000] {tours_geocoding.py:112} INFO -   (711/1074) Geocoding: Raiding The Rock Vault At The Hard Rock Hotel And Casino
[2025-04-17T23:16:52.182+0000] {tours_geocoding.py:112} INFO -   (712/1074) Geocoding: The Vegas Mob Tour
[2025-04-17T23:16:52.446+0000] {tours_geocoding.py:112} INFO -   (713/1074) Geocoding: Las Vegas Strip Food Walking Tour
[2025-04-17T23:16:52.722+0000] {tours_geocoding.py:112} INFO -   (714/1074) Geocoding: The Ultimate Las Vegas Fight Tour
[2025-04-17T23:16:53.007+0000] {tours_geocoding.py:112} INFO -   (715/1074) Geocoding: Purple Reign The Prince Tribute Show At The Tropicana Hotel Las Vegas
[2025-04-17T23:16:53.325+0000] {tours_geocoding.py:112} INFO -   (716/1074) Geocoding: Rzr Desert Adventure With Lunch At The Historic Pioneer Saloon
[2025-04-17T23:16:53.606+0000] {tours_geocoding.py:112} INFO -   (717/1074) Geocoding: Top Gun And Air Combat Experience
[2025-04-17T23:16:53.881+0000] {tours_geocoding.py:112} INFO -   (718/1074) Geocoding: 3 Day National Parks Winter Tour Grand Canyon Monument Valley And Zion From Las Vegas
[2025-04-17T23:16:54.220+0000] {tours_geocoding.py:112} INFO -   (719/1074) Geocoding: Grand Canyon National Park Roundtrip Shuttle From Las Vegas
[2025-04-17T23:16:54.484+0000] {tours_geocoding.py:112} INFO -   (720/1074) Geocoding: Desert Off Road Rzr Adventure From Las Vegas
[2025-04-17T23:16:54.742+0000] {tours_geocoding.py:112} INFO -   (721/1074) Geocoding: Carrot Top At The Luxor Hotel And Casino
[2025-04-17T23:16:55.006+0000] {tours_geocoding.py:112} INFO -   (722/1074) Geocoding: Downtown Las Vegas Nighttime Walking Tour
[2025-04-17T23:16:55.247+0000] {tours_geocoding.py:112} INFO -   (723/1074) Geocoding: Western Ranch Overnight Experience Cabin Or Camp Out
[2025-04-17T23:16:55.546+0000] {tours_geocoding.py:112} INFO -   (724/1074) Geocoding: 3 Or 4 Hour Las Vegas Bar Crawl
[2025-04-17T23:16:55.822+0000] {tours_geocoding.py:112} INFO -   (725/1074) Geocoding: 2 Hour Downtown Walking Tour With Professional Photographer
[2025-04-17T23:16:56.077+0000] {tours_geocoding.py:112} INFO -   (726/1074) Geocoding: Downtown Delights Food Tour
[2025-04-17T23:16:56.351+0000] {tours_geocoding.py:112} INFO -   (727/1074) Geocoding: Half Day Hiking Tour Of The Valley Of Fire
[2025-04-17T23:16:56.625+0000] {tours_geocoding.py:112} INFO -   (728/1074) Geocoding: Fun Group Photo Tour By Party Bus
[2025-04-17T23:16:56.897+0000] {tours_geocoding.py:112} INFO -   (729/1074) Geocoding: Valley Of Fire State Park With Brunch
[2025-04-17T23:16:57.151+0000] {tours_geocoding.py:125} INFO - Completed batch 14. Sleeping before next batch...
[2025-04-17T23:16:59.157+0000] {tours_geocoding.py:105} INFO - Processing batch 15: rows 730 to 779
[2025-04-17T23:16:59.159+0000] {tours_geocoding.py:112} INFO -   (730/1074) Geocoding: Valley Of Fire
[2025-04-17T23:16:59.404+0000] {tours_geocoding.py:112} INFO -   (731/1074) Geocoding: Secret Food Tours Las Vegas
[2025-04-17T23:16:59.679+0000] {tours_geocoding.py:112} INFO -   (732/1074) Geocoding: Red Rock Canyon Trike Tour With Las Vegas Strip
[2025-04-17T23:16:59.941+0000] {tours_geocoding.py:112} INFO -   (733/1074) Geocoding: Valley Of Fire Guided Tour From Las Vegas
[2025-04-17T23:17:00.190+0000] {tours_geocoding.py:112} INFO -   (734/1074) Geocoding: Atv Tour And Dune Buggy Combo Adventure From Las Vegas
[2025-04-17T23:17:00.449+0000] {tours_geocoding.py:112} INFO -   (735/1074) Geocoding: Valley Of Fire Luxury Tour Trekker Excursion
[2025-04-17T23:17:00.700+0000] {tours_geocoding.py:112} INFO -   (736/1074) Geocoding: Valley Of Fire Lost City Museum Small Group Tour
[2025-04-17T23:17:00.993+0000] {tours_geocoding.py:112} INFO -   (737/1074) Geocoding: Mike Hammer Comedy Magic Show
[2025-04-17T23:17:01.267+0000] {tours_geocoding.py:112} INFO -   (738/1074) Geocoding: Las Vegas Exotic Car Ride Along
[2025-04-17T23:17:01.554+0000] {tours_geocoding.py:112} INFO -   (739/1074) Geocoding: Jabbawockeez At The Mgm Grand Hotel And Casino
[2025-04-17T23:17:01.879+0000] {tours_geocoding.py:112} INFO -   (740/1074) Geocoding: La Comedy Club At The Stratosphere Hotel And Casino
[2025-04-17T23:17:02.203+0000] {tours_geocoding.py:112} INFO -   (741/1074) Geocoding: Las Vegas Strip By Suv Stretch Limo With Personal Photographer
[2025-04-17T23:17:02.465+0000] {tours_geocoding.py:112} INFO -   (742/1074) Geocoding: Downtown Las Vegas Evening Tour By Segway
[2025-04-17T23:17:02.734+0000] {tours_geocoding.py:112} INFO -   (743/1074) Geocoding: Exotic Car Driving Experiences At Las Vegas Motor Speedway
[2025-04-17T23:17:03.030+0000] {tours_geocoding.py:112} INFO -   (744/1074) Geocoding: Personal Travel And Vacation Photographer Tour In Las Vegas
[2025-04-17T23:17:03.284+0000] {tours_geocoding.py:112} INFO -   (745/1074) Geocoding: Valley Of Fire 1 Person 2 Seater Utv Tour Free Hotel Pickup Lunch Included
[2025-04-17T23:17:03.589+0000] {tours_geocoding.py:112} INFO -   (746/1074) Geocoding: Las Vegas City Lights Night Tour By Open Air Jeep With Optional Night Flight
[2025-04-17T23:17:03.894+0000] {tours_geocoding.py:112} INFO -   (747/1074) Geocoding: Las Vegas Outdoor Go Kart Experience
[2025-04-17T23:17:04.145+0000] {tours_geocoding.py:112} INFO -   (748/1074) Geocoding: Popovich Comedy Pet Theater At Planet Hollywood Resort And Casino
[2025-04-17T23:17:04.469+0000] {tours_geocoding.py:112} INFO -   (749/1074) Geocoding: Grand Canyon Flight And Valley Of Fire Landing By Helicopter
[2025-04-17T23:17:04.757+0000] {tours_geocoding.py:112} INFO -   (750/1074) Geocoding: Las Vegas Segway Tour Fremont Street Experience
[2025-04-17T23:17:05.049+0000] {tours_geocoding.py:112} INFO -   (751/1074) Geocoding: Las Vegas Segway Tour South Fremont Street
[2025-04-17T23:17:05.301+0000] {tours_geocoding.py:112} INFO -   (752/1074) Geocoding: 2 Hour Las Vegas Strip Walking Tour With Photographer
[2025-04-17T23:17:05.626+0000] {tours_geocoding.py:112} INFO -   (753/1074) Geocoding: Las Vegas Natural History Museum Admission
[2025-04-17T23:17:05.899+0000] {tours_geocoding.py:112} INFO -   (754/1074) Geocoding: Black Canyon Hike And Desert Hot Springs Day Trip From Las Vegas
[2025-04-17T23:17:06.230+0000] {tours_geocoding.py:112} INFO -   (755/1074) Geocoding: Thunder From Down Under At The Excalibur Hotel And Casino
[2025-04-17T23:17:06.559+0000] {tours_geocoding.py:112} INFO -   (756/1074) Geocoding: Grand Celebration Helicopter Tour With Black Canyon Rafting
[2025-04-17T23:17:06.855+0000] {tours_geocoding.py:112} INFO -   (757/1074) Geocoding: Full Day Colorado River Hot Springs Tour From Las Vegas
[2025-04-17T23:17:07.127+0000] {tours_geocoding.py:112} INFO -   (758/1074) Geocoding: The Weird Wacky And Wonderful Bar Crawl Of Fremont Street
[2025-04-17T23:17:07.397+0000] {tours_geocoding.py:112} INFO -   (759/1074) Geocoding: Feel Freedom 3 Hours You Drive Utv Las Vegas Desert Experience
[2025-04-17T23:17:07.674+0000] {tours_geocoding.py:112} INFO -   (760/1074) Geocoding: Deluxe Mini Tour Of Hoover Dam Lake Mead And Historic Boulder City
[2025-04-17T23:17:08.016+0000] {tours_geocoding.py:112} INFO -   (761/1074) Geocoding: Grand Canyon Hoover Dam And Route 66 Tour From Las Vegas
[2025-04-17T23:17:08.323+0000] {tours_geocoding.py:112} INFO -   (762/1074) Geocoding: Hoover Dam Mini Tour
[2025-04-17T23:17:08.590+0000] {tours_geocoding.py:112} INFO -   (763/1074) Geocoding: Red Rock Canyon And Hoover Dam Small Group Tour
[2025-04-17T23:17:08.881+0000] {tours_geocoding.py:112} INFO -   (764/1074) Geocoding: Hidden Valley And Primm Extreme Dirt Bike Tour
[2025-04-17T23:17:09.160+0000] {tours_geocoding.py:112} INFO -   (765/1074) Geocoding: Hoover Dam Mountain Bike Tour
[2025-04-17T23:17:09.427+0000] {tours_geocoding.py:112} INFO -   (766/1074) Geocoding: The Mob Museum Admission
[2025-04-17T23:17:09.689+0000] {tours_geocoding.py:112} INFO -   (767/1074) Geocoding: Las Vegas Photo Tour By Limousine Or Party Bus
[2025-04-17T23:17:09.953+0000] {tours_geocoding.py:112} INFO -   (768/1074) Geocoding: Boulder Islands Kayak Sup Or Hydrobike Tour From Las Vegas
[2025-04-17T23:17:10.232+0000] {tours_geocoding.py:112} INFO -   (769/1074) Geocoding: Grand Canyon West Rim Cabin And Helicopter Tour From Las Vegas
[2025-04-17T23:17:10.543+0000] {tours_geocoding.py:112} INFO -   (770/1074) Geocoding: Grand Canyon South Rim Small Group Tour
[2025-04-17T23:17:10.812+0000] {tours_geocoding.py:112} INFO -   (771/1074) Geocoding: Hoover Dam Tour With Optional Grand Canyon Helicopter Flight From Las Vegas
[2025-04-17T23:17:11.107+0000] {tours_geocoding.py:112} INFO -   (772/1074) Geocoding: Grand Canyon West Rim Evening Vip Tour
[2025-04-17T23:17:11.361+0000] {tours_geocoding.py:112} INFO -   (773/1074) Geocoding: Explore The Best Must See Spots Las Vegas Strip Walking Tour
[2025-04-17T23:17:11.651+0000] {tours_geocoding.py:112} INFO -   (774/1074) Geocoding: Off Road Racing 7 Laps
[2025-04-17T23:17:11.968+0000] {tours_geocoding.py:112} INFO -   (775/1074) Geocoding: Off Road Racing 10 Laps
[2025-04-17T23:17:12.217+0000] {tours_geocoding.py:112} INFO -   (776/1074) Geocoding: Hoover Dam Highlights Tour From Las Vegas
[2025-04-17T23:17:12.461+0000] {tours_geocoding.py:112} INFO -   (777/1074) Geocoding: Grand Canyon National Park Hoover Dam And Route 66 Small Group From Las Vegas
[2025-04-17T23:17:12.805+0000] {tours_geocoding.py:112} INFO -   (778/1074) Geocoding: Grand Canyon West Hoover Dam Seven Magic Mountains Small Group Day Tour
[2025-04-17T23:17:13.139+0000] {tours_geocoding.py:112} INFO -   (779/1074) Geocoding: Grand Canyon West Rim Tour With Options From Las Vegas
[2025-04-17T23:17:13.444+0000] {tours_geocoding.py:125} INFO - Completed batch 15. Sleeping before next batch...
[2025-04-17T23:17:15.449+0000] {tours_geocoding.py:105} INFO - Processing batch 16: rows 780 to 829
[2025-04-17T23:17:15.450+0000] {tours_geocoding.py:112} INFO -   (780/1074) Geocoding: Grand Canyon Helicopter And Eagle Point Rim Landing Tour
[2025-04-17T23:17:15.743+0000] {tours_geocoding.py:112} INFO -   (781/1074) Geocoding: Lake Mead National Park Atv Tour To The Colorado River Off Road Racing Combo
[2025-04-17T23:17:16.059+0000] {tours_geocoding.py:112} INFO -   (782/1074) Geocoding: King Of Canyons
[2025-04-17T23:17:16.336+0000] {tours_geocoding.py:112} INFO -   (783/1074) Geocoding: X Country At Harrah S Hotel And Casino
[2025-04-17T23:17:16.645+0000] {tours_geocoding.py:112} INFO -   (784/1074) Geocoding: Wayne Newton Up Close And Personal At Bally S Las Vegas
[2025-04-17T23:17:16.916+0000] {tours_geocoding.py:112} INFO -   (785/1074) Geocoding: Bodies The Exhibition At The Luxor Hotel And Casino
[2025-04-17T23:17:17.225+0000] {tours_geocoding.py:112} INFO -   (786/1074) Geocoding: Viator Exclusive Private Tour Of Las Vegas And The Hoover Dam
[2025-04-17T23:17:17.485+0000] {tours_geocoding.py:112} INFO -   (787/1074) Geocoding: Viator Exclusive Private Overnight Tour To Antelope Canyon Horseshoe Bend Lake Powell And Zion From Las Vegas
[2025-04-17T23:17:17.818+0000] {tours_geocoding.py:112} INFO -   (788/1074) Geocoding: Hard Rock Cafe Las Vegas
[2025-04-17T23:17:18.102+0000] {tours_geocoding.py:112} INFO -   (789/1074) Geocoding: Las Vegas Strip Limo Tour With Day And Nightclub Access
[2025-04-17T23:17:18.373+0000] {tours_geocoding.py:112} INFO -   (790/1074) Geocoding: Red Rock Canyon Electric Bike Tour
[2025-04-17T23:17:18.649+0000] {tours_geocoding.py:112} INFO -   (791/1074) Geocoding: Bellagio Gallery Of Fine Art At The Bellagio Hotel And Casino 5ac4b1495840d47faf000bd7
[2025-04-17T23:17:18.978+0000] {tours_geocoding.py:112} INFO -   (792/1074) Geocoding: Grand Canyon West And Hoover Dam Vip Day Tour From Las Vegas
[2025-04-17T23:17:19.295+0000] {tours_geocoding.py:112} INFO -   (793/1074) Geocoding: Grand Canyon Sunset Helicopter Tour From Las Vegas
[2025-04-17T23:17:19.552+0000] {tours_geocoding.py:112} INFO -   (794/1074) Geocoding: Zombie Scavengers Game Las Vegas Downtown Nv
[2025-04-17T23:17:19.837+0000] {tours_geocoding.py:112} INFO -   (795/1074) Geocoding: Lunch Horseback Riding Tour
[2025-04-17T23:17:20.076+0000] {tours_geocoding.py:112} INFO -   (796/1074) Geocoding: Grand Canyon Bus Tour From Las Vegas Optional Skywalk Helicopter Boat
[2025-04-17T23:17:20.394+0000] {tours_geocoding.py:112} INFO -   (797/1074) Geocoding: Half Day Canyoneering Tour
[2025-04-17T23:17:20.674+0000] {tours_geocoding.py:112} INFO -   (798/1074) Geocoding: Canyoneering Zion Full Day Canyoneering Tour
[2025-04-17T23:17:20.921+0000] {tours_geocoding.py:112} INFO -   (799/1074) Geocoding: Grand Canyon National Park Luxury Private Tour Experience
[2025-04-17T23:17:21.214+0000] {tours_geocoding.py:112} INFO -   (800/1074) Geocoding: Zion And Bryce Canyon Day Tour From Las Vegas
[2025-04-17T23:17:21.472+0000] {tours_geocoding.py:112} INFO -   (801/1074) Geocoding: The Jets 80 S 90 S Experience
[2025-04-17T23:17:21.781+0000] {tours_geocoding.py:112} INFO -   (802/1074) Geocoding: Zion And Bryce Canyon National Parks Small Group Tour From Las Vegas
[2025-04-17T23:17:22.106+0000] {tours_geocoding.py:112} INFO -   (803/1074) Geocoding: Off Road Racing
[2025-04-17T23:17:22.345+0000] {tours_geocoding.py:112} INFO -   (804/1074) Geocoding: Hoover Dam Private Limo Luxury Tour From Las Vegas
[2025-04-17T23:17:22.608+0000] {tours_geocoding.py:112} INFO -   (805/1074) Geocoding: Grand Canyon Monument Valley And Zion National Park 3 Day Tour
[2025-04-17T23:17:22.966+0000] {tours_geocoding.py:112} INFO -   (806/1074) Geocoding: Las Vegas Nightclub Crawl By Party Bus With Fast Pass Entry
[2025-04-17T23:17:23.250+0000] {tours_geocoding.py:112} INFO -   (807/1074) Geocoding: Vegas Chocolate Tour
[2025-04-17T23:17:23.510+0000] {tours_geocoding.py:112} INFO -   (808/1074) Geocoding: Off Road Racing 5 Laps
[2025-04-17T23:17:23.786+0000] {tours_geocoding.py:112} INFO -   (809/1074) Geocoding: Potted Potter At Bally S Hotel And Casino In Las Vegas
[2025-04-17T23:17:24.117+0000] {tours_geocoding.py:112} INFO -   (810/1074) Geocoding: Bachelorette Party Club Crawl
[2025-04-17T23:17:24.362+0000] {tours_geocoding.py:112} INFO -   (811/1074) Geocoding: Grand Canyon West Hoover Dam Bus Tour W Optional Skywalk Helicopter Boat Ride
[2025-04-17T23:17:24.691+0000] {tours_geocoding.py:112} INFO -   (812/1074) Geocoding: Queen Of Sights
[2025-04-17T23:17:24.925+0000] {tours_geocoding.py:112} INFO -   (813/1074) Geocoding: Grand Canyon Helicopter Tour From Las Vegas With Vip Skywalk And Pontoon Boat Ride
[2025-04-17T23:17:25.207+0000] {tours_geocoding.py:112} INFO -   (814/1074) Geocoding: Day Trip To Zion National Park From Las Vegas
[2025-04-17T23:17:25.465+0000] {tours_geocoding.py:112} INFO -   (815/1074) Geocoding: Outdoor Shooting And Off Road Racing Combo
[2025-04-17T23:17:25.711+0000] {tours_geocoding.py:112} INFO -   (816/1074) Geocoding: Off Road Racing And Outdoor Shooting Package
[2025-04-17T23:17:25.981+0000] {tours_geocoding.py:112} INFO -   (817/1074) Geocoding: Grand Canyon West Skywalk Optional
[2025-04-17T23:17:26.283+0000] {tours_geocoding.py:112} INFO -   (818/1074) Geocoding: Grand Canyon West Admission Ticket
[2025-04-17T23:17:26.579+0000] {tours_geocoding.py:112} INFO -   (819/1074) Geocoding: Las Vegas Club Crawl Experience
[2025-04-17T23:17:26.866+0000] {tours_geocoding.py:112} INFO -   (820/1074) Geocoding: Full Day Grand Canyon Trip With Horseback Ride From Las Vegas
[2025-04-17T23:17:27.131+0000] {tours_geocoding.py:112} INFO -   (821/1074) Geocoding: Zion Park And Bryce Canyon
[2025-04-17T23:17:27.416+0000] {tours_geocoding.py:112} INFO -   (822/1074) Geocoding: Go Las Vegas All Inclusive Pass
[2025-04-17T23:17:27.699+0000] {tours_geocoding.py:112} INFO -   (823/1074) Geocoding: Hoover Dam Tour Paddle Boat Cruise On Lake Mead
[2025-04-17T23:17:27.970+0000] {tours_geocoding.py:112} INFO -   (824/1074) Geocoding: Disco Party Bus Photo Tour
[2025-04-17T23:17:28.270+0000] {tours_geocoding.py:112} INFO -   (825/1074) Geocoding: Hollywood Hills Hiking Tour In Los Angeles
[2025-04-17T23:17:28.538+0000] {tours_geocoding.py:112} INFO -   (826/1074) Geocoding: Los Angeles And Hollywood Small Group Day Trip From Las Vegas
[2025-04-17T23:17:28.814+0000] {tours_geocoding.py:112} INFO -   (827/1074) Geocoding: Grand City Tour Of Los Angeles
[2025-04-17T23:17:29.074+0000] {tours_geocoding.py:112} INFO -   (828/1074) Geocoding: Los Angeles Dinner Cruise
[2025-04-17T23:17:29.316+0000] {tours_geocoding.py:112} INFO -   (829/1074) Geocoding: Amazing Los Angeles Race Small Group Tour And Scavenger Hunt
[2025-04-17T23:17:29.587+0000] {tours_geocoding.py:125} INFO - Completed batch 16. Sleeping before next batch...
[2025-04-17T23:17:31.589+0000] {tours_geocoding.py:105} INFO - Processing batch 17: rows 830 to 879
[2025-04-17T23:17:31.590+0000] {tours_geocoding.py:112} INFO -   (830/1074) Geocoding: Full Day Los Angeles Sightseeing Tour From Anaheim
[2025-04-17T23:17:31.852+0000] {tours_geocoding.py:112} INFO -   (831/1074) Geocoding: Hollywood Sign And Griffith Park Hiking Tour
[2025-04-17T23:17:32.128+0000] {tours_geocoding.py:112} INFO -   (832/1074) Geocoding: The Ultimate Los Angeles Bike Tour
[2025-04-17T23:17:32.382+0000] {tours_geocoding.py:112} INFO -   (833/1074) Geocoding: Hollywood Day Tour From Las Vegas
[2025-04-17T23:17:32.634+0000] {tours_geocoding.py:112} INFO -   (834/1074) Geocoding: Los Angeles Hop On Hop Off Double Decker Bus Tour
[2025-04-17T23:17:32.911+0000] {tours_geocoding.py:112} INFO -   (835/1074) Geocoding: Madame Tussauds Hollywood
[2025-04-17T23:17:33.182+0000] {tours_geocoding.py:112} INFO -   (836/1074) Geocoding: Privately Customized Tour Of Los Angeles
[2025-04-17T23:17:33.440+0000] {tours_geocoding.py:112} INFO -   (837/1074) Geocoding: Hollywood And Stars Homes Tour In Open Bus
[2025-04-17T23:17:33.746+0000] {tours_geocoding.py:112} INFO -   (838/1074) Geocoding: Tour Of Los Angeles Hollywood And Beverly Hills
[2025-04-17T23:17:34.027+0000] {tours_geocoding.py:112} INFO -   (839/1074) Geocoding: Small Group Highlights Tour Of Los Angeles
[2025-04-17T23:17:34.319+0000] {tours_geocoding.py:112} INFO -   (840/1074) Geocoding: Grand Tour Of Hollywood Los Angeles And Beaches From Anaheim
[2025-04-17T23:17:34.569+0000] {tours_geocoding.py:112} INFO -   (841/1074) Geocoding: Los Angeles Private Tour 5ac645375840d449a1000042
[2025-04-17T23:17:34.806+0000] {tours_geocoding.py:112} INFO -   (842/1074) Geocoding: Afternoon Los Angeles Sightseeing Tour With Movie Star Homes
[2025-04-17T23:17:35.087+0000] {tours_geocoding.py:112} INFO -   (843/1074) Geocoding: Grand Tour Of Los Angeles
[2025-04-17T23:17:35.321+0000] {tours_geocoding.py:112} INFO -   (844/1074) Geocoding: Beverly Hills Segway Tour
[2025-04-17T23:17:35.565+0000] {tours_geocoding.py:112} INFO -   (845/1074) Geocoding: Small Group Tour Of Los Angeles From Long Beach
[2025-04-17T23:17:35.825+0000] {tours_geocoding.py:112} INFO -   (846/1074) Geocoding: City Tour Of Los Angeles From Long Beach And San Pedro Cruise Terminals
[2025-04-17T23:17:36.160+0000] {tours_geocoding.py:112} INFO -   (847/1074) Geocoding: Los Angeles Champagne Brunch Cruise
[2025-04-17T23:17:36.428+0000] {tours_geocoding.py:112} INFO -   (848/1074) Geocoding: Private Sightseeing Tour Of Los Angeles In A Luxurious Suv
[2025-04-17T23:17:36.755+0000] {tours_geocoding.py:112} INFO -   (849/1074) Geocoding: Whale Watching Day Cruise Santa Monica
[2025-04-17T23:17:37.011+0000] {tours_geocoding.py:112} INFO -   (850/1074) Geocoding: Half Day Hollywood And Beverly Hills Tour
[2025-04-17T23:17:37.325+0000] {tours_geocoding.py:112} INFO -   (851/1074) Geocoding: Private Tour Hollywood Highlights Or Celebrity Homes Of Beverly Hills
[2025-04-17T23:17:37.615+0000] {tours_geocoding.py:112} INFO -   (852/1074) Geocoding: Deluxe Los Angeles Private Tour
[2025-04-17T23:17:37.916+0000] {tours_geocoding.py:112} INFO -   (853/1074) Geocoding: Movie Stars Homes Tour
[2025-04-17T23:17:38.192+0000] {tours_geocoding.py:112} INFO -   (854/1074) Geocoding: Santa Monica And Venice Beach Tour From Los Angeles
[2025-04-17T23:17:38.467+0000] {tours_geocoding.py:112} INFO -   (855/1074) Geocoding: Hollywood Stars Tour
[2025-04-17T23:17:38.733+0000] {tours_geocoding.py:112} INFO -   (856/1074) Geocoding: Hollywood Walking And Hiking Tour
[2025-04-17T23:17:38.968+0000] {tours_geocoding.py:112} INFO -   (857/1074) Geocoding: Dolby Theatre Admission Ticket And Tour
[2025-04-17T23:17:39.241+0000] {tours_geocoding.py:112} INFO -   (858/1074) Geocoding: Universal Studios Hollywood And Movie Stars Homes Tour
[2025-04-17T23:17:39.507+0000] {tours_geocoding.py:112} INFO -   (859/1074) Geocoding: Los Angeles Highlights Tour Santa Monica Venice Beach Hollywood And Beverly Hills
[2025-04-17T23:17:39.837+0000] {tours_geocoding.py:112} INFO -   (860/1074) Geocoding: Sightseeing Tour Of Los Angeles From Lax Hotels
[2025-04-17T23:17:40.122+0000] {tours_geocoding.py:112} INFO -   (861/1074) Geocoding: Los Angeles Combo Hop On Hop Off Bus Tour And Self Guided Beverly Hills Bike Tour
[2025-04-17T23:17:40.435+0000] {tours_geocoding.py:112} INFO -   (862/1074) Geocoding: Private Los Angeles Must See Tour
[2025-04-17T23:17:40.704+0000] {tours_geocoding.py:112} INFO -   (863/1074) Geocoding: Natural History Museum Of Los Angeles County Museum Admission
[2025-04-17T23:17:40.984+0000] {tours_geocoding.py:112} INFO -   (864/1074) Geocoding: Los Angeles Driving Tour With Private Local Guide All Must See Locations
[2025-04-17T23:17:41.275+0000] {tours_geocoding.py:112} INFO -   (865/1074) Geocoding: La Brea Tar Pits And Museum General Admission
[2025-04-17T23:17:41.560+0000] {tours_geocoding.py:112} INFO -   (866/1074) Geocoding: Hollywood Tours Celebrity Homes The Original Hollywood Tour Open Air Bus
[2025-04-17T23:17:41.866+0000] {tours_geocoding.py:112} INFO -   (867/1074) Geocoding: Santa Monica And Venice Beach Segway Tour
[2025-04-17T23:17:42.156+0000] {tours_geocoding.py:112} INFO -   (868/1074) Geocoding: Hard Rock Cafe Hollywood
[2025-04-17T23:17:42.428+0000] {tours_geocoding.py:112} INFO -   (869/1074) Geocoding: Los Angeles Beginnings Walking Tour
[2025-04-17T23:17:42.695+0000] {tours_geocoding.py:112} INFO -   (870/1074) Geocoding: Old And New Downtown Los Angeles Tour
[2025-04-17T23:17:42.963+0000] {tours_geocoding.py:112} INFO -   (871/1074) Geocoding: Hollywood Scavenger Hunt Adventure
[2025-04-17T23:17:43.273+0000] {tours_geocoding.py:112} INFO -   (872/1074) Geocoding: Private Luxurious Tour Of Los Angeles
[2025-04-17T23:17:43.514+0000] {tours_geocoding.py:112} INFO -   (873/1074) Geocoding: Hollywood And Downtown Los Angeles Walking And Subway Tour
[2025-04-17T23:17:43.778+0000] {tours_geocoding.py:112} INFO -   (874/1074) Geocoding: Los Angeles Private Full Day Tour
[2025-04-17T23:17:44.018+0000] {tours_geocoding.py:112} INFO -   (875/1074) Geocoding: Transfer To Los Angeles International Airport Lax
[2025-04-17T23:17:44.280+0000] {tours_geocoding.py:112} INFO -   (876/1074) Geocoding: Shared Airport Arrival Transfer Lax International Airport To Anaheim Buena Park Or Garden Grove
[2025-04-17T23:17:44.620+0000] {tours_geocoding.py:112} INFO -   (877/1074) Geocoding: Downtown Guided Los Angeles Small Group Bike Tour
[2025-04-17T23:17:44.881+0000] {tours_geocoding.py:112} INFO -   (878/1074) Geocoding: La Helicopter Tour With Malibu Peak Landing
[2025-04-17T23:17:45.153+0000] {tours_geocoding.py:112} INFO -   (879/1074) Geocoding: Hollywood Private Helicopter Tour
[2025-04-17T23:17:45.398+0000] {tours_geocoding.py:125} INFO - Completed batch 17. Sleeping before next batch...
[2025-04-17T23:17:47.404+0000] {tours_geocoding.py:105} INFO - Processing batch 18: rows 880 to 929
[2025-04-17T23:17:47.405+0000] {tours_geocoding.py:112} INFO -   (880/1074) Geocoding: Los Angeles Bike Rental
[2025-04-17T23:17:47.649+0000] {tours_geocoding.py:112} INFO -   (881/1074) Geocoding: Glamorous Hollywood And Beverly Hills Highlights Tour Of Los Angeles
[2025-04-17T23:17:47.914+0000] {tours_geocoding.py:112} INFO -   (882/1074) Geocoding: Hollywood Bike Tour
[2025-04-17T23:17:48.156+0000] {tours_geocoding.py:112} INFO -   (883/1074) Geocoding: Hollywood And Beverly Hills Bike Tour
[2025-04-17T23:17:48.416+0000] {tours_geocoding.py:112} INFO -   (884/1074) Geocoding: 2 Hour Small Group Hollywood Open Bus Tour
[2025-04-17T23:17:48.695+0000] {tours_geocoding.py:112} INFO -   (885/1074) Geocoding: Awesome La Surf Turf Private Tour
[2025-04-17T23:17:48.953+0000] {tours_geocoding.py:112} INFO -   (886/1074) Geocoding: Grand Los Angeles Tour
[2025-04-17T23:17:49.200+0000] {tours_geocoding.py:112} INFO -   (887/1074) Geocoding: Universal Studios Hollywood With Transport From Anaheim
[2025-04-17T23:17:49.462+0000] {tours_geocoding.py:112} INFO -   (888/1074) Geocoding: La In A Day Tour
[2025-04-17T23:17:49.854+0000] {tours_geocoding.py:112} INFO -   (889/1074) Geocoding: Surf Lesson 1 Person 2 Hours
[2025-04-17T23:17:50.126+0000] {tours_geocoding.py:112} INFO -   (890/1074) Geocoding: Deluxe Los Angeles 6 Hr Limo Tour For 2 6 People Beer Wine Liquor Included
[2025-04-17T23:17:50.446+0000] {tours_geocoding.py:112} INFO -   (891/1074) Geocoding: Downtown Los Angeles Small Group Taco Tasting Tour
[2025-04-17T23:17:50.726+0000] {tours_geocoding.py:112} INFO -   (892/1074) Geocoding: Private Surfing Lesson In Venice Beach
[2025-04-17T23:17:51.001+0000] {tours_geocoding.py:112} INFO -   (893/1074) Geocoding: La Iconic Coast Tour And Beach Day Scenic Hike Venice Santa Monica Malibu
[2025-04-17T23:17:51.392+0000] {tours_geocoding.py:112} INFO -   (894/1074) Geocoding: 3 Hour Venice Beach Bike Tour
[2025-04-17T23:17:51.648+0000] {tours_geocoding.py:112} INFO -   (895/1074) Geocoding: Los Angeles Coast And Beaches Private Tour
[2025-04-17T23:17:51.899+0000] {tours_geocoding.py:112} INFO -   (896/1074) Geocoding: La Brea Tar Pits Tour By Segway
[2025-04-17T23:17:52.190+0000] {tours_geocoding.py:112} INFO -   (897/1074) Geocoding: Hollywood In Downtown Los Angeles Walking Tour
[2025-04-17T23:17:52.472+0000] {tours_geocoding.py:112} INFO -   (898/1074) Geocoding: Private Helicopter Tour Over Los Angeles Shoreline
[2025-04-17T23:17:52.717+0000] {tours_geocoding.py:112} INFO -   (899/1074) Geocoding: Mini Car Sunrise Tour See The Hollywood Sign And Observatory Includes Breakfast
[2025-04-17T23:17:53.002+0000] {tours_geocoding.py:112} INFO -   (900/1074) Geocoding: Reel To Real Hollywood Downtown La Tour
[2025-04-17T23:17:53.291+0000] {tours_geocoding.py:112} INFO -   (901/1074) Geocoding: 60 Minute Private Vacation Photography Session With Local Photographer In Los Angeles
[2025-04-17T23:17:53.605+0000] {tours_geocoding.py:112} INFO -   (902/1074) Geocoding: Private Hollywood Sign Adventure Hike Closest Possible View
[2025-04-17T23:17:53.884+0000] {tours_geocoding.py:112} INFO -   (903/1074) Geocoding: Chinatown Little Tokyo Tour
[2025-04-17T23:17:54.150+0000] {tours_geocoding.py:112} INFO -   (904/1074) Geocoding: Mount Hollywood Hike
[2025-04-17T23:17:54.420+0000] {tours_geocoding.py:112} INFO -   (905/1074) Geocoding: Hollywood Sign Electric Bike Tour
[2025-04-17T23:17:54.698+0000] {tours_geocoding.py:112} INFO -   (906/1074) Geocoding: 7 Hr Tour Of Hollywood Beverly Hills Santa Monica And Malibu 2 6 People Total
[2025-04-17T23:17:54.987+0000] {tours_geocoding.py:112} INFO -   (907/1074) Geocoding: Hollywood Sign Walk To The Top
[2025-04-17T23:17:55.238+0000] {tours_geocoding.py:112} INFO -   (908/1074) Geocoding: Instagram Photo Private Tour
[2025-04-17T23:17:55.480+0000] {tours_geocoding.py:112} INFO -   (909/1074) Geocoding: Downtown Los Angles Architecture Tour
[2025-04-17T23:17:55.734+0000] {tours_geocoding.py:112} INFO -   (910/1074) Geocoding: Aquarium Of The Pacific General Admission
[2025-04-17T23:17:55.994+0000] {tours_geocoding.py:112} INFO -   (911/1074) Geocoding: Los Angeles Arts District Walking Tour
[2025-04-17T23:17:56.240+0000] {tours_geocoding.py:112} INFO -   (912/1074) Geocoding: Los Angeles City Private Group Tour
[2025-04-17T23:17:56.482+0000] {tours_geocoding.py:112} INFO -   (913/1074) Geocoding: 20 Min Ferrari Drive On Hollywood Blvd And Sunset Plaza
[2025-04-17T23:17:56.774+0000] {tours_geocoding.py:112} INFO -   (914/1074) Geocoding: Los Angeles Full Day Private Tour
[2025-04-17T23:17:57.033+0000] {tours_geocoding.py:112} INFO -   (915/1074) Geocoding: Los Angeles Half Day Private Tour
[2025-04-17T23:17:57.403+0000] {tours_geocoding.py:112} INFO -   (916/1074) Geocoding: Private Helicopter Tour Of Downtown Los Angeles Landmarks
[2025-04-17T23:17:57.654+0000] {tours_geocoding.py:112} INFO -   (917/1074) Geocoding: La Highlights Private Tour
[2025-04-17T23:17:57.907+0000] {tours_geocoding.py:112} INFO -   (918/1074) Geocoding: Elite Los Angeles Private Tour
[2025-04-17T23:17:58.158+0000] {tours_geocoding.py:112} INFO -   (919/1074) Geocoding: Hollywood History Walking Tour
[2025-04-17T23:17:58.414+0000] {tours_geocoding.py:112} INFO -   (920/1074) Geocoding: Classic Car Tour Of Los Angeles
[2025-04-17T23:17:58.674+0000] {tours_geocoding.py:112} INFO -   (921/1074) Geocoding: Private 4 Hour Tour Hollywood Santa Monica Venice For 2 6 People One Price
[2025-04-17T23:17:58.989+0000] {tours_geocoding.py:112} INFO -   (922/1074) Geocoding: Private Photo Tour In Los Angeles Most Instagrammable Places In La
[2025-04-17T23:17:59.265+0000] {tours_geocoding.py:112} INFO -   (923/1074) Geocoding: 1h Tour Driving A Ferrari Hollywood Beverly Hills
[2025-04-17T23:17:59.560+0000] {tours_geocoding.py:112} INFO -   (924/1074) Geocoding: Knott S Berry Farm Admission Ticket With Transport From Los Angeles
[2025-04-17T23:17:59.831+0000] {tours_geocoding.py:112} INFO -   (925/1074) Geocoding: Los Angeles And Hollywood 7 Hours Private Tour
[2025-04-17T23:18:00.096+0000] {tours_geocoding.py:112} INFO -   (926/1074) Geocoding: Gambling Built The Sunset Strip Walking Audio Tour By Voicemap
[2025-04-17T23:18:00.359+0000] {tours_geocoding.py:112} INFO -   (927/1074) Geocoding: Your Private Tour
[2025-04-17T23:18:00.591+0000] {tours_geocoding.py:112} INFO -   (928/1074) Geocoding: 3 Hours Private City Tour Of Los Angeles
[2025-04-17T23:18:00.831+0000] {tours_geocoding.py:112} INFO -   (929/1074) Geocoding: Shop And Shuttle Citadel Outlets
[2025-04-17T23:18:01.087+0000] {tours_geocoding.py:125} INFO - Completed batch 18. Sleeping before next batch...
[2025-04-17T23:18:03.094+0000] {tours_geocoding.py:105} INFO - Processing batch 19: rows 930 to 979
[2025-04-17T23:18:03.095+0000] {tours_geocoding.py:112} INFO -   (930/1074) Geocoding: Los Angeles Scavenger Hunt Adventure
[2025-04-17T23:18:03.353+0000] {tours_geocoding.py:112} INFO -   (931/1074) Geocoding: Two Day Los Angeles Las Vegas Private Tour
[2025-04-17T23:18:03.603+0000] {tours_geocoding.py:112} INFO -   (932/1074) Geocoding: 6hr Tour Of Los Angeles By A Tv Personality Free Beer Wine Liquor Mixers Sodas
[2025-04-17T23:18:03.900+0000] {tours_geocoding.py:112} INFO -   (933/1074) Geocoding: Christmas Lights In Beverly Hills Private Guide And Free Coffee With Dessert
[2025-04-17T23:18:04.204+0000] {tours_geocoding.py:112} INFO -   (934/1074) Geocoding: Beverly Hills Beyond The Botox
[2025-04-17T23:18:04.454+0000] {tours_geocoding.py:112} INFO -   (935/1074) Geocoding: Private Tour Hollywood Hotel Restaurant And Bar
[2025-04-17T23:18:04.733+0000] {tours_geocoding.py:112} INFO -   (936/1074) Geocoding: Downtown Los Angeles Food Tour
[2025-04-17T23:18:04.993+0000] {tours_geocoding.py:112} INFO -   (937/1074) Geocoding: Small Group Haunted Hollywood Tour
[2025-04-17T23:18:05.235+0000] {tours_geocoding.py:112} INFO -   (938/1074) Geocoding: Christmas Lights Tour Of Los Angeles Private Tour With Free Christmas Drink
[2025-04-17T23:18:05.496+0000] {tours_geocoding.py:112} INFO -   (939/1074) Geocoding: Fly Over Los Angeles Soar Above The Hollywood Sign 55ef2eaf11c472b405000000
[2025-04-17T23:18:05.749+0000] {tours_geocoding.py:112} INFO -   (940/1074) Geocoding: Private Tour Of Los Angeles
[2025-04-17T23:18:05.976+0000] {tours_geocoding.py:112} INFO -   (941/1074) Geocoding: Hollywood Explorer Pass
[2025-04-17T23:18:06.222+0000] {tours_geocoding.py:112} INFO -   (942/1074) Geocoding: Hollywood Sign Driving Tour In A Ferrari
[2025-04-17T23:18:06.499+0000] {tours_geocoding.py:112} INFO -   (943/1074) Geocoding: Private 3 Day Tour Of Los Angeles Downtown La Hollywood And Santa Monica
[2025-04-17T23:18:06.781+0000] {tours_geocoding.py:112} INFO -   (944/1074) Geocoding: Private Hollywood Tour Walk Of Fame Hollywood Theaters Amoeba Music And More
[2025-04-17T23:18:07.065+0000] {tours_geocoding.py:112} INFO -   (945/1074) Geocoding: Fabulous La Fun Fashion Photo Food Private Tour
[2025-04-17T23:18:07.353+0000] {tours_geocoding.py:112} INFO -   (946/1074) Geocoding: The Real Hollywood Tour
[2025-04-17T23:18:07.594+0000] {tours_geocoding.py:112} INFO -   (947/1074) Geocoding: Private City Tour Of The Los Angeles Area
[2025-04-17T23:18:07.838+0000] {tours_geocoding.py:112} INFO -   (948/1074) Geocoding: 2 Hour Hollywood Tours
[2025-04-17T23:18:08.096+0000] {tours_geocoding.py:112} INFO -   (949/1074) Geocoding: Hollywood Celebrity Homes
[2025-04-17T23:18:08.374+0000] {tours_geocoding.py:112} INFO -   (950/1074) Geocoding: Downtown Los Angeles Tourist Scavenger Hunt
[2025-04-17T23:18:08.618+0000] {tours_geocoding.py:112} INFO -   (951/1074) Geocoding: Celebrity Bike Tour Guided
[2025-04-17T23:18:08.872+0000] {tours_geocoding.py:112} INFO -   (952/1074) Geocoding: Los Angeles Vip Tour
[2025-04-17T23:18:09.132+0000] {tours_geocoding.py:112} INFO -   (953/1074) Geocoding: Private Los Angeles Tour
[2025-04-17T23:18:09.377+0000] {tours_geocoding.py:112} INFO -   (954/1074) Geocoding: Hollywood Beverly Hills Celebrity Homes Landmark Locations In Open Air Buses
[2025-04-17T23:18:09.692+0000] {tours_geocoding.py:112} INFO -   (955/1074) Geocoding: Private Photo Walk In Los Angeles With Personal Photographer And Color Stylist
[2025-04-17T23:18:09.975+0000] {tours_geocoding.py:112} INFO -   (956/1074) Geocoding: 4hr Tour Of Los Angeles By A Tv Personality Free Beer Wine Liquor And Sodas
[2025-04-17T23:18:10.241+0000] {tours_geocoding.py:112} INFO -   (957/1074) Geocoding: Private Tour Of Los Angeles In A Luxury Suv Minivan
[2025-04-17T23:18:10.505+0000] {tours_geocoding.py:112} INFO -   (958/1074) Geocoding: La Vip Shopping Day
[2025-04-17T23:18:10.773+0000] {tours_geocoding.py:112} INFO -   (959/1074) Geocoding: Private Departure Transfer Hotel To Los Angeles International Airport 57ac49498427a5881a0002a9
[2025-04-17T23:18:11.034+0000] {tours_geocoding.py:112} INFO -   (960/1074) Geocoding: Private Sightseeing Tour Of Los Angeles With A Vegan Touch
[2025-04-17T23:18:11.282+0000] {tours_geocoding.py:112} INFO -   (961/1074) Geocoding: Big Bus Los Angeles Hop On Hop Off Tour
[2025-04-17T23:18:11.549+0000] {tours_geocoding.py:112} INFO -   (962/1074) Geocoding: Go Los Angeles Explorer Pass With Hop On Hop Off Bus And Warner Bros Studio Tour
[2025-04-17T23:18:11.837+0000] {tours_geocoding.py:112} INFO -   (963/1074) Geocoding: Los Angeles Ports Of Call Tours
[2025-04-17T23:18:12.108+0000] {tours_geocoding.py:112} INFO -   (964/1074) Geocoding: Private Audio Tour Long Beach
[2025-04-17T23:18:12.359+0000] {tours_geocoding.py:112} INFO -   (965/1074) Geocoding: Private Los Angeles City Tour
[2025-04-17T23:18:12.643+0000] {tours_geocoding.py:112} INFO -   (966/1074) Geocoding: Los Angeles And Hollywood 5 Hours Private Tour
[2025-04-17T23:18:12.908+0000] {tours_geocoding.py:112} INFO -   (967/1074) Geocoding: Private Christmas Tour With Christmas Afternoon Tea Ceremony In Old Pasadena
[2025-04-17T23:18:13.170+0000] {tours_geocoding.py:112} INFO -   (968/1074) Geocoding: Go Los Angeles Card
[2025-04-17T23:18:13.438+0000] {tours_geocoding.py:112} INFO -   (969/1074) Geocoding: Private Sightseeing Tour Of Beverly Hills
[2025-04-17T23:18:13.683+0000] {tours_geocoding.py:112} INFO -   (970/1074) Geocoding: Hollywood Tourist Scavenger Hunt
[2025-04-17T23:18:13.929+0000] {tours_geocoding.py:112} INFO -   (971/1074) Geocoding: Christmas Market In Los Angeles And Charming Old Pasadena On Private Tour
[2025-04-17T23:18:14.223+0000] {tours_geocoding.py:112} INFO -   (972/1074) Geocoding: Lax Airport To San Diego In A Luxurious Suv
[2025-04-17T23:18:14.484+0000] {tours_geocoding.py:112} INFO -   (973/1074) Geocoding: 3 Hour Food Tour In Venice Beach Los Angeles
[2025-04-17T23:18:14.741+0000] {tours_geocoding.py:112} INFO -   (974/1074) Geocoding: Surf Camping Trip
[2025-04-17T23:18:14.980+0000] {tours_geocoding.py:112} INFO -   (975/1074) Geocoding: Afternoon Multimedia Tour Of Los Angeles Hollywood Beverly Hills
[2025-04-17T23:18:15.273+0000] {tours_geocoding.py:112} INFO -   (976/1074) Geocoding: Hollywood Tours Hollywood Sign Celebrity Homes Tour
[2025-04-17T23:18:15.518+0000] {tours_geocoding.py:112} INFO -   (977/1074) Geocoding: Swan Boat Night Ride At Echo Park Lake
[2025-04-17T23:18:15.794+0000] {tours_geocoding.py:112} INFO -   (978/1074) Geocoding: Family Surf Lesson
[2025-04-17T23:18:16.020+0000] {tours_geocoding.py:112} INFO -   (979/1074) Geocoding: Surf Lesson For Kids
[2025-04-17T23:18:16.245+0000] {tours_geocoding.py:125} INFO - Completed batch 19. Sleeping before next batch...
[2025-04-17T23:18:18.250+0000] {tours_geocoding.py:105} INFO - Processing batch 20: rows 980 to 1029
[2025-04-17T23:18:18.251+0000] {tours_geocoding.py:112} INFO -   (980/1074) Geocoding: Private Surf Lesson At Venice
[2025-04-17T23:18:18.511+0000] {tours_geocoding.py:112} INFO -   (981/1074) Geocoding: 4 Day Las Vegas And Western Deserts Tour From Los Angeles
[2025-04-17T23:18:18.785+0000] {tours_geocoding.py:112} INFO -   (982/1074) Geocoding: Private Tour Of Griffith Observatory
[2025-04-17T23:18:19.056+0000] {tours_geocoding.py:112} INFO -   (983/1074) Geocoding: Sequoia Park Private Tour
[2025-04-17T23:18:19.332+0000] {tours_geocoding.py:112} INFO -   (984/1074) Geocoding: The Looney Los Angeles Scavenger Hunt
[2025-04-17T23:18:19.580+0000] {tours_geocoding.py:112} INFO -   (985/1074) Geocoding: West Hollywood Food Tour
[2025-04-17T23:18:19.856+0000] {tours_geocoding.py:112} INFO -   (986/1074) Geocoding: Catalina Island Day Trip From Los Angeles With Zipline Adventure
[2025-04-17T23:18:20.126+0000] {tours_geocoding.py:112} INFO -   (987/1074) Geocoding: Los Angeles Arrival And Departure
[2025-04-17T23:18:20.371+0000] {tours_geocoding.py:112} INFO -   (988/1074) Geocoding: Catalina Island Day Trip From Los Angeles With Avalon Tour
[2025-04-17T23:18:20.632+0000] {tours_geocoding.py:112} INFO -   (989/1074) Geocoding: Warner Bros Studio Tour With Transportation
[2025-04-17T23:18:20.905+0000] {tours_geocoding.py:112} INFO -   (990/1074) Geocoding: Catalina Island Day Trip From Los Angeles With Undersea Adventure
[2025-04-17T23:18:21.189+0000] {tours_geocoding.py:112} INFO -   (991/1074) Geocoding: Private Group Transfer Los Angeles To Or From Anaheim
[2025-04-17T23:18:21.434+0000] {tours_geocoding.py:112} INFO -   (992/1074) Geocoding: Round Trip Transfer In Executive Private Vehicle From To Airport In Los Angeles
[2025-04-17T23:18:21.717+0000] {tours_geocoding.py:112} INFO -   (993/1074) Geocoding: Transfer In Private Luxury Minivan From Los Angeles City Downtown To Airport
[2025-04-17T23:18:21.977+0000] {tours_geocoding.py:112} INFO -   (994/1074) Geocoding: Best Electric Mtn Bike Experience Montrose
[2025-04-17T23:18:22.280+0000] {tours_geocoding.py:112} INFO -   (995/1074) Geocoding: Zombie Scavengers Game Los Angeles Ca
[2025-04-17T23:18:22.523+0000] {tours_geocoding.py:112} INFO -   (996/1074) Geocoding: Operation City Quest Scavenger Hunt Los Angeles Ca
[2025-04-17T23:18:22.784+0000] {tours_geocoding.py:112} INFO -   (997/1074) Geocoding: Los Angeles Airport Lax Private Transfer From Hollywood
[2025-04-17T23:18:23.054+0000] {tours_geocoding.py:112} INFO -   (998/1074) Geocoding: Snorkeling Los Angeles
[2025-04-17T23:18:23.289+0000] {tours_geocoding.py:112} INFO -   (999/1074) Geocoding: Snoqualmie Falls And Seattle Winery Tour
[2025-04-17T23:18:23.563+0000] {tours_geocoding.py:112} INFO -   (1000/1074) Geocoding: Seattle City Tour
[2025-04-17T23:18:23.791+0000] {tours_geocoding.py:112} INFO -   (1001/1074) Geocoding: Food And Cultural Walking Tour Of Pike Place Market
[2025-04-17T23:18:24.091+0000] {tours_geocoding.py:112} INFO -   (1002/1074) Geocoding: Viator Exclusive Early Access Food Tour Of Pike Place Market
[2025-04-17T23:18:24.414+0000] {tours_geocoding.py:112} INFO -   (1003/1074) Geocoding: Subterranean Seattle Walking History Tour
[2025-04-17T23:18:24.684+0000] {tours_geocoding.py:112} INFO -   (1004/1074) Geocoding: Mt Rainier Day Trip From Seattle
[2025-04-17T23:18:24.954+0000] {tours_geocoding.py:112} INFO -   (1005/1074) Geocoding: Snoqualmie Falls And Seattle City Tour
[2025-04-17T23:18:25.204+0000] {tours_geocoding.py:112} INFO -   (1006/1074) Geocoding: Mt Rainier Small Group Walking Or Snowshoeing Tour With Lunch
[2025-04-17T23:18:25.473+0000] {tours_geocoding.py:112} INFO -   (1007/1074) Geocoding: Chef Guided Food Tour Of Pike Place Market
[2025-04-17T23:18:25.788+0000] {tours_geocoding.py:112} INFO -   (1008/1074) Geocoding: Seattle Harbor Cruise
[2025-04-17T23:18:26.034+0000] {tours_geocoding.py:112} INFO -   (1009/1074) Geocoding: Premier 3 Hour Seattle City Tour
[2025-04-17T23:18:26.285+0000] {tours_geocoding.py:112} INFO -   (1010/1074) Geocoding: Small Group Olympic National Park Tour From Seattle
[2025-04-17T23:18:26.547+0000] {tours_geocoding.py:112} INFO -   (1011/1074) Geocoding: Morning Tour Of Boeing Factory From Seattle
[2025-04-17T23:18:26.762+0000] {tours_geocoding.py:112} INFO -   (1012/1074) Geocoding: 2 Hour Cruise On Lake Union In Seattle
[2025-04-17T23:18:27.010+0000] {tours_geocoding.py:112} INFO -   (1013/1074) Geocoding: Guaranteed Whale Watching Tour
[2025-04-17T23:18:27.239+0000] {tours_geocoding.py:112} INFO -   (1014/1074) Geocoding: Private Tour Seattle Highlights
[2025-04-17T23:18:27.491+0000] {tours_geocoding.py:112} INFO -   (1015/1074) Geocoding: 2 Hour Seattle City Tour
[2025-04-17T23:18:27.729+0000] {tours_geocoding.py:112} INFO -   (1016/1074) Geocoding: City Sightseeing Seattle Hop On Hop Off Tour
[2025-04-17T23:18:27.977+0000] {tours_geocoding.py:112} INFO -   (1017/1074) Geocoding: Anacortes Whale Watching
[2025-04-17T23:18:28.213+0000] {tours_geocoding.py:112} INFO -   (1018/1074) Geocoding: Whale Watching From Friday Harbor
[2025-04-17T23:18:28.479+0000] {tours_geocoding.py:112} INFO -   (1019/1074) Geocoding: Seattle Shore Excursion Pre Cruise Sightseeing City Tour 5ac659955840d4c99b0000a8
[2025-04-17T23:18:28.735+0000] {tours_geocoding.py:112} INFO -   (1020/1074) Geocoding: Canopy Tree Climbing On Bainbridge Island
[2025-04-17T23:18:28.986+0000] {tours_geocoding.py:112} INFO -   (1021/1074) Geocoding: Private Arrival Transfer Seattle Tacoma Airport To Hotel
[2025-04-17T23:18:29.229+0000] {tours_geocoding.py:112} INFO -   (1022/1074) Geocoding: Admission To The Museum Of Flight
[2025-04-17T23:18:29.512+0000] {tours_geocoding.py:112} INFO -   (1023/1074) Geocoding: Seattle Scavenger Hunt Adventure
[2025-04-17T23:18:29.755+0000] {tours_geocoding.py:112} INFO -   (1024/1074) Geocoding: Seattle City Tour Spanish
[2025-04-17T23:18:29.982+0000] {tours_geocoding.py:112} INFO -   (1025/1074) Geocoding: Sunset Canopy Climb At Deception Pass State Park
[2025-04-17T23:18:30.248+0000] {tours_geocoding.py:112} INFO -   (1026/1074) Geocoding: Private Olympic National Park Rainforest Tour From Seattle
[2025-04-17T23:18:30.510+0000] {tours_geocoding.py:112} INFO -   (1027/1074) Geocoding: 60 Minute Private Vacation Photography Session With Photographer In Seattle
[2025-04-17T23:18:30.776+0000] {tours_geocoding.py:112} INFO -   (1028/1074) Geocoding: Haunted Seattle Ghost And Pub Walking Tour
[2025-04-17T23:18:31.016+0000] {tours_geocoding.py:112} INFO -   (1029/1074) Geocoding: Underground Donut Tour Seattle S Only Donut Tour
[2025-04-17T23:18:31.254+0000] {tours_geocoding.py:125} INFO - Completed batch 20. Sleeping before next batch...
[2025-04-17T23:18:33.261+0000] {tours_geocoding.py:105} INFO - Processing batch 21: rows 1030 to 1074
[2025-04-17T23:18:33.263+0000] {tours_geocoding.py:112} INFO -   (1030/1074) Geocoding: Boeing Factory And Optional Restoration Center Tour With Private Transport From Seattle
[2025-04-17T23:18:33.529+0000] {tours_geocoding.py:112} INFO -   (1031/1074) Geocoding: Private Sailing Adventure On The Puget Sound
[2025-04-17T23:18:33.769+0000] {tours_geocoding.py:112} INFO -   (1032/1074) Geocoding: Private Departure Transfer Hotel To Seattle Tacoma Airport
[2025-04-17T23:18:34.004+0000] {tours_geocoding.py:112} INFO -   (1033/1074) Geocoding: Private Tour Snoqualmie Falls And Woodinville Wineries Day Trip From Seattle
[2025-04-17T23:18:34.261+0000] {tours_geocoding.py:112} INFO -   (1034/1074) Geocoding: Seattle Private Tour For 2 6
[2025-04-17T23:18:34.513+0000] {tours_geocoding.py:112} INFO -   (1035/1074) Geocoding: Queen Anne True Crime Tour
[2025-04-17T23:18:34.771+0000] {tours_geocoding.py:112} INFO -   (1036/1074) Geocoding: Seattle Locks Cruise One Way Stay Play
[2025-04-17T23:18:35.043+0000] {tours_geocoding.py:112} INFO -   (1037/1074) Geocoding: Operation City Quest Scavenger Hunt Seattle Wa
[2025-04-17T23:18:35.292+0000] {tours_geocoding.py:112} INFO -   (1038/1074) Geocoding: Day Trip To Leavenworth Via The Cascade Mountains From Seattle
[2025-04-17T23:18:35.547+0000] {tours_geocoding.py:112} INFO -   (1039/1074) Geocoding: Boeing Tour Espa Ol
[2025-04-17T23:18:35.776+0000] {tours_geocoding.py:112} INFO -   (1040/1074) Geocoding: 7 Day Small Group Tour Canadian Rockies And National Parks
[2025-04-17T23:18:36.045+0000] {tours_geocoding.py:112} INFO -   (1041/1074) Geocoding: Private Airport Shuttle To Seattle Tacoma International Airport
[2025-04-17T23:18:36.297+0000] {tours_geocoding.py:112} INFO -   (1042/1074) Geocoding: Seattle Shore Excursion Private City Tour
[2025-04-17T23:18:36.550+0000] {tours_geocoding.py:112} INFO -   (1043/1074) Geocoding: Private Tour Mt Rainier Day Trip From Seattle
[2025-04-17T23:18:36.793+0000] {tours_geocoding.py:112} INFO -   (1044/1074) Geocoding: Private 3 Hour Seattle City Tour
[2025-04-17T23:18:37.025+0000] {tours_geocoding.py:112} INFO -   (1045/1074) Geocoding: Pre Cruise Seattle Sightseeing Tour
[2025-04-17T23:18:37.263+0000] {tours_geocoding.py:112} INFO -   (1046/1074) Geocoding: Clue Gathering Game By 3quest Challenge Seattle Wa
[2025-04-17T23:18:37.503+0000] {tours_geocoding.py:112} INFO -   (1047/1074) Geocoding: Crazy Dash Walking Adventure Seattle Wa
[2025-04-17T23:18:37.724+0000] {tours_geocoding.py:112} INFO -   (1048/1074) Geocoding: Wacky Walk Adventure Game Seattle Wa
[2025-04-17T23:18:37.977+0000] {tours_geocoding.py:112} INFO -   (1049/1074) Geocoding: Private Mount Rainier Gondola Tour
[2025-04-17T23:18:38.212+0000] {tours_geocoding.py:112} INFO -   (1050/1074) Geocoding: Seattle Tour
[2025-04-17T23:18:38.432+0000] {tours_geocoding.py:112} INFO -   (1051/1074) Geocoding: Private Seattle City Tour
[2025-04-17T23:18:38.658+0000] {tours_geocoding.py:112} INFO -   (1052/1074) Geocoding: Private Mountains Waterfalls And Alpine Village Tour
[2025-04-17T23:18:38.916+0000] {tours_geocoding.py:112} INFO -   (1053/1074) Geocoding: Chauffeur Transfer Service
[2025-04-17T23:18:39.142+0000] {tours_geocoding.py:112} INFO -   (1054/1074) Geocoding: Small Group Wine Tasting Tour Through Woodinville
[2025-04-17T23:18:39.403+0000] {tours_geocoding.py:112} INFO -   (1055/1074) Geocoding: Towncar Service From Or To Seattle Tacoma Airport
[2025-04-17T23:18:39.661+0000] {tours_geocoding.py:112} INFO -   (1056/1074) Geocoding: Orcas Island Whale Watching
[2025-04-17T23:18:39.908+0000] {tours_geocoding.py:112} INFO -   (1057/1074) Geocoding: Tacoma Puzzling Adventure
[2025-04-17T23:18:40.154+0000] {tours_geocoding.py:112} INFO -   (1058/1074) Geocoding: Deception Pass Bridge Island Tour From Seattle
[2025-04-17T23:18:40.428+0000] {tours_geocoding.py:112} INFO -   (1059/1074) Geocoding: Skagit Valley Tulip Festival Day Trip From Seattle
[2025-04-17T23:18:40.675+0000] {tours_geocoding.py:112} INFO -   (1060/1074) Geocoding: Emerald City Bicycle Tour
[2025-04-17T23:18:40.943+0000] {tours_geocoding.py:112} INFO -   (1061/1074) Geocoding: West Seatte Electric Bike Tour
[2025-04-17T23:18:41.218+0000] {tours_geocoding.py:112} INFO -   (1062/1074) Geocoding: 3 Day Canopy Tree Climbing Academy
[2025-04-17T23:18:41.466+0000] {tours_geocoding.py:112} INFO -   (1063/1074) Geocoding: 3 Days In Olympic National Park From Seattle Silent Forest Hoh Rainforest
[2025-04-17T23:18:41.740+0000] {tours_geocoding.py:112} INFO -   (1064/1074) Geocoding: Hourly Car Limo Rental Airport Transportation
[2025-04-17T23:18:41.982+0000] {tours_geocoding.py:112} INFO -   (1065/1074) Geocoding: Mount Rainier Tour From Seattle 5de66a5a0a21c71a9243f0a3
[2025-04-17T23:18:42.248+0000] {tours_geocoding.py:112} INFO -   (1066/1074) Geocoding: Hike Mt Rainier Taste Yakima Valley Wine All Inclusive Day Tour From Seattle
[2025-04-17T23:18:42.513+0000] {tours_geocoding.py:112} INFO -   (1067/1074) Geocoding: Mt Rainier
[2025-04-17T23:18:42.752+0000] {tours_geocoding.py:112} INFO -   (1068/1074) Geocoding: Mount Rainier National Park Luxury Small Group Day Tour With Lunch
[2025-04-17T23:18:43.023+0000] {tours_geocoding.py:112} INFO -   (1069/1074) Geocoding: Seattle Wine And Waterfall Luxury Small Group Day Tour With Lunch
[2025-04-17T23:18:43.274+0000] {tours_geocoding.py:112} INFO -   (1070/1074) Geocoding: Seattle Indoor Skydiving Experience
[2025-04-17T23:18:43.632+0000] {tours_geocoding.py:112} INFO -   (1071/1074) Geocoding: Seattle To Vancouver Seaplane Flight
[2025-04-17T23:18:43.876+0000] {tours_geocoding.py:112} INFO -   (1072/1074) Geocoding: Sky View Observatory Admission Tickets
[2025-04-17T23:18:44.146+0000] {tours_geocoding.py:112} INFO -   (1073/1074) Geocoding: Olympia Puzzling Adventure
[2025-04-17T23:18:44.398+0000] {tours_geocoding.py:112} INFO -   (1074/1074) Geocoding: Seattle Puzzling Adventure
[2025-04-17T23:18:44.680+0000] {tours_geocoding.py:125} INFO - Completed batch 21. Sleeping before next batch...
[2025-04-17T23:18:46.683+0000] {tours_geocoding.py:129} INFO - Successfully processed all 1074 tours
[2025-04-17T23:18:46.685+0000] {tours_geocoding.py:130} INFO - Output saved to: /tmp/triphobo_data/tours_with_coords.csv
[2025-04-17T23:18:46.703+0000] {python.py:240} INFO - Done. Returned value was: None
[2025-04-17T23:18:46.724+0000] {taskinstance.py:340} INFO - ::group::Post task execution logs
[2025-04-17T23:18:46.724+0000] {taskinstance.py:352} INFO - Marking task as SUCCESS. dag_id=triphobo_tours_pipeline, task_id=geocode_tours, run_id=manual__2025-04-17T22:06:42.144822+00:00, execution_date=20250417T220642, start_date=20250417T231539, end_date=20250417T231846
[2025-04-17T23:18:46.769+0000] {local_task_job_runner.py:266} INFO - Task exited with return code 0
[2025-04-17T23:18:46.788+0000] {taskinstance.py:3895} INFO - 1 downstream tasks scheduled from follow-on schedule check
[2025-04-17T23:18:46.789+0000] {local_task_job_runner.py:245} INFO - ::endgroup::
