[2025-04-12T05:56:51.366+0000] {local_task_job_runner.py:123} INFO - ::group::Pre task execution logs
[2025-04-12T05:56:51.377+0000] {taskinstance.py:2613} INFO - Dependencies all met for dep_context=non-requeueable deps ti=<TaskInstance: triphobo_etl_pipeline.scrape_tours manual__2025-04-12T05:56:49.857225+00:00 [queued]>
[2025-04-12T05:56:51.385+0000] {taskinstance.py:2613} INFO - Dependencies all met for dep_context=requeueable deps ti=<TaskInstance: triphobo_etl_pipeline.scrape_tours manual__2025-04-12T05:56:49.857225+00:00 [queued]>
[2025-04-12T05:56:51.385+0000] {taskinstance.py:2866} INFO - Starting attempt 1 of 1
[2025-04-12T05:56:51.398+0000] {taskinstance.py:2889} INFO - Executing <Task(PythonOperator): scrape_tours> on 2025-04-12 05:56:49.857225+00:00
[2025-04-12T05:56:51.404+0000] {warnings.py:112} WARNING - /home/***/.local/lib/python3.12/site-packages/***/task/task_runner/standard_task_runner.py:70: DeprecationWarning: This process (pid=718) is multi-threaded, use of fork() may lead to deadlocks in the child.
  pid = os.fork()

[2025-04-12T05:56:51.409+0000] {standard_task_runner.py:72} INFO - Started process 731 to run task
[2025-04-12T05:56:51.410+0000] {standard_task_runner.py:104} INFO - Running: ['***', 'tasks', 'run', 'triphobo_etl_pipeline', 'scrape_tours', 'manual__2025-04-12T05:56:49.857225+00:00', '--job-id', '134', '--raw', '--subdir', 'DAGS_FOLDER/trip_dag.py', '--cfg-path', '/tmp/tmpcaf__awn']
[2025-04-12T05:56:51.413+0000] {standard_task_runner.py:105} INFO - Job 134: Subtask scrape_tours
[2025-04-12T05:56:51.453+0000] {task_command.py:467} INFO - Running <TaskInstance: triphobo_etl_pipeline.scrape_tours manual__2025-04-12T05:56:49.857225+00:00 [running]> on host 0032dfa832cd
[2025-04-12T05:56:51.539+0000] {taskinstance.py:3132} INFO - Exporting env vars: AIRFLOW_CTX_DAG_OWNER='***' AIRFLOW_CTX_DAG_ID='triphobo_etl_pipeline' AIRFLOW_CTX_TASK_ID='scrape_tours' AIRFLOW_CTX_EXECUTION_DATE='2025-04-12T05:56:49.857225+00:00' AIRFLOW_CTX_TRY_NUMBER='1' AIRFLOW_CTX_DAG_RUN_ID='manual__2025-04-12T05:56:49.857225+00:00'
[2025-04-12T05:56:51.545+0000] {taskinstance.py:731} INFO - ::endgroup::
[2025-04-12T05:56:51.831+0000] {scrape.py:99} INFO - Scraping city: New York City United States
[2025-04-12T05:56:51.832+0000] {scrape.py:104} INFO -  Visiting Page 1: https://www.triphobo.com/tours/new-york-city-united-states?page=1
[2025-04-12T05:57:02.046+0000] {scrape.py:106} INFO -  Found 24 tour links on page 1
[2025-04-12T05:57:02.047+0000] {scrape.py:110} INFO - Scraping 1/24: https://www.triphobo.com/tours/big-bus-new-york-hop-on-hop-off-tour
[2025-04-12T05:57:05.934+0000] {scrape.py:110} INFO - Scraping 2/24: https://www.triphobo.com/tours/all-access-9-11-experience-ground-zero-tour-9-11-memorial-and-museum-one-world-observatory
[2025-04-12T05:57:09.502+0000] {scrape.py:110} INFO - Scraping 3/24: https://www.triphobo.com/tours/statue-of-liberty-and-ellis-island-guided-tour
[2025-04-12T05:57:11.524+0000] {local_task_job_runner.py:346} WARNING - State of this instance has been externally set to None. Terminating instance.
[2025-04-12T05:57:11.531+0000] {local_task_job_runner.py:245} INFO - ::endgroup::
[2025-04-12T05:57:11.534+0000] {process_utils.py:132} INFO - Sending 15 to group 731. PIDs of all processes in the group: [740, 784, 786, 789, 812, 836, 810, 731]
[2025-04-12T05:57:11.534+0000] {process_utils.py:87} INFO - Sending the signal 15 to group 731
[2025-04-12T05:57:11.535+0000] {taskinstance.py:3093} ERROR - Received SIGTERM. Terminating subprocesses.
[2025-04-12T05:57:11.681+0000] {process_utils.py:80} INFO - Process psutil.Process(pid=810, status='terminated', started='05:56:51') (810) terminated with exit code None
[2025-04-12T05:57:11.681+0000] {process_utils.py:80} INFO - Process psutil.Process(pid=789, status='terminated', started='05:56:51') (789) terminated with exit code None
[2025-04-12T05:57:11.681+0000] {process_utils.py:80} INFO - Process psutil.Process(pid=784, status='terminated', started='05:56:51') (784) terminated with exit code None
[2025-04-12T05:57:11.682+0000] {process_utils.py:80} INFO - Process psutil.Process(pid=812, status='terminated', started='05:56:51') (812) terminated with exit code None
[2025-04-12T05:57:11.682+0000] {process_utils.py:80} INFO - Process psutil.Process(pid=786, status='terminated', started='05:56:51') (786) terminated with exit code None
[2025-04-12T05:57:11.682+0000] {process_utils.py:80} INFO - Process psutil.Process(pid=836, status='terminated', started='05:56:51') (836) terminated with exit code None
[2025-04-12T05:57:11.682+0000] {process_utils.py:80} INFO - Process psutil.Process(pid=740, status='terminated', started='05:56:51') (740) terminated with exit code None
[2025-04-12T05:58:11.573+0000] {process_utils.py:150} WARNING - process psutil.Process(pid=731, name='airflow task ru', status='sleeping', started='05:56:51') did not respond to SIGTERM. Trying SIGKILL
[2025-04-12T05:58:11.577+0000] {process_utils.py:87} INFO - Sending the signal 9 to group 731
[2025-04-12T05:58:11.585+0000] {process_utils.py:80} INFO - Process psutil.Process(pid=731, name='airflow task ru', status='terminated', exitcode=<Negsignal.SIGKILL: -9>, started='05:56:51') (731) terminated with exit code -9
[2025-04-12T05:58:11.585+0000] {standard_task_runner.py:190} ERROR - ('Job 134 was killed before it finished (likely due to running out of memory)', 'For more information, see https://***.apache.org/docs/apache-***/stable/troubleshooting.html#LocalTaskJob-killed')
