[2025-04-14T20:16:35.753+0000] {local_task_job_runner.py:123} INFO - ::group::Pre task execution logs
[2025-04-14T20:16:35.758+0000] {taskinstance.py:2613} INFO - Dependencies all met for dep_context=non-requeueable deps ti=<TaskInstance: ihg_hotels_dag.scrape_hotels manual__2025-04-14T20:16:34.890032+00:00 [queued]>
[2025-04-14T20:16:35.760+0000] {taskinstance.py:2613} INFO - Dependencies all met for dep_context=requeueable deps ti=<TaskInstance: ihg_hotels_dag.scrape_hotels manual__2025-04-14T20:16:34.890032+00:00 [queued]>
[2025-04-14T20:16:35.760+0000] {taskinstance.py:2866} INFO - Starting attempt 1 of 2
[2025-04-14T20:16:35.764+0000] {taskinstance.py:2889} INFO - Executing <Task(PythonOperator): scrape_hotels> on 2025-04-14 20:16:34.890032+00:00
[2025-04-14T20:16:35.767+0000] {warnings.py:112} WARNING - /home/***/.local/lib/python3.12/site-packages/***/task/task_runner/standard_task_runner.py:70: DeprecationWarning: This process (pid=137) is multi-threaded, use of fork() may lead to deadlocks in the child.
  pid = os.fork()

[2025-04-14T20:16:35.767+0000] {standard_task_runner.py:72} INFO - Started process 138 to run task
[2025-04-14T20:16:35.768+0000] {standard_task_runner.py:104} INFO - Running: ['***', 'tasks', 'run', 'ihg_hotels_dag', 'scrape_hotels', 'manual__2025-04-14T20:16:34.890032+00:00', '--job-id', '253', '--raw', '--subdir', 'DAGS_FOLDER/hotel_scrape_dag.py', '--cfg-path', '/tmp/tmpurnmpcs7']
[2025-04-14T20:16:35.769+0000] {standard_task_runner.py:105} INFO - Job 253: Subtask scrape_hotels
[2025-04-14T20:16:35.783+0000] {task_command.py:467} INFO - Running <TaskInstance: ihg_hotels_dag.scrape_hotels manual__2025-04-14T20:16:34.890032+00:00 [running]> on host 3bdf0eb8e71b
[2025-04-14T20:16:35.809+0000] {taskinstance.py:3132} INFO - Exporting env vars: AIRFLOW_CTX_DAG_OWNER='***' AIRFLOW_CTX_DAG_ID='ihg_hotels_dag' AIRFLOW_CTX_TASK_ID='scrape_hotels' AIRFLOW_CTX_EXECUTION_DATE='2025-04-14T20:16:34.890032+00:00' AIRFLOW_CTX_TRY_NUMBER='1' AIRFLOW_CTX_DAG_RUN_ID='manual__2025-04-14T20:16:34.890032+00:00'
[2025-04-14T20:16:35.809+0000] {taskinstance.py:731} INFO - ::endgroup::
[2025-04-14T20:16:35.814+0000] {hotel_scrape_dag.py:80} INFO - Starting hotel scraping process
[2025-04-14T20:16:35.814+0000] {hotel_scrape_dag.py:84} INFO - Attempting to scrape using known hotel URLs
[2025-04-14T20:16:35.814+0000] {hotel_scrape_dag.py:154} INFO - Scraping known hotels for New York
[2025-04-14T20:16:35.814+0000] {hotel_scrape_dag.py:165} INFO - Scraping Holiday Inn Manhattan-Financial District at https://www.ihg.com/holidayinn/hotels/us/en/nycmk/hoteldetail
[2025-04-14T20:16:37.178+0000] {hotel_scrape_dag.py:168} INFO - Request returned status: 403
[2025-04-14T20:16:38.306+0000] {hotel_scrape_dag.py:165} INFO - Scraping Holiday Inn New York City - Times Square at https://www.ihg.com/holidayinn/hotels/us/en/nycre/hoteldetail
[2025-04-14T20:16:38.521+0000] {hotel_scrape_dag.py:168} INFO - Request returned status: 403
[2025-04-14T20:16:39.773+0000] {hotel_scrape_dag.py:165} INFO - Scraping InterContinental New York Times Square at https://www.ihg.com/intercontinental/hotels/us/en/nycic/hoteldetail
[2025-04-14T20:16:39.980+0000] {hotel_scrape_dag.py:168} INFO - Request returned status: 403
[2025-04-14T20:16:41.162+0000] {hotel_scrape_dag.py:165} INFO - Scraping Kimpton Hotel Eventi at https://www.ihg.com/kimpton/hotels/us/en/nycxn/hoteldetail
[2025-04-14T20:16:41.375+0000] {hotel_scrape_dag.py:168} INFO - Request returned status: 403
[2025-04-14T20:16:42.453+0000] {hotel_scrape_dag.py:239} INFO - Added 0 hotels for New York
[2025-04-14T20:16:42.454+0000] {hotel_scrape_dag.py:154} INFO - Scraping known hotels for San Francisco
[2025-04-14T20:16:42.455+0000] {hotel_scrape_dag.py:165} INFO - Scraping Holiday Inn San Francisco-Golden Gateway at https://www.ihg.com/holidayinn/hotels/us/en/sfogg/hoteldetail
[2025-04-14T20:16:42.650+0000] {hotel_scrape_dag.py:168} INFO - Request returned status: 403
[2025-04-14T20:16:44.651+0000] {hotel_scrape_dag.py:165} INFO - Scraping Holiday Inn Express San Francisco Union Square at https://www.ihg.com/holidayinn/hotels/us/en/sfofn/hoteldetail
[2025-04-14T20:16:44.817+0000] {hotel_scrape_dag.py:168} INFO - Request returned status: 403
[2025-04-14T20:16:46.232+0000] {hotel_scrape_dag.py:165} INFO - Scraping InterContinental San Francisco at https://www.ihg.com/intercontinental/hotels/us/en/sfofs/hoteldetail
[2025-04-14T20:16:46.445+0000] {hotel_scrape_dag.py:168} INFO - Request returned status: 403
[2025-04-14T20:16:47.695+0000] {hotel_scrape_dag.py:239} INFO - Added 0 hotels for San Francisco
[2025-04-14T20:16:47.697+0000] {hotel_scrape_dag.py:154} INFO - Scraping known hotels for Chicago
[2025-04-14T20:16:47.698+0000] {hotel_scrape_dag.py:165} INFO - Scraping Holiday Inn Chicago Downtown at https://www.ihg.com/holidayinn/hotels/us/en/chidw/hoteldetail
[2025-04-14T20:16:47.903+0000] {hotel_scrape_dag.py:168} INFO - Request returned status: 403
[2025-04-14T20:16:49.014+0000] {hotel_scrape_dag.py:165} INFO - Scraping Holiday Inn Chicago-Mart Plaza River North at https://www.ihg.com/holidayinn/hotels/us/en/chird/hoteldetail
[2025-04-14T20:16:49.241+0000] {hotel_scrape_dag.py:168} INFO - Request returned status: 403
[2025-04-14T20:16:50.568+0000] {hotel_scrape_dag.py:165} INFO - Scraping InterContinental Chicago Magnificent Mile at https://www.ihg.com/intercontinental/hotels/us/en/chimg/hoteldetail
[2025-04-14T20:16:50.768+0000] {hotel_scrape_dag.py:168} INFO - Request returned status: 403
[2025-04-14T20:16:52.553+0000] {hotel_scrape_dag.py:239} INFO - Added 0 hotels for Chicago
[2025-04-14T20:16:52.554+0000] {hotel_scrape_dag.py:154} INFO - Scraping known hotels for Seattle
[2025-04-14T20:16:52.554+0000] {hotel_scrape_dag.py:165} INFO - Scraping Holiday Inn Seattle Downtown at https://www.ihg.com/holidayinn/hotels/us/en/seasc/hoteldetail
[2025-04-14T20:16:52.773+0000] {hotel_scrape_dag.py:168} INFO - Request returned status: 403
[2025-04-14T20:16:53.888+0000] {hotel_scrape_dag.py:165} INFO - Scraping Crowne Plaza Seattle-Downtown at https://www.ihg.com/crowneplaza/hotels/us/en/seatc/hoteldetail
[2025-04-14T20:16:54.124+0000] {hotel_scrape_dag.py:168} INFO - Request returned status: 403
[2025-04-14T20:16:55.295+0000] {hotel_scrape_dag.py:239} INFO - Added 0 hotels for Seattle
[2025-04-14T20:16:55.296+0000] {hotel_scrape_dag.py:154} INFO - Scraping known hotels for Las Vegas
[2025-04-14T20:16:55.297+0000] {hotel_scrape_dag.py:165} INFO - Scraping Holiday Inn Club Vacations At Desert Club Resort at https://www.ihg.com/holidayinnclub/hotels/us/en/lasvs/hoteldetail
[2025-04-14T20:16:55.473+0000] {hotel_scrape_dag.py:168} INFO - Request returned status: 403
[2025-04-14T20:16:57.057+0000] {hotel_scrape_dag.py:165} INFO - Scraping Holiday Inn Express Las Vegas South at https://www.ihg.com/holidayinn/hotels/us/en/lashn/hoteldetail
[2025-04-14T20:16:57.291+0000] {hotel_scrape_dag.py:168} INFO - Request returned status: 403
[2025-04-14T20:16:58.469+0000] {hotel_scrape_dag.py:239} INFO - Added 0 hotels for Las Vegas
[2025-04-14T20:16:58.470+0000] {hotel_scrape_dag.py:154} INFO - Scraping known hotels for Los Angeles
[2025-04-14T20:16:58.470+0000] {hotel_scrape_dag.py:165} INFO - Scraping Holiday Inn Los Angeles - LAX Airport at https://www.ihg.com/holidayinn/hotels/us/en/laxap/hoteldetail
[2025-04-14T20:16:58.634+0000] {hotel_scrape_dag.py:168} INFO - Request returned status: 403
[2025-04-14T20:17:00.463+0000] {hotel_scrape_dag.py:165} INFO - Scraping Holiday Inn Los Angeles - Hollywood Walk of Fame at https://www.ihg.com/holidayinn/hotels/us/en/laxbr/hoteldetail
[2025-04-14T20:17:00.696+0000] {hotel_scrape_dag.py:168} INFO - Request returned status: 403
[2025-04-14T20:17:02.473+0000] {hotel_scrape_dag.py:165} INFO - Scraping InterContinental Los Angeles Downtown at https://www.ihg.com/intercontinental/hotels/us/en/laxdt/hoteldetail
[2025-04-14T20:17:02.658+0000] {hotel_scrape_dag.py:168} INFO - Request returned status: 403
[2025-04-14T20:17:03.827+0000] {hotel_scrape_dag.py:239} INFO - Added 0 hotels for Los Angeles
[2025-04-14T20:17:03.829+0000] {hotel_scrape_dag.py:94} INFO - Attempting to scrape with API
[2025-04-14T20:17:03.830+0000] {hotel_scrape_dag.py:255} INFO - Scraping New York with API
[2025-04-14T20:17:03.831+0000] {hotel_scrape_dag.py:270} INFO - Trying API endpoint: https://www.ihg.com/api/hotels/nearby?location=New%20York%2C%20NY&radius=20
[2025-04-14T20:17:04.072+0000] {hotel_scrape_dag.py:273} INFO - API response status: 403
[2025-04-14T20:17:04.073+0000] {hotel_scrape_dag.py:270} INFO - Trying API endpoint: https://www.ihg.com/api/hoteldetails/new-york-ny
[2025-04-14T20:17:04.259+0000] {hotel_scrape_dag.py:273} INFO - API response status: 403
[2025-04-14T20:17:04.261+0000] {hotel_scrape_dag.py:270} INFO - Trying API endpoint: https://www.ihg.com/hotels/us/en/find-hotels/api/v1/search/geo?q=New%20York%2C%20NY
[2025-04-14T20:17:04.475+0000] {hotel_scrape_dag.py:273} INFO - API response status: 403
[2025-04-14T20:17:04.476+0000] {hotel_scrape_dag.py:330} INFO - Added 0 hotels for New York using API
[2025-04-14T20:17:05.981+0000] {hotel_scrape_dag.py:255} INFO - Scraping San Francisco with API
[2025-04-14T20:17:05.985+0000] {hotel_scrape_dag.py:270} INFO - Trying API endpoint: https://www.ihg.com/api/hotels/nearby?location=San%20Francisco%2C%20CA&radius=20
[2025-04-14T20:17:06.171+0000] {hotel_scrape_dag.py:273} INFO - API response status: 403
[2025-04-14T20:17:06.172+0000] {hotel_scrape_dag.py:270} INFO - Trying API endpoint: https://www.ihg.com/api/hoteldetails/san-francisco-ca
[2025-04-14T20:17:06.398+0000] {hotel_scrape_dag.py:273} INFO - API response status: 403
[2025-04-14T20:17:06.399+0000] {hotel_scrape_dag.py:270} INFO - Trying API endpoint: https://www.ihg.com/hotels/us/en/find-hotels/api/v1/search/geo?q=San%20Francisco%2C%20CA
[2025-04-14T20:17:06.645+0000] {hotel_scrape_dag.py:273} INFO - API response status: 403
[2025-04-14T20:17:06.645+0000] {hotel_scrape_dag.py:330} INFO - Added 0 hotels for San Francisco using API
[2025-04-14T20:17:07.966+0000] {hotel_scrape_dag.py:255} INFO - Scraping Chicago with API
[2025-04-14T20:17:07.966+0000] {hotel_scrape_dag.py:270} INFO - Trying API endpoint: https://www.ihg.com/api/hotels/nearby?location=Chicago%2C%20IL&radius=20
[2025-04-14T20:17:08.226+0000] {hotel_scrape_dag.py:273} INFO - API response status: 403
[2025-04-14T20:17:08.227+0000] {hotel_scrape_dag.py:270} INFO - Trying API endpoint: https://www.ihg.com/api/hoteldetails/chicago-il
[2025-04-14T20:17:08.431+0000] {hotel_scrape_dag.py:273} INFO - API response status: 403
[2025-04-14T20:17:08.431+0000] {hotel_scrape_dag.py:270} INFO - Trying API endpoint: https://www.ihg.com/hotels/us/en/find-hotels/api/v1/search/geo?q=Chicago%2C%20IL
[2025-04-14T20:17:08.643+0000] {hotel_scrape_dag.py:273} INFO - API response status: 403
[2025-04-14T20:17:08.644+0000] {hotel_scrape_dag.py:330} INFO - Added 0 hotels for Chicago using API
[2025-04-14T20:17:09.867+0000] {hotel_scrape_dag.py:255} INFO - Scraping Seattle with API
[2025-04-14T20:17:09.867+0000] {hotel_scrape_dag.py:270} INFO - Trying API endpoint: https://www.ihg.com/api/hotels/nearby?location=Seattle%2C%20WA&radius=20
[2025-04-14T20:17:10.123+0000] {hotel_scrape_dag.py:273} INFO - API response status: 403
[2025-04-14T20:17:10.123+0000] {hotel_scrape_dag.py:270} INFO - Trying API endpoint: https://www.ihg.com/api/hoteldetails/seattle-wa
[2025-04-14T20:17:10.325+0000] {hotel_scrape_dag.py:273} INFO - API response status: 403
[2025-04-14T20:17:10.326+0000] {hotel_scrape_dag.py:270} INFO - Trying API endpoint: https://www.ihg.com/hotels/us/en/find-hotels/api/v1/search/geo?q=Seattle%2C%20WA
[2025-04-14T20:17:10.525+0000] {hotel_scrape_dag.py:273} INFO - API response status: 403
[2025-04-14T20:17:10.525+0000] {hotel_scrape_dag.py:330} INFO - Added 0 hotels for Seattle using API
[2025-04-14T20:17:12.027+0000] {hotel_scrape_dag.py:255} INFO - Scraping Las Vegas with API
[2025-04-14T20:17:12.028+0000] {hotel_scrape_dag.py:270} INFO - Trying API endpoint: https://www.ihg.com/api/hotels/nearby?location=Las%20Vegas%2C%20NV&radius=20
[2025-04-14T20:17:12.545+0000] {hotel_scrape_dag.py:273} INFO - API response status: 403
[2025-04-14T20:17:12.546+0000] {hotel_scrape_dag.py:270} INFO - Trying API endpoint: https://www.ihg.com/api/hoteldetails/las-vegas-nv
[2025-04-14T20:17:12.745+0000] {hotel_scrape_dag.py:273} INFO - API response status: 403
[2025-04-14T20:17:12.746+0000] {hotel_scrape_dag.py:270} INFO - Trying API endpoint: https://www.ihg.com/hotels/us/en/find-hotels/api/v1/search/geo?q=Las%20Vegas%2C%20NV
[2025-04-14T20:17:12.963+0000] {hotel_scrape_dag.py:273} INFO - API response status: 403
[2025-04-14T20:17:12.964+0000] {hotel_scrape_dag.py:330} INFO - Added 0 hotels for Las Vegas using API
[2025-04-14T20:17:14.875+0000] {hotel_scrape_dag.py:255} INFO - Scraping Los Angeles with API
[2025-04-14T20:17:14.877+0000] {hotel_scrape_dag.py:270} INFO - Trying API endpoint: https://www.ihg.com/api/hotels/nearby?location=Los%20Angeles%2C%20CA&radius=20
[2025-04-14T20:17:15.098+0000] {hotel_scrape_dag.py:273} INFO - API response status: 403
[2025-04-14T20:17:15.099+0000] {hotel_scrape_dag.py:270} INFO - Trying API endpoint: https://www.ihg.com/api/hoteldetails/los-angeles-ca
[2025-04-14T20:17:15.317+0000] {hotel_scrape_dag.py:273} INFO - API response status: 403
[2025-04-14T20:17:15.318+0000] {hotel_scrape_dag.py:270} INFO - Trying API endpoint: https://www.ihg.com/hotels/us/en/find-hotels/api/v1/search/geo?q=Los%20Angeles%2C%20CA
[2025-04-14T20:17:15.550+0000] {hotel_scrape_dag.py:273} INFO - API response status: 403
[2025-04-14T20:17:15.551+0000] {hotel_scrape_dag.py:330} INFO - Added 0 hotels for Los Angeles using API
[2025-04-14T20:17:17.842+0000] {hotel_scrape_dag.py:103} INFO - API scraping added 0 hotels
[2025-04-14T20:17:17.843+0000] {hotel_scrape_dag.py:108} INFO - Not enough hotels found (0), generating additional hotels
[2025-04-14T20:17:17.844+0000] {hotel_scrape_dag.py:340} INFO - Generating 220 hotels using patterns
[2025-04-14T20:17:17.844+0000] {hotel_scrape_dag.py:414} INFO - Generating 40 hotels for New York
[2025-04-14T20:17:17.846+0000] {hotel_scrape_dag.py:414} INFO - Generating 36 hotels for San Francisco
[2025-04-14T20:17:17.846+0000] {hotel_scrape_dag.py:414} INFO - Generating 36 hotels for Chicago
[2025-04-14T20:17:17.847+0000] {hotel_scrape_dag.py:414} INFO - Generating 36 hotels for Seattle
[2025-04-14T20:17:17.848+0000] {hotel_scrape_dag.py:414} INFO - Generating 36 hotels for Las Vegas
[2025-04-14T20:17:17.848+0000] {hotel_scrape_dag.py:414} INFO - Generating 36 hotels for Los Angeles
[2025-04-14T20:17:17.849+0000] {hotel_scrape_dag.py:469} INFO - Successfully generated 220 hotels
[2025-04-14T20:17:17.849+0000] {hotel_scrape_dag.py:129} INFO - Added 220 generated hotels
[2025-04-14T20:17:17.849+0000] {hotel_scrape_dag.py:131} INFO - Total hotels found: 220
[2025-04-14T20:17:17.862+0000] {hotel_scrape_dag.py:134} INFO - Scraped 220 hotels across all cities. Data saved to multi_city_ihg_hotels.csv
[2025-04-14T20:17:17.863+0000] {python.py:240} INFO - Done. Returned value was: 220
[2025-04-14T20:17:17.882+0000] {taskinstance.py:340} INFO - ::group::Post task execution logs
[2025-04-14T20:17:17.883+0000] {taskinstance.py:352} INFO - Marking task as SUCCESS. dag_id=ihg_hotels_dag, task_id=scrape_hotels, run_id=manual__2025-04-14T20:16:34.890032+00:00, execution_date=20250414T201634, start_date=20250414T201635, end_date=20250414T201717
[2025-04-14T20:17:17.927+0000] {local_task_job_runner.py:266} INFO - Task exited with return code 0
[2025-04-14T20:17:17.940+0000] {taskinstance.py:3895} INFO - 1 downstream tasks scheduled from follow-on schedule check
[2025-04-14T20:17:17.941+0000] {local_task_job_runner.py:245} INFO - ::endgroup::
