[2025-04-18T06:19:01.345+0000] {local_task_job_runner.py:123} INFO - ::group::Pre task execution logs
[2025-04-18T06:19:01.350+0000] {taskinstance.py:2613} INFO - Dependencies all met for dep_context=non-requeueable deps ti=<TaskInstance: triphobo_attractions_scrape.process_next_city manual__2025-04-18T06:19:00.130101+00:00 [queued]>
[2025-04-18T06:19:01.352+0000] {taskinstance.py:2613} INFO - Dependencies all met for dep_context=requeueable deps ti=<TaskInstance: triphobo_attractions_scrape.process_next_city manual__2025-04-18T06:19:00.130101+00:00 [queued]>
[2025-04-18T06:19:01.353+0000] {taskinstance.py:2866} INFO - Starting attempt 1 of 1
[2025-04-18T06:19:01.357+0000] {taskinstance.py:2889} INFO - Executing <Task(PythonOperator): process_next_city> on 2025-04-18 06:19:00.130101+00:00
[2025-04-18T06:19:01.361+0000] {warnings.py:112} WARNING - /home/***/.local/lib/python3.12/site-packages/***/task/task_runner/standard_task_runner.py:70: DeprecationWarning: This process (pid=689) is multi-threaded, use of fork() may lead to deadlocks in the child.
  pid = os.fork()

[2025-04-18T06:19:01.362+0000] {standard_task_runner.py:72} INFO - Started process 690 to run task
[2025-04-18T06:19:01.362+0000] {standard_task_runner.py:104} INFO - Running: ['***', 'tasks', 'run', 'triphobo_attractions_scrape', 'process_next_city', 'manual__2025-04-18T06:19:00.130101+00:00', '--job-id', '55', '--raw', '--subdir', 'DAGS_FOLDER/attractions_dag.py', '--cfg-path', '/tmp/tmp_l4u27mh']
[2025-04-18T06:19:01.364+0000] {standard_task_runner.py:105} INFO - Job 55: Subtask process_next_city
[2025-04-18T06:19:01.382+0000] {task_command.py:467} INFO - Running <TaskInstance: triphobo_attractions_scrape.process_next_city manual__2025-04-18T06:19:00.130101+00:00 [running]> on host 68d96c644388
[2025-04-18T06:19:01.411+0000] {taskinstance.py:3132} INFO - Exporting env vars: AIRFLOW_CTX_DAG_OWNER='***' AIRFLOW_CTX_DAG_ID='triphobo_attractions_scrape' AIRFLOW_CTX_TASK_ID='process_next_city' AIRFLOW_CTX_EXECUTION_DATE='2025-04-18T06:19:00.130101+00:00' AIRFLOW_CTX_TRY_NUMBER='1' AIRFLOW_CTX_DAG_RUN_ID='manual__2025-04-18T06:19:00.130101+00:00'
[2025-04-18T06:19:01.412+0000] {taskinstance.py:731} INFO - ::endgroup::
[2025-04-18T06:19:01.418+0000] {attractions_dag.py:178} INFO - Loaded checkpoint: City 0, Page 1, Completed cities: []
[2025-04-18T06:19:01.424+0000] {attractions_dag.py:192} INFO - Loaded 10 existing records from /tmp/triphobo_data/multi_city_attractions.csv
[2025-04-18T06:19:01.424+0000] {attractions_dag.py:195} INFO - Found 10 existing URLs in the dataset
[2025-04-18T06:19:01.424+0000] {attractions_dag.py:208} INFO - Scraping city 1/6: New York City United States
[2025-04-18T06:19:01.687+0000] {attractions_dag.py:218} INFO - Scraping page 1/10: https://www.triphobo.com/places/new-york-city-united-states/things-to-do?page=1
[2025-04-18T06:19:17.565+0000] {attractions_dag.py:222} INFO - Found 15 attraction links
[2025-04-18T06:19:17.566+0000] {attractions_dag.py:235} INFO - Skipping already scraped URL: https://www.triphobo.com/places/new-york-city-united-states/empire-state-building
[2025-04-18T06:19:17.566+0000] {attractions_dag.py:235} INFO - Skipping already scraped URL: https://www.triphobo.com/places/new-york-city-united-states/statue-of-liberty
[2025-04-18T06:19:17.566+0000] {attractions_dag.py:235} INFO - Skipping already scraped URL: https://www.triphobo.com/places/new-york-city-united-states/rockefeller-center
[2025-04-18T06:19:17.566+0000] {attractions_dag.py:235} INFO - Skipping already scraped URL: https://www.triphobo.com/places/new-york-city-united-states/times-square
[2025-04-18T06:19:17.566+0000] {attractions_dag.py:235} INFO - Skipping already scraped URL: https://www.triphobo.com/places/new-york-city-united-states/the-metropolitan-museum-of-art
[2025-04-18T06:19:19.570+0000] {attractions_dag.py:235} INFO - Skipping already scraped URL: https://www.triphobo.com/places/new-york-city-united-states/grand-central-terminal
[2025-04-18T06:19:19.571+0000] {attractions_dag.py:235} INFO - Skipping already scraped URL: https://www.triphobo.com/places/new-york-city-united-states/american-museum-of-natural-history
[2025-04-18T06:19:19.571+0000] {attractions_dag.py:235} INFO - Skipping already scraped URL: https://www.triphobo.com/places/new-york-city-united-states/museum-of-modern-art
[2025-04-18T06:19:19.571+0000] {attractions_dag.py:235} INFO - Skipping already scraped URL: https://www.triphobo.com/places/new-york-city-united-states/high-line
[2025-04-18T06:19:19.572+0000] {attractions_dag.py:235} INFO - Skipping already scraped URL: https://www.triphobo.com/places/new-york-city-united-states/national-9-11-memorial-museum
[2025-04-18T06:19:21.575+0000] {attractions_dag.py:239} INFO - Scraping place 11/15: https://www.triphobo.com/places/new-york-city-united-states/intrepid-sea-air-and-space-museum
[2025-04-18T06:19:25.320+0000] {attractions_dag.py:239} INFO - Scraping place 12/15: https://www.triphobo.com/places/new-york-city-united-states/solomon-r-guggenheim-museum
[2025-04-18T06:19:28.987+0000] {attractions_dag.py:239} INFO - Scraping place 13/15: https://www.triphobo.com/places/new-york-city-united-states/radio-city-music-hall
[2025-04-18T06:19:32.640+0000] {attractions_dag.py:239} INFO - Scraping place 14/15: https://www.triphobo.com/places/new-york-city-united-states/fanaberie
[2025-04-18T06:19:36.349+0000] {attractions_dag.py:239} INFO - Scraping place 15/15: https://www.triphobo.com/places/new-york-city-united-states/united-nations-headquarters
[2025-04-18T06:19:40.114+0000] {attractions_dag.py:171} INFO - Saved checkpoint: City 0, Page 1, Completed cities: []
[2025-04-18T06:19:42.126+0000] {attractions_dag.py:171} INFO - Saved checkpoint: City 0, Page 2, Completed cities: []
[2025-04-18T06:19:42.127+0000] {attractions_dag.py:218} INFO - Scraping page 2/10: https://www.triphobo.com/places/new-york-city-united-states/things-to-do?page=2
[2025-04-18T06:19:47.559+0000] {attractions_dag.py:222} INFO - Found 15 attraction links
[2025-04-18T06:19:47.559+0000] {attractions_dag.py:239} INFO - Scraping place 1/15: https://www.triphobo.com/places/new-york-city-united-states/new-york-public-library
[2025-04-18T06:19:51.261+0000] {attractions_dag.py:239} INFO - Scraping place 2/15: https://www.triphobo.com/places/new-york-city-united-states/national-museum-of-american-indian
[2025-04-18T06:19:54.961+0000] {attractions_dag.py:239} INFO - Scraping place 3/15: https://www.triphobo.com/places/new-york-city-united-states/children-s-museum-of-manhattan
[2025-04-18T06:19:58.635+0000] {attractions_dag.py:239} INFO - Scraping place 4/15: https://www.triphobo.com/places/new-york-city-united-states/the-morgan-library-and-museum
[2025-04-18T06:20:02.440+0000] {attractions_dag.py:239} INFO - Scraping place 5/15: https://www.triphobo.com/places/new-york-city-united-states/cathedral-church-of-saint-john-the-divine
[2025-04-18T06:20:06.159+0000] {attractions_dag.py:171} INFO - Saved checkpoint: City 0, Page 2, Completed cities: []
[2025-04-18T06:20:08.161+0000] {attractions_dag.py:239} INFO - Scraping place 6/15: https://www.triphobo.com/places/new-york-city-united-states/gramercy-tavern
[2025-04-18T06:20:12.538+0000] {attractions_dag.py:239} INFO - Scraping place 7/15: https://www.triphobo.com/places/new-york-city-united-states/brooklyn-bridge
[2025-04-18T06:20:16.268+0000] {attractions_dag.py:239} INFO - Scraping place 8/15: https://www.triphobo.com/places/new-york-city-united-states/bryant-park
[2025-04-18T06:20:19.973+0000] {attractions_dag.py:239} INFO - Scraping place 9/15: https://www.triphobo.com/places/new-york-city-united-states/brooklyn-heights-promenade
[2025-04-18T06:20:23.627+0000] {attractions_dag.py:239} INFO - Scraping place 10/15: https://www.triphobo.com/places/new-york-city-united-states/65th-street
[2025-04-18T06:20:27.335+0000] {attractions_dag.py:171} INFO - Saved checkpoint: City 0, Page 2, Completed cities: []
[2025-04-18T06:20:29.339+0000] {attractions_dag.py:239} INFO - Scraping place 11/15: https://www.triphobo.com/places/new-york-city-united-states/chrysler-building
[2025-04-18T06:20:33.087+0000] {attractions_dag.py:239} INFO - Scraping place 12/15: https://www.triphobo.com/places/new-york-city-united-states/chinatown
[2025-04-18T06:20:36.749+0000] {attractions_dag.py:239} INFO - Scraping place 13/15: https://www.triphobo.com/places/new-york-city-united-states/dead-rabbit
[2025-04-18T06:20:40.438+0000] {attractions_dag.py:239} INFO - Scraping place 14/15: https://www.triphobo.com/places/new-york-city-united-states/new-york-transit-museum
[2025-04-18T06:20:44.152+0000] {attractions_dag.py:239} INFO - Scraping place 15/15: https://www.triphobo.com/places/new-york-city-united-states/frick-collection
[2025-04-18T06:20:48.007+0000] {attractions_dag.py:171} INFO - Saved checkpoint: City 0, Page 2, Completed cities: []
[2025-04-18T06:20:50.019+0000] {attractions_dag.py:171} INFO - Saved checkpoint: City 0, Page 3, Completed cities: []
[2025-04-18T06:20:50.020+0000] {attractions_dag.py:218} INFO - Scraping page 3/10: https://www.triphobo.com/places/new-york-city-united-states/things-to-do?page=3
[2025-04-18T06:20:54.598+0000] {attractions_dag.py:222} INFO - Found 15 attraction links
[2025-04-18T06:20:54.599+0000] {attractions_dag.py:239} INFO - Scraping place 1/15: https://www.triphobo.com/places/new-york-city-united-states/yankee-stadium
[2025-04-18T06:20:58.240+0000] {attractions_dag.py:239} INFO - Scraping place 2/15: https://www.triphobo.com/places/new-york-city-united-states/harlem
[2025-04-18T06:21:01.941+0000] {attractions_dag.py:239} INFO - Scraping place 3/15: https://www.triphobo.com/places/new-york-city-united-states/battery-park
[2025-04-18T06:21:05.639+0000] {attractions_dag.py:239} INFO - Scraping place 4/15: https://www.triphobo.com/places/new-york-city-united-states/the-mean-fiddler
[2025-04-18T06:21:09.350+0000] {attractions_dag.py:239} INFO - Scraping place 5/15: https://www.triphobo.com/places/new-york-city-united-states/st-paul-s-chapel
[2025-04-18T06:21:13.058+0000] {attractions_dag.py:171} INFO - Saved checkpoint: City 0, Page 3, Completed cities: []
[2025-04-18T06:21:15.064+0000] {attractions_dag.py:239} INFO - Scraping place 6/15: https://www.triphobo.com/places/new-york-city-united-states/metropolitan-opera-house
[2025-04-18T06:21:18.779+0000] {attractions_dag.py:239} INFO - Scraping place 7/15: https://www.triphobo.com/places/new-york-city-united-states/st-patrick-s-cathedral
[2025-04-18T06:21:22.483+0000] {attractions_dag.py:239} INFO - Scraping place 8/15: https://www.triphobo.com/places/new-york-city-united-states/little-italy
[2025-04-18T06:21:26.182+0000] {attractions_dag.py:239} INFO - Scraping place 9/15: https://www.triphobo.com/places/new-york-city-united-states/central-park-zoo
[2025-04-18T06:21:29.889+0000] {attractions_dag.py:239} INFO - Scraping place 10/15: https://www.triphobo.com/places/new-york-city-united-states/lexington-avenue
[2025-04-18T06:21:33.580+0000] {attractions_dag.py:171} INFO - Saved checkpoint: City 0, Page 3, Completed cities: []
[2025-04-18T06:21:35.583+0000] {attractions_dag.py:239} INFO - Scraping place 11/15: https://www.triphobo.com/places/new-york-city-united-states/new-york-botanical-garden
[2025-04-18T06:21:39.358+0000] {attractions_dag.py:239} INFO - Scraping place 12/15: https://www.triphobo.com/places/new-york-city-united-states/brooklyn-botanical-garden
[2025-04-18T06:21:43.046+0000] {attractions_dag.py:239} INFO - Scraping place 13/15: https://www.triphobo.com/place/adda/51c828b2e705454c13000000
[2025-04-18T06:21:51.538+0000] {attractions_dag.py:239} INFO - Scraping place 14/15: https://www.triphobo.com/places/new-york-city-united-states/brooklyn-industries
[2025-04-18T06:21:55.616+0000] {attractions_dag.py:239} INFO - Scraping place 15/15: https://www.triphobo.com/places/new-york-city-united-states/bloomingdale-s
[2025-04-18T06:21:59.281+0000] {attractions_dag.py:171} INFO - Saved checkpoint: City 0, Page 3, Completed cities: []
[2025-04-18T06:22:01.296+0000] {attractions_dag.py:171} INFO - Saved checkpoint: City 0, Page 4, Completed cities: []
[2025-04-18T06:22:01.297+0000] {attractions_dag.py:218} INFO - Scraping page 4/10: https://www.triphobo.com/places/new-york-city-united-states/things-to-do?page=4
[2025-04-18T06:22:10.343+0000] {attractions_dag.py:222} INFO - Found 15 attraction links
[2025-04-18T06:22:10.344+0000] {attractions_dag.py:239} INFO - Scraping place 1/15: https://www.triphobo.com/places/new-york-city-united-states/one-world-trade-center
[2025-04-18T06:22:14.095+0000] {attractions_dag.py:239} INFO - Scraping place 2/15: https://www.triphobo.com/places/new-york-city-united-states/carnegie-hall
[2025-04-18T06:22:17.789+0000] {attractions_dag.py:239} INFO - Scraping place 3/15: https://www.triphobo.com/places/new-york-city-united-states/ground-zero
[2025-04-18T06:22:21.502+0000] {attractions_dag.py:239} INFO - Scraping place 4/15: https://www.triphobo.com/places/new-york-city-united-states/narcissa
[2025-04-18T06:22:25.219+0000] {attractions_dag.py:239} INFO - Scraping place 5/15: https://www.triphobo.com/places/new-york-city-united-states/minton-s
[2025-04-18T06:22:28.918+0000] {attractions_dag.py:171} INFO - Saved checkpoint: City 0, Page 4, Completed cities: []
[2025-04-18T06:22:30.921+0000] {attractions_dag.py:239} INFO - Scraping place 6/15: https://www.triphobo.com/places/new-york-city-united-states/museum-of-the-moving-image
[2025-04-18T06:22:34.782+0000] {attractions_dag.py:239} INFO - Scraping place 7/15: https://www.triphobo.com/places/new-york-city-united-states/south-street-seaport
[2025-04-18T06:22:38.483+0000] {attractions_dag.py:239} INFO - Scraping place 8/15: https://www.triphobo.com/places/new-york-city-united-states/french-roast
[2025-04-18T06:22:42.192+0000] {attractions_dag.py:239} INFO - Scraping place 9/15: https://www.triphobo.com/places/new-york-city-united-states/little-owl
[2025-04-18T06:22:45.840+0000] {attractions_dag.py:239} INFO - Scraping place 10/15: https://www.triphobo.com/places/new-york-city-united-states/wall-street-new-york
[2025-04-18T06:22:49.484+0000] {attractions_dag.py:171} INFO - Saved checkpoint: City 0, Page 4, Completed cities: []
[2025-04-18T06:22:51.485+0000] {attractions_dag.py:239} INFO - Scraping place 11/15: https://www.triphobo.com/places/new-york-city-united-states/century-21
[2025-04-18T06:22:55.209+0000] {attractions_dag.py:239} INFO - Scraping place 12/15: https://www.triphobo.com/places/new-york-city-united-states/new-york-harbor
[2025-04-18T06:22:58.915+0000] {attractions_dag.py:239} INFO - Scraping place 13/15: https://www.triphobo.com/places/new-york-city-united-states/flushing-meadows-corona-park
[2025-04-18T06:23:02.582+0000] {attractions_dag.py:239} INFO - Scraping place 14/15: https://www.triphobo.com/places/new-york-city-united-states/governor-s-island
[2025-04-18T06:23:06.323+0000] {attractions_dag.py:239} INFO - Scraping place 15/15: https://www.triphobo.com/places/new-york-city-united-states/apollo-theater
[2025-04-18T06:23:10.046+0000] {attractions_dag.py:171} INFO - Saved checkpoint: City 0, Page 4, Completed cities: []
[2025-04-18T06:23:12.058+0000] {attractions_dag.py:171} INFO - Saved checkpoint: City 0, Page 5, Completed cities: []
[2025-04-18T06:23:12.059+0000] {attractions_dag.py:218} INFO - Scraping page 5/10: https://www.triphobo.com/places/new-york-city-united-states/things-to-do?page=5
[2025-04-18T06:23:18.666+0000] {attractions_dag.py:222} INFO - Found 15 attraction links
[2025-04-18T06:23:18.667+0000] {attractions_dag.py:239} INFO - Scraping place 1/15: https://www.triphobo.com/places/new-york-city-united-states/big-gay-ice-cream
[2025-04-18T06:23:22.381+0000] {attractions_dag.py:239} INFO - Scraping place 2/15: https://www.triphobo.com/places/new-york-city-united-states/luna-park-coney-island
[2025-04-18T06:23:26.040+0000] {attractions_dag.py:239} INFO - Scraping place 3/15: https://www.triphobo.com/places/new-york-city-united-states/brooklyn-bridge-park
[2025-04-18T06:23:29.743+0000] {attractions_dag.py:239} INFO - Scraping place 4/15: https://www.triphobo.com/places/new-york-city-united-states/plaza-hotel
[2025-04-18T06:23:33.470+0000] {attractions_dag.py:239} INFO - Scraping place 5/15: https://www.triphobo.com/places/new-york-city-united-states/chelsea-market
[2025-04-18T06:23:37.157+0000] {attractions_dag.py:171} INFO - Saved checkpoint: City 0, Page 5, Completed cities: []
[2025-04-18T06:23:39.160+0000] {attractions_dag.py:239} INFO - Scraping place 6/15: https://www.triphobo.com/places/new-york-city-united-states/the-strip-house-12th-street
[2025-04-18T06:23:42.860+0000] {attractions_dag.py:239} INFO - Scraping place 7/15: https://www.triphobo.com/places/new-york-city-united-states/germania-bank-building
[2025-04-18T06:23:46.586+0000] {attractions_dag.py:239} INFO - Scraping place 8/15: https://www.triphobo.com/places/new-york-city-united-states/graffiti-hall-of-fame
[2025-04-18T06:23:50.519+0000] {attractions_dag.py:239} INFO - Scraping place 9/15: https://www.triphobo.com/places/new-york-city-united-states/flatiron-building
[2025-04-18T06:23:54.241+0000] {attractions_dag.py:239} INFO - Scraping place 10/15: https://www.triphobo.com/places/new-york-city-united-states/hayden-planetarium
[2025-04-18T06:23:57.935+0000] {attractions_dag.py:171} INFO - Saved checkpoint: City 0, Page 5, Completed cities: []
[2025-04-18T06:23:59.938+0000] {attractions_dag.py:239} INFO - Scraping place 11/15: https://www.triphobo.com/places/new-york-city-united-states/cafe-mogador
[2025-04-18T06:24:03.633+0000] {attractions_dag.py:239} INFO - Scraping place 12/15: https://www.triphobo.com/places/new-york-city-united-states/broadway-street
[2025-04-18T06:24:07.316+0000] {attractions_dag.py:239} INFO - Scraping place 13/15: https://www.triphobo.com/places/new-york-city-united-states/eataly
[2025-04-18T06:24:11.002+0000] {attractions_dag.py:239} INFO - Scraping place 14/15: https://www.triphobo.com/places/new-york-city-united-states/hunts-point
[2025-04-18T06:24:14.747+0000] {attractions_dag.py:239} INFO - Scraping place 15/15: https://www.triphobo.com/places/new-york-city-united-states/circle-line-cruise
[2025-04-18T06:24:18.475+0000] {attractions_dag.py:171} INFO - Saved checkpoint: City 0, Page 5, Completed cities: []
[2025-04-18T06:24:20.481+0000] {attractions_dag.py:171} INFO - Saved checkpoint: City 0, Page 6, Completed cities: []
[2025-04-18T06:24:20.481+0000] {attractions_dag.py:218} INFO - Scraping page 6/10: https://www.triphobo.com/places/new-york-city-united-states/things-to-do?page=6
[2025-04-18T06:24:26.075+0000] {attractions_dag.py:222} INFO - Found 15 attraction links
[2025-04-18T06:24:26.076+0000] {attractions_dag.py:239} INFO - Scraping place 1/15: https://www.triphobo.com/places/new-york-city-united-states/fifth-avenue
[2025-04-18T06:24:29.783+0000] {attractions_dag.py:239} INFO - Scraping place 2/15: https://www.triphobo.com/places/new-york-city-united-states/marea
[2025-04-18T06:24:33.523+0000] {attractions_dag.py:239} INFO - Scraping place 3/15: https://www.triphobo.com/places/new-york-city-united-states/museum-of-jewish-heritage
[2025-04-18T06:24:37.155+0000] {attractions_dag.py:239} INFO - Scraping place 4/15: https://www.triphobo.com/places/new-york-city-united-states/church-of-st-paul-the-apostle
[2025-04-18T06:24:40.858+0000] {attractions_dag.py:239} INFO - Scraping place 5/15: https://www.triphobo.com/places/new-york-city-united-states/st-vincent-ferrer
[2025-04-18T06:24:44.561+0000] {attractions_dag.py:171} INFO - Saved checkpoint: City 0, Page 6, Completed cities: []
[2025-04-18T06:24:46.564+0000] {attractions_dag.py:239} INFO - Scraping place 6/15: https://www.triphobo.com/places/new-york-city-united-states/st-francis-xavier
[2025-04-18T06:24:50.270+0000] {attractions_dag.py:239} INFO - Scraping place 7/15: https://www.triphobo.com/places/new-york-city-united-states/calvary-episcopal-church
[2025-04-18T06:24:54.372+0000] {attractions_dag.py:239} INFO - Scraping place 8/15: https://www.triphobo.com/places/new-york-city-united-states/macy-s-herald-square
[2025-04-18T06:24:58.473+0000] {attractions_dag.py:239} INFO - Scraping place 9/15: https://www.triphobo.com/places/new-york-city-united-states/brooklyn-flea
[2025-04-18T06:25:02.173+0000] {attractions_dag.py:239} INFO - Scraping place 10/15: https://www.triphobo.com/places/new-york-city-united-states/neue-gallery
[2025-04-18T06:25:06.163+0000] {attractions_dag.py:171} INFO - Saved checkpoint: City 0, Page 6, Completed cities: []
[2025-04-18T06:25:08.167+0000] {attractions_dag.py:239} INFO - Scraping place 11/15: https://www.triphobo.com/places/new-york-city-united-states/bldg-92
[2025-04-18T06:25:11.871+0000] {attractions_dag.py:239} INFO - Scraping place 12/15: https://www.triphobo.com/places/new-york-city-united-states/centre-fuge-public-art-project
[2025-04-18T06:25:15.572+0000] {attractions_dag.py:239} INFO - Scraping place 13/15: https://www.triphobo.com/places/new-york-city-united-states/the-lion
[2025-04-18T06:25:19.195+0000] {attractions_dag.py:239} INFO - Scraping place 14/15: https://www.triphobo.com/places/new-york-city-united-states/bowery-graffiti-wall
[2025-04-18T06:25:22.876+0000] {attractions_dag.py:239} INFO - Scraping place 15/15: https://www.triphobo.com/places/new-york-city-united-states/bronx-hall-of-fame
[2025-04-18T06:25:26.603+0000] {attractions_dag.py:171} INFO - Saved checkpoint: City 0, Page 6, Completed cities: []
[2025-04-18T06:25:28.608+0000] {attractions_dag.py:171} INFO - Saved checkpoint: City 0, Page 7, Completed cities: []
[2025-04-18T06:25:28.609+0000] {attractions_dag.py:218} INFO - Scraping page 7/10: https://www.triphobo.com/places/new-york-city-united-states/things-to-do?page=7
[2025-04-18T06:25:33.672+0000] {attractions_dag.py:222} INFO - Found 15 attraction links
[2025-04-18T06:25:33.673+0000] {attractions_dag.py:239} INFO - Scraping place 1/15: https://www.triphobo.com/places/new-york-city-united-states/general-grant-national-memorial
[2025-04-18T06:25:37.377+0000] {attractions_dag.py:239} INFO - Scraping place 2/15: https://www.triphobo.com/places/new-york-city-united-states/union-square
[2025-04-18T06:25:41.356+0000] {attractions_dag.py:239} INFO - Scraping place 3/15: https://www.triphobo.com/places/new-york-city-united-states/brandy-library
[2025-04-18T06:25:45.032+0000] {attractions_dag.py:239} INFO - Scraping place 4/15: https://www.triphobo.com/places/new-york-city-united-states/casa-lever
[2025-04-18T06:25:48.839+0000] {attractions_dag.py:239} INFO - Scraping place 5/15: https://www.triphobo.com/places/new-york-city-united-states/hudson-river-greenway
[2025-04-18T06:25:52.535+0000] {attractions_dag.py:171} INFO - Saved checkpoint: City 0, Page 7, Completed cities: []
[2025-04-18T06:25:54.540+0000] {attractions_dag.py:239} INFO - Scraping place 6/15: https://www.triphobo.com/places/new-york-united-states/museum-of-the-city-of-new-york
[2025-04-18T06:25:58.193+0000] {attractions_dag.py:239} INFO - Scraping place 7/15: https://www.triphobo.com/places/new-york-city-united-states/union-square-greenmarket
[2025-04-18T06:26:01.905+0000] {attractions_dag.py:239} INFO - Scraping place 8/15: https://www.triphobo.com/places/new-york-city-united-states/museum-of-arts-and-design-store
[2025-04-18T06:26:05.550+0000] {attractions_dag.py:239} INFO - Scraping place 9/15: https://www.triphobo.com/places/new-york-city-united-states/welling-court
[2025-04-18T06:26:09.270+0000] {attractions_dag.py:239} INFO - Scraping place 10/15: https://www.triphobo.com/places/new-york-city-united-states/stillwell-avenue
[2025-04-18T06:26:12.940+0000] {attractions_dag.py:171} INFO - Saved checkpoint: City 0, Page 7, Completed cities: []
[2025-04-18T06:26:14.948+0000] {attractions_dag.py:239} INFO - Scraping place 11/15: https://www.triphobo.com/places/new-york-city-united-states/woolworth-building-tour
[2025-04-18T06:26:18.653+0000] {attractions_dag.py:239} INFO - Scraping place 12/15: https://www.triphobo.com/places/new-york-city-united-states/tuff-city
[2025-04-18T06:26:22.383+0000] {attractions_dag.py:239} INFO - Scraping place 13/15: https://www.triphobo.com/places/new-york-city-united-states/north-6th-street
[2025-04-18T06:26:26.110+0000] {attractions_dag.py:239} INFO - Scraping place 14/15: https://www.triphobo.com/places/new-york-city-united-states/cafe-wha
[2025-04-18T06:26:29.825+0000] {attractions_dag.py:239} INFO - Scraping place 15/15: https://www.triphobo.com/places/new-york-city-united-states/majestic-theatre
[2025-04-18T06:26:33.586+0000] {attractions_dag.py:171} INFO - Saved checkpoint: City 0, Page 7, Completed cities: []
[2025-04-18T06:26:35.593+0000] {attractions_dag.py:171} INFO - Saved checkpoint: City 0, Page 8, Completed cities: []
[2025-04-18T06:26:35.594+0000] {attractions_dag.py:218} INFO - Scraping page 8/10: https://www.triphobo.com/places/new-york-city-united-states/things-to-do?page=8
[2025-04-18T06:26:40.910+0000] {attractions_dag.py:222} INFO - Found 15 attraction links
[2025-04-18T06:26:40.910+0000] {attractions_dag.py:239} INFO - Scraping place 1/15: https://www.triphobo.com/places/new-york-city-united-states/greenwich-village
[2025-04-18T06:26:44.570+0000] {attractions_dag.py:239} INFO - Scraping place 2/15: https://www.triphobo.com/places/new-york-city-united-states/ghostbusters-fire-station
[2025-04-18T06:26:48.409+0000] {attractions_dag.py:239} INFO - Scraping place 3/15: https://www.triphobo.com/places/new-york-city-united-states/west-village
[2025-04-18T06:26:52.182+0000] {attractions_dag.py:239} INFO - Scraping place 4/15: https://www.triphobo.com/places/new-york-city-united-states/bethesda-terrace-and-fountain
[2025-04-18T06:26:55.943+0000] {attractions_dag.py:239} INFO - Scraping place 5/15: https://www.triphobo.com/places/new-york-city-united-states/madame-tussauds-wax-museum
[2025-04-18T06:26:59.735+0000] {attractions_dag.py:171} INFO - Saved checkpoint: City 0, Page 8, Completed cities: []
[2025-04-18T06:27:01.739+0000] {attractions_dag.py:239} INFO - Scraping place 6/15: https://www.triphobo.com/places/new-york-city-united-states/washington-square-park
[2025-04-18T06:27:05.400+0000] {attractions_dag.py:239} INFO - Scraping place 7/15: https://www.triphobo.com/places/new-york-city-united-states/broadway-theater
[2025-04-18T06:27:09.056+0000] {attractions_dag.py:239} INFO - Scraping place 8/15: https://www.triphobo.com/places/new-york-city-united-states/riverside-park
[2025-04-18T06:27:12.985+0000] {attractions_dag.py:239} INFO - Scraping place 9/15: https://www.triphobo.com/places/new-york-city-united-states/the-octagon-roosevelt-island
[2025-04-18T06:27:16.636+0000] {attractions_dag.py:239} INFO - Scraping place 10/15: https://www.triphobo.com/places/new-york-city-united-states/long-beach
[2025-04-18T06:27:20.367+0000] {attractions_dag.py:171} INFO - Saved checkpoint: City 0, Page 8, Completed cities: []
[2025-04-18T06:27:22.373+0000] {attractions_dag.py:239} INFO - Scraping place 11/15: https://www.triphobo.com/places/new-york-city-united-states/42nd-east-street
[2025-04-18T06:27:26.064+0000] {attractions_dag.py:239} INFO - Scraping place 12/15: https://www.triphobo.com/places/new-york-city-united-states/conservatory-garden
[2025-04-18T06:27:29.786+0000] {attractions_dag.py:239} INFO - Scraping place 13/15: https://www.triphobo.com/places/new-york-city-united-states/trinity-church
[2025-04-18T06:27:33.470+0000] {attractions_dag.py:239} INFO - Scraping place 14/15: https://www.triphobo.com/places/new-york-city-united-states/studio-54
[2025-04-18T06:27:37.185+0000] {attractions_dag.py:239} INFO - Scraping place 15/15: https://www.triphobo.com/places/new-york-city-united-states/barrymore-theatre
[2025-04-18T06:27:40.829+0000] {attractions_dag.py:171} INFO - Saved checkpoint: City 0, Page 8, Completed cities: []
[2025-04-18T06:27:42.838+0000] {attractions_dag.py:171} INFO - Saved checkpoint: City 0, Page 9, Completed cities: []
[2025-04-18T06:27:42.839+0000] {attractions_dag.py:218} INFO - Scraping page 9/10: https://www.triphobo.com/places/new-york-city-united-states/things-to-do?page=9
[2025-04-18T06:27:48.301+0000] {attractions_dag.py:222} INFO - Found 15 attraction links
[2025-04-18T06:27:48.302+0000] {attractions_dag.py:239} INFO - Scraping place 1/15: https://www.triphobo.com/places/new-york-city-united-states/st-thomas-church
[2025-04-18T06:27:52.086+0000] {attractions_dag.py:239} INFO - Scraping place 2/15: https://www.triphobo.com/places/new-york-city-united-states/alice-in-wonderland-statue
[2025-04-18T06:27:55.853+0000] {attractions_dag.py:239} INFO - Scraping place 3/15: https://www.triphobo.com/places/new-york-city-united-states/upper-east-side
[2025-04-18T06:28:00.667+0000] {attractions_dag.py:239} INFO - Scraping place 4/15: https://www.triphobo.com/places/new-york-city-united-states/new-world-stages
[2025-04-18T06:28:04.371+0000] {attractions_dag.py:239} INFO - Scraping place 5/15: https://www.triphobo.com/places/new-york-city-united-states/federal-hall
[2025-04-18T06:28:08.073+0000] {attractions_dag.py:171} INFO - Saved checkpoint: City 0, Page 9, Completed cities: []
[2025-04-18T06:28:10.076+0000] {attractions_dag.py:239} INFO - Scraping place 6/15: https://www.triphobo.com/places/new-york-city-united-states/queensboro-bridge
[2025-04-18T06:28:13.727+0000] {attractions_dag.py:239} INFO - Scraping place 7/15: https://www.triphobo.com/places/new-york-city-united-states/new-york-film-academy
[2025-04-18T06:28:17.417+0000] {attractions_dag.py:239} INFO - Scraping place 8/15: https://www.triphobo.com/places/new-york-city-united-states/herald-square
[2025-04-18T06:28:21.091+0000] {attractions_dag.py:239} INFO - Scraping place 9/15: https://www.triphobo.com/places/new-york-city-united-states/pennsylvania-station
[2025-04-18T06:28:24.805+0000] {attractions_dag.py:239} INFO - Scraping place 10/15: https://www.triphobo.com/places/new-york-city-united-states/new-york-university
[2025-04-18T06:28:28.526+0000] {attractions_dag.py:171} INFO - Saved checkpoint: City 0, Page 9, Completed cities: []
[2025-04-18T06:28:30.529+0000] {attractions_dag.py:239} INFO - Scraping place 11/15: https://www.triphobo.com/places/new-york-city-united-states/eleven-madison-park
[2025-04-18T06:28:34.170+0000] {attractions_dag.py:239} INFO - Scraping place 12/15: https://www.triphobo.com/places/new-york-city-united-states/momofuku-ko
[2025-04-18T06:28:39.205+0000] {attractions_dag.py:239} INFO - Scraping place 13/15: https://www.triphobo.com/places/new-york-city-united-states/aldea
[2025-04-18T06:28:43.080+0000] {attractions_dag.py:239} INFO - Scraping place 14/15: https://www.triphobo.com/places/new-york-city-united-states/brick-lane-curry-house
[2025-04-18T06:28:46.722+0000] {attractions_dag.py:239} INFO - Scraping place 15/15: https://www.triphobo.com/places/new-york-city-united-states/queen-s-zoo
[2025-04-18T06:28:50.435+0000] {attractions_dag.py:171} INFO - Saved checkpoint: City 0, Page 9, Completed cities: []
[2025-04-18T06:28:52.448+0000] {attractions_dag.py:171} INFO - Saved checkpoint: City 0, Page 10, Completed cities: []
[2025-04-18T06:28:52.450+0000] {attractions_dag.py:218} INFO - Scraping page 10/10: https://www.triphobo.com/places/new-york-city-united-states/things-to-do?page=10
[2025-04-18T06:28:58.174+0000] {attractions_dag.py:222} INFO - Found 13 attraction links
[2025-04-18T06:28:58.174+0000] {attractions_dag.py:239} INFO - Scraping place 1/13: https://www.triphobo.com/places/new-york-city-united-states/great-new-york-noodle-town
[2025-04-18T06:29:01.856+0000] {attractions_dag.py:239} INFO - Scraping place 2/13: https://www.triphobo.com/places/new-york-city-united-states/junoon
[2025-04-18T06:29:05.565+0000] {attractions_dag.py:239} INFO - Scraping place 3/13: https://www.triphobo.com/places/new-york-city-united-states/greenhouse-36
[2025-04-18T06:29:09.215+0000] {attractions_dag.py:239} INFO - Scraping place 4/13: https://www.triphobo.com/places/new-york-city-united-states/the-press-lounge
[2025-04-18T06:29:12.896+0000] {attractions_dag.py:239} INFO - Scraping place 5/13: https://www.triphobo.com/places/new-york-city-united-states/penthouse-808
[2025-04-18T06:29:16.637+0000] {attractions_dag.py:171} INFO - Saved checkpoint: City 0, Page 10, Completed cities: []
[2025-04-18T06:29:18.641+0000] {attractions_dag.py:239} INFO - Scraping place 6/13: https://www.triphobo.com/places/new-york-city-united-states/the-slipper-room
[2025-04-18T06:29:22.302+0000] {attractions_dag.py:239} INFO - Scraping place 7/13: https://www.triphobo.com/places/new-york-city-united-states/northern-theatre
[2025-04-18T06:29:26.211+0000] {attractions_dag.py:239} INFO - Scraping place 8/13: https://www.triphobo.com/places/new-york-city-united-states/alma
[2025-04-18T06:29:29.872+0000] {attractions_dag.py:239} INFO - Scraping place 9/13: https://www.triphobo.com/places/new-york-city-united-states/new-york-aquarium
[2025-04-18T06:29:33.574+0000] {attractions_dag.py:239} INFO - Scraping place 10/13: https://www.triphobo.com/places/new-york-city-united-states/the-box
[2025-04-18T06:29:37.293+0000] {attractions_dag.py:171} INFO - Saved checkpoint: City 0, Page 10, Completed cities: []
[2025-04-18T06:29:39.299+0000] {attractions_dag.py:239} INFO - Scraping place 11/13: https://www.triphobo.com/places/new-york-city-united-states/lit-lounge
[2025-04-18T06:29:43.019+0000] {attractions_dag.py:239} INFO - Scraping place 12/13: https://www.triphobo.com/places/new-york-city-united-states/white-horse-tavern
[2025-04-18T06:29:46.672+0000] {attractions_dag.py:239} INFO - Scraping place 13/13: https://www.triphobo.com/places/new-york-city-united-states/kettle-of-fish
[2025-04-18T06:29:52.768+0000] {attractions_dag.py:171} INFO - Saved checkpoint: City 0, Page 11, Completed cities: []
[2025-04-18T06:29:52.791+0000] {attractions_dag.py:282} INFO - Completed scraping New York City United States, found 138 new attractions
[2025-04-18T06:29:52.795+0000] {attractions_dag.py:171} INFO - Saved checkpoint: City 1, Page 1, Completed cities: ['New York City United States']
[2025-04-18T06:29:52.799+0000] {attractions_dag.py:331} INFO - City 0 scraped, more cities pending
[2025-04-18T06:29:52.799+0000] {python.py:240} INFO - Done. Returned value was: Processed city 0 (new-york-city-united-states), found 148 attractions
[2025-04-18T06:29:52.809+0000] {taskinstance.py:340} INFO - ::group::Post task execution logs
[2025-04-18T06:29:52.809+0000] {taskinstance.py:352} INFO - Marking task as SUCCESS. dag_id=triphobo_attractions_scrape, task_id=process_next_city, run_id=manual__2025-04-18T06:19:00.130101+00:00, execution_date=20250418T061900, start_date=20250418T061901, end_date=20250418T062952
[2025-04-18T06:29:52.833+0000] {local_task_job_runner.py:266} INFO - Task exited with return code 0
[2025-04-18T06:29:52.845+0000] {taskinstance.py:3895} INFO - 1 downstream tasks scheduled from follow-on schedule check
[2025-04-18T06:29:52.846+0000] {local_task_job_runner.py:245} INFO - ::endgroup::
