[2025-04-18T06:29:55.254+0000] {local_task_job_runner.py:123} INFO - ::group::Pre task execution logs
[2025-04-18T06:29:55.259+0000] {taskinstance.py:2613} INFO - Dependencies all met for dep_context=non-requeueable deps ti=<TaskInstance: triphobo_attractions_scrape.geocode_attractions manual__2025-04-18T06:19:00.130101+00:00 [queued]>
[2025-04-18T06:29:55.262+0000] {taskinstance.py:2613} INFO - Dependencies all met for dep_context=requeueable deps ti=<TaskInstance: triphobo_attractions_scrape.geocode_attractions manual__2025-04-18T06:19:00.130101+00:00 [queued]>
[2025-04-18T06:29:55.263+0000] {taskinstance.py:2866} INFO - Starting attempt 1 of 1
[2025-04-18T06:29:55.266+0000] {taskinstance.py:2889} INFO - Executing <Task(PythonOperator): geocode_attractions> on 2025-04-18 06:19:00.130101+00:00
[2025-04-18T06:29:55.270+0000] {warnings.py:112} WARNING - /home/***/.local/lib/python3.12/site-packages/***/task/task_runner/standard_task_runner.py:70: DeprecationWarning: This process (pid=930) is multi-threaded, use of fork() may lead to deadlocks in the child.
  pid = os.fork()

[2025-04-18T06:29:55.271+0000] {standard_task_runner.py:72} INFO - Started process 931 to run task
[2025-04-18T06:29:55.271+0000] {standard_task_runner.py:104} INFO - Running: ['***', 'tasks', 'run', 'triphobo_attractions_scrape', 'geocode_attractions', 'manual__2025-04-18T06:19:00.130101+00:00', '--job-id', '57', '--raw', '--subdir', 'DAGS_FOLDER/attractions_dag.py', '--cfg-path', '/tmp/tmp_8rljdd7']
[2025-04-18T06:29:55.272+0000] {standard_task_runner.py:105} INFO - Job 57: Subtask geocode_attractions
[2025-04-18T06:29:55.288+0000] {task_command.py:467} INFO - Running <TaskInstance: triphobo_attractions_scrape.geocode_attractions manual__2025-04-18T06:19:00.130101+00:00 [running]> on host 68d96c644388
[2025-04-18T06:29:55.312+0000] {taskinstance.py:3132} INFO - Exporting env vars: AIRFLOW_CTX_DAG_OWNER='***' AIRFLOW_CTX_DAG_ID='triphobo_attractions_scrape' AIRFLOW_CTX_TASK_ID='geocode_attractions' AIRFLOW_CTX_EXECUTION_DATE='2025-04-18T06:19:00.130101+00:00' AIRFLOW_CTX_TRY_NUMBER='1' AIRFLOW_CTX_DAG_RUN_ID='manual__2025-04-18T06:19:00.130101+00:00'
[2025-04-18T06:29:55.312+0000] {taskinstance.py:731} INFO - ::endgroup::
[2025-04-18T06:29:55.319+0000] {attractions_dag.py:463} INFO - Total attractions to process: 148
[2025-04-18T06:29:55.319+0000] {attractions_dag.py:488} INFO - Processing batch 1: rows 1 to 50
[2025-04-18T06:29:55.319+0000] {attractions_dag.py:495} INFO -   (1/148) Geocoding: Empire State Building
[2025-04-18T06:29:55.640+0000] {attractions_dag.py:495} INFO -   (2/148) Geocoding: Statue Of Liberty
[2025-04-18T06:29:55.937+0000] {attractions_dag.py:495} INFO -   (3/148) Geocoding: Rockefeller Center
[2025-04-18T06:29:56.244+0000] {attractions_dag.py:495} INFO -   (4/148) Geocoding: Times Square
[2025-04-18T06:29:56.560+0000] {attractions_dag.py:495} INFO -   (5/148) Geocoding: The Metropolitan Museum Of Art
[2025-04-18T06:29:56.810+0000] {attractions_dag.py:495} INFO -   (6/148) Geocoding: Grand Central Terminal
[2025-04-18T06:29:57.096+0000] {attractions_dag.py:495} INFO -   (7/148) Geocoding: American Museum Of Natural History
[2025-04-18T06:29:57.432+0000] {attractions_dag.py:495} INFO -   (8/148) Geocoding: Museum Of Modern Art
[2025-04-18T06:29:57.728+0000] {attractions_dag.py:495} INFO -   (9/148) Geocoding: High Line
[2025-04-18T06:29:57.984+0000] {attractions_dag.py:495} INFO -   (10/148) Geocoding: National 9 11 Memorial Museum
[2025-04-18T06:29:58.254+0000] {attractions_dag.py:495} INFO -   (11/148) Geocoding: Intrepid Sea Air And Space Museum
[2025-04-18T06:29:58.522+0000] {attractions_dag.py:495} INFO -   (12/148) Geocoding: Solomon R Guggenheim Museum
[2025-04-18T06:29:58.795+0000] {attractions_dag.py:495} INFO -   (13/148) Geocoding: Radio City Music Hall
[2025-04-18T06:29:59.066+0000] {attractions_dag.py:495} INFO -   (14/148) Geocoding: Fanaberie
[2025-04-18T06:29:59.364+0000] {attractions_dag.py:495} INFO -   (15/148) Geocoding: United Nations Headquarters
[2025-04-18T06:29:59.619+0000] {attractions_dag.py:495} INFO -   (16/148) Geocoding: New York Public Library
[2025-04-18T06:29:59.896+0000] {attractions_dag.py:495} INFO -   (17/148) Geocoding: National Museum Of American Indian
[2025-04-18T06:30:00.167+0000] {attractions_dag.py:495} INFO -   (18/148) Geocoding: Children S Museum Of Manhattan
[2025-04-18T06:30:00.436+0000] {attractions_dag.py:495} INFO -   (19/148) Geocoding: The Morgan Library And Museum
[2025-04-18T06:30:00.697+0000] {attractions_dag.py:495} INFO -   (20/148) Geocoding: Cathedral Church Of Saint John The Divine
[2025-04-18T06:30:00.982+0000] {attractions_dag.py:495} INFO -   (21/148) Geocoding: Gramercy Tavern
[2025-04-18T06:30:01.227+0000] {attractions_dag.py:495} INFO -   (22/148) Geocoding: Brooklyn Bridge
[2025-04-18T06:30:01.455+0000] {attractions_dag.py:495} INFO -   (23/148) Geocoding: Bryant Park
[2025-04-18T06:30:01.740+0000] {attractions_dag.py:495} INFO -   (24/148) Geocoding: Brooklyn Heights Promenade
[2025-04-18T06:30:02.005+0000] {attractions_dag.py:495} INFO -   (25/148) Geocoding: 65th Street
[2025-04-18T06:30:02.264+0000] {attractions_dag.py:495} INFO -   (26/148) Geocoding: Chrysler Building
[2025-04-18T06:30:02.560+0000] {attractions_dag.py:495} INFO -   (27/148) Geocoding: Chinatown
[2025-04-18T06:30:02.796+0000] {attractions_dag.py:495} INFO -   (28/148) Geocoding: Dead Rabbit
[2025-04-18T06:30:03.033+0000] {attractions_dag.py:495} INFO -   (29/148) Geocoding: New York Transit Museum
[2025-04-18T06:30:03.291+0000] {attractions_dag.py:495} INFO -   (30/148) Geocoding: Frick Collection
[2025-04-18T06:30:03.558+0000] {attractions_dag.py:495} INFO -   (31/148) Geocoding: Yankee Stadium
[2025-04-18T06:30:03.814+0000] {attractions_dag.py:495} INFO -   (32/148) Geocoding: Harlem
[2025-04-18T06:30:04.032+0000] {attractions_dag.py:495} INFO -   (33/148) Geocoding: Battery Park
[2025-04-18T06:30:04.275+0000] {attractions_dag.py:495} INFO -   (34/148) Geocoding: The Mean Fiddler
[2025-04-18T06:30:04.533+0000] {attractions_dag.py:495} INFO -   (35/148) Geocoding: St Paul S Chapel
[2025-04-18T06:30:04.832+0000] {attractions_dag.py:495} INFO -   (36/148) Geocoding: Metropolitan Opera House
[2025-04-18T06:30:05.104+0000] {attractions_dag.py:495} INFO -   (37/148) Geocoding: St Patrick S Cathedral
[2025-04-18T06:30:05.376+0000] {attractions_dag.py:495} INFO -   (38/148) Geocoding: Little Italy
[2025-04-18T06:30:05.638+0000] {attractions_dag.py:495} INFO -   (39/148) Geocoding: Central Park Zoo
[2025-04-18T06:30:05.898+0000] {attractions_dag.py:495} INFO -   (40/148) Geocoding: Lexington Avenue
[2025-04-18T06:30:06.160+0000] {attractions_dag.py:495} INFO -   (41/148) Geocoding: New York Botanical Garden
[2025-04-18T06:30:06.409+0000] {attractions_dag.py:495} INFO -   (42/148) Geocoding: Brooklyn Botanical Garden
[2025-04-18T06:30:06.671+0000] {attractions_dag.py:495} INFO -   (43/148) Geocoding: 51c828b2e705454c13000000
[2025-04-18T06:30:06.908+0000] {attractions_dag.py:495} INFO -   (44/148) Geocoding: Brooklyn Industries
[2025-04-18T06:30:07.155+0000] {attractions_dag.py:495} INFO -   (45/148) Geocoding: Bloomingdale S
[2025-04-18T06:30:07.428+0000] {attractions_dag.py:495} INFO -   (46/148) Geocoding: One World Trade Center
[2025-04-18T06:30:07.679+0000] {attractions_dag.py:495} INFO -   (47/148) Geocoding: Carnegie Hall
[2025-04-18T06:30:07.945+0000] {attractions_dag.py:495} INFO -   (48/148) Geocoding: Ground Zero
[2025-04-18T06:30:08.198+0000] {attractions_dag.py:495} INFO -   (49/148) Geocoding: Narcissa
[2025-04-18T06:30:08.445+0000] {attractions_dag.py:495} INFO -   (50/148) Geocoding: Minton S
[2025-04-18T06:30:08.707+0000] {attractions_dag.py:508} INFO - Completed batch 1. Sleeping before next batch...
[2025-04-18T06:30:10.709+0000] {attractions_dag.py:488} INFO - Processing batch 2: rows 51 to 100
[2025-04-18T06:30:10.710+0000] {attractions_dag.py:495} INFO -   (51/148) Geocoding: Museum Of The Moving Image
[2025-04-18T06:30:10.933+0000] {attractions_dag.py:495} INFO -   (52/148) Geocoding: South Street Seaport
[2025-04-18T06:30:11.198+0000] {attractions_dag.py:495} INFO -   (53/148) Geocoding: French Roast
[2025-04-18T06:30:11.456+0000] {attractions_dag.py:495} INFO -   (54/148) Geocoding: Little Owl
[2025-04-18T06:30:11.702+0000] {attractions_dag.py:495} INFO -   (55/148) Geocoding: Wall Street New York
[2025-04-18T06:30:11.967+0000] {attractions_dag.py:495} INFO -   (56/148) Geocoding: Century 21
[2025-04-18T06:30:12.217+0000] {attractions_dag.py:495} INFO -   (57/148) Geocoding: New York Harbor
[2025-04-18T06:30:12.475+0000] {attractions_dag.py:495} INFO -   (58/148) Geocoding: Flushing Meadows Corona Park
[2025-04-18T06:30:12.757+0000] {attractions_dag.py:495} INFO -   (59/148) Geocoding: Governor S Island
[2025-04-18T06:30:13.024+0000] {attractions_dag.py:495} INFO -   (60/148) Geocoding: Apollo Theater
[2025-04-18T06:30:13.279+0000] {attractions_dag.py:495} INFO -   (61/148) Geocoding: Big Gay Ice Cream
[2025-04-18T06:30:13.542+0000] {attractions_dag.py:495} INFO -   (62/148) Geocoding: Luna Park Coney Island
[2025-04-18T06:30:13.815+0000] {attractions_dag.py:495} INFO -   (63/148) Geocoding: Brooklyn Bridge Park
[2025-04-18T06:30:14.074+0000] {attractions_dag.py:495} INFO -   (64/148) Geocoding: Plaza Hotel
[2025-04-18T06:30:14.333+0000] {attractions_dag.py:495} INFO -   (65/148) Geocoding: Chelsea Market
[2025-04-18T06:30:14.566+0000] {attractions_dag.py:495} INFO -   (66/148) Geocoding: The Strip House 12th Street
[2025-04-18T06:30:14.818+0000] {attractions_dag.py:495} INFO -   (67/148) Geocoding: Germania Bank Building
[2025-04-18T06:30:15.071+0000] {attractions_dag.py:495} INFO -   (68/148) Geocoding: Graffiti Hall Of Fame
[2025-04-18T06:30:15.326+0000] {attractions_dag.py:495} INFO -   (69/148) Geocoding: Flatiron Building
[2025-04-18T06:30:15.660+0000] {attractions_dag.py:495} INFO -   (70/148) Geocoding: Hayden Planetarium
[2025-04-18T06:30:15.921+0000] {attractions_dag.py:495} INFO -   (71/148) Geocoding: Cafe Mogador
[2025-04-18T06:30:16.176+0000] {attractions_dag.py:495} INFO -   (72/148) Geocoding: Broadway Street
[2025-04-18T06:30:16.422+0000] {attractions_dag.py:495} INFO -   (73/148) Geocoding: Eataly
[2025-04-18T06:30:16.646+0000] {attractions_dag.py:495} INFO -   (74/148) Geocoding: Hunts Point
[2025-04-18T06:30:16.891+0000] {attractions_dag.py:495} INFO -   (75/148) Geocoding: Circle Line Cruise
[2025-04-18T06:30:17.138+0000] {attractions_dag.py:495} INFO -   (76/148) Geocoding: Fifth Avenue
[2025-04-18T06:30:17.372+0000] {attractions_dag.py:495} INFO -   (77/148) Geocoding: Marea
[2025-04-18T06:30:17.612+0000] {attractions_dag.py:495} INFO -   (78/148) Geocoding: Museum Of Jewish Heritage
[2025-04-18T06:30:17.863+0000] {attractions_dag.py:495} INFO -   (79/148) Geocoding: Church Of St Paul The Apostle
[2025-04-18T06:30:18.134+0000] {attractions_dag.py:495} INFO -   (80/148) Geocoding: St Vincent Ferrer
[2025-04-18T06:30:18.401+0000] {attractions_dag.py:495} INFO -   (81/148) Geocoding: St Francis Xavier
[2025-04-18T06:30:18.656+0000] {attractions_dag.py:495} INFO -   (82/148) Geocoding: Calvary Episcopal Church
[2025-04-18T06:30:18.897+0000] {attractions_dag.py:495} INFO -   (83/148) Geocoding: Macy S Herald Square
[2025-04-18T06:30:19.171+0000] {attractions_dag.py:495} INFO -   (84/148) Geocoding: Brooklyn Flea
[2025-04-18T06:30:19.431+0000] {attractions_dag.py:495} INFO -   (85/148) Geocoding: Neue Gallery
[2025-04-18T06:30:19.690+0000] {attractions_dag.py:495} INFO -   (86/148) Geocoding: Bldg 92
[2025-04-18T06:30:19.970+0000] {attractions_dag.py:495} INFO -   (87/148) Geocoding: Centre Fuge Public Art Project
[2025-04-18T06:30:20.242+0000] {attractions_dag.py:495} INFO -   (88/148) Geocoding: The Lion
[2025-04-18T06:30:20.497+0000] {attractions_dag.py:495} INFO -   (89/148) Geocoding: Bowery Graffiti Wall
[2025-04-18T06:30:20.736+0000] {attractions_dag.py:495} INFO -   (90/148) Geocoding: Bronx Hall Of Fame
[2025-04-18T06:30:20.989+0000] {attractions_dag.py:495} INFO -   (91/148) Geocoding: General Grant National Memorial
[2025-04-18T06:30:21.257+0000] {attractions_dag.py:495} INFO -   (92/148) Geocoding: Union Square
[2025-04-18T06:30:21.507+0000] {attractions_dag.py:495} INFO -   (93/148) Geocoding: Brandy Library
[2025-04-18T06:30:21.760+0000] {attractions_dag.py:495} INFO -   (94/148) Geocoding: Casa Lever
[2025-04-18T06:30:22.005+0000] {attractions_dag.py:495} INFO -   (95/148) Geocoding: Hudson River Greenway
[2025-04-18T06:30:22.266+0000] {attractions_dag.py:495} INFO -   (96/148) Geocoding: Museum Of The City Of New York
[2025-04-18T06:30:22.542+0000] {attractions_dag.py:495} INFO -   (97/148) Geocoding: Union Square Greenmarket
[2025-04-18T06:30:22.794+0000] {attractions_dag.py:495} INFO -   (98/148) Geocoding: Museum Of Arts And Design Store
[2025-04-18T06:30:23.074+0000] {attractions_dag.py:495} INFO -   (99/148) Geocoding: Welling Court
[2025-04-18T06:30:23.369+0000] {attractions_dag.py:495} INFO -   (100/148) Geocoding: Stillwell Avenue
[2025-04-18T06:30:23.641+0000] {attractions_dag.py:508} INFO - Completed batch 2. Sleeping before next batch...
[2025-04-18T06:30:25.643+0000] {attractions_dag.py:488} INFO - Processing batch 3: rows 101 to 148
[2025-04-18T06:30:25.644+0000] {attractions_dag.py:495} INFO -   (101/148) Geocoding: Woolworth Building Tour
[2025-04-18T06:30:25.897+0000] {attractions_dag.py:495} INFO -   (102/148) Geocoding: Tuff City
[2025-04-18T06:30:26.164+0000] {attractions_dag.py:495} INFO -   (103/148) Geocoding: North 6th Street
[2025-04-18T06:30:26.412+0000] {attractions_dag.py:495} INFO -   (104/148) Geocoding: Cafe Wha
[2025-04-18T06:30:26.646+0000] {attractions_dag.py:495} INFO -   (105/148) Geocoding: Majestic Theatre
[2025-04-18T06:30:26.907+0000] {attractions_dag.py:495} INFO -   (106/148) Geocoding: Greenwich Village
[2025-04-18T06:30:27.147+0000] {attractions_dag.py:495} INFO -   (107/148) Geocoding: Ghostbusters Fire Station
[2025-04-18T06:30:27.403+0000] {attractions_dag.py:495} INFO -   (108/148) Geocoding: West Village
[2025-04-18T06:30:27.657+0000] {attractions_dag.py:495} INFO -   (109/148) Geocoding: Bethesda Terrace And Fountain
[2025-04-18T06:30:27.932+0000] {attractions_dag.py:495} INFO -   (110/148) Geocoding: Madame Tussauds Wax Museum
[2025-04-18T06:30:28.196+0000] {attractions_dag.py:495} INFO -   (111/148) Geocoding: Washington Square Park
[2025-04-18T06:30:28.512+0000] {attractions_dag.py:495} INFO -   (112/148) Geocoding: Broadway Theater
[2025-04-18T06:30:28.767+0000] {attractions_dag.py:495} INFO -   (113/148) Geocoding: Riverside Park
[2025-04-18T06:30:29.043+0000] {attractions_dag.py:495} INFO -   (114/148) Geocoding: The Octagon Roosevelt Island
[2025-04-18T06:30:29.305+0000] {attractions_dag.py:495} INFO -   (115/148) Geocoding: Long Beach
[2025-04-18T06:30:29.548+0000] {attractions_dag.py:495} INFO -   (116/148) Geocoding: 42nd East Street
[2025-04-18T06:30:29.810+0000] {attractions_dag.py:495} INFO -   (117/148) Geocoding: Conservatory Garden
[2025-04-18T06:30:30.066+0000] {attractions_dag.py:495} INFO -   (118/148) Geocoding: Trinity Church
[2025-04-18T06:30:30.313+0000] {attractions_dag.py:495} INFO -   (119/148) Geocoding: Studio 54
[2025-04-18T06:30:30.567+0000] {attractions_dag.py:495} INFO -   (120/148) Geocoding: Barrymore Theatre
[2025-04-18T06:30:30.815+0000] {attractions_dag.py:495} INFO -   (121/148) Geocoding: St Thomas Church
[2025-04-18T06:30:31.135+0000] {attractions_dag.py:495} INFO -   (122/148) Geocoding: Alice In Wonderland Statue
[2025-04-18T06:30:31.402+0000] {attractions_dag.py:495} INFO -   (123/148) Geocoding: Upper East Side
[2025-04-18T06:30:31.656+0000] {attractions_dag.py:495} INFO -   (124/148) Geocoding: New World Stages
[2025-04-18T06:30:31.902+0000] {attractions_dag.py:495} INFO -   (125/148) Geocoding: Federal Hall
[2025-04-18T06:30:32.163+0000] {attractions_dag.py:495} INFO -   (126/148) Geocoding: Queensboro Bridge
[2025-04-18T06:30:32.428+0000] {attractions_dag.py:495} INFO -   (127/148) Geocoding: New York Film Academy
[2025-04-18T06:30:32.697+0000] {attractions_dag.py:495} INFO -   (128/148) Geocoding: Herald Square
[2025-04-18T06:30:32.956+0000] {attractions_dag.py:495} INFO -   (129/148) Geocoding: Pennsylvania Station
[2025-04-18T06:30:33.209+0000] {attractions_dag.py:495} INFO -   (130/148) Geocoding: New York University
[2025-04-18T06:30:33.455+0000] {attractions_dag.py:495} INFO -   (131/148) Geocoding: Eleven Madison Park
[2025-04-18T06:30:33.711+0000] {attractions_dag.py:495} INFO -   (132/148) Geocoding: Momofuku Ko
[2025-04-18T06:30:33.951+0000] {attractions_dag.py:495} INFO -   (133/148) Geocoding: Aldea
[2025-04-18T06:30:34.188+0000] {attractions_dag.py:495} INFO -   (134/148) Geocoding: Brick Lane Curry House
[2025-04-18T06:30:34.455+0000] {attractions_dag.py:495} INFO -   (135/148) Geocoding: Queen S Zoo
[2025-04-18T06:30:34.707+0000] {attractions_dag.py:495} INFO -   (136/148) Geocoding: Great New York Noodle Town
[2025-04-18T06:30:34.959+0000] {attractions_dag.py:495} INFO -   (137/148) Geocoding: Junoon
[2025-04-18T06:30:35.196+0000] {attractions_dag.py:495} INFO -   (138/148) Geocoding: Greenhouse 36
[2025-04-18T06:30:35.461+0000] {attractions_dag.py:495} INFO -   (139/148) Geocoding: The Press Lounge
[2025-04-18T06:30:35.713+0000] {attractions_dag.py:495} INFO -   (140/148) Geocoding: Penthouse 808
[2025-04-18T06:30:36.039+0000] {attractions_dag.py:495} INFO -   (141/148) Geocoding: The Slipper Room
[2025-04-18T06:30:36.280+0000] {attractions_dag.py:495} INFO -   (142/148) Geocoding: Northern Theatre
[2025-04-18T06:30:36.522+0000] {attractions_dag.py:495} INFO -   (143/148) Geocoding: Alma
[2025-04-18T06:30:36.774+0000] {attractions_dag.py:495} INFO -   (144/148) Geocoding: New York Aquarium
[2025-04-18T06:30:37.038+0000] {attractions_dag.py:495} INFO -   (145/148) Geocoding: The Box
[2025-04-18T06:30:37.302+0000] {attractions_dag.py:495} INFO -   (146/148) Geocoding: Lit Lounge
[2025-04-18T06:30:37.565+0000] {attractions_dag.py:495} INFO -   (147/148) Geocoding: White Horse Tavern
[2025-04-18T06:30:37.932+0000] {attractions_dag.py:495} INFO -   (148/148) Geocoding: Kettle Of Fish
[2025-04-18T06:30:38.179+0000] {attractions_dag.py:508} INFO - Completed batch 3. Sleeping before next batch...
[2025-04-18T06:30:40.182+0000] {attractions_dag.py:512} INFO - Successfully processed all 148 attractions
[2025-04-18T06:30:40.186+0000] {attractions_dag.py:513} INFO - Output saved to: /tmp/triphobo_data/attractions_with_coords.csv
[2025-04-18T06:30:40.189+0000] {python.py:240} INFO - Done. Returned value was: None
[2025-04-18T06:30:40.217+0000] {taskinstance.py:340} INFO - ::group::Post task execution logs
[2025-04-18T06:30:40.218+0000] {taskinstance.py:352} INFO - Marking task as SUCCESS. dag_id=triphobo_attractions_scrape, task_id=geocode_attractions, run_id=manual__2025-04-18T06:19:00.130101+00:00, execution_date=20250418T061900, start_date=20250418T062955, end_date=20250418T063040
[2025-04-18T06:30:40.271+0000] {local_task_job_runner.py:266} INFO - Task exited with return code 0
[2025-04-18T06:30:40.279+0000] {local_task_job_runner.py:245} INFO - ::endgroup::
