[2025-04-12T05:27:31.159+0000] {local_task_job_runner.py:123} INFO - ::group::Pre task execution logs
[2025-04-12T05:27:31.167+0000] {taskinstance.py:2613} INFO - Dependencies all met for dep_context=non-requeueable deps ti=<TaskInstance: triphobo_etl_pipeline.scrape_tours manual__2025-04-12T05:27:28.527778+00:00 [queued]>
[2025-04-12T05:27:31.172+0000] {taskinstance.py:2613} INFO - Dependencies all met for dep_context=requeueable deps ti=<TaskInstance: triphobo_etl_pipeline.scrape_tours manual__2025-04-12T05:27:28.527778+00:00 [queued]>
[2025-04-12T05:27:31.172+0000] {taskinstance.py:2866} INFO - Starting attempt 1 of 1
[2025-04-12T05:27:31.179+0000] {taskinstance.py:2889} INFO - Executing <Task(PythonOperator): scrape_tours> on 2025-04-12 05:27:28.527778+00:00
[2025-04-12T05:27:31.183+0000] {warnings.py:112} WARNING - /home/***/.local/lib/python3.12/site-packages/***/task/task_runner/standard_task_runner.py:70: DeprecationWarning: This process (pid=90) is multi-threaded, use of fork() may lead to deadlocks in the child.
  pid = os.fork()

[2025-04-12T05:27:31.184+0000] {standard_task_runner.py:72} INFO - Started process 93 to run task
[2025-04-12T05:27:31.184+0000] {standard_task_runner.py:104} INFO - Running: ['***', 'tasks', 'run', 'triphobo_etl_pipeline', 'scrape_tours', 'manual__2025-04-12T05:27:28.527778+00:00', '--job-id', '120', '--raw', '--subdir', 'DAGS_FOLDER/trip_dag.py', '--cfg-path', '/tmp/tmpkjal4f4b']
[2025-04-12T05:27:31.185+0000] {standard_task_runner.py:105} INFO - Job 120: Subtask scrape_tours
[2025-04-12T05:27:31.205+0000] {task_command.py:467} INFO - Running <TaskInstance: triphobo_etl_pipeline.scrape_tours manual__2025-04-12T05:27:28.527778+00:00 [running]> on host 0032dfa832cd
[2025-04-12T05:27:31.240+0000] {taskinstance.py:3132} INFO - Exporting env vars: AIRFLOW_CTX_DAG_OWNER='***' AIRFLOW_CTX_DAG_ID='triphobo_etl_pipeline' AIRFLOW_CTX_TASK_ID='scrape_tours' AIRFLOW_CTX_EXECUTION_DATE='2025-04-12T05:27:28.527778+00:00' AIRFLOW_CTX_TRY_NUMBER='1' AIRFLOW_CTX_DAG_RUN_ID='manual__2025-04-12T05:27:28.527778+00:00'
[2025-04-12T05:27:31.241+0000] {taskinstance.py:731} INFO - ::endgroup::
[2025-04-12T05:27:31.576+0000] {scrape.py:99} INFO - Scraping city: New York City United States
[2025-04-12T05:27:31.578+0000] {scrape.py:104} INFO -  Visiting Page 1: https://www.triphobo.com/tours/new-york-city-united-states?page=1
[2025-04-12T05:27:39.244+0000] {scrape.py:106} INFO -  Found 24 tour links on page 1
[2025-04-12T05:27:39.244+0000] {scrape.py:110} INFO - Scraping 1/24: https://www.triphobo.com/tours/big-bus-new-york-hop-on-hop-off-tour
[2025-04-12T05:27:42.877+0000] {scrape.py:110} INFO - Scraping 2/24: https://www.triphobo.com/tours/all-access-9-11-experience-ground-zero-tour-9-11-memorial-and-museum-one-world-observatory
[2025-04-12T05:27:46.479+0000] {scrape.py:110} INFO - Scraping 3/24: https://www.triphobo.com/tours/statue-of-liberty-and-ellis-island-guided-tour
[2025-04-12T05:27:49.954+0000] {scrape.py:110} INFO - Scraping 4/24: https://www.triphobo.com/tours/one-world-observatory-admission
[2025-04-12T05:27:54.064+0000] {scrape.py:110} INFO - Scraping 5/24: https://www.triphobo.com/tours/9-11-memorial-museum-admission
[2025-04-12T05:27:57.563+0000] {scrape.py:110} INFO - Scraping 6/24: https://www.triphobo.com/tours/niagara-falls-in-one-day-from-new-york-city
[2025-04-12T05:28:00.998+0000] {scrape.py:110} INFO - Scraping 7/24: https://www.triphobo.com/tours/9-11-memorial-and-ground-zero-walking-tour-with-optional-9-11-museum-upgrade
[2025-04-12T05:28:05.567+0000] {scrape.py:110} INFO - Scraping 8/24: https://www.triphobo.com/tours/top-of-the-rock-observation-deck-new-york
[2025-04-12T05:28:09.201+0000] {scrape.py:110} INFO - Scraping 9/24: https://www.triphobo.com/tours/guided-tour-of-statue-of-liberty-and-ellis-island
[2025-04-12T05:28:13.274+0000] {scrape.py:110} INFO - Scraping 10/24: https://www.triphobo.com/tours/intrepid-sea-air-and-space-museum
[2025-04-12T05:28:18.702+0000] {scrape.py:110} INFO - Scraping 11/24: https://www.triphobo.com/tours/small-group-early-access-statue-of-liberty-tour-and-ellis-island
[2025-04-12T05:28:22.525+0000] {scrape.py:110} INFO - Scraping 12/24: https://www.triphobo.com/tours/woodbury-common-premium-outlets-shopping-tour
[2025-04-12T05:28:26.211+0000] {scrape.py:110} INFO - Scraping 13/24: https://www.triphobo.com/tours/circle-line-harbor-lights-night-cruise
[2025-04-12T05:28:29.904+0000] {scrape.py:110} INFO - Scraping 14/24: https://www.triphobo.com/tours/madame-tussauds-new-york
[2025-04-12T05:28:33.479+0000] {scrape.py:110} INFO - Scraping 15/24: https://www.triphobo.com/tours/circle-line-complete-manhattan-island-cruise
[2025-04-12T05:28:36.965+0000] {scrape.py:110} INFO - Scraping 16/24: https://www.triphobo.com/tours/harlem-sunday-morning-gospel-tour
[2025-04-12T05:28:41.352+0000] {scrape.py:110} INFO - Scraping 17/24: https://www.triphobo.com/tours/american-museum-of-natural-history
[2025-04-12T05:28:46.724+0000] {scrape.py:110} INFO - Scraping 18/24: https://www.triphobo.com/tours/viator-exclusive-statue-of-liberty-monument-access-and-9-11-memorial
[2025-04-12T05:28:50.434+0000] {scrape.py:110} INFO - Scraping 19/24: https://www.triphobo.com/tours/lower-east-side-food-and-culture-tour
[2025-04-12T05:28:54.122+0000] {scrape.py:110} INFO - Scraping 20/24: https://www.triphobo.com/tours/hamilton-musical-walking-tour
[2025-04-12T05:28:57.831+0000] {scrape.py:110} INFO - Scraping 21/24: https://www.triphobo.com/tours/the-ride-new-york-city
[2025-04-12T05:29:01.346+0000] {scrape.py:110} INFO - Scraping 22/24: https://www.triphobo.com/tours/one-world-observatory-or-911-museum-with-world-trade-center-area-tour
[2025-04-12T05:29:06.521+0000] {scrape.py:110} INFO - Scraping 23/24: https://www.triphobo.com/tours/9-11-memorial-and-ground-zero-walking-tour-with-optional-one-world-observatory-entrance
[2025-04-12T05:29:10.047+0000] {scrape.py:110} INFO - Scraping 24/24: https://www.triphobo.com/tours/central-park-pedicab-tours
[2025-04-12T05:29:17.665+0000] {scrape.py:104} INFO -  Visiting Page 2: https://www.triphobo.com/tours/new-york-city-united-states?page=2
[2025-04-12T05:29:21.479+0000] {scrape.py:106} INFO -  Found 24 tour links on page 2
[2025-04-12T05:29:21.479+0000] {scrape.py:110} INFO - Scraping 1/24: https://www.triphobo.com/tours/new-york-in-one-day-guided-sightseeing-tour
[2025-04-12T05:29:26.280+0000] {scrape.py:110} INFO - Scraping 2/24: https://www.triphobo.com/tours/tour-contrastes-harlem-bronx-queens-coney-island-and-brooklyn
[2025-04-12T05:29:31.127+0000] {scrape.py:110} INFO - Scraping 3/24: https://www.triphobo.com/tours/empire-state-building-tickets-observatory-and-optional-skip-the-line-tickets
[2025-04-12T05:29:34.737+0000] {scrape.py:110} INFO - Scraping 4/24: https://www.triphobo.com/tours/bateaux-new-york-dinner-cruise
[2025-04-12T05:29:38.292+0000] {scrape.py:110} INFO - Scraping 5/24: https://www.triphobo.com/tours/manhattan-sky-tour-new-york-helicopter-flight
[2025-04-12T05:29:41.741+0000] {scrape.py:110} INFO - Scraping 6/24: https://www.triphobo.com/tours/gossip-girl-sites-tour
[2025-04-12T05:29:45.372+0000] {scrape.py:110} INFO - Scraping 7/24: https://www.triphobo.com/tours/the-museum-of-modern-art-admission-with-skip-the-line-access
[2025-04-12T05:29:49.177+0000] {scrape.py:110} INFO - Scraping 8/24: https://www.triphobo.com/tours/small-group-guided-9-11-memorial-tour-with-museum-tickets
[2025-04-12T05:29:52.825+0000] {scrape.py:110} INFO - Scraping 9/24: https://www.triphobo.com/tours/high-line-park-and-greenwich-village-food-tour
[2025-04-12T05:29:56.850+0000] {scrape.py:110} INFO - Scraping 10/24: https://www.triphobo.com/tours/big-apple-helicopter-tour-of-new-york
[2025-04-12T05:30:00.372+0000] {scrape.py:110} INFO - Scraping 11/24: https://www.triphobo.com/tours/sunset-sail-aboard-the-schooner-adirondack
[2025-04-12T05:30:04.638+0000] {scrape.py:110} INFO - Scraping 12/24: https://www.triphobo.com/tours/small-group-tour-of-catacombs-by-candelight-in-new-york
[2025-04-12T05:30:08.569+0000] {scrape.py:110} INFO - Scraping 13/24: https://www.triphobo.com/tours/new-york-city-tour-by-classic-convertible-5ac65a105840d467a20000a0
[2025-04-12T05:30:12.193+0000] {scrape.py:110} INFO - Scraping 14/24: https://www.triphobo.com/tours/sex-and-the-city-hotspots-tour
[2025-04-12T05:30:16.900+0000] {scrape.py:110} INFO - Scraping 15/24: https://www.triphobo.com/tours/new-york-dinner-cruise-with-buffet
[2025-04-12T05:30:20.359+0000] {scrape.py:110} INFO - Scraping 16/24: https://www.triphobo.com/tours/new-york-manhattan-scenic-helicopter-tour
[2025-04-12T05:30:24.835+0000] {scrape.py:110} INFO - Scraping 17/24: https://www.triphobo.com/tours/new-york-city-guided-sightseeing-tour-by-minibus
[2025-04-12T05:30:28.467+0000] {scrape.py:110} INFO - Scraping 18/24: https://www.triphobo.com/tours/harlem-wednesday-morning-gospel-tour
[2025-04-12T05:30:32.010+0000] {scrape.py:110} INFO - Scraping 19/24: https://www.triphobo.com/tours/best-of-brooklyn-half-day-food-and-culture-tour
[2025-04-12T05:30:35.569+0000] {scrape.py:110} INFO - Scraping 20/24: https://www.triphobo.com/tours/small-group-central-park-bike-tour
[2025-04-12T05:30:39.286+0000] {scrape.py:110} INFO - Scraping 21/24: https://www.triphobo.com/tours/manhattan-to-brooklyn-nyc-walking-tour-brooklyn-bridge-and-dumbo
[2025-04-12T05:30:42.777+0000] {scrape.py:110} INFO - Scraping 22/24: https://www.triphobo.com/tours/new-york-helicopter-tour-ultimate-manhattan-sightseeing
[2025-04-12T05:30:46.315+0000] {scrape.py:110} INFO - Scraping 23/24: https://www.triphobo.com/tours/chinatown-and-little-italy-food-fest
[2025-04-12T05:30:50.314+0000] {scrape.py:110} INFO - Scraping 24/24: https://www.triphobo.com/tours/christmas-lights-in-dyker-heights-brooklyn
[2025-04-12T05:30:54.040+0000] {scrape.py:104} INFO -  Visiting Page 3: https://www.triphobo.com/tours/new-york-city-united-states?page=3
[2025-04-12T05:30:58.189+0000] {scrape.py:106} INFO -  Found 24 tour links on page 3
[2025-04-12T05:30:58.189+0000] {scrape.py:110} INFO - Scraping 1/24: https://www.triphobo.com/tours/private-custom-new-york-city-tour-by-suv
[2025-04-12T05:31:02.066+0000] {scrape.py:110} INFO - Scraping 2/24: https://www.triphobo.com/tours/new-york-hip-hop-tour
[2025-04-12T05:31:05.645+0000] {scrape.py:110} INFO - Scraping 3/24: https://www.triphobo.com/tours/full-day-nyc-small-group-tour
[2025-04-12T05:31:09.445+0000] {scrape.py:110} INFO - Scraping 4/24: https://www.triphobo.com/tours/metropolitan-museum-of-art-tour-with-skip-the-line-access
[2025-04-12T05:31:14.329+0000] {scrape.py:110} INFO - Scraping 5/24: https://www.triphobo.com/tours/statue-of-liberty-ellis-island-and-9-11-memorial-walking-tour
[2025-04-12T05:31:17.940+0000] {scrape.py:110} INFO - Scraping 6/24: https://www.triphobo.com/tours/big-bus-new-york-night-tour
[2025-04-12T05:31:21.545+0000] {scrape.py:110} INFO - Scraping 7/24: https://www.triphobo.com/tours/manhattan-evening-jazz-cruise
[2025-04-12T05:31:25.724+0000] {scrape.py:110} INFO - Scraping 8/24: https://www.triphobo.com/tours/new-york-city-explorer-pass-5ac65a5b5840d48aa600008b
[2025-04-12T05:31:29.251+0000] {scrape.py:110} INFO - Scraping 9/24: https://www.triphobo.com/tours/new-york-helicopter-flight-grand-island
[2025-04-12T05:31:32.699+0000] {scrape.py:110} INFO - Scraping 10/24: https://www.triphobo.com/tours/private-new-york-walking-tour-with-a-personal-photographer
[2025-04-12T05:31:36.198+0000] {scrape.py:110} INFO - Scraping 11/24: https://www.triphobo.com/tours/new-york-city-airport-private-arrival-transfer
[2025-04-12T05:31:39.743+0000] {scrape.py:110} INFO - Scraping 12/24: https://www.triphobo.com/tours/circle-line-new-york-landmarks-cruise
[2025-04-12T05:31:43.253+0000] {scrape.py:110} INFO - Scraping 13/24: https://www.triphobo.com/tours/private-suv-tour-best-of-nyc
[2025-04-12T05:31:47.169+0000] {scrape.py:110} INFO - Scraping 14/24: https://www.triphobo.com/tours/new-york-city-3-day-hop-on-hop-off-bus-tour-and-attractions-pass
[2025-04-12T05:31:50.891+0000] {scrape.py:110} INFO - Scraping 15/24: https://www.triphobo.com/tours/nyc-at-night-sightseeing-cruise-and-bus-tour
[2025-04-12T05:31:54.486+0000] {scrape.py:110} INFO - Scraping 16/24: https://www.triphobo.com/tours/hell-s-kitchen-food-tour-and-central-park-stroll
[2025-04-12T05:31:58.426+0000] {scrape.py:110} INFO - Scraping 17/24: https://www.triphobo.com/tours/world-trade-center-911-and-ground-zero-walking-tour
[2025-04-12T05:32:02.443+0000] {scrape.py:110} INFO - Scraping 18/24: https://www.triphobo.com/tours/manhattan-architecture-yacht-cruise
[2025-04-12T05:32:07.181+0000] {scrape.py:110} INFO - Scraping 19/24: https://www.triphobo.com/tours/private-statue-of-liberty-and-ellis-island-tour-includes-pedestal-access
[2025-04-12T05:32:10.751+0000] {scrape.py:110} INFO - Scraping 20/24: https://www.triphobo.com/tours/new-york-citypass-5ac65a875840d44aa10000bd
[2025-04-12T05:32:14.703+0000] {scrape.py:110} INFO - Scraping 21/24: https://www.triphobo.com/tours/new-york-city-wall-street-insider-tour
[2025-04-12T05:32:18.457+0000] {scrape.py:110} INFO - Scraping 22/24: https://www.triphobo.com/tours/shared-departure-transfer-hotel-to-new-york-city-airports
[2025-04-12T05:32:23.040+0000] {scrape.py:110} INFO - Scraping 23/24: https://www.triphobo.com/tours/shared-arrival-transfer-new-york-airports-to-hotel
[2025-04-12T05:32:27.097+0000] {scrape.py:110} INFO - Scraping 24/24: https://www.triphobo.com/tours/new-york-city-buffet-lunch-cruise
[2025-04-12T05:32:31.059+0000] {scrape.py:104} INFO -  Visiting Page 4: https://www.triphobo.com/tours/new-york-city-united-states?page=4
[2025-04-12T05:32:36.612+0000] {scrape.py:106} INFO -  Found 24 tour links on page 4
[2025-04-12T05:32:36.613+0000] {scrape.py:110} INFO - Scraping 1/24: https://www.triphobo.com/tours/greenwich-village-walking-tour
[2025-04-12T05:32:40.579+0000] {scrape.py:110} INFO - Scraping 2/24: https://www.triphobo.com/tours/flatiron-food-architecture-and-history-tour
[2025-04-12T05:32:45.100+0000] {scrape.py:110} INFO - Scraping 3/24: https://www.triphobo.com/tours/the-sightseeing-pass-nyc
[2025-04-12T05:32:48.575+0000] {scrape.py:110} INFO - Scraping 4/24: https://www.triphobo.com/tours/new-york-city-luxury-boat-tour
[2025-04-12T05:32:52.057+0000] {scrape.py:110} INFO - Scraping 5/24: https://www.triphobo.com/tours/new-york-city-twilight-sail
[2025-04-12T05:32:56.571+0000] {scrape.py:110} INFO - Scraping 6/24: https://www.triphobo.com/tours/viator-vip-empire-state-building-sunrise-experience
[2025-04-12T05:33:00.089+0000] {scrape.py:110} INFO - Scraping 7/24: https://www.triphobo.com/tours/the-super-tour-of-nyc-heroes-comics-and-more
[2025-04-12T05:33:03.624+0000] {scrape.py:110} INFO - Scraping 8/24: https://www.triphobo.com/tours/statue-of-liberty-express-cruise
[2025-04-12T05:33:07.089+0000] {scrape.py:110} INFO - Scraping 9/24: https://www.triphobo.com/tours/new-york-city-airport-luxury-arrival-transfer
[2025-04-12T05:33:10.826+0000] {scrape.py:110} INFO - Scraping 10/24: https://www.triphobo.com/tours/the-sopranos-sites-tour
[2025-04-12T05:33:14.287+0000] {scrape.py:110} INFO - Scraping 11/24: https://www.triphobo.com/tours/private-economy-departure-transfer-manhattan-hotels-to-new-york-airports
[2025-04-12T05:33:18.107+0000] {scrape.py:110} INFO - Scraping 12/24: https://www.triphobo.com/tours/new-york-helicopter-tour-manhattan-highlights
[2025-04-12T05:33:23.233+0000] {scrape.py:110} INFO - Scraping 13/24: https://www.triphobo.com/tours/half-day-nyc-small-group-tour
[2025-04-12T05:33:27.395+0000] {scrape.py:110} INFO - Scraping 14/24: https://www.triphobo.com/tours/superheroes-in-new-york-walking-tour
[2025-04-12T05:33:31.283+0000] {scrape.py:110} INFO - Scraping 15/24: https://www.triphobo.com/tours/private-new-york-city-boat-tour
[2025-04-12T05:33:34.825+0000] {scrape.py:110} INFO - Scraping 16/24: https://www.triphobo.com/tours/statue-express-tour-with-statue-of-liberty-pedestal-tickets
[2025-04-12T05:33:41.409+0000] {scrape.py:110} INFO - Scraping 17/24: https://www.triphobo.com/tours/a-slice-of-brooklyn-pizza-tour
[2025-04-12T05:33:44.864+0000] {scrape.py:110} INFO - Scraping 18/24: https://www.triphobo.com/tours/statue-of-liberty-tall-ship-sailing-cruise
[2025-04-12T05:33:48.469+0000] {scrape.py:110} INFO - Scraping 19/24: https://www.triphobo.com/tours/complete-new-york-new-york-helicopter-tour
[2025-04-12T05:33:51.922+0000] {scrape.py:110} INFO - Scraping 20/24: https://www.triphobo.com/tours/new-york-city-original-rock-n-roll-walking-tour
[2025-04-12T05:33:55.940+0000] {scrape.py:110} INFO - Scraping 21/24: https://www.triphobo.com/tours/soho-little-italy-and-chinatown-walking-tour
[2025-04-12T05:33:59.443+0000] {scrape.py:110} INFO - Scraping 22/24: https://www.triphobo.com/tours/hard-rock-cafe-new-york-times-square
[2025-04-12T05:34:03.167+0000] {scrape.py:110} INFO - Scraping 23/24: https://www.triphobo.com/tours/secrets-of-the-statue-of-liberty-and-ellis-island-tour
[2025-04-12T05:34:07.063+0000] {scrape.py:110} INFO - Scraping 24/24: https://www.triphobo.com/tours/metropolitan-museum-of-art-small-group-tour
[2025-04-12T05:34:10.656+0000] {scrape.py:104} INFO -  Visiting Page 5: https://www.triphobo.com/tours/new-york-city-united-states?page=5
[2025-04-12T05:34:14.965+0000] {scrape.py:106} INFO -  Found 24 tour links on page 5
[2025-04-12T05:34:14.965+0000] {scrape.py:110} INFO - Scraping 1/24: https://www.triphobo.com/tours/nyc-tv-and-movie-sites-tour
[2025-04-12T05:34:18.647+0000] {scrape.py:110} INFO - Scraping 2/24: https://www.triphobo.com/tours/private-limousine-tour-best-of-nyc
[2025-04-12T05:34:22.388+0000] {scrape.py:110} INFO - Scraping 3/24: https://www.triphobo.com/tours/brooklyn-bridge-bike-tour
[2025-04-12T05:34:25.831+0000] {scrape.py:110} INFO - Scraping 4/24: https://www.triphobo.com/tours/nyc-central-park-bike-rental
[2025-04-12T05:34:29.736+0000] {scrape.py:110} INFO - Scraping 5/24: https://www.triphobo.com/tours/new-york-helicopter-tour-manhattan-brooklyn-and-staten-island
[2025-04-12T05:34:33.294+0000] {scrape.py:110} INFO - Scraping 6/24: https://www.triphobo.com/tours/central-park-bike-tour
[2025-04-12T05:34:38.188+0000] {scrape.py:110} INFO - Scraping 7/24: https://www.triphobo.com/tours/iconic-new-york-photography-tour
[2025-04-12T05:34:41.986+0000] {scrape.py:110} INFO - Scraping 8/24: https://www.triphobo.com/tours/williamsburg-bites-brooklyn-food-tour
[2025-04-12T05:34:45.612+0000] {scrape.py:110} INFO - Scraping 9/24: https://www.triphobo.com/tours/guided-bike-tour-of-central-park
[2025-04-12T05:34:49.431+0000] {scrape.py:110} INFO - Scraping 10/24: https://www.triphobo.com/tours/harlem-gospel-and-brunch-tour
[2025-04-12T05:34:53.243+0000] {scrape.py:110} INFO - Scraping 11/24: https://www.triphobo.com/tours/macdougal-street-new-york-city-walking-tour
[2025-04-12T05:34:58.035+0000] {scrape.py:110} INFO - Scraping 12/24: https://www.triphobo.com/tours/central-park-manhattan-waterfront-bike-tour
[2025-04-12T05:35:02.009+0000] {scrape.py:110} INFO - Scraping 13/24: https://www.triphobo.com/tours/cupcake-walking-tour-in-new-york-city
[2025-04-12T05:35:05.536+0000] {scrape.py:110} INFO - Scraping 14/24: https://www.triphobo.com/tours/new-york-city-airport-private-departure-transfer
[2025-04-12T05:35:09.055+0000] {scrape.py:110} INFO - Scraping 15/24: https://www.triphobo.com/tours/central-park-tv-and-movie-sites-walking-tour
[2025-04-12T05:35:12.549+0000] {scrape.py:110} INFO - Scraping 16/24: https://www.triphobo.com/tours/new-york-city-shore-excursion-post-cruise-half-day-private-tour
[2025-04-12T05:35:16.091+0000] {scrape.py:110} INFO - Scraping 17/24: https://www.triphobo.com/tours/tcm-classic-film-tour-of-new-york
[2025-04-12T05:35:20.146+0000] {scrape.py:110} INFO - Scraping 18/24: https://www.triphobo.com/tours/disney-s-aladdin-on-broadway
[2025-04-12T05:35:23.852+0000] {scrape.py:110} INFO - Scraping 19/24: https://www.triphobo.com/tours/statue-of-liberty-lunch-cruise
[2025-04-12T05:35:27.328+0000] {scrape.py:110} INFO - Scraping 20/24: https://www.triphobo.com/tours/private-economy-new-york-inter-airport-transfer
[2025-04-12T05:35:31.381+0000] {scrape.py:110} INFO - Scraping 21/24: https://www.triphobo.com/tours/brooklyn-bridge-guided-bike-tour
[2025-04-12T05:35:34.818+0000] {scrape.py:110} INFO - Scraping 22/24: https://www.triphobo.com/tours/central-park-bike-rental
[2025-04-12T05:35:38.856+0000] {scrape.py:110} INFO - Scraping 23/24: https://www.triphobo.com/tours/private-new-york-city-sunset-boat-tour
[2025-04-12T05:35:42.356+0000] {scrape.py:110} INFO - Scraping 24/24: https://www.triphobo.com/tours/panoramic-night-tour-of-new-york-city
[2025-04-12T05:35:46.082+0000] {scrape.py:104} INFO -  Visiting Page 6: https://www.triphobo.com/tours/new-york-city-united-states?page=6
[2025-04-12T05:35:51.430+0000] {scrape.py:106} INFO -  Found 24 tour links on page 6
[2025-04-12T05:35:51.431+0000] {scrape.py:110} INFO - Scraping 1/24: https://www.triphobo.com/tours/911-memorial-pools-ground-zero-walking-tour-optional-upgrade-to-911-museum
[2025-04-12T05:35:56.437+0000] {scrape.py:110} INFO - Scraping 2/24: https://www.triphobo.com/tours/circle-line-nyc-liberty-cruise
[2025-04-12T05:35:59.972+0000] {scrape.py:110} INFO - Scraping 3/24: https://www.triphobo.com/tours/pizza-walking-tour-of-manhattan
[2025-04-12T05:36:03.398+0000] {scrape.py:110} INFO - Scraping 4/24: https://www.triphobo.com/tours/new-york-city-sightseeing-tour-by-coach
[2025-04-12T05:36:06.955+0000] {scrape.py:110} INFO - Scraping 5/24: https://www.triphobo.com/tours/around-manhattan-brunch-cruise
[2025-04-12T05:36:11.014+0000] {scrape.py:110} INFO - Scraping 6/24: https://www.triphobo.com/tours/statue-of-liberty-tour-with-optional-pedestal-access
[2025-04-12T05:36:15.918+0000] {scrape.py:110} INFO - Scraping 7/24: https://www.triphobo.com/tours/private-tour-of-the-metropolitan-museum-of-art-in-new-york-city
[2025-04-12T05:36:19.380+0000] {scrape.py:110} INFO - Scraping 8/24: https://www.triphobo.com/tours/private-arrival-transfer-new-york-airports-to-brooklyn
[2025-04-12T05:36:23.128+0000] {scrape.py:110} INFO - Scraping 9/24: https://www.triphobo.com/tours/williamsburg-walking-tour-history-culture-and-art-scene
[2025-04-12T05:36:28.983+0000] {scrape.py:110} INFO - Scraping 10/24: https://www.triphobo.com/tours/central-park-walking-tour-58aed7c68427a5de080005b9
[2025-04-12T05:36:32.477+0000] {scrape.py:110} INFO - Scraping 11/24: https://www.triphobo.com/tours/nyc-private-tour-with-local-guide-by-suv-or-van
[2025-04-12T05:36:36.153+0000] {scrape.py:110} INFO - Scraping 12/24: https://www.triphobo.com/tours/ellis-island-statue-of-liberty-pedestal-and-pre-ferry-tour
[2025-04-12T05:36:41.261+0000] {scrape.py:110} INFO - Scraping 13/24: https://www.triphobo.com/tours/soho-chinatown-little-italy-tour
[2025-04-12T05:36:45.775+0000] {scrape.py:110} INFO - Scraping 14/24: https://www.triphobo.com/tours/new-york-to-washington-dc-day-trip-by-rail
[2025-04-12T05:36:51.657+0000] {scrape.py:110} INFO - Scraping 15/24: https://www.triphobo.com/tours/central-park-and-metropolitan-museum-of-art-private-nyc-combo-tour
[2025-04-12T05:36:55.147+0000] {scrape.py:110} INFO - Scraping 16/24: https://www.triphobo.com/tours/the-hamptons-sag-harbor-and-outlet-shopping-day-trip-from-new-york-city
[2025-04-12T05:36:58.552+0000] {scrape.py:110} INFO - Scraping 17/24: https://www.triphobo.com/tours/the-lion-king-on-broadway-5ac65a735840d4de9b0000db
[2025-04-12T05:37:02.080+0000] {scrape.py:110} INFO - Scraping 18/24: https://www.triphobo.com/tours/new-york-city-airport-luxury-departure-transfer
[2025-04-12T05:37:05.608+0000] {scrape.py:110} INFO - Scraping 19/24: https://www.triphobo.com/tours/private-departure-transfer-brooklyn-to-new-york-airports
[2025-04-12T05:37:09.182+0000] {scrape.py:110} INFO - Scraping 20/24: https://www.triphobo.com/tours/long-island-wine-tour-from-nyc-day-trip-meet-the-winemakers-taste-food-and-wine
[2025-04-12T05:37:13.006+0000] {scrape.py:110} INFO - Scraping 21/24: https://www.triphobo.com/tours/new-york-city-to-the-hamptons-private-day-trip
[2025-04-12T05:37:16.670+0000] {scrape.py:110} INFO - Scraping 22/24: https://www.triphobo.com/tours/nyc-speakeasy-walking-tour
[2025-04-12T05:37:20.148+0000] {scrape.py:110} INFO - Scraping 23/24: https://www.triphobo.com/tours/private-tour-niagara-falls-day-trip-from-new-york-city
[2025-04-12T05:37:24.052+0000] {scrape.py:110} INFO - Scraping 24/24: https://www.triphobo.com/tours/private-new-york-city-transfer-cruise-port-to-airport
[2025-04-12T05:37:27.607+0000] {scrape.py:104} INFO -  Visiting Page 7: https://www.triphobo.com/tours/new-york-city-united-states?page=7
[2025-04-12T05:37:31.895+0000] {scrape.py:106} INFO -  Found 24 tour links on page 7
[2025-04-12T05:37:31.895+0000] {scrape.py:110} INFO - Scraping 1/24: https://www.triphobo.com/tours/long-island-wine-tour-from-manhattan-5ac501bb5840d48eae000cec
[2025-04-12T05:37:35.333+0000] {scrape.py:110} INFO - Scraping 2/24: https://www.triphobo.com/tours/dyker-heights-christmas-lights-tour
[2025-04-12T05:37:38.963+0000] {scrape.py:110} INFO - Scraping 3/24: https://www.triphobo.com/tours/nyc-walking-tour-broadway-history-and-culture
[2025-04-12T05:37:42.490+0000] {scrape.py:110} INFO - Scraping 4/24: https://www.triphobo.com/tours/new-york-city-slavery-and-underground-railroad-tour
[2025-04-12T05:37:45.973+0000] {scrape.py:110} INFO - Scraping 5/24: https://www.triphobo.com/tours/new-york-city-shopping-with-a-personal-stylist
[2025-04-12T05:37:49.411+0000] {scrape.py:110} INFO - Scraping 6/24: https://www.triphobo.com/tours/grand-central-the-open-sesame-bagel-tour
[2025-04-12T05:37:52.928+0000] {scrape.py:110} INFO - Scraping 7/24: https://www.triphobo.com/tours/hell-s-kitchen-food-tour
[2025-04-12T05:37:56.731+0000] {scrape.py:110} INFO - Scraping 8/24: https://www.triphobo.com/tours/holdouts-a-nyc-architecture-walking-tour
[2025-04-12T05:38:01.163+0000] {scrape.py:110} INFO - Scraping 9/24: https://www.triphobo.com/tours/midtown-mix-guided-food-tour-new-york-food-on-foot-tours
[2025-04-12T05:38:06.248+0000] {scrape.py:110} INFO - Scraping 10/24: https://www.triphobo.com/tours/chelsea-architecture-and-art-tour-with-award-winning-nyc-guide
[2025-04-12T05:38:11.455+0000] {scrape.py:110} INFO - Scraping 11/24: https://www.triphobo.com/tours/new-york-city-holiday-lights-and-markets-walking-tour
[2025-04-12T05:38:16.252+0000] {scrape.py:110} INFO - Scraping 12/24: https://www.triphobo.com/tours/brooklyn-graffiti-lesson
[2025-04-12T05:38:20.064+0000] {scrape.py:110} INFO - Scraping 13/24: https://www.triphobo.com/tours/christmas-in-new-york-private-walking-tour
[2025-04-12T05:38:23.654+0000] {scrape.py:110} INFO - Scraping 14/24: https://www.triphobo.com/tours/times-square-hell-s-kitchen-food-tour-and-central-park-stroll
[2025-04-12T05:38:28.625+0000] {scrape.py:110} INFO - Scraping 15/24: https://www.triphobo.com/tours/nyc-comedian-walking-tour
[2025-04-12T05:38:32.413+0000] {scrape.py:110} INFO - Scraping 16/24: https://www.triphobo.com/tours/the-best-of-brooklyn-walking-tour-the-brooklyn-revolution
[2025-04-12T05:38:36.523+0000] {scrape.py:110} INFO - Scraping 17/24: https://www.triphobo.com/tours/hamilton-washington-in-new-york-city-secrets-of-the-past
[2025-04-12T05:38:40.020+0000] {scrape.py:110} INFO - Scraping 18/24: https://www.triphobo.com/tours/secrets-of-hudson-yards-walking-tour-with-high-line-and-vessel
[2025-04-12T05:38:43.855+0000] {scrape.py:110} INFO - Scraping 19/24: https://www.triphobo.com/tours/new-york-city-s-amazing-subway-mosaic-art
[2025-04-12T05:38:47.366+0000] {scrape.py:110} INFO - Scraping 20/24: https://www.triphobo.com/tours/grand-central-photo-tour
[2025-04-12T05:38:51.057+0000] {scrape.py:110} INFO - Scraping 21/24: https://www.triphobo.com/tours/new-york-like-a-local-customized-private-tour
[2025-04-12T05:38:55.810+0000] {scrape.py:110} INFO - Scraping 22/24: https://www.triphobo.com/tours/nyc-secrets-of-grand-central-terminal-private-walking-tour
[2025-04-12T05:38:59.977+0000] {scrape.py:110} INFO - Scraping 23/24: https://www.triphobo.com/tours/new-york-city-gourmet-food-cart-walking-tour
[2025-04-12T05:39:03.788+0000] {scrape.py:110} INFO - Scraping 24/24: https://www.triphobo.com/tours/ground-zero-museum-workshop-tour
[2025-04-12T05:39:13.053+0000] {scrape.py:104} INFO -  Visiting Page 8: https://www.triphobo.com/tours/new-york-city-united-states?page=8
[2025-04-12T05:39:17.039+0000] {scrape.py:106} INFO -  Found 24 tour links on page 8
[2025-04-12T05:39:17.040+0000] {scrape.py:110} INFO - Scraping 1/24: https://www.triphobo.com/tours/greenwich-village-literary-pub-crawl
[2025-04-12T05:39:20.858+0000] {scrape.py:110} INFO - Scraping 2/24: https://www.triphobo.com/tours/new-york-city-shore-excursion-pre-cruise-half-day-private-tour
[2025-04-12T05:39:24.432+0000] {scrape.py:110} INFO - Scraping 3/24: https://www.triphobo.com/tours/private-chauffeur-service-from-boston-to-new-york
[2025-04-12T05:39:28.138+0000] {scrape.py:110} INFO - Scraping 4/24: https://www.triphobo.com/tours/street-art-tour-of-bushwick
[2025-04-12T05:39:33.042+0000] {scrape.py:110} INFO - Scraping 5/24: https://www.triphobo.com/tours/private-half-day-tour-of-brooklyn
[2025-04-12T05:39:36.496+0000] {scrape.py:110} INFO - Scraping 6/24: https://www.triphobo.com/tours/greenwich-village-food-tour-5836a24e8427a51f08000003
[2025-04-12T05:39:40.415+0000] {scrape.py:110} INFO - Scraping 7/24: https://www.triphobo.com/tours/midtown-manhattan-art-and-architecture-walking-tour
[2025-04-12T05:39:44.004+0000] {scrape.py:110} INFO - Scraping 8/24: https://www.triphobo.com/tours/hoboken-and-nyc-at-night-walking-tour
[2025-04-12T05:39:48.650+0000] {scrape.py:110} INFO - Scraping 9/24: https://www.triphobo.com/tours/world-trade-center-photo-tour
[2025-04-12T05:39:53.289+0000] {scrape.py:110} INFO - Scraping 10/24: https://www.triphobo.com/tours/nyc-west-village-pub-crawl
[2025-04-12T05:39:57.007+0000] {scrape.py:110} INFO - Scraping 11/24: https://www.triphobo.com/tours/ruins-of-a-forgotten-city-historical-manhattan-walking-tour
[2025-04-12T05:40:00.561+0000] {scrape.py:110} INFO - Scraping 12/24: https://www.triphobo.com/tours/nyc-private-holiday-lights-tour-by-limo
[2025-04-12T05:40:04.235+0000] {scrape.py:110} INFO - Scraping 13/24: https://www.triphobo.com/tours/new-york-city-4th-of-july-fireworks-luxury-boat-tour-5ac4bdb35840d455e9000bec
[2025-04-12T05:40:07.781+0000] {scrape.py:110} INFO - Scraping 14/24: https://www.triphobo.com/tours/central-park-night-time-photo-tour
[2025-04-12T05:40:11.918+0000] {scrape.py:110} INFO - Scraping 15/24: https://www.triphobo.com/tours/city-lights-sail-on-adirondack
[2025-04-12T05:40:18.418+0000] {scrape.py:110} INFO - Scraping 16/24: https://www.triphobo.com/tours/the-gazillion-bubble-show-5ac503ea5840d4fa30000c49
[2025-04-12T05:40:24.519+0000] {scrape.py:110} INFO - Scraping 17/24: https://www.triphobo.com/tours/secrets-of-the-brooklyn-bridge-walking-tour
[2025-04-12T05:40:29.577+0000] {scrape.py:110} INFO - Scraping 18/24: https://www.triphobo.com/tours/high-line-and-hudson-yards
[2025-04-12T05:40:35.679+0000] {scrape.py:110} INFO - Scraping 19/24: https://www.triphobo.com/tours/harlem-gospel-holiday-celebration-5ac51a465840d4e3ac000d87
[2025-04-12T05:40:41.743+0000] {scrape.py:110} INFO - Scraping 20/24: https://www.triphobo.com/tours/underground-tour-of-the-nyc-subway
[2025-04-12T05:40:48.967+0000] {scrape.py:110} INFO - Scraping 21/24: https://www.triphobo.com/tours/manhattan-and-brooklyn-bridge-bicycle-tour
[2025-04-12T05:40:54.462+0000] {scrape.py:110} INFO - Scraping 22/24: https://www.triphobo.com/tours/private-9-11-memorial-and-ground-zero-walking-tour-with-optional-9-11-museum-upgrade
[2025-04-12T05:41:01.850+0000] {scrape.py:110} INFO - Scraping 23/24: https://www.triphobo.com/tours/new-york-city-private-custom-walking-tour-with-local-guide
[2025-04-12T05:41:06.259+0000] {scrape.py:110} INFO - Scraping 24/24: https://www.triphobo.com/tours/new-york-neighborhoods-private-walking-tour
[2025-04-12T05:41:14.613+0000] {scrape.py:104} INFO -  Visiting Page 9: https://www.triphobo.com/tours/new-york-city-united-states?page=9
[2025-04-12T05:41:18.791+0000] {scrape.py:106} INFO -  Found 24 tour links on page 9
[2025-04-12T05:41:18.791+0000] {scrape.py:110} INFO - Scraping 1/24: https://www.triphobo.com/tours/greenwich-village-food-tour-5ac622f65840d487dd000051
[2025-04-12T05:41:25.179+0000] {scrape.py:110} INFO - Scraping 2/24: https://www.triphobo.com/tours/music-and-eats-on-macdougal-street-walking-tour
[2025-04-12T05:41:30.013+0000] {scrape.py:110} INFO - Scraping 3/24: https://www.triphobo.com/tours/wall-street-and-financial-district-walking-tour
[2025-04-12T05:41:36.075+0000] {scrape.py:110} INFO - Scraping 4/24: https://www.triphobo.com/tours/statue-of-liberty-pedestal-ellis-island-and-pre-ferry-tour
[2025-04-12T05:41:40.664+0000] {scrape.py:110} INFO - Scraping 5/24: https://www.triphobo.com/tours/guided-tour-of-statue-of-liberty-and-ellis-island-national-immigration-museum
[2025-04-12T05:41:47.349+0000] {scrape.py:110} INFO - Scraping 6/24: https://www.triphobo.com/tours/see-over-30-top-new-york-sights-fun-guide
[2025-04-12T05:41:51.971+0000] {scrape.py:110} INFO - Scraping 7/24: https://www.triphobo.com/tours/new-york-city-lights-sail-with-a-live-jazz-band
[2025-04-12T05:41:57.007+0000] {scrape.py:110} INFO - Scraping 8/24: https://www.triphobo.com/tours/greenwich-village-rock-n-roll-tour-nyc-rockjunket-com
[2025-04-12T05:42:02.117+0000] {scrape.py:110} INFO - Scraping 9/24: https://www.triphobo.com/tours/statue-of-liberty-express-optional-pedestal
[2025-04-12T05:42:06.609+0000] {scrape.py:110} INFO - Scraping 10/24: https://www.triphobo.com/tours/central-park-rockefeller-times-square-horse-carriage-ride
[2025-04-12T05:42:10.978+0000] {scrape.py:110} INFO - Scraping 11/24: https://www.triphobo.com/tours/chelsea-market-meatpacking-district-and-high-line-food-tour
[2025-04-12T05:42:15.553+0000] {scrape.py:110} INFO - Scraping 12/24: https://www.triphobo.com/tours/private-brooklyn-walking-tour-with-personal-photographer-brooklyn-bridge-dumbo-and-brooklyn-heights
[2025-04-12T05:42:20.077+0000] {scrape.py:110} INFO - Scraping 13/24: https://www.triphobo.com/tours/fun-statue-of-liberty-and-ellis-island-tour-with-energetic-university-students
[2025-04-12T05:42:26.107+0000] {scrape.py:110} INFO - Scraping 14/24: https://www.triphobo.com/tours/romantic-central-park-horse-drawn-carriage-tour
[2025-04-12T05:42:32.107+0000] {scrape.py:110} INFO - Scraping 15/24: https://www.triphobo.com/tours/exclusive-ellis-island-statue-of-liberty-911-memorial-pools-escorted-tour
[2025-04-12T05:42:36.881+0000] {scrape.py:110} INFO - Scraping 16/24: https://www.triphobo.com/tours/brooklyn-bridge-bike-tour-5de641970a21c76c3a33d929
[2025-04-12T05:42:41.449+0000] {scrape.py:110} INFO - Scraping 17/24: https://www.triphobo.com/tours/horse-carriage-ride-to-the-loeb-boathouse-tavern-on-the-green-at-central-park
[2025-04-12T05:42:47.336+0000] {scrape.py:110} INFO - Scraping 18/24: https://www.triphobo.com/tours/manhattan-adventure-boat-tour
[2025-04-12T05:42:51.747+0000] {scrape.py:110} INFO - Scraping 19/24: https://www.triphobo.com/tours/statue-of-liberty-and-ellis-island-ferry-ticket-with-optional-pedestal-upgrade
[2025-04-12T05:42:56.175+0000] {scrape.py:110} INFO - Scraping 20/24: https://www.triphobo.com/tours/central-park-helicopter-tour
[2025-04-12T05:43:01.638+0000] {scrape.py:110} INFO - Scraping 21/24: https://www.triphobo.com/tours/nyc-speakeasy-drinks-and-prohibition-era-nightlife-tour
[2025-04-12T05:43:06.561+0000] {scrape.py:110} INFO - Scraping 22/24: https://www.triphobo.com/tours/skip-the-ticket-line-one-world-observatory-ticket-with-ground-zero-tour
[2025-04-12T05:43:11.262+0000] {scrape.py:110} INFO - Scraping 23/24: https://www.triphobo.com/tours/nyc-extremes-downtown-photo-tour-with-pro-photographer
[2025-04-12T05:43:17.013+0000] {scrape.py:110} INFO - Scraping 24/24: https://www.triphobo.com/tours/nyc-prohibition-pub-and-history-walk
[2025-04-12T05:43:22.174+0000] {scrape.py:104} INFO -  Visiting Page 10: https://www.triphobo.com/tours/new-york-city-united-states?page=10
[2025-04-12T05:43:26.527+0000] {scrape.py:106} INFO -  Found 24 tour links on page 10
[2025-04-12T05:43:26.527+0000] {scrape.py:110} INFO - Scraping 1/24: https://www.triphobo.com/tours/nyc-secrets-of-grand-central-terminal-tour
[2025-04-12T05:43:31.916+0000] {scrape.py:110} INFO - Scraping 2/24: https://www.triphobo.com/tours/hidden-jewish-history-of-harlem
[2025-04-12T05:43:36.291+0000] {scrape.py:110} INFO - Scraping 3/24: https://www.triphobo.com/tours/speakeasy-historic-bars-night-tour-nyc
[2025-04-12T05:43:41.030+0000] {scrape.py:110} INFO - Scraping 4/24: https://www.triphobo.com/tours/new-york-midtown-scavenger-hunt-adventure
[2025-04-12T05:43:46.449+0000] {scrape.py:110} INFO - Scraping 5/24: https://www.triphobo.com/tours/new-york-city-ghost-tour-of-greenwich-village
[2025-04-12T05:43:51.791+0000] {scrape.py:110} INFO - Scraping 6/24: https://www.triphobo.com/tours/harlem-hip-hop-walking-tour
[2025-04-12T05:43:56.734+0000] {scrape.py:110} INFO - Scraping 7/24: https://www.triphobo.com/tours/central-park-photography-tour
[2025-04-12T05:44:01.809+0000] {scrape.py:110} INFO - Scraping 8/24: https://www.triphobo.com/tours/harlem-gospel-experience-walking-tour
[2025-04-12T05:44:06.267+0000] {scrape.py:110} INFO - Scraping 9/24: https://www.triphobo.com/tours/guided-private-underground-new-york-subway-tour
[2025-04-12T05:44:12.435+0000] {scrape.py:110} INFO - Scraping 10/24: https://www.triphobo.com/tours/private-guided-walking-tour-of-the-brooklyn-bridge-and-dumbo
[2025-04-12T05:44:17.308+0000] {scrape.py:110} INFO - Scraping 11/24: https://www.triphobo.com/tours/gilbert-and-sullivan-to-hamilton-downtown-walking-tour
[2025-04-12T05:44:21.769+0000] {scrape.py:110} INFO - Scraping 12/24: https://www.triphobo.com/tours/harlem-walking-tour-of-mount-morris-park-historic-district-with-lunch
[2025-04-12T05:44:26.247+0000] {scrape.py:110} INFO - Scraping 13/24: https://www.triphobo.com/tours/new-york-christmas-holiday-tour
[2025-04-12T05:44:31.358+0000] {scrape.py:110} INFO - Scraping 14/24: https://www.triphobo.com/tours/nyc-freedom-tower-private-photo-or-video-experience
[2025-04-12T05:44:35.758+0000] {scrape.py:110} INFO - Scraping 15/24: https://www.triphobo.com/tours/central-harlem-african-american-culture-walking-tour
[2025-04-12T05:44:40.761+0000] {scrape.py:110} INFO - Scraping 16/24: https://www.triphobo.com/tours/sugar-hill-to-washington-heights-walking-tour
[2025-04-12T05:44:46.813+0000] {scrape.py:110} INFO - Scraping 17/24: https://www.triphobo.com/tours/harlem-civil-rights-multimedia-walking-tour
[2025-04-12T05:44:51.111+0000] {scrape.py:110} INFO - Scraping 18/24: https://www.triphobo.com/tours/harlem-renaissance-multimedia-walking-tour
[2025-04-12T05:44:57.085+0000] {scrape.py:110} INFO - Scraping 19/24: https://www.triphobo.com/tours/landmarks-of-midtown-walking-tour
[2025-04-12T05:45:02.027+0000] {scrape.py:110} INFO - Scraping 20/24: https://www.triphobo.com/tours/central-park-5k-fun-run
[2025-04-12T05:45:09.587+0000] {scrape.py:110} INFO - Scraping 21/24: https://www.triphobo.com/tours/small-group-new-york-meatpacking-district-chelsea-market-and-the-highline-walking-tour
[2025-04-12T05:45:14.615+0000] {scrape.py:110} INFO - Scraping 22/24: https://www.triphobo.com/tours/new-york-city-prohibition-speakeasy-drinking-tour-midtown
[2025-04-12T05:45:19.425+0000] {scrape.py:110} INFO - Scraping 23/24: https://www.triphobo.com/tours/private-harlem-tour-in-new-york
[2025-04-12T05:45:24.863+0000] {scrape.py:110} INFO - Scraping 24/24: https://www.triphobo.com/tours/new-york-food-tour
[2025-04-12T05:45:36.147+0000] {scrape.py:125} INFO - Data saved to /tmp/triphobo_data/triphobo_multi_city_tours.csv
[2025-04-12T05:45:36.147+0000] {scrape.py:136} INFO - Tour scraping completed, data saved to /tmp/triphobo_data/triphobo_multi_city_tours.csv
[2025-04-12T05:45:36.147+0000] {python.py:240} INFO - Done. Returned value was: None
[2025-04-12T05:45:36.152+0000] {taskinstance.py:340} INFO - ::group::Post task execution logs
[2025-04-12T05:45:36.152+0000] {taskinstance.py:352} INFO - Marking task as SUCCESS. dag_id=triphobo_etl_pipeline, task_id=scrape_tours, run_id=manual__2025-04-12T05:27:28.527778+00:00, execution_date=20250412T052728, start_date=20250412T052731, end_date=20250412T054536
[2025-04-12T05:45:36.182+0000] {local_task_job_runner.py:266} INFO - Task exited with return code 0
[2025-04-12T05:45:36.193+0000] {taskinstance.py:3895} INFO - 1 downstream tasks scheduled from follow-on schedule check
[2025-04-12T05:45:36.194+0000] {local_task_job_runner.py:245} INFO - ::endgroup::
