[2025-04-14T19:54:21.579+0000] {local_task_job_runner.py:123} INFO - ::group::Pre task execution logs
[2025-04-14T19:54:21.584+0000] {taskinstance.py:2613} INFO - Dependencies all met for dep_context=non-requeueable deps ti=<TaskInstance: ihg_hotels_dag.scrape_hotels manual__2025-04-14T19:54:19.305539+00:00 [queued]>
[2025-04-14T19:54:21.586+0000] {taskinstance.py:2613} INFO - Dependencies all met for dep_context=requeueable deps ti=<TaskInstance: ihg_hotels_dag.scrape_hotels manual__2025-04-14T19:54:19.305539+00:00 [queued]>
[2025-04-14T19:54:21.586+0000] {taskinstance.py:2866} INFO - Starting attempt 1 of 2
[2025-04-14T19:54:21.590+0000] {taskinstance.py:2889} INFO - Executing <Task(PythonOperator): scrape_hotels> on 2025-04-14 19:54:19.305539+00:00
[2025-04-14T19:54:21.593+0000] {warnings.py:112} WARNING - /home/***/.local/lib/python3.12/site-packages/***/task/task_runner/standard_task_runner.py:70: DeprecationWarning: This process (pid=97) is multi-threaded, use of fork() may lead to deadlocks in the child.
  pid = os.fork()

[2025-04-14T19:54:21.594+0000] {standard_task_runner.py:72} INFO - Started process 98 to run task
[2025-04-14T19:54:21.594+0000] {standard_task_runner.py:104} INFO - Running: ['***', 'tasks', 'run', 'ihg_hotels_dag', 'scrape_hotels', 'manual__2025-04-14T19:54:19.305539+00:00', '--job-id', '241', '--raw', '--subdir', 'DAGS_FOLDER/hotel_scrape_dag.py', '--cfg-path', '/tmp/tmpecp_fj40']
[2025-04-14T19:54:21.595+0000] {standard_task_runner.py:105} INFO - Job 241: Subtask scrape_hotels
[2025-04-14T19:54:21.611+0000] {task_command.py:467} INFO - Running <TaskInstance: ihg_hotels_dag.scrape_hotels manual__2025-04-14T19:54:19.305539+00:00 [running]> on host d90b737c6c7e
[2025-04-14T19:54:21.638+0000] {taskinstance.py:3132} INFO - Exporting env vars: AIRFLOW_CTX_DAG_OWNER='***' AIRFLOW_CTX_DAG_ID='ihg_hotels_dag' AIRFLOW_CTX_TASK_ID='scrape_hotels' AIRFLOW_CTX_EXECUTION_DATE='2025-04-14T19:54:19.305539+00:00' AIRFLOW_CTX_TRY_NUMBER='1' AIRFLOW_CTX_DAG_RUN_ID='manual__2025-04-14T19:54:19.305539+00:00'
[2025-04-14T19:54:21.638+0000] {taskinstance.py:731} INFO - ::endgroup::
[2025-04-14T19:54:21.651+0000] {hotel_scrape_dag.py:78} INFO - Starting hotel scraping process
[2025-04-14T19:54:21.652+0000] {hotel_scrape_dag.py:82} INFO - Attempting to scrape using known hotel URLs
[2025-04-14T19:54:21.652+0000] {hotel_scrape_dag.py:152} INFO - Scraping known hotels for New York
[2025-04-14T19:54:21.652+0000] {hotel_scrape_dag.py:163} INFO - Scraping Holiday Inn Manhattan-Financial District at https://www.ihg.com/holidayinn/hotels/us/en/nycmk/hoteldetail
[2025-04-14T19:54:23.022+0000] {hotel_scrape_dag.py:166} INFO - Request returned status: 403
[2025-04-14T19:54:24.171+0000] {hotel_scrape_dag.py:163} INFO - Scraping Holiday Inn New York City - Times Square at https://www.ihg.com/holidayinn/hotels/us/en/nycre/hoteldetail
[2025-04-14T19:54:24.399+0000] {hotel_scrape_dag.py:166} INFO - Request returned status: 403
[2025-04-14T19:54:25.941+0000] {hotel_scrape_dag.py:163} INFO - Scraping InterContinental New York Times Square at https://www.ihg.com/intercontinental/hotels/us/en/nycic/hoteldetail
[2025-04-14T19:54:26.297+0000] {hotel_scrape_dag.py:166} INFO - Request returned status: 403
[2025-04-14T19:54:27.449+0000] {hotel_scrape_dag.py:163} INFO - Scraping Kimpton Hotel Eventi at https://www.ihg.com/kimpton/hotels/us/en/nycxn/hoteldetail
[2025-04-14T19:54:27.761+0000] {hotel_scrape_dag.py:166} INFO - Request returned status: 403
[2025-04-14T19:54:29.621+0000] {hotel_scrape_dag.py:237} INFO - Added 0 hotels for New York
[2025-04-14T19:54:29.623+0000] {hotel_scrape_dag.py:152} INFO - Scraping known hotels for San Francisco
[2025-04-14T19:54:29.623+0000] {hotel_scrape_dag.py:163} INFO - Scraping Holiday Inn San Francisco-Golden Gateway at https://www.ihg.com/holidayinn/hotels/us/en/sfogg/hoteldetail
[2025-04-14T19:54:29.940+0000] {hotel_scrape_dag.py:166} INFO - Request returned status: 403
[2025-04-14T19:54:31.068+0000] {hotel_scrape_dag.py:163} INFO - Scraping Holiday Inn Express San Francisco Union Square at https://www.ihg.com/holidayinn/hotels/us/en/sfofn/hoteldetail
[2025-04-14T19:54:31.327+0000] {hotel_scrape_dag.py:166} INFO - Request returned status: 403
[2025-04-14T19:54:32.630+0000] {hotel_scrape_dag.py:163} INFO - Scraping InterContinental San Francisco at https://www.ihg.com/intercontinental/hotels/us/en/sfofs/hoteldetail
[2025-04-14T19:54:32.882+0000] {hotel_scrape_dag.py:166} INFO - Request returned status: 403
[2025-04-14T19:54:34.211+0000] {hotel_scrape_dag.py:237} INFO - Added 0 hotels for San Francisco
[2025-04-14T19:54:34.212+0000] {hotel_scrape_dag.py:152} INFO - Scraping known hotels for Chicago
[2025-04-14T19:54:34.213+0000] {hotel_scrape_dag.py:163} INFO - Scraping Holiday Inn Chicago Downtown at https://www.ihg.com/holidayinn/hotels/us/en/chidw/hoteldetail
[2025-04-14T19:54:34.491+0000] {hotel_scrape_dag.py:166} INFO - Request returned status: 403
[2025-04-14T19:54:35.819+0000] {hotel_scrape_dag.py:163} INFO - Scraping Holiday Inn Chicago-Mart Plaza River North at https://www.ihg.com/holidayinn/hotels/us/en/chird/hoteldetail
[2025-04-14T19:54:36.090+0000] {hotel_scrape_dag.py:166} INFO - Request returned status: 403
[2025-04-14T19:54:38.061+0000] {hotel_scrape_dag.py:163} INFO - Scraping InterContinental Chicago Magnificent Mile at https://www.ihg.com/intercontinental/hotels/us/en/chimg/hoteldetail
[2025-04-14T19:54:38.319+0000] {hotel_scrape_dag.py:166} INFO - Request returned status: 403
[2025-04-14T19:54:39.863+0000] {hotel_scrape_dag.py:237} INFO - Added 0 hotels for Chicago
[2025-04-14T19:54:39.863+0000] {hotel_scrape_dag.py:152} INFO - Scraping known hotels for Seattle
[2025-04-14T19:54:39.864+0000] {hotel_scrape_dag.py:163} INFO - Scraping Holiday Inn Seattle Downtown at https://www.ihg.com/holidayinn/hotels/us/en/seasc/hoteldetail
[2025-04-14T19:54:40.123+0000] {hotel_scrape_dag.py:166} INFO - Request returned status: 403
[2025-04-14T19:54:41.147+0000] {hotel_scrape_dag.py:163} INFO - Scraping Crowne Plaza Seattle-Downtown at https://www.ihg.com/crowneplaza/hotels/us/en/seatc/hoteldetail
[2025-04-14T19:54:41.439+0000] {hotel_scrape_dag.py:166} INFO - Request returned status: 403
[2025-04-14T19:54:43.143+0000] {hotel_scrape_dag.py:237} INFO - Added 0 hotels for Seattle
[2025-04-14T19:54:43.144+0000] {hotel_scrape_dag.py:152} INFO - Scraping known hotels for Las Vegas
[2025-04-14T19:54:43.144+0000] {hotel_scrape_dag.py:163} INFO - Scraping Holiday Inn Club Vacations At Desert Club Resort at https://www.ihg.com/holidayinnclub/hotels/us/en/lasvs/hoteldetail
[2025-04-14T19:54:43.470+0000] {hotel_scrape_dag.py:166} INFO - Request returned status: 403
[2025-04-14T19:54:44.952+0000] {hotel_scrape_dag.py:163} INFO - Scraping Holiday Inn Express Las Vegas South at https://www.ihg.com/holidayinn/hotels/us/en/lashn/hoteldetail
[2025-04-14T19:54:45.219+0000] {hotel_scrape_dag.py:166} INFO - Request returned status: 403
[2025-04-14T19:54:46.228+0000] {hotel_scrape_dag.py:237} INFO - Added 0 hotels for Las Vegas
[2025-04-14T19:54:46.229+0000] {hotel_scrape_dag.py:152} INFO - Scraping known hotels for Los Angeles
[2025-04-14T19:54:46.230+0000] {hotel_scrape_dag.py:163} INFO - Scraping Holiday Inn Los Angeles - LAX Airport at https://www.ihg.com/holidayinn/hotels/us/en/laxap/hoteldetail
[2025-04-14T19:54:46.530+0000] {hotel_scrape_dag.py:166} INFO - Request returned status: 403
[2025-04-14T19:54:47.837+0000] {hotel_scrape_dag.py:163} INFO - Scraping Holiday Inn Los Angeles - Hollywood Walk of Fame at https://www.ihg.com/holidayinn/hotels/us/en/laxbr/hoteldetail
[2025-04-14T19:54:48.148+0000] {hotel_scrape_dag.py:166} INFO - Request returned status: 403
[2025-04-14T19:54:49.306+0000] {hotel_scrape_dag.py:163} INFO - Scraping InterContinental Los Angeles Downtown at https://www.ihg.com/intercontinental/hotels/us/en/laxdt/hoteldetail
[2025-04-14T19:54:49.536+0000] {hotel_scrape_dag.py:166} INFO - Request returned status: 403
[2025-04-14T19:54:50.688+0000] {hotel_scrape_dag.py:237} INFO - Added 0 hotels for Los Angeles
[2025-04-14T19:54:50.690+0000] {hotel_scrape_dag.py:92} INFO - Attempting to scrape with API
[2025-04-14T19:54:50.690+0000] {hotel_scrape_dag.py:253} INFO - Scraping New York with API
[2025-04-14T19:54:50.691+0000] {hotel_scrape_dag.py:268} INFO - Trying API endpoint: https://www.ihg.com/api/hotels/nearby?location=New%20York%2C%20NY&radius=20
[2025-04-14T19:54:52.010+0000] {hotel_scrape_dag.py:271} INFO - API response status: 403
[2025-04-14T19:54:52.011+0000] {hotel_scrape_dag.py:268} INFO - Trying API endpoint: https://www.ihg.com/api/hoteldetails/new-york-ny
[2025-04-14T19:54:52.242+0000] {hotel_scrape_dag.py:271} INFO - API response status: 403
[2025-04-14T19:54:52.242+0000] {hotel_scrape_dag.py:268} INFO - Trying API endpoint: https://www.ihg.com/hotels/us/en/find-hotels/api/v1/search/geo?q=New%20York%2C%20NY
[2025-04-14T19:54:52.513+0000] {hotel_scrape_dag.py:271} INFO - API response status: 403
[2025-04-14T19:54:52.520+0000] {hotel_scrape_dag.py:328} INFO - Added 0 hotels for New York using API
[2025-04-14T19:54:54.364+0000] {hotel_scrape_dag.py:253} INFO - Scraping San Francisco with API
[2025-04-14T19:54:54.366+0000] {hotel_scrape_dag.py:268} INFO - Trying API endpoint: https://www.ihg.com/api/hotels/nearby?location=San%20Francisco%2C%20CA&radius=20
[2025-04-14T19:54:54.626+0000] {hotel_scrape_dag.py:271} INFO - API response status: 403
[2025-04-14T19:54:54.626+0000] {hotel_scrape_dag.py:268} INFO - Trying API endpoint: https://www.ihg.com/api/hoteldetails/san-francisco-ca
[2025-04-14T19:54:54.932+0000] {hotel_scrape_dag.py:271} INFO - API response status: 403
[2025-04-14T19:54:54.933+0000] {hotel_scrape_dag.py:268} INFO - Trying API endpoint: https://www.ihg.com/hotels/us/en/find-hotels/api/v1/search/geo?q=San%20Francisco%2C%20CA
[2025-04-14T19:54:55.300+0000] {hotel_scrape_dag.py:271} INFO - API response status: 403
[2025-04-14T19:54:55.301+0000] {hotel_scrape_dag.py:328} INFO - Added 0 hotels for San Francisco using API
[2025-04-14T19:54:57.199+0000] {hotel_scrape_dag.py:253} INFO - Scraping Chicago with API
[2025-04-14T19:54:57.201+0000] {hotel_scrape_dag.py:268} INFO - Trying API endpoint: https://www.ihg.com/api/hotels/nearby?location=Chicago%2C%20IL&radius=20
[2025-04-14T19:54:57.418+0000] {hotel_scrape_dag.py:271} INFO - API response status: 403
[2025-04-14T19:54:57.418+0000] {hotel_scrape_dag.py:268} INFO - Trying API endpoint: https://www.ihg.com/api/hoteldetails/chicago-il
[2025-04-14T19:54:57.639+0000] {hotel_scrape_dag.py:271} INFO - API response status: 403
[2025-04-14T19:54:57.640+0000] {hotel_scrape_dag.py:268} INFO - Trying API endpoint: https://www.ihg.com/hotels/us/en/find-hotels/api/v1/search/geo?q=Chicago%2C%20IL
[2025-04-14T19:54:57.882+0000] {hotel_scrape_dag.py:271} INFO - API response status: 403
[2025-04-14T19:54:57.883+0000] {hotel_scrape_dag.py:328} INFO - Added 0 hotels for Chicago using API
[2025-04-14T19:55:00.574+0000] {hotel_scrape_dag.py:253} INFO - Scraping Seattle with API
[2025-04-14T19:55:00.576+0000] {hotel_scrape_dag.py:268} INFO - Trying API endpoint: https://www.ihg.com/api/hotels/nearby?location=Seattle%2C%20WA&radius=20
[2025-04-14T19:55:00.866+0000] {hotel_scrape_dag.py:271} INFO - API response status: 403
[2025-04-14T19:55:00.866+0000] {hotel_scrape_dag.py:268} INFO - Trying API endpoint: https://www.ihg.com/api/hoteldetails/seattle-wa
[2025-04-14T19:55:01.282+0000] {hotel_scrape_dag.py:271} INFO - API response status: 403
[2025-04-14T19:55:01.283+0000] {hotel_scrape_dag.py:268} INFO - Trying API endpoint: https://www.ihg.com/hotels/us/en/find-hotels/api/v1/search/geo?q=Seattle%2C%20WA
[2025-04-14T19:55:01.614+0000] {hotel_scrape_dag.py:271} INFO - API response status: 403
[2025-04-14T19:55:01.615+0000] {hotel_scrape_dag.py:328} INFO - Added 0 hotels for Seattle using API
[2025-04-14T19:55:03.335+0000] {hotel_scrape_dag.py:253} INFO - Scraping Las Vegas with API
[2025-04-14T19:55:03.338+0000] {hotel_scrape_dag.py:268} INFO - Trying API endpoint: https://www.ihg.com/api/hotels/nearby?location=Las%20Vegas%2C%20NV&radius=20
[2025-04-14T19:55:03.575+0000] {hotel_scrape_dag.py:271} INFO - API response status: 403
[2025-04-14T19:55:03.576+0000] {hotel_scrape_dag.py:268} INFO - Trying API endpoint: https://www.ihg.com/api/hoteldetails/las-vegas-nv
[2025-04-14T19:55:03.806+0000] {hotel_scrape_dag.py:271} INFO - API response status: 403
[2025-04-14T19:55:03.806+0000] {hotel_scrape_dag.py:268} INFO - Trying API endpoint: https://www.ihg.com/hotels/us/en/find-hotels/api/v1/search/geo?q=Las%20Vegas%2C%20NV
[2025-04-14T19:55:04.099+0000] {hotel_scrape_dag.py:271} INFO - API response status: 403
[2025-04-14T19:55:04.099+0000] {hotel_scrape_dag.py:328} INFO - Added 0 hotels for Las Vegas using API
[2025-04-14T19:55:06.041+0000] {hotel_scrape_dag.py:253} INFO - Scraping Los Angeles with API
[2025-04-14T19:55:06.042+0000] {hotel_scrape_dag.py:268} INFO - Trying API endpoint: https://www.ihg.com/api/hotels/nearby?location=Los%20Angeles%2C%20CA&radius=20
[2025-04-14T19:55:06.248+0000] {hotel_scrape_dag.py:271} INFO - API response status: 403
[2025-04-14T19:55:06.249+0000] {hotel_scrape_dag.py:268} INFO - Trying API endpoint: https://www.ihg.com/api/hoteldetails/los-angeles-ca
[2025-04-14T19:55:06.525+0000] {hotel_scrape_dag.py:271} INFO - API response status: 403
[2025-04-14T19:55:06.526+0000] {hotel_scrape_dag.py:268} INFO - Trying API endpoint: https://www.ihg.com/hotels/us/en/find-hotels/api/v1/search/geo?q=Los%20Angeles%2C%20CA
[2025-04-14T19:55:06.775+0000] {hotel_scrape_dag.py:271} INFO - API response status: 403
[2025-04-14T19:55:06.776+0000] {hotel_scrape_dag.py:328} INFO - Added 0 hotels for Los Angeles using API
[2025-04-14T19:55:09.537+0000] {hotel_scrape_dag.py:101} INFO - API scraping added 0 hotels
[2025-04-14T19:55:09.538+0000] {hotel_scrape_dag.py:106} INFO - Not enough hotels found (0), generating additional hotels
[2025-04-14T19:55:09.539+0000] {hotel_scrape_dag.py:338} INFO - Generating 220 hotels using patterns
[2025-04-14T19:55:09.539+0000] {hotel_scrape_dag.py:412} INFO - Generating 40 hotels for New York
[2025-04-14T19:55:09.540+0000] {hotel_scrape_dag.py:412} INFO - Generating 36 hotels for San Francisco
[2025-04-14T19:55:09.541+0000] {hotel_scrape_dag.py:412} INFO - Generating 36 hotels for Chicago
[2025-04-14T19:55:09.541+0000] {hotel_scrape_dag.py:412} INFO - Generating 36 hotels for Seattle
[2025-04-14T19:55:09.542+0000] {hotel_scrape_dag.py:412} INFO - Generating 36 hotels for Las Vegas
[2025-04-14T19:55:09.543+0000] {hotel_scrape_dag.py:412} INFO - Generating 36 hotels for Los Angeles
[2025-04-14T19:55:09.543+0000] {hotel_scrape_dag.py:467} INFO - Successfully generated 220 hotels
[2025-04-14T19:55:09.543+0000] {hotel_scrape_dag.py:127} INFO - Added 220 generated hotels
[2025-04-14T19:55:09.544+0000] {hotel_scrape_dag.py:129} INFO - Total hotels found: 220
[2025-04-14T19:55:09.563+0000] {hotel_scrape_dag.py:132} INFO - Scraped 220 hotels across all cities. Data saved to multi_city_ihg_hotels.csv
[2025-04-14T19:55:09.564+0000] {python.py:240} INFO - Done. Returned value was: 220
[2025-04-14T19:55:09.584+0000] {taskinstance.py:340} INFO - ::group::Post task execution logs
[2025-04-14T19:55:09.585+0000] {taskinstance.py:352} INFO - Marking task as SUCCESS. dag_id=ihg_hotels_dag, task_id=scrape_hotels, run_id=manual__2025-04-14T19:54:19.305539+00:00, execution_date=20250414T195419, start_date=20250414T195421, end_date=20250414T195509
[2025-04-14T19:55:09.598+0000] {local_task_job_runner.py:266} INFO - Task exited with return code 0
[2025-04-14T19:55:09.612+0000] {taskinstance.py:3895} INFO - 1 downstream tasks scheduled from follow-on schedule check
[2025-04-14T19:55:09.613+0000] {local_task_job_runner.py:245} INFO - ::endgroup::
