[2025-04-13T22:43:32.939+0000] {local_task_job_runner.py:123} INFO - ::group::Pre task execution logs
[2025-04-13T22:43:32.944+0000] {taskinstance.py:2613} INFO - Dependencies all met for dep_context=non-requeueable deps ti=<TaskInstance: ihg_hotels_dag.scrape_hotels manual__2025-04-13T22:43:31.815659+00:00 [queued]>
[2025-04-13T22:43:32.946+0000] {taskinstance.py:2613} INFO - Dependencies all met for dep_context=requeueable deps ti=<TaskInstance: ihg_hotels_dag.scrape_hotels manual__2025-04-13T22:43:31.815659+00:00 [queued]>
[2025-04-13T22:43:32.946+0000] {taskinstance.py:2866} INFO - Starting attempt 1 of 2
[2025-04-13T22:43:32.950+0000] {taskinstance.py:2889} INFO - Executing <Task(PythonOperator): scrape_hotels> on 2025-04-13 22:43:31.815659+00:00
[2025-04-13T22:43:32.953+0000] {warnings.py:112} WARNING - /home/***/.local/lib/python3.12/site-packages/***/task/task_runner/standard_task_runner.py:70: DeprecationWarning: This process (pid=676) is multi-threaded, use of fork() may lead to deadlocks in the child.
  pid = os.fork()

[2025-04-13T22:43:32.953+0000] {standard_task_runner.py:72} INFO - Started process 677 to run task
[2025-04-13T22:43:32.954+0000] {standard_task_runner.py:104} INFO - Running: ['***', 'tasks', 'run', 'ihg_hotels_dag', 'scrape_hotels', 'manual__2025-04-13T22:43:31.815659+00:00', '--job-id', '214', '--raw', '--subdir', 'DAGS_FOLDER/hotel_scrape_dag.py', '--cfg-path', '/tmp/tmpddrclogb']
[2025-04-13T22:43:32.955+0000] {standard_task_runner.py:105} INFO - Job 214: Subtask scrape_hotels
[2025-04-13T22:43:32.970+0000] {task_command.py:467} INFO - Running <TaskInstance: ihg_hotels_dag.scrape_hotels manual__2025-04-13T22:43:31.815659+00:00 [running]> on host 599bf25ffed0
[2025-04-13T22:43:32.995+0000] {taskinstance.py:3132} INFO - Exporting env vars: AIRFLOW_CTX_DAG_OWNER='***' AIRFLOW_CTX_DAG_ID='ihg_hotels_dag' AIRFLOW_CTX_TASK_ID='scrape_hotels' AIRFLOW_CTX_EXECUTION_DATE='2025-04-13T22:43:31.815659+00:00' AIRFLOW_CTX_TRY_NUMBER='1' AIRFLOW_CTX_DAG_RUN_ID='manual__2025-04-13T22:43:31.815659+00:00'
[2025-04-13T22:43:32.996+0000] {taskinstance.py:731} INFO - ::endgroup::
[2025-04-13T22:43:33.001+0000] {hotel_scrape_dag.py:67} INFO - Processing New York
[2025-04-13T22:43:33.166+0000] {hotel_scrape_dag.py:83} INFO - Initial request status: 403
[2025-04-13T22:43:33.263+0000] {hotel_scrape_dag.py:95} INFO - Holiday Inn page size: 444
[2025-04-13T22:43:33.267+0000] {hotel_scrape_dag.py:264} INFO - No hotel cards found for New York, trying generic extraction
[2025-04-13T22:43:33.398+0000] {hotel_scrape_dag.py:114} INFO - All brands page size: 429
[2025-04-13T22:43:33.400+0000] {hotel_scrape_dag.py:264} INFO - No hotel cards found for New York, trying generic extraction
[2025-04-13T22:43:33.599+0000] {hotel_scrape_dag.py:171} INFO - Directory page size: 451
[2025-04-13T22:43:33.608+0000] {hotel_scrape_dag.py:264} INFO - No hotel cards found for New York, trying generic extraction
[2025-04-13T22:43:33.608+0000] {hotel_scrape_dag.py:192} WARNING - No hotels found through any method for New York, using fallback data
[2025-04-13T22:43:33.609+0000] {hotel_scrape_dag.py:195} INFO - Added 2 fallback hotels for New York
[2025-04-13T22:43:33.609+0000] {hotel_scrape_dag.py:199} INFO - Waiting 3 seconds before next city
[2025-04-13T22:43:36.611+0000] {hotel_scrape_dag.py:67} INFO - Processing San Francisco
[2025-04-13T22:43:36.729+0000] {hotel_scrape_dag.py:83} INFO - Initial request status: 403
[2025-04-13T22:43:36.849+0000] {hotel_scrape_dag.py:95} INFO - Holiday Inn page size: 444
[2025-04-13T22:43:36.852+0000] {hotel_scrape_dag.py:264} INFO - No hotel cards found for San Francisco, trying generic extraction
[2025-04-13T22:43:36.954+0000] {hotel_scrape_dag.py:114} INFO - All brands page size: 429
[2025-04-13T22:43:36.955+0000] {hotel_scrape_dag.py:264} INFO - No hotel cards found for San Francisco, trying generic extraction
[2025-04-13T22:43:37.156+0000] {hotel_scrape_dag.py:171} INFO - Directory page size: 456
[2025-04-13T22:43:37.158+0000] {hotel_scrape_dag.py:264} INFO - No hotel cards found for San Francisco, trying generic extraction
[2025-04-13T22:43:37.159+0000] {hotel_scrape_dag.py:192} WARNING - No hotels found through any method for San Francisco, using fallback data
[2025-04-13T22:43:37.160+0000] {hotel_scrape_dag.py:195} INFO - Added 1 fallback hotels for San Francisco
[2025-04-13T22:43:37.160+0000] {hotel_scrape_dag.py:199} INFO - Waiting 7 seconds before next city
[2025-04-13T22:43:44.162+0000] {hotel_scrape_dag.py:67} INFO - Processing Chicago
[2025-04-13T22:43:44.396+0000] {hotel_scrape_dag.py:83} INFO - Initial request status: 403
[2025-04-13T22:43:44.949+0000] {hotel_scrape_dag.py:95} INFO - Holiday Inn page size: 442
[2025-04-13T22:43:44.951+0000] {hotel_scrape_dag.py:264} INFO - No hotel cards found for Chicago, trying generic extraction
[2025-04-13T22:43:45.066+0000] {hotel_scrape_dag.py:114} INFO - All brands page size: 429
[2025-04-13T22:43:45.068+0000] {hotel_scrape_dag.py:264} INFO - No hotel cards found for Chicago, trying generic extraction
[2025-04-13T22:43:45.283+0000] {hotel_scrape_dag.py:171} INFO - Directory page size: 444
[2025-04-13T22:43:45.284+0000] {hotel_scrape_dag.py:264} INFO - No hotel cards found for Chicago, trying generic extraction
[2025-04-13T22:43:45.284+0000] {hotel_scrape_dag.py:192} WARNING - No hotels found through any method for Chicago, using fallback data
[2025-04-13T22:43:45.284+0000] {hotel_scrape_dag.py:195} INFO - Added 1 fallback hotels for Chicago
[2025-04-13T22:43:45.285+0000] {hotel_scrape_dag.py:199} INFO - Waiting 8 seconds before next city
[2025-04-13T22:43:53.286+0000] {hotel_scrape_dag.py:67} INFO - Processing Seattle
[2025-04-13T22:43:53.401+0000] {hotel_scrape_dag.py:83} INFO - Initial request status: 403
[2025-04-13T22:43:53.572+0000] {hotel_scrape_dag.py:95} INFO - Holiday Inn page size: 444
[2025-04-13T22:43:53.574+0000] {hotel_scrape_dag.py:264} INFO - No hotel cards found for Seattle, trying generic extraction
[2025-04-13T22:43:53.688+0000] {hotel_scrape_dag.py:114} INFO - All brands page size: 429
[2025-04-13T22:43:53.689+0000] {hotel_scrape_dag.py:264} INFO - No hotel cards found for Seattle, trying generic extraction
[2025-04-13T22:43:53.888+0000] {hotel_scrape_dag.py:171} INFO - Directory page size: 444
[2025-04-13T22:43:53.891+0000] {hotel_scrape_dag.py:264} INFO - No hotel cards found for Seattle, trying generic extraction
[2025-04-13T22:43:53.891+0000] {hotel_scrape_dag.py:192} WARNING - No hotels found through any method for Seattle, using fallback data
[2025-04-13T22:43:53.893+0000] {hotel_scrape_dag.py:195} INFO - Added 1 fallback hotels for Seattle
[2025-04-13T22:43:53.894+0000] {hotel_scrape_dag.py:199} INFO - Waiting 5 seconds before next city
[2025-04-13T22:43:58.898+0000] {hotel_scrape_dag.py:67} INFO - Processing Las Vegas
[2025-04-13T22:43:59.057+0000] {hotel_scrape_dag.py:83} INFO - Initial request status: 403
[2025-04-13T22:43:59.211+0000] {hotel_scrape_dag.py:95} INFO - Holiday Inn page size: 444
[2025-04-13T22:43:59.214+0000] {hotel_scrape_dag.py:264} INFO - No hotel cards found for Las Vegas, trying generic extraction
[2025-04-13T22:43:59.369+0000] {hotel_scrape_dag.py:114} INFO - All brands page size: 429
[2025-04-13T22:43:59.372+0000] {hotel_scrape_dag.py:264} INFO - No hotel cards found for Las Vegas, trying generic extraction
[2025-04-13T22:43:59.653+0000] {hotel_scrape_dag.py:171} INFO - Directory page size: 452
[2025-04-13T22:43:59.657+0000] {hotel_scrape_dag.py:264} INFO - No hotel cards found for Las Vegas, trying generic extraction
[2025-04-13T22:43:59.658+0000] {hotel_scrape_dag.py:192} WARNING - No hotels found through any method for Las Vegas, using fallback data
[2025-04-13T22:43:59.658+0000] {hotel_scrape_dag.py:195} INFO - Added 1 fallback hotels for Las Vegas
[2025-04-13T22:43:59.659+0000] {hotel_scrape_dag.py:199} INFO - Waiting 3 seconds before next city
[2025-04-13T22:44:02.661+0000] {hotel_scrape_dag.py:67} INFO - Processing Los Angeles
[2025-04-13T22:44:02.762+0000] {hotel_scrape_dag.py:83} INFO - Initial request status: 403
[2025-04-13T22:44:02.851+0000] {hotel_scrape_dag.py:95} INFO - Holiday Inn page size: 444
[2025-04-13T22:44:02.853+0000] {hotel_scrape_dag.py:264} INFO - No hotel cards found for Los Angeles, trying generic extraction
[2025-04-13T22:44:02.939+0000] {hotel_scrape_dag.py:114} INFO - All brands page size: 429
[2025-04-13T22:44:02.941+0000] {hotel_scrape_dag.py:264} INFO - No hotel cards found for Los Angeles, trying generic extraction
[2025-04-13T22:44:03.139+0000] {hotel_scrape_dag.py:171} INFO - Directory page size: 454
[2025-04-13T22:44:03.141+0000] {hotel_scrape_dag.py:264} INFO - No hotel cards found for Los Angeles, trying generic extraction
[2025-04-13T22:44:03.142+0000] {hotel_scrape_dag.py:192} WARNING - No hotels found through any method for Los Angeles, using fallback data
[2025-04-13T22:44:03.142+0000] {hotel_scrape_dag.py:195} INFO - Added 1 fallback hotels for Los Angeles
[2025-04-13T22:44:03.143+0000] {hotel_scrape_dag.py:199} INFO - Waiting 3 seconds before next city
[2025-04-13T22:44:06.144+0000] {hotel_scrape_dag.py:207} INFO - Total hotels found: 7
[2025-04-13T22:44:06.152+0000] {hotel_scrape_dag.py:210} INFO - ✅ Data saved to multi_city_ihg_hotels.csv
[2025-04-13T22:44:06.153+0000] {python.py:240} INFO - Done. Returned value was: 7
[2025-04-13T22:44:06.167+0000] {taskinstance.py:340} INFO - ::group::Post task execution logs
[2025-04-13T22:44:06.167+0000] {taskinstance.py:352} INFO - Marking task as SUCCESS. dag_id=ihg_hotels_dag, task_id=scrape_hotels, run_id=manual__2025-04-13T22:43:31.815659+00:00, execution_date=20250413T224331, start_date=20250413T224332, end_date=20250413T224406
[2025-04-13T22:44:06.185+0000] {local_task_job_runner.py:266} INFO - Task exited with return code 0
[2025-04-13T22:44:06.196+0000] {taskinstance.py:3895} INFO - 1 downstream tasks scheduled from follow-on schedule check
[2025-04-13T22:44:06.196+0000] {local_task_job_runner.py:245} INFO - ::endgroup::
