[2025-04-17T22:30:25.573+0000] {local_task_job_runner.py:123} INFO - ::group::Pre task execution logs
[2025-04-17T22:30:25.579+0000] {taskinstance.py:2613} INFO - Dependencies all met for dep_context=non-requeueable deps ti=<TaskInstance: triphobo_attractions_pipeline.geocode_attractions manual__2025-04-17T22:06:28.860126+00:00 [queued]>
[2025-04-17T22:30:25.581+0000] {taskinstance.py:2613} INFO - Dependencies all met for dep_context=requeueable deps ti=<TaskInstance: triphobo_attractions_pipeline.geocode_attractions manual__2025-04-17T22:06:28.860126+00:00 [queued]>
[2025-04-17T22:30:25.582+0000] {taskinstance.py:2866} INFO - Starting attempt 1 of 1
[2025-04-17T22:30:25.586+0000] {taskinstance.py:2889} INFO - Executing <Task(PythonOperator): geocode_attractions> on 2025-04-17 22:06:28.860126+00:00
[2025-04-17T22:30:25.589+0000] {warnings.py:112} WARNING - /home/***/.local/lib/python3.12/site-packages/***/task/task_runner/standard_task_runner.py:70: DeprecationWarning: This process (pid=2216) is multi-threaded, use of fork() may lead to deadlocks in the child.
  pid = os.fork()

[2025-04-17T22:30:25.590+0000] {standard_task_runner.py:72} INFO - Started process 2217 to run task
[2025-04-17T22:30:25.590+0000] {standard_task_runner.py:104} INFO - Running: ['***', 'tasks', 'run', 'triphobo_attractions_pipeline', 'geocode_attractions', 'manual__2025-04-17T22:06:28.860126+00:00', '--job-id', '426', '--raw', '--subdir', 'DAGS_FOLDER/attractions_dag.py', '--cfg-path', '/tmp/tmpt8zzftqz']
[2025-04-17T22:30:25.591+0000] {standard_task_runner.py:105} INFO - Job 426: Subtask geocode_attractions
[2025-04-17T22:30:25.607+0000] {task_command.py:467} INFO - Running <TaskInstance: triphobo_attractions_pipeline.geocode_attractions manual__2025-04-17T22:06:28.860126+00:00 [running]> on host 4d0efc92e922
[2025-04-17T22:30:25.637+0000] {taskinstance.py:3132} INFO - Exporting env vars: AIRFLOW_CTX_DAG_OWNER='***' AIRFLOW_CTX_DAG_ID='triphobo_attractions_pipeline' AIRFLOW_CTX_TASK_ID='geocode_attractions' AIRFLOW_CTX_EXECUTION_DATE='2025-04-17T22:06:28.860126+00:00' AIRFLOW_CTX_TRY_NUMBER='1' AIRFLOW_CTX_DAG_RUN_ID='manual__2025-04-17T22:06:28.860126+00:00'
[2025-04-17T22:30:25.637+0000] {taskinstance.py:731} INFO - ::endgroup::
[2025-04-17T22:30:25.642+0000] {attractions_geocoding.py:153} INFO - Processing file from /tmp/triphobo_data/cleaned_attractions.csv to /tmp/triphobo_data/attractions_with_coords.csv
[2025-04-17T22:30:25.659+0000] {attractions_geocoding.py:81} INFO - Total attractions to process: 855
[2025-04-17T22:30:25.679+0000] {attractions_geocoding.py:86} INFO - Resuming from existing output file with 855 rows
[2025-04-17T22:30:25.679+0000] {attractions_geocoding.py:139} INFO - Successfully processed all 855 attractions
[2025-04-17T22:30:25.679+0000] {attractions_geocoding.py:140} INFO - Output saved to: /tmp/triphobo_data/attractions_with_coords.csv
[2025-04-17T22:30:25.680+0000] {python.py:240} INFO - Done. Returned value was: None
[2025-04-17T22:30:25.684+0000] {taskinstance.py:340} INFO - ::group::Post task execution logs
[2025-04-17T22:30:25.684+0000] {taskinstance.py:352} INFO - Marking task as SUCCESS. dag_id=triphobo_attractions_pipeline, task_id=geocode_attractions, run_id=manual__2025-04-17T22:06:28.860126+00:00, execution_date=20250417T220628, start_date=20250417T223025, end_date=20250417T223025
[2025-04-17T22:30:25.730+0000] {local_task_job_runner.py:266} INFO - Task exited with return code 0
[2025-04-17T22:30:25.750+0000] {taskinstance.py:3895} INFO - 1 downstream tasks scheduled from follow-on schedule check
[2025-04-17T22:30:25.751+0000] {local_task_job_runner.py:245} INFO - ::endgroup::
