[2025-04-12T05:00:17.400+0000] {local_task_job_runner.py:123} INFO - ::group::Pre task execution logs
[2025-04-12T05:00:17.409+0000] {taskinstance.py:2613} INFO - Dependencies all met for dep_context=non-requeueable deps ti=<TaskInstance: triphobo_etl_pipeline.scrape_tours manual__2025-04-12T05:00:15.126362+00:00 [queued]>
[2025-04-12T05:00:17.414+0000] {taskinstance.py:2613} INFO - Dependencies all met for dep_context=requeueable deps ti=<TaskInstance: triphobo_etl_pipeline.scrape_tours manual__2025-04-12T05:00:15.126362+00:00 [queued]>
[2025-04-12T05:00:17.414+0000] {taskinstance.py:2866} INFO - Starting attempt 1 of 1
[2025-04-12T05:00:17.420+0000] {taskinstance.py:2889} INFO - Executing <Task(PythonOperator): scrape_tours> on 2025-04-12 05:00:15.126362+00:00
[2025-04-12T05:00:17.423+0000] {warnings.py:112} WARNING - /home/***/.local/lib/python3.12/site-packages/***/task/task_runner/standard_task_runner.py:70: DeprecationWarning: This process (pid=300) is multi-threaded, use of fork() may lead to deadlocks in the child.
  pid = os.fork()

[2025-04-12T05:00:17.425+0000] {standard_task_runner.py:72} INFO - Started process 303 to run task
[2025-04-12T05:00:17.425+0000] {standard_task_runner.py:104} INFO - Running: ['***', 'tasks', 'run', 'triphobo_etl_pipeline', 'scrape_tours', 'manual__2025-04-12T05:00:15.126362+00:00', '--job-id', '115', '--raw', '--subdir', 'DAGS_FOLDER/trip_dag.py', '--cfg-path', '/tmp/tmplb0s5rdb']
[2025-04-12T05:00:17.427+0000] {standard_task_runner.py:105} INFO - Job 115: Subtask scrape_tours
[2025-04-12T05:00:17.451+0000] {task_command.py:467} INFO - Running <TaskInstance: triphobo_etl_pipeline.scrape_tours manual__2025-04-12T05:00:15.126362+00:00 [running]> on host 1dd90d5609a8
[2025-04-12T05:00:17.487+0000] {taskinstance.py:3132} INFO - Exporting env vars: AIRFLOW_CTX_DAG_OWNER='***' AIRFLOW_CTX_DAG_ID='triphobo_etl_pipeline' AIRFLOW_CTX_TASK_ID='scrape_tours' AIRFLOW_CTX_EXECUTION_DATE='2025-04-12T05:00:15.126362+00:00' AIRFLOW_CTX_TRY_NUMBER='1' AIRFLOW_CTX_DAG_RUN_ID='manual__2025-04-12T05:00:15.126362+00:00'
[2025-04-12T05:00:17.488+0000] {taskinstance.py:731} INFO - ::endgroup::
[2025-04-12T05:00:17.841+0000] {scrape.py:98} INFO - Scraping city: New York City United States
[2025-04-12T05:00:17.841+0000] {scrape.py:103} INFO -  Visiting Page 1: https://www.triphobo.com/tours/new-york-city-united-states?page=1
[2025-04-12T05:00:28.169+0000] {scrape.py:105} INFO -  Found 24 tour links on page 1
[2025-04-12T05:00:28.170+0000] {scrape.py:109} INFO - Scraping 1/24: https://www.triphobo.com/tours/big-bus-new-york-hop-on-hop-off-tour
[2025-04-12T05:00:46.704+0000] {scrape.py:109} INFO - Scraping 2/24: https://www.triphobo.com/tours/all-access-9-11-experience-ground-zero-tour-9-11-memorial-and-museum-one-world-observatory
[2025-04-12T05:00:51.665+0000] {scrape.py:109} INFO - Scraping 3/24: https://www.triphobo.com/tours/statue-of-liberty-and-ellis-island-guided-tour
[2025-04-12T05:01:04.160+0000] {scrape.py:109} INFO - Scraping 4/24: https://www.triphobo.com/tours/one-world-observatory-admission
[2025-04-12T05:01:13.073+0000] {scrape.py:109} INFO - Scraping 5/24: https://www.triphobo.com/tours/9-11-memorial-museum-admission
[2025-04-12T05:01:17.852+0000] {scrape.py:109} INFO - Scraping 6/24: https://www.triphobo.com/tours/niagara-falls-in-one-day-from-new-york-city
[2025-04-12T05:01:28.916+0000] {scrape.py:109} INFO - Scraping 7/24: https://www.triphobo.com/tours/9-11-memorial-and-ground-zero-walking-tour-with-optional-9-11-museum-upgrade
[2025-04-12T05:01:37.053+0000] {scrape.py:109} INFO - Scraping 8/24: https://www.triphobo.com/tours/top-of-the-rock-observation-deck-new-york
[2025-04-12T05:01:42.507+0000] {scrape.py:109} INFO - Scraping 9/24: https://www.triphobo.com/tours/guided-tour-of-statue-of-liberty-and-ellis-island
[2025-04-12T05:01:52.738+0000] {scrape.py:109} INFO - Scraping 10/24: https://www.triphobo.com/tours/intrepid-sea-air-and-space-museum
[2025-04-12T05:02:01.451+0000] {scrape.py:109} INFO - Scraping 11/24: https://www.triphobo.com/tours/small-group-early-access-statue-of-liberty-tour-and-ellis-island
[2025-04-12T05:02:06.261+0000] {scrape.py:109} INFO - Scraping 12/24: https://www.triphobo.com/tours/woodbury-common-premium-outlets-shopping-tour
[2025-04-12T05:02:17.294+0000] {scrape.py:109} INFO - Scraping 13/24: https://www.triphobo.com/tours/circle-line-harbor-lights-night-cruise
[2025-04-12T05:02:25.913+0000] {scrape.py:109} INFO - Scraping 14/24: https://www.triphobo.com/tours/madame-tussauds-new-york
[2025-04-12T05:02:30.553+0000] {scrape.py:109} INFO - Scraping 15/24: https://www.triphobo.com/tours/statue-of-liberty-and-ellis-island-tour
[2025-04-12T05:02:35.740+0000] {scrape.py:109} INFO - Scraping 16/24: https://www.triphobo.com/tours/circle-line-complete-manhattan-island-cruise
[2025-04-12T05:02:44.684+0000] {scrape.py:109} INFO - Scraping 17/24: https://www.triphobo.com/tours/harlem-sunday-morning-gospel-tour
[2025-04-12T05:02:49.010+0000] {scrape.py:109} INFO - Scraping 18/24: https://www.triphobo.com/tours/american-museum-of-natural-history
[2025-04-12T05:02:52.762+0000] {scrape.py:109} INFO - Scraping 19/24: https://www.triphobo.com/tours/viator-exclusive-statue-of-liberty-monument-access-and-9-11-memorial
[2025-04-12T05:02:57.587+0000] {scrape.py:109} INFO - Scraping 20/24: https://www.triphobo.com/tours/lower-east-side-food-and-culture-tour
[2025-04-12T05:03:02.535+0000] {scrape.py:109} INFO - Scraping 21/24: https://www.triphobo.com/tours/hamilton-musical-walking-tour
[2025-04-12T05:03:07.824+0000] {scrape.py:109} INFO - Scraping 22/24: https://www.triphobo.com/tours/the-ride-new-york-city
[2025-04-12T05:03:13.368+0000] {scrape.py:109} INFO - Scraping 23/24: https://www.triphobo.com/tours/one-world-observatory-or-911-museum-with-world-trade-center-area-tour
[2025-04-12T05:03:18.539+0000] {scrape.py:109} INFO - Scraping 24/24: https://www.triphobo.com/tours/9-11-memorial-and-ground-zero-walking-tour-with-optional-one-world-observatory-entrance
[2025-04-12T05:03:22.944+0000] {scrape.py:103} INFO -  Visiting Page 2: https://www.triphobo.com/tours/new-york-city-united-states?page=2
[2025-04-12T05:03:27.024+0000] {scrape.py:105} INFO -  Found 24 tour links on page 2
[2025-04-12T05:03:27.025+0000] {scrape.py:109} INFO - Scraping 1/24: https://www.triphobo.com/tours/new-york-in-one-day-guided-sightseeing-tour
[2025-04-12T05:03:32.040+0000] {scrape.py:109} INFO - Scraping 2/24: https://www.triphobo.com/tours/tour-contrastes-harlem-bronx-queens-coney-island-and-brooklyn
[2025-04-12T05:03:36.858+0000] {scrape.py:109} INFO - Scraping 3/24: https://www.triphobo.com/tours/empire-state-building-tickets-observatory-and-optional-skip-the-line-tickets
[2025-04-12T05:03:43.646+0000] {scrape.py:109} INFO - Scraping 4/24: https://www.triphobo.com/tours/bateaux-new-york-dinner-cruise
[2025-04-12T05:03:48.584+0000] {scrape.py:109} INFO - Scraping 5/24: https://www.triphobo.com/tours/manhattan-sky-tour-new-york-helicopter-flight
[2025-04-12T05:03:53.598+0000] {scrape.py:109} INFO - Scraping 6/24: https://www.triphobo.com/tours/gossip-girl-sites-tour
[2025-04-12T05:03:58.015+0000] {scrape.py:109} INFO - Scraping 7/24: https://www.triphobo.com/tours/the-museum-of-modern-art-admission-with-skip-the-line-access
[2025-04-12T05:04:14.674+0000] {scrape.py:109} INFO - Scraping 8/24: https://www.triphobo.com/tours/small-group-guided-9-11-memorial-tour-with-museum-tickets
[2025-04-12T05:04:18.955+0000] {scrape.py:109} INFO - Scraping 9/24: https://www.triphobo.com/tours/high-line-park-and-greenwich-village-food-tour
[2025-04-12T05:04:23.530+0000] {scrape.py:109} INFO - Scraping 10/24: https://www.triphobo.com/tours/big-apple-helicopter-tour-of-new-york
[2025-04-12T05:04:28.339+0000] {scrape.py:109} INFO - Scraping 11/24: https://www.triphobo.com/tours/sunset-sail-aboard-the-schooner-adirondack
[2025-04-12T05:04:35.352+0000] {scrape.py:109} INFO - Scraping 12/24: https://www.triphobo.com/tours/small-group-tour-of-catacombs-by-candelight-in-new-york
[2025-04-12T05:04:39.817+0000] {scrape.py:109} INFO - Scraping 13/24: https://www.triphobo.com/tours/new-york-city-tour-by-classic-convertible-5ac65a105840d467a20000a0
[2025-04-12T05:04:44.501+0000] {scrape.py:109} INFO - Scraping 14/24: https://www.triphobo.com/tours/sex-and-the-city-hotspots-tour
[2025-04-12T05:04:48.983+0000] {scrape.py:109} INFO - Scraping 15/24: https://www.triphobo.com/tours/new-york-dinner-cruise-with-buffet
[2025-04-12T05:04:58.672+0000] {scrape.py:109} INFO - Scraping 16/24: https://www.triphobo.com/tours/new-york-manhattan-scenic-helicopter-tour
[2025-04-12T05:05:05.148+0000] {scrape.py:109} INFO - Scraping 17/24: https://www.triphobo.com/tours/new-york-city-guided-sightseeing-tour-by-minibus
[2025-04-12T05:05:12.278+0000] {scrape.py:109} INFO - Scraping 18/24: https://www.triphobo.com/tours/harlem-wednesday-morning-gospel-tour
[2025-04-12T05:05:23.290+0000] {scrape.py:109} INFO - Scraping 19/24: https://www.triphobo.com/tours/best-of-brooklyn-half-day-food-and-culture-tour
[2025-04-12T05:05:29.001+0000] {scrape.py:109} INFO - Scraping 20/24: https://www.triphobo.com/tours/small-group-central-park-bike-tour
[2025-04-12T05:05:33.590+0000] {scrape.py:109} INFO - Scraping 21/24: https://www.triphobo.com/tours/manhattan-to-brooklyn-nyc-walking-tour-brooklyn-bridge-and-dumbo
[2025-04-12T05:05:40.942+0000] {scrape.py:109} INFO - Scraping 22/24: https://www.triphobo.com/tours/new-york-helicopter-tour-ultimate-manhattan-sightseeing
[2025-04-12T05:05:46.403+0000] {scrape.py:109} INFO - Scraping 23/24: https://www.triphobo.com/tours/chinatown-and-little-italy-food-fest
[2025-04-12T05:05:50.791+0000] {scrape.py:109} INFO - Scraping 24/24: https://www.triphobo.com/tours/christmas-lights-in-dyker-heights-brooklyn
[2025-04-12T05:05:58.316+0000] {scrape.py:103} INFO -  Visiting Page 3: https://www.triphobo.com/tours/new-york-city-united-states?page=3
[2025-04-12T05:06:04.825+0000] {scrape.py:105} INFO -  Found 24 tour links on page 3
[2025-04-12T05:06:04.827+0000] {scrape.py:109} INFO - Scraping 1/24: https://www.triphobo.com/tours/private-custom-new-york-city-tour-by-suv
[2025-04-12T05:06:10.302+0000] {scrape.py:109} INFO - Scraping 2/24: https://www.triphobo.com/tours/new-york-hip-hop-tour
[2025-04-12T05:06:15.966+0000] {scrape.py:109} INFO - Scraping 3/24: https://www.triphobo.com/tours/full-day-nyc-small-group-tour
[2025-04-12T05:06:20.825+0000] {scrape.py:109} INFO - Scraping 4/24: https://www.triphobo.com/tours/metropolitan-museum-of-art-tour-with-skip-the-line-access
[2025-04-12T05:06:25.133+0000] {scrape.py:109} INFO - Scraping 5/24: https://www.triphobo.com/tours/statue-of-liberty-ellis-island-and-9-11-memorial-walking-tour
[2025-04-12T05:06:37.430+0000] {scrape.py:109} INFO - Scraping 6/24: https://www.triphobo.com/tours/big-bus-new-york-night-tour
[2025-04-12T05:06:45.427+0000] {scrape.py:109} INFO - Scraping 7/24: https://www.triphobo.com/tours/manhattan-evening-jazz-cruise
[2025-04-12T05:06:50.790+0000] {scrape.py:109} INFO - Scraping 8/24: https://www.triphobo.com/tours/new-york-city-explorer-pass-5ac65a5b5840d48aa600008b
[2025-04-12T05:07:02.670+0000] {scrape.py:109} INFO - Scraping 9/24: https://www.triphobo.com/tours/new-york-helicopter-flight-grand-island
[2025-04-12T05:07:09.759+0000] {scrape.py:109} INFO - Scraping 10/24: https://www.triphobo.com/tours/private-new-york-walking-tour-with-a-personal-photographer
[2025-04-12T05:07:20.135+0000] {scrape.py:109} INFO - Scraping 11/24: https://www.triphobo.com/tours/new-york-city-airport-private-arrival-transfer
[2025-04-12T05:07:24.785+0000] {scrape.py:109} INFO - Scraping 12/24: https://www.triphobo.com/tours/circle-line-new-york-landmarks-cruise
[2025-04-12T05:07:30.392+0000] {scrape.py:109} INFO - Scraping 13/24: https://www.triphobo.com/tours/private-suv-tour-best-of-nyc
[2025-04-12T05:07:35.927+0000] {scrape.py:109} INFO - Scraping 14/24: https://www.triphobo.com/tours/new-york-city-3-day-hop-on-hop-off-bus-tour-and-attractions-pass
[2025-04-12T05:07:41.353+0000] {scrape.py:109} INFO - Scraping 15/24: https://www.triphobo.com/tours/nyc-at-night-sightseeing-cruise-and-bus-tour
[2025-04-12T05:07:46.486+0000] {scrape.py:109} INFO - Scraping 16/24: https://www.triphobo.com/tours/hell-s-kitchen-food-tour-and-central-park-stroll
[2025-04-12T05:07:53.503+0000] {scrape.py:109} INFO - Scraping 17/24: https://www.triphobo.com/tours/world-trade-center-911-and-ground-zero-walking-tour
[2025-04-12T05:07:58.020+0000] {scrape.py:109} INFO - Scraping 18/24: https://www.triphobo.com/tours/manhattan-architecture-yacht-cruise
[2025-04-12T05:08:04.059+0000] {scrape.py:109} INFO - Scraping 19/24: https://www.triphobo.com/tours/private-statue-of-liberty-and-ellis-island-tour-includes-pedestal-access
[2025-04-12T05:08:09.250+0000] {scrape.py:109} INFO - Scraping 20/24: https://www.triphobo.com/tours/new-york-citypass-5ac65a875840d44aa10000bd
[2025-04-12T05:08:16.833+0000] {scrape.py:109} INFO - Scraping 21/24: https://www.triphobo.com/tours/new-york-city-wall-street-insider-tour
[2025-04-12T05:08:21.216+0000] {scrape.py:109} INFO - Scraping 22/24: https://www.triphobo.com/tours/shared-departure-transfer-hotel-to-new-york-city-airports
[2025-04-12T05:08:25.788+0000] {scrape.py:109} INFO - Scraping 23/24: https://www.triphobo.com/tours/shared-arrival-transfer-new-york-airports-to-hotel
[2025-04-12T05:08:30.199+0000] {scrape.py:109} INFO - Scraping 24/24: https://www.triphobo.com/tours/new-york-city-buffet-lunch-cruise
[2025-04-12T05:08:36.285+0000] {scrape.py:103} INFO -  Visiting Page 4: https://www.triphobo.com/tours/new-york-city-united-states?page=4
[2025-04-12T05:08:40.834+0000] {scrape.py:105} INFO -  Found 24 tour links on page 4
[2025-04-12T05:08:40.834+0000] {scrape.py:109} INFO - Scraping 1/24: https://www.triphobo.com/tours/greenwich-village-walking-tour
[2025-04-12T05:08:45.115+0000] {scrape.py:109} INFO - Scraping 2/24: https://www.triphobo.com/tours/flatiron-food-architecture-and-history-tour
[2025-04-12T05:08:49.760+0000] {scrape.py:109} INFO - Scraping 3/24: https://www.triphobo.com/tours/the-sightseeing-pass-nyc
[2025-04-12T05:08:55.031+0000] {scrape.py:109} INFO - Scraping 4/24: https://www.triphobo.com/tours/new-york-city-luxury-boat-tour
[2025-04-12T05:09:00.977+0000] {scrape.py:109} INFO - Scraping 5/24: https://www.triphobo.com/tours/new-york-city-twilight-sail
[2025-04-12T05:09:09.220+0000] {scrape.py:109} INFO - Scraping 6/24: https://www.triphobo.com/tours/viator-vip-empire-state-building-sunrise-experience
[2025-04-12T05:09:15.822+0000] {scrape.py:109} INFO - Scraping 7/24: https://www.triphobo.com/tours/the-super-tour-of-nyc-heroes-comics-and-more
[2025-04-12T05:09:22.322+0000] {scrape.py:109} INFO - Scraping 8/24: https://www.triphobo.com/tours/statue-of-liberty-express-cruise
[2025-04-12T05:09:26.890+0000] {scrape.py:109} INFO - Scraping 9/24: https://www.triphobo.com/tours/new-york-city-airport-luxury-arrival-transfer
[2025-04-12T05:09:31.284+0000] {scrape.py:109} INFO - Scraping 10/24: https://www.triphobo.com/tours/the-sopranos-sites-tour
[2025-04-12T05:09:36.245+0000] {scrape.py:109} INFO - Scraping 11/24: https://www.triphobo.com/tours/private-economy-departure-transfer-manhattan-hotels-to-new-york-airports
[2025-04-12T05:09:41.158+0000] {scrape.py:109} INFO - Scraping 12/24: https://www.triphobo.com/tours/new-york-helicopter-tour-manhattan-highlights
[2025-04-12T05:15:43.210+0000] {job.py:229} INFO - Heartbeat recovered after 351.04 seconds
[2025-04-12T05:16:23.900+0000] {scrape.py:109} INFO - Scraping 13/24: https://www.triphobo.com/tours/half-day-nyc-small-group-tour
[2025-04-12T05:16:28.990+0000] {scrape.py:109} INFO - Scraping 14/24: https://www.triphobo.com/tours/superheroes-in-new-york-walking-tour
[2025-04-12T05:16:34.410+0000] {scrape.py:109} INFO - Scraping 15/24: https://www.triphobo.com/tours/private-new-york-city-boat-tour
[2025-04-12T05:16:39.283+0000] {scrape.py:109} INFO - Scraping 16/24: https://www.triphobo.com/tours/statue-express-tour-with-statue-of-liberty-pedestal-tickets
[2025-04-12T05:16:43.897+0000] {scrape.py:109} INFO - Scraping 17/24: https://www.triphobo.com/tours/a-slice-of-brooklyn-pizza-tour
[2025-04-12T05:16:49.540+0000] {scrape.py:109} INFO - Scraping 18/24: https://www.triphobo.com/tours/statue-of-liberty-tall-ship-sailing-cruise
[2025-04-12T05:16:54.483+0000] {scrape.py:109} INFO - Scraping 19/24: https://www.triphobo.com/tours/complete-new-york-new-york-helicopter-tour
[2025-04-12T05:17:01.466+0000] {scrape.py:109} INFO - Scraping 20/24: https://www.triphobo.com/tours/new-york-city-original-rock-n-roll-walking-tour
[2025-04-12T05:17:06.034+0000] {scrape.py:109} INFO - Scraping 21/24: https://www.triphobo.com/tours/soho-little-italy-and-chinatown-walking-tour
[2025-04-12T05:17:10.505+0000] {scrape.py:109} INFO - Scraping 22/24: https://www.triphobo.com/tours/hard-rock-cafe-new-york-times-square
[2025-04-12T05:17:15.226+0000] {scrape.py:109} INFO - Scraping 23/24: https://www.triphobo.com/tours/secrets-of-the-statue-of-liberty-and-ellis-island-tour
[2025-04-12T05:17:19.797+0000] {scrape.py:109} INFO - Scraping 24/24: https://www.triphobo.com/tours/metropolitan-museum-of-art-small-group-tour
[2025-04-12T05:17:25.295+0000] {scrape.py:103} INFO -  Visiting Page 5: https://www.triphobo.com/tours/new-york-city-united-states?page=5
[2025-04-12T05:17:29.830+0000] {scrape.py:105} INFO -  Found 24 tour links on page 5
[2025-04-12T05:17:29.831+0000] {scrape.py:109} INFO - Scraping 1/24: https://www.triphobo.com/tours/nyc-tv-and-movie-sites-tour
[2025-04-12T05:17:34.689+0000] {scrape.py:109} INFO - Scraping 2/24: https://www.triphobo.com/tours/private-limousine-tour-best-of-nyc
[2025-04-12T05:17:42.875+0000] {scrape.py:109} INFO - Scraping 3/24: https://www.triphobo.com/tours/brooklyn-bridge-bike-tour
[2025-04-12T05:17:48.045+0000] {scrape.py:109} INFO - Scraping 4/24: https://www.triphobo.com/tours/nyc-central-park-bike-rental
[2025-04-12T05:17:53.258+0000] {scrape.py:109} INFO - Scraping 5/24: https://www.triphobo.com/tours/new-york-helicopter-tour-manhattan-brooklyn-and-staten-island
[2025-04-12T05:17:58.268+0000] {scrape.py:109} INFO - Scraping 6/24: https://www.triphobo.com/tours/central-park-bike-tour
[2025-04-12T05:18:03.479+0000] {scrape.py:109} INFO - Scraping 7/24: https://www.triphobo.com/tours/iconic-new-york-photography-tour
[2025-04-12T05:18:09.273+0000] {scrape.py:109} INFO - Scraping 8/24: https://www.triphobo.com/tours/williamsburg-bites-brooklyn-food-tour
[2025-04-12T05:18:15.092+0000] {scrape.py:109} INFO - Scraping 9/24: https://www.triphobo.com/tours/guided-bike-tour-of-central-park
[2025-04-12T05:18:21.204+0000] {scrape.py:109} INFO - Scraping 10/24: https://www.triphobo.com/tours/harlem-gospel-and-brunch-tour
[2025-04-12T05:18:25.893+0000] {scrape.py:109} INFO - Scraping 11/24: https://www.triphobo.com/tours/macdougal-street-new-york-city-walking-tour
[2025-04-12T05:18:30.299+0000] {scrape.py:109} INFO - Scraping 12/24: https://www.triphobo.com/tours/central-park-manhattan-waterfront-bike-tour
[2025-04-12T05:18:35.554+0000] {scrape.py:109} INFO - Scraping 13/24: https://www.triphobo.com/tours/cupcake-walking-tour-in-new-york-city
[2025-04-12T05:18:41.589+0000] {scrape.py:109} INFO - Scraping 14/24: https://www.triphobo.com/tours/new-york-city-airport-private-departure-transfer
[2025-04-12T05:18:46.755+0000] {scrape.py:109} INFO - Scraping 15/24: https://www.triphobo.com/tours/central-park-tv-and-movie-sites-walking-tour
[2025-04-12T05:18:51.629+0000] {scrape.py:109} INFO - Scraping 16/24: https://www.triphobo.com/tours/new-york-city-shore-excursion-post-cruise-half-day-private-tour
[2025-04-12T05:18:58.563+0000] {scrape.py:109} INFO - Scraping 17/24: https://www.triphobo.com/tours/tcm-classic-film-tour-of-new-york
[2025-04-12T05:19:03.140+0000] {scrape.py:109} INFO - Scraping 18/24: https://www.triphobo.com/tours/disney-s-aladdin-on-broadway
[2025-04-12T05:19:08.283+0000] {scrape.py:109} INFO - Scraping 19/24: https://www.triphobo.com/tours/statue-of-liberty-lunch-cruise
[2025-04-12T05:19:14.456+0000] {scrape.py:109} INFO - Scraping 20/24: https://www.triphobo.com/tours/private-economy-new-york-inter-airport-transfer
[2025-04-12T05:19:21.609+0000] {scrape.py:109} INFO - Scraping 21/24: https://www.triphobo.com/tours/brooklyn-bridge-guided-bike-tour
[2025-04-12T05:19:26.340+0000] {scrape.py:109} INFO - Scraping 22/24: https://www.triphobo.com/tours/central-park-bike-rental
[2025-04-12T05:19:31.822+0000] {scrape.py:109} INFO - Scraping 23/24: https://www.triphobo.com/tours/private-new-york-city-sunset-boat-tour
[2025-04-12T05:19:37.367+0000] {scrape.py:109} INFO - Scraping 24/24: https://www.triphobo.com/tours/panoramic-night-tour-of-new-york-city
[2025-04-12T05:19:43.331+0000] {scrape.py:103} INFO -  Visiting Page 6: https://www.triphobo.com/tours/new-york-city-united-states?page=6
[2025-04-12T05:19:47.520+0000] {scrape.py:105} INFO -  Found 24 tour links on page 6
[2025-04-12T05:19:47.520+0000] {scrape.py:109} INFO - Scraping 1/24: https://www.triphobo.com/tours/911-memorial-pools-ground-zero-walking-tour-optional-upgrade-to-911-museum
[2025-04-12T05:19:52.123+0000] {scrape.py:109} INFO - Scraping 2/24: https://www.triphobo.com/tours/circle-line-nyc-liberty-cruise
[2025-04-12T05:19:57.103+0000] {scrape.py:109} INFO - Scraping 3/24: https://www.triphobo.com/tours/pizza-walking-tour-of-manhattan
[2025-04-12T05:20:01.602+0000] {scrape.py:109} INFO - Scraping 4/24: https://www.triphobo.com/tours/new-york-city-sightseeing-tour-by-coach
[2025-04-12T05:20:09.537+0000] {scrape.py:109} INFO - Scraping 5/24: https://www.triphobo.com/tours/around-manhattan-brunch-cruise
[2025-04-12T05:20:15.443+0000] {scrape.py:109} INFO - Scraping 6/24: https://www.triphobo.com/tours/statue-of-liberty-tour-with-optional-pedestal-access
[2025-04-12T05:20:20.810+0000] {scrape.py:109} INFO - Scraping 7/24: https://www.triphobo.com/tours/private-tour-of-the-metropolitan-museum-of-art-in-new-york-city
[2025-04-12T05:20:25.657+0000] {scrape.py:109} INFO - Scraping 8/24: https://www.triphobo.com/tours/private-arrival-transfer-new-york-airports-to-brooklyn
[2025-04-12T05:20:30.824+0000] {scrape.py:109} INFO - Scraping 9/24: https://www.triphobo.com/tours/williamsburg-walking-tour-history-culture-and-art-scene
[2025-04-12T05:20:35.928+0000] {scrape.py:109} INFO - Scraping 10/24: https://www.triphobo.com/tours/central-park-walking-tour-58aed7c68427a5de080005b9
[2025-04-12T05:20:40.635+0000] {scrape.py:109} INFO - Scraping 11/24: https://www.triphobo.com/tours/nyc-private-tour-with-local-guide-by-suv-or-van
[2025-04-12T05:20:46.202+0000] {scrape.py:109} INFO - Scraping 12/24: https://www.triphobo.com/tours/ellis-island-statue-of-liberty-pedestal-and-pre-ferry-tour
[2025-04-12T05:20:51.397+0000] {scrape.py:109} INFO - Scraping 13/24: https://www.triphobo.com/tours/soho-chinatown-little-italy-tour
[2025-04-12T05:20:56.950+0000] {scrape.py:109} INFO - Scraping 14/24: https://www.triphobo.com/tours/new-york-to-washington-dc-day-trip-by-rail
[2025-04-12T05:21:02.064+0000] {scrape.py:109} INFO - Scraping 15/24: https://www.triphobo.com/tours/central-park-and-metropolitan-museum-of-art-private-nyc-combo-tour
[2025-04-12T05:21:06.808+0000] {scrape.py:109} INFO - Scraping 16/24: https://www.triphobo.com/tours/the-hamptons-sag-harbor-and-outlet-shopping-day-trip-from-new-york-city
[2025-04-12T05:21:12.107+0000] {scrape.py:109} INFO - Scraping 17/24: https://www.triphobo.com/tours/the-lion-king-on-broadway-5ac65a735840d4de9b0000db
[2025-04-12T05:21:20.163+0000] {scrape.py:109} INFO - Scraping 18/24: https://www.triphobo.com/tours/new-york-city-airport-luxury-departure-transfer
[2025-04-12T05:21:25.430+0000] {scrape.py:109} INFO - Scraping 19/24: https://www.triphobo.com/tours/private-departure-transfer-brooklyn-to-new-york-airports
[2025-04-12T05:21:30.340+0000] {scrape.py:109} INFO - Scraping 20/24: https://www.triphobo.com/tours/long-island-wine-tour-from-nyc-day-trip-meet-the-winemakers-taste-food-and-wine
[2025-04-12T05:21:35.098+0000] {scrape.py:109} INFO - Scraping 21/24: https://www.triphobo.com/tours/new-york-city-to-the-hamptons-private-day-trip
[2025-04-12T05:21:40.100+0000] {scrape.py:109} INFO - Scraping 22/24: https://www.triphobo.com/tours/nyc-speakeasy-walking-tour
[2025-04-12T05:21:45.267+0000] {scrape.py:109} INFO - Scraping 23/24: https://www.triphobo.com/tours/private-tour-niagara-falls-day-trip-from-new-york-city
[2025-04-12T05:21:49.739+0000] {scrape.py:109} INFO - Scraping 24/24: https://www.triphobo.com/tours/private-new-york-city-transfer-cruise-port-to-airport
[2025-04-12T05:21:56.677+0000] {scrape.py:103} INFO -  Visiting Page 7: https://www.triphobo.com/tours/new-york-city-united-states?page=7
[2025-04-12T05:22:00.564+0000] {scrape.py:105} INFO -  Found 24 tour links on page 7
[2025-04-12T05:22:00.564+0000] {scrape.py:109} INFO - Scraping 1/24: https://www.triphobo.com/tours/long-island-wine-tour-from-manhattan-5ac501bb5840d48eae000cec
[2025-04-12T05:22:07.870+0000] {scrape.py:109} INFO - Scraping 2/24: https://www.triphobo.com/tours/dyker-heights-christmas-lights-tour
[2025-04-12T05:22:13.013+0000] {scrape.py:109} INFO - Scraping 3/24: https://www.triphobo.com/tours/nyc-walking-tour-broadway-history-and-culture
[2025-04-12T05:22:17.803+0000] {scrape.py:109} INFO - Scraping 4/24: https://www.triphobo.com/tours/new-york-city-slavery-and-underground-railroad-tour
[2025-04-12T05:22:22.341+0000] {scrape.py:109} INFO - Scraping 5/24: https://www.triphobo.com/tours/new-york-city-shopping-with-a-personal-stylist
[2025-04-12T05:22:26.981+0000] {scrape.py:109} INFO - Scraping 6/24: https://www.triphobo.com/tours/grand-central-the-open-sesame-bagel-tour
[2025-04-12T05:22:32.401+0000] {scrape.py:109} INFO - Scraping 7/24: https://www.triphobo.com/tours/hell-s-kitchen-food-tour
[2025-04-12T05:22:36.758+0000] {scrape.py:109} INFO - Scraping 8/24: https://www.triphobo.com/tours/holdouts-a-nyc-architecture-walking-tour
[2025-04-12T05:22:42.286+0000] {scrape.py:109} INFO - Scraping 9/24: https://www.triphobo.com/tours/midtown-mix-guided-food-tour-new-york-food-on-foot-tours
[2025-04-12T05:22:46.956+0000] {scrape.py:109} INFO - Scraping 10/24: https://www.triphobo.com/tours/chelsea-architecture-and-art-tour-with-award-winning-nyc-guide
[2025-04-12T05:22:51.938+0000] {scrape.py:109} INFO - Scraping 11/24: https://www.triphobo.com/tours/new-york-city-holiday-lights-and-markets-walking-tour
[2025-04-12T05:22:56.441+0000] {scrape.py:109} INFO - Scraping 12/24: https://www.triphobo.com/tours/brooklyn-graffiti-lesson
[2025-04-12T05:23:02.994+0000] {scrape.py:109} INFO - Scraping 13/24: https://www.triphobo.com/tours/christmas-in-new-york-private-walking-tour
[2025-04-12T05:23:07.583+0000] {scrape.py:109} INFO - Scraping 14/24: https://www.triphobo.com/tours/times-square-hell-s-kitchen-food-tour-and-central-park-stroll
[2025-04-12T05:23:13.885+0000] {scrape.py:109} INFO - Scraping 15/24: https://www.triphobo.com/tours/nyc-comedian-walking-tour
[2025-04-12T05:23:18.247+0000] {scrape.py:109} INFO - Scraping 16/24: https://www.triphobo.com/tours/the-best-of-brooklyn-walking-tour-the-brooklyn-revolution
[2025-04-12T05:23:23.267+0000] {scrape.py:109} INFO - Scraping 17/24: https://www.triphobo.com/tours/hamilton-washington-in-new-york-city-secrets-of-the-past
[2025-04-12T05:23:28.409+0000] {scrape.py:109} INFO - Scraping 18/24: https://www.triphobo.com/tours/secrets-of-hudson-yards-walking-tour-with-high-line-and-vessel
[2025-04-12T05:23:32.892+0000] {scrape.py:109} INFO - Scraping 19/24: https://www.triphobo.com/tours/new-york-city-s-amazing-subway-mosaic-art
[2025-04-12T05:23:40.128+0000] {scrape.py:109} INFO - Scraping 20/24: https://www.triphobo.com/tours/grand-central-photo-tour
[2025-04-12T05:23:45.531+0000] {scrape.py:109} INFO - Scraping 21/24: https://www.triphobo.com/tours/new-york-like-a-local-customized-private-tour
[2025-04-12T05:23:50.428+0000] {scrape.py:109} INFO - Scraping 22/24: https://www.triphobo.com/tours/liberty-helicopter-tour
[2025-04-12T05:23:54.664+0000] {scrape.py:109} INFO - Scraping 23/24: https://www.triphobo.com/tours/nyc-secrets-of-grand-central-terminal-private-walking-tour
[2025-04-12T05:23:59.625+0000] {scrape.py:109} INFO - Scraping 24/24: https://www.triphobo.com/tours/new-york-city-gourmet-food-cart-walking-tour
[2025-04-12T05:24:03.783+0000] {scrape.py:103} INFO -  Visiting Page 8: https://www.triphobo.com/tours/new-york-city-united-states?page=8
[2025-04-12T05:24:09.370+0000] {scrape.py:105} INFO -  Found 24 tour links on page 8
[2025-04-12T05:24:09.371+0000] {scrape.py:109} INFO - Scraping 1/24: https://www.triphobo.com/tours/greenwich-village-literary-pub-crawl
[2025-04-12T05:24:14.039+0000] {scrape.py:109} INFO - Scraping 2/24: https://www.triphobo.com/tours/new-york-city-shore-excursion-pre-cruise-half-day-private-tour
[2025-04-12T05:24:20.557+0000] {scrape.py:109} INFO - Scraping 3/24: https://www.triphobo.com/tours/private-chauffeur-service-from-boston-to-new-york
[2025-04-12T05:24:26.333+0000] {scrape.py:109} INFO - Scraping 4/24: https://www.triphobo.com/tours/street-art-tour-of-bushwick
[2025-04-12T05:24:30.814+0000] {scrape.py:109} INFO - Scraping 5/24: https://www.triphobo.com/tours/private-half-day-tour-of-brooklyn
[2025-04-12T05:24:35.336+0000] {scrape.py:109} INFO - Scraping 6/24: https://www.triphobo.com/tours/greenwich-village-food-tour-5836a24e8427a51f08000003
[2025-04-12T05:24:40.468+0000] {scrape.py:109} INFO - Scraping 7/24: https://www.triphobo.com/tours/midtown-manhattan-art-and-architecture-walking-tour
[2025-04-12T05:24:44.974+0000] {scrape.py:109} INFO - Scraping 8/24: https://www.triphobo.com/tours/hoboken-and-nyc-at-night-walking-tour
[2025-04-12T05:24:49.594+0000] {scrape.py:109} INFO - Scraping 9/24: https://www.triphobo.com/tours/world-trade-center-photo-tour
[2025-04-12T05:24:54.901+0000] {scrape.py:109} INFO - Scraping 10/24: https://www.triphobo.com/tours/nyc-west-village-pub-crawl
[2025-04-12T05:24:59.295+0000] {scrape.py:109} INFO - Scraping 11/24: https://www.triphobo.com/tours/ruins-of-a-forgotten-city-historical-manhattan-walking-tour
[2025-04-12T05:25:07.111+0000] {scrape.py:109} INFO - Scraping 12/24: https://www.triphobo.com/tours/nyc-private-holiday-lights-tour-by-limo
[2025-04-12T05:25:14.034+0000] {scrape.py:109} INFO - Scraping 13/24: https://www.triphobo.com/tours/new-york-city-4th-of-july-fireworks-luxury-boat-tour-5ac4bdb35840d455e9000bec
[2025-04-12T05:25:18.635+0000] {scrape.py:109} INFO - Scraping 14/24: https://www.triphobo.com/tours/central-park-night-time-photo-tour
[2025-04-12T05:25:22.726+0000] {local_task_job_runner.py:346} WARNING - State of this instance has been externally set to None. Terminating instance.
[2025-04-12T05:25:22.731+0000] {local_task_job_runner.py:245} INFO - ::endgroup::
[2025-04-12T05:25:22.732+0000] {process_utils.py:132} INFO - Sending 15 to group 303. PIDs of all processes in the group: [306, 324, 333, 334, 368, 397, 361, 303]
[2025-04-12T05:25:22.733+0000] {process_utils.py:87} INFO - Sending the signal 15 to group 303
[2025-04-12T05:25:22.733+0000] {taskinstance.py:3093} ERROR - Received SIGTERM. Terminating subprocesses.
[2025-04-12T05:25:22.763+0000] {process_utils.py:80} INFO - Process psutil.Process(pid=397, status='terminated', started='05:00:17') (397) terminated with exit code None
[2025-04-12T05:25:22.764+0000] {process_utils.py:80} INFO - Process psutil.Process(pid=333, status='terminated', started='05:00:17') (333) terminated with exit code None
[2025-04-12T05:25:22.764+0000] {process_utils.py:80} INFO - Process psutil.Process(pid=334, status='terminated', started='05:00:17') (334) terminated with exit code None
[2025-04-12T05:25:22.764+0000] {process_utils.py:80} INFO - Process psutil.Process(pid=324, status='terminated', started='05:00:17') (324) terminated with exit code None
[2025-04-12T05:25:22.765+0000] {process_utils.py:80} INFO - Process psutil.Process(pid=368, status='terminated', started='05:00:17') (368) terminated with exit code None
[2025-04-12T05:25:22.910+0000] {process_utils.py:80} INFO - Process psutil.Process(pid=306, status='terminated', started='05:00:17') (306) terminated with exit code None
[2025-04-12T05:25:22.911+0000] {process_utils.py:80} INFO - Process psutil.Process(pid=361, status='terminated', started='05:00:17') (361) terminated with exit code None
