[2025-04-18T04:23:22.836+0000] {local_task_job_runner.py:123} INFO - ::group::Pre task execution logs
[2025-04-18T04:23:22.843+0000] {taskinstance.py:2613} INFO - Dependencies all met for dep_context=non-requeueable deps ti=<TaskInstance: triphobo_attractions_scrape.scrape_attractions manual__2025-04-18T04:23:20.308830+00:00 [queued]>
[2025-04-18T04:23:22.846+0000] {taskinstance.py:2613} INFO - Dependencies all met for dep_context=requeueable deps ti=<TaskInstance: triphobo_attractions_scrape.scrape_attractions manual__2025-04-18T04:23:20.308830+00:00 [queued]>
[2025-04-18T04:23:22.846+0000] {taskinstance.py:2866} INFO - Starting attempt 1 of 1
[2025-04-18T04:23:22.853+0000] {taskinstance.py:2889} INFO - Executing <Task(PythonOperator): scrape_attractions> on 2025-04-18 04:23:20.308830+00:00
[2025-04-18T04:23:22.856+0000] {warnings.py:112} WARNING - /home/***/.local/lib/python3.12/site-packages/***/task/task_runner/standard_task_runner.py:70: DeprecationWarning: This process (pid=104) is multi-threaded, use of fork() may lead to deadlocks in the child.
  pid = os.fork()

[2025-04-18T04:23:22.857+0000] {standard_task_runner.py:72} INFO - Started process 105 to run task
[2025-04-18T04:23:22.857+0000] {standard_task_runner.py:104} INFO - Running: ['***', 'tasks', 'run', 'triphobo_attractions_scrape', 'scrape_attractions', 'manual__2025-04-18T04:23:20.308830+00:00', '--job-id', '28', '--raw', '--subdir', 'DAGS_FOLDER/attractions_dag.py', '--cfg-path', '/tmp/tmp75c41tnh']
[2025-04-18T04:23:22.859+0000] {standard_task_runner.py:105} INFO - Job 28: Subtask scrape_attractions
[2025-04-18T04:23:22.879+0000] {task_command.py:467} INFO - Running <TaskInstance: triphobo_attractions_scrape.scrape_attractions manual__2025-04-18T04:23:20.308830+00:00 [running]> on host 41648ed0d7d3
[2025-04-18T04:23:22.911+0000] {taskinstance.py:3132} INFO - Exporting env vars: AIRFLOW_CTX_DAG_OWNER='***' AIRFLOW_CTX_DAG_ID='triphobo_attractions_scrape' AIRFLOW_CTX_TASK_ID='scrape_attractions' AIRFLOW_CTX_EXECUTION_DATE='2025-04-18T04:23:20.308830+00:00' AIRFLOW_CTX_TRY_NUMBER='1' AIRFLOW_CTX_DAG_RUN_ID='manual__2025-04-18T04:23:20.308830+00:00'
[2025-04-18T04:23:22.911+0000] {taskinstance.py:731} INFO - ::endgroup::
[2025-04-18T04:23:22.924+0000] {attractions_dag.py:208} INFO - Scraping city 1/6: New York City United States
[2025-04-18T04:23:23.205+0000] {attractions_dag.py:218} INFO - Scraping page 1/10: https://www.triphobo.com/places/new-york-city-united-states/things-to-do?page=1
[2025-04-18T04:23:30.359+0000] {attractions_dag.py:222} INFO - Found 15 attraction links
[2025-04-18T04:23:30.360+0000] {attractions_dag.py:240} INFO - Scraping place 1/15: https://www.triphobo.com/places/new-york-city-united-states/empire-state-building
[2025-04-18T04:23:34.125+0000] {attractions_dag.py:240} INFO - Scraping place 2/15: https://www.triphobo.com/places/new-york-city-united-states/statue-of-liberty
[2025-04-18T04:23:37.857+0000] {attractions_dag.py:240} INFO - Scraping place 3/15: https://www.triphobo.com/places/new-york-city-united-states/rockefeller-center
[2025-04-18T04:23:41.842+0000] {attractions_dag.py:240} INFO - Scraping place 4/15: https://www.triphobo.com/places/new-york-city-united-states/times-square
[2025-04-18T04:23:45.575+0000] {attractions_dag.py:240} INFO - Scraping place 5/15: https://www.triphobo.com/places/new-york-city-united-states/the-metropolitan-museum-of-art
[2025-04-18T04:23:49.382+0000] {attractions_dag.py:165} INFO - Saved checkpoint: City 0, Page 1, Completed cities: []
[2025-04-18T04:23:51.383+0000] {attractions_dag.py:240} INFO - Scraping place 6/15: https://www.triphobo.com/places/new-york-city-united-states/grand-central-terminal
[2025-04-18T04:23:55.128+0000] {attractions_dag.py:240} INFO - Scraping place 7/15: https://www.triphobo.com/places/new-york-city-united-states/american-museum-of-natural-history
[2025-04-18T04:23:58.808+0000] {attractions_dag.py:240} INFO - Scraping place 8/15: https://www.triphobo.com/places/new-york-city-united-states/museum-of-modern-art
[2025-04-18T04:24:02.553+0000] {attractions_dag.py:240} INFO - Scraping place 9/15: https://www.triphobo.com/places/new-york-city-united-states/high-line
[2025-04-18T04:24:06.394+0000] {attractions_dag.py:240} INFO - Scraping place 10/15: https://www.triphobo.com/places/new-york-city-united-states/national-9-11-memorial-museum
[2025-04-18T04:24:10.101+0000] {attractions_dag.py:165} INFO - Saved checkpoint: City 0, Page 1, Completed cities: []
[2025-04-18T04:24:12.104+0000] {attractions_dag.py:240} INFO - Scraping place 11/15: https://www.triphobo.com/places/new-york-city-united-states/intrepid-sea-air-and-space-museum
[2025-04-18T04:24:15.835+0000] {attractions_dag.py:240} INFO - Scraping place 12/15: https://www.triphobo.com/places/new-york-city-united-states/solomon-r-guggenheim-museum
[2025-04-18T04:24:18.284+0000] {local_task_job_runner.py:346} WARNING - State of this instance has been externally set to None. Terminating instance.
[2025-04-18T04:24:18.287+0000] {local_task_job_runner.py:245} INFO - ::endgroup::
[2025-04-18T04:24:18.288+0000] {process_utils.py:132} INFO - Sending 15 to group 105. PIDs of all processes in the group: [109, 132, 135, 137, 185, 207, 170, 105]
[2025-04-18T04:24:18.288+0000] {process_utils.py:87} INFO - Sending the signal 15 to group 105
[2025-04-18T04:24:18.289+0000] {taskinstance.py:3093} ERROR - Received SIGTERM. Terminating subprocesses.
[2025-04-18T04:24:18.320+0000] {process_utils.py:80} INFO - Process psutil.Process(pid=109, status='terminated', started='04:23:22') (109) terminated with exit code None
[2025-04-18T04:24:18.320+0000] {process_utils.py:80} INFO - Process psutil.Process(pid=137, status='terminated', started='04:23:22') (137) terminated with exit code None
[2025-04-18T04:24:18.321+0000] {process_utils.py:80} INFO - Process psutil.Process(pid=132, status='terminated', started='04:23:22') (132) terminated with exit code None
[2025-04-18T04:24:18.321+0000] {process_utils.py:80} INFO - Process psutil.Process(pid=170, status='terminated', started='04:23:22') (170) terminated with exit code None
[2025-04-18T04:24:18.463+0000] {process_utils.py:80} INFO - Process psutil.Process(pid=207, status='terminated', started='04:23:22') (207) terminated with exit code None
[2025-04-18T04:24:18.463+0000] {process_utils.py:80} INFO - Process psutil.Process(pid=135, status='terminated', started='04:23:22') (135) terminated with exit code None
[2025-04-18T04:24:18.463+0000] {process_utils.py:80} INFO - Process psutil.Process(pid=185, status='terminated', started='04:23:22') (185) terminated with exit code None
[2025-04-18T04:25:18.313+0000] {process_utils.py:150} WARNING - process psutil.Process(pid=105, name='airflow task ru', status='sleeping', started='04:23:22') did not respond to SIGTERM. Trying SIGKILL
[2025-04-18T04:25:18.319+0000] {process_utils.py:87} INFO - Sending the signal 9 to group 105
[2025-04-18T04:25:18.339+0000] {process_utils.py:80} INFO - Process psutil.Process(pid=105, name='airflow task ru', status='terminated', exitcode=<Negsignal.SIGKILL: -9>, started='04:23:22') (105) terminated with exit code -9
[2025-04-18T04:25:18.341+0000] {standard_task_runner.py:190} ERROR - ('Job 28 was killed before it finished (likely due to running out of memory)', 'For more information, see https://***.apache.org/docs/apache-***/stable/troubleshooting.html#LocalTaskJob-killed')
