[2025-04-12T16:11:19.492+0000] {local_task_job_runner.py:123} INFO - ::group::Pre task execution logs
[2025-04-12T16:11:19.498+0000] {taskinstance.py:2613} INFO - Dependencies all met for dep_context=non-requeueable deps ti=<TaskInstance: triphobo_attractions_pipeline.upload_raw_attractions scheduled__2025-03-30T00:00:00+00:00 [queued]>
[2025-04-12T16:11:19.500+0000] {taskinstance.py:2613} INFO - Dependencies all met for dep_context=requeueable deps ti=<TaskInstance: triphobo_attractions_pipeline.upload_raw_attractions scheduled__2025-03-30T00:00:00+00:00 [queued]>
[2025-04-12T16:11:19.501+0000] {taskinstance.py:2866} INFO - Starting attempt 1 of 1
[2025-04-12T16:11:19.504+0000] {taskinstance.py:2889} INFO - Executing <Task(PythonOperator): upload_raw_attractions> on 2025-03-30 00:00:00+00:00
[2025-04-12T16:11:19.508+0000] {warnings.py:112} WARNING - /home/***/.local/lib/python3.12/site-packages/***/task/task_runner/standard_task_runner.py:70: DeprecationWarning: This process (pid=2534) is multi-threaded, use of fork() may lead to deadlocks in the child.
  pid = os.fork()

[2025-04-12T16:11:19.510+0000] {standard_task_runner.py:72} INFO - Started process 2535 to run task
[2025-04-12T16:11:19.510+0000] {standard_task_runner.py:104} INFO - Running: ['***', 'tasks', 'run', 'triphobo_attractions_pipeline', 'upload_raw_attractions', 'scheduled__2025-03-30T00:00:00+00:00', '--job-id', '164', '--raw', '--subdir', 'DAGS_FOLDER/attractions_dag.py', '--cfg-path', '/tmp/tmpkns3qp0i']
[2025-04-12T16:11:19.511+0000] {standard_task_runner.py:105} INFO - Job 164: Subtask upload_raw_attractions
[2025-04-12T16:11:19.541+0000] {task_command.py:467} INFO - Running <TaskInstance: triphobo_attractions_pipeline.upload_raw_attractions scheduled__2025-03-30T00:00:00+00:00 [running]> on host cd3ae23bc368
[2025-04-12T16:11:19.573+0000] {taskinstance.py:3132} INFO - Exporting env vars: AIRFLOW_CTX_DAG_OWNER='***' AIRFLOW_CTX_DAG_ID='triphobo_attractions_pipeline' AIRFLOW_CTX_TASK_ID='upload_raw_attractions' AIRFLOW_CTX_EXECUTION_DATE='2025-03-30T00:00:00+00:00' AIRFLOW_CTX_TRY_NUMBER='1' AIRFLOW_CTX_DAG_RUN_ID='scheduled__2025-03-30T00:00:00+00:00'
[2025-04-12T16:11:19.573+0000] {taskinstance.py:731} INFO - ::endgroup::
[2025-04-12T16:11:23.872+0000] {upload_to_S3.py:31} INFO - Uploaded /tmp/triphobo_data/multi_city_attractions.csv to s3://bigdatafinal2025/raw/multi_city_attractions.csv
[2025-04-12T16:11:23.874+0000] {python.py:240} INFO - Done. Returned value was: None
[2025-04-12T16:11:23.882+0000] {taskinstance.py:340} INFO - ::group::Post task execution logs
[2025-04-12T16:11:23.882+0000] {taskinstance.py:352} INFO - Marking task as SUCCESS. dag_id=triphobo_attractions_pipeline, task_id=upload_raw_attractions, run_id=scheduled__2025-03-30T00:00:00+00:00, execution_date=20250330T000000, start_date=20250412T161119, end_date=20250412T161123
[2025-04-12T16:11:23.930+0000] {local_task_job_runner.py:266} INFO - Task exited with return code 0
[2025-04-12T16:11:23.944+0000] {taskinstance.py:3895} INFO - 1 downstream tasks scheduled from follow-on schedule check
[2025-04-12T16:11:23.945+0000] {local_task_job_runner.py:245} INFO - ::endgroup::
