[2025-04-17T20:41:32.981+0000] {local_task_job_runner.py:123} INFO - ::group::Pre task execution logs
[2025-04-17T20:41:32.986+0000] {taskinstance.py:2613} INFO - Dependencies all met for dep_context=non-requeueable deps ti=<TaskInstance: triphobo_tours_pipeline.scrape_tours manual__2025-04-17T20:41:32.168933+00:00 [queued]>
[2025-04-17T20:41:32.989+0000] {taskinstance.py:2613} INFO - Dependencies all met for dep_context=requeueable deps ti=<TaskInstance: triphobo_tours_pipeline.scrape_tours manual__2025-04-17T20:41:32.168933+00:00 [queued]>
[2025-04-17T20:41:32.989+0000] {taskinstance.py:2866} INFO - Starting attempt 1 of 1
[2025-04-17T20:41:32.993+0000] {taskinstance.py:2889} INFO - Executing <Task(PythonOperator): scrape_tours> on 2025-04-17 20:41:32.168933+00:00
[2025-04-17T20:41:32.996+0000] {warnings.py:112} WARNING - /home/***/.local/lib/python3.12/site-packages/***/task/task_runner/standard_task_runner.py:70: DeprecationWarning: This process (pid=580) is multi-threaded, use of fork() may lead to deadlocks in the child.
  pid = os.fork()

[2025-04-17T20:41:32.997+0000] {standard_task_runner.py:72} INFO - Started process 581 to run task
[2025-04-17T20:41:32.997+0000] {standard_task_runner.py:104} INFO - Running: ['***', 'tasks', 'run', 'triphobo_tours_pipeline', 'scrape_tours', 'manual__2025-04-17T20:41:32.168933+00:00', '--job-id', '394', '--raw', '--subdir', 'DAGS_FOLDER/itinerary_tours_dag.py', '--cfg-path', '/tmp/tmpw5nvb1f2']
[2025-04-17T20:41:32.999+0000] {standard_task_runner.py:105} INFO - Job 394: Subtask scrape_tours
[2025-04-17T20:41:33.018+0000] {task_command.py:467} INFO - Running <TaskInstance: triphobo_tours_pipeline.scrape_tours manual__2025-04-17T20:41:32.168933+00:00 [running]> on host 4d0efc92e922
[2025-04-17T20:41:33.049+0000] {taskinstance.py:3132} INFO - Exporting env vars: AIRFLOW_CTX_DAG_OWNER='***' AIRFLOW_CTX_DAG_ID='triphobo_tours_pipeline' AIRFLOW_CTX_TASK_ID='scrape_tours' AIRFLOW_CTX_EXECUTION_DATE='2025-04-17T20:41:32.168933+00:00' AIRFLOW_CTX_TRY_NUMBER='1' AIRFLOW_CTX_DAG_RUN_ID='manual__2025-04-17T20:41:32.168933+00:00'
[2025-04-17T20:41:33.050+0000] {taskinstance.py:731} INFO - ::endgroup::
[2025-04-17T20:41:33.304+0000] {scrape.py:117} INFO - Scraping city: New York City United States
[2025-04-17T20:41:33.304+0000] {scrape.py:122} INFO -  Visiting Page 1: https://www.triphobo.com/tours/new-york-city-united-states?page=1
[2025-04-17T20:41:38.389+0000] {scrape.py:124} INFO -  Found 24 tour links on page 1
[2025-04-17T20:41:38.390+0000] {scrape.py:133} INFO - Scraping 1/24: https://www.triphobo.com/tours/big-bus-new-york-hop-on-hop-off-tour
[2025-04-17T20:41:42.375+0000] {scrape.py:133} INFO - Scraping 2/24: https://www.triphobo.com/tours/all-access-9-11-experience-ground-zero-tour-9-11-memorial-and-museum-one-world-observatory
[2025-04-17T20:41:46.549+0000] {scrape.py:133} INFO - Scraping 3/24: https://www.triphobo.com/tours/statue-of-liberty-and-ellis-island-guided-tour
[2025-04-17T20:41:50.450+0000] {scrape.py:133} INFO - Scraping 4/24: https://www.triphobo.com/tours/one-world-observatory-admission
[2025-04-17T20:41:53.077+0000] {local_task_job_runner.py:346} WARNING - State of this instance has been externally set to None. Terminating instance.
[2025-04-17T20:41:53.083+0000] {local_task_job_runner.py:245} INFO - ::endgroup::
[2025-04-17T20:41:53.085+0000] {process_utils.py:132} INFO - Sending 15 to group 581. PIDs of all processes in the group: [585, 607, 611, 614, 649, 678, 647, 581]
[2025-04-17T20:41:53.085+0000] {process_utils.py:87} INFO - Sending the signal 15 to group 581
[2025-04-17T20:41:53.085+0000] {taskinstance.py:3093} ERROR - Received SIGTERM. Terminating subprocesses.
[2025-04-17T20:41:53.095+0000] {process_utils.py:80} INFO - Process psutil.Process(pid=614, status='terminated', started='20:41:32') (614) terminated with exit code None
[2025-04-17T20:41:53.096+0000] {process_utils.py:80} INFO - Process psutil.Process(pid=647, status='terminated', started='20:41:32') (647) terminated with exit code None
[2025-04-17T20:41:53.109+0000] {process_utils.py:80} INFO - Process psutil.Process(pid=585, status='terminated', started='20:41:32') (585) terminated with exit code None
[2025-04-17T20:41:53.109+0000] {process_utils.py:80} INFO - Process psutil.Process(pid=649, status='terminated', started='20:41:32') (649) terminated with exit code None
[2025-04-17T20:41:53.109+0000] {process_utils.py:80} INFO - Process psutil.Process(pid=611, status='terminated', started='20:41:32') (611) terminated with exit code None
[2025-04-17T20:41:53.251+0000] {process_utils.py:80} INFO - Process psutil.Process(pid=607, status='terminated', started='20:41:32') (607) terminated with exit code None
[2025-04-17T20:41:53.252+0000] {process_utils.py:80} INFO - Process psutil.Process(pid=678, status='terminated', started='20:41:32') (678) terminated with exit code None
[2025-04-17T20:42:53.087+0000] {process_utils.py:150} WARNING - process psutil.Process(pid=581, name='airflow task ru', status='sleeping', started='20:41:32') did not respond to SIGTERM. Trying SIGKILL
[2025-04-17T20:42:53.090+0000] {process_utils.py:87} INFO - Sending the signal 9 to group 581
[2025-04-17T20:42:53.095+0000] {process_utils.py:80} INFO - Process psutil.Process(pid=581, name='airflow task ru', status='terminated', exitcode=<Negsignal.SIGKILL: -9>, started='20:41:32') (581) terminated with exit code -9
[2025-04-17T20:42:53.096+0000] {standard_task_runner.py:190} ERROR - ('Job 394 was killed before it finished (likely due to running out of memory)', 'For more information, see https://***.apache.org/docs/apache-***/stable/troubleshooting.html#LocalTaskJob-killed')
