[2025-04-17T23:38:44.788+0000] {local_task_job_runner.py:123} INFO - ::group::Pre task execution logs
[2025-04-17T23:38:44.794+0000] {taskinstance.py:2613} INFO - Dependencies all met for dep_context=non-requeueable deps ti=<TaskInstance: s3_to_snowflake_attractions_pipeline.load_csv_to_snowflake manual__2025-04-17T23:38:43.912965+00:00 [queued]>
[2025-04-17T23:38:44.797+0000] {taskinstance.py:2613} INFO - Dependencies all met for dep_context=requeueable deps ti=<TaskInstance: s3_to_snowflake_attractions_pipeline.load_csv_to_snowflake manual__2025-04-17T23:38:43.912965+00:00 [queued]>
[2025-04-17T23:38:44.797+0000] {taskinstance.py:2866} INFO - Starting attempt 1 of 2
[2025-04-17T23:38:44.801+0000] {taskinstance.py:2889} INFO - Executing <Task(PythonOperator): load_csv_to_snowflake> on 2025-04-17 23:38:43.912965+00:00
[2025-04-17T23:38:44.804+0000] {warnings.py:112} WARNING - /home/***/.local/lib/python3.12/site-packages/***/task/task_runner/standard_task_runner.py:70: DeprecationWarning: This process (pid=3175) is multi-threaded, use of fork() may lead to deadlocks in the child.
  pid = os.fork()

[2025-04-17T23:38:44.806+0000] {standard_task_runner.py:72} INFO - Started process 3176 to run task
[2025-04-17T23:38:44.805+0000] {standard_task_runner.py:104} INFO - Running: ['***', 'tasks', 'run', 's3_to_snowflake_attractions_pipeline', 'load_csv_to_snowflake', 'manual__2025-04-17T23:38:43.912965+00:00', '--job-id', '434', '--raw', '--subdir', 'DAGS_FOLDER/snowflake_dag.py', '--cfg-path', '/tmp/tmpacuk_ran']
[2025-04-17T23:38:44.807+0000] {standard_task_runner.py:105} INFO - Job 434: Subtask load_csv_to_snowflake
[2025-04-17T23:38:44.834+0000] {task_command.py:467} INFO - Running <TaskInstance: s3_to_snowflake_attractions_pipeline.load_csv_to_snowflake manual__2025-04-17T23:38:43.912965+00:00 [running]> on host 4d0efc92e922
[2025-04-17T23:38:44.860+0000] {taskinstance.py:3132} INFO - Exporting env vars: AIRFLOW_CTX_DAG_OWNER='***' AIRFLOW_CTX_DAG_ID='s3_to_snowflake_attractions_pipeline' AIRFLOW_CTX_TASK_ID='load_csv_to_snowflake' AIRFLOW_CTX_EXECUTION_DATE='2025-04-17T23:38:43.912965+00:00' AIRFLOW_CTX_TRY_NUMBER='1' AIRFLOW_CTX_DAG_RUN_ID='manual__2025-04-17T23:38:43.912965+00:00'
[2025-04-17T23:38:44.860+0000] {taskinstance.py:731} INFO - ::endgroup::
[2025-04-17T23:38:44.923+0000] {upload_to_snowflake.py:36} INFO - Downloading file from s3://bigdatafinal2025/clean/tours_with_coords.csv
[2025-04-17T23:38:46.143+0000] {upload_to_snowflake.py:44} INFO - CSV file from S3 contains 1074 rows and 20 columns
[2025-04-17T23:38:46.145+0000] {upload_to_snowflake.py:49} INFO - City distribution in CSV: {'New York City United States': 240, 'San Francisco United States': 240, 'Las Vegas United States': 239, 'Los Angeles United States': 174, 'Chicago United States': 105, 'Seattle United States': 76}
[2025-04-17T23:38:46.145+0000] {connection.py:414} INFO - Snowflake Connector for Python Version: 3.12.4, Python Version: 3.12.8, Platform: Linux-6.10.14-linuxkit-aarch64-with-glibc2.36
[2025-04-17T23:38:46.145+0000] {connection.py:1197} INFO - Connecting to GLOBAL Snowflake domain
[2025-04-17T23:38:46.146+0000] {connection.py:1278} INFO - This connection is in OCSP Fail Open Mode. TLS Certificates would be checked for validity and revocation status. Any other Certificate Revocation related exceptions or OCSP Responder failures would be disregarded in favor of connectivity.
[2025-04-17T23:38:46.706+0000] {upload_to_snowflake.py:59} INFO - Dropping table `TRIPHOBO_TOURS` if it exists...
[2025-04-17T23:38:46.919+0000] {cursor.py:1166} INFO - Number of results in first chunk: 1
[2025-04-17T23:38:46.920+0000] {upload_to_snowflake.py:62} INFO - Creating table `TRIPHOBO_TOURS`...
[2025-04-17T23:38:47.144+0000] {cursor.py:1166} INFO - Number of results in first chunk: 1
[2025-04-17T23:38:47.148+0000] {upload_to_snowflake.py:72} INFO - Processing data for New York City United States (240 rows)
[2025-04-17T23:38:48.894+0000] {cursor.py:1166} INFO - Number of results in first chunk: 0
[2025-04-17T23:38:48.896+0000] {upload_to_snowflake.py:97} INFO - Copy result for New York City United States: []
[2025-04-17T23:38:49.191+0000] {cursor.py:1166} INFO - Number of results in first chunk: 0
[2025-04-17T23:38:49.192+0000] {upload_to_snowflake.py:72} INFO - Processing data for San Francisco United States (240 rows)
[2025-04-17T23:38:50.112+0000] {cursor.py:1166} INFO - Number of results in first chunk: 0
[2025-04-17T23:38:50.114+0000] {upload_to_snowflake.py:97} INFO - Copy result for San Francisco United States: []
[2025-04-17T23:38:50.250+0000] {cursor.py:1166} INFO - Number of results in first chunk: 0
[2025-04-17T23:38:50.252+0000] {upload_to_snowflake.py:72} INFO - Processing data for Las Vegas United States (239 rows)
[2025-04-17T23:38:50.858+0000] {cursor.py:1166} INFO - Number of results in first chunk: 0
[2025-04-17T23:38:50.858+0000] {upload_to_snowflake.py:97} INFO - Copy result for Las Vegas United States: []
[2025-04-17T23:38:51.061+0000] {cursor.py:1166} INFO - Number of results in first chunk: 0
[2025-04-17T23:38:51.061+0000] {upload_to_snowflake.py:72} INFO - Processing data for Los Angeles United States (174 rows)
[2025-04-17T23:38:51.743+0000] {cursor.py:1166} INFO - Number of results in first chunk: 0
[2025-04-17T23:38:51.743+0000] {upload_to_snowflake.py:97} INFO - Copy result for Los Angeles United States: []
[2025-04-17T23:38:51.932+0000] {cursor.py:1166} INFO - Number of results in first chunk: 0
[2025-04-17T23:38:51.934+0000] {upload_to_snowflake.py:72} INFO - Processing data for Chicago United States (105 rows)
[2025-04-17T23:38:52.747+0000] {cursor.py:1166} INFO - Number of results in first chunk: 0
[2025-04-17T23:38:52.748+0000] {upload_to_snowflake.py:97} INFO - Copy result for Chicago United States: []
[2025-04-17T23:38:52.877+0000] {cursor.py:1166} INFO - Number of results in first chunk: 0
[2025-04-17T23:38:52.879+0000] {upload_to_snowflake.py:72} INFO - Processing data for Seattle United States (76 rows)
[2025-04-17T23:38:53.384+0000] {cursor.py:1166} INFO - Number of results in first chunk: 0
[2025-04-17T23:38:53.386+0000] {upload_to_snowflake.py:97} INFO - Copy result for Seattle United States: []
[2025-04-17T23:38:53.570+0000] {cursor.py:1166} INFO - Number of results in first chunk: 0
[2025-04-17T23:38:53.677+0000] {cursor.py:1166} INFO - Number of results in first chunk: 1
[2025-04-17T23:38:53.679+0000] {upload_to_snowflake.py:114} INFO - Total rows in Snowflake table: 0
[2025-04-17T23:38:53.778+0000] {cursor.py:1166} INFO - Number of results in first chunk: 0
[2025-04-17T23:38:53.779+0000] {upload_to_snowflake.py:120} INFO - City distribution in Snowflake: []
[2025-04-17T23:38:53.780+0000] {connection.py:789} INFO - closed
[2025-04-17T23:38:53.814+0000] {connection.py:795} INFO - No async queries seem to be running, deleting session
[2025-04-17T23:38:53.867+0000] {upload_to_snowflake.py:132} INFO - Data successfully copied to Snowflake table: TRIPHOBO_TOURS
[2025-04-17T23:38:53.881+0000] {python.py:240} INFO - Done. Returned value was: None
[2025-04-17T23:38:53.892+0000] {taskinstance.py:340} INFO - ::group::Post task execution logs
[2025-04-17T23:38:53.892+0000] {taskinstance.py:352} INFO - Marking task as SUCCESS. dag_id=s3_to_snowflake_attractions_pipeline, task_id=load_csv_to_snowflake, run_id=manual__2025-04-17T23:38:43.912965+00:00, execution_date=20250417T233843, start_date=20250417T233844, end_date=20250417T233853
[2025-04-17T23:38:53.936+0000] {local_task_job_runner.py:266} INFO - Task exited with return code 0
[2025-04-17T23:38:53.947+0000] {taskinstance.py:3895} INFO - 0 downstream tasks scheduled from follow-on schedule check
[2025-04-17T23:38:53.947+0000] {local_task_job_runner.py:245} INFO - ::endgroup::
