[2025-04-11T19:44:55.604+0000] {processor.py:186} INFO - Started process (PID=90) to work on /home/airflow/.local/lib/python3.12/site-packages/airflow/example_dags/example_task_group.py
[2025-04-11T19:44:55.610+0000] {processor.py:914} INFO - Processing file /home/airflow/.local/lib/python3.12/site-packages/airflow/example_dags/example_task_group.py for tasks to queue
[2025-04-11T19:44:55.633+0000] {logging_mixin.py:190} INFO - [2025-04-11T19:44:55.627+0000] {dagbag.py:588} INFO - Filling up the DagBag from /home/airflow/.local/lib/python3.12/site-packages/airflow/example_dags/example_task_group.py
[2025-04-11T19:44:55.741+0000] {processor.py:925} INFO - DAG(s) 'example_task_group' retrieved from /home/airflow/.local/lib/python3.12/site-packages/airflow/example_dags/example_task_group.py
[2025-04-11T19:44:57.740+0000] {logging_mixin.py:190} INFO - [2025-04-11T19:44:57.732+0000] {override.py:1912} INFO - Created Permission View: can delete on DAG:example_task_group
[2025-04-11T19:44:57.816+0000] {logging_mixin.py:190} INFO - [2025-04-11T19:44:57.815+0000] {override.py:1912} INFO - Created Permission View: can read on DAG:example_task_group
[2025-04-11T19:44:57.863+0000] {logging_mixin.py:190} INFO - [2025-04-11T19:44:57.863+0000] {override.py:1912} INFO - Created Permission View: can edit on DAG:example_task_group
[2025-04-11T19:44:57.983+0000] {logging_mixin.py:190} INFO - [2025-04-11T19:44:57.972+0000] {override.py:1912} INFO - Created Permission View: can create on DAG Run:example_task_group
[2025-04-11T19:44:58.030+0000] {logging_mixin.py:190} INFO - [2025-04-11T19:44:58.029+0000] {override.py:1912} INFO - Created Permission View: can read on DAG Run:example_task_group
[2025-04-11T19:44:58.090+0000] {logging_mixin.py:190} INFO - [2025-04-11T19:44:58.090+0000] {override.py:1912} INFO - Created Permission View: can delete on DAG Run:example_task_group
[2025-04-11T19:44:58.129+0000] {logging_mixin.py:190} INFO - [2025-04-11T19:44:58.127+0000] {override.py:1912} INFO - Created Permission View: menu access on DAG Run:example_task_group
[2025-04-11T19:44:58.139+0000] {logging_mixin.py:190} INFO - [2025-04-11T19:44:58.135+0000] {dag.py:3239} INFO - Sync 1 DAGs
[2025-04-11T19:44:58.323+0000] {logging_mixin.py:190} INFO - [2025-04-11T19:44:58.321+0000] {dag.py:3262} INFO - Creating ORM DAG for example_task_group
[2025-04-11T19:44:58.338+0000] {logging_mixin.py:190} INFO - [2025-04-11T19:44:58.338+0000] {dag.py:4180} INFO - Setting next_dagrun for example_task_group to None, run_after=None
[2025-04-11T19:44:58.581+0000] {processor.py:208} INFO - Processing /home/airflow/.local/lib/python3.12/site-packages/airflow/example_dags/example_task_group.py took 3.242 seconds
[2025-04-11T19:46:51.390+0000] {processor.py:186} INFO - Started process (PID=166) to work on /home/airflow/.local/lib/python3.12/site-packages/airflow/example_dags/example_task_group.py
[2025-04-11T19:46:51.392+0000] {processor.py:914} INFO - Processing file /home/airflow/.local/lib/python3.12/site-packages/airflow/example_dags/example_task_group.py for tasks to queue
[2025-04-11T19:46:51.403+0000] {logging_mixin.py:190} INFO - [2025-04-11T19:46:51.403+0000] {dagbag.py:588} INFO - Filling up the DagBag from /home/airflow/.local/lib/python3.12/site-packages/airflow/example_dags/example_task_group.py
[2025-04-11T19:46:51.428+0000] {processor.py:925} INFO - DAG(s) 'example_task_group' retrieved from /home/airflow/.local/lib/python3.12/site-packages/airflow/example_dags/example_task_group.py
[2025-04-11T19:46:51.498+0000] {logging_mixin.py:190} INFO - [2025-04-11T19:46:51.498+0000] {dag.py:3239} INFO - Sync 1 DAGs
[2025-04-11T19:46:51.547+0000] {logging_mixin.py:190} INFO - [2025-04-11T19:46:51.546+0000] {dag.py:4180} INFO - Setting next_dagrun for example_task_group to None, run_after=None
[2025-04-11T19:46:51.616+0000] {processor.py:208} INFO - Processing /home/airflow/.local/lib/python3.12/site-packages/airflow/example_dags/example_task_group.py took 0.243 seconds
[2025-04-11T19:47:24.530+0000] {processor.py:186} INFO - Started process (PID=226) to work on /home/airflow/.local/lib/python3.12/site-packages/airflow/example_dags/example_task_group.py
[2025-04-11T19:47:24.534+0000] {processor.py:914} INFO - Processing file /home/airflow/.local/lib/python3.12/site-packages/airflow/example_dags/example_task_group.py for tasks to queue
[2025-04-11T19:47:24.546+0000] {logging_mixin.py:190} INFO - [2025-04-11T19:47:24.541+0000] {dagbag.py:588} INFO - Filling up the DagBag from /home/airflow/.local/lib/python3.12/site-packages/airflow/example_dags/example_task_group.py
[2025-04-11T19:47:24.600+0000] {processor.py:925} INFO - DAG(s) 'example_task_group' retrieved from /home/airflow/.local/lib/python3.12/site-packages/airflow/example_dags/example_task_group.py
[2025-04-11T19:47:24.752+0000] {logging_mixin.py:190} INFO - [2025-04-11T19:47:24.751+0000] {dag.py:3239} INFO - Sync 1 DAGs
[2025-04-11T19:47:24.807+0000] {logging_mixin.py:190} INFO - [2025-04-11T19:47:24.807+0000] {dag.py:4180} INFO - Setting next_dagrun for example_task_group to None, run_after=None
[2025-04-11T19:47:24.910+0000] {processor.py:208} INFO - Processing /home/airflow/.local/lib/python3.12/site-packages/airflow/example_dags/example_task_group.py took 0.403 seconds
[2025-04-11T19:52:51.361+0000] {processor.py:186} INFO - Started process (PID=87) to work on /home/airflow/.local/lib/python3.12/site-packages/airflow/example_dags/example_task_group.py
[2025-04-11T19:52:51.370+0000] {processor.py:914} INFO - Processing file /home/airflow/.local/lib/python3.12/site-packages/airflow/example_dags/example_task_group.py for tasks to queue
[2025-04-11T19:52:51.400+0000] {logging_mixin.py:190} INFO - [2025-04-11T19:52:51.391+0000] {dagbag.py:588} INFO - Filling up the DagBag from /home/airflow/.local/lib/python3.12/site-packages/airflow/example_dags/example_task_group.py
[2025-04-11T19:52:51.472+0000] {processor.py:925} INFO - DAG(s) 'example_task_group' retrieved from /home/airflow/.local/lib/python3.12/site-packages/airflow/example_dags/example_task_group.py
[2025-04-11T19:52:51.621+0000] {logging_mixin.py:190} INFO - [2025-04-11T19:52:51.620+0000] {dag.py:3239} INFO - Sync 1 DAGs
[2025-04-11T19:52:51.736+0000] {logging_mixin.py:190} INFO - [2025-04-11T19:52:51.735+0000] {dag.py:4180} INFO - Setting next_dagrun for example_task_group to None, run_after=None
[2025-04-11T19:52:51.845+0000] {processor.py:208} INFO - Processing /home/airflow/.local/lib/python3.12/site-packages/airflow/example_dags/example_task_group.py took 0.518 seconds
[2025-04-11T19:54:16.241+0000] {processor.py:186} INFO - Started process (PID=156) to work on /home/airflow/.local/lib/python3.12/site-packages/airflow/example_dags/example_task_group.py
[2025-04-11T19:54:16.246+0000] {processor.py:914} INFO - Processing file /home/airflow/.local/lib/python3.12/site-packages/airflow/example_dags/example_task_group.py for tasks to queue
[2025-04-11T19:54:16.262+0000] {logging_mixin.py:190} INFO - [2025-04-11T19:54:16.261+0000] {dagbag.py:588} INFO - Filling up the DagBag from /home/airflow/.local/lib/python3.12/site-packages/airflow/example_dags/example_task_group.py
[2025-04-11T19:54:16.315+0000] {processor.py:925} INFO - DAG(s) 'example_task_group' retrieved from /home/airflow/.local/lib/python3.12/site-packages/airflow/example_dags/example_task_group.py
[2025-04-11T19:54:16.477+0000] {logging_mixin.py:190} INFO - [2025-04-11T19:54:16.477+0000] {dag.py:3239} INFO - Sync 1 DAGs
[2025-04-11T19:54:16.589+0000] {logging_mixin.py:190} INFO - [2025-04-11T19:54:16.588+0000] {dag.py:4180} INFO - Setting next_dagrun for example_task_group to None, run_after=None
[2025-04-11T19:54:16.712+0000] {processor.py:208} INFO - Processing /home/airflow/.local/lib/python3.12/site-packages/airflow/example_dags/example_task_group.py took 0.550 seconds
[2025-04-11T19:54:46.954+0000] {processor.py:186} INFO - Started process (PID=220) to work on /home/airflow/.local/lib/python3.12/site-packages/airflow/example_dags/example_task_group.py
[2025-04-11T19:54:46.957+0000] {processor.py:914} INFO - Processing file /home/airflow/.local/lib/python3.12/site-packages/airflow/example_dags/example_task_group.py for tasks to queue
[2025-04-11T19:54:46.962+0000] {logging_mixin.py:190} INFO - [2025-04-11T19:54:46.961+0000] {dagbag.py:588} INFO - Filling up the DagBag from /home/airflow/.local/lib/python3.12/site-packages/airflow/example_dags/example_task_group.py
[2025-04-11T19:54:46.978+0000] {processor.py:925} INFO - DAG(s) 'example_task_group' retrieved from /home/airflow/.local/lib/python3.12/site-packages/airflow/example_dags/example_task_group.py
[2025-04-11T19:54:47.024+0000] {logging_mixin.py:190} INFO - [2025-04-11T19:54:47.023+0000] {dag.py:3239} INFO - Sync 1 DAGs
[2025-04-11T19:54:47.075+0000] {logging_mixin.py:190} INFO - [2025-04-11T19:54:47.075+0000] {dag.py:4180} INFO - Setting next_dagrun for example_task_group to None, run_after=None
[2025-04-11T19:54:47.183+0000] {processor.py:208} INFO - Processing /home/airflow/.local/lib/python3.12/site-packages/airflow/example_dags/example_task_group.py took 0.239 seconds
[2025-04-11T19:55:40.054+0000] {processor.py:186} INFO - Started process (PID=289) to work on /home/airflow/.local/lib/python3.12/site-packages/airflow/example_dags/example_task_group.py
[2025-04-11T19:55:40.063+0000] {processor.py:914} INFO - Processing file /home/airflow/.local/lib/python3.12/site-packages/airflow/example_dags/example_task_group.py for tasks to queue
[2025-04-11T19:55:40.089+0000] {logging_mixin.py:190} INFO - [2025-04-11T19:55:40.088+0000] {dagbag.py:588} INFO - Filling up the DagBag from /home/airflow/.local/lib/python3.12/site-packages/airflow/example_dags/example_task_group.py
[2025-04-11T19:55:40.163+0000] {processor.py:925} INFO - DAG(s) 'example_task_group' retrieved from /home/airflow/.local/lib/python3.12/site-packages/airflow/example_dags/example_task_group.py
[2025-04-11T19:55:40.314+0000] {logging_mixin.py:190} INFO - [2025-04-11T19:55:40.314+0000] {dag.py:3239} INFO - Sync 1 DAGs
[2025-04-11T19:55:40.417+0000] {logging_mixin.py:190} INFO - [2025-04-11T19:55:40.417+0000] {dag.py:4180} INFO - Setting next_dagrun for example_task_group to None, run_after=None
[2025-04-11T19:55:40.558+0000] {processor.py:208} INFO - Processing /home/airflow/.local/lib/python3.12/site-packages/airflow/example_dags/example_task_group.py took 0.532 seconds
[2025-04-11T19:56:25.768+0000] {processor.py:186} INFO - Started process (PID=343) to work on /home/airflow/.local/lib/python3.12/site-packages/airflow/example_dags/example_task_group.py
[2025-04-11T19:56:25.771+0000] {processor.py:914} INFO - Processing file /home/airflow/.local/lib/python3.12/site-packages/airflow/example_dags/example_task_group.py for tasks to queue
[2025-04-11T19:56:25.777+0000] {logging_mixin.py:190} INFO - [2025-04-11T19:56:25.776+0000] {dagbag.py:588} INFO - Filling up the DagBag from /home/airflow/.local/lib/python3.12/site-packages/airflow/example_dags/example_task_group.py
[2025-04-11T19:56:25.793+0000] {processor.py:925} INFO - DAG(s) 'example_task_group' retrieved from /home/airflow/.local/lib/python3.12/site-packages/airflow/example_dags/example_task_group.py
[2025-04-11T19:56:25.843+0000] {logging_mixin.py:190} INFO - [2025-04-11T19:56:25.842+0000] {dag.py:3239} INFO - Sync 1 DAGs
[2025-04-11T19:56:25.882+0000] {logging_mixin.py:190} INFO - [2025-04-11T19:56:25.881+0000] {dag.py:4180} INFO - Setting next_dagrun for example_task_group to None, run_after=None
[2025-04-11T19:56:25.927+0000] {processor.py:208} INFO - Processing /home/airflow/.local/lib/python3.12/site-packages/airflow/example_dags/example_task_group.py took 0.172 seconds
[2025-04-11T19:59:15.700+0000] {processor.py:186} INFO - Started process (PID=76) to work on /home/airflow/.local/lib/python3.12/site-packages/airflow/example_dags/example_task_group.py
[2025-04-11T19:59:15.705+0000] {processor.py:914} INFO - Processing file /home/airflow/.local/lib/python3.12/site-packages/airflow/example_dags/example_task_group.py for tasks to queue
[2025-04-11T19:59:15.729+0000] {logging_mixin.py:190} INFO - [2025-04-11T19:59:15.728+0000] {dagbag.py:588} INFO - Filling up the DagBag from /home/airflow/.local/lib/python3.12/site-packages/airflow/example_dags/example_task_group.py
[2025-04-11T19:59:15.825+0000] {processor.py:925} INFO - DAG(s) 'example_task_group' retrieved from /home/airflow/.local/lib/python3.12/site-packages/airflow/example_dags/example_task_group.py
[2025-04-11T19:59:16.042+0000] {logging_mixin.py:190} INFO - [2025-04-11T19:59:16.041+0000] {dag.py:3239} INFO - Sync 1 DAGs
[2025-04-11T19:59:16.168+0000] {logging_mixin.py:190} INFO - [2025-04-11T19:59:16.168+0000] {dag.py:4180} INFO - Setting next_dagrun for example_task_group to None, run_after=None
[2025-04-11T19:59:16.400+0000] {processor.py:208} INFO - Processing /home/airflow/.local/lib/python3.12/site-packages/airflow/example_dags/example_task_group.py took 0.752 seconds
[2025-04-11T20:00:03.843+0000] {processor.py:186} INFO - Started process (PID=140) to work on /home/airflow/.local/lib/python3.12/site-packages/airflow/example_dags/example_task_group.py
[2025-04-11T20:00:03.848+0000] {processor.py:914} INFO - Processing file /home/airflow/.local/lib/python3.12/site-packages/airflow/example_dags/example_task_group.py for tasks to queue
[2025-04-11T20:00:03.866+0000] {logging_mixin.py:190} INFO - [2025-04-11T20:00:03.859+0000] {dagbag.py:588} INFO - Filling up the DagBag from /home/airflow/.local/lib/python3.12/site-packages/airflow/example_dags/example_task_group.py
[2025-04-11T20:00:03.925+0000] {processor.py:925} INFO - DAG(s) 'example_task_group' retrieved from /home/airflow/.local/lib/python3.12/site-packages/airflow/example_dags/example_task_group.py
[2025-04-11T20:00:04.124+0000] {logging_mixin.py:190} INFO - [2025-04-11T20:00:04.123+0000] {dag.py:3239} INFO - Sync 1 DAGs
[2025-04-11T20:00:04.233+0000] {logging_mixin.py:190} INFO - [2025-04-11T20:00:04.233+0000] {dag.py:4180} INFO - Setting next_dagrun for example_task_group to None, run_after=None
[2025-04-11T20:00:04.340+0000] {processor.py:208} INFO - Processing /home/airflow/.local/lib/python3.12/site-packages/airflow/example_dags/example_task_group.py took 0.552 seconds
[2025-04-11T20:05:03.651+0000] {processor.py:186} INFO - Started process (PID=95) to work on /home/airflow/.local/lib/python3.12/site-packages/airflow/example_dags/example_task_group.py
[2025-04-11T20:05:03.663+0000] {processor.py:914} INFO - Processing file /home/airflow/.local/lib/python3.12/site-packages/airflow/example_dags/example_task_group.py for tasks to queue
[2025-04-11T20:05:03.693+0000] {logging_mixin.py:190} INFO - [2025-04-11T20:05:03.686+0000] {dagbag.py:588} INFO - Filling up the DagBag from /home/airflow/.local/lib/python3.12/site-packages/airflow/example_dags/example_task_group.py
[2025-04-11T20:05:03.747+0000] {processor.py:925} INFO - DAG(s) 'example_task_group' retrieved from /home/airflow/.local/lib/python3.12/site-packages/airflow/example_dags/example_task_group.py
[2025-04-11T20:05:03.884+0000] {logging_mixin.py:190} INFO - [2025-04-11T20:05:03.883+0000] {dag.py:3239} INFO - Sync 1 DAGs
[2025-04-11T20:05:04.014+0000] {logging_mixin.py:190} INFO - [2025-04-11T20:05:04.014+0000] {dag.py:4180} INFO - Setting next_dagrun for example_task_group to None, run_after=None
[2025-04-11T20:05:04.262+0000] {processor.py:208} INFO - Processing /home/airflow/.local/lib/python3.12/site-packages/airflow/example_dags/example_task_group.py took 0.657 seconds
[2025-04-11T20:09:20.429+0000] {processor.py:186} INFO - Started process (PID=102) to work on /home/airflow/.local/lib/python3.12/site-packages/airflow/example_dags/example_task_group.py
[2025-04-11T20:09:20.514+0000] {processor.py:914} INFO - Processing file /home/airflow/.local/lib/python3.12/site-packages/airflow/example_dags/example_task_group.py for tasks to queue
[2025-04-11T20:09:20.608+0000] {logging_mixin.py:190} INFO - [2025-04-11T20:09:20.606+0000] {dagbag.py:588} INFO - Filling up the DagBag from /home/airflow/.local/lib/python3.12/site-packages/airflow/example_dags/example_task_group.py
[2025-04-11T20:09:21.526+0000] {processor.py:925} INFO - DAG(s) 'example_task_group' retrieved from /home/airflow/.local/lib/python3.12/site-packages/airflow/example_dags/example_task_group.py
[2025-04-11T20:09:23.775+0000] {logging_mixin.py:190} INFO - [2025-04-11T20:09:23.774+0000] {dag.py:3239} INFO - Sync 1 DAGs
[2025-04-11T20:09:24.591+0000] {logging_mixin.py:190} INFO - [2025-04-11T20:09:24.590+0000] {dag.py:4180} INFO - Setting next_dagrun for example_task_group to None, run_after=None
[2025-04-11T20:09:27.619+0000] {processor.py:208} INFO - Processing /home/airflow/.local/lib/python3.12/site-packages/airflow/example_dags/example_task_group.py took 7.363 seconds
[2025-04-11T20:13:37.167+0000] {processor.py:186} INFO - Started process (PID=85) to work on /home/airflow/.local/lib/python3.12/site-packages/airflow/example_dags/example_task_group.py
[2025-04-11T20:13:37.178+0000] {processor.py:914} INFO - Processing file /home/airflow/.local/lib/python3.12/site-packages/airflow/example_dags/example_task_group.py for tasks to queue
[2025-04-11T20:13:37.201+0000] {logging_mixin.py:190} INFO - [2025-04-11T20:13:37.196+0000] {dagbag.py:588} INFO - Filling up the DagBag from /home/airflow/.local/lib/python3.12/site-packages/airflow/example_dags/example_task_group.py
[2025-04-11T20:13:37.314+0000] {processor.py:925} INFO - DAG(s) 'example_task_group' retrieved from /home/airflow/.local/lib/python3.12/site-packages/airflow/example_dags/example_task_group.py
[2025-04-11T20:13:37.545+0000] {logging_mixin.py:190} INFO - [2025-04-11T20:13:37.545+0000] {dag.py:3239} INFO - Sync 1 DAGs
[2025-04-11T20:13:37.794+0000] {logging_mixin.py:190} INFO - [2025-04-11T20:13:37.794+0000] {dag.py:4180} INFO - Setting next_dagrun for example_task_group to None, run_after=None
[2025-04-11T20:13:37.926+0000] {processor.py:208} INFO - Processing /home/airflow/.local/lib/python3.12/site-packages/airflow/example_dags/example_task_group.py took 0.815 seconds
[2025-04-11T20:14:48.360+0000] {processor.py:186} INFO - Started process (PID=155) to work on /home/airflow/.local/lib/python3.12/site-packages/airflow/example_dags/example_task_group.py
[2025-04-11T20:14:48.399+0000] {processor.py:914} INFO - Processing file /home/airflow/.local/lib/python3.12/site-packages/airflow/example_dags/example_task_group.py for tasks to queue
[2025-04-11T20:14:48.435+0000] {logging_mixin.py:190} INFO - [2025-04-11T20:14:48.434+0000] {dagbag.py:588} INFO - Filling up the DagBag from /home/airflow/.local/lib/python3.12/site-packages/airflow/example_dags/example_task_group.py
[2025-04-11T20:14:49.735+0000] {processor.py:925} INFO - DAG(s) 'example_task_group' retrieved from /home/airflow/.local/lib/python3.12/site-packages/airflow/example_dags/example_task_group.py
[2025-04-11T20:14:50.597+0000] {logging_mixin.py:190} INFO - [2025-04-11T20:14:50.596+0000] {dag.py:3239} INFO - Sync 1 DAGs
[2025-04-11T20:14:51.055+0000] {logging_mixin.py:190} INFO - [2025-04-11T20:14:51.054+0000] {dag.py:4180} INFO - Setting next_dagrun for example_task_group to None, run_after=None
[2025-04-11T20:14:52.127+0000] {processor.py:208} INFO - Processing /home/airflow/.local/lib/python3.12/site-packages/airflow/example_dags/example_task_group.py took 3.807 seconds
[2025-04-11T20:15:56.671+0000] {processor.py:186} INFO - Started process (PID=204) to work on /home/airflow/.local/lib/python3.12/site-packages/airflow/example_dags/example_task_group.py
[2025-04-11T20:15:56.697+0000] {processor.py:914} INFO - Processing file /home/airflow/.local/lib/python3.12/site-packages/airflow/example_dags/example_task_group.py for tasks to queue
[2025-04-11T20:15:56.710+0000] {logging_mixin.py:190} INFO - [2025-04-11T20:15:56.710+0000] {dagbag.py:588} INFO - Filling up the DagBag from /home/airflow/.local/lib/python3.12/site-packages/airflow/example_dags/example_task_group.py
[2025-04-11T20:15:56.759+0000] {processor.py:925} INFO - DAG(s) 'example_task_group' retrieved from /home/airflow/.local/lib/python3.12/site-packages/airflow/example_dags/example_task_group.py
[2025-04-11T20:15:56.850+0000] {logging_mixin.py:190} INFO - [2025-04-11T20:15:56.849+0000] {dag.py:3239} INFO - Sync 1 DAGs
[2025-04-11T20:15:56.891+0000] {logging_mixin.py:190} INFO - [2025-04-11T20:15:56.890+0000] {dag.py:4180} INFO - Setting next_dagrun for example_task_group to None, run_after=None
[2025-04-11T20:15:56.981+0000] {processor.py:208} INFO - Processing /home/airflow/.local/lib/python3.12/site-packages/airflow/example_dags/example_task_group.py took 0.391 seconds
[2025-04-11T20:16:38.419+0000] {processor.py:186} INFO - Started process (PID=266) to work on /home/airflow/.local/lib/python3.12/site-packages/airflow/example_dags/example_task_group.py
[2025-04-11T20:16:38.424+0000] {processor.py:914} INFO - Processing file /home/airflow/.local/lib/python3.12/site-packages/airflow/example_dags/example_task_group.py for tasks to queue
[2025-04-11T20:16:38.436+0000] {logging_mixin.py:190} INFO - [2025-04-11T20:16:38.436+0000] {dagbag.py:588} INFO - Filling up the DagBag from /home/airflow/.local/lib/python3.12/site-packages/airflow/example_dags/example_task_group.py
[2025-04-11T20:16:38.485+0000] {processor.py:925} INFO - DAG(s) 'example_task_group' retrieved from /home/airflow/.local/lib/python3.12/site-packages/airflow/example_dags/example_task_group.py
[2025-04-11T20:16:38.622+0000] {logging_mixin.py:190} INFO - [2025-04-11T20:16:38.621+0000] {dag.py:3239} INFO - Sync 1 DAGs
[2025-04-11T20:16:38.712+0000] {logging_mixin.py:190} INFO - [2025-04-11T20:16:38.712+0000] {dag.py:4180} INFO - Setting next_dagrun for example_task_group to None, run_after=None
[2025-04-11T20:16:38.893+0000] {processor.py:208} INFO - Processing /home/airflow/.local/lib/python3.12/site-packages/airflow/example_dags/example_task_group.py took 0.488 seconds
[2025-04-11T20:17:18.180+0000] {processor.py:186} INFO - Started process (PID=330) to work on /home/airflow/.local/lib/python3.12/site-packages/airflow/example_dags/example_task_group.py
[2025-04-11T20:17:18.182+0000] {processor.py:914} INFO - Processing file /home/airflow/.local/lib/python3.12/site-packages/airflow/example_dags/example_task_group.py for tasks to queue
[2025-04-11T20:17:18.198+0000] {logging_mixin.py:190} INFO - [2025-04-11T20:17:18.197+0000] {dagbag.py:588} INFO - Filling up the DagBag from /home/airflow/.local/lib/python3.12/site-packages/airflow/example_dags/example_task_group.py
[2025-04-11T20:17:18.238+0000] {processor.py:925} INFO - DAG(s) 'example_task_group' retrieved from /home/airflow/.local/lib/python3.12/site-packages/airflow/example_dags/example_task_group.py
[2025-04-11T20:17:18.412+0000] {logging_mixin.py:190} INFO - [2025-04-11T20:17:18.412+0000] {dag.py:3239} INFO - Sync 1 DAGs
[2025-04-11T20:17:18.479+0000] {logging_mixin.py:190} INFO - [2025-04-11T20:17:18.478+0000] {dag.py:4180} INFO - Setting next_dagrun for example_task_group to None, run_after=None
[2025-04-11T20:17:18.559+0000] {processor.py:208} INFO - Processing /home/airflow/.local/lib/python3.12/site-packages/airflow/example_dags/example_task_group.py took 0.401 seconds
[2025-04-11T20:17:51.866+0000] {processor.py:186} INFO - Started process (PID=394) to work on /home/airflow/.local/lib/python3.12/site-packages/airflow/example_dags/example_task_group.py
[2025-04-11T20:17:51.893+0000] {processor.py:914} INFO - Processing file /home/airflow/.local/lib/python3.12/site-packages/airflow/example_dags/example_task_group.py for tasks to queue
[2025-04-11T20:17:51.917+0000] {logging_mixin.py:190} INFO - [2025-04-11T20:17:51.916+0000] {dagbag.py:588} INFO - Filling up the DagBag from /home/airflow/.local/lib/python3.12/site-packages/airflow/example_dags/example_task_group.py
[2025-04-11T20:17:51.980+0000] {processor.py:925} INFO - DAG(s) 'example_task_group' retrieved from /home/airflow/.local/lib/python3.12/site-packages/airflow/example_dags/example_task_group.py
[2025-04-11T20:17:52.105+0000] {logging_mixin.py:190} INFO - [2025-04-11T20:17:52.104+0000] {dag.py:3239} INFO - Sync 1 DAGs
[2025-04-11T20:17:52.282+0000] {logging_mixin.py:190} INFO - [2025-04-11T20:17:52.277+0000] {dag.py:4180} INFO - Setting next_dagrun for example_task_group to None, run_after=None
[2025-04-11T20:17:52.414+0000] {processor.py:208} INFO - Processing /home/airflow/.local/lib/python3.12/site-packages/airflow/example_dags/example_task_group.py took 0.734 seconds
[2025-04-11T20:22:39.013+0000] {processor.py:186} INFO - Started process (PID=89) to work on /home/airflow/.local/lib/python3.12/site-packages/airflow/example_dags/example_task_group.py
[2025-04-11T20:22:39.024+0000] {processor.py:914} INFO - Processing file /home/airflow/.local/lib/python3.12/site-packages/airflow/example_dags/example_task_group.py for tasks to queue
[2025-04-11T20:22:39.075+0000] {logging_mixin.py:190} INFO - [2025-04-11T20:22:39.074+0000] {dagbag.py:588} INFO - Filling up the DagBag from /home/airflow/.local/lib/python3.12/site-packages/airflow/example_dags/example_task_group.py
[2025-04-11T20:22:39.225+0000] {processor.py:925} INFO - DAG(s) 'example_task_group' retrieved from /home/airflow/.local/lib/python3.12/site-packages/airflow/example_dags/example_task_group.py
[2025-04-11T20:22:40.766+0000] {logging_mixin.py:190} INFO - [2025-04-11T20:22:40.759+0000] {override.py:1912} INFO - Created Permission View: can read on DAG:example_task_group
[2025-04-11T20:22:40.838+0000] {logging_mixin.py:190} INFO - [2025-04-11T20:22:40.837+0000] {override.py:1912} INFO - Created Permission View: can edit on DAG:example_task_group
[2025-04-11T20:22:40.907+0000] {logging_mixin.py:190} INFO - [2025-04-11T20:22:40.906+0000] {override.py:1912} INFO - Created Permission View: can delete on DAG:example_task_group
[2025-04-11T20:22:40.983+0000] {logging_mixin.py:190} INFO - [2025-04-11T20:22:40.982+0000] {override.py:1912} INFO - Created Permission View: can create on DAG Run:example_task_group
[2025-04-11T20:22:41.236+0000] {logging_mixin.py:190} INFO - [2025-04-11T20:22:41.234+0000] {override.py:1912} INFO - Created Permission View: can read on DAG Run:example_task_group
[2025-04-11T20:22:41.271+0000] {logging_mixin.py:190} INFO - [2025-04-11T20:22:41.270+0000] {override.py:1912} INFO - Created Permission View: can delete on DAG Run:example_task_group
[2025-04-11T20:22:41.326+0000] {logging_mixin.py:190} INFO - [2025-04-11T20:22:41.326+0000] {override.py:1912} INFO - Created Permission View: menu access on DAG Run:example_task_group
[2025-04-11T20:22:41.336+0000] {logging_mixin.py:190} INFO - [2025-04-11T20:22:41.335+0000] {dag.py:3239} INFO - Sync 1 DAGs
[2025-04-11T20:22:41.438+0000] {logging_mixin.py:190} INFO - [2025-04-11T20:22:41.437+0000] {dag.py:3262} INFO - Creating ORM DAG for example_task_group
[2025-04-11T20:22:41.440+0000] {logging_mixin.py:190} INFO - [2025-04-11T20:22:41.440+0000] {dag.py:4180} INFO - Setting next_dagrun for example_task_group to None, run_after=None
[2025-04-11T20:22:41.543+0000] {processor.py:208} INFO - Processing /home/airflow/.local/lib/python3.12/site-packages/airflow/example_dags/example_task_group.py took 2.608 seconds
[2025-04-11T20:24:44.800+0000] {processor.py:186} INFO - Started process (PID=170) to work on /home/airflow/.local/lib/python3.12/site-packages/airflow/example_dags/example_task_group.py
[2025-04-11T20:24:44.804+0000] {processor.py:914} INFO - Processing file /home/airflow/.local/lib/python3.12/site-packages/airflow/example_dags/example_task_group.py for tasks to queue
[2025-04-11T20:24:44.817+0000] {logging_mixin.py:190} INFO - [2025-04-11T20:24:44.816+0000] {dagbag.py:588} INFO - Filling up the DagBag from /home/airflow/.local/lib/python3.12/site-packages/airflow/example_dags/example_task_group.py
[2025-04-11T20:24:44.845+0000] {processor.py:925} INFO - DAG(s) 'example_task_group' retrieved from /home/airflow/.local/lib/python3.12/site-packages/airflow/example_dags/example_task_group.py
[2025-04-11T20:24:44.918+0000] {logging_mixin.py:190} INFO - [2025-04-11T20:24:44.918+0000] {dag.py:3239} INFO - Sync 1 DAGs
[2025-04-11T20:24:45.001+0000] {logging_mixin.py:190} INFO - [2025-04-11T20:24:45.001+0000] {dag.py:4180} INFO - Setting next_dagrun for example_task_group to None, run_after=None
[2025-04-11T20:24:45.468+0000] {processor.py:208} INFO - Processing /home/airflow/.local/lib/python3.12/site-packages/airflow/example_dags/example_task_group.py took 0.683 seconds
[2025-04-11T20:25:17.998+0000] {processor.py:186} INFO - Started process (PID=234) to work on /home/airflow/.local/lib/python3.12/site-packages/airflow/example_dags/example_task_group.py
[2025-04-11T20:25:18.010+0000] {processor.py:914} INFO - Processing file /home/airflow/.local/lib/python3.12/site-packages/airflow/example_dags/example_task_group.py for tasks to queue
[2025-04-11T20:25:18.030+0000] {logging_mixin.py:190} INFO - [2025-04-11T20:25:18.020+0000] {dagbag.py:588} INFO - Filling up the DagBag from /home/airflow/.local/lib/python3.12/site-packages/airflow/example_dags/example_task_group.py
[2025-04-11T20:25:18.265+0000] {processor.py:925} INFO - DAG(s) 'example_task_group' retrieved from /home/airflow/.local/lib/python3.12/site-packages/airflow/example_dags/example_task_group.py
[2025-04-11T20:25:18.634+0000] {logging_mixin.py:190} INFO - [2025-04-11T20:25:18.631+0000] {dag.py:3239} INFO - Sync 1 DAGs
[2025-04-11T20:25:18.845+0000] {logging_mixin.py:190} INFO - [2025-04-11T20:25:18.844+0000] {dag.py:4180} INFO - Setting next_dagrun for example_task_group to None, run_after=None
[2025-04-11T20:25:19.049+0000] {processor.py:208} INFO - Processing /home/airflow/.local/lib/python3.12/site-packages/airflow/example_dags/example_task_group.py took 1.158 seconds
[2025-04-11T20:28:24.764+0000] {processor.py:186} INFO - Started process (PID=77) to work on /home/airflow/.local/lib/python3.12/site-packages/airflow/example_dags/example_task_group.py
[2025-04-11T20:28:24.767+0000] {processor.py:914} INFO - Processing file /home/airflow/.local/lib/python3.12/site-packages/airflow/example_dags/example_task_group.py for tasks to queue
[2025-04-11T20:28:24.774+0000] {logging_mixin.py:190} INFO - [2025-04-11T20:28:24.773+0000] {dagbag.py:588} INFO - Filling up the DagBag from /home/airflow/.local/lib/python3.12/site-packages/airflow/example_dags/example_task_group.py
[2025-04-11T20:28:24.823+0000] {processor.py:925} INFO - DAG(s) 'example_task_group' retrieved from /home/airflow/.local/lib/python3.12/site-packages/airflow/example_dags/example_task_group.py
[2025-04-11T20:28:24.962+0000] {logging_mixin.py:190} INFO - [2025-04-11T20:28:24.962+0000] {dag.py:3239} INFO - Sync 1 DAGs
[2025-04-11T20:28:25.023+0000] {logging_mixin.py:190} INFO - [2025-04-11T20:28:25.022+0000] {dag.py:4180} INFO - Setting next_dagrun for example_task_group to None, run_after=None
[2025-04-11T20:28:25.118+0000] {processor.py:208} INFO - Processing /home/airflow/.local/lib/python3.12/site-packages/airflow/example_dags/example_task_group.py took 0.377 seconds
[2025-04-11T20:28:56.262+0000] {processor.py:186} INFO - Started process (PID=140) to work on /home/airflow/.local/lib/python3.12/site-packages/airflow/example_dags/example_task_group.py
[2025-04-11T20:28:56.266+0000] {processor.py:914} INFO - Processing file /home/airflow/.local/lib/python3.12/site-packages/airflow/example_dags/example_task_group.py for tasks to queue
[2025-04-11T20:28:56.278+0000] {logging_mixin.py:190} INFO - [2025-04-11T20:28:56.276+0000] {dagbag.py:588} INFO - Filling up the DagBag from /home/airflow/.local/lib/python3.12/site-packages/airflow/example_dags/example_task_group.py
[2025-04-11T20:28:56.312+0000] {processor.py:925} INFO - DAG(s) 'example_task_group' retrieved from /home/airflow/.local/lib/python3.12/site-packages/airflow/example_dags/example_task_group.py
[2025-04-11T20:28:56.383+0000] {logging_mixin.py:190} INFO - [2025-04-11T20:28:56.382+0000] {dag.py:3239} INFO - Sync 1 DAGs
[2025-04-11T20:28:56.427+0000] {logging_mixin.py:190} INFO - [2025-04-11T20:28:56.427+0000] {dag.py:4180} INFO - Setting next_dagrun for example_task_group to None, run_after=None
[2025-04-11T20:28:56.546+0000] {processor.py:208} INFO - Processing /home/airflow/.local/lib/python3.12/site-packages/airflow/example_dags/example_task_group.py took 0.297 seconds
[2025-04-11T20:29:28.260+0000] {processor.py:186} INFO - Started process (PID=203) to work on /home/airflow/.local/lib/python3.12/site-packages/airflow/example_dags/example_task_group.py
[2025-04-11T20:29:28.265+0000] {processor.py:914} INFO - Processing file /home/airflow/.local/lib/python3.12/site-packages/airflow/example_dags/example_task_group.py for tasks to queue
[2025-04-11T20:29:28.275+0000] {logging_mixin.py:190} INFO - [2025-04-11T20:29:28.273+0000] {dagbag.py:588} INFO - Filling up the DagBag from /home/airflow/.local/lib/python3.12/site-packages/airflow/example_dags/example_task_group.py
[2025-04-11T20:29:28.367+0000] {processor.py:925} INFO - DAG(s) 'example_task_group' retrieved from /home/airflow/.local/lib/python3.12/site-packages/airflow/example_dags/example_task_group.py
[2025-04-11T20:29:28.713+0000] {logging_mixin.py:190} INFO - [2025-04-11T20:29:28.711+0000] {dag.py:3239} INFO - Sync 1 DAGs
[2025-04-11T20:29:28.877+0000] {logging_mixin.py:190} INFO - [2025-04-11T20:29:28.877+0000] {dag.py:4180} INFO - Setting next_dagrun for example_task_group to None, run_after=None
[2025-04-11T20:29:28.983+0000] {processor.py:208} INFO - Processing /home/airflow/.local/lib/python3.12/site-packages/airflow/example_dags/example_task_group.py took 0.738 seconds
[2025-04-11T20:30:25.820+0000] {processor.py:186} INFO - Started process (PID=265) to work on /home/airflow/.local/lib/python3.12/site-packages/airflow/example_dags/example_task_group.py
[2025-04-11T20:30:25.872+0000] {processor.py:914} INFO - Processing file /home/airflow/.local/lib/python3.12/site-packages/airflow/example_dags/example_task_group.py for tasks to queue
[2025-04-11T20:30:25.899+0000] {logging_mixin.py:190} INFO - [2025-04-11T20:30:25.898+0000] {dagbag.py:588} INFO - Filling up the DagBag from /home/airflow/.local/lib/python3.12/site-packages/airflow/example_dags/example_task_group.py
[2025-04-11T20:30:25.976+0000] {processor.py:925} INFO - DAG(s) 'example_task_group' retrieved from /home/airflow/.local/lib/python3.12/site-packages/airflow/example_dags/example_task_group.py
[2025-04-11T20:30:26.320+0000] {logging_mixin.py:190} INFO - [2025-04-11T20:30:26.317+0000] {dag.py:3239} INFO - Sync 1 DAGs
[2025-04-11T20:30:26.469+0000] {logging_mixin.py:190} INFO - [2025-04-11T20:30:26.468+0000] {dag.py:4180} INFO - Setting next_dagrun for example_task_group to None, run_after=None
[2025-04-11T20:30:26.604+0000] {processor.py:208} INFO - Processing /home/airflow/.local/lib/python3.12/site-packages/airflow/example_dags/example_task_group.py took 0.943 seconds
[2025-04-11T20:31:11.508+0000] {processor.py:186} INFO - Started process (PID=329) to work on /home/airflow/.local/lib/python3.12/site-packages/airflow/example_dags/example_task_group.py
[2025-04-11T20:31:11.551+0000] {processor.py:914} INFO - Processing file /home/airflow/.local/lib/python3.12/site-packages/airflow/example_dags/example_task_group.py for tasks to queue
[2025-04-11T20:31:11.587+0000] {logging_mixin.py:190} INFO - [2025-04-11T20:31:11.586+0000] {dagbag.py:588} INFO - Filling up the DagBag from /home/airflow/.local/lib/python3.12/site-packages/airflow/example_dags/example_task_group.py
[2025-04-11T20:31:11.765+0000] {processor.py:925} INFO - DAG(s) 'example_task_group' retrieved from /home/airflow/.local/lib/python3.12/site-packages/airflow/example_dags/example_task_group.py
[2025-04-11T20:31:12.086+0000] {logging_mixin.py:190} INFO - [2025-04-11T20:31:12.085+0000] {dag.py:3239} INFO - Sync 1 DAGs
[2025-04-11T20:31:12.244+0000] {logging_mixin.py:190} INFO - [2025-04-11T20:31:12.240+0000] {dag.py:4180} INFO - Setting next_dagrun for example_task_group to None, run_after=None
[2025-04-11T20:31:12.335+0000] {processor.py:208} INFO - Processing /home/airflow/.local/lib/python3.12/site-packages/airflow/example_dags/example_task_group.py took 1.032 seconds
[2025-04-11T20:31:43.075+0000] {processor.py:186} INFO - Started process (PID=393) to work on /home/airflow/.local/lib/python3.12/site-packages/airflow/example_dags/example_task_group.py
[2025-04-11T20:31:43.080+0000] {processor.py:914} INFO - Processing file /home/airflow/.local/lib/python3.12/site-packages/airflow/example_dags/example_task_group.py for tasks to queue
[2025-04-11T20:31:43.091+0000] {logging_mixin.py:190} INFO - [2025-04-11T20:31:43.090+0000] {dagbag.py:588} INFO - Filling up the DagBag from /home/airflow/.local/lib/python3.12/site-packages/airflow/example_dags/example_task_group.py
[2025-04-11T20:31:43.138+0000] {processor.py:925} INFO - DAG(s) 'example_task_group' retrieved from /home/airflow/.local/lib/python3.12/site-packages/airflow/example_dags/example_task_group.py
[2025-04-11T20:31:43.264+0000] {logging_mixin.py:190} INFO - [2025-04-11T20:31:43.263+0000] {dag.py:3239} INFO - Sync 1 DAGs
[2025-04-11T20:31:43.352+0000] {logging_mixin.py:190} INFO - [2025-04-11T20:31:43.352+0000] {dag.py:4180} INFO - Setting next_dagrun for example_task_group to None, run_after=None
[2025-04-11T20:31:43.444+0000] {processor.py:208} INFO - Processing /home/airflow/.local/lib/python3.12/site-packages/airflow/example_dags/example_task_group.py took 0.421 seconds
[2025-04-11T20:32:17.495+0000] {processor.py:186} INFO - Started process (PID=457) to work on /home/airflow/.local/lib/python3.12/site-packages/airflow/example_dags/example_task_group.py
[2025-04-11T20:32:17.506+0000] {processor.py:914} INFO - Processing file /home/airflow/.local/lib/python3.12/site-packages/airflow/example_dags/example_task_group.py for tasks to queue
[2025-04-11T20:32:17.525+0000] {logging_mixin.py:190} INFO - [2025-04-11T20:32:17.518+0000] {dagbag.py:588} INFO - Filling up the DagBag from /home/airflow/.local/lib/python3.12/site-packages/airflow/example_dags/example_task_group.py
[2025-04-11T20:32:17.607+0000] {processor.py:925} INFO - DAG(s) 'example_task_group' retrieved from /home/airflow/.local/lib/python3.12/site-packages/airflow/example_dags/example_task_group.py
[2025-04-11T20:32:17.796+0000] {logging_mixin.py:190} INFO - [2025-04-11T20:32:17.795+0000] {dag.py:3239} INFO - Sync 1 DAGs
[2025-04-11T20:32:17.907+0000] {logging_mixin.py:190} INFO - [2025-04-11T20:32:17.906+0000] {dag.py:4180} INFO - Setting next_dagrun for example_task_group to None, run_after=None
[2025-04-11T20:32:18.004+0000] {processor.py:208} INFO - Processing /home/airflow/.local/lib/python3.12/site-packages/airflow/example_dags/example_task_group.py took 0.559 seconds
[2025-04-11T20:33:06.026+0000] {processor.py:186} INFO - Started process (PID=514) to work on /home/airflow/.local/lib/python3.12/site-packages/airflow/example_dags/example_task_group.py
[2025-04-11T20:33:06.052+0000] {processor.py:914} INFO - Processing file /home/airflow/.local/lib/python3.12/site-packages/airflow/example_dags/example_task_group.py for tasks to queue
[2025-04-11T20:33:06.072+0000] {logging_mixin.py:190} INFO - [2025-04-11T20:33:06.071+0000] {dagbag.py:588} INFO - Filling up the DagBag from /home/airflow/.local/lib/python3.12/site-packages/airflow/example_dags/example_task_group.py
[2025-04-11T20:33:06.155+0000] {processor.py:925} INFO - DAG(s) 'example_task_group' retrieved from /home/airflow/.local/lib/python3.12/site-packages/airflow/example_dags/example_task_group.py
[2025-04-11T20:33:06.402+0000] {logging_mixin.py:190} INFO - [2025-04-11T20:33:06.400+0000] {dag.py:3239} INFO - Sync 1 DAGs
[2025-04-11T20:33:06.590+0000] {logging_mixin.py:190} INFO - [2025-04-11T20:33:06.589+0000] {dag.py:4180} INFO - Setting next_dagrun for example_task_group to None, run_after=None
[2025-04-11T20:33:06.966+0000] {processor.py:208} INFO - Processing /home/airflow/.local/lib/python3.12/site-packages/airflow/example_dags/example_task_group.py took 0.994 seconds
[2025-04-11T20:35:42.090+0000] {processor.py:186} INFO - Started process (PID=80) to work on /home/airflow/.local/lib/python3.12/site-packages/airflow/example_dags/example_task_group.py
[2025-04-11T20:35:42.097+0000] {processor.py:914} INFO - Processing file /home/airflow/.local/lib/python3.12/site-packages/airflow/example_dags/example_task_group.py for tasks to queue
[2025-04-11T20:35:42.119+0000] {logging_mixin.py:190} INFO - [2025-04-11T20:35:42.113+0000] {dagbag.py:588} INFO - Filling up the DagBag from /home/airflow/.local/lib/python3.12/site-packages/airflow/example_dags/example_task_group.py
[2025-04-11T20:35:42.207+0000] {processor.py:925} INFO - DAG(s) 'example_task_group' retrieved from /home/airflow/.local/lib/python3.12/site-packages/airflow/example_dags/example_task_group.py
[2025-04-11T20:35:42.361+0000] {logging_mixin.py:190} INFO - [2025-04-11T20:35:42.361+0000] {dag.py:3239} INFO - Sync 1 DAGs
[2025-04-11T20:35:42.445+0000] {logging_mixin.py:190} INFO - [2025-04-11T20:35:42.444+0000] {dag.py:4180} INFO - Setting next_dagrun for example_task_group to None, run_after=None
[2025-04-11T20:35:42.586+0000] {processor.py:208} INFO - Processing /home/airflow/.local/lib/python3.12/site-packages/airflow/example_dags/example_task_group.py took 0.522 seconds
[2025-04-11T20:36:12.752+0000] {processor.py:186} INFO - Started process (PID=144) to work on /home/airflow/.local/lib/python3.12/site-packages/airflow/example_dags/example_task_group.py
[2025-04-11T20:36:12.758+0000] {processor.py:914} INFO - Processing file /home/airflow/.local/lib/python3.12/site-packages/airflow/example_dags/example_task_group.py for tasks to queue
[2025-04-11T20:36:12.793+0000] {logging_mixin.py:190} INFO - [2025-04-11T20:36:12.792+0000] {dagbag.py:588} INFO - Filling up the DagBag from /home/airflow/.local/lib/python3.12/site-packages/airflow/example_dags/example_task_group.py
[2025-04-11T20:36:12.842+0000] {processor.py:925} INFO - DAG(s) 'example_task_group' retrieved from /home/airflow/.local/lib/python3.12/site-packages/airflow/example_dags/example_task_group.py
[2025-04-11T20:36:12.958+0000] {logging_mixin.py:190} INFO - [2025-04-11T20:36:12.957+0000] {dag.py:3239} INFO - Sync 1 DAGs
[2025-04-11T20:36:13.053+0000] {logging_mixin.py:190} INFO - [2025-04-11T20:36:13.050+0000] {dag.py:4180} INFO - Setting next_dagrun for example_task_group to None, run_after=None
[2025-04-11T20:36:13.128+0000] {processor.py:208} INFO - Processing /home/airflow/.local/lib/python3.12/site-packages/airflow/example_dags/example_task_group.py took 0.394 seconds
[2025-04-11T20:36:45.417+0000] {processor.py:186} INFO - Started process (PID=208) to work on /home/airflow/.local/lib/python3.12/site-packages/airflow/example_dags/example_task_group.py
[2025-04-11T20:36:45.420+0000] {processor.py:914} INFO - Processing file /home/airflow/.local/lib/python3.12/site-packages/airflow/example_dags/example_task_group.py for tasks to queue
[2025-04-11T20:36:45.428+0000] {logging_mixin.py:190} INFO - [2025-04-11T20:36:45.427+0000] {dagbag.py:588} INFO - Filling up the DagBag from /home/airflow/.local/lib/python3.12/site-packages/airflow/example_dags/example_task_group.py
[2025-04-11T20:36:45.457+0000] {processor.py:925} INFO - DAG(s) 'example_task_group' retrieved from /home/airflow/.local/lib/python3.12/site-packages/airflow/example_dags/example_task_group.py
[2025-04-11T20:36:45.523+0000] {logging_mixin.py:190} INFO - [2025-04-11T20:36:45.522+0000] {dag.py:3239} INFO - Sync 1 DAGs
[2025-04-11T20:36:45.568+0000] {logging_mixin.py:190} INFO - [2025-04-11T20:36:45.567+0000] {dag.py:4180} INFO - Setting next_dagrun for example_task_group to None, run_after=None
[2025-04-11T20:36:45.622+0000] {processor.py:208} INFO - Processing /home/airflow/.local/lib/python3.12/site-packages/airflow/example_dags/example_task_group.py took 0.221 seconds
[2025-04-11T20:37:21.259+0000] {processor.py:186} INFO - Started process (PID=252) to work on /home/airflow/.local/lib/python3.12/site-packages/airflow/example_dags/example_task_group.py
[2025-04-11T20:37:21.269+0000] {processor.py:914} INFO - Processing file /home/airflow/.local/lib/python3.12/site-packages/airflow/example_dags/example_task_group.py for tasks to queue
[2025-04-11T20:37:21.282+0000] {logging_mixin.py:190} INFO - [2025-04-11T20:37:21.281+0000] {dagbag.py:588} INFO - Filling up the DagBag from /home/airflow/.local/lib/python3.12/site-packages/airflow/example_dags/example_task_group.py
[2025-04-11T20:37:21.350+0000] {processor.py:925} INFO - DAG(s) 'example_task_group' retrieved from /home/airflow/.local/lib/python3.12/site-packages/airflow/example_dags/example_task_group.py
[2025-04-11T20:37:21.457+0000] {logging_mixin.py:190} INFO - [2025-04-11T20:37:21.456+0000] {dag.py:3239} INFO - Sync 1 DAGs
[2025-04-11T20:37:21.550+0000] {logging_mixin.py:190} INFO - [2025-04-11T20:37:21.549+0000] {dag.py:4180} INFO - Setting next_dagrun for example_task_group to None, run_after=None
[2025-04-11T20:37:21.671+0000] {processor.py:208} INFO - Processing /home/airflow/.local/lib/python3.12/site-packages/airflow/example_dags/example_task_group.py took 0.443 seconds
[2025-04-11T20:38:01.872+0000] {processor.py:186} INFO - Started process (PID=306) to work on /home/airflow/.local/lib/python3.12/site-packages/airflow/example_dags/example_task_group.py
[2025-04-11T20:38:01.875+0000] {processor.py:914} INFO - Processing file /home/airflow/.local/lib/python3.12/site-packages/airflow/example_dags/example_task_group.py for tasks to queue
[2025-04-11T20:38:01.926+0000] {logging_mixin.py:190} INFO - [2025-04-11T20:38:01.925+0000] {dagbag.py:588} INFO - Filling up the DagBag from /home/airflow/.local/lib/python3.12/site-packages/airflow/example_dags/example_task_group.py
[2025-04-11T20:38:01.986+0000] {processor.py:925} INFO - DAG(s) 'example_task_group' retrieved from /home/airflow/.local/lib/python3.12/site-packages/airflow/example_dags/example_task_group.py
[2025-04-11T20:38:02.146+0000] {logging_mixin.py:190} INFO - [2025-04-11T20:38:02.145+0000] {dag.py:3239} INFO - Sync 1 DAGs
[2025-04-11T20:38:02.246+0000] {logging_mixin.py:190} INFO - [2025-04-11T20:38:02.246+0000] {dag.py:4180} INFO - Setting next_dagrun for example_task_group to None, run_after=None
[2025-04-11T20:38:02.350+0000] {processor.py:208} INFO - Processing /home/airflow/.local/lib/python3.12/site-packages/airflow/example_dags/example_task_group.py took 0.583 seconds
[2025-04-11T20:38:36.307+0000] {processor.py:186} INFO - Started process (PID=358) to work on /home/airflow/.local/lib/python3.12/site-packages/airflow/example_dags/example_task_group.py
[2025-04-11T20:38:36.327+0000] {processor.py:914} INFO - Processing file /home/airflow/.local/lib/python3.12/site-packages/airflow/example_dags/example_task_group.py for tasks to queue
[2025-04-11T20:38:36.455+0000] {logging_mixin.py:190} INFO - [2025-04-11T20:38:36.451+0000] {dagbag.py:588} INFO - Filling up the DagBag from /home/airflow/.local/lib/python3.12/site-packages/airflow/example_dags/example_task_group.py
[2025-04-11T20:38:36.756+0000] {processor.py:925} INFO - DAG(s) 'example_task_group' retrieved from /home/airflow/.local/lib/python3.12/site-packages/airflow/example_dags/example_task_group.py
[2025-04-11T20:38:36.990+0000] {logging_mixin.py:190} INFO - [2025-04-11T20:38:36.987+0000] {dag.py:3239} INFO - Sync 1 DAGs
[2025-04-11T20:38:37.412+0000] {logging_mixin.py:190} INFO - [2025-04-11T20:38:37.412+0000] {dag.py:4180} INFO - Setting next_dagrun for example_task_group to None, run_after=None
[2025-04-11T20:38:37.593+0000] {processor.py:208} INFO - Processing /home/airflow/.local/lib/python3.12/site-packages/airflow/example_dags/example_task_group.py took 1.325 seconds
[2025-04-11T20:39:51.136+0000] {processor.py:186} INFO - Started process (PID=434) to work on /home/airflow/.local/lib/python3.12/site-packages/airflow/example_dags/example_task_group.py
[2025-04-11T20:39:51.157+0000] {processor.py:914} INFO - Processing file /home/airflow/.local/lib/python3.12/site-packages/airflow/example_dags/example_task_group.py for tasks to queue
[2025-04-11T20:39:51.187+0000] {logging_mixin.py:190} INFO - [2025-04-11T20:39:51.186+0000] {dagbag.py:588} INFO - Filling up the DagBag from /home/airflow/.local/lib/python3.12/site-packages/airflow/example_dags/example_task_group.py
[2025-04-11T20:39:51.258+0000] {processor.py:925} INFO - DAG(s) 'example_task_group' retrieved from /home/airflow/.local/lib/python3.12/site-packages/airflow/example_dags/example_task_group.py
[2025-04-11T20:39:51.620+0000] {logging_mixin.py:190} INFO - [2025-04-11T20:39:51.619+0000] {dag.py:3239} INFO - Sync 1 DAGs
[2025-04-11T20:39:51.765+0000] {logging_mixin.py:190} INFO - [2025-04-11T20:39:51.764+0000] {dag.py:4180} INFO - Setting next_dagrun for example_task_group to None, run_after=None
[2025-04-11T20:39:52.358+0000] {processor.py:208} INFO - Processing /home/airflow/.local/lib/python3.12/site-packages/airflow/example_dags/example_task_group.py took 1.252 seconds
[2025-04-11T20:40:29.529+0000] {processor.py:186} INFO - Started process (PID=497) to work on /home/airflow/.local/lib/python3.12/site-packages/airflow/example_dags/example_task_group.py
[2025-04-11T20:40:29.546+0000] {processor.py:914} INFO - Processing file /home/airflow/.local/lib/python3.12/site-packages/airflow/example_dags/example_task_group.py for tasks to queue
[2025-04-11T20:40:29.612+0000] {logging_mixin.py:190} INFO - [2025-04-11T20:40:29.600+0000] {dagbag.py:588} INFO - Filling up the DagBag from /home/airflow/.local/lib/python3.12/site-packages/airflow/example_dags/example_task_group.py
[2025-04-11T20:40:29.713+0000] {processor.py:925} INFO - DAG(s) 'example_task_group' retrieved from /home/airflow/.local/lib/python3.12/site-packages/airflow/example_dags/example_task_group.py
[2025-04-11T20:40:29.895+0000] {logging_mixin.py:190} INFO - [2025-04-11T20:40:29.894+0000] {dag.py:3239} INFO - Sync 1 DAGs
[2025-04-11T20:40:30.007+0000] {logging_mixin.py:190} INFO - [2025-04-11T20:40:30.007+0000] {dag.py:4180} INFO - Setting next_dagrun for example_task_group to None, run_after=None
[2025-04-11T20:40:30.614+0000] {processor.py:208} INFO - Processing /home/airflow/.local/lib/python3.12/site-packages/airflow/example_dags/example_task_group.py took 1.243 seconds
[2025-04-11T20:41:08.706+0000] {processor.py:186} INFO - Started process (PID=561) to work on /home/airflow/.local/lib/python3.12/site-packages/airflow/example_dags/example_task_group.py
[2025-04-11T20:41:08.713+0000] {processor.py:914} INFO - Processing file /home/airflow/.local/lib/python3.12/site-packages/airflow/example_dags/example_task_group.py for tasks to queue
[2025-04-11T20:41:08.729+0000] {logging_mixin.py:190} INFO - [2025-04-11T20:41:08.728+0000] {dagbag.py:588} INFO - Filling up the DagBag from /home/airflow/.local/lib/python3.12/site-packages/airflow/example_dags/example_task_group.py
[2025-04-11T20:41:08.805+0000] {processor.py:925} INFO - DAG(s) 'example_task_group' retrieved from /home/airflow/.local/lib/python3.12/site-packages/airflow/example_dags/example_task_group.py
[2025-04-11T20:41:08.968+0000] {logging_mixin.py:190} INFO - [2025-04-11T20:41:08.968+0000] {dag.py:3239} INFO - Sync 1 DAGs
[2025-04-11T20:41:09.110+0000] {logging_mixin.py:190} INFO - [2025-04-11T20:41:09.109+0000] {dag.py:4180} INFO - Setting next_dagrun for example_task_group to None, run_after=None
[2025-04-11T20:41:09.343+0000] {processor.py:208} INFO - Processing /home/airflow/.local/lib/python3.12/site-packages/airflow/example_dags/example_task_group.py took 0.669 seconds
[2025-04-11T20:41:44.544+0000] {processor.py:186} INFO - Started process (PID=631) to work on /home/airflow/.local/lib/python3.12/site-packages/airflow/example_dags/example_task_group.py
[2025-04-11T20:41:44.551+0000] {processor.py:914} INFO - Processing file /home/airflow/.local/lib/python3.12/site-packages/airflow/example_dags/example_task_group.py for tasks to queue
[2025-04-11T20:41:44.562+0000] {logging_mixin.py:190} INFO - [2025-04-11T20:41:44.561+0000] {dagbag.py:588} INFO - Filling up the DagBag from /home/airflow/.local/lib/python3.12/site-packages/airflow/example_dags/example_task_group.py
[2025-04-11T20:41:44.682+0000] {processor.py:925} INFO - DAG(s) 'example_task_group' retrieved from /home/airflow/.local/lib/python3.12/site-packages/airflow/example_dags/example_task_group.py
[2025-04-11T20:41:44.971+0000] {logging_mixin.py:190} INFO - [2025-04-11T20:41:44.971+0000] {dag.py:3239} INFO - Sync 1 DAGs
[2025-04-11T20:41:45.120+0000] {logging_mixin.py:190} INFO - [2025-04-11T20:41:45.120+0000] {dag.py:4180} INFO - Setting next_dagrun for example_task_group to None, run_after=None
[2025-04-11T20:41:45.245+0000] {processor.py:208} INFO - Processing /home/airflow/.local/lib/python3.12/site-packages/airflow/example_dags/example_task_group.py took 0.757 seconds
[2025-04-11T20:42:39.527+0000] {processor.py:186} INFO - Started process (PID=669) to work on /home/airflow/.local/lib/python3.12/site-packages/airflow/example_dags/example_task_group.py
[2025-04-11T20:42:39.534+0000] {processor.py:914} INFO - Processing file /home/airflow/.local/lib/python3.12/site-packages/airflow/example_dags/example_task_group.py for tasks to queue
[2025-04-11T20:42:39.590+0000] {logging_mixin.py:190} INFO - [2025-04-11T20:42:39.589+0000] {dagbag.py:588} INFO - Filling up the DagBag from /home/airflow/.local/lib/python3.12/site-packages/airflow/example_dags/example_task_group.py
[2025-04-11T20:42:39.922+0000] {processor.py:925} INFO - DAG(s) 'example_task_group' retrieved from /home/airflow/.local/lib/python3.12/site-packages/airflow/example_dags/example_task_group.py
[2025-04-11T20:42:40.243+0000] {logging_mixin.py:190} INFO - [2025-04-11T20:42:40.243+0000] {dag.py:3239} INFO - Sync 1 DAGs
[2025-04-11T20:42:40.843+0000] {logging_mixin.py:190} INFO - [2025-04-11T20:42:40.843+0000] {dag.py:4180} INFO - Setting next_dagrun for example_task_group to None, run_after=None
[2025-04-11T20:42:41.462+0000] {processor.py:208} INFO - Processing /home/airflow/.local/lib/python3.12/site-packages/airflow/example_dags/example_task_group.py took 2.144 seconds
[2025-04-11T20:43:44.457+0000] {processor.py:186} INFO - Started process (PID=725) to work on /home/airflow/.local/lib/python3.12/site-packages/airflow/example_dags/example_task_group.py
[2025-04-11T20:43:44.463+0000] {processor.py:914} INFO - Processing file /home/airflow/.local/lib/python3.12/site-packages/airflow/example_dags/example_task_group.py for tasks to queue
[2025-04-11T20:43:44.490+0000] {logging_mixin.py:190} INFO - [2025-04-11T20:43:44.489+0000] {dagbag.py:588} INFO - Filling up the DagBag from /home/airflow/.local/lib/python3.12/site-packages/airflow/example_dags/example_task_group.py
[2025-04-11T20:43:44.527+0000] {processor.py:925} INFO - DAG(s) 'example_task_group' retrieved from /home/airflow/.local/lib/python3.12/site-packages/airflow/example_dags/example_task_group.py
[2025-04-11T20:43:44.680+0000] {logging_mixin.py:190} INFO - [2025-04-11T20:43:44.679+0000] {dag.py:3239} INFO - Sync 1 DAGs
[2025-04-11T20:43:44.783+0000] {logging_mixin.py:190} INFO - [2025-04-11T20:43:44.783+0000] {dag.py:4180} INFO - Setting next_dagrun for example_task_group to None, run_after=None
[2025-04-11T20:43:44.879+0000] {processor.py:208} INFO - Processing /home/airflow/.local/lib/python3.12/site-packages/airflow/example_dags/example_task_group.py took 0.448 seconds
[2025-04-11T20:44:27.383+0000] {processor.py:186} INFO - Started process (PID=780) to work on /home/airflow/.local/lib/python3.12/site-packages/airflow/example_dags/example_task_group.py
[2025-04-11T20:44:27.400+0000] {processor.py:914} INFO - Processing file /home/airflow/.local/lib/python3.12/site-packages/airflow/example_dags/example_task_group.py for tasks to queue
[2025-04-11T20:44:27.415+0000] {logging_mixin.py:190} INFO - [2025-04-11T20:44:27.414+0000] {dagbag.py:588} INFO - Filling up the DagBag from /home/airflow/.local/lib/python3.12/site-packages/airflow/example_dags/example_task_group.py
[2025-04-11T20:44:27.629+0000] {processor.py:925} INFO - DAG(s) 'example_task_group' retrieved from /home/airflow/.local/lib/python3.12/site-packages/airflow/example_dags/example_task_group.py
[2025-04-11T20:44:27.940+0000] {logging_mixin.py:190} INFO - [2025-04-11T20:44:27.939+0000] {dag.py:3239} INFO - Sync 1 DAGs
[2025-04-11T20:44:28.120+0000] {logging_mixin.py:190} INFO - [2025-04-11T20:44:28.120+0000] {dag.py:4180} INFO - Setting next_dagrun for example_task_group to None, run_after=None
[2025-04-11T20:44:28.311+0000] {processor.py:208} INFO - Processing /home/airflow/.local/lib/python3.12/site-packages/airflow/example_dags/example_task_group.py took 0.943 seconds
[2025-04-11T20:44:59.119+0000] {processor.py:186} INFO - Started process (PID=844) to work on /home/airflow/.local/lib/python3.12/site-packages/airflow/example_dags/example_task_group.py
[2025-04-11T20:44:59.122+0000] {processor.py:914} INFO - Processing file /home/airflow/.local/lib/python3.12/site-packages/airflow/example_dags/example_task_group.py for tasks to queue
[2025-04-11T20:44:59.133+0000] {logging_mixin.py:190} INFO - [2025-04-11T20:44:59.132+0000] {dagbag.py:588} INFO - Filling up the DagBag from /home/airflow/.local/lib/python3.12/site-packages/airflow/example_dags/example_task_group.py
[2025-04-11T20:44:59.202+0000] {processor.py:925} INFO - DAG(s) 'example_task_group' retrieved from /home/airflow/.local/lib/python3.12/site-packages/airflow/example_dags/example_task_group.py
[2025-04-11T20:44:59.279+0000] {logging_mixin.py:190} INFO - [2025-04-11T20:44:59.278+0000] {dag.py:3239} INFO - Sync 1 DAGs
[2025-04-11T20:44:59.337+0000] {logging_mixin.py:190} INFO - [2025-04-11T20:44:59.337+0000] {dag.py:4180} INFO - Setting next_dagrun for example_task_group to None, run_after=None
[2025-04-11T20:44:59.418+0000] {processor.py:208} INFO - Processing /home/airflow/.local/lib/python3.12/site-packages/airflow/example_dags/example_task_group.py took 0.314 seconds
[2025-04-11T20:45:29.705+0000] {processor.py:186} INFO - Started process (PID=907) to work on /home/airflow/.local/lib/python3.12/site-packages/airflow/example_dags/example_task_group.py
[2025-04-11T20:45:29.711+0000] {processor.py:914} INFO - Processing file /home/airflow/.local/lib/python3.12/site-packages/airflow/example_dags/example_task_group.py for tasks to queue
[2025-04-11T20:45:29.718+0000] {logging_mixin.py:190} INFO - [2025-04-11T20:45:29.717+0000] {dagbag.py:588} INFO - Filling up the DagBag from /home/airflow/.local/lib/python3.12/site-packages/airflow/example_dags/example_task_group.py
[2025-04-11T20:45:29.742+0000] {processor.py:925} INFO - DAG(s) 'example_task_group' retrieved from /home/airflow/.local/lib/python3.12/site-packages/airflow/example_dags/example_task_group.py
[2025-04-11T20:45:29.810+0000] {logging_mixin.py:190} INFO - [2025-04-11T20:45:29.810+0000] {dag.py:3239} INFO - Sync 1 DAGs
[2025-04-11T20:45:29.848+0000] {logging_mixin.py:190} INFO - [2025-04-11T20:45:29.848+0000] {dag.py:4180} INFO - Setting next_dagrun for example_task_group to None, run_after=None
[2025-04-11T20:45:29.910+0000] {processor.py:208} INFO - Processing /home/airflow/.local/lib/python3.12/site-packages/airflow/example_dags/example_task_group.py took 0.221 seconds
[2025-04-11T20:46:31.546+0000] {processor.py:186} INFO - Started process (PID=966) to work on /home/airflow/.local/lib/python3.12/site-packages/airflow/example_dags/example_task_group.py
[2025-04-11T20:46:31.570+0000] {processor.py:914} INFO - Processing file /home/airflow/.local/lib/python3.12/site-packages/airflow/example_dags/example_task_group.py for tasks to queue
[2025-04-11T20:46:31.609+0000] {logging_mixin.py:190} INFO - [2025-04-11T20:46:31.579+0000] {dagbag.py:588} INFO - Filling up the DagBag from /home/airflow/.local/lib/python3.12/site-packages/airflow/example_dags/example_task_group.py
[2025-04-11T20:46:31.722+0000] {processor.py:925} INFO - DAG(s) 'example_task_group' retrieved from /home/airflow/.local/lib/python3.12/site-packages/airflow/example_dags/example_task_group.py
[2025-04-11T20:46:34.001+0000] {logging_mixin.py:190} INFO - [2025-04-11T20:46:33.998+0000] {dag.py:3239} INFO - Sync 1 DAGs
[2025-04-11T20:46:34.664+0000] {logging_mixin.py:190} INFO - [2025-04-11T20:46:34.642+0000] {dag.py:4180} INFO - Setting next_dagrun for example_task_group to None, run_after=None
[2025-04-11T20:46:35.031+0000] {processor.py:208} INFO - Processing /home/airflow/.local/lib/python3.12/site-packages/airflow/example_dags/example_task_group.py took 3.733 seconds
[2025-04-11T20:47:30.049+0000] {processor.py:186} INFO - Started process (PID=1023) to work on /home/airflow/.local/lib/python3.12/site-packages/airflow/example_dags/example_task_group.py
[2025-04-11T20:47:30.075+0000] {processor.py:914} INFO - Processing file /home/airflow/.local/lib/python3.12/site-packages/airflow/example_dags/example_task_group.py for tasks to queue
[2025-04-11T20:47:30.095+0000] {logging_mixin.py:190} INFO - [2025-04-11T20:47:30.082+0000] {dagbag.py:588} INFO - Filling up the DagBag from /home/airflow/.local/lib/python3.12/site-packages/airflow/example_dags/example_task_group.py
[2025-04-11T20:47:30.185+0000] {processor.py:925} INFO - DAG(s) 'example_task_group' retrieved from /home/airflow/.local/lib/python3.12/site-packages/airflow/example_dags/example_task_group.py
[2025-04-11T20:47:30.460+0000] {logging_mixin.py:190} INFO - [2025-04-11T20:47:30.459+0000] {dag.py:3239} INFO - Sync 1 DAGs
[2025-04-11T20:47:30.599+0000] {logging_mixin.py:190} INFO - [2025-04-11T20:47:30.594+0000] {dag.py:4180} INFO - Setting next_dagrun for example_task_group to None, run_after=None
[2025-04-11T20:47:30.728+0000] {processor.py:208} INFO - Processing /home/airflow/.local/lib/python3.12/site-packages/airflow/example_dags/example_task_group.py took 0.735 seconds
[2025-04-11T20:49:06.732+0000] {processor.py:186} INFO - Started process (PID=1072) to work on /home/airflow/.local/lib/python3.12/site-packages/airflow/example_dags/example_task_group.py
[2025-04-11T20:49:06.776+0000] {processor.py:914} INFO - Processing file /home/airflow/.local/lib/python3.12/site-packages/airflow/example_dags/example_task_group.py for tasks to queue
[2025-04-11T20:49:06.986+0000] {logging_mixin.py:190} INFO - [2025-04-11T20:49:06.984+0000] {dagbag.py:588} INFO - Filling up the DagBag from /home/airflow/.local/lib/python3.12/site-packages/airflow/example_dags/example_task_group.py
[2025-04-11T20:49:08.265+0000] {processor.py:925} INFO - DAG(s) 'example_task_group' retrieved from /home/airflow/.local/lib/python3.12/site-packages/airflow/example_dags/example_task_group.py
[2025-04-11T20:49:09.800+0000] {logging_mixin.py:190} INFO - [2025-04-11T20:49:09.800+0000] {dag.py:3239} INFO - Sync 1 DAGs
[2025-04-11T20:49:10.607+0000] {logging_mixin.py:190} INFO - [2025-04-11T20:49:10.606+0000] {dag.py:4180} INFO - Setting next_dagrun for example_task_group to None, run_after=None
[2025-04-11T20:49:12.238+0000] {processor.py:208} INFO - Processing /home/airflow/.local/lib/python3.12/site-packages/airflow/example_dags/example_task_group.py took 5.701 seconds
[2025-04-11T20:50:02.949+0000] {processor.py:186} INFO - Started process (PID=1132) to work on /home/airflow/.local/lib/python3.12/site-packages/airflow/example_dags/example_task_group.py
[2025-04-11T20:50:02.958+0000] {processor.py:914} INFO - Processing file /home/airflow/.local/lib/python3.12/site-packages/airflow/example_dags/example_task_group.py for tasks to queue
[2025-04-11T20:50:02.980+0000] {logging_mixin.py:190} INFO - [2025-04-11T20:50:02.974+0000] {dagbag.py:588} INFO - Filling up the DagBag from /home/airflow/.local/lib/python3.12/site-packages/airflow/example_dags/example_task_group.py
[2025-04-11T20:50:03.073+0000] {processor.py:925} INFO - DAG(s) 'example_task_group' retrieved from /home/airflow/.local/lib/python3.12/site-packages/airflow/example_dags/example_task_group.py
[2025-04-11T20:50:03.258+0000] {logging_mixin.py:190} INFO - [2025-04-11T20:50:03.257+0000] {dag.py:3239} INFO - Sync 1 DAGs
[2025-04-11T20:50:03.384+0000] {logging_mixin.py:190} INFO - [2025-04-11T20:50:03.384+0000] {dag.py:4180} INFO - Setting next_dagrun for example_task_group to None, run_after=None
[2025-04-11T20:50:03.856+0000] {processor.py:208} INFO - Processing /home/airflow/.local/lib/python3.12/site-packages/airflow/example_dags/example_task_group.py took 0.940 seconds
[2025-04-11T20:50:50.106+0000] {processor.py:186} INFO - Started process (PID=1187) to work on /home/airflow/.local/lib/python3.12/site-packages/airflow/example_dags/example_task_group.py
[2025-04-11T20:50:50.117+0000] {processor.py:914} INFO - Processing file /home/airflow/.local/lib/python3.12/site-packages/airflow/example_dags/example_task_group.py for tasks to queue
[2025-04-11T20:50:50.131+0000] {logging_mixin.py:190} INFO - [2025-04-11T20:50:50.130+0000] {dagbag.py:588} INFO - Filling up the DagBag from /home/airflow/.local/lib/python3.12/site-packages/airflow/example_dags/example_task_group.py
[2025-04-11T20:50:50.221+0000] {processor.py:925} INFO - DAG(s) 'example_task_group' retrieved from /home/airflow/.local/lib/python3.12/site-packages/airflow/example_dags/example_task_group.py
[2025-04-11T20:50:50.411+0000] {logging_mixin.py:190} INFO - [2025-04-11T20:50:50.403+0000] {dag.py:3239} INFO - Sync 1 DAGs
[2025-04-11T20:50:50.498+0000] {logging_mixin.py:190} INFO - [2025-04-11T20:50:50.498+0000] {dag.py:4180} INFO - Setting next_dagrun for example_task_group to None, run_after=None
[2025-04-11T20:50:50.902+0000] {processor.py:208} INFO - Processing /home/airflow/.local/lib/python3.12/site-packages/airflow/example_dags/example_task_group.py took 0.831 seconds
[2025-04-11T20:51:43.848+0000] {processor.py:186} INFO - Started process (PID=1254) to work on /home/airflow/.local/lib/python3.12/site-packages/airflow/example_dags/example_task_group.py
[2025-04-11T20:51:43.862+0000] {processor.py:914} INFO - Processing file /home/airflow/.local/lib/python3.12/site-packages/airflow/example_dags/example_task_group.py for tasks to queue
[2025-04-11T20:51:43.894+0000] {logging_mixin.py:190} INFO - [2025-04-11T20:51:43.893+0000] {dagbag.py:588} INFO - Filling up the DagBag from /home/airflow/.local/lib/python3.12/site-packages/airflow/example_dags/example_task_group.py
[2025-04-11T20:51:44.083+0000] {processor.py:925} INFO - DAG(s) 'example_task_group' retrieved from /home/airflow/.local/lib/python3.12/site-packages/airflow/example_dags/example_task_group.py
[2025-04-11T20:51:44.772+0000] {logging_mixin.py:190} INFO - [2025-04-11T20:51:44.768+0000] {dag.py:3239} INFO - Sync 1 DAGs
[2025-04-11T20:51:45.188+0000] {logging_mixin.py:190} INFO - [2025-04-11T20:51:45.186+0000] {dag.py:4180} INFO - Setting next_dagrun for example_task_group to None, run_after=None
[2025-04-11T20:51:45.708+0000] {processor.py:208} INFO - Processing /home/airflow/.local/lib/python3.12/site-packages/airflow/example_dags/example_task_group.py took 2.200 seconds
[2025-04-11T20:52:29.814+0000] {processor.py:186} INFO - Started process (PID=1318) to work on /home/airflow/.local/lib/python3.12/site-packages/airflow/example_dags/example_task_group.py
[2025-04-11T20:52:29.821+0000] {processor.py:914} INFO - Processing file /home/airflow/.local/lib/python3.12/site-packages/airflow/example_dags/example_task_group.py for tasks to queue
[2025-04-11T20:52:29.836+0000] {logging_mixin.py:190} INFO - [2025-04-11T20:52:29.833+0000] {dagbag.py:588} INFO - Filling up the DagBag from /home/airflow/.local/lib/python3.12/site-packages/airflow/example_dags/example_task_group.py
[2025-04-11T20:52:29.907+0000] {processor.py:925} INFO - DAG(s) 'example_task_group' retrieved from /home/airflow/.local/lib/python3.12/site-packages/airflow/example_dags/example_task_group.py
[2025-04-11T20:52:30.036+0000] {logging_mixin.py:190} INFO - [2025-04-11T20:52:30.036+0000] {dag.py:3239} INFO - Sync 1 DAGs
[2025-04-11T20:52:30.172+0000] {logging_mixin.py:190} INFO - [2025-04-11T20:52:30.168+0000] {dag.py:4180} INFO - Setting next_dagrun for example_task_group to None, run_after=None
[2025-04-11T20:52:30.282+0000] {processor.py:208} INFO - Processing /home/airflow/.local/lib/python3.12/site-packages/airflow/example_dags/example_task_group.py took 0.493 seconds
[2025-04-11T20:53:18.429+0000] {processor.py:186} INFO - Started process (PID=1387) to work on /home/airflow/.local/lib/python3.12/site-packages/airflow/example_dags/example_task_group.py
[2025-04-11T20:53:18.435+0000] {processor.py:914} INFO - Processing file /home/airflow/.local/lib/python3.12/site-packages/airflow/example_dags/example_task_group.py for tasks to queue
[2025-04-11T20:53:18.552+0000] {logging_mixin.py:190} INFO - [2025-04-11T20:53:18.552+0000] {dagbag.py:588} INFO - Filling up the DagBag from /home/airflow/.local/lib/python3.12/site-packages/airflow/example_dags/example_task_group.py
[2025-04-11T20:53:18.771+0000] {processor.py:925} INFO - DAG(s) 'example_task_group' retrieved from /home/airflow/.local/lib/python3.12/site-packages/airflow/example_dags/example_task_group.py
[2025-04-11T20:53:19.473+0000] {logging_mixin.py:190} INFO - [2025-04-11T20:53:19.467+0000] {dag.py:3239} INFO - Sync 1 DAGs
[2025-04-11T20:53:19.889+0000] {logging_mixin.py:190} INFO - [2025-04-11T20:53:19.888+0000] {dag.py:4180} INFO - Setting next_dagrun for example_task_group to None, run_after=None
[2025-04-11T20:53:20.173+0000] {processor.py:208} INFO - Processing /home/airflow/.local/lib/python3.12/site-packages/airflow/example_dags/example_task_group.py took 1.881 seconds
