[2025-04-11T19:46:46.772+0000] {processor.py:186} INFO - Started process (PID=152) to work on /home/airflow/.local/lib/python3.12/site-packages/airflow/example_dags/example_time_delta_sensor_async.py
[2025-04-11T19:46:46.782+0000] {processor.py:914} INFO - Processing file /home/airflow/.local/lib/python3.12/site-packages/airflow/example_dags/example_time_delta_sensor_async.py for tasks to queue
[2025-04-11T19:46:46.794+0000] {logging_mixin.py:190} INFO - [2025-04-11T19:46:46.791+0000] {dagbag.py:588} INFO - Filling up the DagBag from /home/airflow/.local/lib/python3.12/site-packages/airflow/example_dags/example_time_delta_sensor_async.py
[2025-04-11T19:46:46.824+0000] {processor.py:925} INFO - DAG(s) 'example_time_delta_sensor_async' retrieved from /home/airflow/.local/lib/python3.12/site-packages/airflow/example_dags/example_time_delta_sensor_async.py
[2025-04-11T19:46:47.293+0000] {logging_mixin.py:190} INFO - [2025-04-11T19:46:47.291+0000] {override.py:1912} INFO - Created Permission View: can delete on DAG:example_time_delta_sensor_async
[2025-04-11T19:46:47.356+0000] {logging_mixin.py:190} INFO - [2025-04-11T19:46:47.356+0000] {override.py:1912} INFO - Created Permission View: can read on DAG:example_time_delta_sensor_async
[2025-04-11T19:46:47.388+0000] {logging_mixin.py:190} INFO - [2025-04-11T19:46:47.388+0000] {override.py:1912} INFO - Created Permission View: can edit on DAG:example_time_delta_sensor_async
[2025-04-11T19:46:47.434+0000] {logging_mixin.py:190} INFO - [2025-04-11T19:46:47.433+0000] {override.py:1912} INFO - Created Permission View: can create on DAG Run:example_time_delta_sensor_async
[2025-04-11T19:46:47.450+0000] {logging_mixin.py:190} INFO - [2025-04-11T19:46:47.449+0000] {override.py:1912} INFO - Created Permission View: can read on DAG Run:example_time_delta_sensor_async
[2025-04-11T19:46:47.471+0000] {logging_mixin.py:190} INFO - [2025-04-11T19:46:47.470+0000] {override.py:1912} INFO - Created Permission View: can delete on DAG Run:example_time_delta_sensor_async
[2025-04-11T19:46:47.512+0000] {logging_mixin.py:190} INFO - [2025-04-11T19:46:47.511+0000] {override.py:1912} INFO - Created Permission View: menu access on DAG Run:example_time_delta_sensor_async
[2025-04-11T19:46:47.515+0000] {logging_mixin.py:190} INFO - [2025-04-11T19:46:47.513+0000] {dag.py:3239} INFO - Sync 1 DAGs
[2025-04-11T19:46:47.666+0000] {logging_mixin.py:190} INFO - [2025-04-11T19:46:47.665+0000] {dag.py:3262} INFO - Creating ORM DAG for example_time_delta_sensor_async
[2025-04-11T19:46:47.684+0000] {logging_mixin.py:190} INFO - [2025-04-11T19:46:47.676+0000] {dag.py:4180} INFO - Setting next_dagrun for example_time_delta_sensor_async to None, run_after=None
[2025-04-11T19:46:47.802+0000] {processor.py:208} INFO - Processing /home/airflow/.local/lib/python3.12/site-packages/airflow/example_dags/example_time_delta_sensor_async.py took 1.066 seconds
[2025-04-11T19:47:18.548+0000] {processor.py:186} INFO - Started process (PID=215) to work on /home/airflow/.local/lib/python3.12/site-packages/airflow/example_dags/example_time_delta_sensor_async.py
[2025-04-11T19:47:18.567+0000] {processor.py:914} INFO - Processing file /home/airflow/.local/lib/python3.12/site-packages/airflow/example_dags/example_time_delta_sensor_async.py for tasks to queue
[2025-04-11T19:47:18.591+0000] {logging_mixin.py:190} INFO - [2025-04-11T19:47:18.588+0000] {dagbag.py:588} INFO - Filling up the DagBag from /home/airflow/.local/lib/python3.12/site-packages/airflow/example_dags/example_time_delta_sensor_async.py
[2025-04-11T19:47:18.750+0000] {processor.py:925} INFO - DAG(s) 'example_time_delta_sensor_async' retrieved from /home/airflow/.local/lib/python3.12/site-packages/airflow/example_dags/example_time_delta_sensor_async.py
[2025-04-11T19:47:18.859+0000] {logging_mixin.py:190} INFO - [2025-04-11T19:47:18.857+0000] {dag.py:3239} INFO - Sync 1 DAGs
[2025-04-11T19:47:18.953+0000] {logging_mixin.py:190} INFO - [2025-04-11T19:47:18.952+0000] {dag.py:4180} INFO - Setting next_dagrun for example_time_delta_sensor_async to None, run_after=None
[2025-04-11T19:47:19.066+0000] {processor.py:208} INFO - Processing /home/airflow/.local/lib/python3.12/site-packages/airflow/example_dags/example_time_delta_sensor_async.py took 0.788 seconds
[2025-04-11T19:54:01.362+0000] {processor.py:186} INFO - Started process (PID=142) to work on /home/airflow/.local/lib/python3.12/site-packages/airflow/example_dags/example_time_delta_sensor_async.py
[2025-04-11T19:54:01.377+0000] {processor.py:914} INFO - Processing file /home/airflow/.local/lib/python3.12/site-packages/airflow/example_dags/example_time_delta_sensor_async.py for tasks to queue
[2025-04-11T19:54:01.505+0000] {logging_mixin.py:190} INFO - [2025-04-11T19:54:01.504+0000] {dagbag.py:588} INFO - Filling up the DagBag from /home/airflow/.local/lib/python3.12/site-packages/airflow/example_dags/example_time_delta_sensor_async.py
[2025-04-11T19:54:01.708+0000] {processor.py:925} INFO - DAG(s) 'example_time_delta_sensor_async' retrieved from /home/airflow/.local/lib/python3.12/site-packages/airflow/example_dags/example_time_delta_sensor_async.py
[2025-04-11T19:54:02.429+0000] {logging_mixin.py:190} INFO - [2025-04-11T19:54:02.428+0000] {dag.py:3239} INFO - Sync 1 DAGs
[2025-04-11T19:54:03.035+0000] {logging_mixin.py:190} INFO - [2025-04-11T19:54:03.034+0000] {dag.py:4180} INFO - Setting next_dagrun for example_time_delta_sensor_async to None, run_after=None
[2025-04-11T19:54:04.077+0000] {processor.py:208} INFO - Processing /home/airflow/.local/lib/python3.12/site-packages/airflow/example_dags/example_time_delta_sensor_async.py took 3.480 seconds
[2025-04-11T19:54:43.897+0000] {processor.py:186} INFO - Started process (PID=207) to work on /home/airflow/.local/lib/python3.12/site-packages/airflow/example_dags/example_time_delta_sensor_async.py
[2025-04-11T19:54:43.909+0000] {processor.py:914} INFO - Processing file /home/airflow/.local/lib/python3.12/site-packages/airflow/example_dags/example_time_delta_sensor_async.py for tasks to queue
[2025-04-11T19:54:43.919+0000] {logging_mixin.py:190} INFO - [2025-04-11T19:54:43.918+0000] {dagbag.py:588} INFO - Filling up the DagBag from /home/airflow/.local/lib/python3.12/site-packages/airflow/example_dags/example_time_delta_sensor_async.py
[2025-04-11T19:54:43.967+0000] {processor.py:925} INFO - DAG(s) 'example_time_delta_sensor_async' retrieved from /home/airflow/.local/lib/python3.12/site-packages/airflow/example_dags/example_time_delta_sensor_async.py
[2025-04-11T19:54:44.079+0000] {logging_mixin.py:190} INFO - [2025-04-11T19:54:44.079+0000] {dag.py:3239} INFO - Sync 1 DAGs
[2025-04-11T19:54:44.130+0000] {logging_mixin.py:190} INFO - [2025-04-11T19:54:44.130+0000] {dag.py:4180} INFO - Setting next_dagrun for example_time_delta_sensor_async to None, run_after=None
[2025-04-11T19:54:44.186+0000] {processor.py:208} INFO - Processing /home/airflow/.local/lib/python3.12/site-packages/airflow/example_dags/example_time_delta_sensor_async.py took 0.323 seconds
[2025-04-11T19:55:34.986+0000] {processor.py:186} INFO - Started process (PID=278) to work on /home/airflow/.local/lib/python3.12/site-packages/airflow/example_dags/example_time_delta_sensor_async.py
[2025-04-11T19:55:35.016+0000] {processor.py:914} INFO - Processing file /home/airflow/.local/lib/python3.12/site-packages/airflow/example_dags/example_time_delta_sensor_async.py for tasks to queue
[2025-04-11T19:55:35.056+0000] {logging_mixin.py:190} INFO - [2025-04-11T19:55:35.056+0000] {dagbag.py:588} INFO - Filling up the DagBag from /home/airflow/.local/lib/python3.12/site-packages/airflow/example_dags/example_time_delta_sensor_async.py
[2025-04-11T19:55:35.109+0000] {processor.py:925} INFO - DAG(s) 'example_time_delta_sensor_async' retrieved from /home/airflow/.local/lib/python3.12/site-packages/airflow/example_dags/example_time_delta_sensor_async.py
[2025-04-11T19:55:35.281+0000] {logging_mixin.py:190} INFO - [2025-04-11T19:55:35.279+0000] {dag.py:3239} INFO - Sync 1 DAGs
[2025-04-11T19:55:35.582+0000] {logging_mixin.py:190} INFO - [2025-04-11T19:55:35.581+0000] {dag.py:4180} INFO - Setting next_dagrun for example_time_delta_sensor_async to None, run_after=None
[2025-04-11T19:55:36.076+0000] {processor.py:208} INFO - Processing /home/airflow/.local/lib/python3.12/site-packages/airflow/example_dags/example_time_delta_sensor_async.py took 1.184 seconds
[2025-04-11T19:56:30.230+0000] {processor.py:186} INFO - Started process (PID=358) to work on /home/airflow/.local/lib/python3.12/site-packages/airflow/example_dags/example_time_delta_sensor_async.py
[2025-04-11T19:56:30.237+0000] {processor.py:914} INFO - Processing file /home/airflow/.local/lib/python3.12/site-packages/airflow/example_dags/example_time_delta_sensor_async.py for tasks to queue
[2025-04-11T19:56:30.271+0000] {logging_mixin.py:190} INFO - [2025-04-11T19:56:30.268+0000] {dagbag.py:588} INFO - Filling up the DagBag from /home/airflow/.local/lib/python3.12/site-packages/airflow/example_dags/example_time_delta_sensor_async.py
[2025-04-11T19:56:30.309+0000] {processor.py:925} INFO - DAG(s) 'example_time_delta_sensor_async' retrieved from /home/airflow/.local/lib/python3.12/site-packages/airflow/example_dags/example_time_delta_sensor_async.py
[2025-04-11T19:56:30.379+0000] {logging_mixin.py:190} INFO - [2025-04-11T19:56:30.378+0000] {dag.py:3239} INFO - Sync 1 DAGs
[2025-04-11T19:56:30.429+0000] {logging_mixin.py:190} INFO - [2025-04-11T19:56:30.429+0000] {dag.py:4180} INFO - Setting next_dagrun for example_time_delta_sensor_async to None, run_after=None
[2025-04-11T19:56:30.502+0000] {processor.py:208} INFO - Processing /home/airflow/.local/lib/python3.12/site-packages/airflow/example_dags/example_time_delta_sensor_async.py took 0.290 seconds
[2025-04-11T19:59:57.588+0000] {processor.py:186} INFO - Started process (PID=126) to work on /home/airflow/.local/lib/python3.12/site-packages/airflow/example_dags/example_time_delta_sensor_async.py
[2025-04-11T19:59:57.602+0000] {processor.py:914} INFO - Processing file /home/airflow/.local/lib/python3.12/site-packages/airflow/example_dags/example_time_delta_sensor_async.py for tasks to queue
[2025-04-11T19:59:57.631+0000] {logging_mixin.py:190} INFO - [2025-04-11T19:59:57.623+0000] {dagbag.py:588} INFO - Filling up the DagBag from /home/airflow/.local/lib/python3.12/site-packages/airflow/example_dags/example_time_delta_sensor_async.py
[2025-04-11T19:59:57.745+0000] {processor.py:925} INFO - DAG(s) 'example_time_delta_sensor_async' retrieved from /home/airflow/.local/lib/python3.12/site-packages/airflow/example_dags/example_time_delta_sensor_async.py
[2025-04-11T19:59:57.988+0000] {logging_mixin.py:190} INFO - [2025-04-11T19:59:57.988+0000] {dag.py:3239} INFO - Sync 1 DAGs
[2025-04-11T19:59:58.335+0000] {logging_mixin.py:190} INFO - [2025-04-11T19:59:58.319+0000] {dag.py:4180} INFO - Setting next_dagrun for example_time_delta_sensor_async to None, run_after=None
[2025-04-11T19:59:58.441+0000] {processor.py:208} INFO - Processing /home/airflow/.local/lib/python3.12/site-packages/airflow/example_dags/example_time_delta_sensor_async.py took 0.890 seconds
[2025-04-11T20:00:31.832+0000] {processor.py:186} INFO - Started process (PID=190) to work on /home/airflow/.local/lib/python3.12/site-packages/airflow/example_dags/example_time_delta_sensor_async.py
[2025-04-11T20:00:31.866+0000] {processor.py:914} INFO - Processing file /home/airflow/.local/lib/python3.12/site-packages/airflow/example_dags/example_time_delta_sensor_async.py for tasks to queue
[2025-04-11T20:00:31.891+0000] {logging_mixin.py:190} INFO - [2025-04-11T20:00:31.885+0000] {dagbag.py:588} INFO - Filling up the DagBag from /home/airflow/.local/lib/python3.12/site-packages/airflow/example_dags/example_time_delta_sensor_async.py
[2025-04-11T20:00:31.972+0000] {processor.py:925} INFO - DAG(s) 'example_time_delta_sensor_async' retrieved from /home/airflow/.local/lib/python3.12/site-packages/airflow/example_dags/example_time_delta_sensor_async.py
[2025-04-11T20:00:32.338+0000] {logging_mixin.py:190} INFO - [2025-04-11T20:00:32.338+0000] {dag.py:3239} INFO - Sync 1 DAGs
[2025-04-11T20:00:32.463+0000] {logging_mixin.py:190} INFO - [2025-04-11T20:00:32.463+0000] {dag.py:4180} INFO - Setting next_dagrun for example_time_delta_sensor_async to None, run_after=None
[2025-04-11T20:00:32.593+0000] {processor.py:208} INFO - Processing /home/airflow/.local/lib/python3.12/site-packages/airflow/example_dags/example_time_delta_sensor_async.py took 0.843 seconds
[2025-04-11T20:14:35.265+0000] {processor.py:186} INFO - Started process (PID=141) to work on /home/airflow/.local/lib/python3.12/site-packages/airflow/example_dags/example_time_delta_sensor_async.py
[2025-04-11T20:14:35.273+0000] {processor.py:914} INFO - Processing file /home/airflow/.local/lib/python3.12/site-packages/airflow/example_dags/example_time_delta_sensor_async.py for tasks to queue
[2025-04-11T20:14:35.317+0000] {logging_mixin.py:190} INFO - [2025-04-11T20:14:35.304+0000] {dagbag.py:588} INFO - Filling up the DagBag from /home/airflow/.local/lib/python3.12/site-packages/airflow/example_dags/example_time_delta_sensor_async.py
[2025-04-11T20:14:35.364+0000] {processor.py:925} INFO - DAG(s) 'example_time_delta_sensor_async' retrieved from /home/airflow/.local/lib/python3.12/site-packages/airflow/example_dags/example_time_delta_sensor_async.py
[2025-04-11T20:14:35.683+0000] {logging_mixin.py:190} INFO - [2025-04-11T20:14:35.682+0000] {dag.py:3239} INFO - Sync 1 DAGs
[2025-04-11T20:14:35.857+0000] {logging_mixin.py:190} INFO - [2025-04-11T20:14:35.856+0000] {dag.py:4180} INFO - Setting next_dagrun for example_time_delta_sensor_async to None, run_after=None
[2025-04-11T20:14:36.127+0000] {processor.py:208} INFO - Processing /home/airflow/.local/lib/python3.12/site-packages/airflow/example_dags/example_time_delta_sensor_async.py took 0.918 seconds
[2025-04-11T20:16:15.782+0000] {processor.py:186} INFO - Started process (PID=230) to work on /home/airflow/.local/lib/python3.12/site-packages/airflow/example_dags/example_time_delta_sensor_async.py
[2025-04-11T20:16:15.788+0000] {processor.py:914} INFO - Processing file /home/airflow/.local/lib/python3.12/site-packages/airflow/example_dags/example_time_delta_sensor_async.py for tasks to queue
[2025-04-11T20:16:15.809+0000] {logging_mixin.py:190} INFO - [2025-04-11T20:16:15.807+0000] {dagbag.py:588} INFO - Filling up the DagBag from /home/airflow/.local/lib/python3.12/site-packages/airflow/example_dags/example_time_delta_sensor_async.py
[2025-04-11T20:16:15.864+0000] {processor.py:925} INFO - DAG(s) 'example_time_delta_sensor_async' retrieved from /home/airflow/.local/lib/python3.12/site-packages/airflow/example_dags/example_time_delta_sensor_async.py
[2025-04-11T20:16:15.970+0000] {logging_mixin.py:190} INFO - [2025-04-11T20:16:15.970+0000] {dag.py:3239} INFO - Sync 1 DAGs
[2025-04-11T20:16:16.261+0000] {logging_mixin.py:190} INFO - [2025-04-11T20:16:16.260+0000] {dag.py:4180} INFO - Setting next_dagrun for example_time_delta_sensor_async to None, run_after=None
[2025-04-11T20:16:16.490+0000] {processor.py:208} INFO - Processing /home/airflow/.local/lib/python3.12/site-packages/airflow/example_dags/example_time_delta_sensor_async.py took 0.734 seconds
[2025-04-11T20:16:52.361+0000] {processor.py:186} INFO - Started process (PID=294) to work on /home/airflow/.local/lib/python3.12/site-packages/airflow/example_dags/example_time_delta_sensor_async.py
[2025-04-11T20:16:52.364+0000] {processor.py:914} INFO - Processing file /home/airflow/.local/lib/python3.12/site-packages/airflow/example_dags/example_time_delta_sensor_async.py for tasks to queue
[2025-04-11T20:16:52.369+0000] {logging_mixin.py:190} INFO - [2025-04-11T20:16:52.368+0000] {dagbag.py:588} INFO - Filling up the DagBag from /home/airflow/.local/lib/python3.12/site-packages/airflow/example_dags/example_time_delta_sensor_async.py
[2025-04-11T20:16:52.383+0000] {processor.py:925} INFO - DAG(s) 'example_time_delta_sensor_async' retrieved from /home/airflow/.local/lib/python3.12/site-packages/airflow/example_dags/example_time_delta_sensor_async.py
[2025-04-11T20:16:52.439+0000] {logging_mixin.py:190} INFO - [2025-04-11T20:16:52.438+0000] {dag.py:3239} INFO - Sync 1 DAGs
[2025-04-11T20:16:52.507+0000] {logging_mixin.py:190} INFO - [2025-04-11T20:16:52.506+0000] {dag.py:4180} INFO - Setting next_dagrun for example_time_delta_sensor_async to None, run_after=None
[2025-04-11T20:16:52.550+0000] {processor.py:208} INFO - Processing /home/airflow/.local/lib/python3.12/site-packages/airflow/example_dags/example_time_delta_sensor_async.py took 0.201 seconds
[2025-04-11T20:17:28.682+0000] {processor.py:186} INFO - Started process (PID=358) to work on /home/airflow/.local/lib/python3.12/site-packages/airflow/example_dags/example_time_delta_sensor_async.py
[2025-04-11T20:17:28.687+0000] {processor.py:914} INFO - Processing file /home/airflow/.local/lib/python3.12/site-packages/airflow/example_dags/example_time_delta_sensor_async.py for tasks to queue
[2025-04-11T20:17:28.701+0000] {logging_mixin.py:190} INFO - [2025-04-11T20:17:28.700+0000] {dagbag.py:588} INFO - Filling up the DagBag from /home/airflow/.local/lib/python3.12/site-packages/airflow/example_dags/example_time_delta_sensor_async.py
[2025-04-11T20:17:28.770+0000] {processor.py:925} INFO - DAG(s) 'example_time_delta_sensor_async' retrieved from /home/airflow/.local/lib/python3.12/site-packages/airflow/example_dags/example_time_delta_sensor_async.py
[2025-04-11T20:17:28.830+0000] {logging_mixin.py:190} INFO - [2025-04-11T20:17:28.830+0000] {dag.py:3239} INFO - Sync 1 DAGs
[2025-04-11T20:17:28.872+0000] {logging_mixin.py:190} INFO - [2025-04-11T20:17:28.871+0000] {dag.py:4180} INFO - Setting next_dagrun for example_time_delta_sensor_async to None, run_after=None
[2025-04-11T20:17:28.913+0000] {processor.py:208} INFO - Processing /home/airflow/.local/lib/python3.12/site-packages/airflow/example_dags/example_time_delta_sensor_async.py took 0.263 seconds
[2025-04-11T20:24:39.253+0000] {processor.py:186} INFO - Started process (PID=156) to work on /home/airflow/.local/lib/python3.12/site-packages/airflow/example_dags/example_time_delta_sensor_async.py
[2025-04-11T20:24:39.260+0000] {processor.py:914} INFO - Processing file /home/airflow/.local/lib/python3.12/site-packages/airflow/example_dags/example_time_delta_sensor_async.py for tasks to queue
[2025-04-11T20:24:39.273+0000] {logging_mixin.py:190} INFO - [2025-04-11T20:24:39.269+0000] {dagbag.py:588} INFO - Filling up the DagBag from /home/airflow/.local/lib/python3.12/site-packages/airflow/example_dags/example_time_delta_sensor_async.py
[2025-04-11T20:24:39.314+0000] {processor.py:925} INFO - DAG(s) 'example_time_delta_sensor_async' retrieved from /home/airflow/.local/lib/python3.12/site-packages/airflow/example_dags/example_time_delta_sensor_async.py
[2025-04-11T20:24:40.067+0000] {logging_mixin.py:190} INFO - [2025-04-11T20:24:40.058+0000] {override.py:1912} INFO - Created Permission View: can read on DAG:example_time_delta_sensor_async
[2025-04-11T20:24:40.406+0000] {logging_mixin.py:190} INFO - [2025-04-11T20:24:40.385+0000] {override.py:1912} INFO - Created Permission View: can edit on DAG:example_time_delta_sensor_async
[2025-04-11T20:24:40.589+0000] {logging_mixin.py:190} INFO - [2025-04-11T20:24:40.588+0000] {override.py:1912} INFO - Created Permission View: can delete on DAG:example_time_delta_sensor_async
[2025-04-11T20:24:40.711+0000] {logging_mixin.py:190} INFO - [2025-04-11T20:24:40.710+0000] {override.py:1912} INFO - Created Permission View: can create on DAG Run:example_time_delta_sensor_async
[2025-04-11T20:24:40.788+0000] {logging_mixin.py:190} INFO - [2025-04-11T20:24:40.787+0000] {override.py:1912} INFO - Created Permission View: can read on DAG Run:example_time_delta_sensor_async
[2025-04-11T20:24:40.823+0000] {logging_mixin.py:190} INFO - [2025-04-11T20:24:40.822+0000] {override.py:1912} INFO - Created Permission View: can delete on DAG Run:example_time_delta_sensor_async
[2025-04-11T20:24:40.976+0000] {logging_mixin.py:190} INFO - [2025-04-11T20:24:40.975+0000] {override.py:1912} INFO - Created Permission View: menu access on DAG Run:example_time_delta_sensor_async
[2025-04-11T20:24:40.981+0000] {logging_mixin.py:190} INFO - [2025-04-11T20:24:40.980+0000] {dag.py:3239} INFO - Sync 1 DAGs
[2025-04-11T20:24:41.318+0000] {logging_mixin.py:190} INFO - [2025-04-11T20:24:41.317+0000] {dag.py:3262} INFO - Creating ORM DAG for example_time_delta_sensor_async
[2025-04-11T20:24:41.333+0000] {logging_mixin.py:190} INFO - [2025-04-11T20:24:41.333+0000] {dag.py:4180} INFO - Setting next_dagrun for example_time_delta_sensor_async to None, run_after=None
[2025-04-11T20:24:41.571+0000] {processor.py:208} INFO - Processing /home/airflow/.local/lib/python3.12/site-packages/airflow/example_dags/example_time_delta_sensor_async.py took 2.363 seconds
[2025-04-11T20:25:15.571+0000] {processor.py:186} INFO - Started process (PID=223) to work on /home/airflow/.local/lib/python3.12/site-packages/airflow/example_dags/example_time_delta_sensor_async.py
[2025-04-11T20:25:15.574+0000] {processor.py:914} INFO - Processing file /home/airflow/.local/lib/python3.12/site-packages/airflow/example_dags/example_time_delta_sensor_async.py for tasks to queue
[2025-04-11T20:25:15.586+0000] {logging_mixin.py:190} INFO - [2025-04-11T20:25:15.583+0000] {dagbag.py:588} INFO - Filling up the DagBag from /home/airflow/.local/lib/python3.12/site-packages/airflow/example_dags/example_time_delta_sensor_async.py
[2025-04-11T20:25:15.607+0000] {processor.py:925} INFO - DAG(s) 'example_time_delta_sensor_async' retrieved from /home/airflow/.local/lib/python3.12/site-packages/airflow/example_dags/example_time_delta_sensor_async.py
[2025-04-11T20:25:15.661+0000] {logging_mixin.py:190} INFO - [2025-04-11T20:25:15.660+0000] {dag.py:3239} INFO - Sync 1 DAGs
[2025-04-11T20:25:15.705+0000] {logging_mixin.py:190} INFO - [2025-04-11T20:25:15.705+0000] {dag.py:4180} INFO - Setting next_dagrun for example_time_delta_sensor_async to None, run_after=None
[2025-04-11T20:25:15.754+0000] {processor.py:208} INFO - Processing /home/airflow/.local/lib/python3.12/site-packages/airflow/example_dags/example_time_delta_sensor_async.py took 0.211 seconds
[2025-04-11T20:28:53.478+0000] {processor.py:186} INFO - Started process (PID=126) to work on /home/airflow/.local/lib/python3.12/site-packages/airflow/example_dags/example_time_delta_sensor_async.py
[2025-04-11T20:28:53.483+0000] {processor.py:914} INFO - Processing file /home/airflow/.local/lib/python3.12/site-packages/airflow/example_dags/example_time_delta_sensor_async.py for tasks to queue
[2025-04-11T20:28:53.490+0000] {logging_mixin.py:190} INFO - [2025-04-11T20:28:53.489+0000] {dagbag.py:588} INFO - Filling up the DagBag from /home/airflow/.local/lib/python3.12/site-packages/airflow/example_dags/example_time_delta_sensor_async.py
[2025-04-11T20:28:53.519+0000] {processor.py:925} INFO - DAG(s) 'example_time_delta_sensor_async' retrieved from /home/airflow/.local/lib/python3.12/site-packages/airflow/example_dags/example_time_delta_sensor_async.py
[2025-04-11T20:28:53.587+0000] {logging_mixin.py:190} INFO - [2025-04-11T20:28:53.586+0000] {dag.py:3239} INFO - Sync 1 DAGs
[2025-04-11T20:28:53.644+0000] {logging_mixin.py:190} INFO - [2025-04-11T20:28:53.640+0000] {dag.py:4180} INFO - Setting next_dagrun for example_time_delta_sensor_async to None, run_after=None
[2025-04-11T20:28:53.722+0000] {processor.py:208} INFO - Processing /home/airflow/.local/lib/python3.12/site-packages/airflow/example_dags/example_time_delta_sensor_async.py took 0.265 seconds
[2025-04-11T20:29:26.045+0000] {processor.py:186} INFO - Started process (PID=189) to work on /home/airflow/.local/lib/python3.12/site-packages/airflow/example_dags/example_time_delta_sensor_async.py
[2025-04-11T20:29:26.050+0000] {processor.py:914} INFO - Processing file /home/airflow/.local/lib/python3.12/site-packages/airflow/example_dags/example_time_delta_sensor_async.py for tasks to queue
[2025-04-11T20:29:26.060+0000] {logging_mixin.py:190} INFO - [2025-04-11T20:29:26.059+0000] {dagbag.py:588} INFO - Filling up the DagBag from /home/airflow/.local/lib/python3.12/site-packages/airflow/example_dags/example_time_delta_sensor_async.py
[2025-04-11T20:29:26.137+0000] {processor.py:925} INFO - DAG(s) 'example_time_delta_sensor_async' retrieved from /home/airflow/.local/lib/python3.12/site-packages/airflow/example_dags/example_time_delta_sensor_async.py
[2025-04-11T20:29:26.277+0000] {logging_mixin.py:190} INFO - [2025-04-11T20:29:26.276+0000] {dag.py:3239} INFO - Sync 1 DAGs
[2025-04-11T20:29:26.327+0000] {logging_mixin.py:190} INFO - [2025-04-11T20:29:26.327+0000] {dag.py:4180} INFO - Setting next_dagrun for example_time_delta_sensor_async to None, run_after=None
[2025-04-11T20:29:26.405+0000] {processor.py:208} INFO - Processing /home/airflow/.local/lib/python3.12/site-packages/airflow/example_dags/example_time_delta_sensor_async.py took 0.422 seconds
[2025-04-11T20:30:53.108+0000] {processor.py:186} INFO - Started process (PID=290) to work on /home/airflow/.local/lib/python3.12/site-packages/airflow/example_dags/example_time_delta_sensor_async.py
[2025-04-11T20:30:53.113+0000] {processor.py:914} INFO - Processing file /home/airflow/.local/lib/python3.12/site-packages/airflow/example_dags/example_time_delta_sensor_async.py for tasks to queue
[2025-04-11T20:30:53.124+0000] {logging_mixin.py:190} INFO - [2025-04-11T20:30:53.120+0000] {dagbag.py:588} INFO - Filling up the DagBag from /home/airflow/.local/lib/python3.12/site-packages/airflow/example_dags/example_time_delta_sensor_async.py
[2025-04-11T20:30:53.158+0000] {processor.py:925} INFO - DAG(s) 'example_time_delta_sensor_async' retrieved from /home/airflow/.local/lib/python3.12/site-packages/airflow/example_dags/example_time_delta_sensor_async.py
[2025-04-11T20:30:53.258+0000] {logging_mixin.py:190} INFO - [2025-04-11T20:30:53.258+0000] {dag.py:3239} INFO - Sync 1 DAGs
[2025-04-11T20:30:53.347+0000] {logging_mixin.py:190} INFO - [2025-04-11T20:30:53.346+0000] {dag.py:4180} INFO - Setting next_dagrun for example_time_delta_sensor_async to None, run_after=None
[2025-04-11T20:30:53.450+0000] {processor.py:208} INFO - Processing /home/airflow/.local/lib/python3.12/site-packages/airflow/example_dags/example_time_delta_sensor_async.py took 0.401 seconds
[2025-04-11T20:31:26.997+0000] {processor.py:186} INFO - Started process (PID=360) to work on /home/airflow/.local/lib/python3.12/site-packages/airflow/example_dags/example_time_delta_sensor_async.py
[2025-04-11T20:31:27.000+0000] {processor.py:914} INFO - Processing file /home/airflow/.local/lib/python3.12/site-packages/airflow/example_dags/example_time_delta_sensor_async.py for tasks to queue
[2025-04-11T20:31:27.009+0000] {logging_mixin.py:190} INFO - [2025-04-11T20:31:27.008+0000] {dagbag.py:588} INFO - Filling up the DagBag from /home/airflow/.local/lib/python3.12/site-packages/airflow/example_dags/example_time_delta_sensor_async.py
[2025-04-11T20:31:27.029+0000] {processor.py:925} INFO - DAG(s) 'example_time_delta_sensor_async' retrieved from /home/airflow/.local/lib/python3.12/site-packages/airflow/example_dags/example_time_delta_sensor_async.py
[2025-04-11T20:31:27.107+0000] {logging_mixin.py:190} INFO - [2025-04-11T20:31:27.106+0000] {dag.py:3239} INFO - Sync 1 DAGs
[2025-04-11T20:31:27.165+0000] {logging_mixin.py:190} INFO - [2025-04-11T20:31:27.165+0000] {dag.py:4180} INFO - Setting next_dagrun for example_time_delta_sensor_async to None, run_after=None
[2025-04-11T20:31:27.232+0000] {processor.py:208} INFO - Processing /home/airflow/.local/lib/python3.12/site-packages/airflow/example_dags/example_time_delta_sensor_async.py took 0.254 seconds
[2025-04-11T20:31:59.190+0000] {processor.py:186} INFO - Started process (PID=425) to work on /home/airflow/.local/lib/python3.12/site-packages/airflow/example_dags/example_time_delta_sensor_async.py
[2025-04-11T20:31:59.196+0000] {processor.py:914} INFO - Processing file /home/airflow/.local/lib/python3.12/site-packages/airflow/example_dags/example_time_delta_sensor_async.py for tasks to queue
[2025-04-11T20:31:59.219+0000] {logging_mixin.py:190} INFO - [2025-04-11T20:31:59.218+0000] {dagbag.py:588} INFO - Filling up the DagBag from /home/airflow/.local/lib/python3.12/site-packages/airflow/example_dags/example_time_delta_sensor_async.py
[2025-04-11T20:31:59.299+0000] {processor.py:925} INFO - DAG(s) 'example_time_delta_sensor_async' retrieved from /home/airflow/.local/lib/python3.12/site-packages/airflow/example_dags/example_time_delta_sensor_async.py
[2025-04-11T20:31:59.547+0000] {logging_mixin.py:190} INFO - [2025-04-11T20:31:59.546+0000] {dag.py:3239} INFO - Sync 1 DAGs
[2025-04-11T20:31:59.799+0000] {logging_mixin.py:190} INFO - [2025-04-11T20:31:59.797+0000] {dag.py:4180} INFO - Setting next_dagrun for example_time_delta_sensor_async to None, run_after=None
[2025-04-11T20:32:00.065+0000] {processor.py:208} INFO - Processing /home/airflow/.local/lib/python3.12/site-packages/airflow/example_dags/example_time_delta_sensor_async.py took 0.917 seconds
[2025-04-11T20:32:56.988+0000] {processor.py:186} INFO - Started process (PID=503) to work on /home/airflow/.local/lib/python3.12/site-packages/airflow/example_dags/example_time_delta_sensor_async.py
[2025-04-11T20:32:56.992+0000] {processor.py:914} INFO - Processing file /home/airflow/.local/lib/python3.12/site-packages/airflow/example_dags/example_time_delta_sensor_async.py for tasks to queue
[2025-04-11T20:32:57.003+0000] {logging_mixin.py:190} INFO - [2025-04-11T20:32:57.002+0000] {dagbag.py:588} INFO - Filling up the DagBag from /home/airflow/.local/lib/python3.12/site-packages/airflow/example_dags/example_time_delta_sensor_async.py
[2025-04-11T20:32:57.135+0000] {processor.py:925} INFO - DAG(s) 'example_time_delta_sensor_async' retrieved from /home/airflow/.local/lib/python3.12/site-packages/airflow/example_dags/example_time_delta_sensor_async.py
[2025-04-11T20:32:57.648+0000] {logging_mixin.py:190} INFO - [2025-04-11T20:32:57.640+0000] {dag.py:3239} INFO - Sync 1 DAGs
[2025-04-11T20:32:57.789+0000] {logging_mixin.py:190} INFO - [2025-04-11T20:32:57.788+0000] {dag.py:4180} INFO - Setting next_dagrun for example_time_delta_sensor_async to None, run_after=None
[2025-04-11T20:32:58.079+0000] {processor.py:208} INFO - Processing /home/airflow/.local/lib/python3.12/site-packages/airflow/example_dags/example_time_delta_sensor_async.py took 1.140 seconds
[2025-04-11T20:36:08.141+0000] {processor.py:186} INFO - Started process (PID=130) to work on /home/airflow/.local/lib/python3.12/site-packages/airflow/example_dags/example_time_delta_sensor_async.py
[2025-04-11T20:36:08.144+0000] {processor.py:914} INFO - Processing file /home/airflow/.local/lib/python3.12/site-packages/airflow/example_dags/example_time_delta_sensor_async.py for tasks to queue
[2025-04-11T20:36:08.153+0000] {logging_mixin.py:190} INFO - [2025-04-11T20:36:08.150+0000] {dagbag.py:588} INFO - Filling up the DagBag from /home/airflow/.local/lib/python3.12/site-packages/airflow/example_dags/example_time_delta_sensor_async.py
[2025-04-11T20:36:08.183+0000] {processor.py:925} INFO - DAG(s) 'example_time_delta_sensor_async' retrieved from /home/airflow/.local/lib/python3.12/site-packages/airflow/example_dags/example_time_delta_sensor_async.py
[2025-04-11T20:36:08.226+0000] {logging_mixin.py:190} INFO - [2025-04-11T20:36:08.226+0000] {dag.py:3239} INFO - Sync 1 DAGs
[2025-04-11T20:36:08.276+0000] {logging_mixin.py:190} INFO - [2025-04-11T20:36:08.275+0000] {dag.py:4180} INFO - Setting next_dagrun for example_time_delta_sensor_async to None, run_after=None
[2025-04-11T20:36:08.353+0000] {processor.py:208} INFO - Processing /home/airflow/.local/lib/python3.12/site-packages/airflow/example_dags/example_time_delta_sensor_async.py took 0.228 seconds
[2025-04-11T20:36:42.404+0000] {processor.py:186} INFO - Started process (PID=196) to work on /home/airflow/.local/lib/python3.12/site-packages/airflow/example_dags/example_time_delta_sensor_async.py
[2025-04-11T20:36:42.410+0000] {processor.py:914} INFO - Processing file /home/airflow/.local/lib/python3.12/site-packages/airflow/example_dags/example_time_delta_sensor_async.py for tasks to queue
[2025-04-11T20:36:42.422+0000] {logging_mixin.py:190} INFO - [2025-04-11T20:36:42.421+0000] {dagbag.py:588} INFO - Filling up the DagBag from /home/airflow/.local/lib/python3.12/site-packages/airflow/example_dags/example_time_delta_sensor_async.py
[2025-04-11T20:36:42.554+0000] {processor.py:925} INFO - DAG(s) 'example_time_delta_sensor_async' retrieved from /home/airflow/.local/lib/python3.12/site-packages/airflow/example_dags/example_time_delta_sensor_async.py
[2025-04-11T20:36:42.656+0000] {logging_mixin.py:190} INFO - [2025-04-11T20:36:42.655+0000] {dag.py:3239} INFO - Sync 1 DAGs
[2025-04-11T20:36:42.740+0000] {logging_mixin.py:190} INFO - [2025-04-11T20:36:42.739+0000] {dag.py:4180} INFO - Setting next_dagrun for example_time_delta_sensor_async to None, run_after=None
[2025-04-11T20:36:42.815+0000] {processor.py:208} INFO - Processing /home/airflow/.local/lib/python3.12/site-packages/airflow/example_dags/example_time_delta_sensor_async.py took 0.427 seconds
[2025-04-11T20:37:30.812+0000] {processor.py:186} INFO - Started process (PID=265) to work on /home/airflow/.local/lib/python3.12/site-packages/airflow/example_dags/example_time_delta_sensor_async.py
[2025-04-11T20:37:30.815+0000] {processor.py:914} INFO - Processing file /home/airflow/.local/lib/python3.12/site-packages/airflow/example_dags/example_time_delta_sensor_async.py for tasks to queue
[2025-04-11T20:37:30.819+0000] {logging_mixin.py:190} INFO - [2025-04-11T20:37:30.819+0000] {dagbag.py:588} INFO - Filling up the DagBag from /home/airflow/.local/lib/python3.12/site-packages/airflow/example_dags/example_time_delta_sensor_async.py
[2025-04-11T20:37:30.840+0000] {processor.py:925} INFO - DAG(s) 'example_time_delta_sensor_async' retrieved from /home/airflow/.local/lib/python3.12/site-packages/airflow/example_dags/example_time_delta_sensor_async.py
[2025-04-11T20:37:30.914+0000] {logging_mixin.py:190} INFO - [2025-04-11T20:37:30.914+0000] {dag.py:3239} INFO - Sync 1 DAGs
[2025-04-11T20:37:30.990+0000] {logging_mixin.py:190} INFO - [2025-04-11T20:37:30.989+0000] {dag.py:4180} INFO - Setting next_dagrun for example_time_delta_sensor_async to None, run_after=None
[2025-04-11T20:37:31.075+0000] {processor.py:208} INFO - Processing /home/airflow/.local/lib/python3.12/site-packages/airflow/example_dags/example_time_delta_sensor_async.py took 0.280 seconds
[2025-04-11T20:38:30.752+0000] {processor.py:186} INFO - Started process (PID=344) to work on /home/airflow/.local/lib/python3.12/site-packages/airflow/example_dags/example_time_delta_sensor_async.py
[2025-04-11T20:38:30.757+0000] {processor.py:914} INFO - Processing file /home/airflow/.local/lib/python3.12/site-packages/airflow/example_dags/example_time_delta_sensor_async.py for tasks to queue
[2025-04-11T20:38:30.768+0000] {logging_mixin.py:190} INFO - [2025-04-11T20:38:30.767+0000] {dagbag.py:588} INFO - Filling up the DagBag from /home/airflow/.local/lib/python3.12/site-packages/airflow/example_dags/example_time_delta_sensor_async.py
[2025-04-11T20:38:30.805+0000] {processor.py:925} INFO - DAG(s) 'example_time_delta_sensor_async' retrieved from /home/airflow/.local/lib/python3.12/site-packages/airflow/example_dags/example_time_delta_sensor_async.py
[2025-04-11T20:38:30.917+0000] {logging_mixin.py:190} INFO - [2025-04-11T20:38:30.915+0000] {dag.py:3239} INFO - Sync 1 DAGs
[2025-04-11T20:38:30.996+0000] {logging_mixin.py:190} INFO - [2025-04-11T20:38:30.995+0000] {dag.py:4180} INFO - Setting next_dagrun for example_time_delta_sensor_async to None, run_after=None
[2025-04-11T20:38:31.100+0000] {processor.py:208} INFO - Processing /home/airflow/.local/lib/python3.12/site-packages/airflow/example_dags/example_time_delta_sensor_async.py took 0.369 seconds
[2025-04-11T20:39:43.715+0000] {processor.py:186} INFO - Started process (PID=421) to work on /home/airflow/.local/lib/python3.12/site-packages/airflow/example_dags/example_time_delta_sensor_async.py
[2025-04-11T20:39:43.730+0000] {processor.py:914} INFO - Processing file /home/airflow/.local/lib/python3.12/site-packages/airflow/example_dags/example_time_delta_sensor_async.py for tasks to queue
[2025-04-11T20:39:43.748+0000] {logging_mixin.py:190} INFO - [2025-04-11T20:39:43.747+0000] {dagbag.py:588} INFO - Filling up the DagBag from /home/airflow/.local/lib/python3.12/site-packages/airflow/example_dags/example_time_delta_sensor_async.py
[2025-04-11T20:39:43.786+0000] {processor.py:925} INFO - DAG(s) 'example_time_delta_sensor_async' retrieved from /home/airflow/.local/lib/python3.12/site-packages/airflow/example_dags/example_time_delta_sensor_async.py
[2025-04-11T20:39:43.912+0000] {logging_mixin.py:190} INFO - [2025-04-11T20:39:43.911+0000] {dag.py:3239} INFO - Sync 1 DAGs
[2025-04-11T20:39:44.018+0000] {logging_mixin.py:190} INFO - [2025-04-11T20:39:44.017+0000] {dag.py:4180} INFO - Setting next_dagrun for example_time_delta_sensor_async to None, run_after=None
[2025-04-11T20:39:44.160+0000] {processor.py:208} INFO - Processing /home/airflow/.local/lib/python3.12/site-packages/airflow/example_dags/example_time_delta_sensor_async.py took 0.613 seconds
[2025-04-11T20:40:22.028+0000] {processor.py:186} INFO - Started process (PID=486) to work on /home/airflow/.local/lib/python3.12/site-packages/airflow/example_dags/example_time_delta_sensor_async.py
[2025-04-11T20:40:22.032+0000] {processor.py:914} INFO - Processing file /home/airflow/.local/lib/python3.12/site-packages/airflow/example_dags/example_time_delta_sensor_async.py for tasks to queue
[2025-04-11T20:40:22.039+0000] {logging_mixin.py:190} INFO - [2025-04-11T20:40:22.038+0000] {dagbag.py:588} INFO - Filling up the DagBag from /home/airflow/.local/lib/python3.12/site-packages/airflow/example_dags/example_time_delta_sensor_async.py
[2025-04-11T20:40:22.103+0000] {processor.py:925} INFO - DAG(s) 'example_time_delta_sensor_async' retrieved from /home/airflow/.local/lib/python3.12/site-packages/airflow/example_dags/example_time_delta_sensor_async.py
[2025-04-11T20:40:22.238+0000] {logging_mixin.py:190} INFO - [2025-04-11T20:40:22.238+0000] {dag.py:3239} INFO - Sync 1 DAGs
[2025-04-11T20:40:22.319+0000] {logging_mixin.py:190} INFO - [2025-04-11T20:40:22.319+0000] {dag.py:4180} INFO - Setting next_dagrun for example_time_delta_sensor_async to None, run_after=None
[2025-04-11T20:40:22.669+0000] {processor.py:208} INFO - Processing /home/airflow/.local/lib/python3.12/site-packages/airflow/example_dags/example_time_delta_sensor_async.py took 0.692 seconds
[2025-04-11T20:41:05.822+0000] {processor.py:186} INFO - Started process (PID=554) to work on /home/airflow/.local/lib/python3.12/site-packages/airflow/example_dags/example_time_delta_sensor_async.py
[2025-04-11T20:41:05.827+0000] {processor.py:914} INFO - Processing file /home/airflow/.local/lib/python3.12/site-packages/airflow/example_dags/example_time_delta_sensor_async.py for tasks to queue
[2025-04-11T20:41:05.837+0000] {logging_mixin.py:190} INFO - [2025-04-11T20:41:05.836+0000] {dagbag.py:588} INFO - Filling up the DagBag from /home/airflow/.local/lib/python3.12/site-packages/airflow/example_dags/example_time_delta_sensor_async.py
[2025-04-11T20:41:05.859+0000] {processor.py:925} INFO - DAG(s) 'example_time_delta_sensor_async' retrieved from /home/airflow/.local/lib/python3.12/site-packages/airflow/example_dags/example_time_delta_sensor_async.py
[2025-04-11T20:41:05.942+0000] {logging_mixin.py:190} INFO - [2025-04-11T20:41:05.942+0000] {dag.py:3239} INFO - Sync 1 DAGs
[2025-04-11T20:41:06.020+0000] {logging_mixin.py:190} INFO - [2025-04-11T20:41:06.020+0000] {dag.py:4180} INFO - Setting next_dagrun for example_time_delta_sensor_async to None, run_after=None
[2025-04-11T20:41:06.118+0000] {processor.py:208} INFO - Processing /home/airflow/.local/lib/python3.12/site-packages/airflow/example_dags/example_time_delta_sensor_async.py took 0.328 seconds
[2025-04-11T20:41:41.868+0000] {processor.py:186} INFO - Started process (PID=624) to work on /home/airflow/.local/lib/python3.12/site-packages/airflow/example_dags/example_time_delta_sensor_async.py
[2025-04-11T20:41:41.875+0000] {processor.py:914} INFO - Processing file /home/airflow/.local/lib/python3.12/site-packages/airflow/example_dags/example_time_delta_sensor_async.py for tasks to queue
[2025-04-11T20:41:41.910+0000] {logging_mixin.py:190} INFO - [2025-04-11T20:41:41.907+0000] {dagbag.py:588} INFO - Filling up the DagBag from /home/airflow/.local/lib/python3.12/site-packages/airflow/example_dags/example_time_delta_sensor_async.py
[2025-04-11T20:41:41.961+0000] {processor.py:925} INFO - DAG(s) 'example_time_delta_sensor_async' retrieved from /home/airflow/.local/lib/python3.12/site-packages/airflow/example_dags/example_time_delta_sensor_async.py
[2025-04-11T20:41:42.078+0000] {logging_mixin.py:190} INFO - [2025-04-11T20:41:42.077+0000] {dag.py:3239} INFO - Sync 1 DAGs
[2025-04-11T20:41:42.194+0000] {logging_mixin.py:190} INFO - [2025-04-11T20:41:42.192+0000] {dag.py:4180} INFO - Setting next_dagrun for example_time_delta_sensor_async to None, run_after=None
[2025-04-11T20:41:42.295+0000] {processor.py:208} INFO - Processing /home/airflow/.local/lib/python3.12/site-packages/airflow/example_dags/example_time_delta_sensor_async.py took 0.480 seconds
[2025-04-11T20:43:36.509+0000] {processor.py:186} INFO - Started process (PID=705) to work on /home/airflow/.local/lib/python3.12/site-packages/airflow/example_dags/example_time_delta_sensor_async.py
[2025-04-11T20:43:36.524+0000] {processor.py:914} INFO - Processing file /home/airflow/.local/lib/python3.12/site-packages/airflow/example_dags/example_time_delta_sensor_async.py for tasks to queue
[2025-04-11T20:43:36.538+0000] {logging_mixin.py:190} INFO - [2025-04-11T20:43:36.537+0000] {dagbag.py:588} INFO - Filling up the DagBag from /home/airflow/.local/lib/python3.12/site-packages/airflow/example_dags/example_time_delta_sensor_async.py
[2025-04-11T20:43:36.589+0000] {processor.py:925} INFO - DAG(s) 'example_time_delta_sensor_async' retrieved from /home/airflow/.local/lib/python3.12/site-packages/airflow/example_dags/example_time_delta_sensor_async.py
[2025-04-11T20:43:36.727+0000] {logging_mixin.py:190} INFO - [2025-04-11T20:43:36.726+0000] {dag.py:3239} INFO - Sync 1 DAGs
[2025-04-11T20:43:36.877+0000] {logging_mixin.py:190} INFO - [2025-04-11T20:43:36.873+0000] {dag.py:4180} INFO - Setting next_dagrun for example_time_delta_sensor_async to None, run_after=None
[2025-04-11T20:43:37.024+0000] {processor.py:208} INFO - Processing /home/airflow/.local/lib/python3.12/site-packages/airflow/example_dags/example_time_delta_sensor_async.py took 0.554 seconds
[2025-04-11T20:44:25.185+0000] {processor.py:186} INFO - Started process (PID=773) to work on /home/airflow/.local/lib/python3.12/site-packages/airflow/example_dags/example_time_delta_sensor_async.py
[2025-04-11T20:44:25.188+0000] {processor.py:914} INFO - Processing file /home/airflow/.local/lib/python3.12/site-packages/airflow/example_dags/example_time_delta_sensor_async.py for tasks to queue
[2025-04-11T20:44:25.200+0000] {logging_mixin.py:190} INFO - [2025-04-11T20:44:25.198+0000] {dagbag.py:588} INFO - Filling up the DagBag from /home/airflow/.local/lib/python3.12/site-packages/airflow/example_dags/example_time_delta_sensor_async.py
[2025-04-11T20:44:25.229+0000] {processor.py:925} INFO - DAG(s) 'example_time_delta_sensor_async' retrieved from /home/airflow/.local/lib/python3.12/site-packages/airflow/example_dags/example_time_delta_sensor_async.py
[2025-04-11T20:44:25.299+0000] {logging_mixin.py:190} INFO - [2025-04-11T20:44:25.299+0000] {dag.py:3239} INFO - Sync 1 DAGs
[2025-04-11T20:44:25.364+0000] {logging_mixin.py:190} INFO - [2025-04-11T20:44:25.361+0000] {dag.py:4180} INFO - Setting next_dagrun for example_time_delta_sensor_async to None, run_after=None
[2025-04-11T20:44:25.457+0000] {processor.py:208} INFO - Processing /home/airflow/.local/lib/python3.12/site-packages/airflow/example_dags/example_time_delta_sensor_async.py took 0.289 seconds
[2025-04-11T20:44:56.353+0000] {processor.py:186} INFO - Started process (PID=839) to work on /home/airflow/.local/lib/python3.12/site-packages/airflow/example_dags/example_time_delta_sensor_async.py
[2025-04-11T20:44:56.356+0000] {processor.py:914} INFO - Processing file /home/airflow/.local/lib/python3.12/site-packages/airflow/example_dags/example_time_delta_sensor_async.py for tasks to queue
[2025-04-11T20:44:56.365+0000] {logging_mixin.py:190} INFO - [2025-04-11T20:44:56.364+0000] {dagbag.py:588} INFO - Filling up the DagBag from /home/airflow/.local/lib/python3.12/site-packages/airflow/example_dags/example_time_delta_sensor_async.py
[2025-04-11T20:44:56.386+0000] {processor.py:925} INFO - DAG(s) 'example_time_delta_sensor_async' retrieved from /home/airflow/.local/lib/python3.12/site-packages/airflow/example_dags/example_time_delta_sensor_async.py
[2025-04-11T20:44:56.485+0000] {logging_mixin.py:190} INFO - [2025-04-11T20:44:56.485+0000] {dag.py:3239} INFO - Sync 1 DAGs
[2025-04-11T20:44:56.554+0000] {logging_mixin.py:190} INFO - [2025-04-11T20:44:56.553+0000] {dag.py:4180} INFO - Setting next_dagrun for example_time_delta_sensor_async to None, run_after=None
[2025-04-11T20:44:56.626+0000] {processor.py:208} INFO - Processing /home/airflow/.local/lib/python3.12/site-packages/airflow/example_dags/example_time_delta_sensor_async.py took 0.288 seconds
[2025-04-11T20:45:27.069+0000] {processor.py:186} INFO - Started process (PID=902) to work on /home/airflow/.local/lib/python3.12/site-packages/airflow/example_dags/example_time_delta_sensor_async.py
[2025-04-11T20:45:27.072+0000] {processor.py:914} INFO - Processing file /home/airflow/.local/lib/python3.12/site-packages/airflow/example_dags/example_time_delta_sensor_async.py for tasks to queue
[2025-04-11T20:45:27.077+0000] {logging_mixin.py:190} INFO - [2025-04-11T20:45:27.077+0000] {dagbag.py:588} INFO - Filling up the DagBag from /home/airflow/.local/lib/python3.12/site-packages/airflow/example_dags/example_time_delta_sensor_async.py
[2025-04-11T20:45:27.094+0000] {processor.py:925} INFO - DAG(s) 'example_time_delta_sensor_async' retrieved from /home/airflow/.local/lib/python3.12/site-packages/airflow/example_dags/example_time_delta_sensor_async.py
[2025-04-11T20:45:27.168+0000] {logging_mixin.py:190} INFO - [2025-04-11T20:45:27.168+0000] {dag.py:3239} INFO - Sync 1 DAGs
[2025-04-11T20:45:27.210+0000] {logging_mixin.py:190} INFO - [2025-04-11T20:45:27.209+0000] {dag.py:4180} INFO - Setting next_dagrun for example_time_delta_sensor_async to None, run_after=None
[2025-04-11T20:45:27.261+0000] {processor.py:208} INFO - Processing /home/airflow/.local/lib/python3.12/site-packages/airflow/example_dags/example_time_delta_sensor_async.py took 0.207 seconds
[2025-04-11T20:47:22.444+0000] {processor.py:186} INFO - Started process (PID=1009) to work on /home/airflow/.local/lib/python3.12/site-packages/airflow/example_dags/example_time_delta_sensor_async.py
[2025-04-11T20:47:22.449+0000] {processor.py:914} INFO - Processing file /home/airflow/.local/lib/python3.12/site-packages/airflow/example_dags/example_time_delta_sensor_async.py for tasks to queue
[2025-04-11T20:47:22.465+0000] {logging_mixin.py:190} INFO - [2025-04-11T20:47:22.463+0000] {dagbag.py:588} INFO - Filling up the DagBag from /home/airflow/.local/lib/python3.12/site-packages/airflow/example_dags/example_time_delta_sensor_async.py
[2025-04-11T20:47:22.559+0000] {processor.py:925} INFO - DAG(s) 'example_time_delta_sensor_async' retrieved from /home/airflow/.local/lib/python3.12/site-packages/airflow/example_dags/example_time_delta_sensor_async.py
[2025-04-11T20:47:22.966+0000] {logging_mixin.py:190} INFO - [2025-04-11T20:47:22.965+0000] {dag.py:3239} INFO - Sync 1 DAGs
[2025-04-11T20:47:23.269+0000] {logging_mixin.py:190} INFO - [2025-04-11T20:47:23.269+0000] {dag.py:4180} INFO - Setting next_dagrun for example_time_delta_sensor_async to None, run_after=None
[2025-04-11T20:47:23.623+0000] {processor.py:208} INFO - Processing /home/airflow/.local/lib/python3.12/site-packages/airflow/example_dags/example_time_delta_sensor_async.py took 1.199 seconds
[2025-04-11T20:49:58.118+0000] {processor.py:186} INFO - Started process (PID=1112) to work on /home/airflow/.local/lib/python3.12/site-packages/airflow/example_dags/example_time_delta_sensor_async.py
[2025-04-11T20:49:58.125+0000] {processor.py:914} INFO - Processing file /home/airflow/.local/lib/python3.12/site-packages/airflow/example_dags/example_time_delta_sensor_async.py for tasks to queue
[2025-04-11T20:49:58.131+0000] {logging_mixin.py:190} INFO - [2025-04-11T20:49:58.130+0000] {dagbag.py:588} INFO - Filling up the DagBag from /home/airflow/.local/lib/python3.12/site-packages/airflow/example_dags/example_time_delta_sensor_async.py
[2025-04-11T20:49:58.158+0000] {processor.py:925} INFO - DAG(s) 'example_time_delta_sensor_async' retrieved from /home/airflow/.local/lib/python3.12/site-packages/airflow/example_dags/example_time_delta_sensor_async.py
[2025-04-11T20:49:58.261+0000] {logging_mixin.py:190} INFO - [2025-04-11T20:49:58.261+0000] {dag.py:3239} INFO - Sync 1 DAGs
[2025-04-11T20:49:58.334+0000] {logging_mixin.py:190} INFO - [2025-04-11T20:49:58.334+0000] {dag.py:4180} INFO - Setting next_dagrun for example_time_delta_sensor_async to None, run_after=None
[2025-04-11T20:49:58.433+0000] {processor.py:208} INFO - Processing /home/airflow/.local/lib/python3.12/site-packages/airflow/example_dags/example_time_delta_sensor_async.py took 0.348 seconds
[2025-04-11T20:50:43.200+0000] {processor.py:186} INFO - Started process (PID=1180) to work on /home/airflow/.local/lib/python3.12/site-packages/airflow/example_dags/example_time_delta_sensor_async.py
[2025-04-11T20:50:43.325+0000] {processor.py:914} INFO - Processing file /home/airflow/.local/lib/python3.12/site-packages/airflow/example_dags/example_time_delta_sensor_async.py for tasks to queue
[2025-04-11T20:50:43.409+0000] {logging_mixin.py:190} INFO - [2025-04-11T20:50:43.394+0000] {dagbag.py:588} INFO - Filling up the DagBag from /home/airflow/.local/lib/python3.12/site-packages/airflow/example_dags/example_time_delta_sensor_async.py
[2025-04-11T20:50:44.024+0000] {processor.py:925} INFO - DAG(s) 'example_time_delta_sensor_async' retrieved from /home/airflow/.local/lib/python3.12/site-packages/airflow/example_dags/example_time_delta_sensor_async.py
[2025-04-11T20:50:44.902+0000] {logging_mixin.py:190} INFO - [2025-04-11T20:50:44.895+0000] {dag.py:3239} INFO - Sync 1 DAGs
[2025-04-11T20:50:45.433+0000] {logging_mixin.py:190} INFO - [2025-04-11T20:50:45.431+0000] {dag.py:4180} INFO - Setting next_dagrun for example_time_delta_sensor_async to None, run_after=None
[2025-04-11T20:50:46.233+0000] {processor.py:208} INFO - Processing /home/airflow/.local/lib/python3.12/site-packages/airflow/example_dags/example_time_delta_sensor_async.py took 3.332 seconds
[2025-04-11T20:52:05.695+0000] {processor.py:186} INFO - Started process (PID=1272) to work on /home/airflow/.local/lib/python3.12/site-packages/airflow/example_dags/example_time_delta_sensor_async.py
[2025-04-11T20:52:05.699+0000] {processor.py:914} INFO - Processing file /home/airflow/.local/lib/python3.12/site-packages/airflow/example_dags/example_time_delta_sensor_async.py for tasks to queue
[2025-04-11T20:52:05.710+0000] {logging_mixin.py:190} INFO - [2025-04-11T20:52:05.709+0000] {dagbag.py:588} INFO - Filling up the DagBag from /home/airflow/.local/lib/python3.12/site-packages/airflow/example_dags/example_time_delta_sensor_async.py
[2025-04-11T20:52:05.769+0000] {processor.py:925} INFO - DAG(s) 'example_time_delta_sensor_async' retrieved from /home/airflow/.local/lib/python3.12/site-packages/airflow/example_dags/example_time_delta_sensor_async.py
[2025-04-11T20:52:06.069+0000] {logging_mixin.py:190} INFO - [2025-04-11T20:52:06.068+0000] {dag.py:3239} INFO - Sync 1 DAGs
[2025-04-11T20:52:06.280+0000] {logging_mixin.py:190} INFO - [2025-04-11T20:52:06.279+0000] {dag.py:4180} INFO - Setting next_dagrun for example_time_delta_sensor_async to None, run_after=None
[2025-04-11T20:52:06.403+0000] {processor.py:208} INFO - Processing /home/airflow/.local/lib/python3.12/site-packages/airflow/example_dags/example_time_delta_sensor_async.py took 0.726 seconds
[2025-04-11T20:52:39.738+0000] {processor.py:186} INFO - Started process (PID=1335) to work on /home/airflow/.local/lib/python3.12/site-packages/airflow/example_dags/example_time_delta_sensor_async.py
[2025-04-11T20:52:39.745+0000] {processor.py:914} INFO - Processing file /home/airflow/.local/lib/python3.12/site-packages/airflow/example_dags/example_time_delta_sensor_async.py for tasks to queue
[2025-04-11T20:52:39.757+0000] {logging_mixin.py:190} INFO - [2025-04-11T20:52:39.756+0000] {dagbag.py:588} INFO - Filling up the DagBag from /home/airflow/.local/lib/python3.12/site-packages/airflow/example_dags/example_time_delta_sensor_async.py
[2025-04-11T20:52:39.803+0000] {processor.py:925} INFO - DAG(s) 'example_time_delta_sensor_async' retrieved from /home/airflow/.local/lib/python3.12/site-packages/airflow/example_dags/example_time_delta_sensor_async.py
[2025-04-11T20:52:39.942+0000] {logging_mixin.py:190} INFO - [2025-04-11T20:52:39.941+0000] {dag.py:3239} INFO - Sync 1 DAGs
[2025-04-11T20:52:40.049+0000] {logging_mixin.py:190} INFO - [2025-04-11T20:52:40.049+0000] {dag.py:4180} INFO - Setting next_dagrun for example_time_delta_sensor_async to None, run_after=None
[2025-04-11T20:52:40.105+0000] {processor.py:208} INFO - Processing /home/airflow/.local/lib/python3.12/site-packages/airflow/example_dags/example_time_delta_sensor_async.py took 0.398 seconds
