[2025-04-11T19:44:54.853+0000] {processor.py:186} INFO - Started process (PID=83) to work on /home/airflow/.local/lib/python3.12/site-packages/airflow/example_dags/example_nested_branch_dag.py
[2025-04-11T19:44:54.953+0000] {processor.py:914} INFO - Processing file /home/airflow/.local/lib/python3.12/site-packages/airflow/example_dags/example_nested_branch_dag.py for tasks to queue
[2025-04-11T19:44:55.129+0000] {logging_mixin.py:190} INFO - [2025-04-11T19:44:55.103+0000] {dagbag.py:588} INFO - Filling up the DagBag from /home/airflow/.local/lib/python3.12/site-packages/airflow/example_dags/example_nested_branch_dag.py
[2025-04-11T19:44:56.112+0000] {processor.py:925} INFO - DAG(s) 'example_nested_branch_dag' retrieved from /home/airflow/.local/lib/python3.12/site-packages/airflow/example_dags/example_nested_branch_dag.py
[2025-04-11T19:44:58.570+0000] {logging_mixin.py:190} INFO - [2025-04-11T19:44:58.569+0000] {override.py:1912} INFO - Created Permission View: can delete on DAG:example_nested_branch_dag
[2025-04-11T19:44:58.631+0000] {logging_mixin.py:190} INFO - [2025-04-11T19:44:58.630+0000] {override.py:1912} INFO - Created Permission View: can read on DAG:example_nested_branch_dag
[2025-04-11T19:44:58.710+0000] {logging_mixin.py:190} INFO - [2025-04-11T19:44:58.706+0000] {override.py:1912} INFO - Created Permission View: can edit on DAG:example_nested_branch_dag
[2025-04-11T19:44:58.793+0000] {logging_mixin.py:190} INFO - [2025-04-11T19:44:58.793+0000] {override.py:1912} INFO - Created Permission View: can create on DAG Run:example_nested_branch_dag
[2025-04-11T19:44:58.885+0000] {logging_mixin.py:190} INFO - [2025-04-11T19:44:58.884+0000] {override.py:1912} INFO - Created Permission View: can read on DAG Run:example_nested_branch_dag
[2025-04-11T19:44:58.940+0000] {logging_mixin.py:190} INFO - [2025-04-11T19:44:58.939+0000] {override.py:1912} INFO - Created Permission View: can delete on DAG Run:example_nested_branch_dag
[2025-04-11T19:44:59.003+0000] {logging_mixin.py:190} INFO - [2025-04-11T19:44:59.002+0000] {override.py:1912} INFO - Created Permission View: menu access on DAG Run:example_nested_branch_dag
[2025-04-11T19:44:59.007+0000] {logging_mixin.py:190} INFO - [2025-04-11T19:44:59.006+0000] {dag.py:3239} INFO - Sync 1 DAGs
[2025-04-11T19:44:59.131+0000] {logging_mixin.py:190} INFO - [2025-04-11T19:44:59.129+0000] {dag.py:3262} INFO - Creating ORM DAG for example_nested_branch_dag
[2025-04-11T19:44:59.300+0000] {logging_mixin.py:190} INFO - [2025-04-11T19:44:59.300+0000] {dag.py:4180} INFO - Setting next_dagrun for example_nested_branch_dag to 2025-04-10 00:00:00+00:00, run_after=2025-04-11 00:00:00+00:00
[2025-04-11T19:44:59.368+0000] {processor.py:208} INFO - Processing /home/airflow/.local/lib/python3.12/site-packages/airflow/example_dags/example_nested_branch_dag.py took 4.625 seconds
[2025-04-11T19:46:51.306+0000] {processor.py:186} INFO - Started process (PID=165) to work on /home/airflow/.local/lib/python3.12/site-packages/airflow/example_dags/example_nested_branch_dag.py
[2025-04-11T19:46:51.310+0000] {processor.py:914} INFO - Processing file /home/airflow/.local/lib/python3.12/site-packages/airflow/example_dags/example_nested_branch_dag.py for tasks to queue
[2025-04-11T19:46:51.315+0000] {logging_mixin.py:190} INFO - [2025-04-11T19:46:51.314+0000] {dagbag.py:588} INFO - Filling up the DagBag from /home/airflow/.local/lib/python3.12/site-packages/airflow/example_dags/example_nested_branch_dag.py
[2025-04-11T19:46:51.348+0000] {processor.py:925} INFO - DAG(s) 'example_nested_branch_dag' retrieved from /home/airflow/.local/lib/python3.12/site-packages/airflow/example_dags/example_nested_branch_dag.py
[2025-04-11T19:46:51.406+0000] {logging_mixin.py:190} INFO - [2025-04-11T19:46:51.405+0000] {dag.py:3239} INFO - Sync 1 DAGs
[2025-04-11T19:46:51.472+0000] {logging_mixin.py:190} INFO - [2025-04-11T19:46:51.471+0000] {dag.py:4180} INFO - Setting next_dagrun for example_nested_branch_dag to 2025-04-10 00:00:00+00:00, run_after=2025-04-11 00:00:00+00:00
[2025-04-11T19:46:51.524+0000] {processor.py:208} INFO - Processing /home/airflow/.local/lib/python3.12/site-packages/airflow/example_dags/example_nested_branch_dag.py took 0.231 seconds
[2025-04-11T19:47:24.437+0000] {processor.py:186} INFO - Started process (PID=225) to work on /home/airflow/.local/lib/python3.12/site-packages/airflow/example_dags/example_nested_branch_dag.py
[2025-04-11T19:47:24.448+0000] {processor.py:914} INFO - Processing file /home/airflow/.local/lib/python3.12/site-packages/airflow/example_dags/example_nested_branch_dag.py for tasks to queue
[2025-04-11T19:47:24.469+0000] {logging_mixin.py:190} INFO - [2025-04-11T19:47:24.459+0000] {dagbag.py:588} INFO - Filling up the DagBag from /home/airflow/.local/lib/python3.12/site-packages/airflow/example_dags/example_nested_branch_dag.py
[2025-04-11T19:47:24.513+0000] {processor.py:925} INFO - DAG(s) 'example_nested_branch_dag' retrieved from /home/airflow/.local/lib/python3.12/site-packages/airflow/example_dags/example_nested_branch_dag.py
[2025-04-11T19:47:24.653+0000] {logging_mixin.py:190} INFO - [2025-04-11T19:47:24.651+0000] {dag.py:3239} INFO - Sync 1 DAGs
[2025-04-11T19:47:24.791+0000] {logging_mixin.py:190} INFO - [2025-04-11T19:47:24.791+0000] {dag.py:4180} INFO - Setting next_dagrun for example_nested_branch_dag to 2025-04-10 00:00:00+00:00, run_after=2025-04-11 00:00:00+00:00
[2025-04-11T19:47:24.879+0000] {processor.py:208} INFO - Processing /home/airflow/.local/lib/python3.12/site-packages/airflow/example_dags/example_nested_branch_dag.py took 0.463 seconds
[2025-04-11T19:52:51.147+0000] {processor.py:186} INFO - Started process (PID=86) to work on /home/airflow/.local/lib/python3.12/site-packages/airflow/example_dags/example_nested_branch_dag.py
[2025-04-11T19:52:51.150+0000] {processor.py:914} INFO - Processing file /home/airflow/.local/lib/python3.12/site-packages/airflow/example_dags/example_nested_branch_dag.py for tasks to queue
[2025-04-11T19:52:51.162+0000] {logging_mixin.py:190} INFO - [2025-04-11T19:52:51.159+0000] {dagbag.py:588} INFO - Filling up the DagBag from /home/airflow/.local/lib/python3.12/site-packages/airflow/example_dags/example_nested_branch_dag.py
[2025-04-11T19:52:51.232+0000] {processor.py:925} INFO - DAG(s) 'example_nested_branch_dag' retrieved from /home/airflow/.local/lib/python3.12/site-packages/airflow/example_dags/example_nested_branch_dag.py
[2025-04-11T19:52:51.329+0000] {logging_mixin.py:190} INFO - [2025-04-11T19:52:51.328+0000] {dag.py:3239} INFO - Sync 1 DAGs
[2025-04-11T19:52:51.501+0000] {logging_mixin.py:190} INFO - [2025-04-11T19:52:51.500+0000] {dag.py:4180} INFO - Setting next_dagrun for example_nested_branch_dag to 2025-04-10 00:00:00+00:00, run_after=2025-04-11 00:00:00+00:00
[2025-04-11T19:52:51.623+0000] {processor.py:208} INFO - Processing /home/airflow/.local/lib/python3.12/site-packages/airflow/example_dags/example_nested_branch_dag.py took 0.520 seconds
[2025-04-11T19:54:16.140+0000] {processor.py:186} INFO - Started process (PID=155) to work on /home/airflow/.local/lib/python3.12/site-packages/airflow/example_dags/example_nested_branch_dag.py
[2025-04-11T19:54:16.145+0000] {processor.py:914} INFO - Processing file /home/airflow/.local/lib/python3.12/site-packages/airflow/example_dags/example_nested_branch_dag.py for tasks to queue
[2025-04-11T19:54:16.150+0000] {logging_mixin.py:190} INFO - [2025-04-11T19:54:16.149+0000] {dagbag.py:588} INFO - Filling up the DagBag from /home/airflow/.local/lib/python3.12/site-packages/airflow/example_dags/example_nested_branch_dag.py
[2025-04-11T19:54:16.197+0000] {processor.py:925} INFO - DAG(s) 'example_nested_branch_dag' retrieved from /home/airflow/.local/lib/python3.12/site-packages/airflow/example_dags/example_nested_branch_dag.py
[2025-04-11T19:54:16.258+0000] {logging_mixin.py:190} INFO - [2025-04-11T19:54:16.257+0000] {dag.py:3239} INFO - Sync 1 DAGs
[2025-04-11T19:54:16.420+0000] {logging_mixin.py:190} INFO - [2025-04-11T19:54:16.419+0000] {dag.py:4180} INFO - Setting next_dagrun for example_nested_branch_dag to 2025-04-10 00:00:00+00:00, run_after=2025-04-11 00:00:00+00:00
[2025-04-11T19:54:16.545+0000] {processor.py:208} INFO - Processing /home/airflow/.local/lib/python3.12/site-packages/airflow/example_dags/example_nested_branch_dag.py took 0.448 seconds
[2025-04-11T19:54:46.653+0000] {processor.py:186} INFO - Started process (PID=219) to work on /home/airflow/.local/lib/python3.12/site-packages/airflow/example_dags/example_nested_branch_dag.py
[2025-04-11T19:54:46.656+0000] {processor.py:914} INFO - Processing file /home/airflow/.local/lib/python3.12/site-packages/airflow/example_dags/example_nested_branch_dag.py for tasks to queue
[2025-04-11T19:54:46.661+0000] {logging_mixin.py:190} INFO - [2025-04-11T19:54:46.660+0000] {dagbag.py:588} INFO - Filling up the DagBag from /home/airflow/.local/lib/python3.12/site-packages/airflow/example_dags/example_nested_branch_dag.py
[2025-04-11T19:54:46.684+0000] {processor.py:925} INFO - DAG(s) 'example_nested_branch_dag' retrieved from /home/airflow/.local/lib/python3.12/site-packages/airflow/example_dags/example_nested_branch_dag.py
[2025-04-11T19:54:46.774+0000] {logging_mixin.py:190} INFO - [2025-04-11T19:54:46.773+0000] {dag.py:3239} INFO - Sync 1 DAGs
[2025-04-11T19:54:46.842+0000] {logging_mixin.py:190} INFO - [2025-04-11T19:54:46.841+0000] {dag.py:4180} INFO - Setting next_dagrun for example_nested_branch_dag to 2025-04-10 00:00:00+00:00, run_after=2025-04-11 00:00:00+00:00
[2025-04-11T19:54:46.903+0000] {processor.py:208} INFO - Processing /home/airflow/.local/lib/python3.12/site-packages/airflow/example_dags/example_nested_branch_dag.py took 0.261 seconds
[2025-04-11T19:55:39.696+0000] {processor.py:186} INFO - Started process (PID=288) to work on /home/airflow/.local/lib/python3.12/site-packages/airflow/example_dags/example_nested_branch_dag.py
[2025-04-11T19:55:39.700+0000] {processor.py:914} INFO - Processing file /home/airflow/.local/lib/python3.12/site-packages/airflow/example_dags/example_nested_branch_dag.py for tasks to queue
[2025-04-11T19:55:39.715+0000] {logging_mixin.py:190} INFO - [2025-04-11T19:55:39.712+0000] {dagbag.py:588} INFO - Filling up the DagBag from /home/airflow/.local/lib/python3.12/site-packages/airflow/example_dags/example_nested_branch_dag.py
[2025-04-11T19:55:39.784+0000] {processor.py:925} INFO - DAG(s) 'example_nested_branch_dag' retrieved from /home/airflow/.local/lib/python3.12/site-packages/airflow/example_dags/example_nested_branch_dag.py
[2025-04-11T19:55:39.869+0000] {logging_mixin.py:190} INFO - [2025-04-11T19:55:39.869+0000] {dag.py:3239} INFO - Sync 1 DAGs
[2025-04-11T19:55:39.965+0000] {logging_mixin.py:190} INFO - [2025-04-11T19:55:39.964+0000] {dag.py:4180} INFO - Setting next_dagrun for example_nested_branch_dag to 2025-04-10 00:00:00+00:00, run_after=2025-04-11 00:00:00+00:00
[2025-04-11T19:55:40.107+0000] {processor.py:208} INFO - Processing /home/airflow/.local/lib/python3.12/site-packages/airflow/example_dags/example_nested_branch_dag.py took 0.439 seconds
[2025-04-11T19:56:25.665+0000] {processor.py:186} INFO - Started process (PID=342) to work on /home/airflow/.local/lib/python3.12/site-packages/airflow/example_dags/example_nested_branch_dag.py
[2025-04-11T19:56:25.668+0000] {processor.py:914} INFO - Processing file /home/airflow/.local/lib/python3.12/site-packages/airflow/example_dags/example_nested_branch_dag.py for tasks to queue
[2025-04-11T19:56:25.674+0000] {logging_mixin.py:190} INFO - [2025-04-11T19:56:25.673+0000] {dagbag.py:588} INFO - Filling up the DagBag from /home/airflow/.local/lib/python3.12/site-packages/airflow/example_dags/example_nested_branch_dag.py
[2025-04-11T19:56:25.699+0000] {processor.py:925} INFO - DAG(s) 'example_nested_branch_dag' retrieved from /home/airflow/.local/lib/python3.12/site-packages/airflow/example_dags/example_nested_branch_dag.py
[2025-04-11T19:56:25.754+0000] {logging_mixin.py:190} INFO - [2025-04-11T19:56:25.754+0000] {dag.py:3239} INFO - Sync 1 DAGs
[2025-04-11T19:56:25.811+0000] {logging_mixin.py:190} INFO - [2025-04-11T19:56:25.810+0000] {dag.py:4180} INFO - Setting next_dagrun for example_nested_branch_dag to 2025-04-10 00:00:00+00:00, run_after=2025-04-11 00:00:00+00:00
[2025-04-11T19:56:25.857+0000] {processor.py:208} INFO - Processing /home/airflow/.local/lib/python3.12/site-packages/airflow/example_dags/example_nested_branch_dag.py took 0.204 seconds
[2025-04-11T19:59:15.689+0000] {processor.py:186} INFO - Started process (PID=75) to work on /home/airflow/.local/lib/python3.12/site-packages/airflow/example_dags/example_nested_branch_dag.py
[2025-04-11T19:59:15.695+0000] {processor.py:914} INFO - Processing file /home/airflow/.local/lib/python3.12/site-packages/airflow/example_dags/example_nested_branch_dag.py for tasks to queue
[2025-04-11T19:59:15.720+0000] {logging_mixin.py:190} INFO - [2025-04-11T19:59:15.716+0000] {dagbag.py:588} INFO - Filling up the DagBag from /home/airflow/.local/lib/python3.12/site-packages/airflow/example_dags/example_nested_branch_dag.py
[2025-04-11T19:59:15.844+0000] {processor.py:925} INFO - DAG(s) 'example_nested_branch_dag' retrieved from /home/airflow/.local/lib/python3.12/site-packages/airflow/example_dags/example_nested_branch_dag.py
[2025-04-11T19:59:16.032+0000] {logging_mixin.py:190} INFO - [2025-04-11T19:59:16.031+0000] {dag.py:3239} INFO - Sync 1 DAGs
[2025-04-11T19:59:16.245+0000] {logging_mixin.py:190} INFO - [2025-04-11T19:59:16.245+0000] {dag.py:4180} INFO - Setting next_dagrun for example_nested_branch_dag to 2025-04-10 00:00:00+00:00, run_after=2025-04-11 00:00:00+00:00
[2025-04-11T19:59:16.472+0000] {processor.py:208} INFO - Processing /home/airflow/.local/lib/python3.12/site-packages/airflow/example_dags/example_nested_branch_dag.py took 0.866 seconds
[2025-04-11T20:00:03.662+0000] {processor.py:186} INFO - Started process (PID=139) to work on /home/airflow/.local/lib/python3.12/site-packages/airflow/example_dags/example_nested_branch_dag.py
[2025-04-11T20:00:03.668+0000] {processor.py:914} INFO - Processing file /home/airflow/.local/lib/python3.12/site-packages/airflow/example_dags/example_nested_branch_dag.py for tasks to queue
[2025-04-11T20:00:03.682+0000] {logging_mixin.py:190} INFO - [2025-04-11T20:00:03.679+0000] {dagbag.py:588} INFO - Filling up the DagBag from /home/airflow/.local/lib/python3.12/site-packages/airflow/example_dags/example_nested_branch_dag.py
[2025-04-11T20:00:03.752+0000] {processor.py:925} INFO - DAG(s) 'example_nested_branch_dag' retrieved from /home/airflow/.local/lib/python3.12/site-packages/airflow/example_dags/example_nested_branch_dag.py
[2025-04-11T20:00:03.910+0000] {logging_mixin.py:190} INFO - [2025-04-11T20:00:03.909+0000] {dag.py:3239} INFO - Sync 1 DAGs
[2025-04-11T20:00:04.125+0000] {logging_mixin.py:190} INFO - [2025-04-11T20:00:04.121+0000] {dag.py:4180} INFO - Setting next_dagrun for example_nested_branch_dag to 2025-04-10 00:00:00+00:00, run_after=2025-04-11 00:00:00+00:00
[2025-04-11T20:00:04.241+0000] {processor.py:208} INFO - Processing /home/airflow/.local/lib/python3.12/site-packages/airflow/example_dags/example_nested_branch_dag.py took 0.617 seconds
[2025-04-11T20:05:03.192+0000] {processor.py:186} INFO - Started process (PID=94) to work on /home/airflow/.local/lib/python3.12/site-packages/airflow/example_dags/example_nested_branch_dag.py
[2025-04-11T20:05:03.201+0000] {processor.py:914} INFO - Processing file /home/airflow/.local/lib/python3.12/site-packages/airflow/example_dags/example_nested_branch_dag.py for tasks to queue
[2025-04-11T20:05:03.218+0000] {logging_mixin.py:190} INFO - [2025-04-11T20:05:03.218+0000] {dagbag.py:588} INFO - Filling up the DagBag from /home/airflow/.local/lib/python3.12/site-packages/airflow/example_dags/example_nested_branch_dag.py
[2025-04-11T20:05:03.386+0000] {processor.py:925} INFO - DAG(s) 'example_nested_branch_dag' retrieved from /home/airflow/.local/lib/python3.12/site-packages/airflow/example_dags/example_nested_branch_dag.py
[2025-04-11T20:05:03.704+0000] {logging_mixin.py:190} INFO - [2025-04-11T20:05:03.704+0000] {dag.py:3239} INFO - Sync 1 DAGs
[2025-04-11T20:05:03.876+0000] {logging_mixin.py:190} INFO - [2025-04-11T20:05:03.876+0000] {dag.py:4180} INFO - Setting next_dagrun for example_nested_branch_dag to 2025-04-10 00:00:00+00:00, run_after=2025-04-11 00:00:00+00:00
[2025-04-11T20:05:04.062+0000] {processor.py:208} INFO - Processing /home/airflow/.local/lib/python3.12/site-packages/airflow/example_dags/example_nested_branch_dag.py took 0.963 seconds
[2025-04-11T20:09:16.574+0000] {processor.py:186} INFO - Started process (PID=101) to work on /home/airflow/.local/lib/python3.12/site-packages/airflow/example_dags/example_nested_branch_dag.py
[2025-04-11T20:09:16.635+0000] {processor.py:914} INFO - Processing file /home/airflow/.local/lib/python3.12/site-packages/airflow/example_dags/example_nested_branch_dag.py for tasks to queue
[2025-04-11T20:09:16.742+0000] {logging_mixin.py:190} INFO - [2025-04-11T20:09:16.741+0000] {dagbag.py:588} INFO - Filling up the DagBag from /home/airflow/.local/lib/python3.12/site-packages/airflow/example_dags/example_nested_branch_dag.py
[2025-04-11T20:09:18.770+0000] {processor.py:925} INFO - DAG(s) 'example_nested_branch_dag' retrieved from /home/airflow/.local/lib/python3.12/site-packages/airflow/example_dags/example_nested_branch_dag.py
[2025-04-11T20:09:20.892+0000] {logging_mixin.py:190} INFO - [2025-04-11T20:09:20.891+0000] {dag.py:3239} INFO - Sync 1 DAGs
[2025-04-11T20:09:22.540+0000] {logging_mixin.py:190} INFO - [2025-04-11T20:09:22.539+0000] {dag.py:4180} INFO - Setting next_dagrun for example_nested_branch_dag to 2025-04-10 00:00:00+00:00, run_after=2025-04-11 00:00:00+00:00
[2025-04-11T20:09:24.018+0000] {processor.py:208} INFO - Processing /home/airflow/.local/lib/python3.12/site-packages/airflow/example_dags/example_nested_branch_dag.py took 7.844 seconds
[2025-04-11T20:13:36.913+0000] {processor.py:186} INFO - Started process (PID=84) to work on /home/airflow/.local/lib/python3.12/site-packages/airflow/example_dags/example_nested_branch_dag.py
[2025-04-11T20:13:36.941+0000] {processor.py:914} INFO - Processing file /home/airflow/.local/lib/python3.12/site-packages/airflow/example_dags/example_nested_branch_dag.py for tasks to queue
[2025-04-11T20:13:36.971+0000] {logging_mixin.py:190} INFO - [2025-04-11T20:13:36.959+0000] {dagbag.py:588} INFO - Filling up the DagBag from /home/airflow/.local/lib/python3.12/site-packages/airflow/example_dags/example_nested_branch_dag.py
[2025-04-11T20:13:37.084+0000] {processor.py:925} INFO - DAG(s) 'example_nested_branch_dag' retrieved from /home/airflow/.local/lib/python3.12/site-packages/airflow/example_dags/example_nested_branch_dag.py
[2025-04-11T20:13:37.264+0000] {logging_mixin.py:190} INFO - [2025-04-11T20:13:37.264+0000] {dag.py:3239} INFO - Sync 1 DAGs
[2025-04-11T20:13:37.550+0000] {logging_mixin.py:190} INFO - [2025-04-11T20:13:37.550+0000] {dag.py:4180} INFO - Setting next_dagrun for example_nested_branch_dag to 2025-04-10 00:00:00+00:00, run_after=2025-04-11 00:00:00+00:00
[2025-04-11T20:13:37.797+0000] {processor.py:208} INFO - Processing /home/airflow/.local/lib/python3.12/site-packages/airflow/example_dags/example_nested_branch_dag.py took 0.917 seconds
[2025-04-11T20:14:47.316+0000] {processor.py:186} INFO - Started process (PID=154) to work on /home/airflow/.local/lib/python3.12/site-packages/airflow/example_dags/example_nested_branch_dag.py
[2025-04-11T20:14:47.348+0000] {processor.py:914} INFO - Processing file /home/airflow/.local/lib/python3.12/site-packages/airflow/example_dags/example_nested_branch_dag.py for tasks to queue
[2025-04-11T20:14:47.383+0000] {logging_mixin.py:190} INFO - [2025-04-11T20:14:47.382+0000] {dagbag.py:588} INFO - Filling up the DagBag from /home/airflow/.local/lib/python3.12/site-packages/airflow/example_dags/example_nested_branch_dag.py
[2025-04-11T20:14:47.734+0000] {processor.py:925} INFO - DAG(s) 'example_nested_branch_dag' retrieved from /home/airflow/.local/lib/python3.12/site-packages/airflow/example_dags/example_nested_branch_dag.py
[2025-04-11T20:14:48.006+0000] {logging_mixin.py:190} INFO - [2025-04-11T20:14:48.005+0000] {dag.py:3239} INFO - Sync 1 DAGs
[2025-04-11T20:14:48.174+0000] {logging_mixin.py:190} INFO - [2025-04-11T20:14:48.173+0000] {dag.py:4180} INFO - Setting next_dagrun for example_nested_branch_dag to 2025-04-10 00:00:00+00:00, run_after=2025-04-11 00:00:00+00:00
[2025-04-11T20:14:48.229+0000] {processor.py:208} INFO - Processing /home/airflow/.local/lib/python3.12/site-packages/airflow/example_dags/example_nested_branch_dag.py took 1.062 seconds
[2025-04-11T20:15:56.651+0000] {processor.py:186} INFO - Started process (PID=203) to work on /home/airflow/.local/lib/python3.12/site-packages/airflow/example_dags/example_nested_branch_dag.py
[2025-04-11T20:15:56.658+0000] {processor.py:914} INFO - Processing file /home/airflow/.local/lib/python3.12/site-packages/airflow/example_dags/example_nested_branch_dag.py for tasks to queue
[2025-04-11T20:15:56.696+0000] {logging_mixin.py:190} INFO - [2025-04-11T20:15:56.696+0000] {dagbag.py:588} INFO - Filling up the DagBag from /home/airflow/.local/lib/python3.12/site-packages/airflow/example_dags/example_nested_branch_dag.py
[2025-04-11T20:15:56.779+0000] {processor.py:925} INFO - DAG(s) 'example_nested_branch_dag' retrieved from /home/airflow/.local/lib/python3.12/site-packages/airflow/example_dags/example_nested_branch_dag.py
[2025-04-11T20:15:56.903+0000] {logging_mixin.py:190} INFO - [2025-04-11T20:15:56.902+0000] {dag.py:3239} INFO - Sync 1 DAGs
[2025-04-11T20:15:57.038+0000] {logging_mixin.py:190} INFO - [2025-04-11T20:15:57.038+0000] {dag.py:4180} INFO - Setting next_dagrun for example_nested_branch_dag to 2025-04-10 00:00:00+00:00, run_after=2025-04-11 00:00:00+00:00
[2025-04-11T20:15:57.087+0000] {processor.py:208} INFO - Processing /home/airflow/.local/lib/python3.12/site-packages/airflow/example_dags/example_nested_branch_dag.py took 0.532 seconds
[2025-04-11T20:16:38.151+0000] {processor.py:186} INFO - Started process (PID=265) to work on /home/airflow/.local/lib/python3.12/site-packages/airflow/example_dags/example_nested_branch_dag.py
[2025-04-11T20:16:38.166+0000] {processor.py:914} INFO - Processing file /home/airflow/.local/lib/python3.12/site-packages/airflow/example_dags/example_nested_branch_dag.py for tasks to queue
[2025-04-11T20:16:38.176+0000] {logging_mixin.py:190} INFO - [2025-04-11T20:16:38.171+0000] {dagbag.py:588} INFO - Filling up the DagBag from /home/airflow/.local/lib/python3.12/site-packages/airflow/example_dags/example_nested_branch_dag.py
[2025-04-11T20:16:38.302+0000] {processor.py:925} INFO - DAG(s) 'example_nested_branch_dag' retrieved from /home/airflow/.local/lib/python3.12/site-packages/airflow/example_dags/example_nested_branch_dag.py
[2025-04-11T20:16:38.406+0000] {logging_mixin.py:190} INFO - [2025-04-11T20:16:38.405+0000] {dag.py:3239} INFO - Sync 1 DAGs
[2025-04-11T20:16:38.512+0000] {logging_mixin.py:190} INFO - [2025-04-11T20:16:38.511+0000] {dag.py:4180} INFO - Setting next_dagrun for example_nested_branch_dag to 2025-04-10 00:00:00+00:00, run_after=2025-04-11 00:00:00+00:00
[2025-04-11T20:16:38.600+0000] {processor.py:208} INFO - Processing /home/airflow/.local/lib/python3.12/site-packages/airflow/example_dags/example_nested_branch_dag.py took 0.485 seconds
[2025-04-11T20:17:16.688+0000] {processor.py:186} INFO - Started process (PID=329) to work on /home/airflow/.local/lib/python3.12/site-packages/airflow/example_dags/example_nested_branch_dag.py
[2025-04-11T20:17:16.695+0000] {processor.py:914} INFO - Processing file /home/airflow/.local/lib/python3.12/site-packages/airflow/example_dags/example_nested_branch_dag.py for tasks to queue
[2025-04-11T20:17:16.712+0000] {logging_mixin.py:190} INFO - [2025-04-11T20:17:16.703+0000] {dagbag.py:588} INFO - Filling up the DagBag from /home/airflow/.local/lib/python3.12/site-packages/airflow/example_dags/example_nested_branch_dag.py
[2025-04-11T20:17:16.924+0000] {processor.py:925} INFO - DAG(s) 'example_nested_branch_dag' retrieved from /home/airflow/.local/lib/python3.12/site-packages/airflow/example_dags/example_nested_branch_dag.py
[2025-04-11T20:17:17.314+0000] {logging_mixin.py:190} INFO - [2025-04-11T20:17:17.313+0000] {dag.py:3239} INFO - Sync 1 DAGs
[2025-04-11T20:17:17.866+0000] {logging_mixin.py:190} INFO - [2025-04-11T20:17:17.866+0000] {dag.py:4180} INFO - Setting next_dagrun for example_nested_branch_dag to 2025-04-10 00:00:00+00:00, run_after=2025-04-11 00:00:00+00:00
[2025-04-11T20:17:18.041+0000] {processor.py:208} INFO - Processing /home/airflow/.local/lib/python3.12/site-packages/airflow/example_dags/example_nested_branch_dag.py took 1.397 seconds
[2025-04-11T20:17:48.879+0000] {processor.py:186} INFO - Started process (PID=392) to work on /home/airflow/.local/lib/python3.12/site-packages/airflow/example_dags/example_nested_branch_dag.py
[2025-04-11T20:17:48.929+0000] {processor.py:914} INFO - Processing file /home/airflow/.local/lib/python3.12/site-packages/airflow/example_dags/example_nested_branch_dag.py for tasks to queue
[2025-04-11T20:17:48.988+0000] {logging_mixin.py:190} INFO - [2025-04-11T20:17:48.979+0000] {dagbag.py:588} INFO - Filling up the DagBag from /home/airflow/.local/lib/python3.12/site-packages/airflow/example_dags/example_nested_branch_dag.py
[2025-04-11T20:17:49.867+0000] {processor.py:925} INFO - DAG(s) 'example_nested_branch_dag' retrieved from /home/airflow/.local/lib/python3.12/site-packages/airflow/example_dags/example_nested_branch_dag.py
[2025-04-11T20:17:50.716+0000] {logging_mixin.py:190} INFO - [2025-04-11T20:17:50.713+0000] {dag.py:3239} INFO - Sync 1 DAGs
[2025-04-11T20:17:51.179+0000] {logging_mixin.py:190} INFO - [2025-04-11T20:17:51.178+0000] {dag.py:4180} INFO - Setting next_dagrun for example_nested_branch_dag to 2025-04-10 00:00:00+00:00, run_after=2025-04-11 00:00:00+00:00
[2025-04-11T20:17:51.454+0000] {processor.py:208} INFO - Processing /home/airflow/.local/lib/python3.12/site-packages/airflow/example_dags/example_nested_branch_dag.py took 2.895 seconds
[2025-04-11T20:22:38.213+0000] {processor.py:186} INFO - Started process (PID=88) to work on /home/airflow/.local/lib/python3.12/site-packages/airflow/example_dags/example_nested_branch_dag.py
[2025-04-11T20:22:38.221+0000] {processor.py:914} INFO - Processing file /home/airflow/.local/lib/python3.12/site-packages/airflow/example_dags/example_nested_branch_dag.py for tasks to queue
[2025-04-11T20:22:38.249+0000] {logging_mixin.py:190} INFO - [2025-04-11T20:22:38.245+0000] {dagbag.py:588} INFO - Filling up the DagBag from /home/airflow/.local/lib/python3.12/site-packages/airflow/example_dags/example_nested_branch_dag.py
[2025-04-11T20:22:38.399+0000] {processor.py:925} INFO - DAG(s) 'example_nested_branch_dag' retrieved from /home/airflow/.local/lib/python3.12/site-packages/airflow/example_dags/example_nested_branch_dag.py
[2025-04-11T20:22:39.513+0000] {logging_mixin.py:190} INFO - [2025-04-11T20:22:39.505+0000] {override.py:1912} INFO - Created Permission View: can read on DAG:example_nested_branch_dag
[2025-04-11T20:22:39.625+0000] {logging_mixin.py:190} INFO - [2025-04-11T20:22:39.623+0000] {override.py:1912} INFO - Created Permission View: can edit on DAG:example_nested_branch_dag
[2025-04-11T20:22:39.686+0000] {logging_mixin.py:190} INFO - [2025-04-11T20:22:39.684+0000] {override.py:1912} INFO - Created Permission View: can delete on DAG:example_nested_branch_dag
[2025-04-11T20:22:39.763+0000] {logging_mixin.py:190} INFO - [2025-04-11T20:22:39.762+0000] {override.py:1912} INFO - Created Permission View: can create on DAG Run:example_nested_branch_dag
[2025-04-11T20:22:39.942+0000] {logging_mixin.py:190} INFO - [2025-04-11T20:22:39.936+0000] {override.py:1912} INFO - Created Permission View: can read on DAG Run:example_nested_branch_dag
[2025-04-11T20:22:40.084+0000] {logging_mixin.py:190} INFO - [2025-04-11T20:22:40.080+0000] {override.py:1912} INFO - Created Permission View: can delete on DAG Run:example_nested_branch_dag
[2025-04-11T20:22:40.151+0000] {logging_mixin.py:190} INFO - [2025-04-11T20:22:40.150+0000] {override.py:1912} INFO - Created Permission View: menu access on DAG Run:example_nested_branch_dag
[2025-04-11T20:22:40.157+0000] {logging_mixin.py:190} INFO - [2025-04-11T20:22:40.157+0000] {dag.py:3239} INFO - Sync 1 DAGs
[2025-04-11T20:22:40.250+0000] {logging_mixin.py:190} INFO - [2025-04-11T20:22:40.250+0000] {dag.py:3262} INFO - Creating ORM DAG for example_nested_branch_dag
[2025-04-11T20:22:40.341+0000] {logging_mixin.py:190} INFO - [2025-04-11T20:22:40.340+0000] {dag.py:4180} INFO - Setting next_dagrun for example_nested_branch_dag to 2025-04-10 00:00:00+00:00, run_after=2025-04-11 00:00:00+00:00
[2025-04-11T20:22:40.425+0000] {processor.py:208} INFO - Processing /home/airflow/.local/lib/python3.12/site-packages/airflow/example_dags/example_nested_branch_dag.py took 2.227 seconds
[2025-04-11T20:24:44.761+0000] {processor.py:186} INFO - Started process (PID=169) to work on /home/airflow/.local/lib/python3.12/site-packages/airflow/example_dags/example_nested_branch_dag.py
[2025-04-11T20:24:44.764+0000] {processor.py:914} INFO - Processing file /home/airflow/.local/lib/python3.12/site-packages/airflow/example_dags/example_nested_branch_dag.py for tasks to queue
[2025-04-11T20:24:44.769+0000] {logging_mixin.py:190} INFO - [2025-04-11T20:24:44.769+0000] {dagbag.py:588} INFO - Filling up the DagBag from /home/airflow/.local/lib/python3.12/site-packages/airflow/example_dags/example_nested_branch_dag.py
[2025-04-11T20:24:44.803+0000] {processor.py:925} INFO - DAG(s) 'example_nested_branch_dag' retrieved from /home/airflow/.local/lib/python3.12/site-packages/airflow/example_dags/example_nested_branch_dag.py
[2025-04-11T20:24:44.883+0000] {logging_mixin.py:190} INFO - [2025-04-11T20:24:44.883+0000] {dag.py:3239} INFO - Sync 1 DAGs
[2025-04-11T20:24:44.988+0000] {logging_mixin.py:190} INFO - [2025-04-11T20:24:44.988+0000] {dag.py:4180} INFO - Setting next_dagrun for example_nested_branch_dag to 2025-04-10 00:00:00+00:00, run_after=2025-04-11 00:00:00+00:00
[2025-04-11T20:24:45.345+0000] {processor.py:208} INFO - Processing /home/airflow/.local/lib/python3.12/site-packages/airflow/example_dags/example_nested_branch_dag.py took 0.605 seconds
[2025-04-11T20:25:17.744+0000] {processor.py:186} INFO - Started process (PID=233) to work on /home/airflow/.local/lib/python3.12/site-packages/airflow/example_dags/example_nested_branch_dag.py
[2025-04-11T20:25:17.769+0000] {processor.py:914} INFO - Processing file /home/airflow/.local/lib/python3.12/site-packages/airflow/example_dags/example_nested_branch_dag.py for tasks to queue
[2025-04-11T20:25:17.793+0000] {logging_mixin.py:190} INFO - [2025-04-11T20:25:17.789+0000] {dagbag.py:588} INFO - Filling up the DagBag from /home/airflow/.local/lib/python3.12/site-packages/airflow/example_dags/example_nested_branch_dag.py
[2025-04-11T20:25:17.956+0000] {processor.py:925} INFO - DAG(s) 'example_nested_branch_dag' retrieved from /home/airflow/.local/lib/python3.12/site-packages/airflow/example_dags/example_nested_branch_dag.py
[2025-04-11T20:25:18.522+0000] {logging_mixin.py:190} INFO - [2025-04-11T20:25:18.522+0000] {dag.py:3239} INFO - Sync 1 DAGs
[2025-04-11T20:25:18.740+0000] {logging_mixin.py:190} INFO - [2025-04-11T20:25:18.720+0000] {dag.py:4180} INFO - Setting next_dagrun for example_nested_branch_dag to 2025-04-10 00:00:00+00:00, run_after=2025-04-11 00:00:00+00:00
[2025-04-11T20:25:19.010+0000] {processor.py:208} INFO - Processing /home/airflow/.local/lib/python3.12/site-packages/airflow/example_dags/example_nested_branch_dag.py took 1.316 seconds
[2025-04-11T20:28:24.657+0000] {processor.py:186} INFO - Started process (PID=76) to work on /home/airflow/.local/lib/python3.12/site-packages/airflow/example_dags/example_nested_branch_dag.py
[2025-04-11T20:28:24.662+0000] {processor.py:914} INFO - Processing file /home/airflow/.local/lib/python3.12/site-packages/airflow/example_dags/example_nested_branch_dag.py for tasks to queue
[2025-04-11T20:28:24.672+0000] {logging_mixin.py:190} INFO - [2025-04-11T20:28:24.671+0000] {dagbag.py:588} INFO - Filling up the DagBag from /home/airflow/.local/lib/python3.12/site-packages/airflow/example_dags/example_nested_branch_dag.py
[2025-04-11T20:28:24.734+0000] {processor.py:925} INFO - DAG(s) 'example_nested_branch_dag' retrieved from /home/airflow/.local/lib/python3.12/site-packages/airflow/example_dags/example_nested_branch_dag.py
[2025-04-11T20:28:24.850+0000] {logging_mixin.py:190} INFO - [2025-04-11T20:28:24.850+0000] {dag.py:3239} INFO - Sync 1 DAGs
[2025-04-11T20:28:24.961+0000] {logging_mixin.py:190} INFO - [2025-04-11T20:28:24.960+0000] {dag.py:4180} INFO - Setting next_dagrun for example_nested_branch_dag to 2025-04-10 00:00:00+00:00, run_after=2025-04-11 00:00:00+00:00
[2025-04-11T20:28:25.061+0000] {processor.py:208} INFO - Processing /home/airflow/.local/lib/python3.12/site-packages/airflow/example_dags/example_nested_branch_dag.py took 0.431 seconds
[2025-04-11T20:28:56.074+0000] {processor.py:186} INFO - Started process (PID=139) to work on /home/airflow/.local/lib/python3.12/site-packages/airflow/example_dags/example_nested_branch_dag.py
[2025-04-11T20:28:56.079+0000] {processor.py:914} INFO - Processing file /home/airflow/.local/lib/python3.12/site-packages/airflow/example_dags/example_nested_branch_dag.py for tasks to queue
[2025-04-11T20:28:56.087+0000] {logging_mixin.py:190} INFO - [2025-04-11T20:28:56.086+0000] {dagbag.py:588} INFO - Filling up the DagBag from /home/airflow/.local/lib/python3.12/site-packages/airflow/example_dags/example_nested_branch_dag.py
[2025-04-11T20:28:56.133+0000] {processor.py:925} INFO - DAG(s) 'example_nested_branch_dag' retrieved from /home/airflow/.local/lib/python3.12/site-packages/airflow/example_dags/example_nested_branch_dag.py
[2025-04-11T20:28:56.258+0000] {logging_mixin.py:190} INFO - [2025-04-11T20:28:56.258+0000] {dag.py:3239} INFO - Sync 1 DAGs
[2025-04-11T20:28:56.346+0000] {logging_mixin.py:190} INFO - [2025-04-11T20:28:56.346+0000] {dag.py:4180} INFO - Setting next_dagrun for example_nested_branch_dag to 2025-04-10 00:00:00+00:00, run_after=2025-04-11 00:00:00+00:00
[2025-04-11T20:28:56.400+0000] {processor.py:208} INFO - Processing /home/airflow/.local/lib/python3.12/site-packages/airflow/example_dags/example_nested_branch_dag.py took 0.341 seconds
[2025-04-11T20:29:28.215+0000] {processor.py:186} INFO - Started process (PID=202) to work on /home/airflow/.local/lib/python3.12/site-packages/airflow/example_dags/example_nested_branch_dag.py
[2025-04-11T20:29:28.221+0000] {processor.py:914} INFO - Processing file /home/airflow/.local/lib/python3.12/site-packages/airflow/example_dags/example_nested_branch_dag.py for tasks to queue
[2025-04-11T20:29:28.227+0000] {logging_mixin.py:190} INFO - [2025-04-11T20:29:28.226+0000] {dagbag.py:588} INFO - Filling up the DagBag from /home/airflow/.local/lib/python3.12/site-packages/airflow/example_dags/example_nested_branch_dag.py
[2025-04-11T20:29:28.259+0000] {processor.py:925} INFO - DAG(s) 'example_nested_branch_dag' retrieved from /home/airflow/.local/lib/python3.12/site-packages/airflow/example_dags/example_nested_branch_dag.py
[2025-04-11T20:29:28.376+0000] {logging_mixin.py:190} INFO - [2025-04-11T20:29:28.376+0000] {dag.py:3239} INFO - Sync 1 DAGs
[2025-04-11T20:29:28.718+0000] {logging_mixin.py:190} INFO - [2025-04-11T20:29:28.717+0000] {dag.py:4180} INFO - Setting next_dagrun for example_nested_branch_dag to 2025-04-10 00:00:00+00:00, run_after=2025-04-11 00:00:00+00:00
[2025-04-11T20:29:28.861+0000] {processor.py:208} INFO - Processing /home/airflow/.local/lib/python3.12/site-packages/airflow/example_dags/example_nested_branch_dag.py took 0.669 seconds
[2025-04-11T20:30:25.125+0000] {processor.py:186} INFO - Started process (PID=264) to work on /home/airflow/.local/lib/python3.12/site-packages/airflow/example_dags/example_nested_branch_dag.py
[2025-04-11T20:30:25.158+0000] {processor.py:914} INFO - Processing file /home/airflow/.local/lib/python3.12/site-packages/airflow/example_dags/example_nested_branch_dag.py for tasks to queue
[2025-04-11T20:30:25.184+0000] {logging_mixin.py:190} INFO - [2025-04-11T20:30:25.183+0000] {dagbag.py:588} INFO - Filling up the DagBag from /home/airflow/.local/lib/python3.12/site-packages/airflow/example_dags/example_nested_branch_dag.py
[2025-04-11T20:30:25.522+0000] {processor.py:925} INFO - DAG(s) 'example_nested_branch_dag' retrieved from /home/airflow/.local/lib/python3.12/site-packages/airflow/example_dags/example_nested_branch_dag.py
[2025-04-11T20:30:25.930+0000] {logging_mixin.py:190} INFO - [2025-04-11T20:30:25.929+0000] {dag.py:3239} INFO - Sync 1 DAGs
[2025-04-11T20:30:26.173+0000] {logging_mixin.py:190} INFO - [2025-04-11T20:30:26.173+0000] {dag.py:4180} INFO - Setting next_dagrun for example_nested_branch_dag to 2025-04-10 00:00:00+00:00, run_after=2025-04-11 00:00:00+00:00
[2025-04-11T20:30:26.432+0000] {processor.py:208} INFO - Processing /home/airflow/.local/lib/python3.12/site-packages/airflow/example_dags/example_nested_branch_dag.py took 1.439 seconds
[2025-04-11T20:31:10.240+0000] {processor.py:186} INFO - Started process (PID=328) to work on /home/airflow/.local/lib/python3.12/site-packages/airflow/example_dags/example_nested_branch_dag.py
[2025-04-11T20:31:10.255+0000] {processor.py:914} INFO - Processing file /home/airflow/.local/lib/python3.12/site-packages/airflow/example_dags/example_nested_branch_dag.py for tasks to queue
[2025-04-11T20:31:10.279+0000] {logging_mixin.py:190} INFO - [2025-04-11T20:31:10.278+0000] {dagbag.py:588} INFO - Filling up the DagBag from /home/airflow/.local/lib/python3.12/site-packages/airflow/example_dags/example_nested_branch_dag.py
[2025-04-11T20:31:10.396+0000] {processor.py:925} INFO - DAG(s) 'example_nested_branch_dag' retrieved from /home/airflow/.local/lib/python3.12/site-packages/airflow/example_dags/example_nested_branch_dag.py
[2025-04-11T20:31:10.818+0000] {logging_mixin.py:190} INFO - [2025-04-11T20:31:10.817+0000] {dag.py:3239} INFO - Sync 1 DAGs
[2025-04-11T20:31:11.300+0000] {logging_mixin.py:190} INFO - [2025-04-11T20:31:11.300+0000] {dag.py:4180} INFO - Setting next_dagrun for example_nested_branch_dag to 2025-04-10 00:00:00+00:00, run_after=2025-04-11 00:00:00+00:00
[2025-04-11T20:31:11.410+0000] {processor.py:208} INFO - Processing /home/airflow/.local/lib/python3.12/site-packages/airflow/example_dags/example_nested_branch_dag.py took 1.244 seconds
[2025-04-11T20:31:42.883+0000] {processor.py:186} INFO - Started process (PID=392) to work on /home/airflow/.local/lib/python3.12/site-packages/airflow/example_dags/example_nested_branch_dag.py
[2025-04-11T20:31:42.889+0000] {processor.py:914} INFO - Processing file /home/airflow/.local/lib/python3.12/site-packages/airflow/example_dags/example_nested_branch_dag.py for tasks to queue
[2025-04-11T20:31:42.896+0000] {logging_mixin.py:190} INFO - [2025-04-11T20:31:42.895+0000] {dagbag.py:588} INFO - Filling up the DagBag from /home/airflow/.local/lib/python3.12/site-packages/airflow/example_dags/example_nested_branch_dag.py
[2025-04-11T20:31:42.963+0000] {processor.py:925} INFO - DAG(s) 'example_nested_branch_dag' retrieved from /home/airflow/.local/lib/python3.12/site-packages/airflow/example_dags/example_nested_branch_dag.py
[2025-04-11T20:31:43.054+0000] {logging_mixin.py:190} INFO - [2025-04-11T20:31:43.053+0000] {dag.py:3239} INFO - Sync 1 DAGs
[2025-04-11T20:31:43.160+0000] {logging_mixin.py:190} INFO - [2025-04-11T20:31:43.160+0000] {dag.py:4180} INFO - Setting next_dagrun for example_nested_branch_dag to 2025-04-10 00:00:00+00:00, run_after=2025-04-11 00:00:00+00:00
[2025-04-11T20:31:43.248+0000] {processor.py:208} INFO - Processing /home/airflow/.local/lib/python3.12/site-packages/airflow/example_dags/example_nested_branch_dag.py took 0.397 seconds
[2025-04-11T20:32:17.269+0000] {processor.py:186} INFO - Started process (PID=456) to work on /home/airflow/.local/lib/python3.12/site-packages/airflow/example_dags/example_nested_branch_dag.py
[2025-04-11T20:32:17.275+0000] {processor.py:914} INFO - Processing file /home/airflow/.local/lib/python3.12/site-packages/airflow/example_dags/example_nested_branch_dag.py for tasks to queue
[2025-04-11T20:32:17.299+0000] {logging_mixin.py:190} INFO - [2025-04-11T20:32:17.296+0000] {dagbag.py:588} INFO - Filling up the DagBag from /home/airflow/.local/lib/python3.12/site-packages/airflow/example_dags/example_nested_branch_dag.py
[2025-04-11T20:32:17.400+0000] {processor.py:925} INFO - DAG(s) 'example_nested_branch_dag' retrieved from /home/airflow/.local/lib/python3.12/site-packages/airflow/example_dags/example_nested_branch_dag.py
[2025-04-11T20:32:17.521+0000] {logging_mixin.py:190} INFO - [2025-04-11T20:32:17.520+0000] {dag.py:3239} INFO - Sync 1 DAGs
[2025-04-11T20:32:17.705+0000] {logging_mixin.py:190} INFO - [2025-04-11T20:32:17.705+0000] {dag.py:4180} INFO - Setting next_dagrun for example_nested_branch_dag to 2025-04-10 00:00:00+00:00, run_after=2025-04-11 00:00:00+00:00
[2025-04-11T20:32:17.864+0000] {processor.py:208} INFO - Processing /home/airflow/.local/lib/python3.12/site-packages/airflow/example_dags/example_nested_branch_dag.py took 0.684 seconds
[2025-04-11T20:33:05.005+0000] {processor.py:186} INFO - Started process (PID=513) to work on /home/airflow/.local/lib/python3.12/site-packages/airflow/example_dags/example_nested_branch_dag.py
[2025-04-11T20:33:05.012+0000] {processor.py:914} INFO - Processing file /home/airflow/.local/lib/python3.12/site-packages/airflow/example_dags/example_nested_branch_dag.py for tasks to queue
[2025-04-11T20:33:05.062+0000] {logging_mixin.py:190} INFO - [2025-04-11T20:33:05.057+0000] {dagbag.py:588} INFO - Filling up the DagBag from /home/airflow/.local/lib/python3.12/site-packages/airflow/example_dags/example_nested_branch_dag.py
[2025-04-11T20:33:05.587+0000] {processor.py:925} INFO - DAG(s) 'example_nested_branch_dag' retrieved from /home/airflow/.local/lib/python3.12/site-packages/airflow/example_dags/example_nested_branch_dag.py
[2025-04-11T20:33:05.814+0000] {logging_mixin.py:190} INFO - [2025-04-11T20:33:05.811+0000] {dag.py:3239} INFO - Sync 1 DAGs
[2025-04-11T20:33:05.978+0000] {logging_mixin.py:190} INFO - [2025-04-11T20:33:05.977+0000] {dag.py:4180} INFO - Setting next_dagrun for example_nested_branch_dag to 2025-04-10 00:00:00+00:00, run_after=2025-04-11 00:00:00+00:00
[2025-04-11T20:33:06.206+0000] {processor.py:208} INFO - Processing /home/airflow/.local/lib/python3.12/site-packages/airflow/example_dags/example_nested_branch_dag.py took 1.244 seconds
[2025-04-11T20:35:41.701+0000] {processor.py:186} INFO - Started process (PID=79) to work on /home/airflow/.local/lib/python3.12/site-packages/airflow/example_dags/example_nested_branch_dag.py
[2025-04-11T20:35:41.716+0000] {processor.py:914} INFO - Processing file /home/airflow/.local/lib/python3.12/site-packages/airflow/example_dags/example_nested_branch_dag.py for tasks to queue
[2025-04-11T20:35:41.730+0000] {logging_mixin.py:190} INFO - [2025-04-11T20:35:41.729+0000] {dagbag.py:588} INFO - Filling up the DagBag from /home/airflow/.local/lib/python3.12/site-packages/airflow/example_dags/example_nested_branch_dag.py
[2025-04-11T20:35:41.830+0000] {processor.py:925} INFO - DAG(s) 'example_nested_branch_dag' retrieved from /home/airflow/.local/lib/python3.12/site-packages/airflow/example_dags/example_nested_branch_dag.py
[2025-04-11T20:35:42.041+0000] {logging_mixin.py:190} INFO - [2025-04-11T20:35:42.040+0000] {dag.py:3239} INFO - Sync 1 DAGs
[2025-04-11T20:35:42.257+0000] {logging_mixin.py:190} INFO - [2025-04-11T20:35:42.251+0000] {dag.py:4180} INFO - Setting next_dagrun for example_nested_branch_dag to 2025-04-10 00:00:00+00:00, run_after=2025-04-11 00:00:00+00:00
[2025-04-11T20:35:42.405+0000] {processor.py:208} INFO - Processing /home/airflow/.local/lib/python3.12/site-packages/airflow/example_dags/example_nested_branch_dag.py took 0.733 seconds
[2025-04-11T20:36:12.738+0000] {processor.py:186} INFO - Started process (PID=143) to work on /home/airflow/.local/lib/python3.12/site-packages/airflow/example_dags/example_nested_branch_dag.py
[2025-04-11T20:36:12.742+0000] {processor.py:914} INFO - Processing file /home/airflow/.local/lib/python3.12/site-packages/airflow/example_dags/example_nested_branch_dag.py for tasks to queue
[2025-04-11T20:36:12.748+0000] {logging_mixin.py:190} INFO - [2025-04-11T20:36:12.748+0000] {dagbag.py:588} INFO - Filling up the DagBag from /home/airflow/.local/lib/python3.12/site-packages/airflow/example_dags/example_nested_branch_dag.py
[2025-04-11T20:36:12.831+0000] {processor.py:925} INFO - DAG(s) 'example_nested_branch_dag' retrieved from /home/airflow/.local/lib/python3.12/site-packages/airflow/example_dags/example_nested_branch_dag.py
[2025-04-11T20:36:12.964+0000] {logging_mixin.py:190} INFO - [2025-04-11T20:36:12.961+0000] {dag.py:3239} INFO - Sync 1 DAGs
[2025-04-11T20:36:13.173+0000] {logging_mixin.py:190} INFO - [2025-04-11T20:36:13.144+0000] {dag.py:4180} INFO - Setting next_dagrun for example_nested_branch_dag to 2025-04-10 00:00:00+00:00, run_after=2025-04-11 00:00:00+00:00
[2025-04-11T20:36:13.457+0000] {processor.py:208} INFO - Processing /home/airflow/.local/lib/python3.12/site-packages/airflow/example_dags/example_nested_branch_dag.py took 0.774 seconds
[2025-04-11T20:36:45.176+0000] {processor.py:186} INFO - Started process (PID=207) to work on /home/airflow/.local/lib/python3.12/site-packages/airflow/example_dags/example_nested_branch_dag.py
[2025-04-11T20:36:45.180+0000] {processor.py:914} INFO - Processing file /home/airflow/.local/lib/python3.12/site-packages/airflow/example_dags/example_nested_branch_dag.py for tasks to queue
[2025-04-11T20:36:45.193+0000] {logging_mixin.py:190} INFO - [2025-04-11T20:36:45.193+0000] {dagbag.py:588} INFO - Filling up the DagBag from /home/airflow/.local/lib/python3.12/site-packages/airflow/example_dags/example_nested_branch_dag.py
[2025-04-11T20:36:45.229+0000] {processor.py:925} INFO - DAG(s) 'example_nested_branch_dag' retrieved from /home/airflow/.local/lib/python3.12/site-packages/airflow/example_dags/example_nested_branch_dag.py
[2025-04-11T20:36:45.311+0000] {logging_mixin.py:190} INFO - [2025-04-11T20:36:45.309+0000] {dag.py:3239} INFO - Sync 1 DAGs
[2025-04-11T20:36:45.411+0000] {logging_mixin.py:190} INFO - [2025-04-11T20:36:45.410+0000] {dag.py:4180} INFO - Setting next_dagrun for example_nested_branch_dag to 2025-04-10 00:00:00+00:00, run_after=2025-04-11 00:00:00+00:00
[2025-04-11T20:36:45.471+0000] {processor.py:208} INFO - Processing /home/airflow/.local/lib/python3.12/site-packages/airflow/example_dags/example_nested_branch_dag.py took 0.314 seconds
[2025-04-11T20:37:20.802+0000] {processor.py:186} INFO - Started process (PID=251) to work on /home/airflow/.local/lib/python3.12/site-packages/airflow/example_dags/example_nested_branch_dag.py
[2025-04-11T20:37:20.805+0000] {processor.py:914} INFO - Processing file /home/airflow/.local/lib/python3.12/site-packages/airflow/example_dags/example_nested_branch_dag.py for tasks to queue
[2025-04-11T20:37:20.811+0000] {logging_mixin.py:190} INFO - [2025-04-11T20:37:20.811+0000] {dagbag.py:588} INFO - Filling up the DagBag from /home/airflow/.local/lib/python3.12/site-packages/airflow/example_dags/example_nested_branch_dag.py
[2025-04-11T20:37:20.879+0000] {processor.py:925} INFO - DAG(s) 'example_nested_branch_dag' retrieved from /home/airflow/.local/lib/python3.12/site-packages/airflow/example_dags/example_nested_branch_dag.py
[2025-04-11T20:37:20.962+0000] {logging_mixin.py:190} INFO - [2025-04-11T20:37:20.961+0000] {dag.py:3239} INFO - Sync 1 DAGs
[2025-04-11T20:37:21.097+0000] {logging_mixin.py:190} INFO - [2025-04-11T20:37:21.095+0000] {dag.py:4180} INFO - Setting next_dagrun for example_nested_branch_dag to 2025-04-10 00:00:00+00:00, run_after=2025-04-11 00:00:00+00:00
[2025-04-11T20:37:21.163+0000] {processor.py:208} INFO - Processing /home/airflow/.local/lib/python3.12/site-packages/airflow/example_dags/example_nested_branch_dag.py took 0.387 seconds
[2025-04-11T20:38:01.705+0000] {processor.py:186} INFO - Started process (PID=305) to work on /home/airflow/.local/lib/python3.12/site-packages/airflow/example_dags/example_nested_branch_dag.py
[2025-04-11T20:38:01.724+0000] {processor.py:914} INFO - Processing file /home/airflow/.local/lib/python3.12/site-packages/airflow/example_dags/example_nested_branch_dag.py for tasks to queue
[2025-04-11T20:38:01.762+0000] {logging_mixin.py:190} INFO - [2025-04-11T20:38:01.762+0000] {dagbag.py:588} INFO - Filling up the DagBag from /home/airflow/.local/lib/python3.12/site-packages/airflow/example_dags/example_nested_branch_dag.py
[2025-04-11T20:38:01.983+0000] {processor.py:925} INFO - DAG(s) 'example_nested_branch_dag' retrieved from /home/airflow/.local/lib/python3.12/site-packages/airflow/example_dags/example_nested_branch_dag.py
[2025-04-11T20:38:02.105+0000] {logging_mixin.py:190} INFO - [2025-04-11T20:38:02.105+0000] {dag.py:3239} INFO - Sync 1 DAGs
[2025-04-11T20:38:02.242+0000] {logging_mixin.py:190} INFO - [2025-04-11T20:38:02.242+0000] {dag.py:4180} INFO - Setting next_dagrun for example_nested_branch_dag to 2025-04-10 00:00:00+00:00, run_after=2025-04-11 00:00:00+00:00
[2025-04-11T20:38:02.379+0000] {processor.py:208} INFO - Processing /home/airflow/.local/lib/python3.12/site-packages/airflow/example_dags/example_nested_branch_dag.py took 0.742 seconds
[2025-04-11T20:38:35.667+0000] {processor.py:186} INFO - Started process (PID=357) to work on /home/airflow/.local/lib/python3.12/site-packages/airflow/example_dags/example_nested_branch_dag.py
[2025-04-11T20:38:35.679+0000] {processor.py:914} INFO - Processing file /home/airflow/.local/lib/python3.12/site-packages/airflow/example_dags/example_nested_branch_dag.py for tasks to queue
[2025-04-11T20:38:35.695+0000] {logging_mixin.py:190} INFO - [2025-04-11T20:38:35.694+0000] {dagbag.py:588} INFO - Filling up the DagBag from /home/airflow/.local/lib/python3.12/site-packages/airflow/example_dags/example_nested_branch_dag.py
[2025-04-11T20:38:35.747+0000] {processor.py:925} INFO - DAG(s) 'example_nested_branch_dag' retrieved from /home/airflow/.local/lib/python3.12/site-packages/airflow/example_dags/example_nested_branch_dag.py
[2025-04-11T20:38:36.083+0000] {logging_mixin.py:190} INFO - [2025-04-11T20:38:36.074+0000] {dag.py:3239} INFO - Sync 1 DAGs
[2025-04-11T20:38:36.333+0000] {logging_mixin.py:190} INFO - [2025-04-11T20:38:36.332+0000] {dag.py:4180} INFO - Setting next_dagrun for example_nested_branch_dag to 2025-04-10 00:00:00+00:00, run_after=2025-04-11 00:00:00+00:00
[2025-04-11T20:38:36.789+0000] {processor.py:208} INFO - Processing /home/airflow/.local/lib/python3.12/site-packages/airflow/example_dags/example_nested_branch_dag.py took 1.171 seconds
[2025-04-11T20:39:50.586+0000] {processor.py:186} INFO - Started process (PID=433) to work on /home/airflow/.local/lib/python3.12/site-packages/airflow/example_dags/example_nested_branch_dag.py
[2025-04-11T20:39:50.599+0000] {processor.py:914} INFO - Processing file /home/airflow/.local/lib/python3.12/site-packages/airflow/example_dags/example_nested_branch_dag.py for tasks to queue
[2025-04-11T20:39:50.616+0000] {logging_mixin.py:190} INFO - [2025-04-11T20:39:50.607+0000] {dagbag.py:588} INFO - Filling up the DagBag from /home/airflow/.local/lib/python3.12/site-packages/airflow/example_dags/example_nested_branch_dag.py
[2025-04-11T20:39:50.776+0000] {processor.py:925} INFO - DAG(s) 'example_nested_branch_dag' retrieved from /home/airflow/.local/lib/python3.12/site-packages/airflow/example_dags/example_nested_branch_dag.py
[2025-04-11T20:39:51.011+0000] {logging_mixin.py:190} INFO - [2025-04-11T20:39:51.009+0000] {dag.py:3239} INFO - Sync 1 DAGs
[2025-04-11T20:39:51.209+0000] {logging_mixin.py:190} INFO - [2025-04-11T20:39:51.208+0000] {dag.py:4180} INFO - Setting next_dagrun for example_nested_branch_dag to 2025-04-10 00:00:00+00:00, run_after=2025-04-11 00:00:00+00:00
[2025-04-11T20:39:51.345+0000] {processor.py:208} INFO - Processing /home/airflow/.local/lib/python3.12/site-packages/airflow/example_dags/example_nested_branch_dag.py took 0.810 seconds
[2025-04-11T20:40:28.088+0000] {processor.py:186} INFO - Started process (PID=496) to work on /home/airflow/.local/lib/python3.12/site-packages/airflow/example_dags/example_nested_branch_dag.py
[2025-04-11T20:40:28.110+0000] {processor.py:914} INFO - Processing file /home/airflow/.local/lib/python3.12/site-packages/airflow/example_dags/example_nested_branch_dag.py for tasks to queue
[2025-04-11T20:40:28.131+0000] {logging_mixin.py:190} INFO - [2025-04-11T20:40:28.124+0000] {dagbag.py:588} INFO - Filling up the DagBag from /home/airflow/.local/lib/python3.12/site-packages/airflow/example_dags/example_nested_branch_dag.py
[2025-04-11T20:40:28.366+0000] {processor.py:925} INFO - DAG(s) 'example_nested_branch_dag' retrieved from /home/airflow/.local/lib/python3.12/site-packages/airflow/example_dags/example_nested_branch_dag.py
[2025-04-11T20:40:28.585+0000] {logging_mixin.py:190} INFO - [2025-04-11T20:40:28.585+0000] {dag.py:3239} INFO - Sync 1 DAGs
[2025-04-11T20:40:29.022+0000] {logging_mixin.py:190} INFO - [2025-04-11T20:40:29.022+0000] {dag.py:4180} INFO - Setting next_dagrun for example_nested_branch_dag to 2025-04-10 00:00:00+00:00, run_after=2025-04-11 00:00:00+00:00
[2025-04-11T20:40:29.527+0000] {processor.py:208} INFO - Processing /home/airflow/.local/lib/python3.12/site-packages/airflow/example_dags/example_nested_branch_dag.py took 1.708 seconds
[2025-04-11T20:41:01.652+0000] {processor.py:186} INFO - Started process (PID=549) to work on /home/airflow/.local/lib/python3.12/site-packages/airflow/example_dags/example_nested_branch_dag.py
[2025-04-11T20:41:01.655+0000] {processor.py:914} INFO - Processing file /home/airflow/.local/lib/python3.12/site-packages/airflow/example_dags/example_nested_branch_dag.py for tasks to queue
[2025-04-11T20:41:01.666+0000] {logging_mixin.py:190} INFO - [2025-04-11T20:41:01.665+0000] {dagbag.py:588} INFO - Filling up the DagBag from /home/airflow/.local/lib/python3.12/site-packages/airflow/example_dags/example_nested_branch_dag.py
[2025-04-11T20:41:01.718+0000] {processor.py:925} INFO - DAG(s) 'example_nested_branch_dag' retrieved from /home/airflow/.local/lib/python3.12/site-packages/airflow/example_dags/example_nested_branch_dag.py
[2025-04-11T20:41:01.777+0000] {logging_mixin.py:190} INFO - [2025-04-11T20:41:01.776+0000] {dag.py:3239} INFO - Sync 1 DAGs
[2025-04-11T20:41:01.855+0000] {logging_mixin.py:190} INFO - [2025-04-11T20:41:01.855+0000] {dag.py:4180} INFO - Setting next_dagrun for example_nested_branch_dag to 2025-04-10 00:00:00+00:00, run_after=2025-04-11 00:00:00+00:00
[2025-04-11T20:41:01.916+0000] {processor.py:208} INFO - Processing /home/airflow/.local/lib/python3.12/site-packages/airflow/example_dags/example_nested_branch_dag.py took 0.289 seconds
[2025-04-11T20:41:35.432+0000] {processor.py:186} INFO - Started process (PID=601) to work on /home/airflow/.local/lib/python3.12/site-packages/airflow/example_dags/example_nested_branch_dag.py
[2025-04-11T20:41:35.435+0000] {processor.py:914} INFO - Processing file /home/airflow/.local/lib/python3.12/site-packages/airflow/example_dags/example_nested_branch_dag.py for tasks to queue
[2025-04-11T20:41:35.448+0000] {logging_mixin.py:190} INFO - [2025-04-11T20:41:35.448+0000] {dagbag.py:588} INFO - Filling up the DagBag from /home/airflow/.local/lib/python3.12/site-packages/airflow/example_dags/example_nested_branch_dag.py
[2025-04-11T20:41:35.501+0000] {processor.py:925} INFO - DAG(s) 'example_nested_branch_dag' retrieved from /home/airflow/.local/lib/python3.12/site-packages/airflow/example_dags/example_nested_branch_dag.py
[2025-04-11T20:41:35.812+0000] {logging_mixin.py:190} INFO - [2025-04-11T20:41:35.811+0000] {dag.py:3239} INFO - Sync 1 DAGs
[2025-04-11T20:41:36.007+0000] {logging_mixin.py:190} INFO - [2025-04-11T20:41:36.006+0000] {dag.py:4180} INFO - Setting next_dagrun for example_nested_branch_dag to 2025-04-10 00:00:00+00:00, run_after=2025-04-11 00:00:00+00:00
[2025-04-11T20:41:36.066+0000] {processor.py:208} INFO - Processing /home/airflow/.local/lib/python3.12/site-packages/airflow/example_dags/example_nested_branch_dag.py took 0.647 seconds
[2025-04-11T20:42:38.338+0000] {processor.py:186} INFO - Started process (PID=668) to work on /home/airflow/.local/lib/python3.12/site-packages/airflow/example_dags/example_nested_branch_dag.py
[2025-04-11T20:42:38.348+0000] {processor.py:914} INFO - Processing file /home/airflow/.local/lib/python3.12/site-packages/airflow/example_dags/example_nested_branch_dag.py for tasks to queue
[2025-04-11T20:42:38.394+0000] {logging_mixin.py:190} INFO - [2025-04-11T20:42:38.393+0000] {dagbag.py:588} INFO - Filling up the DagBag from /home/airflow/.local/lib/python3.12/site-packages/airflow/example_dags/example_nested_branch_dag.py
[2025-04-11T20:42:38.510+0000] {processor.py:925} INFO - DAG(s) 'example_nested_branch_dag' retrieved from /home/airflow/.local/lib/python3.12/site-packages/airflow/example_dags/example_nested_branch_dag.py
[2025-04-11T20:42:38.763+0000] {logging_mixin.py:190} INFO - [2025-04-11T20:42:38.762+0000] {dag.py:3239} INFO - Sync 1 DAGs
[2025-04-11T20:42:39.191+0000] {logging_mixin.py:190} INFO - [2025-04-11T20:42:39.189+0000] {dag.py:4180} INFO - Setting next_dagrun for example_nested_branch_dag to 2025-04-10 00:00:00+00:00, run_after=2025-04-11 00:00:00+00:00
[2025-04-11T20:42:39.457+0000] {processor.py:208} INFO - Processing /home/airflow/.local/lib/python3.12/site-packages/airflow/example_dags/example_nested_branch_dag.py took 1.191 seconds
[2025-04-11T20:43:43.528+0000] {processor.py:186} INFO - Started process (PID=724) to work on /home/airflow/.local/lib/python3.12/site-packages/airflow/example_dags/example_nested_branch_dag.py
[2025-04-11T20:43:43.535+0000] {processor.py:914} INFO - Processing file /home/airflow/.local/lib/python3.12/site-packages/airflow/example_dags/example_nested_branch_dag.py for tasks to queue
[2025-04-11T20:43:43.547+0000] {logging_mixin.py:190} INFO - [2025-04-11T20:43:43.546+0000] {dagbag.py:588} INFO - Filling up the DagBag from /home/airflow/.local/lib/python3.12/site-packages/airflow/example_dags/example_nested_branch_dag.py
[2025-04-11T20:43:43.809+0000] {processor.py:925} INFO - DAG(s) 'example_nested_branch_dag' retrieved from /home/airflow/.local/lib/python3.12/site-packages/airflow/example_dags/example_nested_branch_dag.py
[2025-04-11T20:43:44.053+0000] {logging_mixin.py:190} INFO - [2025-04-11T20:43:44.052+0000] {dag.py:3239} INFO - Sync 1 DAGs
[2025-04-11T20:43:44.323+0000] {logging_mixin.py:190} INFO - [2025-04-11T20:43:44.323+0000] {dag.py:4180} INFO - Setting next_dagrun for example_nested_branch_dag to 2025-04-10 00:00:00+00:00, run_after=2025-04-11 00:00:00+00:00
[2025-04-11T20:43:44.518+0000] {processor.py:208} INFO - Processing /home/airflow/.local/lib/python3.12/site-packages/airflow/example_dags/example_nested_branch_dag.py took 1.037 seconds
[2025-04-11T20:44:26.853+0000] {processor.py:186} INFO - Started process (PID=779) to work on /home/airflow/.local/lib/python3.12/site-packages/airflow/example_dags/example_nested_branch_dag.py
[2025-04-11T20:44:26.857+0000] {processor.py:914} INFO - Processing file /home/airflow/.local/lib/python3.12/site-packages/airflow/example_dags/example_nested_branch_dag.py for tasks to queue
[2025-04-11T20:44:26.870+0000] {logging_mixin.py:190} INFO - [2025-04-11T20:44:26.868+0000] {dagbag.py:588} INFO - Filling up the DagBag from /home/airflow/.local/lib/python3.12/site-packages/airflow/example_dags/example_nested_branch_dag.py
[2025-04-11T20:44:27.156+0000] {processor.py:925} INFO - DAG(s) 'example_nested_branch_dag' retrieved from /home/airflow/.local/lib/python3.12/site-packages/airflow/example_dags/example_nested_branch_dag.py
[2025-04-11T20:44:27.402+0000] {logging_mixin.py:190} INFO - [2025-04-11T20:44:27.391+0000] {dag.py:3239} INFO - Sync 1 DAGs
[2025-04-11T20:44:27.757+0000] {logging_mixin.py:190} INFO - [2025-04-11T20:44:27.756+0000] {dag.py:4180} INFO - Setting next_dagrun for example_nested_branch_dag to 2025-04-10 00:00:00+00:00, run_after=2025-04-11 00:00:00+00:00
[2025-04-11T20:44:28.030+0000] {processor.py:208} INFO - Processing /home/airflow/.local/lib/python3.12/site-packages/airflow/example_dags/example_nested_branch_dag.py took 1.211 seconds
[2025-04-11T20:44:58.321+0000] {processor.py:186} INFO - Started process (PID=843) to work on /home/airflow/.local/lib/python3.12/site-packages/airflow/example_dags/example_nested_branch_dag.py
[2025-04-11T20:44:58.346+0000] {processor.py:914} INFO - Processing file /home/airflow/.local/lib/python3.12/site-packages/airflow/example_dags/example_nested_branch_dag.py for tasks to queue
[2025-04-11T20:44:58.366+0000] {logging_mixin.py:190} INFO - [2025-04-11T20:44:58.364+0000] {dagbag.py:588} INFO - Filling up the DagBag from /home/airflow/.local/lib/python3.12/site-packages/airflow/example_dags/example_nested_branch_dag.py
[2025-04-11T20:44:58.423+0000] {processor.py:925} INFO - DAG(s) 'example_nested_branch_dag' retrieved from /home/airflow/.local/lib/python3.12/site-packages/airflow/example_dags/example_nested_branch_dag.py
[2025-04-11T20:44:58.662+0000] {logging_mixin.py:190} INFO - [2025-04-11T20:44:58.662+0000] {dag.py:3239} INFO - Sync 1 DAGs
[2025-04-11T20:44:58.881+0000] {logging_mixin.py:190} INFO - [2025-04-11T20:44:58.881+0000] {dag.py:4180} INFO - Setting next_dagrun for example_nested_branch_dag to 2025-04-10 00:00:00+00:00, run_after=2025-04-11 00:00:00+00:00
[2025-04-11T20:44:59.013+0000] {processor.py:208} INFO - Processing /home/airflow/.local/lib/python3.12/site-packages/airflow/example_dags/example_nested_branch_dag.py took 0.713 seconds
[2025-04-11T20:45:29.685+0000] {processor.py:186} INFO - Started process (PID=906) to work on /home/airflow/.local/lib/python3.12/site-packages/airflow/example_dags/example_nested_branch_dag.py
[2025-04-11T20:45:29.688+0000] {processor.py:914} INFO - Processing file /home/airflow/.local/lib/python3.12/site-packages/airflow/example_dags/example_nested_branch_dag.py for tasks to queue
[2025-04-11T20:45:29.694+0000] {logging_mixin.py:190} INFO - [2025-04-11T20:45:29.694+0000] {dagbag.py:588} INFO - Filling up the DagBag from /home/airflow/.local/lib/python3.12/site-packages/airflow/example_dags/example_nested_branch_dag.py
[2025-04-11T20:45:29.723+0000] {processor.py:925} INFO - DAG(s) 'example_nested_branch_dag' retrieved from /home/airflow/.local/lib/python3.12/site-packages/airflow/example_dags/example_nested_branch_dag.py
[2025-04-11T20:45:29.788+0000] {logging_mixin.py:190} INFO - [2025-04-11T20:45:29.787+0000] {dag.py:3239} INFO - Sync 1 DAGs
[2025-04-11T20:45:29.845+0000] {logging_mixin.py:190} INFO - [2025-04-11T20:45:29.844+0000] {dag.py:4180} INFO - Setting next_dagrun for example_nested_branch_dag to 2025-04-10 00:00:00+00:00, run_after=2025-04-11 00:00:00+00:00
[2025-04-11T20:45:29.903+0000] {processor.py:208} INFO - Processing /home/airflow/.local/lib/python3.12/site-packages/airflow/example_dags/example_nested_branch_dag.py took 0.231 seconds
[2025-04-11T20:46:30.697+0000] {processor.py:186} INFO - Started process (PID=965) to work on /home/airflow/.local/lib/python3.12/site-packages/airflow/example_dags/example_nested_branch_dag.py
[2025-04-11T20:46:30.727+0000] {processor.py:914} INFO - Processing file /home/airflow/.local/lib/python3.12/site-packages/airflow/example_dags/example_nested_branch_dag.py for tasks to queue
[2025-04-11T20:46:30.761+0000] {logging_mixin.py:190} INFO - [2025-04-11T20:46:30.760+0000] {dagbag.py:588} INFO - Filling up the DagBag from /home/airflow/.local/lib/python3.12/site-packages/airflow/example_dags/example_nested_branch_dag.py
[2025-04-11T20:46:31.227+0000] {processor.py:925} INFO - DAG(s) 'example_nested_branch_dag' retrieved from /home/airflow/.local/lib/python3.12/site-packages/airflow/example_dags/example_nested_branch_dag.py
[2025-04-11T20:46:31.702+0000] {logging_mixin.py:190} INFO - [2025-04-11T20:46:31.702+0000] {dag.py:3239} INFO - Sync 1 DAGs
[2025-04-11T20:46:34.234+0000] {logging_mixin.py:190} INFO - [2025-04-11T20:46:34.191+0000] {dag.py:4180} INFO - Setting next_dagrun for example_nested_branch_dag to 2025-04-10 00:00:00+00:00, run_after=2025-04-11 00:00:00+00:00
[2025-04-11T20:46:34.973+0000] {processor.py:208} INFO - Processing /home/airflow/.local/lib/python3.12/site-packages/airflow/example_dags/example_nested_branch_dag.py took 4.474 seconds
[2025-04-11T20:47:29.632+0000] {processor.py:186} INFO - Started process (PID=1022) to work on /home/airflow/.local/lib/python3.12/site-packages/airflow/example_dags/example_nested_branch_dag.py
[2025-04-11T20:47:29.638+0000] {processor.py:914} INFO - Processing file /home/airflow/.local/lib/python3.12/site-packages/airflow/example_dags/example_nested_branch_dag.py for tasks to queue
[2025-04-11T20:47:29.657+0000] {logging_mixin.py:190} INFO - [2025-04-11T20:47:29.656+0000] {dagbag.py:588} INFO - Filling up the DagBag from /home/airflow/.local/lib/python3.12/site-packages/airflow/example_dags/example_nested_branch_dag.py
[2025-04-11T20:47:29.795+0000] {processor.py:925} INFO - DAG(s) 'example_nested_branch_dag' retrieved from /home/airflow/.local/lib/python3.12/site-packages/airflow/example_dags/example_nested_branch_dag.py
[2025-04-11T20:47:29.959+0000] {logging_mixin.py:190} INFO - [2025-04-11T20:47:29.959+0000] {dag.py:3239} INFO - Sync 1 DAGs
[2025-04-11T20:47:30.321+0000] {logging_mixin.py:190} INFO - [2025-04-11T20:47:30.320+0000] {dag.py:4180} INFO - Setting next_dagrun for example_nested_branch_dag to 2025-04-10 00:00:00+00:00, run_after=2025-04-11 00:00:00+00:00
[2025-04-11T20:47:30.506+0000] {processor.py:208} INFO - Processing /home/airflow/.local/lib/python3.12/site-packages/airflow/example_dags/example_nested_branch_dag.py took 0.898 seconds
[2025-04-11T20:49:05.215+0000] {processor.py:186} INFO - Started process (PID=1071) to work on /home/airflow/.local/lib/python3.12/site-packages/airflow/example_dags/example_nested_branch_dag.py
[2025-04-11T20:49:05.225+0000] {processor.py:914} INFO - Processing file /home/airflow/.local/lib/python3.12/site-packages/airflow/example_dags/example_nested_branch_dag.py for tasks to queue
[2025-04-11T20:49:05.403+0000] {logging_mixin.py:190} INFO - [2025-04-11T20:49:05.250+0000] {dagbag.py:588} INFO - Filling up the DagBag from /home/airflow/.local/lib/python3.12/site-packages/airflow/example_dags/example_nested_branch_dag.py
[2025-04-11T20:49:05.787+0000] {processor.py:925} INFO - DAG(s) 'example_nested_branch_dag' retrieved from /home/airflow/.local/lib/python3.12/site-packages/airflow/example_dags/example_nested_branch_dag.py
[2025-04-11T20:49:06.641+0000] {logging_mixin.py:190} INFO - [2025-04-11T20:49:06.640+0000] {dag.py:3239} INFO - Sync 1 DAGs
[2025-04-11T20:49:08.395+0000] {logging_mixin.py:190} INFO - [2025-04-11T20:49:08.394+0000] {dag.py:4180} INFO - Setting next_dagrun for example_nested_branch_dag to 2025-04-10 00:00:00+00:00, run_after=2025-04-11 00:00:00+00:00
[2025-04-11T20:49:09.793+0000] {processor.py:208} INFO - Processing /home/airflow/.local/lib/python3.12/site-packages/airflow/example_dags/example_nested_branch_dag.py took 4.644 seconds
[2025-04-11T20:50:02.757+0000] {processor.py:186} INFO - Started process (PID=1131) to work on /home/airflow/.local/lib/python3.12/site-packages/airflow/example_dags/example_nested_branch_dag.py
[2025-04-11T20:50:02.764+0000] {processor.py:914} INFO - Processing file /home/airflow/.local/lib/python3.12/site-packages/airflow/example_dags/example_nested_branch_dag.py for tasks to queue
[2025-04-11T20:50:02.777+0000] {logging_mixin.py:190} INFO - [2025-04-11T20:50:02.776+0000] {dagbag.py:588} INFO - Filling up the DagBag from /home/airflow/.local/lib/python3.12/site-packages/airflow/example_dags/example_nested_branch_dag.py
[2025-04-11T20:50:02.882+0000] {processor.py:925} INFO - DAG(s) 'example_nested_branch_dag' retrieved from /home/airflow/.local/lib/python3.12/site-packages/airflow/example_dags/example_nested_branch_dag.py
[2025-04-11T20:50:03.062+0000] {logging_mixin.py:190} INFO - [2025-04-11T20:50:03.061+0000] {dag.py:3239} INFO - Sync 1 DAGs
[2025-04-11T20:50:03.329+0000] {logging_mixin.py:190} INFO - [2025-04-11T20:50:03.322+0000] {dag.py:4180} INFO - Setting next_dagrun for example_nested_branch_dag to 2025-04-10 00:00:00+00:00, run_after=2025-04-11 00:00:00+00:00
[2025-04-11T20:50:03.790+0000] {processor.py:208} INFO - Processing /home/airflow/.local/lib/python3.12/site-packages/airflow/example_dags/example_nested_branch_dag.py took 1.074 seconds
[2025-04-11T20:50:49.960+0000] {processor.py:186} INFO - Started process (PID=1186) to work on /home/airflow/.local/lib/python3.12/site-packages/airflow/example_dags/example_nested_branch_dag.py
[2025-04-11T20:50:49.966+0000] {processor.py:914} INFO - Processing file /home/airflow/.local/lib/python3.12/site-packages/airflow/example_dags/example_nested_branch_dag.py for tasks to queue
[2025-04-11T20:50:49.976+0000] {logging_mixin.py:190} INFO - [2025-04-11T20:50:49.975+0000] {dagbag.py:588} INFO - Filling up the DagBag from /home/airflow/.local/lib/python3.12/site-packages/airflow/example_dags/example_nested_branch_dag.py
[2025-04-11T20:50:50.065+0000] {processor.py:925} INFO - DAG(s) 'example_nested_branch_dag' retrieved from /home/airflow/.local/lib/python3.12/site-packages/airflow/example_dags/example_nested_branch_dag.py
[2025-04-11T20:50:50.239+0000] {logging_mixin.py:190} INFO - [2025-04-11T20:50:50.239+0000] {dag.py:3239} INFO - Sync 1 DAGs
[2025-04-11T20:50:50.431+0000] {logging_mixin.py:190} INFO - [2025-04-11T20:50:50.425+0000] {dag.py:4180} INFO - Setting next_dagrun for example_nested_branch_dag to 2025-04-10 00:00:00+00:00, run_after=2025-04-11 00:00:00+00:00
[2025-04-11T20:50:50.653+0000] {processor.py:208} INFO - Processing /home/airflow/.local/lib/python3.12/site-packages/airflow/example_dags/example_nested_branch_dag.py took 0.734 seconds
[2025-04-11T20:51:42.865+0000] {processor.py:186} INFO - Started process (PID=1253) to work on /home/airflow/.local/lib/python3.12/site-packages/airflow/example_dags/example_nested_branch_dag.py
[2025-04-11T20:51:42.876+0000] {processor.py:914} INFO - Processing file /home/airflow/.local/lib/python3.12/site-packages/airflow/example_dags/example_nested_branch_dag.py for tasks to queue
[2025-04-11T20:51:42.896+0000] {logging_mixin.py:190} INFO - [2025-04-11T20:51:42.896+0000] {dagbag.py:588} INFO - Filling up the DagBag from /home/airflow/.local/lib/python3.12/site-packages/airflow/example_dags/example_nested_branch_dag.py
[2025-04-11T20:51:43.188+0000] {processor.py:925} INFO - DAG(s) 'example_nested_branch_dag' retrieved from /home/airflow/.local/lib/python3.12/site-packages/airflow/example_dags/example_nested_branch_dag.py
[2025-04-11T20:51:43.892+0000] {logging_mixin.py:190} INFO - [2025-04-11T20:51:43.891+0000] {dag.py:3239} INFO - Sync 1 DAGs
[2025-04-11T20:51:44.463+0000] {logging_mixin.py:190} INFO - [2025-04-11T20:51:44.463+0000] {dag.py:4180} INFO - Setting next_dagrun for example_nested_branch_dag to 2025-04-10 00:00:00+00:00, run_after=2025-04-11 00:00:00+00:00
[2025-04-11T20:51:44.894+0000] {processor.py:208} INFO - Processing /home/airflow/.local/lib/python3.12/site-packages/airflow/example_dags/example_nested_branch_dag.py took 2.268 seconds
[2025-04-11T20:52:29.797+0000] {processor.py:186} INFO - Started process (PID=1317) to work on /home/airflow/.local/lib/python3.12/site-packages/airflow/example_dags/example_nested_branch_dag.py
[2025-04-11T20:52:29.803+0000] {processor.py:914} INFO - Processing file /home/airflow/.local/lib/python3.12/site-packages/airflow/example_dags/example_nested_branch_dag.py for tasks to queue
[2025-04-11T20:52:29.813+0000] {logging_mixin.py:190} INFO - [2025-04-11T20:52:29.812+0000] {dagbag.py:588} INFO - Filling up the DagBag from /home/airflow/.local/lib/python3.12/site-packages/airflow/example_dags/example_nested_branch_dag.py
[2025-04-11T20:52:29.902+0000] {processor.py:925} INFO - DAG(s) 'example_nested_branch_dag' retrieved from /home/airflow/.local/lib/python3.12/site-packages/airflow/example_dags/example_nested_branch_dag.py
[2025-04-11T20:52:30.059+0000] {logging_mixin.py:190} INFO - [2025-04-11T20:52:30.055+0000] {dag.py:3239} INFO - Sync 1 DAGs
[2025-04-11T20:52:30.237+0000] {logging_mixin.py:190} INFO - [2025-04-11T20:52:30.236+0000] {dag.py:4180} INFO - Setting next_dagrun for example_nested_branch_dag to 2025-04-10 00:00:00+00:00, run_after=2025-04-11 00:00:00+00:00
[2025-04-11T20:52:30.368+0000] {processor.py:208} INFO - Processing /home/airflow/.local/lib/python3.12/site-packages/airflow/example_dags/example_nested_branch_dag.py took 0.600 seconds
[2025-04-11T20:53:16.969+0000] {processor.py:186} INFO - Started process (PID=1386) to work on /home/airflow/.local/lib/python3.12/site-packages/airflow/example_dags/example_nested_branch_dag.py
[2025-04-11T20:53:16.977+0000] {processor.py:914} INFO - Processing file /home/airflow/.local/lib/python3.12/site-packages/airflow/example_dags/example_nested_branch_dag.py for tasks to queue
[2025-04-11T20:53:17.038+0000] {logging_mixin.py:190} INFO - [2025-04-11T20:53:17.019+0000] {dagbag.py:588} INFO - Filling up the DagBag from /home/airflow/.local/lib/python3.12/site-packages/airflow/example_dags/example_nested_branch_dag.py
[2025-04-11T20:53:17.894+0000] {processor.py:925} INFO - DAG(s) 'example_nested_branch_dag' retrieved from /home/airflow/.local/lib/python3.12/site-packages/airflow/example_dags/example_nested_branch_dag.py
[2025-04-11T20:53:18.730+0000] {logging_mixin.py:190} INFO - [2025-04-11T20:53:18.727+0000] {dag.py:3239} INFO - Sync 1 DAGs
[2025-04-11T20:53:19.723+0000] {logging_mixin.py:190} INFO - [2025-04-11T20:53:19.723+0000] {dag.py:4180} INFO - Setting next_dagrun for example_nested_branch_dag to 2025-04-10 00:00:00+00:00, run_after=2025-04-11 00:00:00+00:00
[2025-04-11T20:53:19.976+0000] {processor.py:208} INFO - Processing /home/airflow/.local/lib/python3.12/site-packages/airflow/example_dags/example_nested_branch_dag.py took 3.100 seconds
