[2025-04-11T19:46:24.172+0000] {processor.py:186} INFO - Started process (PID=125) to work on /home/airflow/.local/lib/python3.12/site-packages/airflow/example_dags/example_kubernetes_executor.py
[2025-04-11T19:46:24.174+0000] {processor.py:914} INFO - Processing file /home/airflow/.local/lib/python3.12/site-packages/airflow/example_dags/example_kubernetes_executor.py for tasks to queue
[2025-04-11T19:46:24.185+0000] {logging_mixin.py:190} INFO - [2025-04-11T19:46:24.183+0000] {dagbag.py:588} INFO - Filling up the DagBag from /home/airflow/.local/lib/python3.12/site-packages/airflow/example_dags/example_kubernetes_executor.py
[2025-04-11T19:46:24.358+0000] {processor.py:925} INFO - DAG(s) 'example_kubernetes_executor' retrieved from /home/airflow/.local/lib/python3.12/site-packages/airflow/example_dags/example_kubernetes_executor.py
[2025-04-11T19:46:25.465+0000] {logging_mixin.py:190} INFO - [2025-04-11T19:46:25.463+0000] {override.py:1912} INFO - Created Permission View: can delete on DAG:example_kubernetes_executor
[2025-04-11T19:46:25.543+0000] {logging_mixin.py:190} INFO - [2025-04-11T19:46:25.542+0000] {override.py:1912} INFO - Created Permission View: can read on DAG:example_kubernetes_executor
[2025-04-11T19:46:25.593+0000] {logging_mixin.py:190} INFO - [2025-04-11T19:46:25.593+0000] {override.py:1912} INFO - Created Permission View: can edit on DAG:example_kubernetes_executor
[2025-04-11T19:46:25.647+0000] {logging_mixin.py:190} INFO - [2025-04-11T19:46:25.647+0000] {override.py:1912} INFO - Created Permission View: can create on DAG Run:example_kubernetes_executor
[2025-04-11T19:46:25.701+0000] {logging_mixin.py:190} INFO - [2025-04-11T19:46:25.701+0000] {override.py:1912} INFO - Created Permission View: can read on DAG Run:example_kubernetes_executor
[2025-04-11T19:46:25.761+0000] {logging_mixin.py:190} INFO - [2025-04-11T19:46:25.760+0000] {override.py:1912} INFO - Created Permission View: can delete on DAG Run:example_kubernetes_executor
[2025-04-11T19:46:25.820+0000] {logging_mixin.py:190} INFO - [2025-04-11T19:46:25.820+0000] {override.py:1912} INFO - Created Permission View: menu access on DAG Run:example_kubernetes_executor
[2025-04-11T19:46:25.824+0000] {logging_mixin.py:190} INFO - [2025-04-11T19:46:25.824+0000] {dag.py:3239} INFO - Sync 1 DAGs
[2025-04-11T19:46:25.933+0000] {logging_mixin.py:190} INFO - [2025-04-11T19:46:25.933+0000] {dag.py:3262} INFO - Creating ORM DAG for example_kubernetes_executor
[2025-04-11T19:46:25.937+0000] {logging_mixin.py:190} INFO - [2025-04-11T19:46:25.937+0000] {dag.py:4180} INFO - Setting next_dagrun for example_kubernetes_executor to None, run_after=None
[2025-04-11T19:46:26.118+0000] {processor.py:208} INFO - Processing /home/airflow/.local/lib/python3.12/site-packages/airflow/example_dags/example_kubernetes_executor.py took 2.008 seconds
[2025-04-11T19:46:57.247+0000] {processor.py:186} INFO - Started process (PID=188) to work on /home/airflow/.local/lib/python3.12/site-packages/airflow/example_dags/example_kubernetes_executor.py
[2025-04-11T19:46:57.250+0000] {processor.py:914} INFO - Processing file /home/airflow/.local/lib/python3.12/site-packages/airflow/example_dags/example_kubernetes_executor.py for tasks to queue
[2025-04-11T19:46:57.257+0000] {logging_mixin.py:190} INFO - [2025-04-11T19:46:57.256+0000] {dagbag.py:588} INFO - Filling up the DagBag from /home/airflow/.local/lib/python3.12/site-packages/airflow/example_dags/example_kubernetes_executor.py
[2025-04-11T19:46:57.292+0000] {processor.py:925} INFO - DAG(s) 'example_kubernetes_executor' retrieved from /home/airflow/.local/lib/python3.12/site-packages/airflow/example_dags/example_kubernetes_executor.py
[2025-04-11T19:46:57.364+0000] {logging_mixin.py:190} INFO - [2025-04-11T19:46:57.363+0000] {dag.py:3239} INFO - Sync 1 DAGs
[2025-04-11T19:46:57.402+0000] {logging_mixin.py:190} INFO - [2025-04-11T19:46:57.401+0000] {dag.py:4180} INFO - Setting next_dagrun for example_kubernetes_executor to None, run_after=None
[2025-04-11T19:46:57.450+0000] {processor.py:208} INFO - Processing /home/airflow/.local/lib/python3.12/site-packages/airflow/example_dags/example_kubernetes_executor.py took 0.217 seconds
[2025-04-11T19:48:09.522+0000] {processor.py:186} INFO - Started process (PID=264) to work on /home/airflow/.local/lib/python3.12/site-packages/airflow/example_dags/example_kubernetes_executor.py
[2025-04-11T19:48:09.544+0000] {processor.py:914} INFO - Processing file /home/airflow/.local/lib/python3.12/site-packages/airflow/example_dags/example_kubernetes_executor.py for tasks to queue
[2025-04-11T19:48:09.562+0000] {logging_mixin.py:190} INFO - [2025-04-11T19:48:09.560+0000] {dagbag.py:588} INFO - Filling up the DagBag from /home/airflow/.local/lib/python3.12/site-packages/airflow/example_dags/example_kubernetes_executor.py
[2025-04-11T19:48:09.990+0000] {processor.py:925} INFO - DAG(s) 'example_kubernetes_executor' retrieved from /home/airflow/.local/lib/python3.12/site-packages/airflow/example_dags/example_kubernetes_executor.py
[2025-04-11T19:48:10.400+0000] {logging_mixin.py:190} INFO - [2025-04-11T19:48:10.399+0000] {dag.py:3239} INFO - Sync 1 DAGs
[2025-04-11T19:48:10.650+0000] {logging_mixin.py:190} INFO - [2025-04-11T19:48:10.645+0000] {dag.py:4180} INFO - Setting next_dagrun for example_kubernetes_executor to None, run_after=None
[2025-04-11T19:48:11.116+0000] {processor.py:208} INFO - Processing /home/airflow/.local/lib/python3.12/site-packages/airflow/example_dags/example_kubernetes_executor.py took 1.646 seconds
[2025-04-11T19:53:27.559+0000] {processor.py:186} INFO - Started process (PID=115) to work on /home/airflow/.local/lib/python3.12/site-packages/airflow/example_dags/example_kubernetes_executor.py
[2025-04-11T19:53:27.570+0000] {processor.py:914} INFO - Processing file /home/airflow/.local/lib/python3.12/site-packages/airflow/example_dags/example_kubernetes_executor.py for tasks to queue
[2025-04-11T19:53:27.578+0000] {logging_mixin.py:190} INFO - [2025-04-11T19:53:27.577+0000] {dagbag.py:588} INFO - Filling up the DagBag from /home/airflow/.local/lib/python3.12/site-packages/airflow/example_dags/example_kubernetes_executor.py
[2025-04-11T19:53:27.772+0000] {processor.py:925} INFO - DAG(s) 'example_kubernetes_executor' retrieved from /home/airflow/.local/lib/python3.12/site-packages/airflow/example_dags/example_kubernetes_executor.py
[2025-04-11T19:53:28.365+0000] {logging_mixin.py:190} INFO - [2025-04-11T19:53:28.351+0000] {dag.py:3239} INFO - Sync 1 DAGs
[2025-04-11T19:53:28.488+0000] {logging_mixin.py:190} INFO - [2025-04-11T19:53:28.488+0000] {dag.py:4180} INFO - Setting next_dagrun for example_kubernetes_executor to None, run_after=None
[2025-04-11T19:53:29.129+0000] {processor.py:208} INFO - Processing /home/airflow/.local/lib/python3.12/site-packages/airflow/example_dags/example_kubernetes_executor.py took 1.663 seconds
[2025-04-11T19:54:29.927+0000] {processor.py:186} INFO - Started process (PID=185) to work on /home/airflow/.local/lib/python3.12/site-packages/airflow/example_dags/example_kubernetes_executor.py
[2025-04-11T19:54:29.936+0000] {processor.py:914} INFO - Processing file /home/airflow/.local/lib/python3.12/site-packages/airflow/example_dags/example_kubernetes_executor.py for tasks to queue
[2025-04-11T19:54:29.955+0000] {logging_mixin.py:190} INFO - [2025-04-11T19:54:29.954+0000] {dagbag.py:588} INFO - Filling up the DagBag from /home/airflow/.local/lib/python3.12/site-packages/airflow/example_dags/example_kubernetes_executor.py
[2025-04-11T19:54:30.086+0000] {processor.py:925} INFO - DAG(s) 'example_kubernetes_executor' retrieved from /home/airflow/.local/lib/python3.12/site-packages/airflow/example_dags/example_kubernetes_executor.py
[2025-04-11T19:54:30.163+0000] {logging_mixin.py:190} INFO - [2025-04-11T19:54:30.163+0000] {dag.py:3239} INFO - Sync 1 DAGs
[2025-04-11T19:54:30.225+0000] {logging_mixin.py:190} INFO - [2025-04-11T19:54:30.224+0000] {dag.py:4180} INFO - Setting next_dagrun for example_kubernetes_executor to None, run_after=None
[2025-04-11T19:54:30.366+0000] {processor.py:208} INFO - Processing /home/airflow/.local/lib/python3.12/site-packages/airflow/example_dags/example_kubernetes_executor.py took 0.472 seconds
[2025-04-11T19:55:04.054+0000] {processor.py:186} INFO - Started process (PID=248) to work on /home/airflow/.local/lib/python3.12/site-packages/airflow/example_dags/example_kubernetes_executor.py
[2025-04-11T19:55:04.056+0000] {processor.py:914} INFO - Processing file /home/airflow/.local/lib/python3.12/site-packages/airflow/example_dags/example_kubernetes_executor.py for tasks to queue
[2025-04-11T19:55:04.061+0000] {logging_mixin.py:190} INFO - [2025-04-11T19:55:04.060+0000] {dagbag.py:588} INFO - Filling up the DagBag from /home/airflow/.local/lib/python3.12/site-packages/airflow/example_dags/example_kubernetes_executor.py
[2025-04-11T19:55:04.084+0000] {processor.py:925} INFO - DAG(s) 'example_kubernetes_executor' retrieved from /home/airflow/.local/lib/python3.12/site-packages/airflow/example_dags/example_kubernetes_executor.py
[2025-04-11T19:55:04.127+0000] {logging_mixin.py:190} INFO - [2025-04-11T19:55:04.127+0000] {dag.py:3239} INFO - Sync 1 DAGs
[2025-04-11T19:55:04.151+0000] {logging_mixin.py:190} INFO - [2025-04-11T19:55:04.150+0000] {dag.py:4180} INFO - Setting next_dagrun for example_kubernetes_executor to None, run_after=None
[2025-04-11T19:55:04.185+0000] {processor.py:208} INFO - Processing /home/airflow/.local/lib/python3.12/site-packages/airflow/example_dags/example_kubernetes_executor.py took 0.141 seconds
[2025-04-11T19:56:15.225+0000] {processor.py:186} INFO - Started process (PID=318) to work on /home/airflow/.local/lib/python3.12/site-packages/airflow/example_dags/example_kubernetes_executor.py
[2025-04-11T19:56:15.234+0000] {processor.py:914} INFO - Processing file /home/airflow/.local/lib/python3.12/site-packages/airflow/example_dags/example_kubernetes_executor.py for tasks to queue
[2025-04-11T19:56:15.239+0000] {logging_mixin.py:190} INFO - [2025-04-11T19:56:15.238+0000] {dagbag.py:588} INFO - Filling up the DagBag from /home/airflow/.local/lib/python3.12/site-packages/airflow/example_dags/example_kubernetes_executor.py
[2025-04-11T19:56:15.400+0000] {processor.py:925} INFO - DAG(s) 'example_kubernetes_executor' retrieved from /home/airflow/.local/lib/python3.12/site-packages/airflow/example_dags/example_kubernetes_executor.py
[2025-04-11T19:56:15.528+0000] {logging_mixin.py:190} INFO - [2025-04-11T19:56:15.527+0000] {dag.py:3239} INFO - Sync 1 DAGs
[2025-04-11T19:56:15.890+0000] {logging_mixin.py:190} INFO - [2025-04-11T19:56:15.890+0000] {dag.py:4180} INFO - Setting next_dagrun for example_kubernetes_executor to None, run_after=None
[2025-04-11T19:56:15.979+0000] {processor.py:208} INFO - Processing /home/airflow/.local/lib/python3.12/site-packages/airflow/example_dags/example_kubernetes_executor.py took 0.788 seconds
[2025-04-11T19:56:46.455+0000] {processor.py:186} INFO - Started process (PID=381) to work on /home/airflow/.local/lib/python3.12/site-packages/airflow/example_dags/example_kubernetes_executor.py
[2025-04-11T19:56:46.525+0000] {processor.py:914} INFO - Processing file /home/airflow/.local/lib/python3.12/site-packages/airflow/example_dags/example_kubernetes_executor.py for tasks to queue
[2025-04-11T19:56:46.556+0000] {logging_mixin.py:190} INFO - [2025-04-11T19:56:46.554+0000] {dagbag.py:588} INFO - Filling up the DagBag from /home/airflow/.local/lib/python3.12/site-packages/airflow/example_dags/example_kubernetes_executor.py
[2025-04-11T19:56:46.743+0000] {processor.py:925} INFO - DAG(s) 'example_kubernetes_executor' retrieved from /home/airflow/.local/lib/python3.12/site-packages/airflow/example_dags/example_kubernetes_executor.py
[2025-04-11T19:56:47.059+0000] {logging_mixin.py:190} INFO - [2025-04-11T19:56:47.015+0000] {dag.py:3239} INFO - Sync 1 DAGs
[2025-04-11T19:56:47.232+0000] {logging_mixin.py:190} INFO - [2025-04-11T19:56:47.231+0000] {dag.py:4180} INFO - Setting next_dagrun for example_kubernetes_executor to None, run_after=None
[2025-04-11T19:56:47.665+0000] {processor.py:208} INFO - Processing /home/airflow/.local/lib/python3.12/site-packages/airflow/example_dags/example_kubernetes_executor.py took 1.241 seconds
[2025-04-11T19:59:33.162+0000] {processor.py:186} INFO - Started process (PID=99) to work on /home/airflow/.local/lib/python3.12/site-packages/airflow/example_dags/example_kubernetes_executor.py
[2025-04-11T19:59:33.169+0000] {processor.py:914} INFO - Processing file /home/airflow/.local/lib/python3.12/site-packages/airflow/example_dags/example_kubernetes_executor.py for tasks to queue
[2025-04-11T19:59:33.177+0000] {logging_mixin.py:190} INFO - [2025-04-11T19:59:33.176+0000] {dagbag.py:588} INFO - Filling up the DagBag from /home/airflow/.local/lib/python3.12/site-packages/airflow/example_dags/example_kubernetes_executor.py
[2025-04-11T19:59:33.230+0000] {processor.py:925} INFO - DAG(s) 'example_kubernetes_executor' retrieved from /home/airflow/.local/lib/python3.12/site-packages/airflow/example_dags/example_kubernetes_executor.py
[2025-04-11T19:59:33.355+0000] {logging_mixin.py:190} INFO - [2025-04-11T19:59:33.354+0000] {dag.py:3239} INFO - Sync 1 DAGs
[2025-04-11T19:59:33.438+0000] {logging_mixin.py:190} INFO - [2025-04-11T19:59:33.437+0000] {dag.py:4180} INFO - Setting next_dagrun for example_kubernetes_executor to None, run_after=None
[2025-04-11T19:59:33.523+0000] {processor.py:208} INFO - Processing /home/airflow/.local/lib/python3.12/site-packages/airflow/example_dags/example_kubernetes_executor.py took 0.377 seconds
[2025-04-11T20:00:15.960+0000] {processor.py:186} INFO - Started process (PID=169) to work on /home/airflow/.local/lib/python3.12/site-packages/airflow/example_dags/example_kubernetes_executor.py
[2025-04-11T20:00:15.968+0000] {processor.py:914} INFO - Processing file /home/airflow/.local/lib/python3.12/site-packages/airflow/example_dags/example_kubernetes_executor.py for tasks to queue
[2025-04-11T20:00:15.984+0000] {logging_mixin.py:190} INFO - [2025-04-11T20:00:15.982+0000] {dagbag.py:588} INFO - Filling up the DagBag from /home/airflow/.local/lib/python3.12/site-packages/airflow/example_dags/example_kubernetes_executor.py
[2025-04-11T20:00:16.270+0000] {processor.py:925} INFO - DAG(s) 'example_kubernetes_executor' retrieved from /home/airflow/.local/lib/python3.12/site-packages/airflow/example_dags/example_kubernetes_executor.py
[2025-04-11T20:00:16.832+0000] {logging_mixin.py:190} INFO - [2025-04-11T20:00:16.829+0000] {dag.py:3239} INFO - Sync 1 DAGs
[2025-04-11T20:00:17.053+0000] {logging_mixin.py:190} INFO - [2025-04-11T20:00:17.052+0000] {dag.py:4180} INFO - Setting next_dagrun for example_kubernetes_executor to None, run_after=None
[2025-04-11T20:00:17.171+0000] {processor.py:208} INFO - Processing /home/airflow/.local/lib/python3.12/site-packages/airflow/example_dags/example_kubernetes_executor.py took 1.320 seconds
[2025-04-11T20:14:06.163+0000] {processor.py:186} INFO - Started process (PID=114) to work on /home/airflow/.local/lib/python3.12/site-packages/airflow/example_dags/example_kubernetes_executor.py
[2025-04-11T20:14:06.168+0000] {processor.py:914} INFO - Processing file /home/airflow/.local/lib/python3.12/site-packages/airflow/example_dags/example_kubernetes_executor.py for tasks to queue
[2025-04-11T20:14:06.184+0000] {logging_mixin.py:190} INFO - [2025-04-11T20:14:06.179+0000] {dagbag.py:588} INFO - Filling up the DagBag from /home/airflow/.local/lib/python3.12/site-packages/airflow/example_dags/example_kubernetes_executor.py
[2025-04-11T20:14:06.236+0000] {processor.py:925} INFO - DAG(s) 'example_kubernetes_executor' retrieved from /home/airflow/.local/lib/python3.12/site-packages/airflow/example_dags/example_kubernetes_executor.py
[2025-04-11T20:14:06.364+0000] {logging_mixin.py:190} INFO - [2025-04-11T20:14:06.363+0000] {dag.py:3239} INFO - Sync 1 DAGs
[2025-04-11T20:14:06.453+0000] {logging_mixin.py:190} INFO - [2025-04-11T20:14:06.453+0000] {dag.py:4180} INFO - Setting next_dagrun for example_kubernetes_executor to None, run_after=None
[2025-04-11T20:14:06.595+0000] {processor.py:208} INFO - Processing /home/airflow/.local/lib/python3.12/site-packages/airflow/example_dags/example_kubernetes_executor.py took 0.461 seconds
[2025-04-11T20:15:48.561+0000] {processor.py:186} INFO - Started process (PID=190) to work on /home/airflow/.local/lib/python3.12/site-packages/airflow/example_dags/example_kubernetes_executor.py
[2025-04-11T20:15:48.565+0000] {processor.py:914} INFO - Processing file /home/airflow/.local/lib/python3.12/site-packages/airflow/example_dags/example_kubernetes_executor.py for tasks to queue
[2025-04-11T20:15:48.588+0000] {logging_mixin.py:190} INFO - [2025-04-11T20:15:48.588+0000] {dagbag.py:588} INFO - Filling up the DagBag from /home/airflow/.local/lib/python3.12/site-packages/airflow/example_dags/example_kubernetes_executor.py
[2025-04-11T20:15:48.693+0000] {processor.py:925} INFO - DAG(s) 'example_kubernetes_executor' retrieved from /home/airflow/.local/lib/python3.12/site-packages/airflow/example_dags/example_kubernetes_executor.py
[2025-04-11T20:15:48.881+0000] {logging_mixin.py:190} INFO - [2025-04-11T20:15:48.880+0000] {dag.py:3239} INFO - Sync 1 DAGs
[2025-04-11T20:15:48.968+0000] {logging_mixin.py:190} INFO - [2025-04-11T20:15:48.968+0000] {dag.py:4180} INFO - Setting next_dagrun for example_kubernetes_executor to None, run_after=None
[2025-04-11T20:15:49.079+0000] {processor.py:208} INFO - Processing /home/airflow/.local/lib/python3.12/site-packages/airflow/example_dags/example_kubernetes_executor.py took 0.573 seconds
[2025-04-11T20:16:35.669+0000] {processor.py:186} INFO - Started process (PID=259) to work on /home/airflow/.local/lib/python3.12/site-packages/airflow/example_dags/example_kubernetes_executor.py
[2025-04-11T20:16:35.682+0000] {processor.py:914} INFO - Processing file /home/airflow/.local/lib/python3.12/site-packages/airflow/example_dags/example_kubernetes_executor.py for tasks to queue
[2025-04-11T20:16:35.694+0000] {logging_mixin.py:190} INFO - [2025-04-11T20:16:35.691+0000] {dagbag.py:588} INFO - Filling up the DagBag from /home/airflow/.local/lib/python3.12/site-packages/airflow/example_dags/example_kubernetes_executor.py
[2025-04-11T20:16:35.934+0000] {processor.py:925} INFO - DAG(s) 'example_kubernetes_executor' retrieved from /home/airflow/.local/lib/python3.12/site-packages/airflow/example_dags/example_kubernetes_executor.py
[2025-04-11T20:16:36.053+0000] {logging_mixin.py:190} INFO - [2025-04-11T20:16:36.053+0000] {dag.py:3239} INFO - Sync 1 DAGs
[2025-04-11T20:16:36.125+0000] {logging_mixin.py:190} INFO - [2025-04-11T20:16:36.125+0000] {dag.py:4180} INFO - Setting next_dagrun for example_kubernetes_executor to None, run_after=None
[2025-04-11T20:16:36.328+0000] {processor.py:208} INFO - Processing /home/airflow/.local/lib/python3.12/site-packages/airflow/example_dags/example_kubernetes_executor.py took 0.856 seconds
[2025-04-11T20:17:12.358+0000] {processor.py:186} INFO - Started process (PID=326) to work on /home/airflow/.local/lib/python3.12/site-packages/airflow/example_dags/example_kubernetes_executor.py
[2025-04-11T20:17:12.366+0000] {processor.py:914} INFO - Processing file /home/airflow/.local/lib/python3.12/site-packages/airflow/example_dags/example_kubernetes_executor.py for tasks to queue
[2025-04-11T20:17:12.375+0000] {logging_mixin.py:190} INFO - [2025-04-11T20:17:12.374+0000] {dagbag.py:588} INFO - Filling up the DagBag from /home/airflow/.local/lib/python3.12/site-packages/airflow/example_dags/example_kubernetes_executor.py
[2025-04-11T20:17:12.513+0000] {processor.py:925} INFO - DAG(s) 'example_kubernetes_executor' retrieved from /home/airflow/.local/lib/python3.12/site-packages/airflow/example_dags/example_kubernetes_executor.py
[2025-04-11T20:17:12.726+0000] {logging_mixin.py:190} INFO - [2025-04-11T20:17:12.726+0000] {dag.py:3239} INFO - Sync 1 DAGs
[2025-04-11T20:17:12.840+0000] {logging_mixin.py:190} INFO - [2025-04-11T20:17:12.839+0000] {dag.py:4180} INFO - Setting next_dagrun for example_kubernetes_executor to None, run_after=None
[2025-04-11T20:17:12.973+0000] {processor.py:208} INFO - Processing /home/airflow/.local/lib/python3.12/site-packages/airflow/example_dags/example_kubernetes_executor.py took 0.646 seconds
[2025-04-11T20:17:43.119+0000] {processor.py:186} INFO - Started process (PID=389) to work on /home/airflow/.local/lib/python3.12/site-packages/airflow/example_dags/example_kubernetes_executor.py
[2025-04-11T20:17:43.123+0000] {processor.py:914} INFO - Processing file /home/airflow/.local/lib/python3.12/site-packages/airflow/example_dags/example_kubernetes_executor.py for tasks to queue
[2025-04-11T20:17:43.134+0000] {logging_mixin.py:190} INFO - [2025-04-11T20:17:43.131+0000] {dagbag.py:588} INFO - Filling up the DagBag from /home/airflow/.local/lib/python3.12/site-packages/airflow/example_dags/example_kubernetes_executor.py
[2025-04-11T20:17:43.344+0000] {processor.py:925} INFO - DAG(s) 'example_kubernetes_executor' retrieved from /home/airflow/.local/lib/python3.12/site-packages/airflow/example_dags/example_kubernetes_executor.py
[2025-04-11T20:17:43.592+0000] {logging_mixin.py:190} INFO - [2025-04-11T20:17:43.592+0000] {dag.py:3239} INFO - Sync 1 DAGs
[2025-04-11T20:17:43.809+0000] {logging_mixin.py:190} INFO - [2025-04-11T20:17:43.809+0000] {dag.py:4180} INFO - Setting next_dagrun for example_kubernetes_executor to None, run_after=None
[2025-04-11T20:17:43.865+0000] {processor.py:208} INFO - Processing /home/airflow/.local/lib/python3.12/site-packages/airflow/example_dags/example_kubernetes_executor.py took 0.763 seconds
[2025-04-11T20:24:03.983+0000] {processor.py:186} INFO - Started process (PID=129) to work on /home/airflow/.local/lib/python3.12/site-packages/airflow/example_dags/example_kubernetes_executor.py
[2025-04-11T20:24:04.004+0000] {processor.py:914} INFO - Processing file /home/airflow/.local/lib/python3.12/site-packages/airflow/example_dags/example_kubernetes_executor.py for tasks to queue
[2025-04-11T20:24:04.028+0000] {logging_mixin.py:190} INFO - [2025-04-11T20:24:04.028+0000] {dagbag.py:588} INFO - Filling up the DagBag from /home/airflow/.local/lib/python3.12/site-packages/airflow/example_dags/example_kubernetes_executor.py
[2025-04-11T20:24:04.232+0000] {processor.py:925} INFO - DAG(s) 'example_kubernetes_executor' retrieved from /home/airflow/.local/lib/python3.12/site-packages/airflow/example_dags/example_kubernetes_executor.py
[2025-04-11T20:24:05.953+0000] {logging_mixin.py:190} INFO - [2025-04-11T20:24:05.948+0000] {override.py:1912} INFO - Created Permission View: can read on DAG:example_kubernetes_executor
[2025-04-11T20:24:06.069+0000] {logging_mixin.py:190} INFO - [2025-04-11T20:24:06.068+0000] {override.py:1912} INFO - Created Permission View: can edit on DAG:example_kubernetes_executor
[2025-04-11T20:24:06.178+0000] {logging_mixin.py:190} INFO - [2025-04-11T20:24:06.172+0000] {override.py:1912} INFO - Created Permission View: can delete on DAG:example_kubernetes_executor
[2025-04-11T20:24:06.269+0000] {logging_mixin.py:190} INFO - [2025-04-11T20:24:06.258+0000] {override.py:1912} INFO - Created Permission View: can create on DAG Run:example_kubernetes_executor
[2025-04-11T20:24:06.390+0000] {logging_mixin.py:190} INFO - [2025-04-11T20:24:06.388+0000] {override.py:1912} INFO - Created Permission View: can read on DAG Run:example_kubernetes_executor
[2025-04-11T20:24:06.440+0000] {logging_mixin.py:190} INFO - [2025-04-11T20:24:06.440+0000] {override.py:1912} INFO - Created Permission View: can delete on DAG Run:example_kubernetes_executor
[2025-04-11T20:24:06.497+0000] {logging_mixin.py:190} INFO - [2025-04-11T20:24:06.497+0000] {override.py:1912} INFO - Created Permission View: menu access on DAG Run:example_kubernetes_executor
[2025-04-11T20:24:06.514+0000] {logging_mixin.py:190} INFO - [2025-04-11T20:24:06.514+0000] {dag.py:3239} INFO - Sync 1 DAGs
[2025-04-11T20:24:06.688+0000] {logging_mixin.py:190} INFO - [2025-04-11T20:24:06.687+0000] {dag.py:3262} INFO - Creating ORM DAG for example_kubernetes_executor
[2025-04-11T20:24:06.698+0000] {logging_mixin.py:190} INFO - [2025-04-11T20:24:06.692+0000] {dag.py:4180} INFO - Setting next_dagrun for example_kubernetes_executor to None, run_after=None
[2025-04-11T20:24:06.863+0000] {processor.py:208} INFO - Processing /home/airflow/.local/lib/python3.12/site-packages/airflow/example_dags/example_kubernetes_executor.py took 2.966 seconds
[2025-04-11T20:25:02.093+0000] {processor.py:186} INFO - Started process (PID=192) to work on /home/airflow/.local/lib/python3.12/site-packages/airflow/example_dags/example_kubernetes_executor.py
[2025-04-11T20:25:02.099+0000] {processor.py:914} INFO - Processing file /home/airflow/.local/lib/python3.12/site-packages/airflow/example_dags/example_kubernetes_executor.py for tasks to queue
[2025-04-11T20:25:02.108+0000] {logging_mixin.py:190} INFO - [2025-04-11T20:25:02.107+0000] {dagbag.py:588} INFO - Filling up the DagBag from /home/airflow/.local/lib/python3.12/site-packages/airflow/example_dags/example_kubernetes_executor.py
[2025-04-11T20:25:02.189+0000] {processor.py:925} INFO - DAG(s) 'example_kubernetes_executor' retrieved from /home/airflow/.local/lib/python3.12/site-packages/airflow/example_dags/example_kubernetes_executor.py
[2025-04-11T20:25:02.287+0000] {logging_mixin.py:190} INFO - [2025-04-11T20:25:02.286+0000] {dag.py:3239} INFO - Sync 1 DAGs
[2025-04-11T20:25:02.331+0000] {logging_mixin.py:190} INFO - [2025-04-11T20:25:02.331+0000] {dag.py:4180} INFO - Setting next_dagrun for example_kubernetes_executor to None, run_after=None
[2025-04-11T20:25:02.396+0000] {processor.py:208} INFO - Processing /home/airflow/.local/lib/python3.12/site-packages/airflow/example_dags/example_kubernetes_executor.py took 0.340 seconds
[2025-04-11T20:25:33.581+0000] {processor.py:186} INFO - Started process (PID=255) to work on /home/airflow/.local/lib/python3.12/site-packages/airflow/example_dags/example_kubernetes_executor.py
[2025-04-11T20:25:33.586+0000] {processor.py:914} INFO - Processing file /home/airflow/.local/lib/python3.12/site-packages/airflow/example_dags/example_kubernetes_executor.py for tasks to queue
[2025-04-11T20:25:33.597+0000] {logging_mixin.py:190} INFO - [2025-04-11T20:25:33.596+0000] {dagbag.py:588} INFO - Filling up the DagBag from /home/airflow/.local/lib/python3.12/site-packages/airflow/example_dags/example_kubernetes_executor.py
[2025-04-11T20:25:33.670+0000] {processor.py:925} INFO - DAG(s) 'example_kubernetes_executor' retrieved from /home/airflow/.local/lib/python3.12/site-packages/airflow/example_dags/example_kubernetes_executor.py
[2025-04-11T20:25:33.933+0000] {logging_mixin.py:190} INFO - [2025-04-11T20:25:33.932+0000] {dag.py:3239} INFO - Sync 1 DAGs
[2025-04-11T20:25:34.273+0000] {logging_mixin.py:190} INFO - [2025-04-11T20:25:34.269+0000] {dag.py:4180} INFO - Setting next_dagrun for example_kubernetes_executor to None, run_after=None
[2025-04-11T20:25:34.366+0000] {processor.py:208} INFO - Processing /home/airflow/.local/lib/python3.12/site-packages/airflow/example_dags/example_kubernetes_executor.py took 0.823 seconds
[2025-04-11T20:28:38.496+0000] {processor.py:186} INFO - Started process (PID=100) to work on /home/airflow/.local/lib/python3.12/site-packages/airflow/example_dags/example_kubernetes_executor.py
[2025-04-11T20:28:38.509+0000] {processor.py:914} INFO - Processing file /home/airflow/.local/lib/python3.12/site-packages/airflow/example_dags/example_kubernetes_executor.py for tasks to queue
[2025-04-11T20:28:38.631+0000] {logging_mixin.py:190} INFO - [2025-04-11T20:28:38.620+0000] {dagbag.py:588} INFO - Filling up the DagBag from /home/airflow/.local/lib/python3.12/site-packages/airflow/example_dags/example_kubernetes_executor.py
[2025-04-11T20:28:38.826+0000] {processor.py:925} INFO - DAG(s) 'example_kubernetes_executor' retrieved from /home/airflow/.local/lib/python3.12/site-packages/airflow/example_dags/example_kubernetes_executor.py
[2025-04-11T20:28:38.983+0000] {logging_mixin.py:190} INFO - [2025-04-11T20:28:38.982+0000] {dag.py:3239} INFO - Sync 1 DAGs
[2025-04-11T20:28:39.079+0000] {logging_mixin.py:190} INFO - [2025-04-11T20:28:39.078+0000] {dag.py:4180} INFO - Setting next_dagrun for example_kubernetes_executor to None, run_after=None
[2025-04-11T20:28:39.206+0000] {processor.py:208} INFO - Processing /home/airflow/.local/lib/python3.12/site-packages/airflow/example_dags/example_kubernetes_executor.py took 0.739 seconds
[2025-04-11T20:29:15.324+0000] {processor.py:186} INFO - Started process (PID=163) to work on /home/airflow/.local/lib/python3.12/site-packages/airflow/example_dags/example_kubernetes_executor.py
[2025-04-11T20:29:15.329+0000] {processor.py:914} INFO - Processing file /home/airflow/.local/lib/python3.12/site-packages/airflow/example_dags/example_kubernetes_executor.py for tasks to queue
[2025-04-11T20:29:15.337+0000] {logging_mixin.py:190} INFO - [2025-04-11T20:29:15.336+0000] {dagbag.py:588} INFO - Filling up the DagBag from /home/airflow/.local/lib/python3.12/site-packages/airflow/example_dags/example_kubernetes_executor.py
[2025-04-11T20:29:15.368+0000] {processor.py:925} INFO - DAG(s) 'example_kubernetes_executor' retrieved from /home/airflow/.local/lib/python3.12/site-packages/airflow/example_dags/example_kubernetes_executor.py
[2025-04-11T20:29:15.424+0000] {logging_mixin.py:190} INFO - [2025-04-11T20:29:15.423+0000] {dag.py:3239} INFO - Sync 1 DAGs
[2025-04-11T20:29:15.513+0000] {logging_mixin.py:190} INFO - [2025-04-11T20:29:15.512+0000] {dag.py:4180} INFO - Setting next_dagrun for example_kubernetes_executor to None, run_after=None
[2025-04-11T20:29:15.610+0000] {processor.py:208} INFO - Processing /home/airflow/.local/lib/python3.12/site-packages/airflow/example_dags/example_kubernetes_executor.py took 0.304 seconds
[2025-04-11T20:29:46.613+0000] {processor.py:186} INFO - Started process (PID=226) to work on /home/airflow/.local/lib/python3.12/site-packages/airflow/example_dags/example_kubernetes_executor.py
[2025-04-11T20:29:46.617+0000] {processor.py:914} INFO - Processing file /home/airflow/.local/lib/python3.12/site-packages/airflow/example_dags/example_kubernetes_executor.py for tasks to queue
[2025-04-11T20:29:46.629+0000] {logging_mixin.py:190} INFO - [2025-04-11T20:29:46.625+0000] {dagbag.py:588} INFO - Filling up the DagBag from /home/airflow/.local/lib/python3.12/site-packages/airflow/example_dags/example_kubernetes_executor.py
[2025-04-11T20:29:46.709+0000] {processor.py:925} INFO - DAG(s) 'example_kubernetes_executor' retrieved from /home/airflow/.local/lib/python3.12/site-packages/airflow/example_dags/example_kubernetes_executor.py
[2025-04-11T20:29:46.827+0000] {logging_mixin.py:190} INFO - [2025-04-11T20:29:46.826+0000] {dag.py:3239} INFO - Sync 1 DAGs
[2025-04-11T20:29:46.880+0000] {logging_mixin.py:190} INFO - [2025-04-11T20:29:46.880+0000] {dag.py:4180} INFO - Setting next_dagrun for example_kubernetes_executor to None, run_after=None
[2025-04-11T20:29:46.973+0000] {processor.py:208} INFO - Processing /home/airflow/.local/lib/python3.12/site-packages/airflow/example_dags/example_kubernetes_executor.py took 0.394 seconds
[2025-04-11T20:30:51.608+0000] {processor.py:186} INFO - Started process (PID=287) to work on /home/airflow/.local/lib/python3.12/site-packages/airflow/example_dags/example_kubernetes_executor.py
[2025-04-11T20:30:51.614+0000] {processor.py:914} INFO - Processing file /home/airflow/.local/lib/python3.12/site-packages/airflow/example_dags/example_kubernetes_executor.py for tasks to queue
[2025-04-11T20:30:51.644+0000] {logging_mixin.py:190} INFO - [2025-04-11T20:30:51.643+0000] {dagbag.py:588} INFO - Filling up the DagBag from /home/airflow/.local/lib/python3.12/site-packages/airflow/example_dags/example_kubernetes_executor.py
[2025-04-11T20:30:51.755+0000] {processor.py:925} INFO - DAG(s) 'example_kubernetes_executor' retrieved from /home/airflow/.local/lib/python3.12/site-packages/airflow/example_dags/example_kubernetes_executor.py
[2025-04-11T20:30:51.948+0000] {logging_mixin.py:190} INFO - [2025-04-11T20:30:51.948+0000] {dag.py:3239} INFO - Sync 1 DAGs
[2025-04-11T20:30:52.056+0000] {logging_mixin.py:190} INFO - [2025-04-11T20:30:52.055+0000] {dag.py:4180} INFO - Setting next_dagrun for example_kubernetes_executor to None, run_after=None
[2025-04-11T20:30:52.192+0000] {processor.py:208} INFO - Processing /home/airflow/.local/lib/python3.12/site-packages/airflow/example_dags/example_kubernetes_executor.py took 0.630 seconds
[2025-04-11T20:31:25.671+0000] {processor.py:186} INFO - Started process (PID=357) to work on /home/airflow/.local/lib/python3.12/site-packages/airflow/example_dags/example_kubernetes_executor.py
[2025-04-11T20:31:25.675+0000] {processor.py:914} INFO - Processing file /home/airflow/.local/lib/python3.12/site-packages/airflow/example_dags/example_kubernetes_executor.py for tasks to queue
[2025-04-11T20:31:25.681+0000] {logging_mixin.py:190} INFO - [2025-04-11T20:31:25.680+0000] {dagbag.py:588} INFO - Filling up the DagBag from /home/airflow/.local/lib/python3.12/site-packages/airflow/example_dags/example_kubernetes_executor.py
[2025-04-11T20:31:25.744+0000] {processor.py:925} INFO - DAG(s) 'example_kubernetes_executor' retrieved from /home/airflow/.local/lib/python3.12/site-packages/airflow/example_dags/example_kubernetes_executor.py
[2025-04-11T20:31:25.823+0000] {logging_mixin.py:190} INFO - [2025-04-11T20:31:25.822+0000] {dag.py:3239} INFO - Sync 1 DAGs
[2025-04-11T20:31:25.878+0000] {logging_mixin.py:190} INFO - [2025-04-11T20:31:25.877+0000] {dag.py:4180} INFO - Setting next_dagrun for example_kubernetes_executor to None, run_after=None
[2025-04-11T20:31:25.932+0000] {processor.py:208} INFO - Processing /home/airflow/.local/lib/python3.12/site-packages/airflow/example_dags/example_kubernetes_executor.py took 0.281 seconds
[2025-04-11T20:31:56.395+0000] {processor.py:186} INFO - Started process (PID=420) to work on /home/airflow/.local/lib/python3.12/site-packages/airflow/example_dags/example_kubernetes_executor.py
[2025-04-11T20:31:56.398+0000] {processor.py:914} INFO - Processing file /home/airflow/.local/lib/python3.12/site-packages/airflow/example_dags/example_kubernetes_executor.py for tasks to queue
[2025-04-11T20:31:56.403+0000] {logging_mixin.py:190} INFO - [2025-04-11T20:31:56.403+0000] {dagbag.py:588} INFO - Filling up the DagBag from /home/airflow/.local/lib/python3.12/site-packages/airflow/example_dags/example_kubernetes_executor.py
[2025-04-11T20:31:56.445+0000] {processor.py:925} INFO - DAG(s) 'example_kubernetes_executor' retrieved from /home/airflow/.local/lib/python3.12/site-packages/airflow/example_dags/example_kubernetes_executor.py
[2025-04-11T20:31:56.492+0000] {logging_mixin.py:190} INFO - [2025-04-11T20:31:56.492+0000] {dag.py:3239} INFO - Sync 1 DAGs
[2025-04-11T20:31:56.520+0000] {logging_mixin.py:190} INFO - [2025-04-11T20:31:56.520+0000] {dag.py:4180} INFO - Setting next_dagrun for example_kubernetes_executor to None, run_after=None
[2025-04-11T20:31:56.558+0000] {processor.py:208} INFO - Processing /home/airflow/.local/lib/python3.12/site-packages/airflow/example_dags/example_kubernetes_executor.py took 0.175 seconds
[2025-04-11T20:32:48.972+0000] {processor.py:186} INFO - Started process (PID=488) to work on /home/airflow/.local/lib/python3.12/site-packages/airflow/example_dags/example_kubernetes_executor.py
[2025-04-11T20:32:49.106+0000] {processor.py:914} INFO - Processing file /home/airflow/.local/lib/python3.12/site-packages/airflow/example_dags/example_kubernetes_executor.py for tasks to queue
[2025-04-11T20:32:49.200+0000] {logging_mixin.py:190} INFO - [2025-04-11T20:32:49.147+0000] {dagbag.py:588} INFO - Filling up the DagBag from /home/airflow/.local/lib/python3.12/site-packages/airflow/example_dags/example_kubernetes_executor.py
[2025-04-11T20:32:50.048+0000] {processor.py:925} INFO - DAG(s) 'example_kubernetes_executor' retrieved from /home/airflow/.local/lib/python3.12/site-packages/airflow/example_dags/example_kubernetes_executor.py
[2025-04-11T20:32:50.364+0000] {logging_mixin.py:190} INFO - [2025-04-11T20:32:50.364+0000] {dag.py:3239} INFO - Sync 1 DAGs
[2025-04-11T20:32:52.250+0000] {logging_mixin.py:190} INFO - [2025-04-11T20:32:52.249+0000] {dag.py:4180} INFO - Setting next_dagrun for example_kubernetes_executor to None, run_after=None
[2025-04-11T20:32:53.475+0000] {processor.py:208} INFO - Processing /home/airflow/.local/lib/python3.12/site-packages/airflow/example_dags/example_kubernetes_executor.py took 4.538 seconds
[2025-04-11T20:35:57.913+0000] {processor.py:186} INFO - Started process (PID=103) to work on /home/airflow/.local/lib/python3.12/site-packages/airflow/example_dags/example_kubernetes_executor.py
[2025-04-11T20:35:57.918+0000] {processor.py:914} INFO - Processing file /home/airflow/.local/lib/python3.12/site-packages/airflow/example_dags/example_kubernetes_executor.py for tasks to queue
[2025-04-11T20:35:57.939+0000] {logging_mixin.py:190} INFO - [2025-04-11T20:35:57.938+0000] {dagbag.py:588} INFO - Filling up the DagBag from /home/airflow/.local/lib/python3.12/site-packages/airflow/example_dags/example_kubernetes_executor.py
[2025-04-11T20:35:58.034+0000] {processor.py:925} INFO - DAG(s) 'example_kubernetes_executor' retrieved from /home/airflow/.local/lib/python3.12/site-packages/airflow/example_dags/example_kubernetes_executor.py
[2025-04-11T20:35:58.210+0000] {logging_mixin.py:190} INFO - [2025-04-11T20:35:58.209+0000] {dag.py:3239} INFO - Sync 1 DAGs
[2025-04-11T20:35:58.315+0000] {logging_mixin.py:190} INFO - [2025-04-11T20:35:58.314+0000] {dag.py:4180} INFO - Setting next_dagrun for example_kubernetes_executor to None, run_after=None
[2025-04-11T20:35:58.437+0000] {processor.py:208} INFO - Processing /home/airflow/.local/lib/python3.12/site-packages/airflow/example_dags/example_kubernetes_executor.py took 0.543 seconds
[2025-04-11T20:36:28.951+0000] {processor.py:186} INFO - Started process (PID=166) to work on /home/airflow/.local/lib/python3.12/site-packages/airflow/example_dags/example_kubernetes_executor.py
[2025-04-11T20:36:28.955+0000] {processor.py:914} INFO - Processing file /home/airflow/.local/lib/python3.12/site-packages/airflow/example_dags/example_kubernetes_executor.py for tasks to queue
[2025-04-11T20:36:28.962+0000] {logging_mixin.py:190} INFO - [2025-04-11T20:36:28.961+0000] {dagbag.py:588} INFO - Filling up the DagBag from /home/airflow/.local/lib/python3.12/site-packages/airflow/example_dags/example_kubernetes_executor.py
[2025-04-11T20:36:29.003+0000] {processor.py:925} INFO - DAG(s) 'example_kubernetes_executor' retrieved from /home/airflow/.local/lib/python3.12/site-packages/airflow/example_dags/example_kubernetes_executor.py
[2025-04-11T20:36:29.081+0000] {logging_mixin.py:190} INFO - [2025-04-11T20:36:29.080+0000] {dag.py:3239} INFO - Sync 1 DAGs
[2025-04-11T20:36:29.136+0000] {logging_mixin.py:190} INFO - [2025-04-11T20:36:29.136+0000] {dag.py:4180} INFO - Setting next_dagrun for example_kubernetes_executor to None, run_after=None
[2025-04-11T20:36:29.191+0000] {processor.py:208} INFO - Processing /home/airflow/.local/lib/python3.12/site-packages/airflow/example_dags/example_kubernetes_executor.py took 0.255 seconds
[2025-04-11T20:37:00.917+0000] {processor.py:186} INFO - Started process (PID=230) to work on /home/airflow/.local/lib/python3.12/site-packages/airflow/example_dags/example_kubernetes_executor.py
[2025-04-11T20:37:00.920+0000] {processor.py:914} INFO - Processing file /home/airflow/.local/lib/python3.12/site-packages/airflow/example_dags/example_kubernetes_executor.py for tasks to queue
[2025-04-11T20:37:00.926+0000] {logging_mixin.py:190} INFO - [2025-04-11T20:37:00.925+0000] {dagbag.py:588} INFO - Filling up the DagBag from /home/airflow/.local/lib/python3.12/site-packages/airflow/example_dags/example_kubernetes_executor.py
[2025-04-11T20:37:01.016+0000] {processor.py:925} INFO - DAG(s) 'example_kubernetes_executor' retrieved from /home/airflow/.local/lib/python3.12/site-packages/airflow/example_dags/example_kubernetes_executor.py
[2025-04-11T20:37:01.179+0000] {logging_mixin.py:190} INFO - [2025-04-11T20:37:01.178+0000] {dag.py:3239} INFO - Sync 1 DAGs
[2025-04-11T20:37:01.272+0000] {logging_mixin.py:190} INFO - [2025-04-11T20:37:01.272+0000] {dag.py:4180} INFO - Setting next_dagrun for example_kubernetes_executor to None, run_after=None
[2025-04-11T20:37:01.375+0000] {processor.py:208} INFO - Processing /home/airflow/.local/lib/python3.12/site-packages/airflow/example_dags/example_kubernetes_executor.py took 0.472 seconds
[2025-04-11T20:37:54.642+0000] {processor.py:186} INFO - Started process (PID=298) to work on /home/airflow/.local/lib/python3.12/site-packages/airflow/example_dags/example_kubernetes_executor.py
[2025-04-11T20:37:54.651+0000] {processor.py:914} INFO - Processing file /home/airflow/.local/lib/python3.12/site-packages/airflow/example_dags/example_kubernetes_executor.py for tasks to queue
[2025-04-11T20:37:54.698+0000] {logging_mixin.py:190} INFO - [2025-04-11T20:37:54.697+0000] {dagbag.py:588} INFO - Filling up the DagBag from /home/airflow/.local/lib/python3.12/site-packages/airflow/example_dags/example_kubernetes_executor.py
[2025-04-11T20:37:54.909+0000] {processor.py:925} INFO - DAG(s) 'example_kubernetes_executor' retrieved from /home/airflow/.local/lib/python3.12/site-packages/airflow/example_dags/example_kubernetes_executor.py
[2025-04-11T20:37:55.185+0000] {logging_mixin.py:190} INFO - [2025-04-11T20:37:55.185+0000] {dag.py:3239} INFO - Sync 1 DAGs
[2025-04-11T20:37:55.525+0000] {logging_mixin.py:190} INFO - [2025-04-11T20:37:55.524+0000] {dag.py:4180} INFO - Setting next_dagrun for example_kubernetes_executor to None, run_after=None
[2025-04-11T20:37:55.675+0000] {processor.py:208} INFO - Processing /home/airflow/.local/lib/python3.12/site-packages/airflow/example_dags/example_kubernetes_executor.py took 1.116 seconds
[2025-04-11T20:38:42.468+0000] {processor.py:186} INFO - Started process (PID=376) to work on /home/airflow/.local/lib/python3.12/site-packages/airflow/example_dags/example_kubernetes_executor.py
[2025-04-11T20:38:42.475+0000] {processor.py:914} INFO - Processing file /home/airflow/.local/lib/python3.12/site-packages/airflow/example_dags/example_kubernetes_executor.py for tasks to queue
[2025-04-11T20:38:42.563+0000] {logging_mixin.py:190} INFO - [2025-04-11T20:38:42.561+0000] {dagbag.py:588} INFO - Filling up the DagBag from /home/airflow/.local/lib/python3.12/site-packages/airflow/example_dags/example_kubernetes_executor.py
[2025-04-11T20:38:42.685+0000] {processor.py:925} INFO - DAG(s) 'example_kubernetes_executor' retrieved from /home/airflow/.local/lib/python3.12/site-packages/airflow/example_dags/example_kubernetes_executor.py
[2025-04-11T20:38:43.755+0000] {logging_mixin.py:190} INFO - [2025-04-11T20:38:43.754+0000] {dag.py:3239} INFO - Sync 1 DAGs
[2025-04-11T20:38:44.275+0000] {logging_mixin.py:190} INFO - [2025-04-11T20:38:44.263+0000] {dag.py:4180} INFO - Setting next_dagrun for example_kubernetes_executor to None, run_after=None
[2025-04-11T20:38:44.818+0000] {processor.py:208} INFO - Processing /home/airflow/.local/lib/python3.12/site-packages/airflow/example_dags/example_kubernetes_executor.py took 2.447 seconds
[2025-04-11T20:40:06.372+0000] {processor.py:186} INFO - Started process (PID=453) to work on /home/airflow/.local/lib/python3.12/site-packages/airflow/example_dags/example_kubernetes_executor.py
[2025-04-11T20:40:06.377+0000] {processor.py:914} INFO - Processing file /home/airflow/.local/lib/python3.12/site-packages/airflow/example_dags/example_kubernetes_executor.py for tasks to queue
[2025-04-11T20:40:06.410+0000] {logging_mixin.py:190} INFO - [2025-04-11T20:40:06.409+0000] {dagbag.py:588} INFO - Filling up the DagBag from /home/airflow/.local/lib/python3.12/site-packages/airflow/example_dags/example_kubernetes_executor.py
[2025-04-11T20:40:06.604+0000] {processor.py:925} INFO - DAG(s) 'example_kubernetes_executor' retrieved from /home/airflow/.local/lib/python3.12/site-packages/airflow/example_dags/example_kubernetes_executor.py
[2025-04-11T20:40:06.813+0000] {logging_mixin.py:190} INFO - [2025-04-11T20:40:06.812+0000] {dag.py:3239} INFO - Sync 1 DAGs
[2025-04-11T20:40:06.967+0000] {logging_mixin.py:190} INFO - [2025-04-11T20:40:06.959+0000] {dag.py:4180} INFO - Setting next_dagrun for example_kubernetes_executor to None, run_after=None
[2025-04-11T20:40:07.119+0000] {processor.py:208} INFO - Processing /home/airflow/.local/lib/python3.12/site-packages/airflow/example_dags/example_kubernetes_executor.py took 0.772 seconds
[2025-04-11T20:40:45.212+0000] {processor.py:186} INFO - Started process (PID=522) to work on /home/airflow/.local/lib/python3.12/site-packages/airflow/example_dags/example_kubernetes_executor.py
[2025-04-11T20:40:45.267+0000] {processor.py:914} INFO - Processing file /home/airflow/.local/lib/python3.12/site-packages/airflow/example_dags/example_kubernetes_executor.py for tasks to queue
[2025-04-11T20:40:45.385+0000] {logging_mixin.py:190} INFO - [2025-04-11T20:40:45.380+0000] {dagbag.py:588} INFO - Filling up the DagBag from /home/airflow/.local/lib/python3.12/site-packages/airflow/example_dags/example_kubernetes_executor.py
[2025-04-11T20:40:45.763+0000] {processor.py:925} INFO - DAG(s) 'example_kubernetes_executor' retrieved from /home/airflow/.local/lib/python3.12/site-packages/airflow/example_dags/example_kubernetes_executor.py
[2025-04-11T20:40:46.051+0000] {logging_mixin.py:190} INFO - [2025-04-11T20:40:46.050+0000] {dag.py:3239} INFO - Sync 1 DAGs
[2025-04-11T20:40:46.487+0000] {logging_mixin.py:190} INFO - [2025-04-11T20:40:46.441+0000] {dag.py:4180} INFO - Setting next_dagrun for example_kubernetes_executor to None, run_after=None
[2025-04-11T20:40:46.852+0000] {processor.py:208} INFO - Processing /home/airflow/.local/lib/python3.12/site-packages/airflow/example_dags/example_kubernetes_executor.py took 1.831 seconds
[2025-04-11T20:41:21.385+0000] {processor.py:186} INFO - Started process (PID=586) to work on /home/airflow/.local/lib/python3.12/site-packages/airflow/example_dags/example_kubernetes_executor.py
[2025-04-11T20:41:21.390+0000] {processor.py:914} INFO - Processing file /home/airflow/.local/lib/python3.12/site-packages/airflow/example_dags/example_kubernetes_executor.py for tasks to queue
[2025-04-11T20:41:21.395+0000] {logging_mixin.py:190} INFO - [2025-04-11T20:41:21.394+0000] {dagbag.py:588} INFO - Filling up the DagBag from /home/airflow/.local/lib/python3.12/site-packages/airflow/example_dags/example_kubernetes_executor.py
[2025-04-11T20:41:21.453+0000] {processor.py:925} INFO - DAG(s) 'example_kubernetes_executor' retrieved from /home/airflow/.local/lib/python3.12/site-packages/airflow/example_dags/example_kubernetes_executor.py
[2025-04-11T20:41:21.532+0000] {logging_mixin.py:190} INFO - [2025-04-11T20:41:21.531+0000] {dag.py:3239} INFO - Sync 1 DAGs
[2025-04-11T20:41:21.608+0000] {logging_mixin.py:190} INFO - [2025-04-11T20:41:21.605+0000] {dag.py:4180} INFO - Setting next_dagrun for example_kubernetes_executor to None, run_after=None
[2025-04-11T20:41:21.720+0000] {processor.py:208} INFO - Processing /home/airflow/.local/lib/python3.12/site-packages/airflow/example_dags/example_kubernetes_executor.py took 0.363 seconds
[2025-04-11T20:42:15.565+0000] {processor.py:186} INFO - Started process (PID=657) to work on /home/airflow/.local/lib/python3.12/site-packages/airflow/example_dags/example_kubernetes_executor.py
[2025-04-11T20:42:15.572+0000] {processor.py:914} INFO - Processing file /home/airflow/.local/lib/python3.12/site-packages/airflow/example_dags/example_kubernetes_executor.py for tasks to queue
[2025-04-11T20:42:15.591+0000] {logging_mixin.py:190} INFO - [2025-04-11T20:42:15.587+0000] {dagbag.py:588} INFO - Filling up the DagBag from /home/airflow/.local/lib/python3.12/site-packages/airflow/example_dags/example_kubernetes_executor.py
[2025-04-11T20:42:15.691+0000] {processor.py:925} INFO - DAG(s) 'example_kubernetes_executor' retrieved from /home/airflow/.local/lib/python3.12/site-packages/airflow/example_dags/example_kubernetes_executor.py
[2025-04-11T20:42:15.918+0000] {logging_mixin.py:190} INFO - [2025-04-11T20:42:15.917+0000] {dag.py:3239} INFO - Sync 1 DAGs
[2025-04-11T20:42:16.186+0000] {logging_mixin.py:190} INFO - [2025-04-11T20:42:16.185+0000] {dag.py:4180} INFO - Setting next_dagrun for example_kubernetes_executor to None, run_after=None
[2025-04-11T20:42:16.319+0000] {processor.py:208} INFO - Processing /home/airflow/.local/lib/python3.12/site-packages/airflow/example_dags/example_kubernetes_executor.py took 0.786 seconds
[2025-04-11T20:44:01.927+0000] {processor.py:186} INFO - Started process (PID=745) to work on /home/airflow/.local/lib/python3.12/site-packages/airflow/example_dags/example_kubernetes_executor.py
[2025-04-11T20:44:01.942+0000] {processor.py:914} INFO - Processing file /home/airflow/.local/lib/python3.12/site-packages/airflow/example_dags/example_kubernetes_executor.py for tasks to queue
[2025-04-11T20:44:02.000+0000] {logging_mixin.py:190} INFO - [2025-04-11T20:44:01.999+0000] {dagbag.py:588} INFO - Filling up the DagBag from /home/airflow/.local/lib/python3.12/site-packages/airflow/example_dags/example_kubernetes_executor.py
[2025-04-11T20:44:02.518+0000] {processor.py:925} INFO - DAG(s) 'example_kubernetes_executor' retrieved from /home/airflow/.local/lib/python3.12/site-packages/airflow/example_dags/example_kubernetes_executor.py
[2025-04-11T20:44:03.119+0000] {logging_mixin.py:190} INFO - [2025-04-11T20:44:03.119+0000] {dag.py:3239} INFO - Sync 1 DAGs
[2025-04-11T20:44:03.308+0000] {logging_mixin.py:190} INFO - [2025-04-11T20:44:03.307+0000] {dag.py:4180} INFO - Setting next_dagrun for example_kubernetes_executor to None, run_after=None
[2025-04-11T20:44:03.592+0000] {processor.py:208} INFO - Processing /home/airflow/.local/lib/python3.12/site-packages/airflow/example_dags/example_kubernetes_executor.py took 1.769 seconds
[2025-04-11T20:44:42.570+0000] {processor.py:186} INFO - Started process (PID=807) to work on /home/airflow/.local/lib/python3.12/site-packages/airflow/example_dags/example_kubernetes_executor.py
[2025-04-11T20:44:42.578+0000] {processor.py:914} INFO - Processing file /home/airflow/.local/lib/python3.12/site-packages/airflow/example_dags/example_kubernetes_executor.py for tasks to queue
[2025-04-11T20:44:42.608+0000] {logging_mixin.py:190} INFO - [2025-04-11T20:44:42.607+0000] {dagbag.py:588} INFO - Filling up the DagBag from /home/airflow/.local/lib/python3.12/site-packages/airflow/example_dags/example_kubernetes_executor.py
[2025-04-11T20:44:42.696+0000] {processor.py:925} INFO - DAG(s) 'example_kubernetes_executor' retrieved from /home/airflow/.local/lib/python3.12/site-packages/airflow/example_dags/example_kubernetes_executor.py
[2025-04-11T20:44:42.961+0000] {logging_mixin.py:190} INFO - [2025-04-11T20:44:42.960+0000] {dag.py:3239} INFO - Sync 1 DAGs
[2025-04-11T20:44:43.195+0000] {logging_mixin.py:190} INFO - [2025-04-11T20:44:43.183+0000] {dag.py:4180} INFO - Setting next_dagrun for example_kubernetes_executor to None, run_after=None
[2025-04-11T20:44:43.564+0000] {processor.py:208} INFO - Processing /home/airflow/.local/lib/python3.12/site-packages/airflow/example_dags/example_kubernetes_executor.py took 1.008 seconds
[2025-04-11T20:45:14.200+0000] {processor.py:186} INFO - Started process (PID=870) to work on /home/airflow/.local/lib/python3.12/site-packages/airflow/example_dags/example_kubernetes_executor.py
[2025-04-11T20:45:14.222+0000] {processor.py:914} INFO - Processing file /home/airflow/.local/lib/python3.12/site-packages/airflow/example_dags/example_kubernetes_executor.py for tasks to queue
[2025-04-11T20:45:14.310+0000] {logging_mixin.py:190} INFO - [2025-04-11T20:45:14.310+0000] {dagbag.py:588} INFO - Filling up the DagBag from /home/airflow/.local/lib/python3.12/site-packages/airflow/example_dags/example_kubernetes_executor.py
[2025-04-11T20:45:14.432+0000] {processor.py:925} INFO - DAG(s) 'example_kubernetes_executor' retrieved from /home/airflow/.local/lib/python3.12/site-packages/airflow/example_dags/example_kubernetes_executor.py
[2025-04-11T20:45:14.642+0000] {logging_mixin.py:190} INFO - [2025-04-11T20:45:14.642+0000] {dag.py:3239} INFO - Sync 1 DAGs
[2025-04-11T20:45:14.722+0000] {logging_mixin.py:190} INFO - [2025-04-11T20:45:14.722+0000] {dag.py:4180} INFO - Setting next_dagrun for example_kubernetes_executor to None, run_after=None
[2025-04-11T20:45:14.821+0000] {processor.py:208} INFO - Processing /home/airflow/.local/lib/python3.12/site-packages/airflow/example_dags/example_kubernetes_executor.py took 0.641 seconds
[2025-04-11T20:45:44.922+0000] {processor.py:186} INFO - Started process (PID=939) to work on /home/airflow/.local/lib/python3.12/site-packages/airflow/example_dags/example_kubernetes_executor.py
[2025-04-11T20:45:44.925+0000] {processor.py:914} INFO - Processing file /home/airflow/.local/lib/python3.12/site-packages/airflow/example_dags/example_kubernetes_executor.py for tasks to queue
[2025-04-11T20:45:44.931+0000] {logging_mixin.py:190} INFO - [2025-04-11T20:45:44.930+0000] {dagbag.py:588} INFO - Filling up the DagBag from /home/airflow/.local/lib/python3.12/site-packages/airflow/example_dags/example_kubernetes_executor.py
[2025-04-11T20:45:44.967+0000] {processor.py:925} INFO - DAG(s) 'example_kubernetes_executor' retrieved from /home/airflow/.local/lib/python3.12/site-packages/airflow/example_dags/example_kubernetes_executor.py
[2025-04-11T20:45:45.032+0000] {logging_mixin.py:190} INFO - [2025-04-11T20:45:45.032+0000] {dag.py:3239} INFO - Sync 1 DAGs
[2025-04-11T20:45:45.059+0000] {logging_mixin.py:190} INFO - [2025-04-11T20:45:45.059+0000] {dag.py:4180} INFO - Setting next_dagrun for example_kubernetes_executor to None, run_after=None
[2025-04-11T20:45:45.096+0000] {processor.py:208} INFO - Processing /home/airflow/.local/lib/python3.12/site-packages/airflow/example_dags/example_kubernetes_executor.py took 0.188 seconds
[2025-04-11T20:47:00.400+0000] {processor.py:186} INFO - Started process (PID=990) to work on /home/airflow/.local/lib/python3.12/site-packages/airflow/example_dags/example_kubernetes_executor.py
[2025-04-11T20:47:00.411+0000] {processor.py:914} INFO - Processing file /home/airflow/.local/lib/python3.12/site-packages/airflow/example_dags/example_kubernetes_executor.py for tasks to queue
[2025-04-11T20:47:00.461+0000] {logging_mixin.py:190} INFO - [2025-04-11T20:47:00.457+0000] {dagbag.py:588} INFO - Filling up the DagBag from /home/airflow/.local/lib/python3.12/site-packages/airflow/example_dags/example_kubernetes_executor.py
[2025-04-11T20:47:01.258+0000] {processor.py:925} INFO - DAG(s) 'example_kubernetes_executor' retrieved from /home/airflow/.local/lib/python3.12/site-packages/airflow/example_dags/example_kubernetes_executor.py
[2025-04-11T20:47:01.549+0000] {logging_mixin.py:190} INFO - [2025-04-11T20:47:01.548+0000] {dag.py:3239} INFO - Sync 1 DAGs
[2025-04-11T20:47:01.853+0000] {logging_mixin.py:190} INFO - [2025-04-11T20:47:01.795+0000] {dag.py:4180} INFO - Setting next_dagrun for example_kubernetes_executor to None, run_after=None
[2025-04-11T20:47:02.250+0000] {processor.py:208} INFO - Processing /home/airflow/.local/lib/python3.12/site-packages/airflow/example_dags/example_kubernetes_executor.py took 2.295 seconds
[2025-04-11T20:49:45.931+0000] {processor.py:186} INFO - Started process (PID=1099) to work on /home/airflow/.local/lib/python3.12/site-packages/airflow/example_dags/example_kubernetes_executor.py
[2025-04-11T20:49:45.946+0000] {processor.py:914} INFO - Processing file /home/airflow/.local/lib/python3.12/site-packages/airflow/example_dags/example_kubernetes_executor.py for tasks to queue
[2025-04-11T20:49:45.966+0000] {logging_mixin.py:190} INFO - [2025-04-11T20:49:45.965+0000] {dagbag.py:588} INFO - Filling up the DagBag from /home/airflow/.local/lib/python3.12/site-packages/airflow/example_dags/example_kubernetes_executor.py
[2025-04-11T20:49:46.101+0000] {processor.py:925} INFO - DAG(s) 'example_kubernetes_executor' retrieved from /home/airflow/.local/lib/python3.12/site-packages/airflow/example_dags/example_kubernetes_executor.py
[2025-04-11T20:49:46.288+0000] {logging_mixin.py:190} INFO - [2025-04-11T20:49:46.288+0000] {dag.py:3239} INFO - Sync 1 DAGs
[2025-04-11T20:49:46.486+0000] {logging_mixin.py:190} INFO - [2025-04-11T20:49:46.485+0000] {dag.py:4180} INFO - Setting next_dagrun for example_kubernetes_executor to None, run_after=None
[2025-04-11T20:49:46.566+0000] {processor.py:208} INFO - Processing /home/airflow/.local/lib/python3.12/site-packages/airflow/example_dags/example_kubernetes_executor.py took 0.680 seconds
[2025-04-11T20:50:24.390+0000] {processor.py:186} INFO - Started process (PID=1163) to work on /home/airflow/.local/lib/python3.12/site-packages/airflow/example_dags/example_kubernetes_executor.py
[2025-04-11T20:50:24.395+0000] {processor.py:914} INFO - Processing file /home/airflow/.local/lib/python3.12/site-packages/airflow/example_dags/example_kubernetes_executor.py for tasks to queue
[2025-04-11T20:50:24.407+0000] {logging_mixin.py:190} INFO - [2025-04-11T20:50:24.406+0000] {dagbag.py:588} INFO - Filling up the DagBag from /home/airflow/.local/lib/python3.12/site-packages/airflow/example_dags/example_kubernetes_executor.py
[2025-04-11T20:50:24.486+0000] {processor.py:925} INFO - DAG(s) 'example_kubernetes_executor' retrieved from /home/airflow/.local/lib/python3.12/site-packages/airflow/example_dags/example_kubernetes_executor.py
[2025-04-11T20:50:24.578+0000] {logging_mixin.py:190} INFO - [2025-04-11T20:50:24.577+0000] {dag.py:3239} INFO - Sync 1 DAGs
[2025-04-11T20:50:24.642+0000] {logging_mixin.py:190} INFO - [2025-04-11T20:50:24.641+0000] {dag.py:4180} INFO - Setting next_dagrun for example_kubernetes_executor to None, run_after=None
[2025-04-11T20:50:24.699+0000] {processor.py:208} INFO - Processing /home/airflow/.local/lib/python3.12/site-packages/airflow/example_dags/example_kubernetes_executor.py took 0.349 seconds
[2025-04-11T20:51:24.713+0000] {processor.py:186} INFO - Started process (PID=1226) to work on /home/airflow/.local/lib/python3.12/site-packages/airflow/example_dags/example_kubernetes_executor.py
[2025-04-11T20:51:24.719+0000] {processor.py:914} INFO - Processing file /home/airflow/.local/lib/python3.12/site-packages/airflow/example_dags/example_kubernetes_executor.py for tasks to queue
[2025-04-11T20:51:24.740+0000] {logging_mixin.py:190} INFO - [2025-04-11T20:51:24.738+0000] {dagbag.py:588} INFO - Filling up the DagBag from /home/airflow/.local/lib/python3.12/site-packages/airflow/example_dags/example_kubernetes_executor.py
[2025-04-11T20:51:24.804+0000] {processor.py:925} INFO - DAG(s) 'example_kubernetes_executor' retrieved from /home/airflow/.local/lib/python3.12/site-packages/airflow/example_dags/example_kubernetes_executor.py
[2025-04-11T20:51:24.916+0000] {logging_mixin.py:190} INFO - [2025-04-11T20:51:24.912+0000] {dag.py:3239} INFO - Sync 1 DAGs
[2025-04-11T20:51:25.117+0000] {logging_mixin.py:190} INFO - [2025-04-11T20:51:25.117+0000] {dag.py:4180} INFO - Setting next_dagrun for example_kubernetes_executor to None, run_after=None
[2025-04-11T20:51:25.326+0000] {processor.py:208} INFO - Processing /home/airflow/.local/lib/python3.12/site-packages/airflow/example_dags/example_kubernetes_executor.py took 0.642 seconds
[2025-04-11T20:52:19.987+0000] {processor.py:186} INFO - Started process (PID=1287) to work on /home/airflow/.local/lib/python3.12/site-packages/airflow/example_dags/example_kubernetes_executor.py
[2025-04-11T20:52:19.995+0000] {processor.py:914} INFO - Processing file /home/airflow/.local/lib/python3.12/site-packages/airflow/example_dags/example_kubernetes_executor.py for tasks to queue
[2025-04-11T20:52:20.012+0000] {logging_mixin.py:190} INFO - [2025-04-11T20:52:20.011+0000] {dagbag.py:588} INFO - Filling up the DagBag from /home/airflow/.local/lib/python3.12/site-packages/airflow/example_dags/example_kubernetes_executor.py
[2025-04-11T20:52:20.129+0000] {processor.py:925} INFO - DAG(s) 'example_kubernetes_executor' retrieved from /home/airflow/.local/lib/python3.12/site-packages/airflow/example_dags/example_kubernetes_executor.py
[2025-04-11T20:52:20.272+0000] {logging_mixin.py:190} INFO - [2025-04-11T20:52:20.271+0000] {dag.py:3239} INFO - Sync 1 DAGs
[2025-04-11T20:52:20.379+0000] {logging_mixin.py:190} INFO - [2025-04-11T20:52:20.378+0000] {dag.py:4180} INFO - Setting next_dagrun for example_kubernetes_executor to None, run_after=None
[2025-04-11T20:52:20.518+0000] {processor.py:208} INFO - Processing /home/airflow/.local/lib/python3.12/site-packages/airflow/example_dags/example_kubernetes_executor.py took 0.617 seconds
[2025-04-11T20:52:50.932+0000] {processor.py:186} INFO - Started process (PID=1351) to work on /home/airflow/.local/lib/python3.12/site-packages/airflow/example_dags/example_kubernetes_executor.py
[2025-04-11T20:52:50.934+0000] {processor.py:914} INFO - Processing file /home/airflow/.local/lib/python3.12/site-packages/airflow/example_dags/example_kubernetes_executor.py for tasks to queue
[2025-04-11T20:52:50.943+0000] {logging_mixin.py:190} INFO - [2025-04-11T20:52:50.942+0000] {dagbag.py:588} INFO - Filling up the DagBag from /home/airflow/.local/lib/python3.12/site-packages/airflow/example_dags/example_kubernetes_executor.py
[2025-04-11T20:52:51.019+0000] {processor.py:925} INFO - DAG(s) 'example_kubernetes_executor' retrieved from /home/airflow/.local/lib/python3.12/site-packages/airflow/example_dags/example_kubernetes_executor.py
[2025-04-11T20:52:51.265+0000] {logging_mixin.py:190} INFO - [2025-04-11T20:52:51.264+0000] {dag.py:3239} INFO - Sync 1 DAGs
[2025-04-11T20:52:51.338+0000] {logging_mixin.py:190} INFO - [2025-04-11T20:52:51.336+0000] {dag.py:4180} INFO - Setting next_dagrun for example_kubernetes_executor to None, run_after=None
[2025-04-11T20:52:51.432+0000] {processor.py:208} INFO - Processing /home/airflow/.local/lib/python3.12/site-packages/airflow/example_dags/example_kubernetes_executor.py took 0.519 seconds
