[2025-04-11T19:46:30.980+0000] {processor.py:186} INFO - Started process (PID=138) to work on /home/airflow/.local/lib/python3.12/site-packages/airflow/example_dags/example_bash_operator.py
[2025-04-11T19:46:30.982+0000] {processor.py:914} INFO - Processing file /home/airflow/.local/lib/python3.12/site-packages/airflow/example_dags/example_bash_operator.py for tasks to queue
[2025-04-11T19:46:30.990+0000] {logging_mixin.py:190} INFO - [2025-04-11T19:46:30.989+0000] {dagbag.py:588} INFO - Filling up the DagBag from /home/airflow/.local/lib/python3.12/site-packages/airflow/example_dags/example_bash_operator.py
[2025-04-11T19:46:31.033+0000] {processor.py:925} INFO - DAG(s) 'example_bash_operator' retrieved from /home/airflow/.local/lib/python3.12/site-packages/airflow/example_dags/example_bash_operator.py
[2025-04-11T19:46:31.399+0000] {logging_mixin.py:190} INFO - [2025-04-11T19:46:31.398+0000] {override.py:1912} INFO - Created Permission View: can delete on DAG:example_bash_operator
[2025-04-11T19:46:31.447+0000] {logging_mixin.py:190} INFO - [2025-04-11T19:46:31.446+0000] {override.py:1912} INFO - Created Permission View: can read on DAG:example_bash_operator
[2025-04-11T19:46:31.468+0000] {logging_mixin.py:190} INFO - [2025-04-11T19:46:31.467+0000] {override.py:1912} INFO - Created Permission View: can edit on DAG:example_bash_operator
[2025-04-11T19:46:31.517+0000] {logging_mixin.py:190} INFO - [2025-04-11T19:46:31.517+0000] {override.py:1912} INFO - Created Permission View: can create on DAG Run:example_bash_operator
[2025-04-11T19:46:31.551+0000] {logging_mixin.py:190} INFO - [2025-04-11T19:46:31.550+0000] {override.py:1912} INFO - Created Permission View: can read on DAG Run:example_bash_operator
[2025-04-11T19:46:31.569+0000] {logging_mixin.py:190} INFO - [2025-04-11T19:46:31.568+0000] {override.py:1912} INFO - Created Permission View: can delete on DAG Run:example_bash_operator
[2025-04-11T19:46:31.590+0000] {logging_mixin.py:190} INFO - [2025-04-11T19:46:31.589+0000] {override.py:1912} INFO - Created Permission View: menu access on DAG Run:example_bash_operator
[2025-04-11T19:46:31.592+0000] {logging_mixin.py:190} INFO - [2025-04-11T19:46:31.591+0000] {dag.py:3239} INFO - Sync 1 DAGs
[2025-04-11T19:46:31.622+0000] {logging_mixin.py:190} INFO - [2025-04-11T19:46:31.621+0000] {dag.py:3262} INFO - Creating ORM DAG for example_bash_operator
[2025-04-11T19:46:31.666+0000] {logging_mixin.py:190} INFO - [2025-04-11T19:46:31.665+0000] {dag.py:4180} INFO - Setting next_dagrun for example_bash_operator to 2025-04-10 00:00:00+00:00, run_after=2025-04-11 00:00:00+00:00
[2025-04-11T19:46:31.727+0000] {processor.py:208} INFO - Processing /home/airflow/.local/lib/python3.12/site-packages/airflow/example_dags/example_bash_operator.py took 0.766 seconds
[2025-04-11T19:47:01.980+0000] {processor.py:186} INFO - Started process (PID=202) to work on /home/airflow/.local/lib/python3.12/site-packages/airflow/example_dags/example_bash_operator.py
[2025-04-11T19:47:01.983+0000] {processor.py:914} INFO - Processing file /home/airflow/.local/lib/python3.12/site-packages/airflow/example_dags/example_bash_operator.py for tasks to queue
[2025-04-11T19:47:02.004+0000] {logging_mixin.py:190} INFO - [2025-04-11T19:47:02.003+0000] {dagbag.py:588} INFO - Filling up the DagBag from /home/airflow/.local/lib/python3.12/site-packages/airflow/example_dags/example_bash_operator.py
[2025-04-11T19:47:02.043+0000] {processor.py:925} INFO - DAG(s) 'example_bash_operator' retrieved from /home/airflow/.local/lib/python3.12/site-packages/airflow/example_dags/example_bash_operator.py
[2025-04-11T19:47:02.101+0000] {logging_mixin.py:190} INFO - [2025-04-11T19:47:02.101+0000] {dag.py:3239} INFO - Sync 1 DAGs
[2025-04-11T19:47:02.155+0000] {logging_mixin.py:190} INFO - [2025-04-11T19:47:02.154+0000] {dag.py:4180} INFO - Setting next_dagrun for example_bash_operator to 2025-04-10 00:00:00+00:00, run_after=2025-04-11 00:00:00+00:00
[2025-04-11T19:47:02.197+0000] {processor.py:208} INFO - Processing /home/airflow/.local/lib/python3.12/site-packages/airflow/example_dags/example_bash_operator.py took 0.239 seconds
[2025-04-11T19:48:17.898+0000] {processor.py:186} INFO - Started process (PID=271) to work on /home/airflow/.local/lib/python3.12/site-packages/airflow/example_dags/example_bash_operator.py
[2025-04-11T19:48:17.902+0000] {processor.py:914} INFO - Processing file /home/airflow/.local/lib/python3.12/site-packages/airflow/example_dags/example_bash_operator.py for tasks to queue
[2025-04-11T19:48:17.919+0000] {logging_mixin.py:190} INFO - [2025-04-11T19:48:17.918+0000] {dagbag.py:588} INFO - Filling up the DagBag from /home/airflow/.local/lib/python3.12/site-packages/airflow/example_dags/example_bash_operator.py
[2025-04-11T19:48:17.990+0000] {processor.py:925} INFO - DAG(s) 'example_bash_operator' retrieved from /home/airflow/.local/lib/python3.12/site-packages/airflow/example_dags/example_bash_operator.py
[2025-04-11T19:48:18.106+0000] {logging_mixin.py:190} INFO - [2025-04-11T19:48:18.105+0000] {dag.py:3239} INFO - Sync 1 DAGs
[2025-04-11T19:48:18.290+0000] {logging_mixin.py:190} INFO - [2025-04-11T19:48:18.289+0000] {dag.py:4180} INFO - Setting next_dagrun for example_bash_operator to 2025-04-10 00:00:00+00:00, run_after=2025-04-11 00:00:00+00:00
[2025-04-11T19:48:18.597+0000] {processor.py:208} INFO - Processing /home/airflow/.local/lib/python3.12/site-packages/airflow/example_dags/example_bash_operator.py took 0.725 seconds
[2025-04-11T19:53:36.642+0000] {processor.py:186} INFO - Started process (PID=122) to work on /home/airflow/.local/lib/python3.12/site-packages/airflow/example_dags/example_bash_operator.py
[2025-04-11T19:53:36.648+0000] {processor.py:914} INFO - Processing file /home/airflow/.local/lib/python3.12/site-packages/airflow/example_dags/example_bash_operator.py for tasks to queue
[2025-04-11T19:53:36.662+0000] {logging_mixin.py:190} INFO - [2025-04-11T19:53:36.661+0000] {dagbag.py:588} INFO - Filling up the DagBag from /home/airflow/.local/lib/python3.12/site-packages/airflow/example_dags/example_bash_operator.py
[2025-04-11T19:53:36.878+0000] {processor.py:925} INFO - DAG(s) 'example_bash_operator' retrieved from /home/airflow/.local/lib/python3.12/site-packages/airflow/example_dags/example_bash_operator.py
[2025-04-11T19:53:37.087+0000] {logging_mixin.py:190} INFO - [2025-04-11T19:53:37.085+0000] {dag.py:3239} INFO - Sync 1 DAGs
[2025-04-11T19:53:37.256+0000] {logging_mixin.py:190} INFO - [2025-04-11T19:53:37.256+0000] {dag.py:4180} INFO - Setting next_dagrun for example_bash_operator to 2025-04-10 00:00:00+00:00, run_after=2025-04-11 00:00:00+00:00
[2025-04-11T19:53:37.316+0000] {processor.py:208} INFO - Processing /home/airflow/.local/lib/python3.12/site-packages/airflow/example_dags/example_bash_operator.py took 0.700 seconds
[2025-04-11T19:54:32.811+0000] {processor.py:186} INFO - Started process (PID=192) to work on /home/airflow/.local/lib/python3.12/site-packages/airflow/example_dags/example_bash_operator.py
[2025-04-11T19:54:32.817+0000] {processor.py:914} INFO - Processing file /home/airflow/.local/lib/python3.12/site-packages/airflow/example_dags/example_bash_operator.py for tasks to queue
[2025-04-11T19:54:32.832+0000] {logging_mixin.py:190} INFO - [2025-04-11T19:54:32.825+0000] {dagbag.py:588} INFO - Filling up the DagBag from /home/airflow/.local/lib/python3.12/site-packages/airflow/example_dags/example_bash_operator.py
[2025-04-11T19:54:32.888+0000] {processor.py:925} INFO - DAG(s) 'example_bash_operator' retrieved from /home/airflow/.local/lib/python3.12/site-packages/airflow/example_dags/example_bash_operator.py
[2025-04-11T19:54:33.033+0000] {logging_mixin.py:190} INFO - [2025-04-11T19:54:33.033+0000] {dag.py:3239} INFO - Sync 1 DAGs
[2025-04-11T19:54:33.200+0000] {logging_mixin.py:190} INFO - [2025-04-11T19:54:33.200+0000] {dag.py:4180} INFO - Setting next_dagrun for example_bash_operator to 2025-04-10 00:00:00+00:00, run_after=2025-04-11 00:00:00+00:00
[2025-04-11T19:54:33.321+0000] {processor.py:208} INFO - Processing /home/airflow/.local/lib/python3.12/site-packages/airflow/example_dags/example_bash_operator.py took 0.528 seconds
[2025-04-11T19:55:06.457+0000] {processor.py:186} INFO - Started process (PID=255) to work on /home/airflow/.local/lib/python3.12/site-packages/airflow/example_dags/example_bash_operator.py
[2025-04-11T19:55:06.468+0000] {processor.py:914} INFO - Processing file /home/airflow/.local/lib/python3.12/site-packages/airflow/example_dags/example_bash_operator.py for tasks to queue
[2025-04-11T19:55:06.571+0000] {logging_mixin.py:190} INFO - [2025-04-11T19:55:06.534+0000] {dagbag.py:588} INFO - Filling up the DagBag from /home/airflow/.local/lib/python3.12/site-packages/airflow/example_dags/example_bash_operator.py
[2025-04-11T19:55:06.780+0000] {processor.py:925} INFO - DAG(s) 'example_bash_operator' retrieved from /home/airflow/.local/lib/python3.12/site-packages/airflow/example_dags/example_bash_operator.py
[2025-04-11T19:55:06.996+0000] {logging_mixin.py:190} INFO - [2025-04-11T19:55:06.995+0000] {dag.py:3239} INFO - Sync 1 DAGs
[2025-04-11T19:55:07.068+0000] {logging_mixin.py:190} INFO - [2025-04-11T19:55:07.068+0000] {dag.py:4180} INFO - Setting next_dagrun for example_bash_operator to 2025-04-10 00:00:00+00:00, run_after=2025-04-11 00:00:00+00:00
[2025-04-11T19:55:07.142+0000] {processor.py:208} INFO - Processing /home/airflow/.local/lib/python3.12/site-packages/airflow/example_dags/example_bash_operator.py took 0.722 seconds
[2025-04-11T19:56:22.484+0000] {processor.py:186} INFO - Started process (PID=325) to work on /home/airflow/.local/lib/python3.12/site-packages/airflow/example_dags/example_bash_operator.py
[2025-04-11T19:56:22.503+0000] {processor.py:914} INFO - Processing file /home/airflow/.local/lib/python3.12/site-packages/airflow/example_dags/example_bash_operator.py for tasks to queue
[2025-04-11T19:56:22.521+0000] {logging_mixin.py:190} INFO - [2025-04-11T19:56:22.520+0000] {dagbag.py:588} INFO - Filling up the DagBag from /home/airflow/.local/lib/python3.12/site-packages/airflow/example_dags/example_bash_operator.py
[2025-04-11T19:56:22.596+0000] {processor.py:925} INFO - DAG(s) 'example_bash_operator' retrieved from /home/airflow/.local/lib/python3.12/site-packages/airflow/example_dags/example_bash_operator.py
[2025-04-11T19:56:22.766+0000] {logging_mixin.py:190} INFO - [2025-04-11T19:56:22.765+0000] {dag.py:3239} INFO - Sync 1 DAGs
[2025-04-11T19:56:22.879+0000] {logging_mixin.py:190} INFO - [2025-04-11T19:56:22.876+0000] {dag.py:4180} INFO - Setting next_dagrun for example_bash_operator to 2025-04-10 00:00:00+00:00, run_after=2025-04-11 00:00:00+00:00
[2025-04-11T19:56:23.182+0000] {processor.py:208} INFO - Processing /home/airflow/.local/lib/python3.12/site-packages/airflow/example_dags/example_bash_operator.py took 0.738 seconds
[2025-04-11T19:59:38.672+0000] {processor.py:186} INFO - Started process (PID=112) to work on /home/airflow/.local/lib/python3.12/site-packages/airflow/example_dags/example_bash_operator.py
[2025-04-11T19:59:38.675+0000] {processor.py:914} INFO - Processing file /home/airflow/.local/lib/python3.12/site-packages/airflow/example_dags/example_bash_operator.py for tasks to queue
[2025-04-11T19:59:38.683+0000] {logging_mixin.py:190} INFO - [2025-04-11T19:59:38.683+0000] {dagbag.py:588} INFO - Filling up the DagBag from /home/airflow/.local/lib/python3.12/site-packages/airflow/example_dags/example_bash_operator.py
[2025-04-11T19:59:38.725+0000] {processor.py:925} INFO - DAG(s) 'example_bash_operator' retrieved from /home/airflow/.local/lib/python3.12/site-packages/airflow/example_dags/example_bash_operator.py
[2025-04-11T19:59:38.841+0000] {logging_mixin.py:190} INFO - [2025-04-11T19:59:38.840+0000] {dag.py:3239} INFO - Sync 1 DAGs
[2025-04-11T19:59:38.978+0000] {logging_mixin.py:190} INFO - [2025-04-11T19:59:38.977+0000] {dag.py:4180} INFO - Setting next_dagrun for example_bash_operator to 2025-04-10 00:00:00+00:00, run_after=2025-04-11 00:00:00+00:00
[2025-04-11T19:59:39.063+0000] {processor.py:208} INFO - Processing /home/airflow/.local/lib/python3.12/site-packages/airflow/example_dags/example_bash_operator.py took 0.404 seconds
[2025-04-11T20:00:19.249+0000] {processor.py:186} INFO - Started process (PID=176) to work on /home/airflow/.local/lib/python3.12/site-packages/airflow/example_dags/example_bash_operator.py
[2025-04-11T20:00:19.256+0000] {processor.py:914} INFO - Processing file /home/airflow/.local/lib/python3.12/site-packages/airflow/example_dags/example_bash_operator.py for tasks to queue
[2025-04-11T20:00:19.264+0000] {logging_mixin.py:190} INFO - [2025-04-11T20:00:19.263+0000] {dagbag.py:588} INFO - Filling up the DagBag from /home/airflow/.local/lib/python3.12/site-packages/airflow/example_dags/example_bash_operator.py
[2025-04-11T20:00:19.389+0000] {processor.py:925} INFO - DAG(s) 'example_bash_operator' retrieved from /home/airflow/.local/lib/python3.12/site-packages/airflow/example_dags/example_bash_operator.py
[2025-04-11T20:00:19.540+0000] {logging_mixin.py:190} INFO - [2025-04-11T20:00:19.540+0000] {dag.py:3239} INFO - Sync 1 DAGs
[2025-04-11T20:00:20.323+0000] {logging_mixin.py:190} INFO - [2025-04-11T20:00:20.323+0000] {dag.py:4180} INFO - Setting next_dagrun for example_bash_operator to 2025-04-10 00:00:00+00:00, run_after=2025-04-11 00:00:00+00:00
[2025-04-11T20:00:20.529+0000] {processor.py:208} INFO - Processing /home/airflow/.local/lib/python3.12/site-packages/airflow/example_dags/example_bash_operator.py took 1.298 seconds
[2025-04-11T20:14:08.979+0000] {processor.py:186} INFO - Started process (PID=121) to work on /home/airflow/.local/lib/python3.12/site-packages/airflow/example_dags/example_bash_operator.py
[2025-04-11T20:14:08.983+0000] {processor.py:914} INFO - Processing file /home/airflow/.local/lib/python3.12/site-packages/airflow/example_dags/example_bash_operator.py for tasks to queue
[2025-04-11T20:14:08.998+0000] {logging_mixin.py:190} INFO - [2025-04-11T20:14:08.997+0000] {dagbag.py:588} INFO - Filling up the DagBag from /home/airflow/.local/lib/python3.12/site-packages/airflow/example_dags/example_bash_operator.py
[2025-04-11T20:14:09.042+0000] {processor.py:925} INFO - DAG(s) 'example_bash_operator' retrieved from /home/airflow/.local/lib/python3.12/site-packages/airflow/example_dags/example_bash_operator.py
[2025-04-11T20:14:09.137+0000] {logging_mixin.py:190} INFO - [2025-04-11T20:14:09.136+0000] {dag.py:3239} INFO - Sync 1 DAGs
[2025-04-11T20:14:09.207+0000] {logging_mixin.py:190} INFO - [2025-04-11T20:14:09.207+0000] {dag.py:4180} INFO - Setting next_dagrun for example_bash_operator to 2025-04-10 00:00:00+00:00, run_after=2025-04-11 00:00:00+00:00
[2025-04-11T20:14:09.286+0000] {processor.py:208} INFO - Processing /home/airflow/.local/lib/python3.12/site-packages/airflow/example_dags/example_bash_operator.py took 0.334 seconds
[2025-04-11T20:15:54.211+0000] {processor.py:186} INFO - Started process (PID=197) to work on /home/airflow/.local/lib/python3.12/site-packages/airflow/example_dags/example_bash_operator.py
[2025-04-11T20:15:54.223+0000] {processor.py:914} INFO - Processing file /home/airflow/.local/lib/python3.12/site-packages/airflow/example_dags/example_bash_operator.py for tasks to queue
[2025-04-11T20:15:54.246+0000] {logging_mixin.py:190} INFO - [2025-04-11T20:15:54.242+0000] {dagbag.py:588} INFO - Filling up the DagBag from /home/airflow/.local/lib/python3.12/site-packages/airflow/example_dags/example_bash_operator.py
[2025-04-11T20:15:54.410+0000] {processor.py:925} INFO - DAG(s) 'example_bash_operator' retrieved from /home/airflow/.local/lib/python3.12/site-packages/airflow/example_dags/example_bash_operator.py
[2025-04-11T20:15:54.580+0000] {logging_mixin.py:190} INFO - [2025-04-11T20:15:54.580+0000] {dag.py:3239} INFO - Sync 1 DAGs
[2025-04-11T20:15:54.686+0000] {logging_mixin.py:190} INFO - [2025-04-11T20:15:54.685+0000] {dag.py:4180} INFO - Setting next_dagrun for example_bash_operator to 2025-04-10 00:00:00+00:00, run_after=2025-04-11 00:00:00+00:00
[2025-04-11T20:15:54.786+0000] {processor.py:208} INFO - Processing /home/airflow/.local/lib/python3.12/site-packages/airflow/example_dags/example_bash_operator.py took 0.605 seconds
[2025-04-11T20:16:46.650+0000] {processor.py:186} INFO - Started process (PID=280) to work on /home/airflow/.local/lib/python3.12/site-packages/airflow/example_dags/example_bash_operator.py
[2025-04-11T20:16:46.656+0000] {processor.py:914} INFO - Processing file /home/airflow/.local/lib/python3.12/site-packages/airflow/example_dags/example_bash_operator.py for tasks to queue
[2025-04-11T20:16:46.665+0000] {logging_mixin.py:190} INFO - [2025-04-11T20:16:46.663+0000] {dagbag.py:588} INFO - Filling up the DagBag from /home/airflow/.local/lib/python3.12/site-packages/airflow/example_dags/example_bash_operator.py
[2025-04-11T20:16:46.716+0000] {processor.py:925} INFO - DAG(s) 'example_bash_operator' retrieved from /home/airflow/.local/lib/python3.12/site-packages/airflow/example_dags/example_bash_operator.py
[2025-04-11T20:16:46.819+0000] {logging_mixin.py:190} INFO - [2025-04-11T20:16:46.819+0000] {dag.py:3239} INFO - Sync 1 DAGs
[2025-04-11T20:16:46.938+0000] {logging_mixin.py:190} INFO - [2025-04-11T20:16:46.938+0000] {dag.py:4180} INFO - Setting next_dagrun for example_bash_operator to 2025-04-10 00:00:00+00:00, run_after=2025-04-11 00:00:00+00:00
[2025-04-11T20:16:47.033+0000] {processor.py:208} INFO - Processing /home/airflow/.local/lib/python3.12/site-packages/airflow/example_dags/example_bash_operator.py took 0.406 seconds
[2025-04-11T20:17:25.003+0000] {processor.py:186} INFO - Started process (PID=344) to work on /home/airflow/.local/lib/python3.12/site-packages/airflow/example_dags/example_bash_operator.py
[2025-04-11T20:17:25.006+0000] {processor.py:914} INFO - Processing file /home/airflow/.local/lib/python3.12/site-packages/airflow/example_dags/example_bash_operator.py for tasks to queue
[2025-04-11T20:17:25.019+0000] {logging_mixin.py:190} INFO - [2025-04-11T20:17:25.015+0000] {dagbag.py:588} INFO - Filling up the DagBag from /home/airflow/.local/lib/python3.12/site-packages/airflow/example_dags/example_bash_operator.py
[2025-04-11T20:17:25.107+0000] {processor.py:925} INFO - DAG(s) 'example_bash_operator' retrieved from /home/airflow/.local/lib/python3.12/site-packages/airflow/example_dags/example_bash_operator.py
[2025-04-11T20:17:25.252+0000] {logging_mixin.py:190} INFO - [2025-04-11T20:17:25.251+0000] {dag.py:3239} INFO - Sync 1 DAGs
[2025-04-11T20:17:25.330+0000] {logging_mixin.py:190} INFO - [2025-04-11T20:17:25.330+0000] {dag.py:4180} INFO - Setting next_dagrun for example_bash_operator to 2025-04-10 00:00:00+00:00, run_after=2025-04-11 00:00:00+00:00
[2025-04-11T20:17:25.383+0000] {processor.py:208} INFO - Processing /home/airflow/.local/lib/python3.12/site-packages/airflow/example_dags/example_bash_operator.py took 0.402 seconds
[2025-04-11T20:18:02.327+0000] {processor.py:186} INFO - Started process (PID=413) to work on /home/airflow/.local/lib/python3.12/site-packages/airflow/example_dags/example_bash_operator.py
[2025-04-11T20:18:02.331+0000] {processor.py:914} INFO - Processing file /home/airflow/.local/lib/python3.12/site-packages/airflow/example_dags/example_bash_operator.py for tasks to queue
[2025-04-11T20:18:02.340+0000] {logging_mixin.py:190} INFO - [2025-04-11T20:18:02.339+0000] {dagbag.py:588} INFO - Filling up the DagBag from /home/airflow/.local/lib/python3.12/site-packages/airflow/example_dags/example_bash_operator.py
[2025-04-11T20:18:02.427+0000] {processor.py:925} INFO - DAG(s) 'example_bash_operator' retrieved from /home/airflow/.local/lib/python3.12/site-packages/airflow/example_dags/example_bash_operator.py
[2025-04-11T20:18:02.535+0000] {logging_mixin.py:190} INFO - [2025-04-11T20:18:02.535+0000] {dag.py:3239} INFO - Sync 1 DAGs
[2025-04-11T20:18:02.623+0000] {logging_mixin.py:190} INFO - [2025-04-11T20:18:02.623+0000] {dag.py:4180} INFO - Setting next_dagrun for example_bash_operator to 2025-04-10 00:00:00+00:00, run_after=2025-04-11 00:00:00+00:00
[2025-04-11T20:18:02.688+0000] {processor.py:208} INFO - Processing /home/airflow/.local/lib/python3.12/site-packages/airflow/example_dags/example_bash_operator.py took 0.376 seconds
[2025-04-11T20:24:22.162+0000] {processor.py:186} INFO - Started process (PID=136) to work on /home/airflow/.local/lib/python3.12/site-packages/airflow/example_dags/example_bash_operator.py
[2025-04-11T20:24:22.168+0000] {processor.py:914} INFO - Processing file /home/airflow/.local/lib/python3.12/site-packages/airflow/example_dags/example_bash_operator.py for tasks to queue
[2025-04-11T20:24:22.194+0000] {logging_mixin.py:190} INFO - [2025-04-11T20:24:22.189+0000] {dagbag.py:588} INFO - Filling up the DagBag from /home/airflow/.local/lib/python3.12/site-packages/airflow/example_dags/example_bash_operator.py
[2025-04-11T20:24:22.328+0000] {processor.py:925} INFO - DAG(s) 'example_bash_operator' retrieved from /home/airflow/.local/lib/python3.12/site-packages/airflow/example_dags/example_bash_operator.py
[2025-04-11T20:24:23.369+0000] {logging_mixin.py:190} INFO - [2025-04-11T20:24:23.365+0000] {override.py:1912} INFO - Created Permission View: can read on DAG:example_bash_operator
[2025-04-11T20:24:23.443+0000] {logging_mixin.py:190} INFO - [2025-04-11T20:24:23.442+0000] {override.py:1912} INFO - Created Permission View: can edit on DAG:example_bash_operator
[2025-04-11T20:24:23.473+0000] {logging_mixin.py:190} INFO - [2025-04-11T20:24:23.472+0000] {override.py:1912} INFO - Created Permission View: can delete on DAG:example_bash_operator
[2025-04-11T20:24:23.517+0000] {logging_mixin.py:190} INFO - [2025-04-11T20:24:23.517+0000] {override.py:1912} INFO - Created Permission View: can create on DAG Run:example_bash_operator
[2025-04-11T20:24:23.585+0000] {logging_mixin.py:190} INFO - [2025-04-11T20:24:23.584+0000] {override.py:1912} INFO - Created Permission View: can read on DAG Run:example_bash_operator
[2025-04-11T20:24:23.611+0000] {logging_mixin.py:190} INFO - [2025-04-11T20:24:23.610+0000] {override.py:1912} INFO - Created Permission View: can delete on DAG Run:example_bash_operator
[2025-04-11T20:24:23.648+0000] {logging_mixin.py:190} INFO - [2025-04-11T20:24:23.648+0000] {override.py:1912} INFO - Created Permission View: menu access on DAG Run:example_bash_operator
[2025-04-11T20:24:23.650+0000] {logging_mixin.py:190} INFO - [2025-04-11T20:24:23.649+0000] {dag.py:3239} INFO - Sync 1 DAGs
[2025-04-11T20:24:23.711+0000] {logging_mixin.py:190} INFO - [2025-04-11T20:24:23.711+0000] {dag.py:3262} INFO - Creating ORM DAG for example_bash_operator
[2025-04-11T20:24:23.858+0000] {logging_mixin.py:190} INFO - [2025-04-11T20:24:23.849+0000] {dag.py:4180} INFO - Setting next_dagrun for example_bash_operator to 2025-04-10 00:00:00+00:00, run_after=2025-04-11 00:00:00+00:00
[2025-04-11T20:24:24.308+0000] {processor.py:208} INFO - Processing /home/airflow/.local/lib/python3.12/site-packages/airflow/example_dags/example_bash_operator.py took 2.200 seconds
[2025-04-11T20:25:05.468+0000] {processor.py:186} INFO - Started process (PID=206) to work on /home/airflow/.local/lib/python3.12/site-packages/airflow/example_dags/example_bash_operator.py
[2025-04-11T20:25:05.498+0000] {processor.py:914} INFO - Processing file /home/airflow/.local/lib/python3.12/site-packages/airflow/example_dags/example_bash_operator.py for tasks to queue
[2025-04-11T20:25:05.626+0000] {logging_mixin.py:190} INFO - [2025-04-11T20:25:05.623+0000] {dagbag.py:588} INFO - Filling up the DagBag from /home/airflow/.local/lib/python3.12/site-packages/airflow/example_dags/example_bash_operator.py
[2025-04-11T20:25:05.885+0000] {processor.py:925} INFO - DAG(s) 'example_bash_operator' retrieved from /home/airflow/.local/lib/python3.12/site-packages/airflow/example_dags/example_bash_operator.py
[2025-04-11T20:25:06.365+0000] {logging_mixin.py:190} INFO - [2025-04-11T20:25:06.363+0000] {dag.py:3239} INFO - Sync 1 DAGs
[2025-04-11T20:25:06.503+0000] {logging_mixin.py:190} INFO - [2025-04-11T20:25:06.503+0000] {dag.py:4180} INFO - Setting next_dagrun for example_bash_operator to 2025-04-10 00:00:00+00:00, run_after=2025-04-11 00:00:00+00:00
[2025-04-11T20:25:07.092+0000] {processor.py:208} INFO - Processing /home/airflow/.local/lib/python3.12/site-packages/airflow/example_dags/example_bash_operator.py took 1.681 seconds
[2025-04-11T20:25:41.315+0000] {processor.py:186} INFO - Started process (PID=270) to work on /home/airflow/.local/lib/python3.12/site-packages/airflow/example_dags/example_bash_operator.py
[2025-04-11T20:25:41.334+0000] {processor.py:914} INFO - Processing file /home/airflow/.local/lib/python3.12/site-packages/airflow/example_dags/example_bash_operator.py for tasks to queue
[2025-04-11T20:25:41.354+0000] {logging_mixin.py:190} INFO - [2025-04-11T20:25:41.351+0000] {dagbag.py:588} INFO - Filling up the DagBag from /home/airflow/.local/lib/python3.12/site-packages/airflow/example_dags/example_bash_operator.py
[2025-04-11T20:25:41.496+0000] {processor.py:925} INFO - DAG(s) 'example_bash_operator' retrieved from /home/airflow/.local/lib/python3.12/site-packages/airflow/example_dags/example_bash_operator.py
[2025-04-11T20:25:41.637+0000] {logging_mixin.py:190} INFO - [2025-04-11T20:25:41.637+0000] {dag.py:3239} INFO - Sync 1 DAGs
[2025-04-11T20:25:41.758+0000] {logging_mixin.py:190} INFO - [2025-04-11T20:25:41.757+0000] {dag.py:4180} INFO - Setting next_dagrun for example_bash_operator to 2025-04-10 00:00:00+00:00, run_after=2025-04-11 00:00:00+00:00
[2025-04-11T20:25:41.843+0000] {processor.py:208} INFO - Processing /home/airflow/.local/lib/python3.12/site-packages/airflow/example_dags/example_bash_operator.py took 0.709 seconds
[2025-04-11T20:28:44.989+0000] {processor.py:186} INFO - Started process (PID=107) to work on /home/airflow/.local/lib/python3.12/site-packages/airflow/example_dags/example_bash_operator.py
[2025-04-11T20:28:44.998+0000] {processor.py:914} INFO - Processing file /home/airflow/.local/lib/python3.12/site-packages/airflow/example_dags/example_bash_operator.py for tasks to queue
[2025-04-11T20:28:45.049+0000] {logging_mixin.py:190} INFO - [2025-04-11T20:28:45.048+0000] {dagbag.py:588} INFO - Filling up the DagBag from /home/airflow/.local/lib/python3.12/site-packages/airflow/example_dags/example_bash_operator.py
[2025-04-11T20:28:45.160+0000] {processor.py:925} INFO - DAG(s) 'example_bash_operator' retrieved from /home/airflow/.local/lib/python3.12/site-packages/airflow/example_dags/example_bash_operator.py
[2025-04-11T20:28:45.816+0000] {logging_mixin.py:190} INFO - [2025-04-11T20:28:45.815+0000] {dag.py:3239} INFO - Sync 1 DAGs
[2025-04-11T20:28:46.012+0000] {logging_mixin.py:190} INFO - [2025-04-11T20:28:46.011+0000] {dag.py:4180} INFO - Setting next_dagrun for example_bash_operator to 2025-04-10 00:00:00+00:00, run_after=2025-04-11 00:00:00+00:00
[2025-04-11T20:28:46.184+0000] {processor.py:208} INFO - Processing /home/airflow/.local/lib/python3.12/site-packages/airflow/example_dags/example_bash_operator.py took 1.265 seconds
[2025-04-11T20:29:17.948+0000] {processor.py:186} INFO - Started process (PID=170) to work on /home/airflow/.local/lib/python3.12/site-packages/airflow/example_dags/example_bash_operator.py
[2025-04-11T20:29:17.955+0000] {processor.py:914} INFO - Processing file /home/airflow/.local/lib/python3.12/site-packages/airflow/example_dags/example_bash_operator.py for tasks to queue
[2025-04-11T20:29:17.968+0000] {logging_mixin.py:190} INFO - [2025-04-11T20:29:17.967+0000] {dagbag.py:588} INFO - Filling up the DagBag from /home/airflow/.local/lib/python3.12/site-packages/airflow/example_dags/example_bash_operator.py
[2025-04-11T20:29:18.045+0000] {processor.py:925} INFO - DAG(s) 'example_bash_operator' retrieved from /home/airflow/.local/lib/python3.12/site-packages/airflow/example_dags/example_bash_operator.py
[2025-04-11T20:29:18.325+0000] {logging_mixin.py:190} INFO - [2025-04-11T20:29:18.325+0000] {dag.py:3239} INFO - Sync 1 DAGs
[2025-04-11T20:29:18.632+0000] {logging_mixin.py:190} INFO - [2025-04-11T20:29:18.631+0000] {dag.py:4180} INFO - Setting next_dagrun for example_bash_operator to 2025-04-10 00:00:00+00:00, run_after=2025-04-11 00:00:00+00:00
[2025-04-11T20:29:18.719+0000] {processor.py:208} INFO - Processing /home/airflow/.local/lib/python3.12/site-packages/airflow/example_dags/example_bash_operator.py took 0.819 seconds
[2025-04-11T20:29:49.006+0000] {processor.py:186} INFO - Started process (PID=233) to work on /home/airflow/.local/lib/python3.12/site-packages/airflow/example_dags/example_bash_operator.py
[2025-04-11T20:29:49.009+0000] {processor.py:914} INFO - Processing file /home/airflow/.local/lib/python3.12/site-packages/airflow/example_dags/example_bash_operator.py for tasks to queue
[2025-04-11T20:29:49.014+0000] {logging_mixin.py:190} INFO - [2025-04-11T20:29:49.013+0000] {dagbag.py:588} INFO - Filling up the DagBag from /home/airflow/.local/lib/python3.12/site-packages/airflow/example_dags/example_bash_operator.py
[2025-04-11T20:29:49.045+0000] {processor.py:925} INFO - DAG(s) 'example_bash_operator' retrieved from /home/airflow/.local/lib/python3.12/site-packages/airflow/example_dags/example_bash_operator.py
[2025-04-11T20:29:49.114+0000] {logging_mixin.py:190} INFO - [2025-04-11T20:29:49.114+0000] {dag.py:3239} INFO - Sync 1 DAGs
[2025-04-11T20:29:49.237+0000] {logging_mixin.py:190} INFO - [2025-04-11T20:29:49.234+0000] {dag.py:4180} INFO - Setting next_dagrun for example_bash_operator to 2025-04-10 00:00:00+00:00, run_after=2025-04-11 00:00:00+00:00
[2025-04-11T20:29:49.328+0000] {processor.py:208} INFO - Processing /home/airflow/.local/lib/python3.12/site-packages/airflow/example_dags/example_bash_operator.py took 0.337 seconds
[2025-04-11T20:31:00.788+0000] {processor.py:186} INFO - Started process (PID=312) to work on /home/airflow/.local/lib/python3.12/site-packages/airflow/example_dags/example_bash_operator.py
[2025-04-11T20:31:00.800+0000] {processor.py:914} INFO - Processing file /home/airflow/.local/lib/python3.12/site-packages/airflow/example_dags/example_bash_operator.py for tasks to queue
[2025-04-11T20:31:00.895+0000] {logging_mixin.py:190} INFO - [2025-04-11T20:31:00.851+0000] {dagbag.py:588} INFO - Filling up the DagBag from /home/airflow/.local/lib/python3.12/site-packages/airflow/example_dags/example_bash_operator.py
[2025-04-11T20:31:01.023+0000] {processor.py:925} INFO - DAG(s) 'example_bash_operator' retrieved from /home/airflow/.local/lib/python3.12/site-packages/airflow/example_dags/example_bash_operator.py
[2025-04-11T20:31:01.338+0000] {logging_mixin.py:190} INFO - [2025-04-11T20:31:01.337+0000] {dag.py:3239} INFO - Sync 1 DAGs
[2025-04-11T20:31:01.531+0000] {logging_mixin.py:190} INFO - [2025-04-11T20:31:01.530+0000] {dag.py:4180} INFO - Setting next_dagrun for example_bash_operator to 2025-04-10 00:00:00+00:00, run_after=2025-04-11 00:00:00+00:00
[2025-04-11T20:31:01.665+0000] {processor.py:208} INFO - Processing /home/airflow/.local/lib/python3.12/site-packages/airflow/example_dags/example_bash_operator.py took 1.040 seconds
[2025-04-11T20:31:32.349+0000] {processor.py:186} INFO - Started process (PID=377) to work on /home/airflow/.local/lib/python3.12/site-packages/airflow/example_dags/example_bash_operator.py
[2025-04-11T20:31:32.352+0000] {processor.py:914} INFO - Processing file /home/airflow/.local/lib/python3.12/site-packages/airflow/example_dags/example_bash_operator.py for tasks to queue
[2025-04-11T20:31:32.358+0000] {logging_mixin.py:190} INFO - [2025-04-11T20:31:32.357+0000] {dagbag.py:588} INFO - Filling up the DagBag from /home/airflow/.local/lib/python3.12/site-packages/airflow/example_dags/example_bash_operator.py
[2025-04-11T20:31:32.388+0000] {processor.py:925} INFO - DAG(s) 'example_bash_operator' retrieved from /home/airflow/.local/lib/python3.12/site-packages/airflow/example_dags/example_bash_operator.py
[2025-04-11T20:31:32.449+0000] {logging_mixin.py:190} INFO - [2025-04-11T20:31:32.449+0000] {dag.py:3239} INFO - Sync 1 DAGs
[2025-04-11T20:31:32.548+0000] {logging_mixin.py:190} INFO - [2025-04-11T20:31:32.547+0000] {dag.py:4180} INFO - Setting next_dagrun for example_bash_operator to 2025-04-10 00:00:00+00:00, run_after=2025-04-11 00:00:00+00:00
[2025-04-11T20:31:32.621+0000] {processor.py:208} INFO - Processing /home/airflow/.local/lib/python3.12/site-packages/airflow/example_dags/example_bash_operator.py took 0.287 seconds
[2025-04-11T20:32:03.167+0000] {processor.py:186} INFO - Started process (PID=439) to work on /home/airflow/.local/lib/python3.12/site-packages/airflow/example_dags/example_bash_operator.py
[2025-04-11T20:32:03.171+0000] {processor.py:914} INFO - Processing file /home/airflow/.local/lib/python3.12/site-packages/airflow/example_dags/example_bash_operator.py for tasks to queue
[2025-04-11T20:32:03.178+0000] {logging_mixin.py:190} INFO - [2025-04-11T20:32:03.177+0000] {dagbag.py:588} INFO - Filling up the DagBag from /home/airflow/.local/lib/python3.12/site-packages/airflow/example_dags/example_bash_operator.py
[2025-04-11T20:32:03.219+0000] {processor.py:925} INFO - DAG(s) 'example_bash_operator' retrieved from /home/airflow/.local/lib/python3.12/site-packages/airflow/example_dags/example_bash_operator.py
[2025-04-11T20:32:03.301+0000] {logging_mixin.py:190} INFO - [2025-04-11T20:32:03.300+0000] {dag.py:3239} INFO - Sync 1 DAGs
[2025-04-11T20:32:03.374+0000] {logging_mixin.py:190} INFO - [2025-04-11T20:32:03.373+0000] {dag.py:4180} INFO - Setting next_dagrun for example_bash_operator to 2025-04-10 00:00:00+00:00, run_after=2025-04-11 00:00:00+00:00
[2025-04-11T20:32:03.422+0000] {processor.py:208} INFO - Processing /home/airflow/.local/lib/python3.12/site-packages/airflow/example_dags/example_bash_operator.py took 0.273 seconds
[2025-04-11T20:32:56.217+0000] {processor.py:186} INFO - Started process (PID=501) to work on /home/airflow/.local/lib/python3.12/site-packages/airflow/example_dags/example_bash_operator.py
[2025-04-11T20:32:56.220+0000] {processor.py:914} INFO - Processing file /home/airflow/.local/lib/python3.12/site-packages/airflow/example_dags/example_bash_operator.py for tasks to queue
[2025-04-11T20:32:56.227+0000] {logging_mixin.py:190} INFO - [2025-04-11T20:32:56.226+0000] {dagbag.py:588} INFO - Filling up the DagBag from /home/airflow/.local/lib/python3.12/site-packages/airflow/example_dags/example_bash_operator.py
[2025-04-11T20:32:56.280+0000] {processor.py:925} INFO - DAG(s) 'example_bash_operator' retrieved from /home/airflow/.local/lib/python3.12/site-packages/airflow/example_dags/example_bash_operator.py
[2025-04-11T20:32:56.444+0000] {logging_mixin.py:190} INFO - [2025-04-11T20:32:56.442+0000] {dag.py:3239} INFO - Sync 1 DAGs
[2025-04-11T20:32:56.702+0000] {logging_mixin.py:190} INFO - [2025-04-11T20:32:56.701+0000] {dag.py:4180} INFO - Setting next_dagrun for example_bash_operator to 2025-04-10 00:00:00+00:00, run_after=2025-04-11 00:00:00+00:00
[2025-04-11T20:32:56.853+0000] {processor.py:208} INFO - Processing /home/airflow/.local/lib/python3.12/site-packages/airflow/example_dags/example_bash_operator.py took 0.653 seconds
[2025-04-11T20:36:03.796+0000] {processor.py:186} INFO - Started process (PID=110) to work on /home/airflow/.local/lib/python3.12/site-packages/airflow/example_dags/example_bash_operator.py
[2025-04-11T20:36:03.802+0000] {processor.py:914} INFO - Processing file /home/airflow/.local/lib/python3.12/site-packages/airflow/example_dags/example_bash_operator.py for tasks to queue
[2025-04-11T20:36:03.816+0000] {logging_mixin.py:190} INFO - [2025-04-11T20:36:03.815+0000] {dagbag.py:588} INFO - Filling up the DagBag from /home/airflow/.local/lib/python3.12/site-packages/airflow/example_dags/example_bash_operator.py
[2025-04-11T20:36:03.855+0000] {processor.py:925} INFO - DAG(s) 'example_bash_operator' retrieved from /home/airflow/.local/lib/python3.12/site-packages/airflow/example_dags/example_bash_operator.py
[2025-04-11T20:36:03.934+0000] {logging_mixin.py:190} INFO - [2025-04-11T20:36:03.933+0000] {dag.py:3239} INFO - Sync 1 DAGs
[2025-04-11T20:36:04.019+0000] {logging_mixin.py:190} INFO - [2025-04-11T20:36:04.018+0000] {dag.py:4180} INFO - Setting next_dagrun for example_bash_operator to 2025-04-10 00:00:00+00:00, run_after=2025-04-11 00:00:00+00:00
[2025-04-11T20:36:04.071+0000] {processor.py:208} INFO - Processing /home/airflow/.local/lib/python3.12/site-packages/airflow/example_dags/example_bash_operator.py took 0.304 seconds
[2025-04-11T20:36:34.610+0000] {processor.py:186} INFO - Started process (PID=174) to work on /home/airflow/.local/lib/python3.12/site-packages/airflow/example_dags/example_bash_operator.py
[2025-04-11T20:36:34.613+0000] {processor.py:914} INFO - Processing file /home/airflow/.local/lib/python3.12/site-packages/airflow/example_dags/example_bash_operator.py for tasks to queue
[2025-04-11T20:36:34.617+0000] {logging_mixin.py:190} INFO - [2025-04-11T20:36:34.617+0000] {dagbag.py:588} INFO - Filling up the DagBag from /home/airflow/.local/lib/python3.12/site-packages/airflow/example_dags/example_bash_operator.py
[2025-04-11T20:36:34.642+0000] {processor.py:925} INFO - DAG(s) 'example_bash_operator' retrieved from /home/airflow/.local/lib/python3.12/site-packages/airflow/example_dags/example_bash_operator.py
[2025-04-11T20:36:34.686+0000] {logging_mixin.py:190} INFO - [2025-04-11T20:36:34.685+0000] {dag.py:3239} INFO - Sync 1 DAGs
[2025-04-11T20:36:34.728+0000] {logging_mixin.py:190} INFO - [2025-04-11T20:36:34.728+0000] {dag.py:4180} INFO - Setting next_dagrun for example_bash_operator to 2025-04-10 00:00:00+00:00, run_after=2025-04-11 00:00:00+00:00
[2025-04-11T20:36:34.759+0000] {processor.py:208} INFO - Processing /home/airflow/.local/lib/python3.12/site-packages/airflow/example_dags/example_bash_operator.py took 0.162 seconds
[2025-04-11T20:37:12.188+0000] {processor.py:186} INFO - Started process (PID=243) to work on /home/airflow/.local/lib/python3.12/site-packages/airflow/example_dags/example_bash_operator.py
[2025-04-11T20:37:12.209+0000] {processor.py:914} INFO - Processing file /home/airflow/.local/lib/python3.12/site-packages/airflow/example_dags/example_bash_operator.py for tasks to queue
[2025-04-11T20:37:12.222+0000] {logging_mixin.py:190} INFO - [2025-04-11T20:37:12.219+0000] {dagbag.py:588} INFO - Filling up the DagBag from /home/airflow/.local/lib/python3.12/site-packages/airflow/example_dags/example_bash_operator.py
[2025-04-11T20:37:12.362+0000] {processor.py:925} INFO - DAG(s) 'example_bash_operator' retrieved from /home/airflow/.local/lib/python3.12/site-packages/airflow/example_dags/example_bash_operator.py
[2025-04-11T20:37:12.724+0000] {logging_mixin.py:190} INFO - [2025-04-11T20:37:12.722+0000] {dag.py:3239} INFO - Sync 1 DAGs
[2025-04-11T20:37:13.049+0000] {logging_mixin.py:190} INFO - [2025-04-11T20:37:13.048+0000] {dag.py:4180} INFO - Setting next_dagrun for example_bash_operator to 2025-04-10 00:00:00+00:00, run_after=2025-04-11 00:00:00+00:00
[2025-04-11T20:37:13.196+0000] {processor.py:208} INFO - Processing /home/airflow/.local/lib/python3.12/site-packages/airflow/example_dags/example_bash_operator.py took 1.159 seconds
[2025-04-11T20:38:09.991+0000] {processor.py:186} INFO - Started process (PID=321) to work on /home/airflow/.local/lib/python3.12/site-packages/airflow/example_dags/example_bash_operator.py
[2025-04-11T20:38:10.005+0000] {processor.py:914} INFO - Processing file /home/airflow/.local/lib/python3.12/site-packages/airflow/example_dags/example_bash_operator.py for tasks to queue
[2025-04-11T20:38:10.023+0000] {logging_mixin.py:190} INFO - [2025-04-11T20:38:10.021+0000] {dagbag.py:588} INFO - Filling up the DagBag from /home/airflow/.local/lib/python3.12/site-packages/airflow/example_dags/example_bash_operator.py
[2025-04-11T20:38:10.139+0000] {processor.py:925} INFO - DAG(s) 'example_bash_operator' retrieved from /home/airflow/.local/lib/python3.12/site-packages/airflow/example_dags/example_bash_operator.py
[2025-04-11T20:38:10.387+0000] {logging_mixin.py:190} INFO - [2025-04-11T20:38:10.378+0000] {dag.py:3239} INFO - Sync 1 DAGs
[2025-04-11T20:38:10.668+0000] {logging_mixin.py:190} INFO - [2025-04-11T20:38:10.668+0000] {dag.py:4180} INFO - Setting next_dagrun for example_bash_operator to 2025-04-10 00:00:00+00:00, run_after=2025-04-11 00:00:00+00:00
[2025-04-11T20:38:10.850+0000] {processor.py:208} INFO - Processing /home/airflow/.local/lib/python3.12/site-packages/airflow/example_dags/example_bash_operator.py took 0.934 seconds
[2025-04-11T20:38:59.005+0000] {processor.py:186} INFO - Started process (PID=388) to work on /home/airflow/.local/lib/python3.12/site-packages/airflow/example_dags/example_bash_operator.py
[2025-04-11T20:38:59.009+0000] {processor.py:914} INFO - Processing file /home/airflow/.local/lib/python3.12/site-packages/airflow/example_dags/example_bash_operator.py for tasks to queue
[2025-04-11T20:38:59.022+0000] {logging_mixin.py:190} INFO - [2025-04-11T20:38:59.022+0000] {dagbag.py:588} INFO - Filling up the DagBag from /home/airflow/.local/lib/python3.12/site-packages/airflow/example_dags/example_bash_operator.py
[2025-04-11T20:38:59.159+0000] {processor.py:925} INFO - DAG(s) 'example_bash_operator' retrieved from /home/airflow/.local/lib/python3.12/site-packages/airflow/example_dags/example_bash_operator.py
[2025-04-11T20:38:59.347+0000] {logging_mixin.py:190} INFO - [2025-04-11T20:38:59.346+0000] {dag.py:3239} INFO - Sync 1 DAGs
[2025-04-11T20:38:59.525+0000] {logging_mixin.py:190} INFO - [2025-04-11T20:38:59.524+0000] {dag.py:4180} INFO - Setting next_dagrun for example_bash_operator to 2025-04-10 00:00:00+00:00, run_after=2025-04-11 00:00:00+00:00
[2025-04-11T20:38:59.885+0000] {processor.py:208} INFO - Processing /home/airflow/.local/lib/python3.12/site-packages/airflow/example_dags/example_bash_operator.py took 0.961 seconds
[2025-04-11T20:40:09.657+0000] {processor.py:186} INFO - Started process (PID=465) to work on /home/airflow/.local/lib/python3.12/site-packages/airflow/example_dags/example_bash_operator.py
[2025-04-11T20:40:09.666+0000] {processor.py:914} INFO - Processing file /home/airflow/.local/lib/python3.12/site-packages/airflow/example_dags/example_bash_operator.py for tasks to queue
[2025-04-11T20:40:09.677+0000] {logging_mixin.py:190} INFO - [2025-04-11T20:40:09.676+0000] {dagbag.py:588} INFO - Filling up the DagBag from /home/airflow/.local/lib/python3.12/site-packages/airflow/example_dags/example_bash_operator.py
[2025-04-11T20:40:09.747+0000] {processor.py:925} INFO - DAG(s) 'example_bash_operator' retrieved from /home/airflow/.local/lib/python3.12/site-packages/airflow/example_dags/example_bash_operator.py
[2025-04-11T20:40:09.918+0000] {logging_mixin.py:190} INFO - [2025-04-11T20:40:09.917+0000] {dag.py:3239} INFO - Sync 1 DAGs
[2025-04-11T20:40:10.055+0000] {logging_mixin.py:190} INFO - [2025-04-11T20:40:10.054+0000] {dag.py:4180} INFO - Setting next_dagrun for example_bash_operator to 2025-04-10 00:00:00+00:00, run_after=2025-04-11 00:00:00+00:00
[2025-04-11T20:40:10.102+0000] {processor.py:208} INFO - Processing /home/airflow/.local/lib/python3.12/site-packages/airflow/example_dags/example_bash_operator.py took 0.479 seconds
[2025-04-11T20:40:56.767+0000] {processor.py:186} INFO - Started process (PID=534) to work on /home/airflow/.local/lib/python3.12/site-packages/airflow/example_dags/example_bash_operator.py
[2025-04-11T20:40:56.770+0000] {processor.py:914} INFO - Processing file /home/airflow/.local/lib/python3.12/site-packages/airflow/example_dags/example_bash_operator.py for tasks to queue
[2025-04-11T20:40:56.778+0000] {logging_mixin.py:190} INFO - [2025-04-11T20:40:56.777+0000] {dagbag.py:588} INFO - Filling up the DagBag from /home/airflow/.local/lib/python3.12/site-packages/airflow/example_dags/example_bash_operator.py
[2025-04-11T20:40:56.822+0000] {processor.py:925} INFO - DAG(s) 'example_bash_operator' retrieved from /home/airflow/.local/lib/python3.12/site-packages/airflow/example_dags/example_bash_operator.py
[2025-04-11T20:40:56.974+0000] {logging_mixin.py:190} INFO - [2025-04-11T20:40:56.973+0000] {dag.py:3239} INFO - Sync 1 DAGs
[2025-04-11T20:40:57.126+0000] {logging_mixin.py:190} INFO - [2025-04-11T20:40:57.125+0000] {dag.py:4180} INFO - Setting next_dagrun for example_bash_operator to 2025-04-10 00:00:00+00:00, run_after=2025-04-11 00:00:00+00:00
[2025-04-11T20:40:57.193+0000] {processor.py:208} INFO - Processing /home/airflow/.local/lib/python3.12/site-packages/airflow/example_dags/example_bash_operator.py took 0.443 seconds
[2025-04-11T20:41:36.144+0000] {processor.py:186} INFO - Started process (PID=603) to work on /home/airflow/.local/lib/python3.12/site-packages/airflow/example_dags/example_bash_operator.py
[2025-04-11T20:41:36.147+0000] {processor.py:914} INFO - Processing file /home/airflow/.local/lib/python3.12/site-packages/airflow/example_dags/example_bash_operator.py for tasks to queue
[2025-04-11T20:41:36.157+0000] {logging_mixin.py:190} INFO - [2025-04-11T20:41:36.156+0000] {dagbag.py:588} INFO - Filling up the DagBag from /home/airflow/.local/lib/python3.12/site-packages/airflow/example_dags/example_bash_operator.py
[2025-04-11T20:41:36.199+0000] {processor.py:925} INFO - DAG(s) 'example_bash_operator' retrieved from /home/airflow/.local/lib/python3.12/site-packages/airflow/example_dags/example_bash_operator.py
[2025-04-11T20:41:36.285+0000] {logging_mixin.py:190} INFO - [2025-04-11T20:41:36.284+0000] {dag.py:3239} INFO - Sync 1 DAGs
[2025-04-11T20:41:36.374+0000] {logging_mixin.py:190} INFO - [2025-04-11T20:41:36.374+0000] {dag.py:4180} INFO - Setting next_dagrun for example_bash_operator to 2025-04-10 00:00:00+00:00, run_after=2025-04-11 00:00:00+00:00
[2025-04-11T20:41:36.440+0000] {processor.py:208} INFO - Processing /home/airflow/.local/lib/python3.12/site-packages/airflow/example_dags/example_bash_operator.py took 0.311 seconds
[2025-04-11T20:43:12.936+0000] {processor.py:186} INFO - Started process (PID=691) to work on /home/airflow/.local/lib/python3.12/site-packages/airflow/example_dags/example_bash_operator.py
[2025-04-11T20:43:12.942+0000] {processor.py:914} INFO - Processing file /home/airflow/.local/lib/python3.12/site-packages/airflow/example_dags/example_bash_operator.py for tasks to queue
[2025-04-11T20:43:12.966+0000] {logging_mixin.py:190} INFO - [2025-04-11T20:43:12.966+0000] {dagbag.py:588} INFO - Filling up the DagBag from /home/airflow/.local/lib/python3.12/site-packages/airflow/example_dags/example_bash_operator.py
[2025-04-11T20:43:13.376+0000] {processor.py:925} INFO - DAG(s) 'example_bash_operator' retrieved from /home/airflow/.local/lib/python3.12/site-packages/airflow/example_dags/example_bash_operator.py
[2025-04-11T20:43:14.011+0000] {logging_mixin.py:190} INFO - [2025-04-11T20:43:14.011+0000] {dag.py:3239} INFO - Sync 1 DAGs
[2025-04-11T20:43:14.474+0000] {logging_mixin.py:190} INFO - [2025-04-11T20:43:14.473+0000] {dag.py:4180} INFO - Setting next_dagrun for example_bash_operator to 2025-04-10 00:00:00+00:00, run_after=2025-04-11 00:00:00+00:00
[2025-04-11T20:43:15.940+0000] {processor.py:208} INFO - Processing /home/airflow/.local/lib/python3.12/site-packages/airflow/example_dags/example_bash_operator.py took 3.027 seconds
[2025-04-11T20:44:08.246+0000] {processor.py:186} INFO - Started process (PID=755) to work on /home/airflow/.local/lib/python3.12/site-packages/airflow/example_dags/example_bash_operator.py
[2025-04-11T20:44:08.249+0000] {processor.py:914} INFO - Processing file /home/airflow/.local/lib/python3.12/site-packages/airflow/example_dags/example_bash_operator.py for tasks to queue
[2025-04-11T20:44:08.258+0000] {logging_mixin.py:190} INFO - [2025-04-11T20:44:08.256+0000] {dagbag.py:588} INFO - Filling up the DagBag from /home/airflow/.local/lib/python3.12/site-packages/airflow/example_dags/example_bash_operator.py
[2025-04-11T20:44:08.432+0000] {processor.py:925} INFO - DAG(s) 'example_bash_operator' retrieved from /home/airflow/.local/lib/python3.12/site-packages/airflow/example_dags/example_bash_operator.py
[2025-04-11T20:44:08.555+0000] {logging_mixin.py:190} INFO - [2025-04-11T20:44:08.553+0000] {dag.py:3239} INFO - Sync 1 DAGs
[2025-04-11T20:44:08.671+0000] {logging_mixin.py:190} INFO - [2025-04-11T20:44:08.670+0000] {dag.py:4180} INFO - Setting next_dagrun for example_bash_operator to 2025-04-10 00:00:00+00:00, run_after=2025-04-11 00:00:00+00:00
[2025-04-11T20:44:08.736+0000] {processor.py:208} INFO - Processing /home/airflow/.local/lib/python3.12/site-packages/airflow/example_dags/example_bash_operator.py took 0.508 seconds
[2025-04-11T20:44:48.093+0000] {processor.py:186} INFO - Started process (PID=824) to work on /home/airflow/.local/lib/python3.12/site-packages/airflow/example_dags/example_bash_operator.py
[2025-04-11T20:44:48.097+0000] {processor.py:914} INFO - Processing file /home/airflow/.local/lib/python3.12/site-packages/airflow/example_dags/example_bash_operator.py for tasks to queue
[2025-04-11T20:44:48.103+0000] {logging_mixin.py:190} INFO - [2025-04-11T20:44:48.102+0000] {dagbag.py:588} INFO - Filling up the DagBag from /home/airflow/.local/lib/python3.12/site-packages/airflow/example_dags/example_bash_operator.py
[2025-04-11T20:44:48.142+0000] {processor.py:925} INFO - DAG(s) 'example_bash_operator' retrieved from /home/airflow/.local/lib/python3.12/site-packages/airflow/example_dags/example_bash_operator.py
[2025-04-11T20:44:48.224+0000] {logging_mixin.py:190} INFO - [2025-04-11T20:44:48.223+0000] {dag.py:3239} INFO - Sync 1 DAGs
[2025-04-11T20:44:48.300+0000] {logging_mixin.py:190} INFO - [2025-04-11T20:44:48.299+0000] {dag.py:4180} INFO - Setting next_dagrun for example_bash_operator to 2025-04-10 00:00:00+00:00, run_after=2025-04-11 00:00:00+00:00
[2025-04-11T20:44:48.366+0000] {processor.py:208} INFO - Processing /home/airflow/.local/lib/python3.12/site-packages/airflow/example_dags/example_bash_operator.py took 0.294 seconds
[2025-04-11T20:45:21.300+0000] {processor.py:186} INFO - Started process (PID=887) to work on /home/airflow/.local/lib/python3.12/site-packages/airflow/example_dags/example_bash_operator.py
[2025-04-11T20:45:21.306+0000] {processor.py:914} INFO - Processing file /home/airflow/.local/lib/python3.12/site-packages/airflow/example_dags/example_bash_operator.py for tasks to queue
[2025-04-11T20:45:21.322+0000] {logging_mixin.py:190} INFO - [2025-04-11T20:45:21.321+0000] {dagbag.py:588} INFO - Filling up the DagBag from /home/airflow/.local/lib/python3.12/site-packages/airflow/example_dags/example_bash_operator.py
[2025-04-11T20:45:21.406+0000] {processor.py:925} INFO - DAG(s) 'example_bash_operator' retrieved from /home/airflow/.local/lib/python3.12/site-packages/airflow/example_dags/example_bash_operator.py
[2025-04-11T20:45:21.494+0000] {logging_mixin.py:190} INFO - [2025-04-11T20:45:21.494+0000] {dag.py:3239} INFO - Sync 1 DAGs
[2025-04-11T20:45:21.582+0000] {logging_mixin.py:190} INFO - [2025-04-11T20:45:21.582+0000] {dag.py:4180} INFO - Setting next_dagrun for example_bash_operator to 2025-04-10 00:00:00+00:00, run_after=2025-04-11 00:00:00+00:00
[2025-04-11T20:45:21.667+0000] {processor.py:208} INFO - Processing /home/airflow/.local/lib/python3.12/site-packages/airflow/example_dags/example_bash_operator.py took 0.396 seconds
[2025-04-11T20:46:04.590+0000] {processor.py:186} INFO - Started process (PID=951) to work on /home/airflow/.local/lib/python3.12/site-packages/airflow/example_dags/example_bash_operator.py
[2025-04-11T20:46:04.632+0000] {processor.py:914} INFO - Processing file /home/airflow/.local/lib/python3.12/site-packages/airflow/example_dags/example_bash_operator.py for tasks to queue
[2025-04-11T20:46:05.062+0000] {logging_mixin.py:190} INFO - [2025-04-11T20:46:05.061+0000] {dagbag.py:588} INFO - Filling up the DagBag from /home/airflow/.local/lib/python3.12/site-packages/airflow/example_dags/example_bash_operator.py
[2025-04-11T20:46:05.457+0000] {processor.py:925} INFO - DAG(s) 'example_bash_operator' retrieved from /home/airflow/.local/lib/python3.12/site-packages/airflow/example_dags/example_bash_operator.py
[2025-04-11T20:46:09.810+0000] {logging_mixin.py:190} INFO - [2025-04-11T20:46:09.807+0000] {dag.py:3239} INFO - Sync 1 DAGs
[2025-04-11T20:46:11.672+0000] {logging_mixin.py:190} INFO - [2025-04-11T20:46:11.669+0000] {dag.py:4180} INFO - Setting next_dagrun for example_bash_operator to 2025-04-10 00:00:00+00:00, run_after=2025-04-11 00:00:00+00:00
[2025-04-11T20:46:14.346+0000] {processor.py:208} INFO - Processing /home/airflow/.local/lib/python3.12/site-packages/airflow/example_dags/example_bash_operator.py took 9.906 seconds
[2025-04-11T20:48:43.824+0000] {processor.py:186} INFO - Started process (PID=1059) to work on /home/airflow/.local/lib/python3.12/site-packages/airflow/example_dags/example_bash_operator.py
[2025-04-11T20:48:43.829+0000] {processor.py:914} INFO - Processing file /home/airflow/.local/lib/python3.12/site-packages/airflow/example_dags/example_bash_operator.py for tasks to queue
[2025-04-11T20:48:43.905+0000] {logging_mixin.py:190} INFO - [2025-04-11T20:48:43.904+0000] {dagbag.py:588} INFO - Filling up the DagBag from /home/airflow/.local/lib/python3.12/site-packages/airflow/example_dags/example_bash_operator.py
[2025-04-11T20:48:44.649+0000] {processor.py:925} INFO - DAG(s) 'example_bash_operator' retrieved from /home/airflow/.local/lib/python3.12/site-packages/airflow/example_dags/example_bash_operator.py
[2025-04-11T20:48:45.702+0000] {logging_mixin.py:190} INFO - [2025-04-11T20:48:45.702+0000] {dag.py:3239} INFO - Sync 1 DAGs
[2025-04-11T20:48:46.110+0000] {logging_mixin.py:190} INFO - [2025-04-11T20:48:46.096+0000] {dag.py:4180} INFO - Setting next_dagrun for example_bash_operator to 2025-04-10 00:00:00+00:00, run_after=2025-04-11 00:00:00+00:00
[2025-04-11T20:48:46.476+0000] {processor.py:208} INFO - Processing /home/airflow/.local/lib/python3.12/site-packages/airflow/example_dags/example_bash_operator.py took 2.822 seconds
[2025-04-11T20:50:14.540+0000] {processor.py:186} INFO - Started process (PID=1147) to work on /home/airflow/.local/lib/python3.12/site-packages/airflow/example_dags/example_bash_operator.py
[2025-04-11T20:50:14.546+0000] {processor.py:914} INFO - Processing file /home/airflow/.local/lib/python3.12/site-packages/airflow/example_dags/example_bash_operator.py for tasks to queue
[2025-04-11T20:50:14.557+0000] {logging_mixin.py:190} INFO - [2025-04-11T20:50:14.556+0000] {dagbag.py:588} INFO - Filling up the DagBag from /home/airflow/.local/lib/python3.12/site-packages/airflow/example_dags/example_bash_operator.py
[2025-04-11T20:50:14.627+0000] {processor.py:925} INFO - DAG(s) 'example_bash_operator' retrieved from /home/airflow/.local/lib/python3.12/site-packages/airflow/example_dags/example_bash_operator.py
[2025-04-11T20:50:14.776+0000] {logging_mixin.py:190} INFO - [2025-04-11T20:50:14.776+0000] {dag.py:3239} INFO - Sync 1 DAGs
[2025-04-11T20:50:14.873+0000] {logging_mixin.py:190} INFO - [2025-04-11T20:50:14.873+0000] {dag.py:4180} INFO - Setting next_dagrun for example_bash_operator to 2025-04-10 00:00:00+00:00, run_after=2025-04-11 00:00:00+00:00
[2025-04-11T20:50:14.928+0000] {processor.py:208} INFO - Processing /home/airflow/.local/lib/python3.12/site-packages/airflow/example_dags/example_bash_operator.py took 0.407 seconds
[2025-04-11T20:51:28.197+0000] {processor.py:186} INFO - Started process (PID=1231) to work on /home/airflow/.local/lib/python3.12/site-packages/airflow/example_dags/example_bash_operator.py
[2025-04-11T20:51:28.212+0000] {processor.py:914} INFO - Processing file /home/airflow/.local/lib/python3.12/site-packages/airflow/example_dags/example_bash_operator.py for tasks to queue
[2025-04-11T20:51:28.220+0000] {logging_mixin.py:190} INFO - [2025-04-11T20:51:28.219+0000] {dagbag.py:588} INFO - Filling up the DagBag from /home/airflow/.local/lib/python3.12/site-packages/airflow/example_dags/example_bash_operator.py
[2025-04-11T20:51:28.447+0000] {processor.py:925} INFO - DAG(s) 'example_bash_operator' retrieved from /home/airflow/.local/lib/python3.12/site-packages/airflow/example_dags/example_bash_operator.py
[2025-04-11T20:51:28.787+0000] {logging_mixin.py:190} INFO - [2025-04-11T20:51:28.786+0000] {dag.py:3239} INFO - Sync 1 DAGs
[2025-04-11T20:51:29.208+0000] {logging_mixin.py:190} INFO - [2025-04-11T20:51:29.207+0000] {dag.py:4180} INFO - Setting next_dagrun for example_bash_operator to 2025-04-10 00:00:00+00:00, run_after=2025-04-11 00:00:00+00:00
[2025-04-11T20:51:29.495+0000] {processor.py:208} INFO - Processing /home/airflow/.local/lib/python3.12/site-packages/airflow/example_dags/example_bash_operator.py took 1.362 seconds
[2025-04-11T20:52:21.586+0000] {processor.py:186} INFO - Started process (PID=1293) to work on /home/airflow/.local/lib/python3.12/site-packages/airflow/example_dags/example_bash_operator.py
[2025-04-11T20:52:21.591+0000] {processor.py:914} INFO - Processing file /home/airflow/.local/lib/python3.12/site-packages/airflow/example_dags/example_bash_operator.py for tasks to queue
[2025-04-11T20:52:21.598+0000] {logging_mixin.py:190} INFO - [2025-04-11T20:52:21.597+0000] {dagbag.py:588} INFO - Filling up the DagBag from /home/airflow/.local/lib/python3.12/site-packages/airflow/example_dags/example_bash_operator.py
[2025-04-11T20:52:21.645+0000] {processor.py:925} INFO - DAG(s) 'example_bash_operator' retrieved from /home/airflow/.local/lib/python3.12/site-packages/airflow/example_dags/example_bash_operator.py
[2025-04-11T20:52:21.747+0000] {logging_mixin.py:190} INFO - [2025-04-11T20:52:21.746+0000] {dag.py:3239} INFO - Sync 1 DAGs
[2025-04-11T20:52:21.944+0000] {logging_mixin.py:190} INFO - [2025-04-11T20:52:21.943+0000] {dag.py:4180} INFO - Setting next_dagrun for example_bash_operator to 2025-04-10 00:00:00+00:00, run_after=2025-04-11 00:00:00+00:00
[2025-04-11T20:52:22.045+0000] {processor.py:208} INFO - Processing /home/airflow/.local/lib/python3.12/site-packages/airflow/example_dags/example_bash_operator.py took 0.487 seconds
[2025-04-11T20:52:53.942+0000] {processor.py:186} INFO - Started process (PID=1357) to work on /home/airflow/.local/lib/python3.12/site-packages/airflow/example_dags/example_bash_operator.py
[2025-04-11T20:52:53.948+0000] {processor.py:914} INFO - Processing file /home/airflow/.local/lib/python3.12/site-packages/airflow/example_dags/example_bash_operator.py for tasks to queue
[2025-04-11T20:52:53.970+0000] {logging_mixin.py:190} INFO - [2025-04-11T20:52:53.969+0000] {dagbag.py:588} INFO - Filling up the DagBag from /home/airflow/.local/lib/python3.12/site-packages/airflow/example_dags/example_bash_operator.py
[2025-04-11T20:52:54.071+0000] {processor.py:925} INFO - DAG(s) 'example_bash_operator' retrieved from /home/airflow/.local/lib/python3.12/site-packages/airflow/example_dags/example_bash_operator.py
[2025-04-11T20:52:54.302+0000] {logging_mixin.py:190} INFO - [2025-04-11T20:52:54.297+0000] {dag.py:3239} INFO - Sync 1 DAGs
[2025-04-11T20:52:54.741+0000] {logging_mixin.py:190} INFO - [2025-04-11T20:52:54.740+0000] {dag.py:4180} INFO - Setting next_dagrun for example_bash_operator to 2025-04-10 00:00:00+00:00, run_after=2025-04-11 00:00:00+00:00
[2025-04-11T20:52:55.110+0000] {processor.py:208} INFO - Processing /home/airflow/.local/lib/python3.12/site-packages/airflow/example_dags/example_bash_operator.py took 1.210 seconds
