[2025-04-11T19:46:42.909+0000] {processor.py:186} INFO - Started process (PID=151) to work on /home/airflow/.local/lib/python3.12/site-packages/airflow/example_dags/example_short_circuit_operator.py
[2025-04-11T19:46:42.956+0000] {processor.py:914} INFO - Processing file /home/airflow/.local/lib/python3.12/site-packages/airflow/example_dags/example_short_circuit_operator.py for tasks to queue
[2025-04-11T19:46:43.000+0000] {logging_mixin.py:190} INFO - [2025-04-11T19:46:42.997+0000] {dagbag.py:588} INFO - Filling up the DagBag from /home/airflow/.local/lib/python3.12/site-packages/airflow/example_dags/example_short_circuit_operator.py
[2025-04-11T19:46:43.129+0000] {processor.py:925} INFO - DAG(s) 'example_short_circuit_operator' retrieved from /home/airflow/.local/lib/python3.12/site-packages/airflow/example_dags/example_short_circuit_operator.py
[2025-04-11T19:46:43.820+0000] {logging_mixin.py:190} INFO - [2025-04-11T19:46:43.819+0000] {override.py:1912} INFO - Created Permission View: can delete on DAG:example_short_circuit_operator
[2025-04-11T19:46:43.942+0000] {logging_mixin.py:190} INFO - [2025-04-11T19:46:43.941+0000] {override.py:1912} INFO - Created Permission View: can read on DAG:example_short_circuit_operator
[2025-04-11T19:46:44.027+0000] {logging_mixin.py:190} INFO - [2025-04-11T19:46:44.026+0000] {override.py:1912} INFO - Created Permission View: can edit on DAG:example_short_circuit_operator
[2025-04-11T19:46:44.095+0000] {logging_mixin.py:190} INFO - [2025-04-11T19:46:44.095+0000] {override.py:1912} INFO - Created Permission View: can create on DAG Run:example_short_circuit_operator
[2025-04-11T19:46:44.481+0000] {logging_mixin.py:190} INFO - [2025-04-11T19:46:44.480+0000] {override.py:1912} INFO - Created Permission View: can read on DAG Run:example_short_circuit_operator
[2025-04-11T19:46:44.871+0000] {logging_mixin.py:190} INFO - [2025-04-11T19:46:44.870+0000] {override.py:1912} INFO - Created Permission View: can delete on DAG Run:example_short_circuit_operator
[2025-04-11T19:46:45.507+0000] {logging_mixin.py:190} INFO - [2025-04-11T19:46:45.507+0000] {override.py:1912} INFO - Created Permission View: menu access on DAG Run:example_short_circuit_operator
[2025-04-11T19:46:45.583+0000] {logging_mixin.py:190} INFO - [2025-04-11T19:46:45.530+0000] {dag.py:3239} INFO - Sync 1 DAGs
[2025-04-11T19:46:45.985+0000] {logging_mixin.py:190} INFO - [2025-04-11T19:46:45.984+0000] {dag.py:3262} INFO - Creating ORM DAG for example_short_circuit_operator
[2025-04-11T19:46:46.047+0000] {logging_mixin.py:190} INFO - [2025-04-11T19:46:46.021+0000] {dag.py:4180} INFO - Setting next_dagrun for example_short_circuit_operator to None, run_after=None
[2025-04-11T19:46:46.407+0000] {processor.py:208} INFO - Processing /home/airflow/.local/lib/python3.12/site-packages/airflow/example_dags/example_short_circuit_operator.py took 3.571 seconds
[2025-04-11T19:47:16.689+0000] {processor.py:186} INFO - Started process (PID=214) to work on /home/airflow/.local/lib/python3.12/site-packages/airflow/example_dags/example_short_circuit_operator.py
[2025-04-11T19:47:16.694+0000] {processor.py:914} INFO - Processing file /home/airflow/.local/lib/python3.12/site-packages/airflow/example_dags/example_short_circuit_operator.py for tasks to queue
[2025-04-11T19:47:16.699+0000] {logging_mixin.py:190} INFO - [2025-04-11T19:47:16.698+0000] {dagbag.py:588} INFO - Filling up the DagBag from /home/airflow/.local/lib/python3.12/site-packages/airflow/example_dags/example_short_circuit_operator.py
[2025-04-11T19:47:16.720+0000] {processor.py:925} INFO - DAG(s) 'example_short_circuit_operator' retrieved from /home/airflow/.local/lib/python3.12/site-packages/airflow/example_dags/example_short_circuit_operator.py
[2025-04-11T19:47:16.803+0000] {logging_mixin.py:190} INFO - [2025-04-11T19:47:16.802+0000] {dag.py:3239} INFO - Sync 1 DAGs
[2025-04-11T19:47:16.844+0000] {logging_mixin.py:190} INFO - [2025-04-11T19:47:16.843+0000] {dag.py:4180} INFO - Setting next_dagrun for example_short_circuit_operator to None, run_after=None
[2025-04-11T19:47:16.903+0000] {processor.py:208} INFO - Processing /home/airflow/.local/lib/python3.12/site-packages/airflow/example_dags/example_short_circuit_operator.py took 0.244 seconds
[2025-04-11T19:53:52.424+0000] {processor.py:186} INFO - Started process (PID=141) to work on /home/airflow/.local/lib/python3.12/site-packages/airflow/example_dags/example_short_circuit_operator.py
[2025-04-11T19:53:52.432+0000] {processor.py:914} INFO - Processing file /home/airflow/.local/lib/python3.12/site-packages/airflow/example_dags/example_short_circuit_operator.py for tasks to queue
[2025-04-11T19:53:52.691+0000] {logging_mixin.py:190} INFO - [2025-04-11T19:53:52.656+0000] {dagbag.py:588} INFO - Filling up the DagBag from /home/airflow/.local/lib/python3.12/site-packages/airflow/example_dags/example_short_circuit_operator.py
[2025-04-11T19:53:53.017+0000] {processor.py:925} INFO - DAG(s) 'example_short_circuit_operator' retrieved from /home/airflow/.local/lib/python3.12/site-packages/airflow/example_dags/example_short_circuit_operator.py
[2025-04-11T19:53:53.779+0000] {logging_mixin.py:190} INFO - [2025-04-11T19:53:53.778+0000] {dag.py:3239} INFO - Sync 1 DAGs
[2025-04-11T19:53:55.305+0000] {logging_mixin.py:190} INFO - [2025-04-11T19:53:55.287+0000] {dag.py:4180} INFO - Setting next_dagrun for example_short_circuit_operator to None, run_after=None
[2025-04-11T19:53:58.720+0000] {processor.py:208} INFO - Processing /home/airflow/.local/lib/python3.12/site-packages/airflow/example_dags/example_short_circuit_operator.py took 6.361 seconds
[2025-04-11T19:54:42.476+0000] {processor.py:186} INFO - Started process (PID=204) to work on /home/airflow/.local/lib/python3.12/site-packages/airflow/example_dags/example_short_circuit_operator.py
[2025-04-11T19:54:42.480+0000] {processor.py:914} INFO - Processing file /home/airflow/.local/lib/python3.12/site-packages/airflow/example_dags/example_short_circuit_operator.py for tasks to queue
[2025-04-11T19:54:42.486+0000] {logging_mixin.py:190} INFO - [2025-04-11T19:54:42.485+0000] {dagbag.py:588} INFO - Filling up the DagBag from /home/airflow/.local/lib/python3.12/site-packages/airflow/example_dags/example_short_circuit_operator.py
[2025-04-11T19:54:42.513+0000] {processor.py:925} INFO - DAG(s) 'example_short_circuit_operator' retrieved from /home/airflow/.local/lib/python3.12/site-packages/airflow/example_dags/example_short_circuit_operator.py
[2025-04-11T19:54:42.586+0000] {logging_mixin.py:190} INFO - [2025-04-11T19:54:42.586+0000] {dag.py:3239} INFO - Sync 1 DAGs
[2025-04-11T19:54:43.222+0000] {logging_mixin.py:190} INFO - [2025-04-11T19:54:43.221+0000] {dag.py:4180} INFO - Setting next_dagrun for example_short_circuit_operator to None, run_after=None
[2025-04-11T19:54:43.353+0000] {processor.py:208} INFO - Processing /home/airflow/.local/lib/python3.12/site-packages/airflow/example_dags/example_short_circuit_operator.py took 0.890 seconds
[2025-04-11T19:55:34.027+0000] {processor.py:186} INFO - Started process (PID=277) to work on /home/airflow/.local/lib/python3.12/site-packages/airflow/example_dags/example_short_circuit_operator.py
[2025-04-11T19:55:34.032+0000] {processor.py:914} INFO - Processing file /home/airflow/.local/lib/python3.12/site-packages/airflow/example_dags/example_short_circuit_operator.py for tasks to queue
[2025-04-11T19:55:34.053+0000] {logging_mixin.py:190} INFO - [2025-04-11T19:55:34.052+0000] {dagbag.py:588} INFO - Filling up the DagBag from /home/airflow/.local/lib/python3.12/site-packages/airflow/example_dags/example_short_circuit_operator.py
[2025-04-11T19:55:34.102+0000] {processor.py:925} INFO - DAG(s) 'example_short_circuit_operator' retrieved from /home/airflow/.local/lib/python3.12/site-packages/airflow/example_dags/example_short_circuit_operator.py
[2025-04-11T19:55:34.277+0000] {logging_mixin.py:190} INFO - [2025-04-11T19:55:34.277+0000] {dag.py:3239} INFO - Sync 1 DAGs
[2025-04-11T19:55:34.387+0000] {logging_mixin.py:190} INFO - [2025-04-11T19:55:34.380+0000] {dag.py:4180} INFO - Setting next_dagrun for example_short_circuit_operator to None, run_after=None
[2025-04-11T19:55:34.628+0000] {processor.py:208} INFO - Processing /home/airflow/.local/lib/python3.12/site-packages/airflow/example_dags/example_short_circuit_operator.py took 0.626 seconds
[2025-04-11T19:56:29.980+0000] {processor.py:186} INFO - Started process (PID=357) to work on /home/airflow/.local/lib/python3.12/site-packages/airflow/example_dags/example_short_circuit_operator.py
[2025-04-11T19:56:29.983+0000] {processor.py:914} INFO - Processing file /home/airflow/.local/lib/python3.12/site-packages/airflow/example_dags/example_short_circuit_operator.py for tasks to queue
[2025-04-11T19:56:29.990+0000] {logging_mixin.py:190} INFO - [2025-04-11T19:56:29.990+0000] {dagbag.py:588} INFO - Filling up the DagBag from /home/airflow/.local/lib/python3.12/site-packages/airflow/example_dags/example_short_circuit_operator.py
[2025-04-11T19:56:30.013+0000] {processor.py:925} INFO - DAG(s) 'example_short_circuit_operator' retrieved from /home/airflow/.local/lib/python3.12/site-packages/airflow/example_dags/example_short_circuit_operator.py
[2025-04-11T19:56:30.078+0000] {logging_mixin.py:190} INFO - [2025-04-11T19:56:30.077+0000] {dag.py:3239} INFO - Sync 1 DAGs
[2025-04-11T19:56:30.112+0000] {logging_mixin.py:190} INFO - [2025-04-11T19:56:30.111+0000] {dag.py:4180} INFO - Setting next_dagrun for example_short_circuit_operator to None, run_after=None
[2025-04-11T19:56:30.161+0000] {processor.py:208} INFO - Processing /home/airflow/.local/lib/python3.12/site-packages/airflow/example_dags/example_short_circuit_operator.py took 0.200 seconds
[2025-04-11T19:59:56.203+0000] {processor.py:186} INFO - Started process (PID=125) to work on /home/airflow/.local/lib/python3.12/site-packages/airflow/example_dags/example_short_circuit_operator.py
[2025-04-11T19:59:56.207+0000] {processor.py:914} INFO - Processing file /home/airflow/.local/lib/python3.12/site-packages/airflow/example_dags/example_short_circuit_operator.py for tasks to queue
[2025-04-11T19:59:56.221+0000] {logging_mixin.py:190} INFO - [2025-04-11T19:59:56.216+0000] {dagbag.py:588} INFO - Filling up the DagBag from /home/airflow/.local/lib/python3.12/site-packages/airflow/example_dags/example_short_circuit_operator.py
[2025-04-11T19:59:56.266+0000] {processor.py:925} INFO - DAG(s) 'example_short_circuit_operator' retrieved from /home/airflow/.local/lib/python3.12/site-packages/airflow/example_dags/example_short_circuit_operator.py
[2025-04-11T19:59:56.742+0000] {logging_mixin.py:190} INFO - [2025-04-11T19:59:56.731+0000] {dag.py:3239} INFO - Sync 1 DAGs
[2025-04-11T19:59:57.018+0000] {logging_mixin.py:190} INFO - [2025-04-11T19:59:57.015+0000] {dag.py:4180} INFO - Setting next_dagrun for example_short_circuit_operator to None, run_after=None
[2025-04-11T19:59:57.326+0000] {processor.py:208} INFO - Processing /home/airflow/.local/lib/python3.12/site-packages/airflow/example_dags/example_short_circuit_operator.py took 1.182 seconds
[2025-04-11T20:00:30.501+0000] {processor.py:186} INFO - Started process (PID=189) to work on /home/airflow/.local/lib/python3.12/site-packages/airflow/example_dags/example_short_circuit_operator.py
[2025-04-11T20:00:30.508+0000] {processor.py:914} INFO - Processing file /home/airflow/.local/lib/python3.12/site-packages/airflow/example_dags/example_short_circuit_operator.py for tasks to queue
[2025-04-11T20:00:30.517+0000] {logging_mixin.py:190} INFO - [2025-04-11T20:00:30.516+0000] {dagbag.py:588} INFO - Filling up the DagBag from /home/airflow/.local/lib/python3.12/site-packages/airflow/example_dags/example_short_circuit_operator.py
[2025-04-11T20:00:30.563+0000] {processor.py:925} INFO - DAG(s) 'example_short_circuit_operator' retrieved from /home/airflow/.local/lib/python3.12/site-packages/airflow/example_dags/example_short_circuit_operator.py
[2025-04-11T20:00:30.774+0000] {logging_mixin.py:190} INFO - [2025-04-11T20:00:30.773+0000] {dag.py:3239} INFO - Sync 1 DAGs
[2025-04-11T20:00:31.000+0000] {logging_mixin.py:190} INFO - [2025-04-11T20:00:31.000+0000] {dag.py:4180} INFO - Setting next_dagrun for example_short_circuit_operator to None, run_after=None
[2025-04-11T20:00:31.527+0000] {processor.py:208} INFO - Processing /home/airflow/.local/lib/python3.12/site-packages/airflow/example_dags/example_short_circuit_operator.py took 1.045 seconds
[2025-04-11T20:14:31.562+0000] {processor.py:186} INFO - Started process (PID=140) to work on /home/airflow/.local/lib/python3.12/site-packages/airflow/example_dags/example_short_circuit_operator.py
[2025-04-11T20:14:31.648+0000] {processor.py:914} INFO - Processing file /home/airflow/.local/lib/python3.12/site-packages/airflow/example_dags/example_short_circuit_operator.py for tasks to queue
[2025-04-11T20:14:31.871+0000] {logging_mixin.py:190} INFO - [2025-04-11T20:14:31.850+0000] {dagbag.py:588} INFO - Filling up the DagBag from /home/airflow/.local/lib/python3.12/site-packages/airflow/example_dags/example_short_circuit_operator.py
[2025-04-11T20:14:32.325+0000] {processor.py:925} INFO - DAG(s) 'example_short_circuit_operator' retrieved from /home/airflow/.local/lib/python3.12/site-packages/airflow/example_dags/example_short_circuit_operator.py
[2025-04-11T20:14:33.230+0000] {logging_mixin.py:190} INFO - [2025-04-11T20:14:33.230+0000] {dag.py:3239} INFO - Sync 1 DAGs
[2025-04-11T20:14:33.794+0000] {logging_mixin.py:190} INFO - [2025-04-11T20:14:33.793+0000] {dag.py:4180} INFO - Setting next_dagrun for example_short_circuit_operator to None, run_after=None
[2025-04-11T20:14:34.903+0000] {processor.py:208} INFO - Processing /home/airflow/.local/lib/python3.12/site-packages/airflow/example_dags/example_short_circuit_operator.py took 3.593 seconds
[2025-04-11T20:16:15.042+0000] {processor.py:186} INFO - Started process (PID=229) to work on /home/airflow/.local/lib/python3.12/site-packages/airflow/example_dags/example_short_circuit_operator.py
[2025-04-11T20:16:15.055+0000] {processor.py:914} INFO - Processing file /home/airflow/.local/lib/python3.12/site-packages/airflow/example_dags/example_short_circuit_operator.py for tasks to queue
[2025-04-11T20:16:15.080+0000] {logging_mixin.py:190} INFO - [2025-04-11T20:16:15.079+0000] {dagbag.py:588} INFO - Filling up the DagBag from /home/airflow/.local/lib/python3.12/site-packages/airflow/example_dags/example_short_circuit_operator.py
[2025-04-11T20:16:15.195+0000] {processor.py:925} INFO - DAG(s) 'example_short_circuit_operator' retrieved from /home/airflow/.local/lib/python3.12/site-packages/airflow/example_dags/example_short_circuit_operator.py
[2025-04-11T20:16:15.408+0000] {logging_mixin.py:190} INFO - [2025-04-11T20:16:15.398+0000] {dag.py:3239} INFO - Sync 1 DAGs
[2025-04-11T20:16:15.490+0000] {logging_mixin.py:190} INFO - [2025-04-11T20:16:15.488+0000] {dag.py:4180} INFO - Setting next_dagrun for example_short_circuit_operator to None, run_after=None
[2025-04-11T20:16:15.651+0000] {processor.py:208} INFO - Processing /home/airflow/.local/lib/python3.12/site-packages/airflow/example_dags/example_short_circuit_operator.py took 0.637 seconds
[2025-04-11T20:16:51.913+0000] {processor.py:186} INFO - Started process (PID=293) to work on /home/airflow/.local/lib/python3.12/site-packages/airflow/example_dags/example_short_circuit_operator.py
[2025-04-11T20:16:51.918+0000] {processor.py:914} INFO - Processing file /home/airflow/.local/lib/python3.12/site-packages/airflow/example_dags/example_short_circuit_operator.py for tasks to queue
[2025-04-11T20:16:51.923+0000] {logging_mixin.py:190} INFO - [2025-04-11T20:16:51.923+0000] {dagbag.py:588} INFO - Filling up the DagBag from /home/airflow/.local/lib/python3.12/site-packages/airflow/example_dags/example_short_circuit_operator.py
[2025-04-11T20:16:51.949+0000] {processor.py:925} INFO - DAG(s) 'example_short_circuit_operator' retrieved from /home/airflow/.local/lib/python3.12/site-packages/airflow/example_dags/example_short_circuit_operator.py
[2025-04-11T20:16:52.134+0000] {logging_mixin.py:190} INFO - [2025-04-11T20:16:52.132+0000] {dag.py:3239} INFO - Sync 1 DAGs
[2025-04-11T20:16:52.234+0000] {logging_mixin.py:190} INFO - [2025-04-11T20:16:52.234+0000] {dag.py:4180} INFO - Setting next_dagrun for example_short_circuit_operator to None, run_after=None
[2025-04-11T20:16:52.298+0000] {processor.py:208} INFO - Processing /home/airflow/.local/lib/python3.12/site-packages/airflow/example_dags/example_short_circuit_operator.py took 0.400 seconds
[2025-04-11T20:17:28.368+0000] {processor.py:186} INFO - Started process (PID=357) to work on /home/airflow/.local/lib/python3.12/site-packages/airflow/example_dags/example_short_circuit_operator.py
[2025-04-11T20:17:28.372+0000] {processor.py:914} INFO - Processing file /home/airflow/.local/lib/python3.12/site-packages/airflow/example_dags/example_short_circuit_operator.py for tasks to queue
[2025-04-11T20:17:28.377+0000] {logging_mixin.py:190} INFO - [2025-04-11T20:17:28.376+0000] {dagbag.py:588} INFO - Filling up the DagBag from /home/airflow/.local/lib/python3.12/site-packages/airflow/example_dags/example_short_circuit_operator.py
[2025-04-11T20:17:28.399+0000] {processor.py:925} INFO - DAG(s) 'example_short_circuit_operator' retrieved from /home/airflow/.local/lib/python3.12/site-packages/airflow/example_dags/example_short_circuit_operator.py
[2025-04-11T20:17:28.479+0000] {logging_mixin.py:190} INFO - [2025-04-11T20:17:28.478+0000] {dag.py:3239} INFO - Sync 1 DAGs
[2025-04-11T20:17:28.521+0000] {logging_mixin.py:190} INFO - [2025-04-11T20:17:28.521+0000] {dag.py:4180} INFO - Setting next_dagrun for example_short_circuit_operator to None, run_after=None
[2025-04-11T20:17:28.581+0000] {processor.py:208} INFO - Processing /home/airflow/.local/lib/python3.12/site-packages/airflow/example_dags/example_short_circuit_operator.py took 0.227 seconds
[2025-04-11T20:24:37.880+0000] {processor.py:186} INFO - Started process (PID=155) to work on /home/airflow/.local/lib/python3.12/site-packages/airflow/example_dags/example_short_circuit_operator.py
[2025-04-11T20:24:37.884+0000] {processor.py:914} INFO - Processing file /home/airflow/.local/lib/python3.12/site-packages/airflow/example_dags/example_short_circuit_operator.py for tasks to queue
[2025-04-11T20:24:37.911+0000] {logging_mixin.py:190} INFO - [2025-04-11T20:24:37.908+0000] {dagbag.py:588} INFO - Filling up the DagBag from /home/airflow/.local/lib/python3.12/site-packages/airflow/example_dags/example_short_circuit_operator.py
[2025-04-11T20:24:37.968+0000] {processor.py:925} INFO - DAG(s) 'example_short_circuit_operator' retrieved from /home/airflow/.local/lib/python3.12/site-packages/airflow/example_dags/example_short_circuit_operator.py
[2025-04-11T20:24:38.809+0000] {logging_mixin.py:190} INFO - [2025-04-11T20:24:38.808+0000] {override.py:1912} INFO - Created Permission View: can read on DAG:example_short_circuit_operator
[2025-04-11T20:24:38.859+0000] {logging_mixin.py:190} INFO - [2025-04-11T20:24:38.859+0000] {override.py:1912} INFO - Created Permission View: can edit on DAG:example_short_circuit_operator
[2025-04-11T20:24:38.886+0000] {logging_mixin.py:190} INFO - [2025-04-11T20:24:38.885+0000] {override.py:1912} INFO - Created Permission View: can delete on DAG:example_short_circuit_operator
[2025-04-11T20:24:38.921+0000] {logging_mixin.py:190} INFO - [2025-04-11T20:24:38.920+0000] {override.py:1912} INFO - Created Permission View: can create on DAG Run:example_short_circuit_operator
[2025-04-11T20:24:38.951+0000] {logging_mixin.py:190} INFO - [2025-04-11T20:24:38.951+0000] {override.py:1912} INFO - Created Permission View: can read on DAG Run:example_short_circuit_operator
[2025-04-11T20:24:38.978+0000] {logging_mixin.py:190} INFO - [2025-04-11T20:24:38.977+0000] {override.py:1912} INFO - Created Permission View: can delete on DAG Run:example_short_circuit_operator
[2025-04-11T20:24:38.995+0000] {logging_mixin.py:190} INFO - [2025-04-11T20:24:38.995+0000] {override.py:1912} INFO - Created Permission View: menu access on DAG Run:example_short_circuit_operator
[2025-04-11T20:24:38.997+0000] {logging_mixin.py:190} INFO - [2025-04-11T20:24:38.996+0000] {dag.py:3239} INFO - Sync 1 DAGs
[2025-04-11T20:24:39.035+0000] {logging_mixin.py:190} INFO - [2025-04-11T20:24:39.034+0000] {dag.py:3262} INFO - Creating ORM DAG for example_short_circuit_operator
[2025-04-11T20:24:39.037+0000] {logging_mixin.py:190} INFO - [2025-04-11T20:24:39.037+0000] {dag.py:4180} INFO - Setting next_dagrun for example_short_circuit_operator to None, run_after=None
[2025-04-11T20:24:39.072+0000] {processor.py:208} INFO - Processing /home/airflow/.local/lib/python3.12/site-packages/airflow/example_dags/example_short_circuit_operator.py took 1.230 seconds
[2025-04-11T20:25:15.254+0000] {processor.py:186} INFO - Started process (PID=222) to work on /home/airflow/.local/lib/python3.12/site-packages/airflow/example_dags/example_short_circuit_operator.py
[2025-04-11T20:25:15.258+0000] {processor.py:914} INFO - Processing file /home/airflow/.local/lib/python3.12/site-packages/airflow/example_dags/example_short_circuit_operator.py for tasks to queue
[2025-04-11T20:25:15.268+0000] {logging_mixin.py:190} INFO - [2025-04-11T20:25:15.268+0000] {dagbag.py:588} INFO - Filling up the DagBag from /home/airflow/.local/lib/python3.12/site-packages/airflow/example_dags/example_short_circuit_operator.py
[2025-04-11T20:25:15.295+0000] {processor.py:925} INFO - DAG(s) 'example_short_circuit_operator' retrieved from /home/airflow/.local/lib/python3.12/site-packages/airflow/example_dags/example_short_circuit_operator.py
[2025-04-11T20:25:15.362+0000] {logging_mixin.py:190} INFO - [2025-04-11T20:25:15.362+0000] {dag.py:3239} INFO - Sync 1 DAGs
[2025-04-11T20:25:15.409+0000] {logging_mixin.py:190} INFO - [2025-04-11T20:25:15.409+0000] {dag.py:4180} INFO - Setting next_dagrun for example_short_circuit_operator to None, run_after=None
[2025-04-11T20:25:15.471+0000] {processor.py:208} INFO - Processing /home/airflow/.local/lib/python3.12/site-packages/airflow/example_dags/example_short_circuit_operator.py took 0.231 seconds
[2025-04-11T20:28:53.123+0000] {processor.py:186} INFO - Started process (PID=125) to work on /home/airflow/.local/lib/python3.12/site-packages/airflow/example_dags/example_short_circuit_operator.py
[2025-04-11T20:28:53.126+0000] {processor.py:914} INFO - Processing file /home/airflow/.local/lib/python3.12/site-packages/airflow/example_dags/example_short_circuit_operator.py for tasks to queue
[2025-04-11T20:28:53.133+0000] {logging_mixin.py:190} INFO - [2025-04-11T20:28:53.133+0000] {dagbag.py:588} INFO - Filling up the DagBag from /home/airflow/.local/lib/python3.12/site-packages/airflow/example_dags/example_short_circuit_operator.py
[2025-04-11T20:28:53.159+0000] {processor.py:925} INFO - DAG(s) 'example_short_circuit_operator' retrieved from /home/airflow/.local/lib/python3.12/site-packages/airflow/example_dags/example_short_circuit_operator.py
[2025-04-11T20:28:53.231+0000] {logging_mixin.py:190} INFO - [2025-04-11T20:28:53.231+0000] {dag.py:3239} INFO - Sync 1 DAGs
[2025-04-11T20:28:53.311+0000] {logging_mixin.py:190} INFO - [2025-04-11T20:28:53.311+0000] {dag.py:4180} INFO - Setting next_dagrun for example_short_circuit_operator to None, run_after=None
[2025-04-11T20:28:53.365+0000] {processor.py:208} INFO - Processing /home/airflow/.local/lib/python3.12/site-packages/airflow/example_dags/example_short_circuit_operator.py took 0.279 seconds
[2025-04-11T20:29:25.500+0000] {processor.py:186} INFO - Started process (PID=188) to work on /home/airflow/.local/lib/python3.12/site-packages/airflow/example_dags/example_short_circuit_operator.py
[2025-04-11T20:29:25.506+0000] {processor.py:914} INFO - Processing file /home/airflow/.local/lib/python3.12/site-packages/airflow/example_dags/example_short_circuit_operator.py for tasks to queue
[2025-04-11T20:29:25.514+0000] {logging_mixin.py:190} INFO - [2025-04-11T20:29:25.514+0000] {dagbag.py:588} INFO - Filling up the DagBag from /home/airflow/.local/lib/python3.12/site-packages/airflow/example_dags/example_short_circuit_operator.py
[2025-04-11T20:29:25.570+0000] {processor.py:925} INFO - DAG(s) 'example_short_circuit_operator' retrieved from /home/airflow/.local/lib/python3.12/site-packages/airflow/example_dags/example_short_circuit_operator.py
[2025-04-11T20:29:25.753+0000] {logging_mixin.py:190} INFO - [2025-04-11T20:29:25.750+0000] {dag.py:3239} INFO - Sync 1 DAGs
[2025-04-11T20:29:25.830+0000] {logging_mixin.py:190} INFO - [2025-04-11T20:29:25.829+0000] {dag.py:4180} INFO - Setting next_dagrun for example_short_circuit_operator to None, run_after=None
[2025-04-11T20:29:25.949+0000] {processor.py:208} INFO - Processing /home/airflow/.local/lib/python3.12/site-packages/airflow/example_dags/example_short_circuit_operator.py took 0.479 seconds
[2025-04-11T20:30:17.595+0000] {processor.py:186} INFO - Started process (PID=252) to work on /home/airflow/.local/lib/python3.12/site-packages/airflow/example_dags/example_short_circuit_operator.py
[2025-04-11T20:30:17.606+0000] {processor.py:914} INFO - Processing file /home/airflow/.local/lib/python3.12/site-packages/airflow/example_dags/example_short_circuit_operator.py for tasks to queue
[2025-04-11T20:30:17.617+0000] {logging_mixin.py:190} INFO - [2025-04-11T20:30:17.616+0000] {dagbag.py:588} INFO - Filling up the DagBag from /home/airflow/.local/lib/python3.12/site-packages/airflow/example_dags/example_short_circuit_operator.py
[2025-04-11T20:30:17.713+0000] {processor.py:925} INFO - DAG(s) 'example_short_circuit_operator' retrieved from /home/airflow/.local/lib/python3.12/site-packages/airflow/example_dags/example_short_circuit_operator.py
[2025-04-11T20:30:18.422+0000] {logging_mixin.py:190} INFO - [2025-04-11T20:30:18.420+0000] {dag.py:3239} INFO - Sync 1 DAGs
[2025-04-11T20:30:18.538+0000] {logging_mixin.py:190} INFO - [2025-04-11T20:30:18.538+0000] {dag.py:4180} INFO - Setting next_dagrun for example_short_circuit_operator to None, run_after=None
[2025-04-11T20:30:18.703+0000] {processor.py:208} INFO - Processing /home/airflow/.local/lib/python3.12/site-packages/airflow/example_dags/example_short_circuit_operator.py took 1.189 seconds
[2025-04-11T20:31:08.550+0000] {processor.py:186} INFO - Started process (PID=325) to work on /home/airflow/.local/lib/python3.12/site-packages/airflow/example_dags/example_short_circuit_operator.py
[2025-04-11T20:31:08.557+0000] {processor.py:914} INFO - Processing file /home/airflow/.local/lib/python3.12/site-packages/airflow/example_dags/example_short_circuit_operator.py for tasks to queue
[2025-04-11T20:31:08.565+0000] {logging_mixin.py:190} INFO - [2025-04-11T20:31:08.565+0000] {dagbag.py:588} INFO - Filling up the DagBag from /home/airflow/.local/lib/python3.12/site-packages/airflow/example_dags/example_short_circuit_operator.py
[2025-04-11T20:31:08.621+0000] {processor.py:925} INFO - DAG(s) 'example_short_circuit_operator' retrieved from /home/airflow/.local/lib/python3.12/site-packages/airflow/example_dags/example_short_circuit_operator.py
[2025-04-11T20:31:08.700+0000] {logging_mixin.py:190} INFO - [2025-04-11T20:31:08.699+0000] {dag.py:3239} INFO - Sync 1 DAGs
[2025-04-11T20:31:08.746+0000] {logging_mixin.py:190} INFO - [2025-04-11T20:31:08.746+0000] {dag.py:4180} INFO - Setting next_dagrun for example_short_circuit_operator to None, run_after=None
[2025-04-11T20:31:08.810+0000] {processor.py:208} INFO - Processing /home/airflow/.local/lib/python3.12/site-packages/airflow/example_dags/example_short_circuit_operator.py took 0.294 seconds
[2025-04-11T20:31:42.010+0000] {processor.py:186} INFO - Started process (PID=390) to work on /home/airflow/.local/lib/python3.12/site-packages/airflow/example_dags/example_short_circuit_operator.py
[2025-04-11T20:31:42.017+0000] {processor.py:914} INFO - Processing file /home/airflow/.local/lib/python3.12/site-packages/airflow/example_dags/example_short_circuit_operator.py for tasks to queue
[2025-04-11T20:31:42.032+0000] {logging_mixin.py:190} INFO - [2025-04-11T20:31:42.027+0000] {dagbag.py:588} INFO - Filling up the DagBag from /home/airflow/.local/lib/python3.12/site-packages/airflow/example_dags/example_short_circuit_operator.py
[2025-04-11T20:31:42.066+0000] {processor.py:925} INFO - DAG(s) 'example_short_circuit_operator' retrieved from /home/airflow/.local/lib/python3.12/site-packages/airflow/example_dags/example_short_circuit_operator.py
[2025-04-11T20:31:42.350+0000] {logging_mixin.py:190} INFO - [2025-04-11T20:31:42.349+0000] {dag.py:3239} INFO - Sync 1 DAGs
[2025-04-11T20:31:42.394+0000] {logging_mixin.py:190} INFO - [2025-04-11T20:31:42.393+0000] {dag.py:4180} INFO - Setting next_dagrun for example_short_circuit_operator to None, run_after=None
[2025-04-11T20:31:42.466+0000] {processor.py:208} INFO - Processing /home/airflow/.local/lib/python3.12/site-packages/airflow/example_dags/example_short_circuit_operator.py took 0.493 seconds
[2025-04-11T20:32:15.101+0000] {processor.py:186} INFO - Started process (PID=454) to work on /home/airflow/.local/lib/python3.12/site-packages/airflow/example_dags/example_short_circuit_operator.py
[2025-04-11T20:32:15.106+0000] {processor.py:914} INFO - Processing file /home/airflow/.local/lib/python3.12/site-packages/airflow/example_dags/example_short_circuit_operator.py for tasks to queue
[2025-04-11T20:32:15.112+0000] {logging_mixin.py:190} INFO - [2025-04-11T20:32:15.111+0000] {dagbag.py:588} INFO - Filling up the DagBag from /home/airflow/.local/lib/python3.12/site-packages/airflow/example_dags/example_short_circuit_operator.py
[2025-04-11T20:32:15.138+0000] {processor.py:925} INFO - DAG(s) 'example_short_circuit_operator' retrieved from /home/airflow/.local/lib/python3.12/site-packages/airflow/example_dags/example_short_circuit_operator.py
[2025-04-11T20:32:15.269+0000] {logging_mixin.py:190} INFO - [2025-04-11T20:32:15.268+0000] {dag.py:3239} INFO - Sync 1 DAGs
[2025-04-11T20:32:15.396+0000] {logging_mixin.py:190} INFO - [2025-04-11T20:32:15.395+0000] {dag.py:4180} INFO - Setting next_dagrun for example_short_circuit_operator to None, run_after=None
[2025-04-11T20:32:15.489+0000] {processor.py:208} INFO - Processing /home/airflow/.local/lib/python3.12/site-packages/airflow/example_dags/example_short_circuit_operator.py took 0.403 seconds
[2025-04-11T20:33:28.363+0000] {processor.py:186} INFO - Started process (PID=540) to work on /home/airflow/.local/lib/python3.12/site-packages/airflow/example_dags/example_short_circuit_operator.py
[2025-04-11T20:33:28.377+0000] {processor.py:914} INFO - Processing file /home/airflow/.local/lib/python3.12/site-packages/airflow/example_dags/example_short_circuit_operator.py for tasks to queue
[2025-04-11T20:33:28.389+0000] {logging_mixin.py:190} INFO - [2025-04-11T20:33:28.388+0000] {dagbag.py:588} INFO - Filling up the DagBag from /home/airflow/.local/lib/python3.12/site-packages/airflow/example_dags/example_short_circuit_operator.py
[2025-04-11T20:33:28.444+0000] {processor.py:925} INFO - DAG(s) 'example_short_circuit_operator' retrieved from /home/airflow/.local/lib/python3.12/site-packages/airflow/example_dags/example_short_circuit_operator.py
[2025-04-11T20:33:28.653+0000] {logging_mixin.py:190} INFO - [2025-04-11T20:33:28.652+0000] {dag.py:3239} INFO - Sync 1 DAGs
[2025-04-11T20:33:28.880+0000] {logging_mixin.py:190} INFO - [2025-04-11T20:33:28.876+0000] {dag.py:4180} INFO - Setting next_dagrun for example_short_circuit_operator to None, run_after=None
[2025-04-11T20:33:28.994+0000] {processor.py:208} INFO - Processing /home/airflow/.local/lib/python3.12/site-packages/airflow/example_dags/example_short_circuit_operator.py took 0.768 seconds
[2025-04-11T20:36:07.882+0000] {processor.py:186} INFO - Started process (PID=129) to work on /home/airflow/.local/lib/python3.12/site-packages/airflow/example_dags/example_short_circuit_operator.py
[2025-04-11T20:36:07.885+0000] {processor.py:914} INFO - Processing file /home/airflow/.local/lib/python3.12/site-packages/airflow/example_dags/example_short_circuit_operator.py for tasks to queue
[2025-04-11T20:36:07.890+0000] {logging_mixin.py:190} INFO - [2025-04-11T20:36:07.889+0000] {dagbag.py:588} INFO - Filling up the DagBag from /home/airflow/.local/lib/python3.12/site-packages/airflow/example_dags/example_short_circuit_operator.py
[2025-04-11T20:36:07.915+0000] {processor.py:925} INFO - DAG(s) 'example_short_circuit_operator' retrieved from /home/airflow/.local/lib/python3.12/site-packages/airflow/example_dags/example_short_circuit_operator.py
[2025-04-11T20:36:07.975+0000] {logging_mixin.py:190} INFO - [2025-04-11T20:36:07.974+0000] {dag.py:3239} INFO - Sync 1 DAGs
[2025-04-11T20:36:08.017+0000] {logging_mixin.py:190} INFO - [2025-04-11T20:36:08.016+0000] {dag.py:4180} INFO - Setting next_dagrun for example_short_circuit_operator to None, run_after=None
[2025-04-11T20:36:08.063+0000] {processor.py:208} INFO - Processing /home/airflow/.local/lib/python3.12/site-packages/airflow/example_dags/example_short_circuit_operator.py took 0.194 seconds
[2025-04-11T20:36:41.708+0000] {processor.py:186} INFO - Started process (PID=192) to work on /home/airflow/.local/lib/python3.12/site-packages/airflow/example_dags/example_short_circuit_operator.py
[2025-04-11T20:36:41.712+0000] {processor.py:914} INFO - Processing file /home/airflow/.local/lib/python3.12/site-packages/airflow/example_dags/example_short_circuit_operator.py for tasks to queue
[2025-04-11T20:36:41.720+0000] {logging_mixin.py:190} INFO - [2025-04-11T20:36:41.719+0000] {dagbag.py:588} INFO - Filling up the DagBag from /home/airflow/.local/lib/python3.12/site-packages/airflow/example_dags/example_short_circuit_operator.py
[2025-04-11T20:36:41.749+0000] {processor.py:925} INFO - DAG(s) 'example_short_circuit_operator' retrieved from /home/airflow/.local/lib/python3.12/site-packages/airflow/example_dags/example_short_circuit_operator.py
[2025-04-11T20:36:41.830+0000] {logging_mixin.py:190} INFO - [2025-04-11T20:36:41.830+0000] {dag.py:3239} INFO - Sync 1 DAGs
[2025-04-11T20:36:41.962+0000] {logging_mixin.py:190} INFO - [2025-04-11T20:36:41.961+0000] {dag.py:4180} INFO - Setting next_dagrun for example_short_circuit_operator to None, run_after=None
[2025-04-11T20:36:42.016+0000] {processor.py:208} INFO - Processing /home/airflow/.local/lib/python3.12/site-packages/airflow/example_dags/example_short_circuit_operator.py took 0.329 seconds
[2025-04-11T20:37:30.222+0000] {processor.py:186} INFO - Started process (PID=264) to work on /home/airflow/.local/lib/python3.12/site-packages/airflow/example_dags/example_short_circuit_operator.py
[2025-04-11T20:37:30.283+0000] {processor.py:914} INFO - Processing file /home/airflow/.local/lib/python3.12/site-packages/airflow/example_dags/example_short_circuit_operator.py for tasks to queue
[2025-04-11T20:37:30.300+0000] {logging_mixin.py:190} INFO - [2025-04-11T20:37:30.299+0000] {dagbag.py:588} INFO - Filling up the DagBag from /home/airflow/.local/lib/python3.12/site-packages/airflow/example_dags/example_short_circuit_operator.py
[2025-04-11T20:37:30.386+0000] {processor.py:925} INFO - DAG(s) 'example_short_circuit_operator' retrieved from /home/airflow/.local/lib/python3.12/site-packages/airflow/example_dags/example_short_circuit_operator.py
[2025-04-11T20:37:30.551+0000] {logging_mixin.py:190} INFO - [2025-04-11T20:37:30.551+0000] {dag.py:3239} INFO - Sync 1 DAGs
[2025-04-11T20:37:30.612+0000] {logging_mixin.py:190} INFO - [2025-04-11T20:37:30.612+0000] {dag.py:4180} INFO - Setting next_dagrun for example_short_circuit_operator to None, run_after=None
[2025-04-11T20:37:30.699+0000] {processor.py:208} INFO - Processing /home/airflow/.local/lib/python3.12/site-packages/airflow/example_dags/example_short_circuit_operator.py took 0.612 seconds
[2025-04-11T20:38:30.562+0000] {processor.py:186} INFO - Started process (PID=343) to work on /home/airflow/.local/lib/python3.12/site-packages/airflow/example_dags/example_short_circuit_operator.py
[2025-04-11T20:38:30.570+0000] {processor.py:914} INFO - Processing file /home/airflow/.local/lib/python3.12/site-packages/airflow/example_dags/example_short_circuit_operator.py for tasks to queue
[2025-04-11T20:38:30.584+0000] {logging_mixin.py:190} INFO - [2025-04-11T20:38:30.581+0000] {dagbag.py:588} INFO - Filling up the DagBag from /home/airflow/.local/lib/python3.12/site-packages/airflow/example_dags/example_short_circuit_operator.py
[2025-04-11T20:38:30.626+0000] {processor.py:925} INFO - DAG(s) 'example_short_circuit_operator' retrieved from /home/airflow/.local/lib/python3.12/site-packages/airflow/example_dags/example_short_circuit_operator.py
[2025-04-11T20:38:30.737+0000] {logging_mixin.py:190} INFO - [2025-04-11T20:38:30.736+0000] {dag.py:3239} INFO - Sync 1 DAGs
[2025-04-11T20:38:30.821+0000] {logging_mixin.py:190} INFO - [2025-04-11T20:38:30.817+0000] {dag.py:4180} INFO - Setting next_dagrun for example_short_circuit_operator to None, run_after=None
[2025-04-11T20:38:30.916+0000] {processor.py:208} INFO - Processing /home/airflow/.local/lib/python3.12/site-packages/airflow/example_dags/example_short_circuit_operator.py took 0.388 seconds
[2025-04-11T20:39:43.054+0000] {processor.py:186} INFO - Started process (PID=420) to work on /home/airflow/.local/lib/python3.12/site-packages/airflow/example_dags/example_short_circuit_operator.py
[2025-04-11T20:39:43.065+0000] {processor.py:914} INFO - Processing file /home/airflow/.local/lib/python3.12/site-packages/airflow/example_dags/example_short_circuit_operator.py for tasks to queue
[2025-04-11T20:39:43.095+0000] {logging_mixin.py:190} INFO - [2025-04-11T20:39:43.094+0000] {dagbag.py:588} INFO - Filling up the DagBag from /home/airflow/.local/lib/python3.12/site-packages/airflow/example_dags/example_short_circuit_operator.py
[2025-04-11T20:39:43.167+0000] {processor.py:925} INFO - DAG(s) 'example_short_circuit_operator' retrieved from /home/airflow/.local/lib/python3.12/site-packages/airflow/example_dags/example_short_circuit_operator.py
[2025-04-11T20:39:43.296+0000] {logging_mixin.py:190} INFO - [2025-04-11T20:39:43.292+0000] {dag.py:3239} INFO - Sync 1 DAGs
[2025-04-11T20:39:43.372+0000] {logging_mixin.py:190} INFO - [2025-04-11T20:39:43.371+0000] {dag.py:4180} INFO - Setting next_dagrun for example_short_circuit_operator to None, run_after=None
[2025-04-11T20:39:43.629+0000] {processor.py:208} INFO - Processing /home/airflow/.local/lib/python3.12/site-packages/airflow/example_dags/example_short_circuit_operator.py took 0.632 seconds
[2025-04-11T20:40:21.085+0000] {processor.py:186} INFO - Started process (PID=485) to work on /home/airflow/.local/lib/python3.12/site-packages/airflow/example_dags/example_short_circuit_operator.py
[2025-04-11T20:40:21.091+0000] {processor.py:914} INFO - Processing file /home/airflow/.local/lib/python3.12/site-packages/airflow/example_dags/example_short_circuit_operator.py for tasks to queue
[2025-04-11T20:40:21.116+0000] {logging_mixin.py:190} INFO - [2025-04-11T20:40:21.115+0000] {dagbag.py:588} INFO - Filling up the DagBag from /home/airflow/.local/lib/python3.12/site-packages/airflow/example_dags/example_short_circuit_operator.py
[2025-04-11T20:40:21.243+0000] {processor.py:925} INFO - DAG(s) 'example_short_circuit_operator' retrieved from /home/airflow/.local/lib/python3.12/site-packages/airflow/example_dags/example_short_circuit_operator.py
[2025-04-11T20:40:21.614+0000] {logging_mixin.py:190} INFO - [2025-04-11T20:40:21.611+0000] {dag.py:3239} INFO - Sync 1 DAGs
[2025-04-11T20:40:21.678+0000] {logging_mixin.py:190} INFO - [2025-04-11T20:40:21.676+0000] {dag.py:4180} INFO - Setting next_dagrun for example_short_circuit_operator to None, run_after=None
[2025-04-11T20:40:21.834+0000] {processor.py:208} INFO - Processing /home/airflow/.local/lib/python3.12/site-packages/airflow/example_dags/example_short_circuit_operator.py took 0.768 seconds
[2025-04-11T20:41:05.221+0000] {processor.py:186} INFO - Started process (PID=553) to work on /home/airflow/.local/lib/python3.12/site-packages/airflow/example_dags/example_short_circuit_operator.py
[2025-04-11T20:41:05.229+0000] {processor.py:914} INFO - Processing file /home/airflow/.local/lib/python3.12/site-packages/airflow/example_dags/example_short_circuit_operator.py for tasks to queue
[2025-04-11T20:41:05.246+0000] {logging_mixin.py:190} INFO - [2025-04-11T20:41:05.245+0000] {dagbag.py:588} INFO - Filling up the DagBag from /home/airflow/.local/lib/python3.12/site-packages/airflow/example_dags/example_short_circuit_operator.py
[2025-04-11T20:41:05.335+0000] {processor.py:925} INFO - DAG(s) 'example_short_circuit_operator' retrieved from /home/airflow/.local/lib/python3.12/site-packages/airflow/example_dags/example_short_circuit_operator.py
[2025-04-11T20:41:05.479+0000] {logging_mixin.py:190} INFO - [2025-04-11T20:41:05.478+0000] {dag.py:3239} INFO - Sync 1 DAGs
[2025-04-11T20:41:05.557+0000] {logging_mixin.py:190} INFO - [2025-04-11T20:41:05.555+0000] {dag.py:4180} INFO - Setting next_dagrun for example_short_circuit_operator to None, run_after=None
[2025-04-11T20:41:05.637+0000] {processor.py:208} INFO - Processing /home/airflow/.local/lib/python3.12/site-packages/airflow/example_dags/example_short_circuit_operator.py took 0.485 seconds
[2025-04-11T20:41:40.993+0000] {processor.py:186} INFO - Started process (PID=623) to work on /home/airflow/.local/lib/python3.12/site-packages/airflow/example_dags/example_short_circuit_operator.py
[2025-04-11T20:41:40.998+0000] {processor.py:914} INFO - Processing file /home/airflow/.local/lib/python3.12/site-packages/airflow/example_dags/example_short_circuit_operator.py for tasks to queue
[2025-04-11T20:41:41.031+0000] {logging_mixin.py:190} INFO - [2025-04-11T20:41:41.029+0000] {dagbag.py:588} INFO - Filling up the DagBag from /home/airflow/.local/lib/python3.12/site-packages/airflow/example_dags/example_short_circuit_operator.py
[2025-04-11T20:41:41.126+0000] {processor.py:925} INFO - DAG(s) 'example_short_circuit_operator' retrieved from /home/airflow/.local/lib/python3.12/site-packages/airflow/example_dags/example_short_circuit_operator.py
[2025-04-11T20:41:41.242+0000] {logging_mixin.py:190} INFO - [2025-04-11T20:41:41.241+0000] {dag.py:3239} INFO - Sync 1 DAGs
[2025-04-11T20:41:41.332+0000] {logging_mixin.py:190} INFO - [2025-04-11T20:41:41.332+0000] {dag.py:4180} INFO - Setting next_dagrun for example_short_circuit_operator to None, run_after=None
[2025-04-11T20:41:41.459+0000] {processor.py:208} INFO - Processing /home/airflow/.local/lib/python3.12/site-packages/airflow/example_dags/example_short_circuit_operator.py took 0.483 seconds
[2025-04-11T20:43:35.696+0000] {processor.py:186} INFO - Started process (PID=704) to work on /home/airflow/.local/lib/python3.12/site-packages/airflow/example_dags/example_short_circuit_operator.py
[2025-04-11T20:43:35.700+0000] {processor.py:914} INFO - Processing file /home/airflow/.local/lib/python3.12/site-packages/airflow/example_dags/example_short_circuit_operator.py for tasks to queue
[2025-04-11T20:43:35.712+0000] {logging_mixin.py:190} INFO - [2025-04-11T20:43:35.711+0000] {dagbag.py:588} INFO - Filling up the DagBag from /home/airflow/.local/lib/python3.12/site-packages/airflow/example_dags/example_short_circuit_operator.py
[2025-04-11T20:43:35.762+0000] {processor.py:925} INFO - DAG(s) 'example_short_circuit_operator' retrieved from /home/airflow/.local/lib/python3.12/site-packages/airflow/example_dags/example_short_circuit_operator.py
[2025-04-11T20:43:35.903+0000] {logging_mixin.py:190} INFO - [2025-04-11T20:43:35.900+0000] {dag.py:3239} INFO - Sync 1 DAGs
[2025-04-11T20:43:36.083+0000] {logging_mixin.py:190} INFO - [2025-04-11T20:43:36.077+0000] {dag.py:4180} INFO - Setting next_dagrun for example_short_circuit_operator to None, run_after=None
[2025-04-11T20:43:36.291+0000] {processor.py:208} INFO - Processing /home/airflow/.local/lib/python3.12/site-packages/airflow/example_dags/example_short_circuit_operator.py took 0.613 seconds
[2025-04-11T20:44:25.027+0000] {processor.py:186} INFO - Started process (PID=772) to work on /home/airflow/.local/lib/python3.12/site-packages/airflow/example_dags/example_short_circuit_operator.py
[2025-04-11T20:44:25.032+0000] {processor.py:914} INFO - Processing file /home/airflow/.local/lib/python3.12/site-packages/airflow/example_dags/example_short_circuit_operator.py for tasks to queue
[2025-04-11T20:44:25.048+0000] {logging_mixin.py:190} INFO - [2025-04-11T20:44:25.046+0000] {dagbag.py:588} INFO - Filling up the DagBag from /home/airflow/.local/lib/python3.12/site-packages/airflow/example_dags/example_short_circuit_operator.py
[2025-04-11T20:44:25.111+0000] {processor.py:925} INFO - DAG(s) 'example_short_circuit_operator' retrieved from /home/airflow/.local/lib/python3.12/site-packages/airflow/example_dags/example_short_circuit_operator.py
[2025-04-11T20:44:25.238+0000] {logging_mixin.py:190} INFO - [2025-04-11T20:44:25.237+0000] {dag.py:3239} INFO - Sync 1 DAGs
[2025-04-11T20:44:25.302+0000] {logging_mixin.py:190} INFO - [2025-04-11T20:44:25.301+0000] {dag.py:4180} INFO - Setting next_dagrun for example_short_circuit_operator to None, run_after=None
[2025-04-11T20:44:25.405+0000] {processor.py:208} INFO - Processing /home/airflow/.local/lib/python3.12/site-packages/airflow/example_dags/example_short_circuit_operator.py took 0.471 seconds
[2025-04-11T20:44:55.878+0000] {processor.py:186} INFO - Started process (PID=836) to work on /home/airflow/.local/lib/python3.12/site-packages/airflow/example_dags/example_short_circuit_operator.py
[2025-04-11T20:44:55.881+0000] {processor.py:914} INFO - Processing file /home/airflow/.local/lib/python3.12/site-packages/airflow/example_dags/example_short_circuit_operator.py for tasks to queue
[2025-04-11T20:44:55.887+0000] {logging_mixin.py:190} INFO - [2025-04-11T20:44:55.886+0000] {dagbag.py:588} INFO - Filling up the DagBag from /home/airflow/.local/lib/python3.12/site-packages/airflow/example_dags/example_short_circuit_operator.py
[2025-04-11T20:44:55.907+0000] {processor.py:925} INFO - DAG(s) 'example_short_circuit_operator' retrieved from /home/airflow/.local/lib/python3.12/site-packages/airflow/example_dags/example_short_circuit_operator.py
[2025-04-11T20:44:55.977+0000] {logging_mixin.py:190} INFO - [2025-04-11T20:44:55.977+0000] {dag.py:3239} INFO - Sync 1 DAGs
[2025-04-11T20:44:56.021+0000] {logging_mixin.py:190} INFO - [2025-04-11T20:44:56.020+0000] {dag.py:4180} INFO - Setting next_dagrun for example_short_circuit_operator to None, run_after=None
[2025-04-11T20:44:56.095+0000] {processor.py:208} INFO - Processing /home/airflow/.local/lib/python3.12/site-packages/airflow/example_dags/example_short_circuit_operator.py took 0.234 seconds
[2025-04-11T20:45:26.247+0000] {processor.py:186} INFO - Started process (PID=898) to work on /home/airflow/.local/lib/python3.12/site-packages/airflow/example_dags/example_short_circuit_operator.py
[2025-04-11T20:45:26.250+0000] {processor.py:914} INFO - Processing file /home/airflow/.local/lib/python3.12/site-packages/airflow/example_dags/example_short_circuit_operator.py for tasks to queue
[2025-04-11T20:45:26.255+0000] {logging_mixin.py:190} INFO - [2025-04-11T20:45:26.255+0000] {dagbag.py:588} INFO - Filling up the DagBag from /home/airflow/.local/lib/python3.12/site-packages/airflow/example_dags/example_short_circuit_operator.py
[2025-04-11T20:45:26.274+0000] {processor.py:925} INFO - DAG(s) 'example_short_circuit_operator' retrieved from /home/airflow/.local/lib/python3.12/site-packages/airflow/example_dags/example_short_circuit_operator.py
[2025-04-11T20:45:26.330+0000] {logging_mixin.py:190} INFO - [2025-04-11T20:45:26.330+0000] {dag.py:3239} INFO - Sync 1 DAGs
[2025-04-11T20:45:26.379+0000] {logging_mixin.py:190} INFO - [2025-04-11T20:45:26.378+0000] {dag.py:4180} INFO - Setting next_dagrun for example_short_circuit_operator to None, run_after=None
[2025-04-11T20:45:26.446+0000] {processor.py:208} INFO - Processing /home/airflow/.local/lib/python3.12/site-packages/airflow/example_dags/example_short_circuit_operator.py took 0.214 seconds
[2025-04-11T20:47:20.957+0000] {processor.py:186} INFO - Started process (PID=1008) to work on /home/airflow/.local/lib/python3.12/site-packages/airflow/example_dags/example_short_circuit_operator.py
[2025-04-11T20:47:20.963+0000] {processor.py:914} INFO - Processing file /home/airflow/.local/lib/python3.12/site-packages/airflow/example_dags/example_short_circuit_operator.py for tasks to queue
[2025-04-11T20:47:21.022+0000] {logging_mixin.py:190} INFO - [2025-04-11T20:47:21.021+0000] {dagbag.py:588} INFO - Filling up the DagBag from /home/airflow/.local/lib/python3.12/site-packages/airflow/example_dags/example_short_circuit_operator.py
[2025-04-11T20:47:21.183+0000] {processor.py:925} INFO - DAG(s) 'example_short_circuit_operator' retrieved from /home/airflow/.local/lib/python3.12/site-packages/airflow/example_dags/example_short_circuit_operator.py
[2025-04-11T20:47:21.534+0000] {logging_mixin.py:190} INFO - [2025-04-11T20:47:21.533+0000] {dag.py:3239} INFO - Sync 1 DAGs
[2025-04-11T20:47:21.726+0000] {logging_mixin.py:190} INFO - [2025-04-11T20:47:21.726+0000] {dag.py:4180} INFO - Setting next_dagrun for example_short_circuit_operator to None, run_after=None
[2025-04-11T20:47:22.106+0000] {processor.py:208} INFO - Processing /home/airflow/.local/lib/python3.12/site-packages/airflow/example_dags/example_short_circuit_operator.py took 1.212 seconds
[2025-04-11T20:49:56.866+0000] {processor.py:186} INFO - Started process (PID=1111) to work on /home/airflow/.local/lib/python3.12/site-packages/airflow/example_dags/example_short_circuit_operator.py
[2025-04-11T20:49:56.882+0000] {processor.py:914} INFO - Processing file /home/airflow/.local/lib/python3.12/site-packages/airflow/example_dags/example_short_circuit_operator.py for tasks to queue
[2025-04-11T20:49:56.942+0000] {logging_mixin.py:190} INFO - [2025-04-11T20:49:56.937+0000] {dagbag.py:588} INFO - Filling up the DagBag from /home/airflow/.local/lib/python3.12/site-packages/airflow/example_dags/example_short_circuit_operator.py
[2025-04-11T20:49:57.244+0000] {processor.py:925} INFO - DAG(s) 'example_short_circuit_operator' retrieved from /home/airflow/.local/lib/python3.12/site-packages/airflow/example_dags/example_short_circuit_operator.py
[2025-04-11T20:49:57.711+0000] {logging_mixin.py:190} INFO - [2025-04-11T20:49:57.710+0000] {dag.py:3239} INFO - Sync 1 DAGs
[2025-04-11T20:49:57.840+0000] {logging_mixin.py:190} INFO - [2025-04-11T20:49:57.836+0000] {dag.py:4180} INFO - Setting next_dagrun for example_short_circuit_operator to None, run_after=None
[2025-04-11T20:49:57.958+0000] {processor.py:208} INFO - Processing /home/airflow/.local/lib/python3.12/site-packages/airflow/example_dags/example_short_circuit_operator.py took 1.218 seconds
[2025-04-11T20:50:33.887+0000] {processor.py:186} INFO - Started process (PID=1179) to work on /home/airflow/.local/lib/python3.12/site-packages/airflow/example_dags/example_short_circuit_operator.py
[2025-04-11T20:50:33.916+0000] {processor.py:914} INFO - Processing file /home/airflow/.local/lib/python3.12/site-packages/airflow/example_dags/example_short_circuit_operator.py for tasks to queue
[2025-04-11T20:50:33.951+0000] {logging_mixin.py:190} INFO - [2025-04-11T20:50:33.947+0000] {dagbag.py:588} INFO - Filling up the DagBag from /home/airflow/.local/lib/python3.12/site-packages/airflow/example_dags/example_short_circuit_operator.py
[2025-04-11T20:50:34.265+0000] {processor.py:925} INFO - DAG(s) 'example_short_circuit_operator' retrieved from /home/airflow/.local/lib/python3.12/site-packages/airflow/example_dags/example_short_circuit_operator.py
[2025-04-11T20:50:38.434+0000] {logging_mixin.py:190} INFO - [2025-04-11T20:50:38.431+0000] {dag.py:3239} INFO - Sync 1 DAGs
[2025-04-11T20:50:40.691+0000] {logging_mixin.py:190} INFO - [2025-04-11T20:50:40.690+0000] {dag.py:4180} INFO - Setting next_dagrun for example_short_circuit_operator to None, run_after=None
[2025-04-11T20:50:42.065+0000] {processor.py:208} INFO - Processing /home/airflow/.local/lib/python3.12/site-packages/airflow/example_dags/example_short_circuit_operator.py took 8.273 seconds
[2025-04-11T20:52:04.857+0000] {processor.py:186} INFO - Started process (PID=1271) to work on /home/airflow/.local/lib/python3.12/site-packages/airflow/example_dags/example_short_circuit_operator.py
[2025-04-11T20:52:04.868+0000] {processor.py:914} INFO - Processing file /home/airflow/.local/lib/python3.12/site-packages/airflow/example_dags/example_short_circuit_operator.py for tasks to queue
[2025-04-11T20:52:04.907+0000] {logging_mixin.py:190} INFO - [2025-04-11T20:52:04.897+0000] {dagbag.py:588} INFO - Filling up the DagBag from /home/airflow/.local/lib/python3.12/site-packages/airflow/example_dags/example_short_circuit_operator.py
[2025-04-11T20:52:05.169+0000] {processor.py:925} INFO - DAG(s) 'example_short_circuit_operator' retrieved from /home/airflow/.local/lib/python3.12/site-packages/airflow/example_dags/example_short_circuit_operator.py
[2025-04-11T20:52:05.373+0000] {logging_mixin.py:190} INFO - [2025-04-11T20:52:05.372+0000] {dag.py:3239} INFO - Sync 1 DAGs
[2025-04-11T20:52:05.499+0000] {logging_mixin.py:190} INFO - [2025-04-11T20:52:05.499+0000] {dag.py:4180} INFO - Setting next_dagrun for example_short_circuit_operator to None, run_after=None
[2025-04-11T20:52:05.582+0000] {processor.py:208} INFO - Processing /home/airflow/.local/lib/python3.12/site-packages/airflow/example_dags/example_short_circuit_operator.py took 0.804 seconds
[2025-04-11T20:52:39.569+0000] {processor.py:186} INFO - Started process (PID=1334) to work on /home/airflow/.local/lib/python3.12/site-packages/airflow/example_dags/example_short_circuit_operator.py
[2025-04-11T20:52:39.574+0000] {processor.py:914} INFO - Processing file /home/airflow/.local/lib/python3.12/site-packages/airflow/example_dags/example_short_circuit_operator.py for tasks to queue
[2025-04-11T20:52:39.587+0000] {logging_mixin.py:190} INFO - [2025-04-11T20:52:39.583+0000] {dagbag.py:588} INFO - Filling up the DagBag from /home/airflow/.local/lib/python3.12/site-packages/airflow/example_dags/example_short_circuit_operator.py
[2025-04-11T20:52:39.630+0000] {processor.py:925} INFO - DAG(s) 'example_short_circuit_operator' retrieved from /home/airflow/.local/lib/python3.12/site-packages/airflow/example_dags/example_short_circuit_operator.py
[2025-04-11T20:52:39.724+0000] {logging_mixin.py:190} INFO - [2025-04-11T20:52:39.724+0000] {dag.py:3239} INFO - Sync 1 DAGs
[2025-04-11T20:52:39.822+0000] {logging_mixin.py:190} INFO - [2025-04-11T20:52:39.821+0000] {dag.py:4180} INFO - Setting next_dagrun for example_short_circuit_operator to None, run_after=None
[2025-04-11T20:52:39.981+0000] {processor.py:208} INFO - Processing /home/airflow/.local/lib/python3.12/site-packages/airflow/example_dags/example_short_circuit_operator.py took 0.430 seconds
[2025-04-11T20:53:35.850+0000] {processor.py:186} INFO - Started process (PID=1406) to work on /home/airflow/.local/lib/python3.12/site-packages/airflow/example_dags/example_short_circuit_operator.py
[2025-04-11T20:53:35.859+0000] {processor.py:914} INFO - Processing file /home/airflow/.local/lib/python3.12/site-packages/airflow/example_dags/example_short_circuit_operator.py for tasks to queue
[2025-04-11T20:53:35.881+0000] {logging_mixin.py:190} INFO - [2025-04-11T20:53:35.876+0000] {dagbag.py:588} INFO - Filling up the DagBag from /home/airflow/.local/lib/python3.12/site-packages/airflow/example_dags/example_short_circuit_operator.py
[2025-04-11T20:53:36.705+0000] {processor.py:925} INFO - DAG(s) 'example_short_circuit_operator' retrieved from /home/airflow/.local/lib/python3.12/site-packages/airflow/example_dags/example_short_circuit_operator.py
