[2025-04-11T19:46:01.599+0000] {processor.py:186} INFO - Started process (PID=119) to work on /home/airflow/.local/lib/python3.12/site-packages/airflow/example_dags/example_outlet_event_extra.py
[2025-04-11T19:46:01.616+0000] {processor.py:914} INFO - Processing file /home/airflow/.local/lib/python3.12/site-packages/airflow/example_dags/example_outlet_event_extra.py for tasks to queue
[2025-04-11T19:46:01.629+0000] {logging_mixin.py:190} INFO - [2025-04-11T19:46:01.627+0000] {dagbag.py:588} INFO - Filling up the DagBag from /home/airflow/.local/lib/python3.12/site-packages/airflow/example_dags/example_outlet_event_extra.py
[2025-04-11T19:46:20.152+0000] {processor.py:925} INFO - DAG(s) 'dataset_with_extra_from_classic_operator', 'dataset_with_extra_by_yield', 'dataset_with_extra_by_context' retrieved from /home/airflow/.local/lib/python3.12/site-packages/airflow/example_dags/example_outlet_event_extra.py
[2025-04-11T19:46:21.192+0000] {logging_mixin.py:190} INFO - [2025-04-11T19:46:21.185+0000] {override.py:1912} INFO - Created Permission View: can delete on DAG:dataset_with_extra_from_classic_operator
[2025-04-11T19:46:21.294+0000] {logging_mixin.py:190} INFO - [2025-04-11T19:46:21.293+0000] {override.py:1912} INFO - Created Permission View: can read on DAG:dataset_with_extra_from_classic_operator
[2025-04-11T19:46:21.338+0000] {logging_mixin.py:190} INFO - [2025-04-11T19:46:21.334+0000] {override.py:1912} INFO - Created Permission View: can edit on DAG:dataset_with_extra_from_classic_operator
[2025-04-11T19:46:21.434+0000] {logging_mixin.py:190} INFO - [2025-04-11T19:46:21.434+0000] {override.py:1912} INFO - Created Permission View: can create on DAG Run:dataset_with_extra_from_classic_operator
[2025-04-11T19:46:21.486+0000] {logging_mixin.py:190} INFO - [2025-04-11T19:46:21.482+0000] {override.py:1912} INFO - Created Permission View: can read on DAG Run:dataset_with_extra_from_classic_operator
[2025-04-11T19:46:21.523+0000] {logging_mixin.py:190} INFO - [2025-04-11T19:46:21.523+0000] {override.py:1912} INFO - Created Permission View: can delete on DAG Run:dataset_with_extra_from_classic_operator
[2025-04-11T19:46:21.561+0000] {logging_mixin.py:190} INFO - [2025-04-11T19:46:21.561+0000] {override.py:1912} INFO - Created Permission View: menu access on DAG Run:dataset_with_extra_from_classic_operator
[2025-04-11T19:46:21.696+0000] {logging_mixin.py:190} INFO - [2025-04-11T19:46:21.691+0000] {override.py:1912} INFO - Created Permission View: can delete on DAG:dataset_with_extra_by_yield
[2025-04-11T19:46:21.791+0000] {logging_mixin.py:190} INFO - [2025-04-11T19:46:21.790+0000] {override.py:1912} INFO - Created Permission View: can read on DAG:dataset_with_extra_by_yield
[2025-04-11T19:46:21.868+0000] {logging_mixin.py:190} INFO - [2025-04-11T19:46:21.867+0000] {override.py:1912} INFO - Created Permission View: can edit on DAG:dataset_with_extra_by_yield
[2025-04-11T19:46:21.910+0000] {logging_mixin.py:190} INFO - [2025-04-11T19:46:21.909+0000] {override.py:1912} INFO - Created Permission View: can create on DAG Run:dataset_with_extra_by_yield
[2025-04-11T19:46:21.959+0000] {logging_mixin.py:190} INFO - [2025-04-11T19:46:21.957+0000] {override.py:1912} INFO - Created Permission View: can read on DAG Run:dataset_with_extra_by_yield
[2025-04-11T19:46:22.007+0000] {logging_mixin.py:190} INFO - [2025-04-11T19:46:22.004+0000] {override.py:1912} INFO - Created Permission View: can delete on DAG Run:dataset_with_extra_by_yield
[2025-04-11T19:46:22.070+0000] {logging_mixin.py:190} INFO - [2025-04-11T19:46:22.070+0000] {override.py:1912} INFO - Created Permission View: menu access on DAG Run:dataset_with_extra_by_yield
[2025-04-11T19:46:22.128+0000] {logging_mixin.py:190} INFO - [2025-04-11T19:46:22.128+0000] {override.py:1912} INFO - Created Permission View: can delete on DAG:dataset_with_extra_by_context
[2025-04-11T19:46:22.166+0000] {logging_mixin.py:190} INFO - [2025-04-11T19:46:22.166+0000] {override.py:1912} INFO - Created Permission View: can read on DAG:dataset_with_extra_by_context
[2025-04-11T19:46:22.199+0000] {logging_mixin.py:190} INFO - [2025-04-11T19:46:22.199+0000] {override.py:1912} INFO - Created Permission View: can edit on DAG:dataset_with_extra_by_context
[2025-04-11T19:46:22.229+0000] {logging_mixin.py:190} INFO - [2025-04-11T19:46:22.229+0000] {override.py:1912} INFO - Created Permission View: can create on DAG Run:dataset_with_extra_by_context
[2025-04-11T19:46:22.267+0000] {logging_mixin.py:190} INFO - [2025-04-11T19:46:22.267+0000] {override.py:1912} INFO - Created Permission View: can read on DAG Run:dataset_with_extra_by_context
[2025-04-11T19:46:22.299+0000] {logging_mixin.py:190} INFO - [2025-04-11T19:46:22.298+0000] {override.py:1912} INFO - Created Permission View: can delete on DAG Run:dataset_with_extra_by_context
[2025-04-11T19:46:22.335+0000] {logging_mixin.py:190} INFO - [2025-04-11T19:46:22.334+0000] {override.py:1912} INFO - Created Permission View: menu access on DAG Run:dataset_with_extra_by_context
[2025-04-11T19:46:22.336+0000] {logging_mixin.py:190} INFO - [2025-04-11T19:46:22.335+0000] {dag.py:3239} INFO - Sync 3 DAGs
[2025-04-11T19:46:22.380+0000] {logging_mixin.py:190} INFO - [2025-04-11T19:46:22.379+0000] {dag.py:3262} INFO - Creating ORM DAG for dataset_with_extra_by_context
[2025-04-11T19:46:22.383+0000] {logging_mixin.py:190} INFO - [2025-04-11T19:46:22.383+0000] {dag.py:3262} INFO - Creating ORM DAG for dataset_with_extra_by_yield
[2025-04-11T19:46:22.386+0000] {logging_mixin.py:190} INFO - [2025-04-11T19:46:22.385+0000] {dag.py:3262} INFO - Creating ORM DAG for dataset_with_extra_from_classic_operator
[2025-04-11T19:46:22.427+0000] {logging_mixin.py:190} INFO - [2025-04-11T19:46:22.426+0000] {dag.py:4180} INFO - Setting next_dagrun for dataset_with_extra_by_context to 2025-04-10 00:00:00+00:00, run_after=2025-04-11 00:00:00+00:00
[2025-04-11T19:46:22.435+0000] {logging_mixin.py:190} INFO - [2025-04-11T19:46:22.434+0000] {dag.py:4180} INFO - Setting next_dagrun for dataset_with_extra_by_yield to 2025-04-10 00:00:00+00:00, run_after=2025-04-11 00:00:00+00:00
[2025-04-11T19:46:22.442+0000] {logging_mixin.py:190} INFO - [2025-04-11T19:46:22.442+0000] {dag.py:4180} INFO - Setting next_dagrun for dataset_with_extra_from_classic_operator to 2025-04-10 00:00:00+00:00, run_after=2025-04-11 00:00:00+00:00
[2025-04-11T19:46:22.513+0000] {processor.py:208} INFO - Processing /home/airflow/.local/lib/python3.12/site-packages/airflow/example_dags/example_outlet_event_extra.py took 21.054 seconds
[2025-04-11T19:46:56.602+0000] {processor.py:186} INFO - Started process (PID=185) to work on /home/airflow/.local/lib/python3.12/site-packages/airflow/example_dags/example_outlet_event_extra.py
[2025-04-11T19:46:56.605+0000] {processor.py:914} INFO - Processing file /home/airflow/.local/lib/python3.12/site-packages/airflow/example_dags/example_outlet_event_extra.py for tasks to queue
[2025-04-11T19:46:56.611+0000] {logging_mixin.py:190} INFO - [2025-04-11T19:46:56.610+0000] {dagbag.py:588} INFO - Filling up the DagBag from /home/airflow/.local/lib/python3.12/site-packages/airflow/example_dags/example_outlet_event_extra.py
[2025-04-11T19:46:57.976+0000] {processor.py:925} INFO - DAG(s) 'dataset_with_extra_from_classic_operator', 'dataset_with_extra_by_context', 'dataset_with_extra_by_yield' retrieved from /home/airflow/.local/lib/python3.12/site-packages/airflow/example_dags/example_outlet_event_extra.py
[2025-04-11T19:46:58.020+0000] {logging_mixin.py:190} INFO - [2025-04-11T19:46:58.020+0000] {dag.py:3239} INFO - Sync 3 DAGs
[2025-04-11T19:46:58.077+0000] {logging_mixin.py:190} INFO - [2025-04-11T19:46:58.076+0000] {dag.py:4180} INFO - Setting next_dagrun for dataset_with_extra_by_context to 2025-04-10 00:00:00+00:00, run_after=2025-04-11 00:00:00+00:00
[2025-04-11T19:46:58.088+0000] {logging_mixin.py:190} INFO - [2025-04-11T19:46:58.087+0000] {dag.py:4180} INFO - Setting next_dagrun for dataset_with_extra_by_yield to 2025-04-10 00:00:00+00:00, run_after=2025-04-11 00:00:00+00:00
[2025-04-11T19:46:58.098+0000] {logging_mixin.py:190} INFO - [2025-04-11T19:46:58.098+0000] {dag.py:4180} INFO - Setting next_dagrun for dataset_with_extra_from_classic_operator to 2025-04-10 00:00:00+00:00, run_after=2025-04-11 00:00:00+00:00
[2025-04-11T19:46:58.172+0000] {processor.py:208} INFO - Processing /home/airflow/.local/lib/python3.12/site-packages/airflow/example_dags/example_outlet_event_extra.py took 1.585 seconds
[2025-04-11T19:47:51.903+0000] {processor.py:186} INFO - Started process (PID=252) to work on /home/airflow/.local/lib/python3.12/site-packages/airflow/example_dags/example_outlet_event_extra.py
[2025-04-11T19:47:51.908+0000] {processor.py:914} INFO - Processing file /home/airflow/.local/lib/python3.12/site-packages/airflow/example_dags/example_outlet_event_extra.py for tasks to queue
[2025-04-11T19:47:51.967+0000] {logging_mixin.py:190} INFO - [2025-04-11T19:47:51.957+0000] {dagbag.py:588} INFO - Filling up the DagBag from /home/airflow/.local/lib/python3.12/site-packages/airflow/example_dags/example_outlet_event_extra.py
[2025-04-11T19:48:06.677+0000] {processor.py:925} INFO - DAG(s) 'dataset_with_extra_from_classic_operator', 'dataset_with_extra_by_yield', 'dataset_with_extra_by_context' retrieved from /home/airflow/.local/lib/python3.12/site-packages/airflow/example_dags/example_outlet_event_extra.py
[2025-04-11T19:48:07.060+0000] {logging_mixin.py:190} INFO - [2025-04-11T19:48:07.058+0000] {dag.py:3239} INFO - Sync 3 DAGs
[2025-04-11T19:48:07.462+0000] {logging_mixin.py:190} INFO - [2025-04-11T19:48:07.434+0000] {dag.py:4180} INFO - Setting next_dagrun for dataset_with_extra_by_context to 2025-04-10 00:00:00+00:00, run_after=2025-04-11 00:00:00+00:00
[2025-04-11T19:48:07.611+0000] {logging_mixin.py:190} INFO - [2025-04-11T19:48:07.610+0000] {dag.py:4180} INFO - Setting next_dagrun for dataset_with_extra_by_yield to 2025-04-10 00:00:00+00:00, run_after=2025-04-11 00:00:00+00:00
[2025-04-11T19:48:07.666+0000] {logging_mixin.py:190} INFO - [2025-04-11T19:48:07.653+0000] {dag.py:4180} INFO - Setting next_dagrun for dataset_with_extra_from_classic_operator to 2025-04-10 00:00:00+00:00, run_after=2025-04-11 00:00:00+00:00
[2025-04-11T19:48:07.996+0000] {processor.py:208} INFO - Processing /home/airflow/.local/lib/python3.12/site-packages/airflow/example_dags/example_outlet_event_extra.py took 16.147 seconds
[2025-04-11T19:53:19.668+0000] {processor.py:186} INFO - Started process (PID=109) to work on /home/airflow/.local/lib/python3.12/site-packages/airflow/example_dags/example_outlet_event_extra.py
[2025-04-11T19:53:19.687+0000] {processor.py:914} INFO - Processing file /home/airflow/.local/lib/python3.12/site-packages/airflow/example_dags/example_outlet_event_extra.py for tasks to queue
[2025-04-11T19:53:19.713+0000] {logging_mixin.py:190} INFO - [2025-04-11T19:53:19.712+0000] {dagbag.py:588} INFO - Filling up the DagBag from /home/airflow/.local/lib/python3.12/site-packages/airflow/example_dags/example_outlet_event_extra.py
[2025-04-11T19:53:26.214+0000] {processor.py:925} INFO - DAG(s) 'dataset_with_extra_by_context', 'dataset_with_extra_by_yield', 'dataset_with_extra_from_classic_operator' retrieved from /home/airflow/.local/lib/python3.12/site-packages/airflow/example_dags/example_outlet_event_extra.py
[2025-04-11T19:53:26.598+0000] {logging_mixin.py:190} INFO - [2025-04-11T19:53:26.597+0000] {dag.py:3239} INFO - Sync 3 DAGs
[2025-04-11T19:53:26.749+0000] {logging_mixin.py:190} INFO - [2025-04-11T19:53:26.744+0000] {dag.py:4180} INFO - Setting next_dagrun for dataset_with_extra_by_context to 2025-04-10 00:00:00+00:00, run_after=2025-04-11 00:00:00+00:00
[2025-04-11T19:53:26.826+0000] {logging_mixin.py:190} INFO - [2025-04-11T19:53:26.826+0000] {dag.py:4180} INFO - Setting next_dagrun for dataset_with_extra_by_yield to 2025-04-10 00:00:00+00:00, run_after=2025-04-11 00:00:00+00:00
[2025-04-11T19:53:26.867+0000] {logging_mixin.py:190} INFO - [2025-04-11T19:53:26.867+0000] {dag.py:4180} INFO - Setting next_dagrun for dataset_with_extra_from_classic_operator to 2025-04-10 00:00:00+00:00, run_after=2025-04-11 00:00:00+00:00
[2025-04-11T19:53:27.128+0000] {processor.py:208} INFO - Processing /home/airflow/.local/lib/python3.12/site-packages/airflow/example_dags/example_outlet_event_extra.py took 7.667 seconds
[2025-04-11T19:54:27.374+0000] {processor.py:186} INFO - Started process (PID=179) to work on /home/airflow/.local/lib/python3.12/site-packages/airflow/example_dags/example_outlet_event_extra.py
[2025-04-11T19:54:27.378+0000] {processor.py:914} INFO - Processing file /home/airflow/.local/lib/python3.12/site-packages/airflow/example_dags/example_outlet_event_extra.py for tasks to queue
[2025-04-11T19:54:27.383+0000] {logging_mixin.py:190} INFO - [2025-04-11T19:54:27.383+0000] {dagbag.py:588} INFO - Filling up the DagBag from /home/airflow/.local/lib/python3.12/site-packages/airflow/example_dags/example_outlet_event_extra.py
[2025-04-11T19:54:29.065+0000] {processor.py:925} INFO - DAG(s) 'dataset_with_extra_by_yield', 'dataset_with_extra_from_classic_operator', 'dataset_with_extra_by_context' retrieved from /home/airflow/.local/lib/python3.12/site-packages/airflow/example_dags/example_outlet_event_extra.py
[2025-04-11T19:54:29.218+0000] {logging_mixin.py:190} INFO - [2025-04-11T19:54:29.218+0000] {dag.py:3239} INFO - Sync 3 DAGs
[2025-04-11T19:54:29.566+0000] {logging_mixin.py:190} INFO - [2025-04-11T19:54:29.566+0000] {dag.py:4180} INFO - Setting next_dagrun for dataset_with_extra_by_context to 2025-04-10 00:00:00+00:00, run_after=2025-04-11 00:00:00+00:00
[2025-04-11T19:54:29.624+0000] {logging_mixin.py:190} INFO - [2025-04-11T19:54:29.624+0000] {dag.py:4180} INFO - Setting next_dagrun for dataset_with_extra_by_yield to 2025-04-10 00:00:00+00:00, run_after=2025-04-11 00:00:00+00:00
[2025-04-11T19:54:29.649+0000] {logging_mixin.py:190} INFO - [2025-04-11T19:54:29.649+0000] {dag.py:4180} INFO - Setting next_dagrun for dataset_with_extra_from_classic_operator to 2025-04-10 00:00:00+00:00, run_after=2025-04-11 00:00:00+00:00
[2025-04-11T19:54:29.797+0000] {processor.py:208} INFO - Processing /home/airflow/.local/lib/python3.12/site-packages/airflow/example_dags/example_outlet_event_extra.py took 2.439 seconds
[2025-04-11T19:55:02.392+0000] {processor.py:186} INFO - Started process (PID=246) to work on /home/airflow/.local/lib/python3.12/site-packages/airflow/example_dags/example_outlet_event_extra.py
[2025-04-11T19:55:02.397+0000] {processor.py:914} INFO - Processing file /home/airflow/.local/lib/python3.12/site-packages/airflow/example_dags/example_outlet_event_extra.py for tasks to queue
[2025-04-11T19:55:02.403+0000] {logging_mixin.py:190} INFO - [2025-04-11T19:55:02.402+0000] {dagbag.py:588} INFO - Filling up the DagBag from /home/airflow/.local/lib/python3.12/site-packages/airflow/example_dags/example_outlet_event_extra.py
[2025-04-11T19:55:03.761+0000] {processor.py:925} INFO - DAG(s) 'dataset_with_extra_by_yield', 'dataset_with_extra_from_classic_operator', 'dataset_with_extra_by_context' retrieved from /home/airflow/.local/lib/python3.12/site-packages/airflow/example_dags/example_outlet_event_extra.py
[2025-04-11T19:55:03.823+0000] {logging_mixin.py:190} INFO - [2025-04-11T19:55:03.822+0000] {dag.py:3239} INFO - Sync 3 DAGs
[2025-04-11T19:55:03.900+0000] {logging_mixin.py:190} INFO - [2025-04-11T19:55:03.899+0000] {dag.py:4180} INFO - Setting next_dagrun for dataset_with_extra_by_context to 2025-04-10 00:00:00+00:00, run_after=2025-04-11 00:00:00+00:00
[2025-04-11T19:55:03.916+0000] {logging_mixin.py:190} INFO - [2025-04-11T19:55:03.915+0000] {dag.py:4180} INFO - Setting next_dagrun for dataset_with_extra_by_yield to 2025-04-10 00:00:00+00:00, run_after=2025-04-11 00:00:00+00:00
[2025-04-11T19:55:03.922+0000] {logging_mixin.py:190} INFO - [2025-04-11T19:55:03.922+0000] {dag.py:4180} INFO - Setting next_dagrun for dataset_with_extra_from_classic_operator to 2025-04-10 00:00:00+00:00, run_after=2025-04-11 00:00:00+00:00
[2025-04-11T19:55:03.978+0000] {processor.py:208} INFO - Processing /home/airflow/.local/lib/python3.12/site-packages/airflow/example_dags/example_outlet_event_extra.py took 1.600 seconds
[2025-04-11T19:56:09.868+0000] {processor.py:186} INFO - Started process (PID=312) to work on /home/airflow/.local/lib/python3.12/site-packages/airflow/example_dags/example_outlet_event_extra.py
[2025-04-11T19:56:09.877+0000] {processor.py:914} INFO - Processing file /home/airflow/.local/lib/python3.12/site-packages/airflow/example_dags/example_outlet_event_extra.py for tasks to queue
[2025-04-11T19:56:09.884+0000] {logging_mixin.py:190} INFO - [2025-04-11T19:56:09.883+0000] {dagbag.py:588} INFO - Filling up the DagBag from /home/airflow/.local/lib/python3.12/site-packages/airflow/example_dags/example_outlet_event_extra.py
[2025-04-11T19:56:14.278+0000] {processor.py:925} INFO - DAG(s) 'dataset_with_extra_by_yield', 'dataset_with_extra_from_classic_operator', 'dataset_with_extra_by_context' retrieved from /home/airflow/.local/lib/python3.12/site-packages/airflow/example_dags/example_outlet_event_extra.py
[2025-04-11T19:56:14.393+0000] {logging_mixin.py:190} INFO - [2025-04-11T19:56:14.392+0000] {dag.py:3239} INFO - Sync 3 DAGs
[2025-04-11T19:56:14.672+0000] {logging_mixin.py:190} INFO - [2025-04-11T19:56:14.671+0000] {dag.py:4180} INFO - Setting next_dagrun for dataset_with_extra_by_context to 2025-04-10 00:00:00+00:00, run_after=2025-04-11 00:00:00+00:00
[2025-04-11T19:56:14.721+0000] {logging_mixin.py:190} INFO - [2025-04-11T19:56:14.721+0000] {dag.py:4180} INFO - Setting next_dagrun for dataset_with_extra_by_yield to 2025-04-10 00:00:00+00:00, run_after=2025-04-11 00:00:00+00:00
[2025-04-11T19:56:14.771+0000] {logging_mixin.py:190} INFO - [2025-04-11T19:56:14.769+0000] {dag.py:4180} INFO - Setting next_dagrun for dataset_with_extra_from_classic_operator to 2025-04-10 00:00:00+00:00, run_after=2025-04-11 00:00:00+00:00
[2025-04-11T19:56:14.987+0000] {processor.py:208} INFO - Processing /home/airflow/.local/lib/python3.12/site-packages/airflow/example_dags/example_outlet_event_extra.py took 5.146 seconds
[2025-04-11T19:56:45.189+0000] {processor.py:186} INFO - Started process (PID=380) to work on /home/airflow/.local/lib/python3.12/site-packages/airflow/example_dags/example_outlet_event_extra.py
[2025-04-11T19:56:45.203+0000] {processor.py:914} INFO - Processing file /home/airflow/.local/lib/python3.12/site-packages/airflow/example_dags/example_outlet_event_extra.py for tasks to queue
[2025-04-11T19:56:45.249+0000] {logging_mixin.py:190} INFO - [2025-04-11T19:56:45.242+0000] {dagbag.py:588} INFO - Filling up the DagBag from /home/airflow/.local/lib/python3.12/site-packages/airflow/example_dags/example_outlet_event_extra.py
[2025-04-11T19:56:49.071+0000] {processor.py:925} INFO - DAG(s) 'dataset_with_extra_by_context', 'dataset_with_extra_from_classic_operator', 'dataset_with_extra_by_yield' retrieved from /home/airflow/.local/lib/python3.12/site-packages/airflow/example_dags/example_outlet_event_extra.py
[2025-04-11T19:56:49.134+0000] {logging_mixin.py:190} INFO - [2025-04-11T19:56:49.134+0000] {dag.py:3239} INFO - Sync 3 DAGs
[2025-04-11T19:56:49.203+0000] {logging_mixin.py:190} INFO - [2025-04-11T19:56:49.202+0000] {dag.py:4180} INFO - Setting next_dagrun for dataset_with_extra_by_context to 2025-04-10 00:00:00+00:00, run_after=2025-04-11 00:00:00+00:00
[2025-04-11T19:56:49.222+0000] {logging_mixin.py:190} INFO - [2025-04-11T19:56:49.221+0000] {dag.py:4180} INFO - Setting next_dagrun for dataset_with_extra_by_yield to 2025-04-10 00:00:00+00:00, run_after=2025-04-11 00:00:00+00:00
[2025-04-11T19:56:49.231+0000] {logging_mixin.py:190} INFO - [2025-04-11T19:56:49.230+0000] {dag.py:4180} INFO - Setting next_dagrun for dataset_with_extra_from_classic_operator to 2025-04-10 00:00:00+00:00, run_after=2025-04-11 00:00:00+00:00
[2025-04-11T19:56:49.298+0000] {processor.py:208} INFO - Processing /home/airflow/.local/lib/python3.12/site-packages/airflow/example_dags/example_outlet_event_extra.py took 4.137 seconds
[2025-04-11T19:59:27.335+0000] {processor.py:186} INFO - Started process (PID=93) to work on /home/airflow/.local/lib/python3.12/site-packages/airflow/example_dags/example_outlet_event_extra.py
[2025-04-11T19:59:27.344+0000] {processor.py:914} INFO - Processing file /home/airflow/.local/lib/python3.12/site-packages/airflow/example_dags/example_outlet_event_extra.py for tasks to queue
[2025-04-11T19:59:27.367+0000] {logging_mixin.py:190} INFO - [2025-04-11T19:59:27.366+0000] {dagbag.py:588} INFO - Filling up the DagBag from /home/airflow/.local/lib/python3.12/site-packages/airflow/example_dags/example_outlet_event_extra.py
[2025-04-11T19:59:32.370+0000] {processor.py:925} INFO - DAG(s) 'dataset_with_extra_by_yield', 'dataset_with_extra_by_context', 'dataset_with_extra_from_classic_operator' retrieved from /home/airflow/.local/lib/python3.12/site-packages/airflow/example_dags/example_outlet_event_extra.py
[2025-04-11T19:59:32.521+0000] {logging_mixin.py:190} INFO - [2025-04-11T19:59:32.519+0000] {dag.py:3239} INFO - Sync 3 DAGs
[2025-04-11T19:59:32.681+0000] {logging_mixin.py:190} INFO - [2025-04-11T19:59:32.680+0000] {dag.py:4180} INFO - Setting next_dagrun for dataset_with_extra_by_context to 2025-04-10 00:00:00+00:00, run_after=2025-04-11 00:00:00+00:00
[2025-04-11T19:59:32.711+0000] {logging_mixin.py:190} INFO - [2025-04-11T19:59:32.710+0000] {dag.py:4180} INFO - Setting next_dagrun for dataset_with_extra_by_yield to 2025-04-10 00:00:00+00:00, run_after=2025-04-11 00:00:00+00:00
[2025-04-11T19:59:32.731+0000] {logging_mixin.py:190} INFO - [2025-04-11T19:59:32.730+0000] {dag.py:4180} INFO - Setting next_dagrun for dataset_with_extra_from_classic_operator to 2025-04-10 00:00:00+00:00, run_after=2025-04-11 00:00:00+00:00
[2025-04-11T19:59:33.016+0000] {processor.py:208} INFO - Processing /home/airflow/.local/lib/python3.12/site-packages/airflow/example_dags/example_outlet_event_extra.py took 5.784 seconds
[2025-04-11T20:00:12.072+0000] {processor.py:186} INFO - Started process (PID=166) to work on /home/airflow/.local/lib/python3.12/site-packages/airflow/example_dags/example_outlet_event_extra.py
[2025-04-11T20:00:12.087+0000] {processor.py:914} INFO - Processing file /home/airflow/.local/lib/python3.12/site-packages/airflow/example_dags/example_outlet_event_extra.py for tasks to queue
[2025-04-11T20:00:12.103+0000] {logging_mixin.py:190} INFO - [2025-04-11T20:00:12.102+0000] {dagbag.py:588} INFO - Filling up the DagBag from /home/airflow/.local/lib/python3.12/site-packages/airflow/example_dags/example_outlet_event_extra.py
[2025-04-11T20:00:14.738+0000] {processor.py:925} INFO - DAG(s) 'dataset_with_extra_by_yield', 'dataset_with_extra_from_classic_operator', 'dataset_with_extra_by_context' retrieved from /home/airflow/.local/lib/python3.12/site-packages/airflow/example_dags/example_outlet_event_extra.py
[2025-04-11T20:00:14.969+0000] {logging_mixin.py:190} INFO - [2025-04-11T20:00:14.969+0000] {dag.py:3239} INFO - Sync 3 DAGs
[2025-04-11T20:00:15.152+0000] {logging_mixin.py:190} INFO - [2025-04-11T20:00:15.151+0000] {dag.py:4180} INFO - Setting next_dagrun for dataset_with_extra_by_context to 2025-04-10 00:00:00+00:00, run_after=2025-04-11 00:00:00+00:00
[2025-04-11T20:00:15.206+0000] {logging_mixin.py:190} INFO - [2025-04-11T20:00:15.193+0000] {dag.py:4180} INFO - Setting next_dagrun for dataset_with_extra_by_yield to 2025-04-10 00:00:00+00:00, run_after=2025-04-11 00:00:00+00:00
[2025-04-11T20:00:15.244+0000] {logging_mixin.py:190} INFO - [2025-04-11T20:00:15.243+0000] {dag.py:4180} INFO - Setting next_dagrun for dataset_with_extra_from_classic_operator to 2025-04-10 00:00:00+00:00, run_after=2025-04-11 00:00:00+00:00
[2025-04-11T20:00:15.533+0000] {processor.py:208} INFO - Processing /home/airflow/.local/lib/python3.12/site-packages/airflow/example_dags/example_outlet_event_extra.py took 3.493 seconds
[2025-04-11T20:10:31.923+0000] {processor.py:186} INFO - Started process (PID=131) to work on /home/airflow/.local/lib/python3.12/site-packages/airflow/example_dags/example_outlet_event_extra.py
[2025-04-11T20:10:31.952+0000] {processor.py:914} INFO - Processing file /home/airflow/.local/lib/python3.12/site-packages/airflow/example_dags/example_outlet_event_extra.py for tasks to queue
[2025-04-11T20:10:31.996+0000] {logging_mixin.py:190} INFO - [2025-04-11T20:10:31.995+0000] {dagbag.py:588} INFO - Filling up the DagBag from /home/airflow/.local/lib/python3.12/site-packages/airflow/example_dags/example_outlet_event_extra.py
[2025-04-11T20:14:02.163+0000] {processor.py:186} INFO - Started process (PID=108) to work on /home/airflow/.local/lib/python3.12/site-packages/airflow/example_dags/example_outlet_event_extra.py
[2025-04-11T20:14:02.168+0000] {processor.py:914} INFO - Processing file /home/airflow/.local/lib/python3.12/site-packages/airflow/example_dags/example_outlet_event_extra.py for tasks to queue
[2025-04-11T20:14:02.184+0000] {logging_mixin.py:190} INFO - [2025-04-11T20:14:02.180+0000] {dagbag.py:588} INFO - Filling up the DagBag from /home/airflow/.local/lib/python3.12/site-packages/airflow/example_dags/example_outlet_event_extra.py
[2025-04-11T20:14:05.460+0000] {processor.py:925} INFO - DAG(s) 'dataset_with_extra_from_classic_operator', 'dataset_with_extra_by_yield', 'dataset_with_extra_by_context' retrieved from /home/airflow/.local/lib/python3.12/site-packages/airflow/example_dags/example_outlet_event_extra.py
[2025-04-11T20:14:05.638+0000] {logging_mixin.py:190} INFO - [2025-04-11T20:14:05.638+0000] {dag.py:3239} INFO - Sync 3 DAGs
[2025-04-11T20:14:05.801+0000] {logging_mixin.py:190} INFO - [2025-04-11T20:14:05.794+0000] {dag.py:4180} INFO - Setting next_dagrun for dataset_with_extra_by_context to 2025-04-10 00:00:00+00:00, run_after=2025-04-11 00:00:00+00:00
[2025-04-11T20:14:05.837+0000] {logging_mixin.py:190} INFO - [2025-04-11T20:14:05.836+0000] {dag.py:4180} INFO - Setting next_dagrun for dataset_with_extra_by_yield to 2025-04-10 00:00:00+00:00, run_after=2025-04-11 00:00:00+00:00
[2025-04-11T20:14:05.851+0000] {logging_mixin.py:190} INFO - [2025-04-11T20:14:05.850+0000] {dag.py:4180} INFO - Setting next_dagrun for dataset_with_extra_from_classic_operator to 2025-04-10 00:00:00+00:00, run_after=2025-04-11 00:00:00+00:00
[2025-04-11T20:14:06.013+0000] {processor.py:208} INFO - Processing /home/airflow/.local/lib/python3.12/site-packages/airflow/example_dags/example_outlet_event_extra.py took 3.866 seconds
[2025-04-11T20:15:38.975+0000] {processor.py:186} INFO - Started process (PID=184) to work on /home/airflow/.local/lib/python3.12/site-packages/airflow/example_dags/example_outlet_event_extra.py
[2025-04-11T20:15:38.986+0000] {processor.py:914} INFO - Processing file /home/airflow/.local/lib/python3.12/site-packages/airflow/example_dags/example_outlet_event_extra.py for tasks to queue
[2025-04-11T20:15:39.005+0000] {logging_mixin.py:190} INFO - [2025-04-11T20:15:39.004+0000] {dagbag.py:588} INFO - Filling up the DagBag from /home/airflow/.local/lib/python3.12/site-packages/airflow/example_dags/example_outlet_event_extra.py
[2025-04-11T20:15:46.440+0000] {processor.py:925} INFO - DAG(s) 'dataset_with_extra_by_yield', 'dataset_with_extra_by_context', 'dataset_with_extra_from_classic_operator' retrieved from /home/airflow/.local/lib/python3.12/site-packages/airflow/example_dags/example_outlet_event_extra.py
[2025-04-11T20:15:46.658+0000] {logging_mixin.py:190} INFO - [2025-04-11T20:15:46.652+0000] {dag.py:3239} INFO - Sync 3 DAGs
[2025-04-11T20:15:46.996+0000] {logging_mixin.py:190} INFO - [2025-04-11T20:15:46.984+0000] {dag.py:4180} INFO - Setting next_dagrun for dataset_with_extra_by_context to 2025-04-10 00:00:00+00:00, run_after=2025-04-11 00:00:00+00:00
[2025-04-11T20:15:47.120+0000] {logging_mixin.py:190} INFO - [2025-04-11T20:15:47.109+0000] {dag.py:4180} INFO - Setting next_dagrun for dataset_with_extra_by_yield to 2025-04-10 00:00:00+00:00, run_after=2025-04-11 00:00:00+00:00
[2025-04-11T20:15:47.200+0000] {logging_mixin.py:190} INFO - [2025-04-11T20:15:47.200+0000] {dag.py:4180} INFO - Setting next_dagrun for dataset_with_extra_from_classic_operator to 2025-04-10 00:00:00+00:00, run_after=2025-04-11 00:00:00+00:00
[2025-04-11T20:15:47.913+0000] {processor.py:208} INFO - Processing /home/airflow/.local/lib/python3.12/site-packages/airflow/example_dags/example_outlet_event_extra.py took 8.965 seconds
[2025-04-11T20:16:25.861+0000] {processor.py:186} INFO - Started process (PID=248) to work on /home/airflow/.local/lib/python3.12/site-packages/airflow/example_dags/example_outlet_event_extra.py
[2025-04-11T20:16:25.878+0000] {processor.py:914} INFO - Processing file /home/airflow/.local/lib/python3.12/site-packages/airflow/example_dags/example_outlet_event_extra.py for tasks to queue
[2025-04-11T20:16:25.888+0000] {logging_mixin.py:190} INFO - [2025-04-11T20:16:25.884+0000] {dagbag.py:588} INFO - Filling up the DagBag from /home/airflow/.local/lib/python3.12/site-packages/airflow/example_dags/example_outlet_event_extra.py
[2025-04-11T20:16:36.371+0000] {processor.py:925} INFO - DAG(s) 'dataset_with_extra_by_yield', 'dataset_with_extra_from_classic_operator', 'dataset_with_extra_by_context' retrieved from /home/airflow/.local/lib/python3.12/site-packages/airflow/example_dags/example_outlet_event_extra.py
[2025-04-11T20:16:36.528+0000] {logging_mixin.py:190} INFO - [2025-04-11T20:16:36.528+0000] {dag.py:3239} INFO - Sync 3 DAGs
[2025-04-11T20:16:36.680+0000] {logging_mixin.py:190} INFO - [2025-04-11T20:16:36.680+0000] {dag.py:4180} INFO - Setting next_dagrun for dataset_with_extra_by_context to 2025-04-10 00:00:00+00:00, run_after=2025-04-11 00:00:00+00:00
[2025-04-11T20:16:36.707+0000] {logging_mixin.py:190} INFO - [2025-04-11T20:16:36.706+0000] {dag.py:4180} INFO - Setting next_dagrun for dataset_with_extra_by_yield to 2025-04-10 00:00:00+00:00, run_after=2025-04-11 00:00:00+00:00
[2025-04-11T20:16:36.727+0000] {logging_mixin.py:190} INFO - [2025-04-11T20:16:36.727+0000] {dag.py:4180} INFO - Setting next_dagrun for dataset_with_extra_from_classic_operator to 2025-04-10 00:00:00+00:00, run_after=2025-04-11 00:00:00+00:00
[2025-04-11T20:16:36.861+0000] {processor.py:208} INFO - Processing /home/airflow/.local/lib/python3.12/site-packages/airflow/example_dags/example_outlet_event_extra.py took 11.155 seconds
[2025-04-11T20:17:10.914+0000] {processor.py:186} INFO - Started process (PID=323) to work on /home/airflow/.local/lib/python3.12/site-packages/airflow/example_dags/example_outlet_event_extra.py
[2025-04-11T20:17:10.916+0000] {processor.py:914} INFO - Processing file /home/airflow/.local/lib/python3.12/site-packages/airflow/example_dags/example_outlet_event_extra.py for tasks to queue
[2025-04-11T20:17:10.940+0000] {logging_mixin.py:190} INFO - [2025-04-11T20:17:10.933+0000] {dagbag.py:588} INFO - Filling up the DagBag from /home/airflow/.local/lib/python3.12/site-packages/airflow/example_dags/example_outlet_event_extra.py
[2025-04-11T20:17:16.799+0000] {processor.py:925} INFO - DAG(s) 'dataset_with_extra_from_classic_operator', 'dataset_with_extra_by_yield', 'dataset_with_extra_by_context' retrieved from /home/airflow/.local/lib/python3.12/site-packages/airflow/example_dags/example_outlet_event_extra.py
[2025-04-11T20:17:17.140+0000] {logging_mixin.py:190} INFO - [2025-04-11T20:17:17.140+0000] {dag.py:3239} INFO - Sync 3 DAGs
[2025-04-11T20:17:17.503+0000] {logging_mixin.py:190} INFO - [2025-04-11T20:17:17.500+0000] {dag.py:4180} INFO - Setting next_dagrun for dataset_with_extra_by_context to 2025-04-10 00:00:00+00:00, run_after=2025-04-11 00:00:00+00:00
[2025-04-11T20:17:17.610+0000] {logging_mixin.py:190} INFO - [2025-04-11T20:17:17.597+0000] {dag.py:4180} INFO - Setting next_dagrun for dataset_with_extra_by_yield to 2025-04-10 00:00:00+00:00, run_after=2025-04-11 00:00:00+00:00
[2025-04-11T20:17:17.671+0000] {logging_mixin.py:190} INFO - [2025-04-11T20:17:17.671+0000] {dag.py:4180} INFO - Setting next_dagrun for dataset_with_extra_from_classic_operator to 2025-04-10 00:00:00+00:00, run_after=2025-04-11 00:00:00+00:00
[2025-04-11T20:17:17.896+0000] {processor.py:208} INFO - Processing /home/airflow/.local/lib/python3.12/site-packages/airflow/example_dags/example_outlet_event_extra.py took 7.004 seconds
[2025-04-11T20:17:48.963+0000] {processor.py:186} INFO - Started process (PID=393) to work on /home/airflow/.local/lib/python3.12/site-packages/airflow/example_dags/example_outlet_event_extra.py
[2025-04-11T20:17:48.980+0000] {processor.py:914} INFO - Processing file /home/airflow/.local/lib/python3.12/site-packages/airflow/example_dags/example_outlet_event_extra.py for tasks to queue
[2025-04-11T20:17:49.583+0000] {logging_mixin.py:190} INFO - [2025-04-11T20:17:49.016+0000] {dagbag.py:588} INFO - Filling up the DagBag from /home/airflow/.local/lib/python3.12/site-packages/airflow/example_dags/example_outlet_event_extra.py
[2025-04-11T20:17:53.956+0000] {processor.py:925} INFO - DAG(s) 'dataset_with_extra_by_context', 'dataset_with_extra_by_yield', 'dataset_with_extra_from_classic_operator' retrieved from /home/airflow/.local/lib/python3.12/site-packages/airflow/example_dags/example_outlet_event_extra.py
[2025-04-11T20:17:54.099+0000] {logging_mixin.py:190} INFO - [2025-04-11T20:17:54.098+0000] {dag.py:3239} INFO - Sync 3 DAGs
[2025-04-11T20:17:54.289+0000] {logging_mixin.py:190} INFO - [2025-04-11T20:17:54.286+0000] {dag.py:4180} INFO - Setting next_dagrun for dataset_with_extra_by_context to 2025-04-10 00:00:00+00:00, run_after=2025-04-11 00:00:00+00:00
[2025-04-11T20:17:54.457+0000] {logging_mixin.py:190} INFO - [2025-04-11T20:17:54.456+0000] {dag.py:4180} INFO - Setting next_dagrun for dataset_with_extra_by_yield to 2025-04-10 00:00:00+00:00, run_after=2025-04-11 00:00:00+00:00
[2025-04-11T20:17:54.742+0000] {logging_mixin.py:190} INFO - [2025-04-11T20:17:54.741+0000] {dag.py:4180} INFO - Setting next_dagrun for dataset_with_extra_from_classic_operator to 2025-04-10 00:00:00+00:00, run_after=2025-04-11 00:00:00+00:00
[2025-04-11T20:17:55.888+0000] {processor.py:208} INFO - Processing /home/airflow/.local/lib/python3.12/site-packages/airflow/example_dags/example_outlet_event_extra.py took 7.014 seconds
[2025-04-11T20:23:40.898+0000] {processor.py:186} INFO - Started process (PID=117) to work on /home/airflow/.local/lib/python3.12/site-packages/airflow/example_dags/example_outlet_event_extra.py
[2025-04-11T20:23:41.053+0000] {processor.py:914} INFO - Processing file /home/airflow/.local/lib/python3.12/site-packages/airflow/example_dags/example_outlet_event_extra.py for tasks to queue
[2025-04-11T20:23:41.106+0000] {logging_mixin.py:190} INFO - [2025-04-11T20:23:41.102+0000] {dagbag.py:588} INFO - Filling up the DagBag from /home/airflow/.local/lib/python3.12/site-packages/airflow/example_dags/example_outlet_event_extra.py
[2025-04-11T20:23:55.429+0000] {processor.py:925} INFO - DAG(s) 'dataset_with_extra_by_yield', 'dataset_with_extra_from_classic_operator', 'dataset_with_extra_by_context' retrieved from /home/airflow/.local/lib/python3.12/site-packages/airflow/example_dags/example_outlet_event_extra.py
[2025-04-11T20:23:57.484+0000] {logging_mixin.py:190} INFO - [2025-04-11T20:23:57.474+0000] {override.py:1912} INFO - Created Permission View: can read on DAG:dataset_with_extra_by_yield
[2025-04-11T20:23:57.558+0000] {logging_mixin.py:190} INFO - [2025-04-11T20:23:57.554+0000] {override.py:1912} INFO - Created Permission View: can edit on DAG:dataset_with_extra_by_yield
[2025-04-11T20:23:57.612+0000] {logging_mixin.py:190} INFO - [2025-04-11T20:23:57.611+0000] {override.py:1912} INFO - Created Permission View: can delete on DAG:dataset_with_extra_by_yield
[2025-04-11T20:23:57.650+0000] {logging_mixin.py:190} INFO - [2025-04-11T20:23:57.649+0000] {override.py:1912} INFO - Created Permission View: can create on DAG Run:dataset_with_extra_by_yield
[2025-04-11T20:23:57.722+0000] {logging_mixin.py:190} INFO - [2025-04-11T20:23:57.722+0000] {override.py:1912} INFO - Created Permission View: can read on DAG Run:dataset_with_extra_by_yield
[2025-04-11T20:23:57.776+0000] {logging_mixin.py:190} INFO - [2025-04-11T20:23:57.775+0000] {override.py:1912} INFO - Created Permission View: can delete on DAG Run:dataset_with_extra_by_yield
[2025-04-11T20:23:58.304+0000] {logging_mixin.py:190} INFO - [2025-04-11T20:23:58.303+0000] {override.py:1912} INFO - Created Permission View: menu access on DAG Run:dataset_with_extra_by_yield
[2025-04-11T20:23:58.471+0000] {logging_mixin.py:190} INFO - [2025-04-11T20:23:58.469+0000] {override.py:1912} INFO - Created Permission View: can read on DAG:dataset_with_extra_from_classic_operator
[2025-04-11T20:23:58.527+0000] {logging_mixin.py:190} INFO - [2025-04-11T20:23:58.526+0000] {override.py:1912} INFO - Created Permission View: can edit on DAG:dataset_with_extra_from_classic_operator
[2025-04-11T20:23:59.028+0000] {logging_mixin.py:190} INFO - [2025-04-11T20:23:59.027+0000] {override.py:1912} INFO - Created Permission View: can delete on DAG:dataset_with_extra_from_classic_operator
[2025-04-11T20:23:59.113+0000] {logging_mixin.py:190} INFO - [2025-04-11T20:23:59.110+0000] {override.py:1912} INFO - Created Permission View: can create on DAG Run:dataset_with_extra_from_classic_operator
[2025-04-11T20:23:59.207+0000] {logging_mixin.py:190} INFO - [2025-04-11T20:23:59.192+0000] {override.py:1912} INFO - Created Permission View: can read on DAG Run:dataset_with_extra_from_classic_operator
[2025-04-11T20:23:59.426+0000] {logging_mixin.py:190} INFO - [2025-04-11T20:23:59.425+0000] {override.py:1912} INFO - Created Permission View: can delete on DAG Run:dataset_with_extra_from_classic_operator
[2025-04-11T20:23:59.529+0000] {logging_mixin.py:190} INFO - [2025-04-11T20:23:59.527+0000] {override.py:1912} INFO - Created Permission View: menu access on DAG Run:dataset_with_extra_from_classic_operator
[2025-04-11T20:23:59.654+0000] {logging_mixin.py:190} INFO - [2025-04-11T20:23:59.652+0000] {override.py:1912} INFO - Created Permission View: can read on DAG:dataset_with_extra_by_context
[2025-04-11T20:23:59.790+0000] {logging_mixin.py:190} INFO - [2025-04-11T20:23:59.789+0000] {override.py:1912} INFO - Created Permission View: can edit on DAG:dataset_with_extra_by_context
[2025-04-11T20:24:00.129+0000] {logging_mixin.py:190} INFO - [2025-04-11T20:24:00.129+0000] {override.py:1912} INFO - Created Permission View: can delete on DAG:dataset_with_extra_by_context
[2025-04-11T20:24:00.216+0000] {logging_mixin.py:190} INFO - [2025-04-11T20:24:00.198+0000] {override.py:1912} INFO - Created Permission View: can create on DAG Run:dataset_with_extra_by_context
[2025-04-11T20:24:00.572+0000] {logging_mixin.py:190} INFO - [2025-04-11T20:24:00.562+0000] {override.py:1912} INFO - Created Permission View: can read on DAG Run:dataset_with_extra_by_context
[2025-04-11T20:24:00.770+0000] {logging_mixin.py:190} INFO - [2025-04-11T20:24:00.770+0000] {override.py:1912} INFO - Created Permission View: can delete on DAG Run:dataset_with_extra_by_context
[2025-04-11T20:24:01.184+0000] {logging_mixin.py:190} INFO - [2025-04-11T20:24:01.106+0000] {override.py:1912} INFO - Created Permission View: menu access on DAG Run:dataset_with_extra_by_context
[2025-04-11T20:24:01.186+0000] {logging_mixin.py:190} INFO - [2025-04-11T20:24:01.186+0000] {dag.py:3239} INFO - Sync 3 DAGs
[2025-04-11T20:24:01.528+0000] {logging_mixin.py:190} INFO - [2025-04-11T20:24:01.527+0000] {dag.py:3262} INFO - Creating ORM DAG for dataset_with_extra_from_classic_operator
[2025-04-11T20:24:01.533+0000] {logging_mixin.py:190} INFO - [2025-04-11T20:24:01.532+0000] {dag.py:3262} INFO - Creating ORM DAG for dataset_with_extra_by_context
[2025-04-11T20:24:01.537+0000] {logging_mixin.py:190} INFO - [2025-04-11T20:24:01.536+0000] {dag.py:3262} INFO - Creating ORM DAG for dataset_with_extra_by_yield
[2025-04-11T20:24:01.762+0000] {logging_mixin.py:190} INFO - [2025-04-11T20:24:01.762+0000] {dag.py:4180} INFO - Setting next_dagrun for dataset_with_extra_by_context to 2025-04-10 00:00:00+00:00, run_after=2025-04-11 00:00:00+00:00
[2025-04-11T20:24:01.783+0000] {logging_mixin.py:190} INFO - [2025-04-11T20:24:01.782+0000] {dag.py:4180} INFO - Setting next_dagrun for dataset_with_extra_by_yield to 2025-04-10 00:00:00+00:00, run_after=2025-04-11 00:00:00+00:00
[2025-04-11T20:24:01.847+0000] {logging_mixin.py:190} INFO - [2025-04-11T20:24:01.846+0000] {dag.py:4180} INFO - Setting next_dagrun for dataset_with_extra_from_classic_operator to 2025-04-10 00:00:00+00:00, run_after=2025-04-11 00:00:00+00:00
[2025-04-11T20:24:02.069+0000] {processor.py:208} INFO - Processing /home/airflow/.local/lib/python3.12/site-packages/airflow/example_dags/example_outlet_event_extra.py took 21.329 seconds
[2025-04-11T20:24:58.454+0000] {processor.py:186} INFO - Started process (PID=187) to work on /home/airflow/.local/lib/python3.12/site-packages/airflow/example_dags/example_outlet_event_extra.py
[2025-04-11T20:24:58.461+0000] {processor.py:914} INFO - Processing file /home/airflow/.local/lib/python3.12/site-packages/airflow/example_dags/example_outlet_event_extra.py for tasks to queue
[2025-04-11T20:24:58.474+0000] {logging_mixin.py:190} INFO - [2025-04-11T20:24:58.473+0000] {dagbag.py:588} INFO - Filling up the DagBag from /home/airflow/.local/lib/python3.12/site-packages/airflow/example_dags/example_outlet_event_extra.py
[2025-04-11T20:25:02.368+0000] {processor.py:925} INFO - DAG(s) 'dataset_with_extra_from_classic_operator', 'dataset_with_extra_by_context', 'dataset_with_extra_by_yield' retrieved from /home/airflow/.local/lib/python3.12/site-packages/airflow/example_dags/example_outlet_event_extra.py
[2025-04-11T20:25:02.520+0000] {logging_mixin.py:190} INFO - [2025-04-11T20:25:02.520+0000] {dag.py:3239} INFO - Sync 3 DAGs
[2025-04-11T20:25:02.675+0000] {logging_mixin.py:190} INFO - [2025-04-11T20:25:02.675+0000] {dag.py:4180} INFO - Setting next_dagrun for dataset_with_extra_by_context to 2025-04-10 00:00:00+00:00, run_after=2025-04-11 00:00:00+00:00
[2025-04-11T20:25:02.702+0000] {logging_mixin.py:190} INFO - [2025-04-11T20:25:02.701+0000] {dag.py:4180} INFO - Setting next_dagrun for dataset_with_extra_by_yield to 2025-04-10 00:00:00+00:00, run_after=2025-04-11 00:00:00+00:00
[2025-04-11T20:25:02.714+0000] {logging_mixin.py:190} INFO - [2025-04-11T20:25:02.714+0000] {dag.py:4180} INFO - Setting next_dagrun for dataset_with_extra_from_classic_operator to 2025-04-10 00:00:00+00:00, run_after=2025-04-11 00:00:00+00:00
[2025-04-11T20:25:02.822+0000] {processor.py:208} INFO - Processing /home/airflow/.local/lib/python3.12/site-packages/airflow/example_dags/example_outlet_event_extra.py took 4.439 seconds
[2025-04-11T20:25:34.292+0000] {processor.py:186} INFO - Started process (PID=262) to work on /home/airflow/.local/lib/python3.12/site-packages/airflow/example_dags/example_outlet_event_extra.py
[2025-04-11T20:25:34.300+0000] {processor.py:914} INFO - Processing file /home/airflow/.local/lib/python3.12/site-packages/airflow/example_dags/example_outlet_event_extra.py for tasks to queue
[2025-04-11T20:25:34.310+0000] {logging_mixin.py:190} INFO - [2025-04-11T20:25:34.310+0000] {dagbag.py:588} INFO - Filling up the DagBag from /home/airflow/.local/lib/python3.12/site-packages/airflow/example_dags/example_outlet_event_extra.py
[2025-04-11T20:25:37.397+0000] {processor.py:925} INFO - DAG(s) 'dataset_with_extra_from_classic_operator', 'dataset_with_extra_by_context', 'dataset_with_extra_by_yield' retrieved from /home/airflow/.local/lib/python3.12/site-packages/airflow/example_dags/example_outlet_event_extra.py
[2025-04-11T20:25:37.512+0000] {logging_mixin.py:190} INFO - [2025-04-11T20:25:37.503+0000] {dag.py:3239} INFO - Sync 3 DAGs
[2025-04-11T20:25:37.701+0000] {logging_mixin.py:190} INFO - [2025-04-11T20:25:37.701+0000] {dag.py:4180} INFO - Setting next_dagrun for dataset_with_extra_by_context to 2025-04-10 00:00:00+00:00, run_after=2025-04-11 00:00:00+00:00
[2025-04-11T20:25:37.757+0000] {logging_mixin.py:190} INFO - [2025-04-11T20:25:37.756+0000] {dag.py:4180} INFO - Setting next_dagrun for dataset_with_extra_by_yield to 2025-04-10 00:00:00+00:00, run_after=2025-04-11 00:00:00+00:00
[2025-04-11T20:25:37.785+0000] {logging_mixin.py:190} INFO - [2025-04-11T20:25:37.782+0000] {dag.py:4180} INFO - Setting next_dagrun for dataset_with_extra_from_classic_operator to 2025-04-10 00:00:00+00:00, run_after=2025-04-11 00:00:00+00:00
[2025-04-11T20:25:37.997+0000] {processor.py:208} INFO - Processing /home/airflow/.local/lib/python3.12/site-packages/airflow/example_dags/example_outlet_event_extra.py took 3.723 seconds
[2025-04-11T20:28:34.563+0000] {processor.py:186} INFO - Started process (PID=94) to work on /home/airflow/.local/lib/python3.12/site-packages/airflow/example_dags/example_outlet_event_extra.py
[2025-04-11T20:28:34.577+0000] {processor.py:914} INFO - Processing file /home/airflow/.local/lib/python3.12/site-packages/airflow/example_dags/example_outlet_event_extra.py for tasks to queue
[2025-04-11T20:28:34.604+0000] {logging_mixin.py:190} INFO - [2025-04-11T20:28:34.603+0000] {dagbag.py:588} INFO - Filling up the DagBag from /home/airflow/.local/lib/python3.12/site-packages/airflow/example_dags/example_outlet_event_extra.py
[2025-04-11T20:28:37.809+0000] {processor.py:925} INFO - DAG(s) 'dataset_with_extra_by_context', 'dataset_with_extra_from_classic_operator', 'dataset_with_extra_by_yield' retrieved from /home/airflow/.local/lib/python3.12/site-packages/airflow/example_dags/example_outlet_event_extra.py
[2025-04-11T20:28:37.959+0000] {logging_mixin.py:190} INFO - [2025-04-11T20:28:37.958+0000] {dag.py:3239} INFO - Sync 3 DAGs
[2025-04-11T20:28:38.105+0000] {logging_mixin.py:190} INFO - [2025-04-11T20:28:38.103+0000] {dag.py:4180} INFO - Setting next_dagrun for dataset_with_extra_by_context to 2025-04-10 00:00:00+00:00, run_after=2025-04-11 00:00:00+00:00
[2025-04-11T20:28:38.137+0000] {logging_mixin.py:190} INFO - [2025-04-11T20:28:38.136+0000] {dag.py:4180} INFO - Setting next_dagrun for dataset_with_extra_by_yield to 2025-04-10 00:00:00+00:00, run_after=2025-04-11 00:00:00+00:00
[2025-04-11T20:28:38.154+0000] {logging_mixin.py:190} INFO - [2025-04-11T20:28:38.154+0000] {dag.py:4180} INFO - Setting next_dagrun for dataset_with_extra_from_classic_operator to 2025-04-10 00:00:00+00:00, run_after=2025-04-11 00:00:00+00:00
[2025-04-11T20:28:38.336+0000] {processor.py:208} INFO - Processing /home/airflow/.local/lib/python3.12/site-packages/airflow/example_dags/example_outlet_event_extra.py took 3.806 seconds
[2025-04-11T20:29:10.205+0000] {processor.py:186} INFO - Started process (PID=159) to work on /home/airflow/.local/lib/python3.12/site-packages/airflow/example_dags/example_outlet_event_extra.py
[2025-04-11T20:29:10.213+0000] {processor.py:914} INFO - Processing file /home/airflow/.local/lib/python3.12/site-packages/airflow/example_dags/example_outlet_event_extra.py for tasks to queue
[2025-04-11T20:29:10.240+0000] {logging_mixin.py:190} INFO - [2025-04-11T20:29:10.234+0000] {dagbag.py:588} INFO - Filling up the DagBag from /home/airflow/.local/lib/python3.12/site-packages/airflow/example_dags/example_outlet_event_extra.py
[2025-04-11T20:29:13.578+0000] {processor.py:925} INFO - DAG(s) 'dataset_with_extra_from_classic_operator', 'dataset_with_extra_by_yield', 'dataset_with_extra_by_context' retrieved from /home/airflow/.local/lib/python3.12/site-packages/airflow/example_dags/example_outlet_event_extra.py
[2025-04-11T20:29:13.659+0000] {logging_mixin.py:190} INFO - [2025-04-11T20:29:13.658+0000] {dag.py:3239} INFO - Sync 3 DAGs
[2025-04-11T20:29:13.859+0000] {logging_mixin.py:190} INFO - [2025-04-11T20:29:13.859+0000] {dag.py:4180} INFO - Setting next_dagrun for dataset_with_extra_by_context to 2025-04-10 00:00:00+00:00, run_after=2025-04-11 00:00:00+00:00
[2025-04-11T20:29:13.901+0000] {logging_mixin.py:190} INFO - [2025-04-11T20:29:13.901+0000] {dag.py:4180} INFO - Setting next_dagrun for dataset_with_extra_by_yield to 2025-04-10 00:00:00+00:00, run_after=2025-04-11 00:00:00+00:00
[2025-04-11T20:29:13.920+0000] {logging_mixin.py:190} INFO - [2025-04-11T20:29:13.919+0000] {dag.py:4180} INFO - Setting next_dagrun for dataset_with_extra_from_classic_operator to 2025-04-10 00:00:00+00:00, run_after=2025-04-11 00:00:00+00:00
[2025-04-11T20:29:14.272+0000] {processor.py:208} INFO - Processing /home/airflow/.local/lib/python3.12/site-packages/airflow/example_dags/example_outlet_event_extra.py took 4.105 seconds
[2025-04-11T20:29:44.489+0000] {processor.py:186} INFO - Started process (PID=224) to work on /home/airflow/.local/lib/python3.12/site-packages/airflow/example_dags/example_outlet_event_extra.py
[2025-04-11T20:29:44.492+0000] {processor.py:914} INFO - Processing file /home/airflow/.local/lib/python3.12/site-packages/airflow/example_dags/example_outlet_event_extra.py for tasks to queue
[2025-04-11T20:29:44.498+0000] {logging_mixin.py:190} INFO - [2025-04-11T20:29:44.497+0000] {dagbag.py:588} INFO - Filling up the DagBag from /home/airflow/.local/lib/python3.12/site-packages/airflow/example_dags/example_outlet_event_extra.py
[2025-04-11T20:29:46.295+0000] {processor.py:925} INFO - DAG(s) 'dataset_with_extra_from_classic_operator', 'dataset_with_extra_by_yield', 'dataset_with_extra_by_context' retrieved from /home/airflow/.local/lib/python3.12/site-packages/airflow/example_dags/example_outlet_event_extra.py
[2025-04-11T20:29:46.357+0000] {logging_mixin.py:190} INFO - [2025-04-11T20:29:46.357+0000] {dag.py:3239} INFO - Sync 3 DAGs
[2025-04-11T20:29:46.425+0000] {logging_mixin.py:190} INFO - [2025-04-11T20:29:46.425+0000] {dag.py:4180} INFO - Setting next_dagrun for dataset_with_extra_by_context to 2025-04-10 00:00:00+00:00, run_after=2025-04-11 00:00:00+00:00
[2025-04-11T20:29:46.440+0000] {logging_mixin.py:190} INFO - [2025-04-11T20:29:46.440+0000] {dag.py:4180} INFO - Setting next_dagrun for dataset_with_extra_by_yield to 2025-04-10 00:00:00+00:00, run_after=2025-04-11 00:00:00+00:00
[2025-04-11T20:29:46.448+0000] {logging_mixin.py:190} INFO - [2025-04-11T20:29:46.448+0000] {dag.py:4180} INFO - Setting next_dagrun for dataset_with_extra_from_classic_operator to 2025-04-10 00:00:00+00:00, run_after=2025-04-11 00:00:00+00:00
[2025-04-11T20:29:46.502+0000] {processor.py:208} INFO - Processing /home/airflow/.local/lib/python3.12/site-packages/airflow/example_dags/example_outlet_event_extra.py took 2.027 seconds
[2025-04-11T20:30:43.909+0000] {processor.py:186} INFO - Started process (PID=282) to work on /home/airflow/.local/lib/python3.12/site-packages/airflow/example_dags/example_outlet_event_extra.py
[2025-04-11T20:30:43.918+0000] {processor.py:914} INFO - Processing file /home/airflow/.local/lib/python3.12/site-packages/airflow/example_dags/example_outlet_event_extra.py for tasks to queue
[2025-04-11T20:30:43.928+0000] {logging_mixin.py:190} INFO - [2025-04-11T20:30:43.928+0000] {dagbag.py:588} INFO - Filling up the DagBag from /home/airflow/.local/lib/python3.12/site-packages/airflow/example_dags/example_outlet_event_extra.py
[2025-04-11T20:30:51.984+0000] {processor.py:925} INFO - DAG(s) 'dataset_with_extra_from_classic_operator', 'dataset_with_extra_by_context', 'dataset_with_extra_by_yield' retrieved from /home/airflow/.local/lib/python3.12/site-packages/airflow/example_dags/example_outlet_event_extra.py
[2025-04-11T20:30:52.153+0000] {logging_mixin.py:190} INFO - [2025-04-11T20:30:52.152+0000] {dag.py:3239} INFO - Sync 3 DAGs
[2025-04-11T20:30:52.327+0000] {logging_mixin.py:190} INFO - [2025-04-11T20:30:52.326+0000] {dag.py:4180} INFO - Setting next_dagrun for dataset_with_extra_by_context to 2025-04-10 00:00:00+00:00, run_after=2025-04-11 00:00:00+00:00
[2025-04-11T20:30:52.344+0000] {logging_mixin.py:190} INFO - [2025-04-11T20:30:52.343+0000] {dag.py:4180} INFO - Setting next_dagrun for dataset_with_extra_by_yield to 2025-04-10 00:00:00+00:00, run_after=2025-04-11 00:00:00+00:00
[2025-04-11T20:30:52.354+0000] {logging_mixin.py:190} INFO - [2025-04-11T20:30:52.354+0000] {dag.py:4180} INFO - Setting next_dagrun for dataset_with_extra_from_classic_operator to 2025-04-10 00:00:00+00:00, run_after=2025-04-11 00:00:00+00:00
[2025-04-11T20:30:52.667+0000] {processor.py:208} INFO - Processing /home/airflow/.local/lib/python3.12/site-packages/airflow/example_dags/example_outlet_event_extra.py took 8.790 seconds
[2025-04-11T20:31:23.677+0000] {processor.py:186} INFO - Started process (PID=347) to work on /home/airflow/.local/lib/python3.12/site-packages/airflow/example_dags/example_outlet_event_extra.py
[2025-04-11T20:31:23.685+0000] {processor.py:914} INFO - Processing file /home/airflow/.local/lib/python3.12/site-packages/airflow/example_dags/example_outlet_event_extra.py for tasks to queue
[2025-04-11T20:31:23.707+0000] {logging_mixin.py:190} INFO - [2025-04-11T20:31:23.703+0000] {dagbag.py:588} INFO - Filling up the DagBag from /home/airflow/.local/lib/python3.12/site-packages/airflow/example_dags/example_outlet_event_extra.py
[2025-04-11T20:31:26.314+0000] {processor.py:925} INFO - DAG(s) 'dataset_with_extra_from_classic_operator', 'dataset_with_extra_by_context', 'dataset_with_extra_by_yield' retrieved from /home/airflow/.local/lib/python3.12/site-packages/airflow/example_dags/example_outlet_event_extra.py
[2025-04-11T20:31:26.479+0000] {logging_mixin.py:190} INFO - [2025-04-11T20:31:26.478+0000] {dag.py:3239} INFO - Sync 3 DAGs
[2025-04-11T20:31:26.656+0000] {logging_mixin.py:190} INFO - [2025-04-11T20:31:26.656+0000] {dag.py:4180} INFO - Setting next_dagrun for dataset_with_extra_by_context to 2025-04-10 00:00:00+00:00, run_after=2025-04-11 00:00:00+00:00
[2025-04-11T20:31:26.766+0000] {logging_mixin.py:190} INFO - [2025-04-11T20:31:26.766+0000] {dag.py:4180} INFO - Setting next_dagrun for dataset_with_extra_by_yield to 2025-04-10 00:00:00+00:00, run_after=2025-04-11 00:00:00+00:00
[2025-04-11T20:31:26.794+0000] {logging_mixin.py:190} INFO - [2025-04-11T20:31:26.794+0000] {dag.py:4180} INFO - Setting next_dagrun for dataset_with_extra_from_classic_operator to 2025-04-10 00:00:00+00:00, run_after=2025-04-11 00:00:00+00:00
[2025-04-11T20:31:26.889+0000] {processor.py:208} INFO - Processing /home/airflow/.local/lib/python3.12/site-packages/airflow/example_dags/example_outlet_event_extra.py took 3.256 seconds
[2025-04-11T20:31:57.498+0000] {processor.py:186} INFO - Started process (PID=422) to work on /home/airflow/.local/lib/python3.12/site-packages/airflow/example_dags/example_outlet_event_extra.py
[2025-04-11T20:31:57.501+0000] {processor.py:914} INFO - Processing file /home/airflow/.local/lib/python3.12/site-packages/airflow/example_dags/example_outlet_event_extra.py for tasks to queue
[2025-04-11T20:31:57.509+0000] {logging_mixin.py:190} INFO - [2025-04-11T20:31:57.508+0000] {dagbag.py:588} INFO - Filling up the DagBag from /home/airflow/.local/lib/python3.12/site-packages/airflow/example_dags/example_outlet_event_extra.py
[2025-04-11T20:32:00.906+0000] {processor.py:925} INFO - DAG(s) 'dataset_with_extra_by_context', 'dataset_with_extra_from_classic_operator', 'dataset_with_extra_by_yield' retrieved from /home/airflow/.local/lib/python3.12/site-packages/airflow/example_dags/example_outlet_event_extra.py
[2025-04-11T20:32:01.039+0000] {logging_mixin.py:190} INFO - [2025-04-11T20:32:01.038+0000] {dag.py:3239} INFO - Sync 3 DAGs
[2025-04-11T20:32:01.232+0000] {logging_mixin.py:190} INFO - [2025-04-11T20:32:01.229+0000] {dag.py:4180} INFO - Setting next_dagrun for dataset_with_extra_by_context to 2025-04-10 00:00:00+00:00, run_after=2025-04-11 00:00:00+00:00
[2025-04-11T20:32:01.267+0000] {logging_mixin.py:190} INFO - [2025-04-11T20:32:01.267+0000] {dag.py:4180} INFO - Setting next_dagrun for dataset_with_extra_by_yield to 2025-04-10 00:00:00+00:00, run_after=2025-04-11 00:00:00+00:00
[2025-04-11T20:32:01.283+0000] {logging_mixin.py:190} INFO - [2025-04-11T20:32:01.282+0000] {dag.py:4180} INFO - Setting next_dagrun for dataset_with_extra_from_classic_operator to 2025-04-10 00:00:00+00:00, run_after=2025-04-11 00:00:00+00:00
[2025-04-11T20:32:01.424+0000] {processor.py:208} INFO - Processing /home/airflow/.local/lib/python3.12/site-packages/airflow/example_dags/example_outlet_event_extra.py took 3.939 seconds
[2025-04-11T20:32:42.156+0000] {processor.py:186} INFO - Started process (PID=483) to work on /home/airflow/.local/lib/python3.12/site-packages/airflow/example_dags/example_outlet_event_extra.py
[2025-04-11T20:32:42.162+0000] {processor.py:914} INFO - Processing file /home/airflow/.local/lib/python3.12/site-packages/airflow/example_dags/example_outlet_event_extra.py for tasks to queue
[2025-04-11T20:32:42.194+0000] {logging_mixin.py:190} INFO - [2025-04-11T20:32:42.193+0000] {dagbag.py:588} INFO - Filling up the DagBag from /home/airflow/.local/lib/python3.12/site-packages/airflow/example_dags/example_outlet_event_extra.py
[2025-04-11T20:32:47.302+0000] {processor.py:925} INFO - DAG(s) 'dataset_with_extra_by_context', 'dataset_with_extra_from_classic_operator', 'dataset_with_extra_by_yield' retrieved from /home/airflow/.local/lib/python3.12/site-packages/airflow/example_dags/example_outlet_event_extra.py
[2025-04-11T20:32:47.567+0000] {logging_mixin.py:190} INFO - [2025-04-11T20:32:47.566+0000] {dag.py:3239} INFO - Sync 3 DAGs
[2025-04-11T20:32:48.081+0000] {logging_mixin.py:190} INFO - [2025-04-11T20:32:48.081+0000] {dag.py:4180} INFO - Setting next_dagrun for dataset_with_extra_by_context to 2025-04-10 00:00:00+00:00, run_after=2025-04-11 00:00:00+00:00
[2025-04-11T20:32:48.324+0000] {logging_mixin.py:190} INFO - [2025-04-11T20:32:48.323+0000] {dag.py:4180} INFO - Setting next_dagrun for dataset_with_extra_by_yield to 2025-04-10 00:00:00+00:00, run_after=2025-04-11 00:00:00+00:00
[2025-04-11T20:32:48.369+0000] {logging_mixin.py:190} INFO - [2025-04-11T20:32:48.368+0000] {dag.py:4180} INFO - Setting next_dagrun for dataset_with_extra_from_classic_operator to 2025-04-10 00:00:00+00:00, run_after=2025-04-11 00:00:00+00:00
[2025-04-11T20:32:48.541+0000] {processor.py:208} INFO - Processing /home/airflow/.local/lib/python3.12/site-packages/airflow/example_dags/example_outlet_event_extra.py took 6.478 seconds
[2025-04-11T20:35:52.741+0000] {processor.py:186} INFO - Started process (PID=97) to work on /home/airflow/.local/lib/python3.12/site-packages/airflow/example_dags/example_outlet_event_extra.py
[2025-04-11T20:35:52.761+0000] {processor.py:914} INFO - Processing file /home/airflow/.local/lib/python3.12/site-packages/airflow/example_dags/example_outlet_event_extra.py for tasks to queue
[2025-04-11T20:35:52.779+0000] {logging_mixin.py:190} INFO - [2025-04-11T20:35:52.777+0000] {dagbag.py:588} INFO - Filling up the DagBag from /home/airflow/.local/lib/python3.12/site-packages/airflow/example_dags/example_outlet_event_extra.py
[2025-04-11T20:35:55.983+0000] {processor.py:925} INFO - DAG(s) 'dataset_with_extra_by_context', 'dataset_with_extra_from_classic_operator', 'dataset_with_extra_by_yield' retrieved from /home/airflow/.local/lib/python3.12/site-packages/airflow/example_dags/example_outlet_event_extra.py
[2025-04-11T20:35:56.636+0000] {logging_mixin.py:190} INFO - [2025-04-11T20:35:56.635+0000] {dag.py:3239} INFO - Sync 3 DAGs
[2025-04-11T20:35:57.160+0000] {logging_mixin.py:190} INFO - [2025-04-11T20:35:57.159+0000] {dag.py:4180} INFO - Setting next_dagrun for dataset_with_extra_by_context to 2025-04-10 00:00:00+00:00, run_after=2025-04-11 00:00:00+00:00
[2025-04-11T20:35:57.245+0000] {logging_mixin.py:190} INFO - [2025-04-11T20:35:57.244+0000] {dag.py:4180} INFO - Setting next_dagrun for dataset_with_extra_by_yield to 2025-04-10 00:00:00+00:00, run_after=2025-04-11 00:00:00+00:00
[2025-04-11T20:35:57.275+0000] {logging_mixin.py:190} INFO - [2025-04-11T20:35:57.274+0000] {dag.py:4180} INFO - Setting next_dagrun for dataset_with_extra_from_classic_operator to 2025-04-10 00:00:00+00:00, run_after=2025-04-11 00:00:00+00:00
[2025-04-11T20:35:57.697+0000] {processor.py:208} INFO - Processing /home/airflow/.local/lib/python3.12/site-packages/airflow/example_dags/example_outlet_event_extra.py took 5.019 seconds
[2025-04-11T20:36:27.932+0000] {processor.py:186} INFO - Started process (PID=165) to work on /home/airflow/.local/lib/python3.12/site-packages/airflow/example_dags/example_outlet_event_extra.py
[2025-04-11T20:36:27.936+0000] {processor.py:914} INFO - Processing file /home/airflow/.local/lib/python3.12/site-packages/airflow/example_dags/example_outlet_event_extra.py for tasks to queue
[2025-04-11T20:36:27.963+0000] {logging_mixin.py:190} INFO - [2025-04-11T20:36:27.962+0000] {dagbag.py:588} INFO - Filling up the DagBag from /home/airflow/.local/lib/python3.12/site-packages/airflow/example_dags/example_outlet_event_extra.py
[2025-04-11T20:36:29.477+0000] {processor.py:925} INFO - DAG(s) 'dataset_with_extra_from_classic_operator', 'dataset_with_extra_by_context', 'dataset_with_extra_by_yield' retrieved from /home/airflow/.local/lib/python3.12/site-packages/airflow/example_dags/example_outlet_event_extra.py
[2025-04-11T20:36:29.538+0000] {logging_mixin.py:190} INFO - [2025-04-11T20:36:29.537+0000] {dag.py:3239} INFO - Sync 3 DAGs
[2025-04-11T20:36:29.611+0000] {logging_mixin.py:190} INFO - [2025-04-11T20:36:29.610+0000] {dag.py:4180} INFO - Setting next_dagrun for dataset_with_extra_by_context to 2025-04-10 00:00:00+00:00, run_after=2025-04-11 00:00:00+00:00
[2025-04-11T20:36:29.626+0000] {logging_mixin.py:190} INFO - [2025-04-11T20:36:29.626+0000] {dag.py:4180} INFO - Setting next_dagrun for dataset_with_extra_by_yield to 2025-04-10 00:00:00+00:00, run_after=2025-04-11 00:00:00+00:00
[2025-04-11T20:36:29.635+0000] {logging_mixin.py:190} INFO - [2025-04-11T20:36:29.634+0000] {dag.py:4180} INFO - Setting next_dagrun for dataset_with_extra_from_classic_operator to 2025-04-10 00:00:00+00:00, run_after=2025-04-11 00:00:00+00:00
[2025-04-11T20:36:29.690+0000] {processor.py:208} INFO - Processing /home/airflow/.local/lib/python3.12/site-packages/airflow/example_dags/example_outlet_event_extra.py took 1.777 seconds
[2025-04-11T20:37:00.922+0000] {processor.py:186} INFO - Started process (PID=229) to work on /home/airflow/.local/lib/python3.12/site-packages/airflow/example_dags/example_outlet_event_extra.py
[2025-04-11T20:37:00.927+0000] {processor.py:914} INFO - Processing file /home/airflow/.local/lib/python3.12/site-packages/airflow/example_dags/example_outlet_event_extra.py for tasks to queue
[2025-04-11T20:37:00.937+0000] {logging_mixin.py:190} INFO - [2025-04-11T20:37:00.936+0000] {dagbag.py:588} INFO - Filling up the DagBag from /home/airflow/.local/lib/python3.12/site-packages/airflow/example_dags/example_outlet_event_extra.py
[2025-04-11T20:37:03.455+0000] {processor.py:925} INFO - DAG(s) 'dataset_with_extra_by_yield', 'dataset_with_extra_by_context', 'dataset_with_extra_from_classic_operator' retrieved from /home/airflow/.local/lib/python3.12/site-packages/airflow/example_dags/example_outlet_event_extra.py
[2025-04-11T20:37:03.580+0000] {logging_mixin.py:190} INFO - [2025-04-11T20:37:03.579+0000] {dag.py:3239} INFO - Sync 3 DAGs
[2025-04-11T20:37:03.713+0000] {logging_mixin.py:190} INFO - [2025-04-11T20:37:03.712+0000] {dag.py:4180} INFO - Setting next_dagrun for dataset_with_extra_by_context to 2025-04-10 00:00:00+00:00, run_after=2025-04-11 00:00:00+00:00
[2025-04-11T20:37:03.732+0000] {logging_mixin.py:190} INFO - [2025-04-11T20:37:03.731+0000] {dag.py:4180} INFO - Setting next_dagrun for dataset_with_extra_by_yield to 2025-04-10 00:00:00+00:00, run_after=2025-04-11 00:00:00+00:00
[2025-04-11T20:37:03.742+0000] {logging_mixin.py:190} INFO - [2025-04-11T20:37:03.741+0000] {dag.py:4180} INFO - Setting next_dagrun for dataset_with_extra_from_classic_operator to 2025-04-10 00:00:00+00:00, run_after=2025-04-11 00:00:00+00:00
[2025-04-11T20:37:03.837+0000] {processor.py:208} INFO - Processing /home/airflow/.local/lib/python3.12/site-packages/airflow/example_dags/example_outlet_event_extra.py took 2.948 seconds
[2025-04-11T20:38:02.928+0000] {processor.py:186} INFO - Started process (PID=308) to work on /home/airflow/.local/lib/python3.12/site-packages/airflow/example_dags/example_outlet_event_extra.py
[2025-04-11T20:38:02.939+0000] {processor.py:914} INFO - Processing file /home/airflow/.local/lib/python3.12/site-packages/airflow/example_dags/example_outlet_event_extra.py for tasks to queue
[2025-04-11T20:38:02.963+0000] {logging_mixin.py:190} INFO - [2025-04-11T20:38:02.960+0000] {dagbag.py:588} INFO - Filling up the DagBag from /home/airflow/.local/lib/python3.12/site-packages/airflow/example_dags/example_outlet_event_extra.py
[2025-04-11T20:38:05.600+0000] {processor.py:925} INFO - DAG(s) 'dataset_with_extra_from_classic_operator', 'dataset_with_extra_by_context', 'dataset_with_extra_by_yield' retrieved from /home/airflow/.local/lib/python3.12/site-packages/airflow/example_dags/example_outlet_event_extra.py
[2025-04-11T20:38:05.734+0000] {logging_mixin.py:190} INFO - [2025-04-11T20:38:05.734+0000] {dag.py:3239} INFO - Sync 3 DAGs
[2025-04-11T20:38:06.190+0000] {logging_mixin.py:190} INFO - [2025-04-11T20:38:06.186+0000] {dag.py:4180} INFO - Setting next_dagrun for dataset_with_extra_by_context to 2025-04-10 00:00:00+00:00, run_after=2025-04-11 00:00:00+00:00
[2025-04-11T20:38:06.271+0000] {logging_mixin.py:190} INFO - [2025-04-11T20:38:06.265+0000] {dag.py:4180} INFO - Setting next_dagrun for dataset_with_extra_by_yield to 2025-04-10 00:00:00+00:00, run_after=2025-04-11 00:00:00+00:00
[2025-04-11T20:38:06.310+0000] {logging_mixin.py:190} INFO - [2025-04-11T20:38:06.303+0000] {dag.py:4180} INFO - Setting next_dagrun for dataset_with_extra_from_classic_operator to 2025-04-10 00:00:00+00:00, run_after=2025-04-11 00:00:00+00:00
[2025-04-11T20:38:06.563+0000] {processor.py:208} INFO - Processing /home/airflow/.local/lib/python3.12/site-packages/airflow/example_dags/example_outlet_event_extra.py took 3.671 seconds
[2025-04-11T20:38:48.506+0000] {processor.py:186} INFO - Started process (PID=381) to work on /home/airflow/.local/lib/python3.12/site-packages/airflow/example_dags/example_outlet_event_extra.py
[2025-04-11T20:38:48.511+0000] {processor.py:914} INFO - Processing file /home/airflow/.local/lib/python3.12/site-packages/airflow/example_dags/example_outlet_event_extra.py for tasks to queue
[2025-04-11T20:38:48.667+0000] {logging_mixin.py:190} INFO - [2025-04-11T20:38:48.666+0000] {dagbag.py:588} INFO - Filling up the DagBag from /home/airflow/.local/lib/python3.12/site-packages/airflow/example_dags/example_outlet_event_extra.py
[2025-04-11T20:38:56.046+0000] {processor.py:925} INFO - DAG(s) 'dataset_with_extra_by_context', 'dataset_with_extra_by_yield', 'dataset_with_extra_from_classic_operator' retrieved from /home/airflow/.local/lib/python3.12/site-packages/airflow/example_dags/example_outlet_event_extra.py
[2025-04-11T20:38:56.285+0000] {logging_mixin.py:190} INFO - [2025-04-11T20:38:56.284+0000] {dag.py:3239} INFO - Sync 3 DAGs
[2025-04-11T20:38:56.589+0000] {logging_mixin.py:190} INFO - [2025-04-11T20:38:56.588+0000] {dag.py:4180} INFO - Setting next_dagrun for dataset_with_extra_by_context to 2025-04-10 00:00:00+00:00, run_after=2025-04-11 00:00:00+00:00
[2025-04-11T20:38:56.644+0000] {logging_mixin.py:190} INFO - [2025-04-11T20:38:56.644+0000] {dag.py:4180} INFO - Setting next_dagrun for dataset_with_extra_by_yield to 2025-04-10 00:00:00+00:00, run_after=2025-04-11 00:00:00+00:00
[2025-04-11T20:38:56.669+0000] {logging_mixin.py:190} INFO - [2025-04-11T20:38:56.669+0000] {dag.py:4180} INFO - Setting next_dagrun for dataset_with_extra_from_classic_operator to 2025-04-10 00:00:00+00:00, run_after=2025-04-11 00:00:00+00:00
[2025-04-11T20:38:56.797+0000] {processor.py:208} INFO - Processing /home/airflow/.local/lib/python3.12/site-packages/airflow/example_dags/example_outlet_event_extra.py took 8.310 seconds
[2025-04-11T20:39:59.699+0000] {processor.py:186} INFO - Started process (PID=447) to work on /home/airflow/.local/lib/python3.12/site-packages/airflow/example_dags/example_outlet_event_extra.py
[2025-04-11T20:39:59.704+0000] {processor.py:914} INFO - Processing file /home/airflow/.local/lib/python3.12/site-packages/airflow/example_dags/example_outlet_event_extra.py for tasks to queue
[2025-04-11T20:39:59.731+0000] {logging_mixin.py:190} INFO - [2025-04-11T20:39:59.730+0000] {dagbag.py:588} INFO - Filling up the DagBag from /home/airflow/.local/lib/python3.12/site-packages/airflow/example_dags/example_outlet_event_extra.py
[2025-04-11T20:40:05.236+0000] {processor.py:925} INFO - DAG(s) 'dataset_with_extra_by_yield', 'dataset_with_extra_from_classic_operator', 'dataset_with_extra_by_context' retrieved from /home/airflow/.local/lib/python3.12/site-packages/airflow/example_dags/example_outlet_event_extra.py
[2025-04-11T20:40:05.497+0000] {logging_mixin.py:190} INFO - [2025-04-11T20:40:05.494+0000] {dag.py:3239} INFO - Sync 3 DAGs
[2025-04-11T20:40:05.842+0000] {logging_mixin.py:190} INFO - [2025-04-11T20:40:05.841+0000] {dag.py:4180} INFO - Setting next_dagrun for dataset_with_extra_by_context to 2025-04-10 00:00:00+00:00, run_after=2025-04-11 00:00:00+00:00
[2025-04-11T20:40:05.909+0000] {logging_mixin.py:190} INFO - [2025-04-11T20:40:05.908+0000] {dag.py:4180} INFO - Setting next_dagrun for dataset_with_extra_by_yield to 2025-04-10 00:00:00+00:00, run_after=2025-04-11 00:00:00+00:00
[2025-04-11T20:40:05.935+0000] {logging_mixin.py:190} INFO - [2025-04-11T20:40:05.934+0000] {dag.py:4180} INFO - Setting next_dagrun for dataset_with_extra_from_classic_operator to 2025-04-10 00:00:00+00:00, run_after=2025-04-11 00:00:00+00:00
[2025-04-11T20:40:06.147+0000] {processor.py:208} INFO - Processing /home/airflow/.local/lib/python3.12/site-packages/airflow/example_dags/example_outlet_event_extra.py took 6.481 seconds
[2025-04-11T20:40:40.179+0000] {processor.py:186} INFO - Started process (PID=520) to work on /home/airflow/.local/lib/python3.12/site-packages/airflow/example_dags/example_outlet_event_extra.py
[2025-04-11T20:40:40.188+0000] {processor.py:914} INFO - Processing file /home/airflow/.local/lib/python3.12/site-packages/airflow/example_dags/example_outlet_event_extra.py for tasks to queue
[2025-04-11T20:40:40.215+0000] {logging_mixin.py:190} INFO - [2025-04-11T20:40:40.213+0000] {dagbag.py:588} INFO - Filling up the DagBag from /home/airflow/.local/lib/python3.12/site-packages/airflow/example_dags/example_outlet_event_extra.py
[2025-04-11T20:40:43.339+0000] {processor.py:925} INFO - DAG(s) 'dataset_with_extra_by_context', 'dataset_with_extra_from_classic_operator', 'dataset_with_extra_by_yield' retrieved from /home/airflow/.local/lib/python3.12/site-packages/airflow/example_dags/example_outlet_event_extra.py
[2025-04-11T20:40:43.489+0000] {logging_mixin.py:190} INFO - [2025-04-11T20:40:43.488+0000] {dag.py:3239} INFO - Sync 3 DAGs
[2025-04-11T20:40:43.738+0000] {logging_mixin.py:190} INFO - [2025-04-11T20:40:43.737+0000] {dag.py:4180} INFO - Setting next_dagrun for dataset_with_extra_by_context to 2025-04-10 00:00:00+00:00, run_after=2025-04-11 00:00:00+00:00
[2025-04-11T20:40:43.772+0000] {logging_mixin.py:190} INFO - [2025-04-11T20:40:43.772+0000] {dag.py:4180} INFO - Setting next_dagrun for dataset_with_extra_by_yield to 2025-04-10 00:00:00+00:00, run_after=2025-04-11 00:00:00+00:00
[2025-04-11T20:40:43.801+0000] {logging_mixin.py:190} INFO - [2025-04-11T20:40:43.801+0000] {dag.py:4180} INFO - Setting next_dagrun for dataset_with_extra_from_classic_operator to 2025-04-10 00:00:00+00:00, run_after=2025-04-11 00:00:00+00:00
[2025-04-11T20:40:44.287+0000] {processor.py:208} INFO - Processing /home/airflow/.local/lib/python3.12/site-packages/airflow/example_dags/example_outlet_event_extra.py took 4.146 seconds
[2025-04-11T20:41:16.748+0000] {processor.py:186} INFO - Started process (PID=584) to work on /home/airflow/.local/lib/python3.12/site-packages/airflow/example_dags/example_outlet_event_extra.py
[2025-04-11T20:41:16.756+0000] {processor.py:914} INFO - Processing file /home/airflow/.local/lib/python3.12/site-packages/airflow/example_dags/example_outlet_event_extra.py for tasks to queue
[2025-04-11T20:41:16.783+0000] {logging_mixin.py:190} INFO - [2025-04-11T20:41:16.778+0000] {dagbag.py:588} INFO - Filling up the DagBag from /home/airflow/.local/lib/python3.12/site-packages/airflow/example_dags/example_outlet_event_extra.py
[2025-04-11T20:41:20.953+0000] {processor.py:925} INFO - DAG(s) 'dataset_with_extra_by_yield', 'dataset_with_extra_by_context', 'dataset_with_extra_from_classic_operator' retrieved from /home/airflow/.local/lib/python3.12/site-packages/airflow/example_dags/example_outlet_event_extra.py
[2025-04-11T20:41:21.061+0000] {logging_mixin.py:190} INFO - [2025-04-11T20:41:21.060+0000] {dag.py:3239} INFO - Sync 3 DAGs
[2025-04-11T20:41:21.166+0000] {logging_mixin.py:190} INFO - [2025-04-11T20:41:21.165+0000] {dag.py:4180} INFO - Setting next_dagrun for dataset_with_extra_by_context to 2025-04-10 00:00:00+00:00, run_after=2025-04-11 00:00:00+00:00
[2025-04-11T20:41:21.185+0000] {logging_mixin.py:190} INFO - [2025-04-11T20:41:21.185+0000] {dag.py:4180} INFO - Setting next_dagrun for dataset_with_extra_by_yield to 2025-04-10 00:00:00+00:00, run_after=2025-04-11 00:00:00+00:00
[2025-04-11T20:41:21.193+0000] {logging_mixin.py:190} INFO - [2025-04-11T20:41:21.192+0000] {dag.py:4180} INFO - Setting next_dagrun for dataset_with_extra_from_classic_operator to 2025-04-10 00:00:00+00:00, run_after=2025-04-11 00:00:00+00:00
[2025-04-11T20:41:21.268+0000] {processor.py:208} INFO - Processing /home/airflow/.local/lib/python3.12/site-packages/airflow/example_dags/example_outlet_event_extra.py took 4.562 seconds
[2025-04-11T20:41:58.848+0000] {processor.py:186} INFO - Started process (PID=649) to work on /home/airflow/.local/lib/python3.12/site-packages/airflow/example_dags/example_outlet_event_extra.py
[2025-04-11T20:41:58.852+0000] {processor.py:914} INFO - Processing file /home/airflow/.local/lib/python3.12/site-packages/airflow/example_dags/example_outlet_event_extra.py for tasks to queue
[2025-04-11T20:41:58.892+0000] {logging_mixin.py:190} INFO - [2025-04-11T20:41:58.880+0000] {dagbag.py:588} INFO - Filling up the DagBag from /home/airflow/.local/lib/python3.12/site-packages/airflow/example_dags/example_outlet_event_extra.py
[2025-04-11T20:42:15.315+0000] {processor.py:925} INFO - DAG(s) 'dataset_with_extra_by_yield', 'dataset_with_extra_from_classic_operator', 'dataset_with_extra_by_context' retrieved from /home/airflow/.local/lib/python3.12/site-packages/airflow/example_dags/example_outlet_event_extra.py
[2025-04-11T20:42:15.481+0000] {logging_mixin.py:190} INFO - [2025-04-11T20:42:15.480+0000] {dag.py:3239} INFO - Sync 3 DAGs
[2025-04-11T20:42:15.627+0000] {logging_mixin.py:190} INFO - [2025-04-11T20:42:15.626+0000] {dag.py:4180} INFO - Setting next_dagrun for dataset_with_extra_by_context to 2025-04-10 00:00:00+00:00, run_after=2025-04-11 00:00:00+00:00
[2025-04-11T20:42:15.657+0000] {logging_mixin.py:190} INFO - [2025-04-11T20:42:15.656+0000] {dag.py:4180} INFO - Setting next_dagrun for dataset_with_extra_by_yield to 2025-04-10 00:00:00+00:00, run_after=2025-04-11 00:00:00+00:00
[2025-04-11T20:42:15.707+0000] {logging_mixin.py:190} INFO - [2025-04-11T20:42:15.703+0000] {dag.py:4180} INFO - Setting next_dagrun for dataset_with_extra_from_classic_operator to 2025-04-10 00:00:00+00:00, run_after=2025-04-11 00:00:00+00:00
[2025-04-11T20:42:15.910+0000] {processor.py:208} INFO - Processing /home/airflow/.local/lib/python3.12/site-packages/airflow/example_dags/example_outlet_event_extra.py took 17.116 seconds
[2025-04-11T20:43:55.690+0000] {processor.py:186} INFO - Started process (PID=739) to work on /home/airflow/.local/lib/python3.12/site-packages/airflow/example_dags/example_outlet_event_extra.py
[2025-04-11T20:43:55.765+0000] {processor.py:914} INFO - Processing file /home/airflow/.local/lib/python3.12/site-packages/airflow/example_dags/example_outlet_event_extra.py for tasks to queue
[2025-04-11T20:43:55.791+0000] {logging_mixin.py:190} INFO - [2025-04-11T20:43:55.790+0000] {dagbag.py:588} INFO - Filling up the DagBag from /home/airflow/.local/lib/python3.12/site-packages/airflow/example_dags/example_outlet_event_extra.py
[2025-04-11T20:44:00.598+0000] {processor.py:925} INFO - DAG(s) 'dataset_with_extra_by_yield', 'dataset_with_extra_by_context', 'dataset_with_extra_from_classic_operator' retrieved from /home/airflow/.local/lib/python3.12/site-packages/airflow/example_dags/example_outlet_event_extra.py
[2025-04-11T20:44:00.746+0000] {logging_mixin.py:190} INFO - [2025-04-11T20:44:00.745+0000] {dag.py:3239} INFO - Sync 3 DAGs
[2025-04-11T20:44:00.995+0000] {logging_mixin.py:190} INFO - [2025-04-11T20:44:00.994+0000] {dag.py:4180} INFO - Setting next_dagrun for dataset_with_extra_by_context to 2025-04-10 00:00:00+00:00, run_after=2025-04-11 00:00:00+00:00
[2025-04-11T20:44:01.031+0000] {logging_mixin.py:190} INFO - [2025-04-11T20:44:01.030+0000] {dag.py:4180} INFO - Setting next_dagrun for dataset_with_extra_by_yield to 2025-04-10 00:00:00+00:00, run_after=2025-04-11 00:00:00+00:00
[2025-04-11T20:44:01.049+0000] {logging_mixin.py:190} INFO - [2025-04-11T20:44:01.049+0000] {dag.py:4180} INFO - Setting next_dagrun for dataset_with_extra_from_classic_operator to 2025-04-10 00:00:00+00:00, run_after=2025-04-11 00:00:00+00:00
[2025-04-11T20:44:01.465+0000] {processor.py:208} INFO - Processing /home/airflow/.local/lib/python3.12/site-packages/airflow/example_dags/example_outlet_event_extra.py took 5.809 seconds
[2025-04-11T20:44:37.457+0000] {processor.py:186} INFO - Started process (PID=802) to work on /home/airflow/.local/lib/python3.12/site-packages/airflow/example_dags/example_outlet_event_extra.py
[2025-04-11T20:44:37.471+0000] {processor.py:914} INFO - Processing file /home/airflow/.local/lib/python3.12/site-packages/airflow/example_dags/example_outlet_event_extra.py for tasks to queue
[2025-04-11T20:44:37.486+0000] {logging_mixin.py:190} INFO - [2025-04-11T20:44:37.484+0000] {dagbag.py:588} INFO - Filling up the DagBag from /home/airflow/.local/lib/python3.12/site-packages/airflow/example_dags/example_outlet_event_extra.py
[2025-04-11T20:44:43.455+0000] {processor.py:925} INFO - DAG(s) 'dataset_with_extra_by_yield', 'dataset_with_extra_by_context', 'dataset_with_extra_from_classic_operator' retrieved from /home/airflow/.local/lib/python3.12/site-packages/airflow/example_dags/example_outlet_event_extra.py
[2025-04-11T20:44:43.714+0000] {logging_mixin.py:190} INFO - [2025-04-11T20:44:43.714+0000] {dag.py:3239} INFO - Sync 3 DAGs
[2025-04-11T20:44:44.268+0000] {logging_mixin.py:190} INFO - [2025-04-11T20:44:44.267+0000] {dag.py:4180} INFO - Setting next_dagrun for dataset_with_extra_by_context to 2025-04-10 00:00:00+00:00, run_after=2025-04-11 00:00:00+00:00
[2025-04-11T20:44:44.296+0000] {logging_mixin.py:190} INFO - [2025-04-11T20:44:44.296+0000] {dag.py:4180} INFO - Setting next_dagrun for dataset_with_extra_by_yield to 2025-04-10 00:00:00+00:00, run_after=2025-04-11 00:00:00+00:00
[2025-04-11T20:44:44.313+0000] {logging_mixin.py:190} INFO - [2025-04-11T20:44:44.309+0000] {dag.py:4180} INFO - Setting next_dagrun for dataset_with_extra_from_classic_operator to 2025-04-10 00:00:00+00:00, run_after=2025-04-11 00:00:00+00:00
[2025-04-11T20:44:44.445+0000] {processor.py:208} INFO - Processing /home/airflow/.local/lib/python3.12/site-packages/airflow/example_dags/example_outlet_event_extra.py took 7.044 seconds
[2025-04-11T20:45:14.943+0000] {processor.py:186} INFO - Started process (PID=876) to work on /home/airflow/.local/lib/python3.12/site-packages/airflow/example_dags/example_outlet_event_extra.py
[2025-04-11T20:45:14.955+0000] {processor.py:914} INFO - Processing file /home/airflow/.local/lib/python3.12/site-packages/airflow/example_dags/example_outlet_event_extra.py for tasks to queue
[2025-04-11T20:45:14.967+0000] {logging_mixin.py:190} INFO - [2025-04-11T20:45:14.966+0000] {dagbag.py:588} INFO - Filling up the DagBag from /home/airflow/.local/lib/python3.12/site-packages/airflow/example_dags/example_outlet_event_extra.py
[2025-04-11T20:45:16.821+0000] {processor.py:925} INFO - DAG(s) 'dataset_with_extra_from_classic_operator', 'dataset_with_extra_by_context', 'dataset_with_extra_by_yield' retrieved from /home/airflow/.local/lib/python3.12/site-packages/airflow/example_dags/example_outlet_event_extra.py
[2025-04-11T20:45:16.935+0000] {logging_mixin.py:190} INFO - [2025-04-11T20:45:16.933+0000] {dag.py:3239} INFO - Sync 3 DAGs
[2025-04-11T20:45:17.008+0000] {logging_mixin.py:190} INFO - [2025-04-11T20:45:17.007+0000] {dag.py:4180} INFO - Setting next_dagrun for dataset_with_extra_by_context to 2025-04-10 00:00:00+00:00, run_after=2025-04-11 00:00:00+00:00
[2025-04-11T20:45:17.026+0000] {logging_mixin.py:190} INFO - [2025-04-11T20:45:17.026+0000] {dag.py:4180} INFO - Setting next_dagrun for dataset_with_extra_by_yield to 2025-04-10 00:00:00+00:00, run_after=2025-04-11 00:00:00+00:00
[2025-04-11T20:45:17.036+0000] {logging_mixin.py:190} INFO - [2025-04-11T20:45:17.036+0000] {dag.py:4180} INFO - Setting next_dagrun for dataset_with_extra_from_classic_operator to 2025-04-10 00:00:00+00:00, run_after=2025-04-11 00:00:00+00:00
[2025-04-11T20:45:17.108+0000] {processor.py:208} INFO - Processing /home/airflow/.local/lib/python3.12/site-packages/airflow/example_dags/example_outlet_event_extra.py took 2.199 seconds
[2025-04-11T20:45:47.589+0000] {processor.py:186} INFO - Started process (PID=945) to work on /home/airflow/.local/lib/python3.12/site-packages/airflow/example_dags/example_outlet_event_extra.py
[2025-04-11T20:45:47.592+0000] {processor.py:914} INFO - Processing file /home/airflow/.local/lib/python3.12/site-packages/airflow/example_dags/example_outlet_event_extra.py for tasks to queue
[2025-04-11T20:45:47.600+0000] {logging_mixin.py:190} INFO - [2025-04-11T20:45:47.599+0000] {dagbag.py:588} INFO - Filling up the DagBag from /home/airflow/.local/lib/python3.12/site-packages/airflow/example_dags/example_outlet_event_extra.py
[2025-04-11T20:45:52.825+0000] {processor.py:925} INFO - DAG(s) 'dataset_with_extra_by_context', 'dataset_with_extra_from_classic_operator', 'dataset_with_extra_by_yield' retrieved from /home/airflow/.local/lib/python3.12/site-packages/airflow/example_dags/example_outlet_event_extra.py
[2025-04-11T20:45:54.004+0000] {logging_mixin.py:190} INFO - [2025-04-11T20:45:54.003+0000] {dag.py:3239} INFO - Sync 3 DAGs
[2025-04-11T20:45:54.339+0000] {logging_mixin.py:190} INFO - [2025-04-11T20:45:54.274+0000] {dag.py:4180} INFO - Setting next_dagrun for dataset_with_extra_by_context to 2025-04-10 00:00:00+00:00, run_after=2025-04-11 00:00:00+00:00
[2025-04-11T20:45:54.494+0000] {logging_mixin.py:190} INFO - [2025-04-11T20:45:54.491+0000] {dag.py:4180} INFO - Setting next_dagrun for dataset_with_extra_by_yield to 2025-04-10 00:00:00+00:00, run_after=2025-04-11 00:00:00+00:00
[2025-04-11T20:45:54.548+0000] {logging_mixin.py:190} INFO - [2025-04-11T20:45:54.547+0000] {dag.py:4180} INFO - Setting next_dagrun for dataset_with_extra_from_classic_operator to 2025-04-10 00:00:00+00:00, run_after=2025-04-11 00:00:00+00:00
[2025-04-11T20:45:55.152+0000] {processor.py:208} INFO - Processing /home/airflow/.local/lib/python3.12/site-packages/airflow/example_dags/example_outlet_event_extra.py took 7.578 seconds
[2025-04-11T20:48:04.101+0000] {processor.py:186} INFO - Started process (PID=1045) to work on /home/airflow/.local/lib/python3.12/site-packages/airflow/example_dags/example_outlet_event_extra.py
[2025-04-11T20:48:04.123+0000] {processor.py:914} INFO - Processing file /home/airflow/.local/lib/python3.12/site-packages/airflow/example_dags/example_outlet_event_extra.py for tasks to queue
[2025-04-11T20:48:04.515+0000] {logging_mixin.py:190} INFO - [2025-04-11T20:48:04.154+0000] {dagbag.py:588} INFO - Filling up the DagBag from /home/airflow/.local/lib/python3.12/site-packages/airflow/example_dags/example_outlet_event_extra.py
[2025-04-11T20:48:26.671+0000] {processor.py:925} INFO - DAG(s) 'dataset_with_extra_from_classic_operator', 'dataset_with_extra_by_context', 'dataset_with_extra_by_yield' retrieved from /home/airflow/.local/lib/python3.12/site-packages/airflow/example_dags/example_outlet_event_extra.py
[2025-04-11T20:48:28.518+0000] {logging_mixin.py:190} INFO - [2025-04-11T20:48:28.512+0000] {dag.py:3239} INFO - Sync 3 DAGs
[2025-04-11T20:48:29.092+0000] {logging_mixin.py:190} INFO - [2025-04-11T20:48:29.090+0000] {dag.py:4180} INFO - Setting next_dagrun for dataset_with_extra_by_context to 2025-04-10 00:00:00+00:00, run_after=2025-04-11 00:00:00+00:00
[2025-04-11T20:48:29.699+0000] {logging_mixin.py:190} INFO - [2025-04-11T20:48:29.682+0000] {dag.py:4180} INFO - Setting next_dagrun for dataset_with_extra_by_yield to 2025-04-10 00:00:00+00:00, run_after=2025-04-11 00:00:00+00:00
[2025-04-11T20:48:30.021+0000] {logging_mixin.py:190} INFO - [2025-04-11T20:48:30.020+0000] {dag.py:4180} INFO - Setting next_dagrun for dataset_with_extra_from_classic_operator to 2025-04-10 00:00:00+00:00, run_after=2025-04-11 00:00:00+00:00
[2025-04-11T20:48:30.891+0000] {processor.py:208} INFO - Processing /home/airflow/.local/lib/python3.12/site-packages/airflow/example_dags/example_outlet_event_extra.py took 26.841 seconds
[2025-04-11T20:50:06.418+0000] {processor.py:186} INFO - Started process (PID=1139) to work on /home/airflow/.local/lib/python3.12/site-packages/airflow/example_dags/example_outlet_event_extra.py
[2025-04-11T20:50:06.421+0000] {processor.py:914} INFO - Processing file /home/airflow/.local/lib/python3.12/site-packages/airflow/example_dags/example_outlet_event_extra.py for tasks to queue
[2025-04-11T20:50:06.431+0000] {logging_mixin.py:190} INFO - [2025-04-11T20:50:06.429+0000] {dagbag.py:588} INFO - Filling up the DagBag from /home/airflow/.local/lib/python3.12/site-packages/airflow/example_dags/example_outlet_event_extra.py
[2025-04-11T20:50:12.499+0000] {processor.py:925} INFO - DAG(s) 'dataset_with_extra_from_classic_operator', 'dataset_with_extra_by_context', 'dataset_with_extra_by_yield' retrieved from /home/airflow/.local/lib/python3.12/site-packages/airflow/example_dags/example_outlet_event_extra.py
[2025-04-11T20:50:12.669+0000] {logging_mixin.py:190} INFO - [2025-04-11T20:50:12.668+0000] {dag.py:3239} INFO - Sync 3 DAGs
[2025-04-11T20:50:12.875+0000] {logging_mixin.py:190} INFO - [2025-04-11T20:50:12.874+0000] {dag.py:4180} INFO - Setting next_dagrun for dataset_with_extra_by_context to 2025-04-10 00:00:00+00:00, run_after=2025-04-11 00:00:00+00:00
[2025-04-11T20:50:12.929+0000] {logging_mixin.py:190} INFO - [2025-04-11T20:50:12.929+0000] {dag.py:4180} INFO - Setting next_dagrun for dataset_with_extra_by_yield to 2025-04-10 00:00:00+00:00, run_after=2025-04-11 00:00:00+00:00
[2025-04-11T20:50:12.950+0000] {logging_mixin.py:190} INFO - [2025-04-11T20:50:12.949+0000] {dag.py:4180} INFO - Setting next_dagrun for dataset_with_extra_from_classic_operator to 2025-04-10 00:00:00+00:00, run_after=2025-04-11 00:00:00+00:00
[2025-04-11T20:50:13.143+0000] {processor.py:208} INFO - Processing /home/airflow/.local/lib/python3.12/site-packages/airflow/example_dags/example_outlet_event_extra.py took 6.789 seconds
[2025-04-11T20:50:55.856+0000] {processor.py:186} INFO - Started process (PID=1194) to work on /home/airflow/.local/lib/python3.12/site-packages/airflow/example_dags/example_outlet_event_extra.py
[2025-04-11T20:50:55.873+0000] {processor.py:914} INFO - Processing file /home/airflow/.local/lib/python3.12/site-packages/airflow/example_dags/example_outlet_event_extra.py for tasks to queue
[2025-04-11T20:50:55.892+0000] {logging_mixin.py:190} INFO - [2025-04-11T20:50:55.886+0000] {dagbag.py:588} INFO - Filling up the DagBag from /home/airflow/.local/lib/python3.12/site-packages/airflow/example_dags/example_outlet_event_extra.py
[2025-04-11T20:51:04.381+0000] {processor.py:925} INFO - DAG(s) 'dataset_with_extra_by_context', 'dataset_with_extra_by_yield', 'dataset_with_extra_from_classic_operator' retrieved from /home/airflow/.local/lib/python3.12/site-packages/airflow/example_dags/example_outlet_event_extra.py
[2025-04-11T20:51:04.576+0000] {logging_mixin.py:190} INFO - [2025-04-11T20:51:04.575+0000] {dag.py:3239} INFO - Sync 3 DAGs
[2025-04-11T20:51:04.737+0000] {logging_mixin.py:190} INFO - [2025-04-11T20:51:04.732+0000] {dag.py:4180} INFO - Setting next_dagrun for dataset_with_extra_by_context to 2025-04-10 00:00:00+00:00, run_after=2025-04-11 00:00:00+00:00
[2025-04-11T20:51:04.764+0000] {logging_mixin.py:190} INFO - [2025-04-11T20:51:04.759+0000] {dag.py:4180} INFO - Setting next_dagrun for dataset_with_extra_by_yield to 2025-04-10 00:00:00+00:00, run_after=2025-04-11 00:00:00+00:00
[2025-04-11T20:51:04.799+0000] {logging_mixin.py:190} INFO - [2025-04-11T20:51:04.792+0000] {dag.py:4180} INFO - Setting next_dagrun for dataset_with_extra_from_classic_operator to 2025-04-10 00:00:00+00:00, run_after=2025-04-11 00:00:00+00:00
[2025-04-11T20:51:05.048+0000] {processor.py:208} INFO - Processing /home/airflow/.local/lib/python3.12/site-packages/airflow/example_dags/example_outlet_event_extra.py took 9.232 seconds
[2025-04-11T20:51:55.932+0000] {processor.py:186} INFO - Started process (PID=1261) to work on /home/airflow/.local/lib/python3.12/site-packages/airflow/example_dags/example_outlet_event_extra.py
[2025-04-11T20:51:55.943+0000] {processor.py:914} INFO - Processing file /home/airflow/.local/lib/python3.12/site-packages/airflow/example_dags/example_outlet_event_extra.py for tasks to queue
[2025-04-11T20:51:55.994+0000] {logging_mixin.py:190} INFO - [2025-04-11T20:51:55.990+0000] {dagbag.py:588} INFO - Filling up the DagBag from /home/airflow/.local/lib/python3.12/site-packages/airflow/example_dags/example_outlet_event_extra.py
[2025-04-11T20:52:02.224+0000] {processor.py:925} INFO - DAG(s) 'dataset_with_extra_by_yield', 'dataset_with_extra_by_context', 'dataset_with_extra_from_classic_operator' retrieved from /home/airflow/.local/lib/python3.12/site-packages/airflow/example_dags/example_outlet_event_extra.py
[2025-04-11T20:52:02.385+0000] {logging_mixin.py:190} INFO - [2025-04-11T20:52:02.381+0000] {dag.py:3239} INFO - Sync 3 DAGs
[2025-04-11T20:52:02.561+0000] {logging_mixin.py:190} INFO - [2025-04-11T20:52:02.555+0000] {dag.py:4180} INFO - Setting next_dagrun for dataset_with_extra_by_context to 2025-04-10 00:00:00+00:00, run_after=2025-04-11 00:00:00+00:00
[2025-04-11T20:52:02.606+0000] {logging_mixin.py:190} INFO - [2025-04-11T20:52:02.605+0000] {dag.py:4180} INFO - Setting next_dagrun for dataset_with_extra_by_yield to 2025-04-10 00:00:00+00:00, run_after=2025-04-11 00:00:00+00:00
[2025-04-11T20:52:02.636+0000] {logging_mixin.py:190} INFO - [2025-04-11T20:52:02.635+0000] {dag.py:4180} INFO - Setting next_dagrun for dataset_with_extra_from_classic_operator to 2025-04-10 00:00:00+00:00, run_after=2025-04-11 00:00:00+00:00
[2025-04-11T20:52:02.919+0000] {processor.py:208} INFO - Processing /home/airflow/.local/lib/python3.12/site-packages/airflow/example_dags/example_outlet_event_extra.py took 7.105 seconds
[2025-04-11T20:52:34.523+0000] {processor.py:186} INFO - Started process (PID=1332) to work on /home/airflow/.local/lib/python3.12/site-packages/airflow/example_dags/example_outlet_event_extra.py
[2025-04-11T20:52:34.529+0000] {processor.py:914} INFO - Processing file /home/airflow/.local/lib/python3.12/site-packages/airflow/example_dags/example_outlet_event_extra.py for tasks to queue
[2025-04-11T20:52:34.572+0000] {logging_mixin.py:190} INFO - [2025-04-11T20:52:34.558+0000] {dagbag.py:588} INFO - Filling up the DagBag from /home/airflow/.local/lib/python3.12/site-packages/airflow/example_dags/example_outlet_event_extra.py
[2025-04-11T20:52:38.954+0000] {processor.py:925} INFO - DAG(s) 'dataset_with_extra_from_classic_operator', 'dataset_with_extra_by_context', 'dataset_with_extra_by_yield' retrieved from /home/airflow/.local/lib/python3.12/site-packages/airflow/example_dags/example_outlet_event_extra.py
[2025-04-11T20:52:39.114+0000] {logging_mixin.py:190} INFO - [2025-04-11T20:52:39.114+0000] {dag.py:3239} INFO - Sync 3 DAGs
[2025-04-11T20:52:39.479+0000] {logging_mixin.py:190} INFO - [2025-04-11T20:52:39.478+0000] {dag.py:4180} INFO - Setting next_dagrun for dataset_with_extra_by_context to 2025-04-10 00:00:00+00:00, run_after=2025-04-11 00:00:00+00:00
[2025-04-11T20:52:39.497+0000] {logging_mixin.py:190} INFO - [2025-04-11T20:52:39.497+0000] {dag.py:4180} INFO - Setting next_dagrun for dataset_with_extra_by_yield to 2025-04-10 00:00:00+00:00, run_after=2025-04-11 00:00:00+00:00
[2025-04-11T20:52:39.507+0000] {logging_mixin.py:190} INFO - [2025-04-11T20:52:39.507+0000] {dag.py:4180} INFO - Setting next_dagrun for dataset_with_extra_from_classic_operator to 2025-04-10 00:00:00+00:00, run_after=2025-04-11 00:00:00+00:00
[2025-04-11T20:52:39.589+0000] {processor.py:208} INFO - Processing /home/airflow/.local/lib/python3.12/site-packages/airflow/example_dags/example_outlet_event_extra.py took 5.141 seconds
[2025-04-11T20:53:23.590+0000] {processor.py:186} INFO - Started process (PID=1396) to work on /home/airflow/.local/lib/python3.12/site-packages/airflow/example_dags/example_outlet_event_extra.py
[2025-04-11T20:53:23.601+0000] {processor.py:914} INFO - Processing file /home/airflow/.local/lib/python3.12/site-packages/airflow/example_dags/example_outlet_event_extra.py for tasks to queue
[2025-04-11T20:53:23.609+0000] {logging_mixin.py:190} INFO - [2025-04-11T20:53:23.608+0000] {dagbag.py:588} INFO - Filling up the DagBag from /home/airflow/.local/lib/python3.12/site-packages/airflow/example_dags/example_outlet_event_extra.py
[2025-04-11T20:53:30.961+0000] {processor.py:925} INFO - DAG(s) 'dataset_with_extra_by_context', 'dataset_with_extra_by_yield', 'dataset_with_extra_from_classic_operator' retrieved from /home/airflow/.local/lib/python3.12/site-packages/airflow/example_dags/example_outlet_event_extra.py
[2025-04-11T20:53:32.275+0000] {logging_mixin.py:190} INFO - [2025-04-11T20:53:32.274+0000] {dag.py:3239} INFO - Sync 3 DAGs
[2025-04-11T20:53:32.812+0000] {logging_mixin.py:190} INFO - [2025-04-11T20:53:32.811+0000] {dag.py:4180} INFO - Setting next_dagrun for dataset_with_extra_by_context to 2025-04-10 00:00:00+00:00, run_after=2025-04-11 00:00:00+00:00
[2025-04-11T20:53:32.845+0000] {logging_mixin.py:190} INFO - [2025-04-11T20:53:32.843+0000] {dag.py:4180} INFO - Setting next_dagrun for dataset_with_extra_by_yield to 2025-04-10 00:00:00+00:00, run_after=2025-04-11 00:00:00+00:00
[2025-04-11T20:53:32.859+0000] {logging_mixin.py:190} INFO - [2025-04-11T20:53:32.858+0000] {dag.py:4180} INFO - Setting next_dagrun for dataset_with_extra_from_classic_operator to 2025-04-10 00:00:00+00:00, run_after=2025-04-11 00:00:00+00:00
[2025-04-11T20:53:33.075+0000] {processor.py:208} INFO - Processing /home/airflow/.local/lib/python3.12/site-packages/airflow/example_dags/example_outlet_event_extra.py took 9.502 seconds
