[2025-04-11T19:46:42.478+0000] {processor.py:186} INFO - Started process (PID=150) to work on /home/airflow/.local/lib/python3.12/site-packages/airflow/example_dags/example_dag_decorator.py
[2025-04-11T19:46:42.484+0000] {processor.py:914} INFO - Processing file /home/airflow/.local/lib/python3.12/site-packages/airflow/example_dags/example_dag_decorator.py for tasks to queue
[2025-04-11T19:46:42.491+0000] {logging_mixin.py:190} INFO - [2025-04-11T19:46:42.490+0000] {dagbag.py:588} INFO - Filling up the DagBag from /home/airflow/.local/lib/python3.12/site-packages/airflow/example_dags/example_dag_decorator.py
[2025-04-11T19:46:47.244+0000] {processor.py:925} INFO - DAG(s) 'example_dag_decorator' retrieved from /home/airflow/.local/lib/python3.12/site-packages/airflow/example_dags/example_dag_decorator.py
[2025-04-11T19:46:48.078+0000] {logging_mixin.py:190} INFO - [2025-04-11T19:46:48.076+0000] {override.py:1912} INFO - Created Permission View: can delete on DAG:example_dag_decorator
[2025-04-11T19:46:48.399+0000] {logging_mixin.py:190} INFO - [2025-04-11T19:46:48.398+0000] {override.py:1912} INFO - Created Permission View: can read on DAG:example_dag_decorator
[2025-04-11T19:46:48.606+0000] {logging_mixin.py:190} INFO - [2025-04-11T19:46:48.606+0000] {override.py:1912} INFO - Created Permission View: can edit on DAG:example_dag_decorator
[2025-04-11T19:46:48.754+0000] {logging_mixin.py:190} INFO - [2025-04-11T19:46:48.754+0000] {override.py:1912} INFO - Created Permission View: can create on DAG Run:example_dag_decorator
[2025-04-11T19:46:48.854+0000] {logging_mixin.py:190} INFO - [2025-04-11T19:46:48.854+0000] {override.py:1912} INFO - Created Permission View: can read on DAG Run:example_dag_decorator
[2025-04-11T19:46:48.987+0000] {logging_mixin.py:190} INFO - [2025-04-11T19:46:48.986+0000] {override.py:1912} INFO - Created Permission View: can delete on DAG Run:example_dag_decorator
[2025-04-11T19:46:49.138+0000] {logging_mixin.py:190} INFO - [2025-04-11T19:46:49.137+0000] {override.py:1912} INFO - Created Permission View: menu access on DAG Run:example_dag_decorator
[2025-04-11T19:46:49.140+0000] {logging_mixin.py:190} INFO - [2025-04-11T19:46:49.140+0000] {dag.py:3239} INFO - Sync 1 DAGs
[2025-04-11T19:46:49.214+0000] {logging_mixin.py:190} INFO - [2025-04-11T19:46:49.213+0000] {dag.py:3262} INFO - Creating ORM DAG for example_dag_decorator
[2025-04-11T19:46:49.217+0000] {logging_mixin.py:190} INFO - [2025-04-11T19:46:49.216+0000] {dag.py:4180} INFO - Setting next_dagrun for example_dag_decorator to None, run_after=None
[2025-04-11T19:46:49.280+0000] {processor.py:208} INFO - Processing /home/airflow/.local/lib/python3.12/site-packages/airflow/example_dags/example_dag_decorator.py took 6.894 seconds
[2025-04-11T19:47:20.142+0000] {processor.py:186} INFO - Started process (PID=216) to work on /home/airflow/.local/lib/python3.12/site-packages/airflow/example_dags/example_dag_decorator.py
[2025-04-11T19:47:20.154+0000] {processor.py:914} INFO - Processing file /home/airflow/.local/lib/python3.12/site-packages/airflow/example_dags/example_dag_decorator.py for tasks to queue
[2025-04-11T19:47:20.210+0000] {logging_mixin.py:190} INFO - [2025-04-11T19:47:20.208+0000] {dagbag.py:588} INFO - Filling up the DagBag from /home/airflow/.local/lib/python3.12/site-packages/airflow/example_dags/example_dag_decorator.py
[2025-04-11T19:47:20.918+0000] {processor.py:925} INFO - DAG(s) 'example_dag_decorator' retrieved from /home/airflow/.local/lib/python3.12/site-packages/airflow/example_dags/example_dag_decorator.py
[2025-04-11T19:47:22.139+0000] {logging_mixin.py:190} INFO - [2025-04-11T19:47:22.136+0000] {dag.py:3239} INFO - Sync 1 DAGs
[2025-04-11T19:47:22.279+0000] {logging_mixin.py:190} INFO - [2025-04-11T19:47:22.279+0000] {dag.py:4180} INFO - Setting next_dagrun for example_dag_decorator to None, run_after=None
[2025-04-11T19:47:22.461+0000] {processor.py:208} INFO - Processing /home/airflow/.local/lib/python3.12/site-packages/airflow/example_dags/example_dag_decorator.py took 2.385 seconds
[2025-04-11T19:53:49.269+0000] {processor.py:186} INFO - Started process (PID=134) to work on /home/airflow/.local/lib/python3.12/site-packages/airflow/example_dags/example_dag_decorator.py
[2025-04-11T19:53:49.324+0000] {processor.py:914} INFO - Processing file /home/airflow/.local/lib/python3.12/site-packages/airflow/example_dags/example_dag_decorator.py for tasks to queue
[2025-04-11T19:53:49.465+0000] {logging_mixin.py:190} INFO - [2025-04-11T19:53:49.377+0000] {dagbag.py:588} INFO - Filling up the DagBag from /home/airflow/.local/lib/python3.12/site-packages/airflow/example_dags/example_dag_decorator.py
[2025-04-11T19:54:05.057+0000] {processor.py:925} INFO - DAG(s) 'example_dag_decorator' retrieved from /home/airflow/.local/lib/python3.12/site-packages/airflow/example_dags/example_dag_decorator.py
[2025-04-11T19:54:06.728+0000] {logging_mixin.py:190} INFO - [2025-04-11T19:54:06.728+0000] {dag.py:3239} INFO - Sync 1 DAGs
[2025-04-11T19:54:06.857+0000] {logging_mixin.py:190} INFO - [2025-04-11T19:54:06.850+0000] {dag.py:4180} INFO - Setting next_dagrun for example_dag_decorator to None, run_after=None
[2025-04-11T19:54:07.537+0000] {processor.py:208} INFO - Processing /home/airflow/.local/lib/python3.12/site-packages/airflow/example_dags/example_dag_decorator.py took 18.329 seconds
[2025-04-11T19:54:43.577+0000] {processor.py:186} INFO - Started process (PID=206) to work on /home/airflow/.local/lib/python3.12/site-packages/airflow/example_dags/example_dag_decorator.py
[2025-04-11T19:54:43.591+0000] {processor.py:914} INFO - Processing file /home/airflow/.local/lib/python3.12/site-packages/airflow/example_dags/example_dag_decorator.py for tasks to queue
[2025-04-11T19:54:43.611+0000] {logging_mixin.py:190} INFO - [2025-04-11T19:54:43.610+0000] {dagbag.py:588} INFO - Filling up the DagBag from /home/airflow/.local/lib/python3.12/site-packages/airflow/example_dags/example_dag_decorator.py
[2025-04-11T19:54:44.170+0000] {processor.py:925} INFO - DAG(s) 'example_dag_decorator' retrieved from /home/airflow/.local/lib/python3.12/site-packages/airflow/example_dags/example_dag_decorator.py
[2025-04-11T19:54:44.480+0000] {logging_mixin.py:190} INFO - [2025-04-11T19:54:44.480+0000] {dag.py:3239} INFO - Sync 1 DAGs
[2025-04-11T19:54:44.513+0000] {logging_mixin.py:190} INFO - [2025-04-11T19:54:44.513+0000] {dag.py:4180} INFO - Setting next_dagrun for example_dag_decorator to None, run_after=None
[2025-04-11T19:54:44.567+0000] {processor.py:208} INFO - Processing /home/airflow/.local/lib/python3.12/site-packages/airflow/example_dags/example_dag_decorator.py took 1.027 seconds
[2025-04-11T19:55:32.779+0000] {processor.py:186} INFO - Started process (PID=276) to work on /home/airflow/.local/lib/python3.12/site-packages/airflow/example_dags/example_dag_decorator.py
[2025-04-11T19:55:32.786+0000] {processor.py:914} INFO - Processing file /home/airflow/.local/lib/python3.12/site-packages/airflow/example_dags/example_dag_decorator.py for tasks to queue
[2025-04-11T19:55:32.794+0000] {logging_mixin.py:190} INFO - [2025-04-11T19:55:32.794+0000] {dagbag.py:588} INFO - Filling up the DagBag from /home/airflow/.local/lib/python3.12/site-packages/airflow/example_dags/example_dag_decorator.py
[2025-04-11T19:55:34.069+0000] {processor.py:925} INFO - DAG(s) 'example_dag_decorator' retrieved from /home/airflow/.local/lib/python3.12/site-packages/airflow/example_dags/example_dag_decorator.py
[2025-04-11T19:55:35.239+0000] {logging_mixin.py:190} INFO - [2025-04-11T19:55:35.238+0000] {dag.py:3239} INFO - Sync 1 DAGs
[2025-04-11T19:55:35.340+0000] {logging_mixin.py:190} INFO - [2025-04-11T19:55:35.339+0000] {dag.py:4180} INFO - Setting next_dagrun for example_dag_decorator to None, run_after=None
[2025-04-11T19:55:36.014+0000] {processor.py:208} INFO - Processing /home/airflow/.local/lib/python3.12/site-packages/airflow/example_dags/example_dag_decorator.py took 3.317 seconds
[2025-04-11T19:56:29.447+0000] {processor.py:186} INFO - Started process (PID=356) to work on /home/airflow/.local/lib/python3.12/site-packages/airflow/example_dags/example_dag_decorator.py
[2025-04-11T19:56:29.454+0000] {processor.py:914} INFO - Processing file /home/airflow/.local/lib/python3.12/site-packages/airflow/example_dags/example_dag_decorator.py for tasks to queue
[2025-04-11T19:56:29.464+0000] {logging_mixin.py:190} INFO - [2025-04-11T19:56:29.462+0000] {dagbag.py:588} INFO - Filling up the DagBag from /home/airflow/.local/lib/python3.12/site-packages/airflow/example_dags/example_dag_decorator.py
[2025-04-11T19:56:29.818+0000] {processor.py:925} INFO - DAG(s) 'example_dag_decorator' retrieved from /home/airflow/.local/lib/python3.12/site-packages/airflow/example_dags/example_dag_decorator.py
[2025-04-11T19:56:30.140+0000] {logging_mixin.py:190} INFO - [2025-04-11T19:56:30.139+0000] {dag.py:3239} INFO - Sync 1 DAGs
[2025-04-11T19:56:30.176+0000] {logging_mixin.py:190} INFO - [2025-04-11T19:56:30.176+0000] {dag.py:4180} INFO - Setting next_dagrun for example_dag_decorator to None, run_after=None
[2025-04-11T19:56:30.262+0000] {processor.py:208} INFO - Processing /home/airflow/.local/lib/python3.12/site-packages/airflow/example_dags/example_dag_decorator.py took 0.835 seconds
[2025-04-11T19:59:54.460+0000] {processor.py:186} INFO - Started process (PID=124) to work on /home/airflow/.local/lib/python3.12/site-packages/airflow/example_dags/example_dag_decorator.py
[2025-04-11T19:59:54.463+0000] {processor.py:914} INFO - Processing file /home/airflow/.local/lib/python3.12/site-packages/airflow/example_dags/example_dag_decorator.py for tasks to queue
[2025-04-11T19:59:54.467+0000] {logging_mixin.py:190} INFO - [2025-04-11T19:59:54.467+0000] {dagbag.py:588} INFO - Filling up the DagBag from /home/airflow/.local/lib/python3.12/site-packages/airflow/example_dags/example_dag_decorator.py
[2025-04-11T19:59:56.175+0000] {processor.py:925} INFO - DAG(s) 'example_dag_decorator' retrieved from /home/airflow/.local/lib/python3.12/site-packages/airflow/example_dags/example_dag_decorator.py
[2025-04-11T19:59:57.790+0000] {logging_mixin.py:190} INFO - [2025-04-11T19:59:57.790+0000] {dag.py:3239} INFO - Sync 1 DAGs
[2025-04-11T19:59:57.982+0000] {logging_mixin.py:190} INFO - [2025-04-11T19:59:57.981+0000] {dag.py:4180} INFO - Setting next_dagrun for example_dag_decorator to None, run_after=None
[2025-04-11T19:59:58.317+0000] {processor.py:208} INFO - Processing /home/airflow/.local/lib/python3.12/site-packages/airflow/example_dags/example_dag_decorator.py took 4.149 seconds
[2025-04-11T20:00:30.100+0000] {processor.py:186} INFO - Started process (PID=188) to work on /home/airflow/.local/lib/python3.12/site-packages/airflow/example_dags/example_dag_decorator.py
[2025-04-11T20:00:30.105+0000] {processor.py:914} INFO - Processing file /home/airflow/.local/lib/python3.12/site-packages/airflow/example_dags/example_dag_decorator.py for tasks to queue
[2025-04-11T20:00:30.111+0000] {logging_mixin.py:190} INFO - [2025-04-11T20:00:30.110+0000] {dagbag.py:588} INFO - Filling up the DagBag from /home/airflow/.local/lib/python3.12/site-packages/airflow/example_dags/example_dag_decorator.py
[2025-04-11T20:00:30.990+0000] {processor.py:925} INFO - DAG(s) 'example_dag_decorator' retrieved from /home/airflow/.local/lib/python3.12/site-packages/airflow/example_dags/example_dag_decorator.py
[2025-04-11T20:00:32.526+0000] {logging_mixin.py:190} INFO - [2025-04-11T20:00:32.525+0000] {dag.py:3239} INFO - Sync 1 DAGs
[2025-04-11T20:00:32.609+0000] {logging_mixin.py:190} INFO - [2025-04-11T20:00:32.608+0000] {dag.py:4180} INFO - Setting next_dagrun for example_dag_decorator to None, run_after=None
[2025-04-11T20:00:32.710+0000] {processor.py:208} INFO - Processing /home/airflow/.local/lib/python3.12/site-packages/airflow/example_dags/example_dag_decorator.py took 2.630 seconds
[2025-04-11T20:14:25.722+0000] {processor.py:186} INFO - Started process (PID=139) to work on /home/airflow/.local/lib/python3.12/site-packages/airflow/example_dags/example_dag_decorator.py
[2025-04-11T20:14:25.765+0000] {processor.py:914} INFO - Processing file /home/airflow/.local/lib/python3.12/site-packages/airflow/example_dags/example_dag_decorator.py for tasks to queue
[2025-04-11T20:14:25.783+0000] {logging_mixin.py:190} INFO - [2025-04-11T20:14:25.782+0000] {dagbag.py:588} INFO - Filling up the DagBag from /home/airflow/.local/lib/python3.12/site-packages/airflow/example_dags/example_dag_decorator.py
[2025-04-11T20:14:32.479+0000] {processor.py:925} INFO - DAG(s) 'example_dag_decorator' retrieved from /home/airflow/.local/lib/python3.12/site-packages/airflow/example_dags/example_dag_decorator.py
[2025-04-11T20:14:35.737+0000] {logging_mixin.py:190} INFO - [2025-04-11T20:14:35.736+0000] {dag.py:3239} INFO - Sync 1 DAGs
[2025-04-11T20:14:35.903+0000] {logging_mixin.py:190} INFO - [2025-04-11T20:14:35.902+0000] {dag.py:4180} INFO - Setting next_dagrun for example_dag_decorator to None, run_after=None
[2025-04-11T20:14:36.169+0000] {processor.py:208} INFO - Processing /home/airflow/.local/lib/python3.12/site-packages/airflow/example_dags/example_dag_decorator.py took 10.862 seconds
[2025-04-11T20:16:11.979+0000] {processor.py:186} INFO - Started process (PID=228) to work on /home/airflow/.local/lib/python3.12/site-packages/airflow/example_dags/example_dag_decorator.py
[2025-04-11T20:16:12.007+0000] {processor.py:914} INFO - Processing file /home/airflow/.local/lib/python3.12/site-packages/airflow/example_dags/example_dag_decorator.py for tasks to queue
[2025-04-11T20:16:12.228+0000] {logging_mixin.py:190} INFO - [2025-04-11T20:16:12.228+0000] {dagbag.py:588} INFO - Filling up the DagBag from /home/airflow/.local/lib/python3.12/site-packages/airflow/example_dags/example_dag_decorator.py
[2025-04-11T20:16:14.730+0000] {processor.py:925} INFO - DAG(s) 'example_dag_decorator' retrieved from /home/airflow/.local/lib/python3.12/site-packages/airflow/example_dags/example_dag_decorator.py
[2025-04-11T20:16:15.835+0000] {logging_mixin.py:190} INFO - [2025-04-11T20:16:15.834+0000] {dag.py:3239} INFO - Sync 1 DAGs
[2025-04-11T20:16:15.906+0000] {logging_mixin.py:190} INFO - [2025-04-11T20:16:15.905+0000] {dag.py:4180} INFO - Setting next_dagrun for example_dag_decorator to None, run_after=None
[2025-04-11T20:16:16.054+0000] {processor.py:208} INFO - Processing /home/airflow/.local/lib/python3.12/site-packages/airflow/example_dags/example_dag_decorator.py took 4.372 seconds
[2025-04-11T20:16:51.037+0000] {processor.py:186} INFO - Started process (PID=292) to work on /home/airflow/.local/lib/python3.12/site-packages/airflow/example_dags/example_dag_decorator.py
[2025-04-11T20:16:51.048+0000] {processor.py:914} INFO - Processing file /home/airflow/.local/lib/python3.12/site-packages/airflow/example_dags/example_dag_decorator.py for tasks to queue
[2025-04-11T20:16:51.055+0000] {logging_mixin.py:190} INFO - [2025-04-11T20:16:51.054+0000] {dagbag.py:588} INFO - Filling up the DagBag from /home/airflow/.local/lib/python3.12/site-packages/airflow/example_dags/example_dag_decorator.py
[2025-04-11T20:16:51.581+0000] {processor.py:925} INFO - DAG(s) 'example_dag_decorator' retrieved from /home/airflow/.local/lib/python3.12/site-packages/airflow/example_dags/example_dag_decorator.py
[2025-04-11T20:16:52.171+0000] {logging_mixin.py:190} INFO - [2025-04-11T20:16:52.170+0000] {dag.py:3239} INFO - Sync 1 DAGs
[2025-04-11T20:16:52.243+0000] {logging_mixin.py:190} INFO - [2025-04-11T20:16:52.243+0000] {dag.py:4180} INFO - Setting next_dagrun for example_dag_decorator to None, run_after=None
[2025-04-11T20:16:52.309+0000] {processor.py:208} INFO - Processing /home/airflow/.local/lib/python3.12/site-packages/airflow/example_dags/example_dag_decorator.py took 1.337 seconds
[2025-04-11T20:17:28.152+0000] {processor.py:186} INFO - Started process (PID=356) to work on /home/airflow/.local/lib/python3.12/site-packages/airflow/example_dags/example_dag_decorator.py
[2025-04-11T20:17:28.155+0000] {processor.py:914} INFO - Processing file /home/airflow/.local/lib/python3.12/site-packages/airflow/example_dags/example_dag_decorator.py for tasks to queue
[2025-04-11T20:17:28.160+0000] {logging_mixin.py:190} INFO - [2025-04-11T20:17:28.159+0000] {dagbag.py:588} INFO - Filling up the DagBag from /home/airflow/.local/lib/python3.12/site-packages/airflow/example_dags/example_dag_decorator.py
[2025-04-11T20:17:28.467+0000] {processor.py:925} INFO - DAG(s) 'example_dag_decorator' retrieved from /home/airflow/.local/lib/python3.12/site-packages/airflow/example_dags/example_dag_decorator.py
[2025-04-11T20:17:28.900+0000] {logging_mixin.py:190} INFO - [2025-04-11T20:17:28.900+0000] {dag.py:3239} INFO - Sync 1 DAGs
[2025-04-11T20:17:28.934+0000] {logging_mixin.py:190} INFO - [2025-04-11T20:17:28.934+0000] {dag.py:4180} INFO - Setting next_dagrun for example_dag_decorator to None, run_after=None
[2025-04-11T20:17:29.000+0000] {processor.py:208} INFO - Processing /home/airflow/.local/lib/python3.12/site-packages/airflow/example_dags/example_dag_decorator.py took 0.874 seconds
[2025-04-11T20:24:37.446+0000] {processor.py:186} INFO - Started process (PID=154) to work on /home/airflow/.local/lib/python3.12/site-packages/airflow/example_dags/example_dag_decorator.py
[2025-04-11T20:24:37.450+0000] {processor.py:914} INFO - Processing file /home/airflow/.local/lib/python3.12/site-packages/airflow/example_dags/example_dag_decorator.py for tasks to queue
[2025-04-11T20:24:37.462+0000] {logging_mixin.py:190} INFO - [2025-04-11T20:24:37.461+0000] {dagbag.py:588} INFO - Filling up the DagBag from /home/airflow/.local/lib/python3.12/site-packages/airflow/example_dags/example_dag_decorator.py
[2025-04-11T20:24:39.712+0000] {processor.py:925} INFO - DAG(s) 'example_dag_decorator' retrieved from /home/airflow/.local/lib/python3.12/site-packages/airflow/example_dags/example_dag_decorator.py
[2025-04-11T20:24:40.760+0000] {logging_mixin.py:190} INFO - [2025-04-11T20:24:40.757+0000] {override.py:1912} INFO - Created Permission View: can read on DAG:example_dag_decorator
[2025-04-11T20:24:40.892+0000] {logging_mixin.py:190} INFO - [2025-04-11T20:24:40.891+0000] {override.py:1912} INFO - Created Permission View: can edit on DAG:example_dag_decorator
[2025-04-11T20:24:41.097+0000] {logging_mixin.py:190} INFO - [2025-04-11T20:24:41.089+0000] {override.py:1912} INFO - Created Permission View: can delete on DAG:example_dag_decorator
[2025-04-11T20:24:41.219+0000] {logging_mixin.py:190} INFO - [2025-04-11T20:24:41.218+0000] {override.py:1912} INFO - Created Permission View: can create on DAG Run:example_dag_decorator
[2025-04-11T20:24:41.371+0000] {logging_mixin.py:190} INFO - [2025-04-11T20:24:41.360+0000] {override.py:1912} INFO - Created Permission View: can read on DAG Run:example_dag_decorator
[2025-04-11T20:24:41.512+0000] {logging_mixin.py:190} INFO - [2025-04-11T20:24:41.511+0000] {override.py:1912} INFO - Created Permission View: can delete on DAG Run:example_dag_decorator
[2025-04-11T20:24:41.566+0000] {logging_mixin.py:190} INFO - [2025-04-11T20:24:41.565+0000] {override.py:1912} INFO - Created Permission View: menu access on DAG Run:example_dag_decorator
[2025-04-11T20:24:41.576+0000] {logging_mixin.py:190} INFO - [2025-04-11T20:24:41.572+0000] {dag.py:3239} INFO - Sync 1 DAGs
[2025-04-11T20:24:41.743+0000] {logging_mixin.py:190} INFO - [2025-04-11T20:24:41.742+0000] {dag.py:3262} INFO - Creating ORM DAG for example_dag_decorator
[2025-04-11T20:24:41.752+0000] {logging_mixin.py:190} INFO - [2025-04-11T20:24:41.751+0000] {dag.py:4180} INFO - Setting next_dagrun for example_dag_decorator to None, run_after=None
[2025-04-11T20:24:41.892+0000] {processor.py:208} INFO - Processing /home/airflow/.local/lib/python3.12/site-packages/airflow/example_dags/example_dag_decorator.py took 4.463 seconds
[2025-04-11T20:25:15.118+0000] {processor.py:186} INFO - Started process (PID=221) to work on /home/airflow/.local/lib/python3.12/site-packages/airflow/example_dags/example_dag_decorator.py
[2025-04-11T20:25:15.122+0000] {processor.py:914} INFO - Processing file /home/airflow/.local/lib/python3.12/site-packages/airflow/example_dags/example_dag_decorator.py for tasks to queue
[2025-04-11T20:25:15.130+0000] {logging_mixin.py:190} INFO - [2025-04-11T20:25:15.129+0000] {dagbag.py:588} INFO - Filling up the DagBag from /home/airflow/.local/lib/python3.12/site-packages/airflow/example_dags/example_dag_decorator.py
[2025-04-11T20:25:15.447+0000] {processor.py:925} INFO - DAG(s) 'example_dag_decorator' retrieved from /home/airflow/.local/lib/python3.12/site-packages/airflow/example_dags/example_dag_decorator.py
[2025-04-11T20:25:15.851+0000] {logging_mixin.py:190} INFO - [2025-04-11T20:25:15.851+0000] {dag.py:3239} INFO - Sync 1 DAGs
[2025-04-11T20:25:15.898+0000] {logging_mixin.py:190} INFO - [2025-04-11T20:25:15.897+0000] {dag.py:4180} INFO - Setting next_dagrun for example_dag_decorator to None, run_after=None
[2025-04-11T20:25:15.983+0000] {processor.py:208} INFO - Processing /home/airflow/.local/lib/python3.12/site-packages/airflow/example_dags/example_dag_decorator.py took 0.895 seconds
[2025-04-11T20:28:52.900+0000] {processor.py:186} INFO - Started process (PID=124) to work on /home/airflow/.local/lib/python3.12/site-packages/airflow/example_dags/example_dag_decorator.py
[2025-04-11T20:28:52.903+0000] {processor.py:914} INFO - Processing file /home/airflow/.local/lib/python3.12/site-packages/airflow/example_dags/example_dag_decorator.py for tasks to queue
[2025-04-11T20:28:52.909+0000] {logging_mixin.py:190} INFO - [2025-04-11T20:28:52.908+0000] {dagbag.py:588} INFO - Filling up the DagBag from /home/airflow/.local/lib/python3.12/site-packages/airflow/example_dags/example_dag_decorator.py
[2025-04-11T20:28:53.219+0000] {processor.py:925} INFO - DAG(s) 'example_dag_decorator' retrieved from /home/airflow/.local/lib/python3.12/site-packages/airflow/example_dags/example_dag_decorator.py
[2025-04-11T20:28:53.672+0000] {logging_mixin.py:190} INFO - [2025-04-11T20:28:53.672+0000] {dag.py:3239} INFO - Sync 1 DAGs
[2025-04-11T20:28:53.720+0000] {logging_mixin.py:190} INFO - [2025-04-11T20:28:53.720+0000] {dag.py:4180} INFO - Setting next_dagrun for example_dag_decorator to None, run_after=None
[2025-04-11T20:28:53.806+0000] {processor.py:208} INFO - Processing /home/airflow/.local/lib/python3.12/site-packages/airflow/example_dags/example_dag_decorator.py took 0.919 seconds
[2025-04-11T20:29:24.199+0000] {processor.py:186} INFO - Started process (PID=187) to work on /home/airflow/.local/lib/python3.12/site-packages/airflow/example_dags/example_dag_decorator.py
[2025-04-11T20:29:24.203+0000] {processor.py:914} INFO - Processing file /home/airflow/.local/lib/python3.12/site-packages/airflow/example_dags/example_dag_decorator.py for tasks to queue
[2025-04-11T20:29:24.215+0000] {logging_mixin.py:190} INFO - [2025-04-11T20:29:24.214+0000] {dagbag.py:588} INFO - Filling up the DagBag from /home/airflow/.local/lib/python3.12/site-packages/airflow/example_dags/example_dag_decorator.py
[2025-04-11T20:29:24.651+0000] {processor.py:925} INFO - DAG(s) 'example_dag_decorator' retrieved from /home/airflow/.local/lib/python3.12/site-packages/airflow/example_dags/example_dag_decorator.py
[2025-04-11T20:29:25.272+0000] {logging_mixin.py:190} INFO - [2025-04-11T20:29:25.271+0000] {dag.py:3239} INFO - Sync 1 DAGs
[2025-04-11T20:29:25.333+0000] {logging_mixin.py:190} INFO - [2025-04-11T20:29:25.333+0000] {dag.py:4180} INFO - Setting next_dagrun for example_dag_decorator to None, run_after=None
[2025-04-11T20:29:25.385+0000] {processor.py:208} INFO - Processing /home/airflow/.local/lib/python3.12/site-packages/airflow/example_dags/example_dag_decorator.py took 1.227 seconds
[2025-04-11T20:30:12.701+0000] {processor.py:186} INFO - Started process (PID=251) to work on /home/airflow/.local/lib/python3.12/site-packages/airflow/example_dags/example_dag_decorator.py
[2025-04-11T20:30:12.704+0000] {processor.py:914} INFO - Processing file /home/airflow/.local/lib/python3.12/site-packages/airflow/example_dags/example_dag_decorator.py for tasks to queue
[2025-04-11T20:30:12.731+0000] {logging_mixin.py:190} INFO - [2025-04-11T20:30:12.729+0000] {dagbag.py:588} INFO - Filling up the DagBag from /home/airflow/.local/lib/python3.12/site-packages/airflow/example_dags/example_dag_decorator.py
[2025-04-11T20:30:14.459+0000] {processor.py:925} INFO - DAG(s) 'example_dag_decorator' retrieved from /home/airflow/.local/lib/python3.12/site-packages/airflow/example_dags/example_dag_decorator.py
[2025-04-11T20:30:17.540+0000] {logging_mixin.py:190} INFO - [2025-04-11T20:30:17.524+0000] {dag.py:3239} INFO - Sync 1 DAGs
[2025-04-11T20:30:17.675+0000] {logging_mixin.py:190} INFO - [2025-04-11T20:30:17.664+0000] {dag.py:4180} INFO - Setting next_dagrun for example_dag_decorator to None, run_after=None
[2025-04-11T20:30:18.092+0000] {processor.py:208} INFO - Processing /home/airflow/.local/lib/python3.12/site-packages/airflow/example_dags/example_dag_decorator.py took 5.569 seconds
[2025-04-11T20:31:07.809+0000] {processor.py:186} INFO - Started process (PID=324) to work on /home/airflow/.local/lib/python3.12/site-packages/airflow/example_dags/example_dag_decorator.py
[2025-04-11T20:31:07.843+0000] {processor.py:914} INFO - Processing file /home/airflow/.local/lib/python3.12/site-packages/airflow/example_dags/example_dag_decorator.py for tasks to queue
[2025-04-11T20:31:07.867+0000] {logging_mixin.py:190} INFO - [2025-04-11T20:31:07.866+0000] {dagbag.py:588} INFO - Filling up the DagBag from /home/airflow/.local/lib/python3.12/site-packages/airflow/example_dags/example_dag_decorator.py
[2025-04-11T20:31:08.405+0000] {processor.py:925} INFO - DAG(s) 'example_dag_decorator' retrieved from /home/airflow/.local/lib/python3.12/site-packages/airflow/example_dags/example_dag_decorator.py
[2025-04-11T20:31:09.130+0000] {logging_mixin.py:190} INFO - [2025-04-11T20:31:09.129+0000] {dag.py:3239} INFO - Sync 1 DAGs
[2025-04-11T20:31:09.212+0000] {logging_mixin.py:190} INFO - [2025-04-11T20:31:09.211+0000] {dag.py:4180} INFO - Setting next_dagrun for example_dag_decorator to None, run_after=None
[2025-04-11T20:31:09.355+0000] {processor.py:208} INFO - Processing /home/airflow/.local/lib/python3.12/site-packages/airflow/example_dags/example_dag_decorator.py took 1.603 seconds
[2025-04-11T20:31:41.627+0000] {processor.py:186} INFO - Started process (PID=389) to work on /home/airflow/.local/lib/python3.12/site-packages/airflow/example_dags/example_dag_decorator.py
[2025-04-11T20:31:41.635+0000] {processor.py:914} INFO - Processing file /home/airflow/.local/lib/python3.12/site-packages/airflow/example_dags/example_dag_decorator.py for tasks to queue
[2025-04-11T20:31:41.650+0000] {logging_mixin.py:190} INFO - [2025-04-11T20:31:41.649+0000] {dagbag.py:588} INFO - Filling up the DagBag from /home/airflow/.local/lib/python3.12/site-packages/airflow/example_dags/example_dag_decorator.py
[2025-04-11T20:31:42.392+0000] {processor.py:925} INFO - DAG(s) 'example_dag_decorator' retrieved from /home/airflow/.local/lib/python3.12/site-packages/airflow/example_dags/example_dag_decorator.py
[2025-04-11T20:31:42.513+0000] {logging_mixin.py:190} INFO - [2025-04-11T20:31:42.512+0000] {dag.py:3239} INFO - Sync 1 DAGs
[2025-04-11T20:31:42.609+0000] {logging_mixin.py:190} INFO - [2025-04-11T20:31:42.600+0000] {dag.py:4180} INFO - Setting next_dagrun for example_dag_decorator to None, run_after=None
[2025-04-11T20:31:42.731+0000] {processor.py:208} INFO - Processing /home/airflow/.local/lib/python3.12/site-packages/airflow/example_dags/example_dag_decorator.py took 1.177 seconds
[2025-04-11T20:32:14.241+0000] {processor.py:186} INFO - Started process (PID=453) to work on /home/airflow/.local/lib/python3.12/site-packages/airflow/example_dags/example_dag_decorator.py
[2025-04-11T20:32:14.244+0000] {processor.py:914} INFO - Processing file /home/airflow/.local/lib/python3.12/site-packages/airflow/example_dags/example_dag_decorator.py for tasks to queue
[2025-04-11T20:32:14.249+0000] {logging_mixin.py:190} INFO - [2025-04-11T20:32:14.248+0000] {dagbag.py:588} INFO - Filling up the DagBag from /home/airflow/.local/lib/python3.12/site-packages/airflow/example_dags/example_dag_decorator.py
[2025-04-11T20:32:14.563+0000] {processor.py:925} INFO - DAG(s) 'example_dag_decorator' retrieved from /home/airflow/.local/lib/python3.12/site-packages/airflow/example_dags/example_dag_decorator.py
[2025-04-11T20:32:14.916+0000] {logging_mixin.py:190} INFO - [2025-04-11T20:32:14.915+0000] {dag.py:3239} INFO - Sync 1 DAGs
[2025-04-11T20:32:14.958+0000] {logging_mixin.py:190} INFO - [2025-04-11T20:32:14.957+0000] {dag.py:4180} INFO - Setting next_dagrun for example_dag_decorator to None, run_after=None
[2025-04-11T20:32:15.023+0000] {processor.py:208} INFO - Processing /home/airflow/.local/lib/python3.12/site-packages/airflow/example_dags/example_dag_decorator.py took 0.798 seconds
[2025-04-11T20:33:27.763+0000] {processor.py:186} INFO - Started process (PID=539) to work on /home/airflow/.local/lib/python3.12/site-packages/airflow/example_dags/example_dag_decorator.py
[2025-04-11T20:33:27.767+0000] {processor.py:914} INFO - Processing file /home/airflow/.local/lib/python3.12/site-packages/airflow/example_dags/example_dag_decorator.py for tasks to queue
[2025-04-11T20:33:27.797+0000] {logging_mixin.py:190} INFO - [2025-04-11T20:33:27.787+0000] {dagbag.py:588} INFO - Filling up the DagBag from /home/airflow/.local/lib/python3.12/site-packages/airflow/example_dags/example_dag_decorator.py
[2025-04-11T20:33:29.027+0000] {processor.py:925} INFO - DAG(s) 'example_dag_decorator' retrieved from /home/airflow/.local/lib/python3.12/site-packages/airflow/example_dags/example_dag_decorator.py
[2025-04-11T20:33:31.878+0000] {logging_mixin.py:190} INFO - [2025-04-11T20:33:31.877+0000] {dag.py:3239} INFO - Sync 1 DAGs
[2025-04-11T20:33:32.100+0000] {logging_mixin.py:190} INFO - [2025-04-11T20:33:32.099+0000] {dag.py:4180} INFO - Setting next_dagrun for example_dag_decorator to None, run_after=None
[2025-04-11T20:33:32.401+0000] {processor.py:208} INFO - Processing /home/airflow/.local/lib/python3.12/site-packages/airflow/example_dags/example_dag_decorator.py took 4.664 seconds
[2025-04-11T20:36:07.814+0000] {processor.py:186} INFO - Started process (PID=128) to work on /home/airflow/.local/lib/python3.12/site-packages/airflow/example_dags/example_dag_decorator.py
[2025-04-11T20:36:07.818+0000] {processor.py:914} INFO - Processing file /home/airflow/.local/lib/python3.12/site-packages/airflow/example_dags/example_dag_decorator.py for tasks to queue
[2025-04-11T20:36:07.827+0000] {logging_mixin.py:190} INFO - [2025-04-11T20:36:07.827+0000] {dagbag.py:588} INFO - Filling up the DagBag from /home/airflow/.local/lib/python3.12/site-packages/airflow/example_dags/example_dag_decorator.py
[2025-04-11T20:36:08.121+0000] {processor.py:925} INFO - DAG(s) 'example_dag_decorator' retrieved from /home/airflow/.local/lib/python3.12/site-packages/airflow/example_dags/example_dag_decorator.py
[2025-04-11T20:36:08.467+0000] {logging_mixin.py:190} INFO - [2025-04-11T20:36:08.467+0000] {dag.py:3239} INFO - Sync 1 DAGs
[2025-04-11T20:36:08.513+0000] {logging_mixin.py:190} INFO - [2025-04-11T20:36:08.512+0000] {dag.py:4180} INFO - Setting next_dagrun for example_dag_decorator to None, run_after=None
[2025-04-11T20:36:08.560+0000] {processor.py:208} INFO - Processing /home/airflow/.local/lib/python3.12/site-packages/airflow/example_dags/example_dag_decorator.py took 0.769 seconds
[2025-04-11T20:36:42.329+0000] {processor.py:186} INFO - Started process (PID=195) to work on /home/airflow/.local/lib/python3.12/site-packages/airflow/example_dags/example_dag_decorator.py
[2025-04-11T20:36:42.335+0000] {processor.py:914} INFO - Processing file /home/airflow/.local/lib/python3.12/site-packages/airflow/example_dags/example_dag_decorator.py for tasks to queue
[2025-04-11T20:36:42.368+0000] {logging_mixin.py:190} INFO - [2025-04-11T20:36:42.367+0000] {dagbag.py:588} INFO - Filling up the DagBag from /home/airflow/.local/lib/python3.12/site-packages/airflow/example_dags/example_dag_decorator.py
[2025-04-11T20:36:42.971+0000] {processor.py:925} INFO - DAG(s) 'example_dag_decorator' retrieved from /home/airflow/.local/lib/python3.12/site-packages/airflow/example_dags/example_dag_decorator.py
[2025-04-11T20:36:43.992+0000] {logging_mixin.py:190} INFO - [2025-04-11T20:36:43.991+0000] {dag.py:3239} INFO - Sync 1 DAGs
[2025-04-11T20:36:44.058+0000] {logging_mixin.py:190} INFO - [2025-04-11T20:36:44.057+0000] {dag.py:4180} INFO - Setting next_dagrun for example_dag_decorator to None, run_after=None
[2025-04-11T20:36:44.131+0000] {processor.py:208} INFO - Processing /home/airflow/.local/lib/python3.12/site-packages/airflow/example_dags/example_dag_decorator.py took 1.856 seconds
[2025-04-11T20:37:29.276+0000] {processor.py:186} INFO - Started process (PID=263) to work on /home/airflow/.local/lib/python3.12/site-packages/airflow/example_dags/example_dag_decorator.py
[2025-04-11T20:37:29.284+0000] {processor.py:914} INFO - Processing file /home/airflow/.local/lib/python3.12/site-packages/airflow/example_dags/example_dag_decorator.py for tasks to queue
[2025-04-11T20:37:29.297+0000] {logging_mixin.py:190} INFO - [2025-04-11T20:37:29.296+0000] {dagbag.py:588} INFO - Filling up the DagBag from /home/airflow/.local/lib/python3.12/site-packages/airflow/example_dags/example_dag_decorator.py
[2025-04-11T20:37:29.906+0000] {processor.py:925} INFO - DAG(s) 'example_dag_decorator' retrieved from /home/airflow/.local/lib/python3.12/site-packages/airflow/example_dags/example_dag_decorator.py
[2025-04-11T20:37:30.605+0000] {logging_mixin.py:190} INFO - [2025-04-11T20:37:30.604+0000] {dag.py:3239} INFO - Sync 1 DAGs
[2025-04-11T20:37:30.654+0000] {logging_mixin.py:190} INFO - [2025-04-11T20:37:30.654+0000] {dag.py:4180} INFO - Setting next_dagrun for example_dag_decorator to None, run_after=None
[2025-04-11T20:37:30.745+0000] {processor.py:208} INFO - Processing /home/airflow/.local/lib/python3.12/site-packages/airflow/example_dags/example_dag_decorator.py took 1.503 seconds
[2025-04-11T20:38:29.860+0000] {processor.py:186} INFO - Started process (PID=342) to work on /home/airflow/.local/lib/python3.12/site-packages/airflow/example_dags/example_dag_decorator.py
[2025-04-11T20:38:29.868+0000] {processor.py:914} INFO - Processing file /home/airflow/.local/lib/python3.12/site-packages/airflow/example_dags/example_dag_decorator.py for tasks to queue
[2025-04-11T20:38:29.886+0000] {logging_mixin.py:190} INFO - [2025-04-11T20:38:29.885+0000] {dagbag.py:588} INFO - Filling up the DagBag from /home/airflow/.local/lib/python3.12/site-packages/airflow/example_dags/example_dag_decorator.py
[2025-04-11T20:38:30.400+0000] {processor.py:925} INFO - DAG(s) 'example_dag_decorator' retrieved from /home/airflow/.local/lib/python3.12/site-packages/airflow/example_dags/example_dag_decorator.py
[2025-04-11T20:38:30.485+0000] {logging_mixin.py:190} INFO - [2025-04-11T20:38:30.485+0000] {dag.py:3239} INFO - Sync 1 DAGs
[2025-04-11T20:38:30.535+0000] {logging_mixin.py:190} INFO - [2025-04-11T20:38:30.535+0000] {dag.py:4180} INFO - Setting next_dagrun for example_dag_decorator to None, run_after=None
[2025-04-11T20:38:30.631+0000] {processor.py:208} INFO - Processing /home/airflow/.local/lib/python3.12/site-packages/airflow/example_dags/example_dag_decorator.py took 0.782 seconds
[2025-04-11T20:39:41.325+0000] {processor.py:186} INFO - Started process (PID=419) to work on /home/airflow/.local/lib/python3.12/site-packages/airflow/example_dags/example_dag_decorator.py
[2025-04-11T20:39:41.347+0000] {processor.py:914} INFO - Processing file /home/airflow/.local/lib/python3.12/site-packages/airflow/example_dags/example_dag_decorator.py for tasks to queue
[2025-04-11T20:39:41.364+0000] {logging_mixin.py:190} INFO - [2025-04-11T20:39:41.364+0000] {dagbag.py:588} INFO - Filling up the DagBag from /home/airflow/.local/lib/python3.12/site-packages/airflow/example_dags/example_dag_decorator.py
[2025-04-11T20:39:43.021+0000] {processor.py:925} INFO - DAG(s) 'example_dag_decorator' retrieved from /home/airflow/.local/lib/python3.12/site-packages/airflow/example_dags/example_dag_decorator.py
[2025-04-11T20:39:43.188+0000] {logging_mixin.py:190} INFO - [2025-04-11T20:39:43.188+0000] {dag.py:3239} INFO - Sync 1 DAGs
[2025-04-11T20:39:43.268+0000] {logging_mixin.py:190} INFO - [2025-04-11T20:39:43.268+0000] {dag.py:4180} INFO - Setting next_dagrun for example_dag_decorator to None, run_after=None
[2025-04-11T20:39:43.369+0000] {processor.py:208} INFO - Processing /home/airflow/.local/lib/python3.12/site-packages/airflow/example_dags/example_dag_decorator.py took 2.092 seconds
[2025-04-11T20:40:20.606+0000] {processor.py:186} INFO - Started process (PID=484) to work on /home/airflow/.local/lib/python3.12/site-packages/airflow/example_dags/example_dag_decorator.py
[2025-04-11T20:40:20.615+0000] {processor.py:914} INFO - Processing file /home/airflow/.local/lib/python3.12/site-packages/airflow/example_dags/example_dag_decorator.py for tasks to queue
[2025-04-11T20:40:20.624+0000] {logging_mixin.py:190} INFO - [2025-04-11T20:40:20.623+0000] {dagbag.py:588} INFO - Filling up the DagBag from /home/airflow/.local/lib/python3.12/site-packages/airflow/example_dags/example_dag_decorator.py
[2025-04-11T20:40:21.672+0000] {processor.py:925} INFO - DAG(s) 'example_dag_decorator' retrieved from /home/airflow/.local/lib/python3.12/site-packages/airflow/example_dags/example_dag_decorator.py
[2025-04-11T20:40:23.615+0000] {logging_mixin.py:190} INFO - [2025-04-11T20:40:23.614+0000] {dag.py:3239} INFO - Sync 1 DAGs
[2025-04-11T20:40:23.911+0000] {logging_mixin.py:190} INFO - [2025-04-11T20:40:23.910+0000] {dag.py:4180} INFO - Setting next_dagrun for example_dag_decorator to None, run_after=None
[2025-04-11T20:40:24.383+0000] {processor.py:208} INFO - Processing /home/airflow/.local/lib/python3.12/site-packages/airflow/example_dags/example_dag_decorator.py took 3.860 seconds
[2025-04-11T20:41:03.201+0000] {processor.py:186} INFO - Started process (PID=552) to work on /home/airflow/.local/lib/python3.12/site-packages/airflow/example_dags/example_dag_decorator.py
[2025-04-11T20:41:03.224+0000] {processor.py:914} INFO - Processing file /home/airflow/.local/lib/python3.12/site-packages/airflow/example_dags/example_dag_decorator.py for tasks to queue
[2025-04-11T20:41:03.257+0000] {logging_mixin.py:190} INFO - [2025-04-11T20:41:03.256+0000] {dagbag.py:588} INFO - Filling up the DagBag from /home/airflow/.local/lib/python3.12/site-packages/airflow/example_dags/example_dag_decorator.py
[2025-04-11T20:41:03.924+0000] {processor.py:925} INFO - DAG(s) 'example_dag_decorator' retrieved from /home/airflow/.local/lib/python3.12/site-packages/airflow/example_dags/example_dag_decorator.py
[2025-04-11T20:41:04.830+0000] {logging_mixin.py:190} INFO - [2025-04-11T20:41:04.830+0000] {dag.py:3239} INFO - Sync 1 DAGs
[2025-04-11T20:41:04.909+0000] {logging_mixin.py:190} INFO - [2025-04-11T20:41:04.909+0000] {dag.py:4180} INFO - Setting next_dagrun for example_dag_decorator to None, run_after=None
[2025-04-11T20:41:05.033+0000] {processor.py:208} INFO - Processing /home/airflow/.local/lib/python3.12/site-packages/airflow/example_dags/example_dag_decorator.py took 1.908 seconds
[2025-04-11T20:41:39.408+0000] {processor.py:186} INFO - Started process (PID=616) to work on /home/airflow/.local/lib/python3.12/site-packages/airflow/example_dags/example_dag_decorator.py
[2025-04-11T20:41:39.413+0000] {processor.py:914} INFO - Processing file /home/airflow/.local/lib/python3.12/site-packages/airflow/example_dags/example_dag_decorator.py for tasks to queue
[2025-04-11T20:41:39.464+0000] {logging_mixin.py:190} INFO - [2025-04-11T20:41:39.445+0000] {dagbag.py:588} INFO - Filling up the DagBag from /home/airflow/.local/lib/python3.12/site-packages/airflow/example_dags/example_dag_decorator.py
[2025-04-11T20:41:40.334+0000] {processor.py:925} INFO - DAG(s) 'example_dag_decorator' retrieved from /home/airflow/.local/lib/python3.12/site-packages/airflow/example_dags/example_dag_decorator.py
[2025-04-11T20:41:40.805+0000] {logging_mixin.py:190} INFO - [2025-04-11T20:41:40.805+0000] {dag.py:3239} INFO - Sync 1 DAGs
[2025-04-11T20:41:40.855+0000] {logging_mixin.py:190} INFO - [2025-04-11T20:41:40.854+0000] {dag.py:4180} INFO - Setting next_dagrun for example_dag_decorator to None, run_after=None
[2025-04-11T20:41:40.913+0000] {processor.py:208} INFO - Processing /home/airflow/.local/lib/python3.12/site-packages/airflow/example_dags/example_dag_decorator.py took 1.527 seconds
[2025-04-11T20:43:35.273+0000] {processor.py:186} INFO - Started process (PID=703) to work on /home/airflow/.local/lib/python3.12/site-packages/airflow/example_dags/example_dag_decorator.py
[2025-04-11T20:43:35.305+0000] {processor.py:914} INFO - Processing file /home/airflow/.local/lib/python3.12/site-packages/airflow/example_dags/example_dag_decorator.py for tasks to queue
[2025-04-11T20:43:35.322+0000] {logging_mixin.py:190} INFO - [2025-04-11T20:43:35.321+0000] {dagbag.py:588} INFO - Filling up the DagBag from /home/airflow/.local/lib/python3.12/site-packages/airflow/example_dags/example_dag_decorator.py
[2025-04-11T20:43:35.998+0000] {processor.py:925} INFO - DAG(s) 'example_dag_decorator' retrieved from /home/airflow/.local/lib/python3.12/site-packages/airflow/example_dags/example_dag_decorator.py
[2025-04-11T20:43:37.092+0000] {logging_mixin.py:190} INFO - [2025-04-11T20:43:37.092+0000] {dag.py:3239} INFO - Sync 1 DAGs
[2025-04-11T20:43:37.198+0000] {logging_mixin.py:190} INFO - [2025-04-11T20:43:37.197+0000] {dag.py:4180} INFO - Setting next_dagrun for example_dag_decorator to None, run_after=None
[2025-04-11T20:43:37.316+0000] {processor.py:208} INFO - Processing /home/airflow/.local/lib/python3.12/site-packages/airflow/example_dags/example_dag_decorator.py took 2.148 seconds
[2025-04-11T20:44:34.291+0000] {processor.py:186} INFO - Started process (PID=792) to work on /home/airflow/.local/lib/python3.12/site-packages/airflow/example_dags/example_dag_decorator.py
[2025-04-11T20:44:34.300+0000] {processor.py:914} INFO - Processing file /home/airflow/.local/lib/python3.12/site-packages/airflow/example_dags/example_dag_decorator.py for tasks to queue
[2025-04-11T20:44:34.309+0000] {logging_mixin.py:190} INFO - [2025-04-11T20:44:34.308+0000] {dagbag.py:588} INFO - Filling up the DagBag from /home/airflow/.local/lib/python3.12/site-packages/airflow/example_dags/example_dag_decorator.py
[2025-04-11T20:44:34.751+0000] {processor.py:925} INFO - DAG(s) 'example_dag_decorator' retrieved from /home/airflow/.local/lib/python3.12/site-packages/airflow/example_dags/example_dag_decorator.py
[2025-04-11T20:44:35.253+0000] {logging_mixin.py:190} INFO - [2025-04-11T20:44:35.252+0000] {dag.py:3239} INFO - Sync 1 DAGs
[2025-04-11T20:44:35.320+0000] {logging_mixin.py:190} INFO - [2025-04-11T20:44:35.317+0000] {dag.py:4180} INFO - Setting next_dagrun for example_dag_decorator to None, run_after=None
[2025-04-11T20:44:35.439+0000] {processor.py:208} INFO - Processing /home/airflow/.local/lib/python3.12/site-packages/airflow/example_dags/example_dag_decorator.py took 1.165 seconds
[2025-04-11T20:45:05.920+0000] {processor.py:186} INFO - Started process (PID=856) to work on /home/airflow/.local/lib/python3.12/site-packages/airflow/example_dags/example_dag_decorator.py
[2025-04-11T20:45:05.923+0000] {processor.py:914} INFO - Processing file /home/airflow/.local/lib/python3.12/site-packages/airflow/example_dags/example_dag_decorator.py for tasks to queue
[2025-04-11T20:45:05.928+0000] {logging_mixin.py:190} INFO - [2025-04-11T20:45:05.928+0000] {dagbag.py:588} INFO - Filling up the DagBag from /home/airflow/.local/lib/python3.12/site-packages/airflow/example_dags/example_dag_decorator.py
[2025-04-11T20:45:06.165+0000] {processor.py:925} INFO - DAG(s) 'example_dag_decorator' retrieved from /home/airflow/.local/lib/python3.12/site-packages/airflow/example_dags/example_dag_decorator.py
[2025-04-11T20:45:06.494+0000] {logging_mixin.py:190} INFO - [2025-04-11T20:45:06.493+0000] {dag.py:3239} INFO - Sync 1 DAGs
[2025-04-11T20:45:06.520+0000] {logging_mixin.py:190} INFO - [2025-04-11T20:45:06.520+0000] {dag.py:4180} INFO - Setting next_dagrun for example_dag_decorator to None, run_after=None
[2025-04-11T20:45:06.571+0000] {processor.py:208} INFO - Processing /home/airflow/.local/lib/python3.12/site-packages/airflow/example_dags/example_dag_decorator.py took 0.666 seconds
[2025-04-11T20:45:37.255+0000] {processor.py:186} INFO - Started process (PID=920) to work on /home/airflow/.local/lib/python3.12/site-packages/airflow/example_dags/example_dag_decorator.py
[2025-04-11T20:45:37.259+0000] {processor.py:914} INFO - Processing file /home/airflow/.local/lib/python3.12/site-packages/airflow/example_dags/example_dag_decorator.py for tasks to queue
[2025-04-11T20:45:37.266+0000] {logging_mixin.py:190} INFO - [2025-04-11T20:45:37.265+0000] {dagbag.py:588} INFO - Filling up the DagBag from /home/airflow/.local/lib/python3.12/site-packages/airflow/example_dags/example_dag_decorator.py
[2025-04-11T20:45:37.486+0000] {processor.py:925} INFO - DAG(s) 'example_dag_decorator' retrieved from /home/airflow/.local/lib/python3.12/site-packages/airflow/example_dags/example_dag_decorator.py
[2025-04-11T20:45:37.774+0000] {logging_mixin.py:190} INFO - [2025-04-11T20:45:37.774+0000] {dag.py:3239} INFO - Sync 1 DAGs
[2025-04-11T20:45:37.812+0000] {logging_mixin.py:190} INFO - [2025-04-11T20:45:37.812+0000] {dag.py:4180} INFO - Setting next_dagrun for example_dag_decorator to None, run_after=None
[2025-04-11T20:45:37.874+0000] {processor.py:208} INFO - Processing /home/airflow/.local/lib/python3.12/site-packages/airflow/example_dags/example_dag_decorator.py took 0.632 seconds
[2025-04-11T20:47:19.295+0000] {processor.py:186} INFO - Started process (PID=1007) to work on /home/airflow/.local/lib/python3.12/site-packages/airflow/example_dags/example_dag_decorator.py
[2025-04-11T20:47:19.304+0000] {processor.py:914} INFO - Processing file /home/airflow/.local/lib/python3.12/site-packages/airflow/example_dags/example_dag_decorator.py for tasks to queue
[2025-04-11T20:47:19.487+0000] {logging_mixin.py:190} INFO - [2025-04-11T20:47:19.423+0000] {dagbag.py:588} INFO - Filling up the DagBag from /home/airflow/.local/lib/python3.12/site-packages/airflow/example_dags/example_dag_decorator.py
[2025-04-11T20:47:21.658+0000] {processor.py:925} INFO - DAG(s) 'example_dag_decorator' retrieved from /home/airflow/.local/lib/python3.12/site-packages/airflow/example_dags/example_dag_decorator.py
[2025-04-11T20:47:23.903+0000] {logging_mixin.py:190} INFO - [2025-04-11T20:47:23.902+0000] {dag.py:3239} INFO - Sync 1 DAGs
[2025-04-11T20:47:24.224+0000] {logging_mixin.py:190} INFO - [2025-04-11T20:47:24.223+0000] {dag.py:4180} INFO - Setting next_dagrun for example_dag_decorator to None, run_after=None
[2025-04-11T20:47:24.540+0000] {processor.py:208} INFO - Processing /home/airflow/.local/lib/python3.12/site-packages/airflow/example_dags/example_dag_decorator.py took 5.354 seconds
[2025-04-11T20:49:55.728+0000] {processor.py:186} INFO - Started process (PID=1110) to work on /home/airflow/.local/lib/python3.12/site-packages/airflow/example_dags/example_dag_decorator.py
[2025-04-11T20:49:55.740+0000] {processor.py:914} INFO - Processing file /home/airflow/.local/lib/python3.12/site-packages/airflow/example_dags/example_dag_decorator.py for tasks to queue
[2025-04-11T20:49:55.921+0000] {logging_mixin.py:190} INFO - [2025-04-11T20:49:55.920+0000] {dagbag.py:588} INFO - Filling up the DagBag from /home/airflow/.local/lib/python3.12/site-packages/airflow/example_dags/example_dag_decorator.py
[2025-04-11T20:49:57.623+0000] {processor.py:925} INFO - DAG(s) 'example_dag_decorator' retrieved from /home/airflow/.local/lib/python3.12/site-packages/airflow/example_dags/example_dag_decorator.py
[2025-04-11T20:49:58.565+0000] {logging_mixin.py:190} INFO - [2025-04-11T20:49:58.564+0000] {dag.py:3239} INFO - Sync 1 DAGs
[2025-04-11T20:49:58.655+0000] {logging_mixin.py:190} INFO - [2025-04-11T20:49:58.655+0000] {dag.py:4180} INFO - Setting next_dagrun for example_dag_decorator to None, run_after=None
[2025-04-11T20:49:58.941+0000] {processor.py:208} INFO - Processing /home/airflow/.local/lib/python3.12/site-packages/airflow/example_dags/example_dag_decorator.py took 3.249 seconds
[2025-04-11T20:51:05.694+0000] {processor.py:186} INFO - Started process (PID=1204) to work on /home/airflow/.local/lib/python3.12/site-packages/airflow/example_dags/example_dag_decorator.py
[2025-04-11T20:51:05.707+0000] {processor.py:914} INFO - Processing file /home/airflow/.local/lib/python3.12/site-packages/airflow/example_dags/example_dag_decorator.py for tasks to queue
[2025-04-11T20:51:05.714+0000] {logging_mixin.py:190} INFO - [2025-04-11T20:51:05.713+0000] {dagbag.py:588} INFO - Filling up the DagBag from /home/airflow/.local/lib/python3.12/site-packages/airflow/example_dags/example_dag_decorator.py
[2025-04-11T20:51:06.886+0000] {processor.py:925} INFO - DAG(s) 'example_dag_decorator' retrieved from /home/airflow/.local/lib/python3.12/site-packages/airflow/example_dags/example_dag_decorator.py
[2025-04-11T20:51:09.148+0000] {logging_mixin.py:190} INFO - [2025-04-11T20:51:09.147+0000] {dag.py:3239} INFO - Sync 1 DAGs
[2025-04-11T20:51:09.239+0000] {logging_mixin.py:190} INFO - [2025-04-11T20:51:09.238+0000] {dag.py:4180} INFO - Setting next_dagrun for example_dag_decorator to None, run_after=None
[2025-04-11T20:51:09.482+0000] {processor.py:208} INFO - Processing /home/airflow/.local/lib/python3.12/site-packages/airflow/example_dags/example_dag_decorator.py took 3.819 seconds
[2025-04-11T20:52:24.967+0000] {processor.py:186} INFO - Started process (PID=1304) to work on /home/airflow/.local/lib/python3.12/site-packages/airflow/example_dags/example_dag_decorator.py
[2025-04-11T20:52:24.971+0000] {processor.py:914} INFO - Processing file /home/airflow/.local/lib/python3.12/site-packages/airflow/example_dags/example_dag_decorator.py for tasks to queue
[2025-04-11T20:52:24.976+0000] {logging_mixin.py:190} INFO - [2025-04-11T20:52:24.975+0000] {dagbag.py:588} INFO - Filling up the DagBag from /home/airflow/.local/lib/python3.12/site-packages/airflow/example_dags/example_dag_decorator.py
[2025-04-11T20:52:25.410+0000] {processor.py:925} INFO - DAG(s) 'example_dag_decorator' retrieved from /home/airflow/.local/lib/python3.12/site-packages/airflow/example_dags/example_dag_decorator.py
[2025-04-11T20:52:25.829+0000] {logging_mixin.py:190} INFO - [2025-04-11T20:52:25.828+0000] {dag.py:3239} INFO - Sync 1 DAGs
[2025-04-11T20:52:25.912+0000] {logging_mixin.py:190} INFO - [2025-04-11T20:52:25.912+0000] {dag.py:4180} INFO - Setting next_dagrun for example_dag_decorator to None, run_after=None
[2025-04-11T20:52:26.077+0000] {processor.py:208} INFO - Processing /home/airflow/.local/lib/python3.12/site-packages/airflow/example_dags/example_dag_decorator.py took 1.108 seconds
[2025-04-11T20:53:12.677+0000] {processor.py:186} INFO - Started process (PID=1378) to work on /home/airflow/.local/lib/python3.12/site-packages/airflow/example_dags/example_dag_decorator.py
[2025-04-11T20:53:12.717+0000] {processor.py:914} INFO - Processing file /home/airflow/.local/lib/python3.12/site-packages/airflow/example_dags/example_dag_decorator.py for tasks to queue
[2025-04-11T20:53:12.750+0000] {logging_mixin.py:190} INFO - [2025-04-11T20:53:12.749+0000] {dagbag.py:588} INFO - Filling up the DagBag from /home/airflow/.local/lib/python3.12/site-packages/airflow/example_dags/example_dag_decorator.py
[2025-04-11T20:53:13.454+0000] {processor.py:925} INFO - DAG(s) 'example_dag_decorator' retrieved from /home/airflow/.local/lib/python3.12/site-packages/airflow/example_dags/example_dag_decorator.py
[2025-04-11T20:53:14.726+0000] {logging_mixin.py:190} INFO - [2025-04-11T20:53:14.724+0000] {dag.py:3239} INFO - Sync 1 DAGs
[2025-04-11T20:53:14.955+0000] {logging_mixin.py:190} INFO - [2025-04-11T20:53:14.955+0000] {dag.py:4180} INFO - Setting next_dagrun for example_dag_decorator to None, run_after=None
[2025-04-11T20:53:15.122+0000] {processor.py:208} INFO - Processing /home/airflow/.local/lib/python3.12/site-packages/airflow/example_dags/example_dag_decorator.py took 2.587 seconds
