[2025-04-11T19:46:47.888+0000] {processor.py:186} INFO - Started process (PID=153) to work on /home/airflow/.local/lib/python3.12/site-packages/airflow/example_dags/example_bash_decorator.py
[2025-04-11T19:46:47.890+0000] {processor.py:914} INFO - Processing file /home/airflow/.local/lib/python3.12/site-packages/airflow/example_dags/example_bash_decorator.py for tasks to queue
[2025-04-11T19:46:47.903+0000] {logging_mixin.py:190} INFO - [2025-04-11T19:46:47.902+0000] {dagbag.py:588} INFO - Filling up the DagBag from /home/airflow/.local/lib/python3.12/site-packages/airflow/example_dags/example_bash_decorator.py
[2025-04-11T19:46:48.010+0000] {processor.py:925} INFO - DAG(s) 'example_bash_decorator' retrieved from /home/airflow/.local/lib/python3.12/site-packages/airflow/example_dags/example_bash_decorator.py
[2025-04-11T19:46:49.159+0000] {logging_mixin.py:190} INFO - [2025-04-11T19:46:49.150+0000] {override.py:1912} INFO - Created Permission View: can delete on DAG:example_bash_decorator
[2025-04-11T19:46:49.230+0000] {logging_mixin.py:190} INFO - [2025-04-11T19:46:49.229+0000] {override.py:1912} INFO - Created Permission View: can read on DAG:example_bash_decorator
[2025-04-11T19:46:49.273+0000] {logging_mixin.py:190} INFO - [2025-04-11T19:46:49.273+0000] {override.py:1912} INFO - Created Permission View: can edit on DAG:example_bash_decorator
[2025-04-11T19:46:49.317+0000] {logging_mixin.py:190} INFO - [2025-04-11T19:46:49.316+0000] {override.py:1912} INFO - Created Permission View: can create on DAG Run:example_bash_decorator
[2025-04-11T19:46:49.364+0000] {logging_mixin.py:190} INFO - [2025-04-11T19:46:49.363+0000] {override.py:1912} INFO - Created Permission View: can read on DAG Run:example_bash_decorator
[2025-04-11T19:46:49.405+0000] {logging_mixin.py:190} INFO - [2025-04-11T19:46:49.402+0000] {override.py:1912} INFO - Created Permission View: can delete on DAG Run:example_bash_decorator
[2025-04-11T19:46:49.441+0000] {logging_mixin.py:190} INFO - [2025-04-11T19:46:49.440+0000] {override.py:1912} INFO - Created Permission View: menu access on DAG Run:example_bash_decorator
[2025-04-11T19:46:49.443+0000] {logging_mixin.py:190} INFO - [2025-04-11T19:46:49.442+0000] {dag.py:3239} INFO - Sync 1 DAGs
[2025-04-11T19:46:49.483+0000] {logging_mixin.py:190} INFO - [2025-04-11T19:46:49.483+0000] {dag.py:3262} INFO - Creating ORM DAG for example_bash_decorator
[2025-04-11T19:46:49.488+0000] {logging_mixin.py:190} INFO - [2025-04-11T19:46:49.487+0000] {dag.py:4180} INFO - Setting next_dagrun for example_bash_decorator to None, run_after=None
[2025-04-11T19:46:49.558+0000] {processor.py:208} INFO - Processing /home/airflow/.local/lib/python3.12/site-packages/airflow/example_dags/example_bash_decorator.py took 1.693 seconds
[2025-04-11T19:47:20.233+0000] {processor.py:186} INFO - Started process (PID=217) to work on /home/airflow/.local/lib/python3.12/site-packages/airflow/example_dags/example_bash_decorator.py
[2025-04-11T19:47:20.241+0000] {processor.py:914} INFO - Processing file /home/airflow/.local/lib/python3.12/site-packages/airflow/example_dags/example_bash_decorator.py for tasks to queue
[2025-04-11T19:47:20.255+0000] {logging_mixin.py:190} INFO - [2025-04-11T19:47:20.254+0000] {dagbag.py:588} INFO - Filling up the DagBag from /home/airflow/.local/lib/python3.12/site-packages/airflow/example_dags/example_bash_decorator.py
[2025-04-11T19:47:20.337+0000] {processor.py:925} INFO - DAG(s) 'example_bash_decorator' retrieved from /home/airflow/.local/lib/python3.12/site-packages/airflow/example_dags/example_bash_decorator.py
[2025-04-11T19:47:20.700+0000] {logging_mixin.py:190} INFO - [2025-04-11T19:47:20.699+0000] {dag.py:3239} INFO - Sync 1 DAGs
[2025-04-11T19:47:20.756+0000] {logging_mixin.py:190} INFO - [2025-04-11T19:47:20.756+0000] {dag.py:4180} INFO - Setting next_dagrun for example_bash_decorator to None, run_after=None
[2025-04-11T19:47:20.819+0000] {processor.py:208} INFO - Processing /home/airflow/.local/lib/python3.12/site-packages/airflow/example_dags/example_bash_decorator.py took 0.665 seconds
[2025-04-11T19:54:04.691+0000] {processor.py:186} INFO - Started process (PID=143) to work on /home/airflow/.local/lib/python3.12/site-packages/airflow/example_dags/example_bash_decorator.py
[2025-04-11T19:54:04.701+0000] {processor.py:914} INFO - Processing file /home/airflow/.local/lib/python3.12/site-packages/airflow/example_dags/example_bash_decorator.py for tasks to queue
[2025-04-11T19:54:04.744+0000] {logging_mixin.py:190} INFO - [2025-04-11T19:54:04.742+0000] {dagbag.py:588} INFO - Filling up the DagBag from /home/airflow/.local/lib/python3.12/site-packages/airflow/example_dags/example_bash_decorator.py
[2025-04-11T19:54:05.163+0000] {processor.py:925} INFO - DAG(s) 'example_bash_decorator' retrieved from /home/airflow/.local/lib/python3.12/site-packages/airflow/example_dags/example_bash_decorator.py
[2025-04-11T19:54:07.133+0000] {logging_mixin.py:190} INFO - [2025-04-11T19:54:07.132+0000] {dag.py:3239} INFO - Sync 1 DAGs
[2025-04-11T19:54:07.578+0000] {logging_mixin.py:190} INFO - [2025-04-11T19:54:07.578+0000] {dag.py:4180} INFO - Setting next_dagrun for example_bash_decorator to None, run_after=None
[2025-04-11T19:54:07.740+0000] {processor.py:208} INFO - Processing /home/airflow/.local/lib/python3.12/site-packages/airflow/example_dags/example_bash_decorator.py took 3.152 seconds
[2025-04-11T19:54:44.262+0000] {processor.py:186} INFO - Started process (PID=208) to work on /home/airflow/.local/lib/python3.12/site-packages/airflow/example_dags/example_bash_decorator.py
[2025-04-11T19:54:44.265+0000] {processor.py:914} INFO - Processing file /home/airflow/.local/lib/python3.12/site-packages/airflow/example_dags/example_bash_decorator.py for tasks to queue
[2025-04-11T19:54:44.271+0000] {logging_mixin.py:190} INFO - [2025-04-11T19:54:44.270+0000] {dagbag.py:588} INFO - Filling up the DagBag from /home/airflow/.local/lib/python3.12/site-packages/airflow/example_dags/example_bash_decorator.py
[2025-04-11T19:54:44.311+0000] {processor.py:925} INFO - DAG(s) 'example_bash_decorator' retrieved from /home/airflow/.local/lib/python3.12/site-packages/airflow/example_dags/example_bash_decorator.py
[2025-04-11T19:54:44.369+0000] {logging_mixin.py:190} INFO - [2025-04-11T19:54:44.369+0000] {dag.py:3239} INFO - Sync 1 DAGs
[2025-04-11T19:54:44.410+0000] {logging_mixin.py:190} INFO - [2025-04-11T19:54:44.409+0000] {dag.py:4180} INFO - Setting next_dagrun for example_bash_decorator to None, run_after=None
[2025-04-11T19:54:44.459+0000] {processor.py:208} INFO - Processing /home/airflow/.local/lib/python3.12/site-packages/airflow/example_dags/example_bash_decorator.py took 0.214 seconds
[2025-04-11T19:55:36.684+0000] {processor.py:186} INFO - Started process (PID=279) to work on /home/airflow/.local/lib/python3.12/site-packages/airflow/example_dags/example_bash_decorator.py
[2025-04-11T19:55:36.708+0000] {processor.py:914} INFO - Processing file /home/airflow/.local/lib/python3.12/site-packages/airflow/example_dags/example_bash_decorator.py for tasks to queue
[2025-04-11T19:55:36.783+0000] {logging_mixin.py:190} INFO - [2025-04-11T19:55:36.783+0000] {dagbag.py:588} INFO - Filling up the DagBag from /home/airflow/.local/lib/python3.12/site-packages/airflow/example_dags/example_bash_decorator.py
[2025-04-11T19:55:36.911+0000] {processor.py:925} INFO - DAG(s) 'example_bash_decorator' retrieved from /home/airflow/.local/lib/python3.12/site-packages/airflow/example_dags/example_bash_decorator.py
[2025-04-11T19:55:37.075+0000] {logging_mixin.py:190} INFO - [2025-04-11T19:55:37.075+0000] {dag.py:3239} INFO - Sync 1 DAGs
[2025-04-11T19:55:37.326+0000] {logging_mixin.py:190} INFO - [2025-04-11T19:55:37.325+0000] {dag.py:4180} INFO - Setting next_dagrun for example_bash_decorator to None, run_after=None
[2025-04-11T19:55:37.476+0000] {processor.py:208} INFO - Processing /home/airflow/.local/lib/python3.12/site-packages/airflow/example_dags/example_bash_decorator.py took 0.866 seconds
[2025-04-11T19:56:30.390+0000] {processor.py:186} INFO - Started process (PID=359) to work on /home/airflow/.local/lib/python3.12/site-packages/airflow/example_dags/example_bash_decorator.py
[2025-04-11T19:56:30.394+0000] {processor.py:914} INFO - Processing file /home/airflow/.local/lib/python3.12/site-packages/airflow/example_dags/example_bash_decorator.py for tasks to queue
[2025-04-11T19:56:30.401+0000] {logging_mixin.py:190} INFO - [2025-04-11T19:56:30.400+0000] {dagbag.py:588} INFO - Filling up the DagBag from /home/airflow/.local/lib/python3.12/site-packages/airflow/example_dags/example_bash_decorator.py
[2025-04-11T19:56:30.442+0000] {processor.py:925} INFO - DAG(s) 'example_bash_decorator' retrieved from /home/airflow/.local/lib/python3.12/site-packages/airflow/example_dags/example_bash_decorator.py
[2025-04-11T19:56:30.901+0000] {logging_mixin.py:190} INFO - [2025-04-11T19:56:30.901+0000] {dag.py:3239} INFO - Sync 1 DAGs
[2025-04-11T19:56:30.962+0000] {logging_mixin.py:190} INFO - [2025-04-11T19:56:30.961+0000] {dag.py:4180} INFO - Setting next_dagrun for example_bash_decorator to None, run_after=None
[2025-04-11T19:56:31.158+0000] {processor.py:208} INFO - Processing /home/airflow/.local/lib/python3.12/site-packages/airflow/example_dags/example_bash_decorator.py took 0.785 seconds
[2025-04-11T19:59:58.536+0000] {processor.py:186} INFO - Started process (PID=127) to work on /home/airflow/.local/lib/python3.12/site-packages/airflow/example_dags/example_bash_decorator.py
[2025-04-11T19:59:58.539+0000] {processor.py:914} INFO - Processing file /home/airflow/.local/lib/python3.12/site-packages/airflow/example_dags/example_bash_decorator.py for tasks to queue
[2025-04-11T19:59:58.545+0000] {logging_mixin.py:190} INFO - [2025-04-11T19:59:58.545+0000] {dagbag.py:588} INFO - Filling up the DagBag from /home/airflow/.local/lib/python3.12/site-packages/airflow/example_dags/example_bash_decorator.py
[2025-04-11T19:59:58.764+0000] {processor.py:925} INFO - DAG(s) 'example_bash_decorator' retrieved from /home/airflow/.local/lib/python3.12/site-packages/airflow/example_dags/example_bash_decorator.py
[2025-04-11T19:59:59.917+0000] {logging_mixin.py:190} INFO - [2025-04-11T19:59:59.916+0000] {dag.py:3239} INFO - Sync 1 DAGs
[2025-04-11T20:00:00.013+0000] {logging_mixin.py:190} INFO - [2025-04-11T19:59:59.991+0000] {dag.py:4180} INFO - Setting next_dagrun for example_bash_decorator to None, run_after=None
[2025-04-11T20:00:00.150+0000] {processor.py:208} INFO - Processing /home/airflow/.local/lib/python3.12/site-packages/airflow/example_dags/example_bash_decorator.py took 1.688 seconds
[2025-04-11T20:14:36.495+0000] {processor.py:186} INFO - Started process (PID=142) to work on /home/airflow/.local/lib/python3.12/site-packages/airflow/example_dags/example_bash_decorator.py
[2025-04-11T20:14:36.499+0000] {processor.py:914} INFO - Processing file /home/airflow/.local/lib/python3.12/site-packages/airflow/example_dags/example_bash_decorator.py for tasks to queue
[2025-04-11T20:14:36.527+0000] {logging_mixin.py:190} INFO - [2025-04-11T20:14:36.521+0000] {dagbag.py:588} INFO - Filling up the DagBag from /home/airflow/.local/lib/python3.12/site-packages/airflow/example_dags/example_bash_decorator.py
[2025-04-11T20:14:36.632+0000] {processor.py:925} INFO - DAG(s) 'example_bash_decorator' retrieved from /home/airflow/.local/lib/python3.12/site-packages/airflow/example_dags/example_bash_decorator.py
[2025-04-11T20:14:37.389+0000] {logging_mixin.py:190} INFO - [2025-04-11T20:14:37.388+0000] {dag.py:3239} INFO - Sync 1 DAGs
[2025-04-11T20:14:37.557+0000] {logging_mixin.py:190} INFO - [2025-04-11T20:14:37.556+0000] {dag.py:4180} INFO - Setting next_dagrun for example_bash_decorator to None, run_after=None
[2025-04-11T20:14:37.729+0000] {processor.py:208} INFO - Processing /home/airflow/.local/lib/python3.12/site-packages/airflow/example_dags/example_bash_decorator.py took 1.290 seconds
[2025-04-11T20:16:16.498+0000] {processor.py:186} INFO - Started process (PID=231) to work on /home/airflow/.local/lib/python3.12/site-packages/airflow/example_dags/example_bash_decorator.py
[2025-04-11T20:16:16.503+0000] {processor.py:914} INFO - Processing file /home/airflow/.local/lib/python3.12/site-packages/airflow/example_dags/example_bash_decorator.py for tasks to queue
[2025-04-11T20:16:16.536+0000] {logging_mixin.py:190} INFO - [2025-04-11T20:16:16.535+0000] {dagbag.py:588} INFO - Filling up the DagBag from /home/airflow/.local/lib/python3.12/site-packages/airflow/example_dags/example_bash_decorator.py
[2025-04-11T20:16:16.940+0000] {processor.py:925} INFO - DAG(s) 'example_bash_decorator' retrieved from /home/airflow/.local/lib/python3.12/site-packages/airflow/example_dags/example_bash_decorator.py
[2025-04-11T20:16:17.186+0000] {logging_mixin.py:190} INFO - [2025-04-11T20:16:17.185+0000] {dag.py:3239} INFO - Sync 1 DAGs
[2025-04-11T20:16:17.438+0000] {logging_mixin.py:190} INFO - [2025-04-11T20:16:17.432+0000] {dag.py:4180} INFO - Setting next_dagrun for example_bash_decorator to None, run_after=None
[2025-04-11T20:16:17.710+0000] {processor.py:208} INFO - Processing /home/airflow/.local/lib/python3.12/site-packages/airflow/example_dags/example_bash_decorator.py took 1.246 seconds
[2025-04-11T20:16:52.606+0000] {processor.py:186} INFO - Started process (PID=295) to work on /home/airflow/.local/lib/python3.12/site-packages/airflow/example_dags/example_bash_decorator.py
[2025-04-11T20:16:52.609+0000] {processor.py:914} INFO - Processing file /home/airflow/.local/lib/python3.12/site-packages/airflow/example_dags/example_bash_decorator.py for tasks to queue
[2025-04-11T20:16:52.614+0000] {logging_mixin.py:190} INFO - [2025-04-11T20:16:52.614+0000] {dagbag.py:588} INFO - Filling up the DagBag from /home/airflow/.local/lib/python3.12/site-packages/airflow/example_dags/example_bash_decorator.py
[2025-04-11T20:16:52.653+0000] {processor.py:925} INFO - DAG(s) 'example_bash_decorator' retrieved from /home/airflow/.local/lib/python3.12/site-packages/airflow/example_dags/example_bash_decorator.py
[2025-04-11T20:16:52.750+0000] {logging_mixin.py:190} INFO - [2025-04-11T20:16:52.750+0000] {dag.py:3239} INFO - Sync 1 DAGs
[2025-04-11T20:16:52.802+0000] {logging_mixin.py:190} INFO - [2025-04-11T20:16:52.802+0000] {dag.py:4180} INFO - Setting next_dagrun for example_bash_decorator to None, run_after=None
[2025-04-11T20:16:52.859+0000] {processor.py:208} INFO - Processing /home/airflow/.local/lib/python3.12/site-packages/airflow/example_dags/example_bash_decorator.py took 0.266 seconds
[2025-04-11T20:17:28.989+0000] {processor.py:186} INFO - Started process (PID=359) to work on /home/airflow/.local/lib/python3.12/site-packages/airflow/example_dags/example_bash_decorator.py
[2025-04-11T20:17:28.992+0000] {processor.py:914} INFO - Processing file /home/airflow/.local/lib/python3.12/site-packages/airflow/example_dags/example_bash_decorator.py for tasks to queue
[2025-04-11T20:17:28.998+0000] {logging_mixin.py:190} INFO - [2025-04-11T20:17:28.997+0000] {dagbag.py:588} INFO - Filling up the DagBag from /home/airflow/.local/lib/python3.12/site-packages/airflow/example_dags/example_bash_decorator.py
[2025-04-11T20:17:29.053+0000] {processor.py:925} INFO - DAG(s) 'example_bash_decorator' retrieved from /home/airflow/.local/lib/python3.12/site-packages/airflow/example_dags/example_bash_decorator.py
[2025-04-11T20:17:29.132+0000] {logging_mixin.py:190} INFO - [2025-04-11T20:17:29.131+0000] {dag.py:3239} INFO - Sync 1 DAGs
[2025-04-11T20:17:29.269+0000] {logging_mixin.py:190} INFO - [2025-04-11T20:17:29.268+0000] {dag.py:4180} INFO - Setting next_dagrun for example_bash_decorator to None, run_after=None
[2025-04-11T20:17:29.431+0000] {processor.py:208} INFO - Processing /home/airflow/.local/lib/python3.12/site-packages/airflow/example_dags/example_bash_decorator.py took 0.458 seconds
[2025-04-11T20:24:41.798+0000] {processor.py:186} INFO - Started process (PID=157) to work on /home/airflow/.local/lib/python3.12/site-packages/airflow/example_dags/example_bash_decorator.py
[2025-04-11T20:24:41.810+0000] {processor.py:914} INFO - Processing file /home/airflow/.local/lib/python3.12/site-packages/airflow/example_dags/example_bash_decorator.py for tasks to queue
[2025-04-11T20:24:41.835+0000] {logging_mixin.py:190} INFO - [2025-04-11T20:24:41.834+0000] {dagbag.py:588} INFO - Filling up the DagBag from /home/airflow/.local/lib/python3.12/site-packages/airflow/example_dags/example_bash_decorator.py
[2025-04-11T20:24:41.900+0000] {processor.py:925} INFO - DAG(s) 'example_bash_decorator' retrieved from /home/airflow/.local/lib/python3.12/site-packages/airflow/example_dags/example_bash_decorator.py
[2025-04-11T20:24:42.528+0000] {logging_mixin.py:190} INFO - [2025-04-11T20:24:42.522+0000] {override.py:1912} INFO - Created Permission View: can read on DAG:example_bash_decorator
[2025-04-11T20:24:42.587+0000] {logging_mixin.py:190} INFO - [2025-04-11T20:24:42.580+0000] {override.py:1912} INFO - Created Permission View: can edit on DAG:example_bash_decorator
[2025-04-11T20:24:42.607+0000] {logging_mixin.py:190} INFO - [2025-04-11T20:24:42.607+0000] {override.py:1912} INFO - Created Permission View: can delete on DAG:example_bash_decorator
[2025-04-11T20:24:42.651+0000] {logging_mixin.py:190} INFO - [2025-04-11T20:24:42.650+0000] {override.py:1912} INFO - Created Permission View: can create on DAG Run:example_bash_decorator
[2025-04-11T20:24:42.681+0000] {logging_mixin.py:190} INFO - [2025-04-11T20:24:42.680+0000] {override.py:1912} INFO - Created Permission View: can read on DAG Run:example_bash_decorator
[2025-04-11T20:24:42.712+0000] {logging_mixin.py:190} INFO - [2025-04-11T20:24:42.710+0000] {override.py:1912} INFO - Created Permission View: can delete on DAG Run:example_bash_decorator
[2025-04-11T20:24:42.779+0000] {logging_mixin.py:190} INFO - [2025-04-11T20:24:42.779+0000] {override.py:1912} INFO - Created Permission View: menu access on DAG Run:example_bash_decorator
[2025-04-11T20:24:42.787+0000] {logging_mixin.py:190} INFO - [2025-04-11T20:24:42.782+0000] {dag.py:3239} INFO - Sync 1 DAGs
[2025-04-11T20:24:42.893+0000] {logging_mixin.py:190} INFO - [2025-04-11T20:24:42.892+0000] {dag.py:3262} INFO - Creating ORM DAG for example_bash_decorator
[2025-04-11T20:24:42.896+0000] {logging_mixin.py:190} INFO - [2025-04-11T20:24:42.896+0000] {dag.py:4180} INFO - Setting next_dagrun for example_bash_decorator to None, run_after=None
[2025-04-11T20:24:42.981+0000] {processor.py:208} INFO - Processing /home/airflow/.local/lib/python3.12/site-packages/airflow/example_dags/example_bash_decorator.py took 1.219 seconds
[2025-04-11T20:25:15.832+0000] {processor.py:186} INFO - Started process (PID=224) to work on /home/airflow/.local/lib/python3.12/site-packages/airflow/example_dags/example_bash_decorator.py
[2025-04-11T20:25:15.836+0000] {processor.py:914} INFO - Processing file /home/airflow/.local/lib/python3.12/site-packages/airflow/example_dags/example_bash_decorator.py for tasks to queue
[2025-04-11T20:25:15.843+0000] {logging_mixin.py:190} INFO - [2025-04-11T20:25:15.842+0000] {dagbag.py:588} INFO - Filling up the DagBag from /home/airflow/.local/lib/python3.12/site-packages/airflow/example_dags/example_bash_decorator.py
[2025-04-11T20:25:15.899+0000] {processor.py:925} INFO - DAG(s) 'example_bash_decorator' retrieved from /home/airflow/.local/lib/python3.12/site-packages/airflow/example_dags/example_bash_decorator.py
[2025-04-11T20:25:15.996+0000] {logging_mixin.py:190} INFO - [2025-04-11T20:25:15.995+0000] {dag.py:3239} INFO - Sync 1 DAGs
[2025-04-11T20:25:16.037+0000] {logging_mixin.py:190} INFO - [2025-04-11T20:25:16.037+0000] {dag.py:4180} INFO - Setting next_dagrun for example_bash_decorator to None, run_after=None
[2025-04-11T20:25:16.096+0000] {processor.py:208} INFO - Processing /home/airflow/.local/lib/python3.12/site-packages/airflow/example_dags/example_bash_decorator.py took 0.278 seconds
[2025-04-11T20:28:53.835+0000] {processor.py:186} INFO - Started process (PID=127) to work on /home/airflow/.local/lib/python3.12/site-packages/airflow/example_dags/example_bash_decorator.py
[2025-04-11T20:28:53.839+0000] {processor.py:914} INFO - Processing file /home/airflow/.local/lib/python3.12/site-packages/airflow/example_dags/example_bash_decorator.py for tasks to queue
[2025-04-11T20:28:53.862+0000] {logging_mixin.py:190} INFO - [2025-04-11T20:28:53.854+0000] {dagbag.py:588} INFO - Filling up the DagBag from /home/airflow/.local/lib/python3.12/site-packages/airflow/example_dags/example_bash_decorator.py
[2025-04-11T20:28:53.950+0000] {processor.py:925} INFO - DAG(s) 'example_bash_decorator' retrieved from /home/airflow/.local/lib/python3.12/site-packages/airflow/example_dags/example_bash_decorator.py
[2025-04-11T20:28:54.610+0000] {logging_mixin.py:190} INFO - [2025-04-11T20:28:54.609+0000] {dag.py:3239} INFO - Sync 1 DAGs
[2025-04-11T20:28:54.675+0000] {logging_mixin.py:190} INFO - [2025-04-11T20:28:54.673+0000] {dag.py:4180} INFO - Setting next_dagrun for example_bash_decorator to None, run_after=None
[2025-04-11T20:28:54.787+0000] {processor.py:208} INFO - Processing /home/airflow/.local/lib/python3.12/site-packages/airflow/example_dags/example_bash_decorator.py took 0.971 seconds
[2025-04-11T20:29:26.794+0000] {processor.py:186} INFO - Started process (PID=193) to work on /home/airflow/.local/lib/python3.12/site-packages/airflow/example_dags/example_bash_decorator.py
[2025-04-11T20:29:26.799+0000] {processor.py:914} INFO - Processing file /home/airflow/.local/lib/python3.12/site-packages/airflow/example_dags/example_bash_decorator.py for tasks to queue
[2025-04-11T20:29:26.804+0000] {logging_mixin.py:190} INFO - [2025-04-11T20:29:26.803+0000] {dagbag.py:588} INFO - Filling up the DagBag from /home/airflow/.local/lib/python3.12/site-packages/airflow/example_dags/example_bash_decorator.py
[2025-04-11T20:29:26.854+0000] {processor.py:925} INFO - DAG(s) 'example_bash_decorator' retrieved from /home/airflow/.local/lib/python3.12/site-packages/airflow/example_dags/example_bash_decorator.py
[2025-04-11T20:29:26.933+0000] {logging_mixin.py:190} INFO - [2025-04-11T20:29:26.933+0000] {dag.py:3239} INFO - Sync 1 DAGs
[2025-04-11T20:29:26.975+0000] {logging_mixin.py:190} INFO - [2025-04-11T20:29:26.975+0000] {dag.py:4180} INFO - Setting next_dagrun for example_bash_decorator to None, run_after=None
[2025-04-11T20:29:27.024+0000] {processor.py:208} INFO - Processing /home/airflow/.local/lib/python3.12/site-packages/airflow/example_dags/example_bash_decorator.py took 0.244 seconds
[2025-04-11T20:30:53.373+0000] {processor.py:186} INFO - Started process (PID=291) to work on /home/airflow/.local/lib/python3.12/site-packages/airflow/example_dags/example_bash_decorator.py
[2025-04-11T20:30:53.376+0000] {processor.py:914} INFO - Processing file /home/airflow/.local/lib/python3.12/site-packages/airflow/example_dags/example_bash_decorator.py for tasks to queue
[2025-04-11T20:30:53.390+0000] {logging_mixin.py:190} INFO - [2025-04-11T20:30:53.386+0000] {dagbag.py:588} INFO - Filling up the DagBag from /home/airflow/.local/lib/python3.12/site-packages/airflow/example_dags/example_bash_decorator.py
[2025-04-11T20:30:53.436+0000] {processor.py:925} INFO - DAG(s) 'example_bash_decorator' retrieved from /home/airflow/.local/lib/python3.12/site-packages/airflow/example_dags/example_bash_decorator.py
[2025-04-11T20:30:53.495+0000] {logging_mixin.py:190} INFO - [2025-04-11T20:30:53.495+0000] {dag.py:3239} INFO - Sync 1 DAGs
[2025-04-11T20:30:53.563+0000] {logging_mixin.py:190} INFO - [2025-04-11T20:30:53.562+0000] {dag.py:4180} INFO - Setting next_dagrun for example_bash_decorator to None, run_after=None
[2025-04-11T20:30:53.620+0000] {processor.py:208} INFO - Processing /home/airflow/.local/lib/python3.12/site-packages/airflow/example_dags/example_bash_decorator.py took 0.265 seconds
[2025-04-11T20:31:27.689+0000] {processor.py:186} INFO - Started process (PID=364) to work on /home/airflow/.local/lib/python3.12/site-packages/airflow/example_dags/example_bash_decorator.py
[2025-04-11T20:31:27.704+0000] {processor.py:914} INFO - Processing file /home/airflow/.local/lib/python3.12/site-packages/airflow/example_dags/example_bash_decorator.py for tasks to queue
[2025-04-11T20:31:27.730+0000] {logging_mixin.py:190} INFO - [2025-04-11T20:31:27.730+0000] {dagbag.py:588} INFO - Filling up the DagBag from /home/airflow/.local/lib/python3.12/site-packages/airflow/example_dags/example_bash_decorator.py
[2025-04-11T20:31:27.777+0000] {processor.py:925} INFO - DAG(s) 'example_bash_decorator' retrieved from /home/airflow/.local/lib/python3.12/site-packages/airflow/example_dags/example_bash_decorator.py
[2025-04-11T20:31:27.845+0000] {logging_mixin.py:190} INFO - [2025-04-11T20:31:27.845+0000] {dag.py:3239} INFO - Sync 1 DAGs
[2025-04-11T20:31:27.894+0000] {logging_mixin.py:190} INFO - [2025-04-11T20:31:27.894+0000] {dag.py:4180} INFO - Setting next_dagrun for example_bash_decorator to None, run_after=None
[2025-04-11T20:31:27.945+0000] {processor.py:208} INFO - Processing /home/airflow/.local/lib/python3.12/site-packages/airflow/example_dags/example_bash_decorator.py took 0.275 seconds
[2025-04-11T20:32:01.955+0000] {processor.py:186} INFO - Started process (PID=430) to work on /home/airflow/.local/lib/python3.12/site-packages/airflow/example_dags/example_bash_decorator.py
[2025-04-11T20:32:01.963+0000] {processor.py:914} INFO - Processing file /home/airflow/.local/lib/python3.12/site-packages/airflow/example_dags/example_bash_decorator.py for tasks to queue
[2025-04-11T20:32:01.983+0000] {logging_mixin.py:190} INFO - [2025-04-11T20:32:01.979+0000] {dagbag.py:588} INFO - Filling up the DagBag from /home/airflow/.local/lib/python3.12/site-packages/airflow/example_dags/example_bash_decorator.py
[2025-04-11T20:32:02.068+0000] {processor.py:925} INFO - DAG(s) 'example_bash_decorator' retrieved from /home/airflow/.local/lib/python3.12/site-packages/airflow/example_dags/example_bash_decorator.py
[2025-04-11T20:32:02.203+0000] {logging_mixin.py:190} INFO - [2025-04-11T20:32:02.203+0000] {dag.py:3239} INFO - Sync 1 DAGs
[2025-04-11T20:32:02.334+0000] {logging_mixin.py:190} INFO - [2025-04-11T20:32:02.334+0000] {dag.py:4180} INFO - Setting next_dagrun for example_bash_decorator to None, run_after=None
[2025-04-11T20:32:02.378+0000] {processor.py:208} INFO - Processing /home/airflow/.local/lib/python3.12/site-packages/airflow/example_dags/example_bash_decorator.py took 0.439 seconds
[2025-04-11T20:32:57.217+0000] {processor.py:186} INFO - Started process (PID=504) to work on /home/airflow/.local/lib/python3.12/site-packages/airflow/example_dags/example_bash_decorator.py
[2025-04-11T20:32:57.237+0000] {processor.py:914} INFO - Processing file /home/airflow/.local/lib/python3.12/site-packages/airflow/example_dags/example_bash_decorator.py for tasks to queue
[2025-04-11T20:32:57.306+0000] {logging_mixin.py:190} INFO - [2025-04-11T20:32:57.274+0000] {dagbag.py:588} INFO - Filling up the DagBag from /home/airflow/.local/lib/python3.12/site-packages/airflow/example_dags/example_bash_decorator.py
[2025-04-11T20:32:57.660+0000] {processor.py:925} INFO - DAG(s) 'example_bash_decorator' retrieved from /home/airflow/.local/lib/python3.12/site-packages/airflow/example_dags/example_bash_decorator.py
[2025-04-11T20:32:57.838+0000] {logging_mixin.py:190} INFO - [2025-04-11T20:32:57.837+0000] {dag.py:3239} INFO - Sync 1 DAGs
[2025-04-11T20:32:58.083+0000] {logging_mixin.py:190} INFO - [2025-04-11T20:32:58.076+0000] {dag.py:4180} INFO - Setting next_dagrun for example_bash_decorator to None, run_after=None
[2025-04-11T20:32:58.410+0000] {processor.py:208} INFO - Processing /home/airflow/.local/lib/python3.12/site-packages/airflow/example_dags/example_bash_decorator.py took 1.333 seconds
[2025-04-11T20:36:08.421+0000] {processor.py:186} INFO - Started process (PID=131) to work on /home/airflow/.local/lib/python3.12/site-packages/airflow/example_dags/example_bash_decorator.py
[2025-04-11T20:36:08.424+0000] {processor.py:914} INFO - Processing file /home/airflow/.local/lib/python3.12/site-packages/airflow/example_dags/example_bash_decorator.py for tasks to queue
[2025-04-11T20:36:08.430+0000] {logging_mixin.py:190} INFO - [2025-04-11T20:36:08.429+0000] {dagbag.py:588} INFO - Filling up the DagBag from /home/airflow/.local/lib/python3.12/site-packages/airflow/example_dags/example_bash_decorator.py
[2025-04-11T20:36:08.479+0000] {processor.py:925} INFO - DAG(s) 'example_bash_decorator' retrieved from /home/airflow/.local/lib/python3.12/site-packages/airflow/example_dags/example_bash_decorator.py
[2025-04-11T20:36:08.877+0000] {logging_mixin.py:190} INFO - [2025-04-11T20:36:08.876+0000] {dag.py:3239} INFO - Sync 1 DAGs
[2025-04-11T20:36:08.920+0000] {logging_mixin.py:190} INFO - [2025-04-11T20:36:08.920+0000] {dag.py:4180} INFO - Setting next_dagrun for example_bash_decorator to None, run_after=None
[2025-04-11T20:36:08.974+0000] {processor.py:208} INFO - Processing /home/airflow/.local/lib/python3.12/site-packages/airflow/example_dags/example_bash_decorator.py took 0.567 seconds
[2025-04-11T20:36:43.066+0000] {processor.py:186} INFO - Started process (PID=197) to work on /home/airflow/.local/lib/python3.12/site-packages/airflow/example_dags/example_bash_decorator.py
[2025-04-11T20:36:43.073+0000] {processor.py:914} INFO - Processing file /home/airflow/.local/lib/python3.12/site-packages/airflow/example_dags/example_bash_decorator.py for tasks to queue
[2025-04-11T20:36:43.082+0000] {logging_mixin.py:190} INFO - [2025-04-11T20:36:43.081+0000] {dagbag.py:588} INFO - Filling up the DagBag from /home/airflow/.local/lib/python3.12/site-packages/airflow/example_dags/example_bash_decorator.py
[2025-04-11T20:36:43.178+0000] {processor.py:925} INFO - DAG(s) 'example_bash_decorator' retrieved from /home/airflow/.local/lib/python3.12/site-packages/airflow/example_dags/example_bash_decorator.py
[2025-04-11T20:36:43.345+0000] {logging_mixin.py:190} INFO - [2025-04-11T20:36:43.344+0000] {dag.py:3239} INFO - Sync 1 DAGs
[2025-04-11T20:36:43.442+0000] {logging_mixin.py:190} INFO - [2025-04-11T20:36:43.432+0000] {dag.py:4180} INFO - Setting next_dagrun for example_bash_decorator to None, run_after=None
[2025-04-11T20:36:43.750+0000] {processor.py:208} INFO - Processing /home/airflow/.local/lib/python3.12/site-packages/airflow/example_dags/example_bash_decorator.py took 0.739 seconds
[2025-04-11T20:37:31.182+0000] {processor.py:186} INFO - Started process (PID=266) to work on /home/airflow/.local/lib/python3.12/site-packages/airflow/example_dags/example_bash_decorator.py
[2025-04-11T20:37:31.187+0000] {processor.py:914} INFO - Processing file /home/airflow/.local/lib/python3.12/site-packages/airflow/example_dags/example_bash_decorator.py for tasks to queue
[2025-04-11T20:37:31.198+0000] {logging_mixin.py:190} INFO - [2025-04-11T20:37:31.198+0000] {dagbag.py:588} INFO - Filling up the DagBag from /home/airflow/.local/lib/python3.12/site-packages/airflow/example_dags/example_bash_decorator.py
[2025-04-11T20:37:31.271+0000] {processor.py:925} INFO - DAG(s) 'example_bash_decorator' retrieved from /home/airflow/.local/lib/python3.12/site-packages/airflow/example_dags/example_bash_decorator.py
[2025-04-11T20:37:31.383+0000] {logging_mixin.py:190} INFO - [2025-04-11T20:37:31.383+0000] {dag.py:3239} INFO - Sync 1 DAGs
[2025-04-11T20:37:31.441+0000] {logging_mixin.py:190} INFO - [2025-04-11T20:37:31.440+0000] {dag.py:4180} INFO - Setting next_dagrun for example_bash_decorator to None, run_after=None
[2025-04-11T20:37:31.559+0000] {processor.py:208} INFO - Processing /home/airflow/.local/lib/python3.12/site-packages/airflow/example_dags/example_bash_decorator.py took 0.403 seconds
[2025-04-11T20:38:31.040+0000] {processor.py:186} INFO - Started process (PID=345) to work on /home/airflow/.local/lib/python3.12/site-packages/airflow/example_dags/example_bash_decorator.py
[2025-04-11T20:38:31.043+0000] {processor.py:914} INFO - Processing file /home/airflow/.local/lib/python3.12/site-packages/airflow/example_dags/example_bash_decorator.py for tasks to queue
[2025-04-11T20:38:31.055+0000] {logging_mixin.py:190} INFO - [2025-04-11T20:38:31.054+0000] {dagbag.py:588} INFO - Filling up the DagBag from /home/airflow/.local/lib/python3.12/site-packages/airflow/example_dags/example_bash_decorator.py
[2025-04-11T20:38:31.134+0000] {processor.py:925} INFO - DAG(s) 'example_bash_decorator' retrieved from /home/airflow/.local/lib/python3.12/site-packages/airflow/example_dags/example_bash_decorator.py
[2025-04-11T20:38:31.230+0000] {logging_mixin.py:190} INFO - [2025-04-11T20:38:31.230+0000] {dag.py:3239} INFO - Sync 1 DAGs
[2025-04-11T20:38:31.273+0000] {logging_mixin.py:190} INFO - [2025-04-11T20:38:31.273+0000] {dag.py:4180} INFO - Setting next_dagrun for example_bash_decorator to None, run_after=None
[2025-04-11T20:38:31.373+0000] {processor.py:208} INFO - Processing /home/airflow/.local/lib/python3.12/site-packages/airflow/example_dags/example_bash_decorator.py took 0.363 seconds
[2025-04-11T20:39:43.911+0000] {processor.py:186} INFO - Started process (PID=422) to work on /home/airflow/.local/lib/python3.12/site-packages/airflow/example_dags/example_bash_decorator.py
[2025-04-11T20:39:43.928+0000] {processor.py:914} INFO - Processing file /home/airflow/.local/lib/python3.12/site-packages/airflow/example_dags/example_bash_decorator.py for tasks to queue
[2025-04-11T20:39:43.939+0000] {logging_mixin.py:190} INFO - [2025-04-11T20:39:43.939+0000] {dagbag.py:588} INFO - Filling up the DagBag from /home/airflow/.local/lib/python3.12/site-packages/airflow/example_dags/example_bash_decorator.py
[2025-04-11T20:39:44.076+0000] {processor.py:925} INFO - DAG(s) 'example_bash_decorator' retrieved from /home/airflow/.local/lib/python3.12/site-packages/airflow/example_dags/example_bash_decorator.py
[2025-04-11T20:39:44.302+0000] {logging_mixin.py:190} INFO - [2025-04-11T20:39:44.302+0000] {dag.py:3239} INFO - Sync 1 DAGs
[2025-04-11T20:39:44.661+0000] {logging_mixin.py:190} INFO - [2025-04-11T20:39:44.661+0000] {dag.py:4180} INFO - Setting next_dagrun for example_bash_decorator to None, run_after=None
[2025-04-11T20:39:44.946+0000] {processor.py:208} INFO - Processing /home/airflow/.local/lib/python3.12/site-packages/airflow/example_dags/example_bash_decorator.py took 1.094 seconds
[2025-04-11T20:40:23.479+0000] {processor.py:186} INFO - Started process (PID=487) to work on /home/airflow/.local/lib/python3.12/site-packages/airflow/example_dags/example_bash_decorator.py
[2025-04-11T20:40:23.501+0000] {processor.py:914} INFO - Processing file /home/airflow/.local/lib/python3.12/site-packages/airflow/example_dags/example_bash_decorator.py for tasks to queue
[2025-04-11T20:40:23.516+0000] {logging_mixin.py:190} INFO - [2025-04-11T20:40:23.515+0000] {dagbag.py:588} INFO - Filling up the DagBag from /home/airflow/.local/lib/python3.12/site-packages/airflow/example_dags/example_bash_decorator.py
[2025-04-11T20:40:23.714+0000] {processor.py:925} INFO - DAG(s) 'example_bash_decorator' retrieved from /home/airflow/.local/lib/python3.12/site-packages/airflow/example_dags/example_bash_decorator.py
[2025-04-11T20:40:24.377+0000] {logging_mixin.py:190} INFO - [2025-04-11T20:40:24.374+0000] {dag.py:3239} INFO - Sync 1 DAGs
[2025-04-11T20:40:24.733+0000] {logging_mixin.py:190} INFO - [2025-04-11T20:40:24.731+0000] {dag.py:4180} INFO - Setting next_dagrun for example_bash_decorator to None, run_after=None
[2025-04-11T20:40:24.877+0000] {processor.py:208} INFO - Processing /home/airflow/.local/lib/python3.12/site-packages/airflow/example_dags/example_bash_decorator.py took 1.598 seconds
[2025-04-11T20:41:06.230+0000] {processor.py:186} INFO - Started process (PID=555) to work on /home/airflow/.local/lib/python3.12/site-packages/airflow/example_dags/example_bash_decorator.py
[2025-04-11T20:41:06.240+0000] {processor.py:914} INFO - Processing file /home/airflow/.local/lib/python3.12/site-packages/airflow/example_dags/example_bash_decorator.py for tasks to queue
[2025-04-11T20:41:06.255+0000] {logging_mixin.py:190} INFO - [2025-04-11T20:41:06.248+0000] {dagbag.py:588} INFO - Filling up the DagBag from /home/airflow/.local/lib/python3.12/site-packages/airflow/example_dags/example_bash_decorator.py
[2025-04-11T20:41:06.338+0000] {processor.py:925} INFO - DAG(s) 'example_bash_decorator' retrieved from /home/airflow/.local/lib/python3.12/site-packages/airflow/example_dags/example_bash_decorator.py
[2025-04-11T20:41:06.477+0000] {logging_mixin.py:190} INFO - [2025-04-11T20:41:06.476+0000] {dag.py:3239} INFO - Sync 1 DAGs
[2025-04-11T20:41:06.554+0000] {logging_mixin.py:190} INFO - [2025-04-11T20:41:06.553+0000] {dag.py:4180} INFO - Setting next_dagrun for example_bash_decorator to None, run_after=None
[2025-04-11T20:41:06.622+0000] {processor.py:208} INFO - Processing /home/airflow/.local/lib/python3.12/site-packages/airflow/example_dags/example_bash_decorator.py took 0.432 seconds
[2025-04-11T20:41:42.470+0000] {processor.py:186} INFO - Started process (PID=625) to work on /home/airflow/.local/lib/python3.12/site-packages/airflow/example_dags/example_bash_decorator.py
[2025-04-11T20:41:42.495+0000] {processor.py:914} INFO - Processing file /home/airflow/.local/lib/python3.12/site-packages/airflow/example_dags/example_bash_decorator.py for tasks to queue
[2025-04-11T20:41:42.520+0000] {logging_mixin.py:190} INFO - [2025-04-11T20:41:42.519+0000] {dagbag.py:588} INFO - Filling up the DagBag from /home/airflow/.local/lib/python3.12/site-packages/airflow/example_dags/example_bash_decorator.py
[2025-04-11T20:41:42.838+0000] {processor.py:925} INFO - DAG(s) 'example_bash_decorator' retrieved from /home/airflow/.local/lib/python3.12/site-packages/airflow/example_dags/example_bash_decorator.py
[2025-04-11T20:41:42.969+0000] {logging_mixin.py:190} INFO - [2025-04-11T20:41:42.968+0000] {dag.py:3239} INFO - Sync 1 DAGs
[2025-04-11T20:41:43.065+0000] {logging_mixin.py:190} INFO - [2025-04-11T20:41:43.065+0000] {dag.py:4180} INFO - Setting next_dagrun for example_bash_decorator to None, run_after=None
[2025-04-11T20:41:43.180+0000] {processor.py:208} INFO - Processing /home/airflow/.local/lib/python3.12/site-packages/airflow/example_dags/example_bash_decorator.py took 0.762 seconds
[2025-04-11T20:43:37.200+0000] {processor.py:186} INFO - Started process (PID=706) to work on /home/airflow/.local/lib/python3.12/site-packages/airflow/example_dags/example_bash_decorator.py
[2025-04-11T20:43:37.210+0000] {processor.py:914} INFO - Processing file /home/airflow/.local/lib/python3.12/site-packages/airflow/example_dags/example_bash_decorator.py for tasks to queue
[2025-04-11T20:43:37.224+0000] {logging_mixin.py:190} INFO - [2025-04-11T20:43:37.218+0000] {dagbag.py:588} INFO - Filling up the DagBag from /home/airflow/.local/lib/python3.12/site-packages/airflow/example_dags/example_bash_decorator.py
[2025-04-11T20:43:37.331+0000] {processor.py:925} INFO - DAG(s) 'example_bash_decorator' retrieved from /home/airflow/.local/lib/python3.12/site-packages/airflow/example_dags/example_bash_decorator.py
[2025-04-11T20:43:37.488+0000] {logging_mixin.py:190} INFO - [2025-04-11T20:43:37.488+0000] {dag.py:3239} INFO - Sync 1 DAGs
[2025-04-11T20:43:37.642+0000] {logging_mixin.py:190} INFO - [2025-04-11T20:43:37.641+0000] {dag.py:4180} INFO - Setting next_dagrun for example_bash_decorator to None, run_after=None
[2025-04-11T20:43:37.838+0000] {processor.py:208} INFO - Processing /home/airflow/.local/lib/python3.12/site-packages/airflow/example_dags/example_bash_decorator.py took 0.663 seconds
[2025-04-11T20:44:34.897+0000] {processor.py:186} INFO - Started process (PID=793) to work on /home/airflow/.local/lib/python3.12/site-packages/airflow/example_dags/example_bash_decorator.py
[2025-04-11T20:44:34.908+0000] {processor.py:914} INFO - Processing file /home/airflow/.local/lib/python3.12/site-packages/airflow/example_dags/example_bash_decorator.py for tasks to queue
[2025-04-11T20:44:34.924+0000] {logging_mixin.py:190} INFO - [2025-04-11T20:44:34.923+0000] {dagbag.py:588} INFO - Filling up the DagBag from /home/airflow/.local/lib/python3.12/site-packages/airflow/example_dags/example_bash_decorator.py
[2025-04-11T20:44:35.077+0000] {processor.py:925} INFO - DAG(s) 'example_bash_decorator' retrieved from /home/airflow/.local/lib/python3.12/site-packages/airflow/example_dags/example_bash_decorator.py
[2025-04-11T20:44:35.209+0000] {logging_mixin.py:190} INFO - [2025-04-11T20:44:35.208+0000] {dag.py:3239} INFO - Sync 1 DAGs
[2025-04-11T20:44:35.284+0000] {logging_mixin.py:190} INFO - [2025-04-11T20:44:35.284+0000] {dag.py:4180} INFO - Setting next_dagrun for example_bash_decorator to None, run_after=None
[2025-04-11T20:44:35.418+0000] {processor.py:208} INFO - Processing /home/airflow/.local/lib/python3.12/site-packages/airflow/example_dags/example_bash_decorator.py took 0.588 seconds
[2025-04-11T20:45:05.968+0000] {processor.py:186} INFO - Started process (PID=857) to work on /home/airflow/.local/lib/python3.12/site-packages/airflow/example_dags/example_bash_decorator.py
[2025-04-11T20:45:05.972+0000] {processor.py:914} INFO - Processing file /home/airflow/.local/lib/python3.12/site-packages/airflow/example_dags/example_bash_decorator.py for tasks to queue
[2025-04-11T20:45:05.978+0000] {logging_mixin.py:190} INFO - [2025-04-11T20:45:05.978+0000] {dagbag.py:588} INFO - Filling up the DagBag from /home/airflow/.local/lib/python3.12/site-packages/airflow/example_dags/example_bash_decorator.py
[2025-04-11T20:45:06.013+0000] {processor.py:925} INFO - DAG(s) 'example_bash_decorator' retrieved from /home/airflow/.local/lib/python3.12/site-packages/airflow/example_dags/example_bash_decorator.py
[2025-04-11T20:45:06.093+0000] {logging_mixin.py:190} INFO - [2025-04-11T20:45:06.092+0000] {dag.py:3239} INFO - Sync 1 DAGs
[2025-04-11T20:45:06.126+0000] {logging_mixin.py:190} INFO - [2025-04-11T20:45:06.125+0000] {dag.py:4180} INFO - Setting next_dagrun for example_bash_decorator to None, run_after=None
[2025-04-11T20:45:06.175+0000] {processor.py:208} INFO - Processing /home/airflow/.local/lib/python3.12/site-packages/airflow/example_dags/example_bash_decorator.py took 0.222 seconds
[2025-04-11T20:45:36.279+0000] {processor.py:186} INFO - Started process (PID=919) to work on /home/airflow/.local/lib/python3.12/site-packages/airflow/example_dags/example_bash_decorator.py
[2025-04-11T20:45:36.282+0000] {processor.py:914} INFO - Processing file /home/airflow/.local/lib/python3.12/site-packages/airflow/example_dags/example_bash_decorator.py for tasks to queue
[2025-04-11T20:45:36.287+0000] {logging_mixin.py:190} INFO - [2025-04-11T20:45:36.287+0000] {dagbag.py:588} INFO - Filling up the DagBag from /home/airflow/.local/lib/python3.12/site-packages/airflow/example_dags/example_bash_decorator.py
[2025-04-11T20:45:36.321+0000] {processor.py:925} INFO - DAG(s) 'example_bash_decorator' retrieved from /home/airflow/.local/lib/python3.12/site-packages/airflow/example_dags/example_bash_decorator.py
[2025-04-11T20:45:36.384+0000] {logging_mixin.py:190} INFO - [2025-04-11T20:45:36.384+0000] {dag.py:3239} INFO - Sync 1 DAGs
[2025-04-11T20:45:36.415+0000] {logging_mixin.py:190} INFO - [2025-04-11T20:45:36.415+0000] {dag.py:4180} INFO - Setting next_dagrun for example_bash_decorator to None, run_after=None
[2025-04-11T20:45:36.453+0000] {processor.py:208} INFO - Processing /home/airflow/.local/lib/python3.12/site-packages/airflow/example_dags/example_bash_decorator.py took 0.187 seconds
[2025-04-11T20:47:24.364+0000] {processor.py:186} INFO - Started process (PID=1010) to work on /home/airflow/.local/lib/python3.12/site-packages/airflow/example_dags/example_bash_decorator.py
[2025-04-11T20:47:24.403+0000] {processor.py:914} INFO - Processing file /home/airflow/.local/lib/python3.12/site-packages/airflow/example_dags/example_bash_decorator.py for tasks to queue
[2025-04-11T20:47:24.503+0000] {logging_mixin.py:190} INFO - [2025-04-11T20:47:24.502+0000] {dagbag.py:588} INFO - Filling up the DagBag from /home/airflow/.local/lib/python3.12/site-packages/airflow/example_dags/example_bash_decorator.py
[2025-04-11T20:47:24.674+0000] {processor.py:925} INFO - DAG(s) 'example_bash_decorator' retrieved from /home/airflow/.local/lib/python3.12/site-packages/airflow/example_dags/example_bash_decorator.py
[2025-04-11T20:47:24.973+0000] {logging_mixin.py:190} INFO - [2025-04-11T20:47:24.972+0000] {dag.py:3239} INFO - Sync 1 DAGs
[2025-04-11T20:47:25.232+0000] {logging_mixin.py:190} INFO - [2025-04-11T20:47:25.228+0000] {dag.py:4180} INFO - Setting next_dagrun for example_bash_decorator to None, run_after=None
[2025-04-11T20:47:25.606+0000] {processor.py:208} INFO - Processing /home/airflow/.local/lib/python3.12/site-packages/airflow/example_dags/example_bash_decorator.py took 1.458 seconds
[2025-04-11T20:49:58.657+0000] {processor.py:186} INFO - Started process (PID=1113) to work on /home/airflow/.local/lib/python3.12/site-packages/airflow/example_dags/example_bash_decorator.py
[2025-04-11T20:49:58.663+0000] {processor.py:914} INFO - Processing file /home/airflow/.local/lib/python3.12/site-packages/airflow/example_dags/example_bash_decorator.py for tasks to queue
[2025-04-11T20:49:58.678+0000] {logging_mixin.py:190} INFO - [2025-04-11T20:49:58.677+0000] {dagbag.py:588} INFO - Filling up the DagBag from /home/airflow/.local/lib/python3.12/site-packages/airflow/example_dags/example_bash_decorator.py
[2025-04-11T20:49:58.913+0000] {processor.py:925} INFO - DAG(s) 'example_bash_decorator' retrieved from /home/airflow/.local/lib/python3.12/site-packages/airflow/example_dags/example_bash_decorator.py
[2025-04-11T20:49:59.161+0000] {logging_mixin.py:190} INFO - [2025-04-11T20:49:59.160+0000] {dag.py:3239} INFO - Sync 1 DAGs
[2025-04-11T20:49:59.312+0000] {logging_mixin.py:190} INFO - [2025-04-11T20:49:59.305+0000] {dag.py:4180} INFO - Setting next_dagrun for example_bash_decorator to None, run_after=None
[2025-04-11T20:49:59.452+0000] {processor.py:208} INFO - Processing /home/airflow/.local/lib/python3.12/site-packages/airflow/example_dags/example_bash_decorator.py took 0.860 seconds
[2025-04-11T20:51:06.138+0000] {processor.py:186} INFO - Started process (PID=1205) to work on /home/airflow/.local/lib/python3.12/site-packages/airflow/example_dags/example_bash_decorator.py
[2025-04-11T20:51:06.143+0000] {processor.py:914} INFO - Processing file /home/airflow/.local/lib/python3.12/site-packages/airflow/example_dags/example_bash_decorator.py for tasks to queue
[2025-04-11T20:51:06.163+0000] {logging_mixin.py:190} INFO - [2025-04-11T20:51:06.162+0000] {dagbag.py:588} INFO - Filling up the DagBag from /home/airflow/.local/lib/python3.12/site-packages/airflow/example_dags/example_bash_decorator.py
[2025-04-11T20:51:06.434+0000] {processor.py:925} INFO - DAG(s) 'example_bash_decorator' retrieved from /home/airflow/.local/lib/python3.12/site-packages/airflow/example_dags/example_bash_decorator.py
[2025-04-11T20:51:06.854+0000] {logging_mixin.py:190} INFO - [2025-04-11T20:51:06.853+0000] {dag.py:3239} INFO - Sync 1 DAGs
[2025-04-11T20:51:07.542+0000] {logging_mixin.py:190} INFO - [2025-04-11T20:51:07.538+0000] {dag.py:4180} INFO - Setting next_dagrun for example_bash_decorator to None, run_after=None
[2025-04-11T20:51:07.798+0000] {processor.py:208} INFO - Processing /home/airflow/.local/lib/python3.12/site-packages/airflow/example_dags/example_bash_decorator.py took 1.694 seconds
[2025-04-11T20:52:25.019+0000] {processor.py:186} INFO - Started process (PID=1305) to work on /home/airflow/.local/lib/python3.12/site-packages/airflow/example_dags/example_bash_decorator.py
[2025-04-11T20:52:25.022+0000] {processor.py:914} INFO - Processing file /home/airflow/.local/lib/python3.12/site-packages/airflow/example_dags/example_bash_decorator.py for tasks to queue
[2025-04-11T20:52:25.031+0000] {logging_mixin.py:190} INFO - [2025-04-11T20:52:25.029+0000] {dagbag.py:588} INFO - Filling up the DagBag from /home/airflow/.local/lib/python3.12/site-packages/airflow/example_dags/example_bash_decorator.py
[2025-04-11T20:52:25.069+0000] {processor.py:925} INFO - DAG(s) 'example_bash_decorator' retrieved from /home/airflow/.local/lib/python3.12/site-packages/airflow/example_dags/example_bash_decorator.py
[2025-04-11T20:52:25.217+0000] {logging_mixin.py:190} INFO - [2025-04-11T20:52:25.216+0000] {dag.py:3239} INFO - Sync 1 DAGs
[2025-04-11T20:52:25.273+0000] {logging_mixin.py:190} INFO - [2025-04-11T20:52:25.272+0000] {dag.py:4180} INFO - Setting next_dagrun for example_bash_decorator to None, run_after=None
[2025-04-11T20:52:25.352+0000] {processor.py:208} INFO - Processing /home/airflow/.local/lib/python3.12/site-packages/airflow/example_dags/example_bash_decorator.py took 0.334 seconds
[2025-04-11T20:53:13.593+0000] {processor.py:186} INFO - Started process (PID=1379) to work on /home/airflow/.local/lib/python3.12/site-packages/airflow/example_dags/example_bash_decorator.py
[2025-04-11T20:53:13.598+0000] {processor.py:914} INFO - Processing file /home/airflow/.local/lib/python3.12/site-packages/airflow/example_dags/example_bash_decorator.py for tasks to queue
[2025-04-11T20:53:13.611+0000] {logging_mixin.py:190} INFO - [2025-04-11T20:53:13.611+0000] {dagbag.py:588} INFO - Filling up the DagBag from /home/airflow/.local/lib/python3.12/site-packages/airflow/example_dags/example_bash_decorator.py
[2025-04-11T20:53:13.699+0000] {processor.py:925} INFO - DAG(s) 'example_bash_decorator' retrieved from /home/airflow/.local/lib/python3.12/site-packages/airflow/example_dags/example_bash_decorator.py
[2025-04-11T20:53:13.884+0000] {logging_mixin.py:190} INFO - [2025-04-11T20:53:13.882+0000] {dag.py:3239} INFO - Sync 1 DAGs
[2025-04-11T20:53:14.039+0000] {logging_mixin.py:190} INFO - [2025-04-11T20:53:14.039+0000] {dag.py:4180} INFO - Setting next_dagrun for example_bash_decorator to None, run_after=None
[2025-04-11T20:53:14.606+0000] {processor.py:208} INFO - Processing /home/airflow/.local/lib/python3.12/site-packages/airflow/example_dags/example_bash_decorator.py took 1.043 seconds
