[2025-04-11T19:45:40.362+0000] {processor.py:186} INFO - Started process (PID=105) to work on /home/airflow/.local/lib/python3.12/site-packages/airflow/example_dags/example_python_decorator.py
[2025-04-11T19:45:40.401+0000] {processor.py:914} INFO - Processing file /home/airflow/.local/lib/python3.12/site-packages/airflow/example_dags/example_python_decorator.py for tasks to queue
[2025-04-11T19:45:40.604+0000] {logging_mixin.py:190} INFO - [2025-04-11T19:45:40.598+0000] {dagbag.py:588} INFO - Filling up the DagBag from /home/airflow/.local/lib/python3.12/site-packages/airflow/example_dags/example_python_decorator.py
[2025-04-11T19:45:41.136+0000] {processor.py:925} INFO - DAG(s) 'example_python_decorator' retrieved from /home/airflow/.local/lib/python3.12/site-packages/airflow/example_dags/example_python_decorator.py
[2025-04-11T19:45:42.639+0000] {logging_mixin.py:190} INFO - [2025-04-11T19:45:42.619+0000] {override.py:1912} INFO - Created Permission View: can delete on DAG:example_python_decorator
[2025-04-11T19:45:42.816+0000] {logging_mixin.py:190} INFO - [2025-04-11T19:45:42.809+0000] {override.py:1912} INFO - Created Permission View: can read on DAG:example_python_decorator
[2025-04-11T19:45:42.853+0000] {logging_mixin.py:190} INFO - [2025-04-11T19:45:42.848+0000] {override.py:1912} INFO - Created Permission View: can edit on DAG:example_python_decorator
[2025-04-11T19:45:42.957+0000] {logging_mixin.py:190} INFO - [2025-04-11T19:45:42.956+0000] {override.py:1912} INFO - Created Permission View: can create on DAG Run:example_python_decorator
[2025-04-11T19:45:43.031+0000] {logging_mixin.py:190} INFO - [2025-04-11T19:45:43.030+0000] {override.py:1912} INFO - Created Permission View: can read on DAG Run:example_python_decorator
[2025-04-11T19:45:43.054+0000] {logging_mixin.py:190} INFO - [2025-04-11T19:45:43.053+0000] {override.py:1912} INFO - Created Permission View: can delete on DAG Run:example_python_decorator
[2025-04-11T19:45:43.095+0000] {logging_mixin.py:190} INFO - [2025-04-11T19:45:43.094+0000] {override.py:1912} INFO - Created Permission View: menu access on DAG Run:example_python_decorator
[2025-04-11T19:45:43.099+0000] {logging_mixin.py:190} INFO - [2025-04-11T19:45:43.099+0000] {dag.py:3239} INFO - Sync 1 DAGs
[2025-04-11T19:45:43.287+0000] {logging_mixin.py:190} INFO - [2025-04-11T19:45:43.286+0000] {dag.py:3262} INFO - Creating ORM DAG for example_python_decorator
[2025-04-11T19:45:43.293+0000] {logging_mixin.py:190} INFO - [2025-04-11T19:45:43.292+0000] {dag.py:4180} INFO - Setting next_dagrun for example_python_decorator to None, run_after=None
[2025-04-11T19:45:43.406+0000] {processor.py:208} INFO - Processing /home/airflow/.local/lib/python3.12/site-packages/airflow/example_dags/example_python_decorator.py took 3.245 seconds
[2025-04-11T19:46:54.105+0000] {processor.py:186} INFO - Started process (PID=175) to work on /home/airflow/.local/lib/python3.12/site-packages/airflow/example_dags/example_python_decorator.py
[2025-04-11T19:46:54.108+0000] {processor.py:914} INFO - Processing file /home/airflow/.local/lib/python3.12/site-packages/airflow/example_dags/example_python_decorator.py for tasks to queue
[2025-04-11T19:46:54.115+0000] {logging_mixin.py:190} INFO - [2025-04-11T19:46:54.114+0000] {dagbag.py:588} INFO - Filling up the DagBag from /home/airflow/.local/lib/python3.12/site-packages/airflow/example_dags/example_python_decorator.py
[2025-04-11T19:46:54.157+0000] {processor.py:925} INFO - DAG(s) 'example_python_decorator' retrieved from /home/airflow/.local/lib/python3.12/site-packages/airflow/example_dags/example_python_decorator.py
[2025-04-11T19:46:54.228+0000] {logging_mixin.py:190} INFO - [2025-04-11T19:46:54.228+0000] {dag.py:3239} INFO - Sync 1 DAGs
[2025-04-11T19:46:54.275+0000] {logging_mixin.py:190} INFO - [2025-04-11T19:46:54.274+0000] {dag.py:4180} INFO - Setting next_dagrun for example_python_decorator to None, run_after=None
[2025-04-11T19:46:54.323+0000] {processor.py:208} INFO - Processing /home/airflow/.local/lib/python3.12/site-packages/airflow/example_dags/example_python_decorator.py took 0.240 seconds
[2025-04-11T19:47:36.220+0000] {processor.py:186} INFO - Started process (PID=244) to work on /home/airflow/.local/lib/python3.12/site-packages/airflow/example_dags/example_python_decorator.py
[2025-04-11T19:47:36.235+0000] {processor.py:914} INFO - Processing file /home/airflow/.local/lib/python3.12/site-packages/airflow/example_dags/example_python_decorator.py for tasks to queue
[2025-04-11T19:47:36.309+0000] {logging_mixin.py:190} INFO - [2025-04-11T19:47:36.308+0000] {dagbag.py:588} INFO - Filling up the DagBag from /home/airflow/.local/lib/python3.12/site-packages/airflow/example_dags/example_python_decorator.py
[2025-04-11T19:47:37.001+0000] {processor.py:925} INFO - DAG(s) 'example_python_decorator' retrieved from /home/airflow/.local/lib/python3.12/site-packages/airflow/example_dags/example_python_decorator.py
[2025-04-11T19:47:38.234+0000] {logging_mixin.py:190} INFO - [2025-04-11T19:47:38.233+0000] {dag.py:3239} INFO - Sync 1 DAGs
[2025-04-11T19:47:39.347+0000] {logging_mixin.py:190} INFO - [2025-04-11T19:47:39.347+0000] {dag.py:4180} INFO - Setting next_dagrun for example_python_decorator to None, run_after=None
[2025-04-11T19:47:39.981+0000] {processor.py:208} INFO - Processing /home/airflow/.local/lib/python3.12/site-packages/airflow/example_dags/example_python_decorator.py took 3.825 seconds
[2025-04-11T19:53:09.263+0000] {processor.py:186} INFO - Started process (PID=96) to work on /home/airflow/.local/lib/python3.12/site-packages/airflow/example_dags/example_python_decorator.py
[2025-04-11T19:53:09.278+0000] {processor.py:914} INFO - Processing file /home/airflow/.local/lib/python3.12/site-packages/airflow/example_dags/example_python_decorator.py for tasks to queue
[2025-04-11T19:53:09.299+0000] {logging_mixin.py:190} INFO - [2025-04-11T19:53:09.298+0000] {dagbag.py:588} INFO - Filling up the DagBag from /home/airflow/.local/lib/python3.12/site-packages/airflow/example_dags/example_python_decorator.py
[2025-04-11T19:53:09.522+0000] {processor.py:925} INFO - DAG(s) 'example_python_decorator' retrieved from /home/airflow/.local/lib/python3.12/site-packages/airflow/example_dags/example_python_decorator.py
[2025-04-11T19:53:13.308+0000] {logging_mixin.py:190} INFO - [2025-04-11T19:53:13.307+0000] {dag.py:3239} INFO - Sync 1 DAGs
[2025-04-11T19:53:13.490+0000] {logging_mixin.py:190} INFO - [2025-04-11T19:53:13.478+0000] {dag.py:4180} INFO - Setting next_dagrun for example_python_decorator to None, run_after=None
[2025-04-11T19:53:13.814+0000] {processor.py:208} INFO - Processing /home/airflow/.local/lib/python3.12/site-packages/airflow/example_dags/example_python_decorator.py took 4.668 seconds
[2025-04-11T19:54:24.264+0000] {processor.py:186} INFO - Started process (PID=171) to work on /home/airflow/.local/lib/python3.12/site-packages/airflow/example_dags/example_python_decorator.py
[2025-04-11T19:54:24.275+0000] {processor.py:914} INFO - Processing file /home/airflow/.local/lib/python3.12/site-packages/airflow/example_dags/example_python_decorator.py for tasks to queue
[2025-04-11T19:54:24.288+0000] {logging_mixin.py:190} INFO - [2025-04-11T19:54:24.284+0000] {dagbag.py:588} INFO - Filling up the DagBag from /home/airflow/.local/lib/python3.12/site-packages/airflow/example_dags/example_python_decorator.py
[2025-04-11T19:54:24.383+0000] {processor.py:925} INFO - DAG(s) 'example_python_decorator' retrieved from /home/airflow/.local/lib/python3.12/site-packages/airflow/example_dags/example_python_decorator.py
[2025-04-11T19:54:24.821+0000] {logging_mixin.py:190} INFO - [2025-04-11T19:54:24.817+0000] {dag.py:3239} INFO - Sync 1 DAGs
[2025-04-11T19:54:24.948+0000] {logging_mixin.py:190} INFO - [2025-04-11T19:54:24.947+0000] {dag.py:4180} INFO - Setting next_dagrun for example_python_decorator to None, run_after=None
[2025-04-11T19:54:25.184+0000] {processor.py:208} INFO - Processing /home/airflow/.local/lib/python3.12/site-packages/airflow/example_dags/example_python_decorator.py took 0.977 seconds
[2025-04-11T19:54:55.652+0000] {processor.py:186} INFO - Started process (PID=233) to work on /home/airflow/.local/lib/python3.12/site-packages/airflow/example_dags/example_python_decorator.py
[2025-04-11T19:54:55.655+0000] {processor.py:914} INFO - Processing file /home/airflow/.local/lib/python3.12/site-packages/airflow/example_dags/example_python_decorator.py for tasks to queue
[2025-04-11T19:54:55.663+0000] {logging_mixin.py:190} INFO - [2025-04-11T19:54:55.662+0000] {dagbag.py:588} INFO - Filling up the DagBag from /home/airflow/.local/lib/python3.12/site-packages/airflow/example_dags/example_python_decorator.py
[2025-04-11T19:54:55.703+0000] {processor.py:925} INFO - DAG(s) 'example_python_decorator' retrieved from /home/airflow/.local/lib/python3.12/site-packages/airflow/example_dags/example_python_decorator.py
[2025-04-11T19:54:55.770+0000] {logging_mixin.py:190} INFO - [2025-04-11T19:54:55.769+0000] {dag.py:3239} INFO - Sync 1 DAGs
[2025-04-11T19:54:55.825+0000] {logging_mixin.py:190} INFO - [2025-04-11T19:54:55.824+0000] {dag.py:4180} INFO - Setting next_dagrun for example_python_decorator to None, run_after=None
[2025-04-11T19:54:55.907+0000] {processor.py:208} INFO - Processing /home/airflow/.local/lib/python3.12/site-packages/airflow/example_dags/example_python_decorator.py took 0.267 seconds
[2025-04-11T19:56:03.502+0000] {processor.py:186} INFO - Started process (PID=304) to work on /home/airflow/.local/lib/python3.12/site-packages/airflow/example_dags/example_python_decorator.py
[2025-04-11T19:56:03.520+0000] {processor.py:914} INFO - Processing file /home/airflow/.local/lib/python3.12/site-packages/airflow/example_dags/example_python_decorator.py for tasks to queue
[2025-04-11T19:56:03.555+0000] {logging_mixin.py:190} INFO - [2025-04-11T19:56:03.554+0000] {dagbag.py:588} INFO - Filling up the DagBag from /home/airflow/.local/lib/python3.12/site-packages/airflow/example_dags/example_python_decorator.py
[2025-04-11T19:56:03.752+0000] {processor.py:925} INFO - DAG(s) 'example_python_decorator' retrieved from /home/airflow/.local/lib/python3.12/site-packages/airflow/example_dags/example_python_decorator.py
[2025-04-11T19:56:03.855+0000] {logging_mixin.py:190} INFO - [2025-04-11T19:56:03.855+0000] {dag.py:3239} INFO - Sync 1 DAGs
[2025-04-11T19:56:03.929+0000] {logging_mixin.py:190} INFO - [2025-04-11T19:56:03.928+0000] {dag.py:4180} INFO - Setting next_dagrun for example_python_decorator to None, run_after=None
[2025-04-11T19:56:03.990+0000] {processor.py:208} INFO - Processing /home/airflow/.local/lib/python3.12/site-packages/airflow/example_dags/example_python_decorator.py took 0.613 seconds
[2025-04-11T19:56:35.058+0000] {processor.py:186} INFO - Started process (PID=367) to work on /home/airflow/.local/lib/python3.12/site-packages/airflow/example_dags/example_python_decorator.py
[2025-04-11T19:56:35.073+0000] {processor.py:914} INFO - Processing file /home/airflow/.local/lib/python3.12/site-packages/airflow/example_dags/example_python_decorator.py for tasks to queue
[2025-04-11T19:56:35.080+0000] {logging_mixin.py:190} INFO - [2025-04-11T19:56:35.080+0000] {dagbag.py:588} INFO - Filling up the DagBag from /home/airflow/.local/lib/python3.12/site-packages/airflow/example_dags/example_python_decorator.py
[2025-04-11T19:56:35.129+0000] {processor.py:925} INFO - DAG(s) 'example_python_decorator' retrieved from /home/airflow/.local/lib/python3.12/site-packages/airflow/example_dags/example_python_decorator.py
[2025-04-11T19:56:35.205+0000] {logging_mixin.py:190} INFO - [2025-04-11T19:56:35.204+0000] {dag.py:3239} INFO - Sync 1 DAGs
[2025-04-11T19:56:35.266+0000] {logging_mixin.py:190} INFO - [2025-04-11T19:56:35.265+0000] {dag.py:4180} INFO - Setting next_dagrun for example_python_decorator to None, run_after=None
[2025-04-11T19:56:35.358+0000] {processor.py:208} INFO - Processing /home/airflow/.local/lib/python3.12/site-packages/airflow/example_dags/example_python_decorator.py took 0.327 seconds
[2025-04-11T19:59:22.560+0000] {processor.py:186} INFO - Started process (PID=85) to work on /home/airflow/.local/lib/python3.12/site-packages/airflow/example_dags/example_python_decorator.py
[2025-04-11T19:59:22.576+0000] {processor.py:914} INFO - Processing file /home/airflow/.local/lib/python3.12/site-packages/airflow/example_dags/example_python_decorator.py for tasks to queue
[2025-04-11T19:59:22.791+0000] {logging_mixin.py:190} INFO - [2025-04-11T19:59:22.790+0000] {dagbag.py:588} INFO - Filling up the DagBag from /home/airflow/.local/lib/python3.12/site-packages/airflow/example_dags/example_python_decorator.py
[2025-04-11T19:59:22.894+0000] {processor.py:925} INFO - DAG(s) 'example_python_decorator' retrieved from /home/airflow/.local/lib/python3.12/site-packages/airflow/example_dags/example_python_decorator.py
[2025-04-11T19:59:23.383+0000] {logging_mixin.py:190} INFO - [2025-04-11T19:59:23.382+0000] {dag.py:3239} INFO - Sync 1 DAGs
[2025-04-11T19:59:23.448+0000] {logging_mixin.py:190} INFO - [2025-04-11T19:59:23.444+0000] {dag.py:4180} INFO - Setting next_dagrun for example_python_decorator to None, run_after=None
[2025-04-11T19:59:23.561+0000] {processor.py:208} INFO - Processing /home/airflow/.local/lib/python3.12/site-packages/airflow/example_dags/example_python_decorator.py took 1.034 seconds
[2025-04-11T20:00:09.110+0000] {processor.py:186} INFO - Started process (PID=155) to work on /home/airflow/.local/lib/python3.12/site-packages/airflow/example_dags/example_python_decorator.py
[2025-04-11T20:00:09.117+0000] {processor.py:914} INFO - Processing file /home/airflow/.local/lib/python3.12/site-packages/airflow/example_dags/example_python_decorator.py for tasks to queue
[2025-04-11T20:00:09.130+0000] {logging_mixin.py:190} INFO - [2025-04-11T20:00:09.129+0000] {dagbag.py:588} INFO - Filling up the DagBag from /home/airflow/.local/lib/python3.12/site-packages/airflow/example_dags/example_python_decorator.py
[2025-04-11T20:00:09.172+0000] {processor.py:925} INFO - DAG(s) 'example_python_decorator' retrieved from /home/airflow/.local/lib/python3.12/site-packages/airflow/example_dags/example_python_decorator.py
[2025-04-11T20:00:09.263+0000] {logging_mixin.py:190} INFO - [2025-04-11T20:00:09.263+0000] {dag.py:3239} INFO - Sync 1 DAGs
[2025-04-11T20:00:09.311+0000] {logging_mixin.py:190} INFO - [2025-04-11T20:00:09.311+0000] {dag.py:4180} INFO - Setting next_dagrun for example_python_decorator to None, run_after=None
[2025-04-11T20:00:09.367+0000] {processor.py:208} INFO - Processing /home/airflow/.local/lib/python3.12/site-packages/airflow/example_dags/example_python_decorator.py took 0.291 seconds
[2025-04-11T20:09:57.941+0000] {processor.py:186} INFO - Started process (PID=117) to work on /home/airflow/.local/lib/python3.12/site-packages/airflow/example_dags/example_python_decorator.py
[2025-04-11T20:09:57.971+0000] {processor.py:914} INFO - Processing file /home/airflow/.local/lib/python3.12/site-packages/airflow/example_dags/example_python_decorator.py for tasks to queue
[2025-04-11T20:09:58.072+0000] {logging_mixin.py:190} INFO - [2025-04-11T20:09:58.066+0000] {dagbag.py:588} INFO - Filling up the DagBag from /home/airflow/.local/lib/python3.12/site-packages/airflow/example_dags/example_python_decorator.py
[2025-04-11T20:09:58.298+0000] {processor.py:925} INFO - DAG(s) 'example_python_decorator' retrieved from /home/airflow/.local/lib/python3.12/site-packages/airflow/example_dags/example_python_decorator.py
[2025-04-11T20:10:05.241+0000] {logging_mixin.py:190} INFO - [2025-04-11T20:10:05.240+0000] {dag.py:3239} INFO - Sync 1 DAGs
[2025-04-11T20:10:05.541+0000] {logging_mixin.py:190} INFO - [2025-04-11T20:10:05.540+0000] {dag.py:4180} INFO - Setting next_dagrun for example_python_decorator to None, run_after=None
[2025-04-11T20:10:06.158+0000] {processor.py:208} INFO - Processing /home/airflow/.local/lib/python3.12/site-packages/airflow/example_dags/example_python_decorator.py took 8.380 seconds
[2025-04-11T20:13:55.756+0000] {processor.py:186} INFO - Started process (PID=100) to work on /home/airflow/.local/lib/python3.12/site-packages/airflow/example_dags/example_python_decorator.py
[2025-04-11T20:13:55.768+0000] {processor.py:914} INFO - Processing file /home/airflow/.local/lib/python3.12/site-packages/airflow/example_dags/example_python_decorator.py for tasks to queue
[2025-04-11T20:13:55.807+0000] {logging_mixin.py:190} INFO - [2025-04-11T20:13:55.804+0000] {dagbag.py:588} INFO - Filling up the DagBag from /home/airflow/.local/lib/python3.12/site-packages/airflow/example_dags/example_python_decorator.py
[2025-04-11T20:13:56.087+0000] {processor.py:925} INFO - DAG(s) 'example_python_decorator' retrieved from /home/airflow/.local/lib/python3.12/site-packages/airflow/example_dags/example_python_decorator.py
[2025-04-11T20:13:57.721+0000] {logging_mixin.py:190} INFO - [2025-04-11T20:13:57.721+0000] {dag.py:3239} INFO - Sync 1 DAGs
[2025-04-11T20:13:57.857+0000] {logging_mixin.py:190} INFO - [2025-04-11T20:13:57.850+0000] {dag.py:4180} INFO - Setting next_dagrun for example_python_decorator to None, run_after=None
[2025-04-11T20:13:57.961+0000] {processor.py:208} INFO - Processing /home/airflow/.local/lib/python3.12/site-packages/airflow/example_dags/example_python_decorator.py took 2.316 seconds
[2025-04-11T20:15:31.121+0000] {processor.py:186} INFO - Started process (PID=176) to work on /home/airflow/.local/lib/python3.12/site-packages/airflow/example_dags/example_python_decorator.py
[2025-04-11T20:15:31.193+0000] {processor.py:914} INFO - Processing file /home/airflow/.local/lib/python3.12/site-packages/airflow/example_dags/example_python_decorator.py for tasks to queue
[2025-04-11T20:15:31.269+0000] {logging_mixin.py:190} INFO - [2025-04-11T20:15:31.229+0000] {dagbag.py:588} INFO - Filling up the DagBag from /home/airflow/.local/lib/python3.12/site-packages/airflow/example_dags/example_python_decorator.py
[2025-04-11T20:15:31.503+0000] {processor.py:925} INFO - DAG(s) 'example_python_decorator' retrieved from /home/airflow/.local/lib/python3.12/site-packages/airflow/example_dags/example_python_decorator.py
[2025-04-11T20:15:31.646+0000] {logging_mixin.py:190} INFO - [2025-04-11T20:15:31.645+0000] {dag.py:3239} INFO - Sync 1 DAGs
[2025-04-11T20:15:31.748+0000] {logging_mixin.py:190} INFO - [2025-04-11T20:15:31.748+0000] {dag.py:4180} INFO - Setting next_dagrun for example_python_decorator to None, run_after=None
[2025-04-11T20:15:31.901+0000] {processor.py:208} INFO - Processing /home/airflow/.local/lib/python3.12/site-packages/airflow/example_dags/example_python_decorator.py took 0.891 seconds
[2025-04-11T20:16:23.009+0000] {processor.py:186} INFO - Started process (PID=240) to work on /home/airflow/.local/lib/python3.12/site-packages/airflow/example_dags/example_python_decorator.py
[2025-04-11T20:16:23.015+0000] {processor.py:914} INFO - Processing file /home/airflow/.local/lib/python3.12/site-packages/airflow/example_dags/example_python_decorator.py for tasks to queue
[2025-04-11T20:16:23.032+0000] {logging_mixin.py:190} INFO - [2025-04-11T20:16:23.031+0000] {dagbag.py:588} INFO - Filling up the DagBag from /home/airflow/.local/lib/python3.12/site-packages/airflow/example_dags/example_python_decorator.py
[2025-04-11T20:16:23.080+0000] {processor.py:925} INFO - DAG(s) 'example_python_decorator' retrieved from /home/airflow/.local/lib/python3.12/site-packages/airflow/example_dags/example_python_decorator.py
[2025-04-11T20:16:23.188+0000] {logging_mixin.py:190} INFO - [2025-04-11T20:16:23.188+0000] {dag.py:3239} INFO - Sync 1 DAGs
[2025-04-11T20:16:23.235+0000] {logging_mixin.py:190} INFO - [2025-04-11T20:16:23.235+0000] {dag.py:4180} INFO - Setting next_dagrun for example_python_decorator to None, run_after=None
[2025-04-11T20:16:23.320+0000] {processor.py:208} INFO - Processing /home/airflow/.local/lib/python3.12/site-packages/airflow/example_dags/example_python_decorator.py took 0.324 seconds
[2025-04-11T20:16:59.788+0000] {processor.py:186} INFO - Started process (PID=310) to work on /home/airflow/.local/lib/python3.12/site-packages/airflow/example_dags/example_python_decorator.py
[2025-04-11T20:16:59.794+0000] {processor.py:914} INFO - Processing file /home/airflow/.local/lib/python3.12/site-packages/airflow/example_dags/example_python_decorator.py for tasks to queue
[2025-04-11T20:16:59.827+0000] {logging_mixin.py:190} INFO - [2025-04-11T20:16:59.826+0000] {dagbag.py:588} INFO - Filling up the DagBag from /home/airflow/.local/lib/python3.12/site-packages/airflow/example_dags/example_python_decorator.py
[2025-04-11T20:16:59.983+0000] {processor.py:925} INFO - DAG(s) 'example_python_decorator' retrieved from /home/airflow/.local/lib/python3.12/site-packages/airflow/example_dags/example_python_decorator.py
[2025-04-11T20:17:00.146+0000] {logging_mixin.py:190} INFO - [2025-04-11T20:17:00.145+0000] {dag.py:3239} INFO - Sync 1 DAGs
[2025-04-11T20:17:00.229+0000] {logging_mixin.py:190} INFO - [2025-04-11T20:17:00.229+0000] {dag.py:4180} INFO - Setting next_dagrun for example_python_decorator to None, run_after=None
[2025-04-11T20:17:00.303+0000] {processor.py:208} INFO - Processing /home/airflow/.local/lib/python3.12/site-packages/airflow/example_dags/example_python_decorator.py took 0.560 seconds
[2025-04-11T20:17:33.011+0000] {processor.py:186} INFO - Started process (PID=374) to work on /home/airflow/.local/lib/python3.12/site-packages/airflow/example_dags/example_python_decorator.py
[2025-04-11T20:17:33.014+0000] {processor.py:914} INFO - Processing file /home/airflow/.local/lib/python3.12/site-packages/airflow/example_dags/example_python_decorator.py for tasks to queue
[2025-04-11T20:17:33.019+0000] {logging_mixin.py:190} INFO - [2025-04-11T20:17:33.019+0000] {dagbag.py:588} INFO - Filling up the DagBag from /home/airflow/.local/lib/python3.12/site-packages/airflow/example_dags/example_python_decorator.py
[2025-04-11T20:17:33.057+0000] {processor.py:925} INFO - DAG(s) 'example_python_decorator' retrieved from /home/airflow/.local/lib/python3.12/site-packages/airflow/example_dags/example_python_decorator.py
[2025-04-11T20:17:33.126+0000] {logging_mixin.py:190} INFO - [2025-04-11T20:17:33.125+0000] {dag.py:3239} INFO - Sync 1 DAGs
[2025-04-11T20:17:33.164+0000] {logging_mixin.py:190} INFO - [2025-04-11T20:17:33.163+0000] {dag.py:4180} INFO - Setting next_dagrun for example_python_decorator to None, run_after=None
[2025-04-11T20:17:33.264+0000] {processor.py:208} INFO - Processing /home/airflow/.local/lib/python3.12/site-packages/airflow/example_dags/example_python_decorator.py took 0.265 seconds
[2025-04-11T20:18:10.157+0000] {processor.py:186} INFO - Started process (PID=423) to work on /home/airflow/.local/lib/python3.12/site-packages/airflow/example_dags/example_python_decorator.py
[2025-04-11T20:18:10.167+0000] {processor.py:914} INFO - Processing file /home/airflow/.local/lib/python3.12/site-packages/airflow/example_dags/example_python_decorator.py for tasks to queue
[2025-04-11T20:18:10.197+0000] {logging_mixin.py:190} INFO - [2025-04-11T20:18:10.196+0000] {dagbag.py:588} INFO - Filling up the DagBag from /home/airflow/.local/lib/python3.12/site-packages/airflow/example_dags/example_python_decorator.py
[2025-04-11T20:18:11.148+0000] {processor.py:925} INFO - DAG(s) 'example_python_decorator' retrieved from /home/airflow/.local/lib/python3.12/site-packages/airflow/example_dags/example_python_decorator.py
[2025-04-11T20:18:11.863+0000] {logging_mixin.py:190} INFO - [2025-04-11T20:18:11.863+0000] {dag.py:3239} INFO - Sync 1 DAGs
[2025-04-11T20:23:25.113+0000] {processor.py:186} INFO - Started process (PID=103) to work on /home/airflow/.local/lib/python3.12/site-packages/airflow/example_dags/example_python_decorator.py
[2025-04-11T20:23:25.141+0000] {processor.py:914} INFO - Processing file /home/airflow/.local/lib/python3.12/site-packages/airflow/example_dags/example_python_decorator.py for tasks to queue
[2025-04-11T20:23:25.208+0000] {logging_mixin.py:190} INFO - [2025-04-11T20:23:25.195+0000] {dagbag.py:588} INFO - Filling up the DagBag from /home/airflow/.local/lib/python3.12/site-packages/airflow/example_dags/example_python_decorator.py
[2025-04-11T20:23:26.289+0000] {processor.py:925} INFO - DAG(s) 'example_python_decorator' retrieved from /home/airflow/.local/lib/python3.12/site-packages/airflow/example_dags/example_python_decorator.py
[2025-04-11T20:23:29.919+0000] {logging_mixin.py:190} INFO - [2025-04-11T20:23:29.861+0000] {override.py:1912} INFO - Created Permission View: can read on DAG:example_python_decorator
[2025-04-11T20:23:30.339+0000] {logging_mixin.py:190} INFO - [2025-04-11T20:23:30.338+0000] {override.py:1912} INFO - Created Permission View: can edit on DAG:example_python_decorator
[2025-04-11T20:23:30.463+0000] {logging_mixin.py:190} INFO - [2025-04-11T20:23:30.463+0000] {override.py:1912} INFO - Created Permission View: can delete on DAG:example_python_decorator
[2025-04-11T20:23:30.544+0000] {logging_mixin.py:190} INFO - [2025-04-11T20:23:30.543+0000] {override.py:1912} INFO - Created Permission View: can create on DAG Run:example_python_decorator
[2025-04-11T20:23:30.637+0000] {logging_mixin.py:190} INFO - [2025-04-11T20:23:30.636+0000] {override.py:1912} INFO - Created Permission View: can read on DAG Run:example_python_decorator
[2025-04-11T20:23:30.749+0000] {logging_mixin.py:190} INFO - [2025-04-11T20:23:30.748+0000] {override.py:1912} INFO - Created Permission View: can delete on DAG Run:example_python_decorator
[2025-04-11T20:23:30.846+0000] {logging_mixin.py:190} INFO - [2025-04-11T20:23:30.846+0000] {override.py:1912} INFO - Created Permission View: menu access on DAG Run:example_python_decorator
[2025-04-11T20:23:30.848+0000] {logging_mixin.py:190} INFO - [2025-04-11T20:23:30.847+0000] {dag.py:3239} INFO - Sync 1 DAGs
[2025-04-11T20:23:30.935+0000] {logging_mixin.py:190} INFO - [2025-04-11T20:23:30.935+0000] {dag.py:3262} INFO - Creating ORM DAG for example_python_decorator
[2025-04-11T20:23:30.952+0000] {logging_mixin.py:190} INFO - [2025-04-11T20:23:30.952+0000] {dag.py:4180} INFO - Setting next_dagrun for example_python_decorator to None, run_after=None
[2025-04-11T20:23:31.100+0000] {processor.py:208} INFO - Processing /home/airflow/.local/lib/python3.12/site-packages/airflow/example_dags/example_python_decorator.py took 6.197 seconds
[2025-04-11T20:24:54.192+0000] {processor.py:186} INFO - Started process (PID=179) to work on /home/airflow/.local/lib/python3.12/site-packages/airflow/example_dags/example_python_decorator.py
[2025-04-11T20:24:54.197+0000] {processor.py:914} INFO - Processing file /home/airflow/.local/lib/python3.12/site-packages/airflow/example_dags/example_python_decorator.py for tasks to queue
[2025-04-11T20:24:54.218+0000] {logging_mixin.py:190} INFO - [2025-04-11T20:24:54.217+0000] {dagbag.py:588} INFO - Filling up the DagBag from /home/airflow/.local/lib/python3.12/site-packages/airflow/example_dags/example_python_decorator.py
[2025-04-11T20:24:54.383+0000] {processor.py:925} INFO - DAG(s) 'example_python_decorator' retrieved from /home/airflow/.local/lib/python3.12/site-packages/airflow/example_dags/example_python_decorator.py
[2025-04-11T20:24:54.697+0000] {logging_mixin.py:190} INFO - [2025-04-11T20:24:54.696+0000] {dag.py:3239} INFO - Sync 1 DAGs
[2025-04-11T20:24:54.828+0000] {logging_mixin.py:190} INFO - [2025-04-11T20:24:54.827+0000] {dag.py:4180} INFO - Setting next_dagrun for example_python_decorator to None, run_after=None
[2025-04-11T20:24:54.988+0000] {processor.py:208} INFO - Processing /home/airflow/.local/lib/python3.12/site-packages/airflow/example_dags/example_python_decorator.py took 0.904 seconds
[2025-04-11T20:25:25.750+0000] {processor.py:186} INFO - Started process (PID=242) to work on /home/airflow/.local/lib/python3.12/site-packages/airflow/example_dags/example_python_decorator.py
[2025-04-11T20:25:25.753+0000] {processor.py:914} INFO - Processing file /home/airflow/.local/lib/python3.12/site-packages/airflow/example_dags/example_python_decorator.py for tasks to queue
[2025-04-11T20:25:25.759+0000] {logging_mixin.py:190} INFO - [2025-04-11T20:25:25.758+0000] {dagbag.py:588} INFO - Filling up the DagBag from /home/airflow/.local/lib/python3.12/site-packages/airflow/example_dags/example_python_decorator.py
[2025-04-11T20:25:25.804+0000] {processor.py:925} INFO - DAG(s) 'example_python_decorator' retrieved from /home/airflow/.local/lib/python3.12/site-packages/airflow/example_dags/example_python_decorator.py
[2025-04-11T20:25:25.890+0000] {logging_mixin.py:190} INFO - [2025-04-11T20:25:25.890+0000] {dag.py:3239} INFO - Sync 1 DAGs
[2025-04-11T20:25:25.952+0000] {logging_mixin.py:190} INFO - [2025-04-11T20:25:25.951+0000] {dag.py:4180} INFO - Setting next_dagrun for example_python_decorator to None, run_after=None
[2025-04-11T20:25:26.003+0000] {processor.py:208} INFO - Processing /home/airflow/.local/lib/python3.12/site-packages/airflow/example_dags/example_python_decorator.py took 0.318 seconds
[2025-04-11T20:28:29.328+0000] {processor.py:186} INFO - Started process (PID=86) to work on /home/airflow/.local/lib/python3.12/site-packages/airflow/example_dags/example_python_decorator.py
[2025-04-11T20:28:29.332+0000] {processor.py:914} INFO - Processing file /home/airflow/.local/lib/python3.12/site-packages/airflow/example_dags/example_python_decorator.py for tasks to queue
[2025-04-11T20:28:29.351+0000] {logging_mixin.py:190} INFO - [2025-04-11T20:28:29.349+0000] {dagbag.py:588} INFO - Filling up the DagBag from /home/airflow/.local/lib/python3.12/site-packages/airflow/example_dags/example_python_decorator.py
[2025-04-11T20:28:29.441+0000] {processor.py:925} INFO - DAG(s) 'example_python_decorator' retrieved from /home/airflow/.local/lib/python3.12/site-packages/airflow/example_dags/example_python_decorator.py
[2025-04-11T20:28:30.165+0000] {logging_mixin.py:190} INFO - [2025-04-11T20:28:30.165+0000] {dag.py:3239} INFO - Sync 1 DAGs
[2025-04-11T20:28:30.430+0000] {logging_mixin.py:190} INFO - [2025-04-11T20:28:30.420+0000] {dag.py:4180} INFO - Setting next_dagrun for example_python_decorator to None, run_after=None
[2025-04-11T20:28:30.523+0000] {processor.py:208} INFO - Processing /home/airflow/.local/lib/python3.12/site-packages/airflow/example_dags/example_python_decorator.py took 1.227 seconds
[2025-04-11T20:29:01.451+0000] {processor.py:186} INFO - Started process (PID=148) to work on /home/airflow/.local/lib/python3.12/site-packages/airflow/example_dags/example_python_decorator.py
[2025-04-11T20:29:01.468+0000] {processor.py:914} INFO - Processing file /home/airflow/.local/lib/python3.12/site-packages/airflow/example_dags/example_python_decorator.py for tasks to queue
[2025-04-11T20:29:01.541+0000] {logging_mixin.py:190} INFO - [2025-04-11T20:29:01.540+0000] {dagbag.py:588} INFO - Filling up the DagBag from /home/airflow/.local/lib/python3.12/site-packages/airflow/example_dags/example_python_decorator.py
[2025-04-11T20:29:01.727+0000] {processor.py:925} INFO - DAG(s) 'example_python_decorator' retrieved from /home/airflow/.local/lib/python3.12/site-packages/airflow/example_dags/example_python_decorator.py
[2025-04-11T20:29:01.967+0000] {logging_mixin.py:190} INFO - [2025-04-11T20:29:01.965+0000] {dag.py:3239} INFO - Sync 1 DAGs
[2025-04-11T20:29:02.059+0000] {logging_mixin.py:190} INFO - [2025-04-11T20:29:02.058+0000] {dag.py:4180} INFO - Setting next_dagrun for example_python_decorator to None, run_after=None
[2025-04-11T20:29:02.115+0000] {processor.py:208} INFO - Processing /home/airflow/.local/lib/python3.12/site-packages/airflow/example_dags/example_python_decorator.py took 0.850 seconds
[2025-04-11T20:29:32.914+0000] {processor.py:186} INFO - Started process (PID=210) to work on /home/airflow/.local/lib/python3.12/site-packages/airflow/example_dags/example_python_decorator.py
[2025-04-11T20:29:32.917+0000] {processor.py:914} INFO - Processing file /home/airflow/.local/lib/python3.12/site-packages/airflow/example_dags/example_python_decorator.py for tasks to queue
[2025-04-11T20:29:32.923+0000] {logging_mixin.py:190} INFO - [2025-04-11T20:29:32.922+0000] {dagbag.py:588} INFO - Filling up the DagBag from /home/airflow/.local/lib/python3.12/site-packages/airflow/example_dags/example_python_decorator.py
[2025-04-11T20:29:32.962+0000] {processor.py:925} INFO - DAG(s) 'example_python_decorator' retrieved from /home/airflow/.local/lib/python3.12/site-packages/airflow/example_dags/example_python_decorator.py
[2025-04-11T20:29:33.028+0000] {logging_mixin.py:190} INFO - [2025-04-11T20:29:33.027+0000] {dag.py:3239} INFO - Sync 1 DAGs
[2025-04-11T20:29:33.067+0000] {logging_mixin.py:190} INFO - [2025-04-11T20:29:33.066+0000] {dag.py:4180} INFO - Setting next_dagrun for example_python_decorator to None, run_after=None
[2025-04-11T20:29:33.118+0000] {processor.py:208} INFO - Processing /home/airflow/.local/lib/python3.12/site-packages/airflow/example_dags/example_python_decorator.py took 0.219 seconds
[2025-04-11T20:30:37.932+0000] {processor.py:186} INFO - Started process (PID=274) to work on /home/airflow/.local/lib/python3.12/site-packages/airflow/example_dags/example_python_decorator.py
[2025-04-11T20:30:37.935+0000] {processor.py:914} INFO - Processing file /home/airflow/.local/lib/python3.12/site-packages/airflow/example_dags/example_python_decorator.py for tasks to queue
[2025-04-11T20:30:37.951+0000] {logging_mixin.py:190} INFO - [2025-04-11T20:30:37.947+0000] {dagbag.py:588} INFO - Filling up the DagBag from /home/airflow/.local/lib/python3.12/site-packages/airflow/example_dags/example_python_decorator.py
[2025-04-11T20:30:38.006+0000] {processor.py:925} INFO - DAG(s) 'example_python_decorator' retrieved from /home/airflow/.local/lib/python3.12/site-packages/airflow/example_dags/example_python_decorator.py
[2025-04-11T20:30:38.067+0000] {logging_mixin.py:190} INFO - [2025-04-11T20:30:38.066+0000] {dag.py:3239} INFO - Sync 1 DAGs
[2025-04-11T20:30:38.112+0000] {logging_mixin.py:190} INFO - [2025-04-11T20:30:38.112+0000] {dag.py:4180} INFO - Setting next_dagrun for example_python_decorator to None, run_after=None
[2025-04-11T20:30:38.163+0000] {processor.py:208} INFO - Processing /home/airflow/.local/lib/python3.12/site-packages/airflow/example_dags/example_python_decorator.py took 0.266 seconds
[2025-04-11T20:31:18.061+0000] {processor.py:186} INFO - Started process (PID=337) to work on /home/airflow/.local/lib/python3.12/site-packages/airflow/example_dags/example_python_decorator.py
[2025-04-11T20:31:18.064+0000] {processor.py:914} INFO - Processing file /home/airflow/.local/lib/python3.12/site-packages/airflow/example_dags/example_python_decorator.py for tasks to queue
[2025-04-11T20:31:18.083+0000] {logging_mixin.py:190} INFO - [2025-04-11T20:31:18.079+0000] {dagbag.py:588} INFO - Filling up the DagBag from /home/airflow/.local/lib/python3.12/site-packages/airflow/example_dags/example_python_decorator.py
[2025-04-11T20:31:18.175+0000] {processor.py:925} INFO - DAG(s) 'example_python_decorator' retrieved from /home/airflow/.local/lib/python3.12/site-packages/airflow/example_dags/example_python_decorator.py
[2025-04-11T20:31:18.351+0000] {logging_mixin.py:190} INFO - [2025-04-11T20:31:18.350+0000] {dag.py:3239} INFO - Sync 1 DAGs
[2025-04-11T20:31:18.445+0000] {logging_mixin.py:190} INFO - [2025-04-11T20:31:18.445+0000] {dag.py:4180} INFO - Setting next_dagrun for example_python_decorator to None, run_after=None
[2025-04-11T20:31:18.545+0000] {processor.py:208} INFO - Processing /home/airflow/.local/lib/python3.12/site-packages/airflow/example_dags/example_python_decorator.py took 0.508 seconds
[2025-04-11T20:31:49.210+0000] {processor.py:186} INFO - Started process (PID=400) to work on /home/airflow/.local/lib/python3.12/site-packages/airflow/example_dags/example_python_decorator.py
[2025-04-11T20:31:49.215+0000] {processor.py:914} INFO - Processing file /home/airflow/.local/lib/python3.12/site-packages/airflow/example_dags/example_python_decorator.py for tasks to queue
[2025-04-11T20:31:49.224+0000] {logging_mixin.py:190} INFO - [2025-04-11T20:31:49.224+0000] {dagbag.py:588} INFO - Filling up the DagBag from /home/airflow/.local/lib/python3.12/site-packages/airflow/example_dags/example_python_decorator.py
[2025-04-11T20:31:49.527+0000] {processor.py:925} INFO - DAG(s) 'example_python_decorator' retrieved from /home/airflow/.local/lib/python3.12/site-packages/airflow/example_dags/example_python_decorator.py
[2025-04-11T20:31:49.759+0000] {logging_mixin.py:190} INFO - [2025-04-11T20:31:49.758+0000] {dag.py:3239} INFO - Sync 1 DAGs
[2025-04-11T20:31:49.852+0000] {logging_mixin.py:190} INFO - [2025-04-11T20:31:49.851+0000] {dag.py:4180} INFO - Setting next_dagrun for example_python_decorator to None, run_after=None
[2025-04-11T20:31:49.940+0000] {processor.py:208} INFO - Processing /home/airflow/.local/lib/python3.12/site-packages/airflow/example_dags/example_python_decorator.py took 0.761 seconds
[2025-04-11T20:32:26.945+0000] {processor.py:186} INFO - Started process (PID=471) to work on /home/airflow/.local/lib/python3.12/site-packages/airflow/example_dags/example_python_decorator.py
[2025-04-11T20:32:26.954+0000] {processor.py:914} INFO - Processing file /home/airflow/.local/lib/python3.12/site-packages/airflow/example_dags/example_python_decorator.py for tasks to queue
[2025-04-11T20:32:27.013+0000] {logging_mixin.py:190} INFO - [2025-04-11T20:32:27.012+0000] {dagbag.py:588} INFO - Filling up the DagBag from /home/airflow/.local/lib/python3.12/site-packages/airflow/example_dags/example_python_decorator.py
[2025-04-11T20:32:27.317+0000] {processor.py:925} INFO - DAG(s) 'example_python_decorator' retrieved from /home/airflow/.local/lib/python3.12/site-packages/airflow/example_dags/example_python_decorator.py
[2025-04-11T20:32:27.512+0000] {logging_mixin.py:190} INFO - [2025-04-11T20:32:27.512+0000] {dag.py:3239} INFO - Sync 1 DAGs
[2025-04-11T20:32:27.662+0000] {logging_mixin.py:190} INFO - [2025-04-11T20:32:27.662+0000] {dag.py:4180} INFO - Setting next_dagrun for example_python_decorator to None, run_after=None
[2025-04-11T20:32:28.767+0000] {processor.py:208} INFO - Processing /home/airflow/.local/lib/python3.12/site-packages/airflow/example_dags/example_python_decorator.py took 2.430 seconds
[2025-04-11T20:33:11.329+0000] {processor.py:186} INFO - Started process (PID=521) to work on /home/airflow/.local/lib/python3.12/site-packages/airflow/example_dags/example_python_decorator.py
[2025-04-11T20:33:11.365+0000] {processor.py:914} INFO - Processing file /home/airflow/.local/lib/python3.12/site-packages/airflow/example_dags/example_python_decorator.py for tasks to queue
[2025-04-11T20:33:11.423+0000] {logging_mixin.py:190} INFO - [2025-04-11T20:33:11.419+0000] {dagbag.py:588} INFO - Filling up the DagBag from /home/airflow/.local/lib/python3.12/site-packages/airflow/example_dags/example_python_decorator.py
[2025-04-11T20:33:11.845+0000] {processor.py:925} INFO - DAG(s) 'example_python_decorator' retrieved from /home/airflow/.local/lib/python3.12/site-packages/airflow/example_dags/example_python_decorator.py
[2025-04-11T20:33:12.313+0000] {logging_mixin.py:190} INFO - [2025-04-11T20:33:12.313+0000] {dag.py:3239} INFO - Sync 1 DAGs
[2025-04-11T20:33:12.904+0000] {logging_mixin.py:190} INFO - [2025-04-11T20:33:12.896+0000] {dag.py:4180} INFO - Setting next_dagrun for example_python_decorator to None, run_after=None
[2025-04-11T20:33:13.275+0000] {processor.py:208} INFO - Processing /home/airflow/.local/lib/python3.12/site-packages/airflow/example_dags/example_python_decorator.py took 2.050 seconds
[2025-04-11T20:35:48.299+0000] {processor.py:186} INFO - Started process (PID=89) to work on /home/airflow/.local/lib/python3.12/site-packages/airflow/example_dags/example_python_decorator.py
[2025-04-11T20:35:48.327+0000] {processor.py:914} INFO - Processing file /home/airflow/.local/lib/python3.12/site-packages/airflow/example_dags/example_python_decorator.py for tasks to queue
[2025-04-11T20:35:48.370+0000] {logging_mixin.py:190} INFO - [2025-04-11T20:35:48.370+0000] {dagbag.py:588} INFO - Filling up the DagBag from /home/airflow/.local/lib/python3.12/site-packages/airflow/example_dags/example_python_decorator.py
[2025-04-11T20:35:48.480+0000] {processor.py:925} INFO - DAG(s) 'example_python_decorator' retrieved from /home/airflow/.local/lib/python3.12/site-packages/airflow/example_dags/example_python_decorator.py
[2025-04-11T20:35:49.262+0000] {logging_mixin.py:190} INFO - [2025-04-11T20:35:49.261+0000] {dag.py:3239} INFO - Sync 1 DAGs
[2025-04-11T20:35:49.340+0000] {logging_mixin.py:190} INFO - [2025-04-11T20:35:49.340+0000] {dag.py:4180} INFO - Setting next_dagrun for example_python_decorator to None, run_after=None
[2025-04-11T20:35:49.459+0000] {processor.py:208} INFO - Processing /home/airflow/.local/lib/python3.12/site-packages/airflow/example_dags/example_python_decorator.py took 1.403 seconds
[2025-04-11T20:36:19.617+0000] {processor.py:186} INFO - Started process (PID=152) to work on /home/airflow/.local/lib/python3.12/site-packages/airflow/example_dags/example_python_decorator.py
[2025-04-11T20:36:19.620+0000] {processor.py:914} INFO - Processing file /home/airflow/.local/lib/python3.12/site-packages/airflow/example_dags/example_python_decorator.py for tasks to queue
[2025-04-11T20:36:19.635+0000] {logging_mixin.py:190} INFO - [2025-04-11T20:36:19.634+0000] {dagbag.py:588} INFO - Filling up the DagBag from /home/airflow/.local/lib/python3.12/site-packages/airflow/example_dags/example_python_decorator.py
[2025-04-11T20:36:20.010+0000] {processor.py:925} INFO - DAG(s) 'example_python_decorator' retrieved from /home/airflow/.local/lib/python3.12/site-packages/airflow/example_dags/example_python_decorator.py
[2025-04-11T20:36:20.567+0000] {logging_mixin.py:190} INFO - [2025-04-11T20:36:20.565+0000] {dag.py:3239} INFO - Sync 1 DAGs
[2025-04-11T20:36:20.811+0000] {logging_mixin.py:190} INFO - [2025-04-11T20:36:20.811+0000] {dag.py:4180} INFO - Setting next_dagrun for example_python_decorator to None, run_after=None
[2025-04-11T20:36:20.980+0000] {processor.py:208} INFO - Processing /home/airflow/.local/lib/python3.12/site-packages/airflow/example_dags/example_python_decorator.py took 1.394 seconds
[2025-04-11T20:36:51.661+0000] {processor.py:186} INFO - Started process (PID=215) to work on /home/airflow/.local/lib/python3.12/site-packages/airflow/example_dags/example_python_decorator.py
[2025-04-11T20:36:51.664+0000] {processor.py:914} INFO - Processing file /home/airflow/.local/lib/python3.12/site-packages/airflow/example_dags/example_python_decorator.py for tasks to queue
[2025-04-11T20:36:51.669+0000] {logging_mixin.py:190} INFO - [2025-04-11T20:36:51.668+0000] {dagbag.py:588} INFO - Filling up the DagBag from /home/airflow/.local/lib/python3.12/site-packages/airflow/example_dags/example_python_decorator.py
[2025-04-11T20:36:51.698+0000] {processor.py:925} INFO - DAG(s) 'example_python_decorator' retrieved from /home/airflow/.local/lib/python3.12/site-packages/airflow/example_dags/example_python_decorator.py
[2025-04-11T20:36:51.738+0000] {logging_mixin.py:190} INFO - [2025-04-11T20:36:51.737+0000] {dag.py:3239} INFO - Sync 1 DAGs
[2025-04-11T20:36:51.766+0000] {logging_mixin.py:190} INFO - [2025-04-11T20:36:51.766+0000] {dag.py:4180} INFO - Setting next_dagrun for example_python_decorator to None, run_after=None
[2025-04-11T20:36:51.800+0000] {processor.py:208} INFO - Processing /home/airflow/.local/lib/python3.12/site-packages/airflow/example_dags/example_python_decorator.py took 0.150 seconds
[2025-04-11T20:37:38.482+0000] {processor.py:186} INFO - Started process (PID=286) to work on /home/airflow/.local/lib/python3.12/site-packages/airflow/example_dags/example_python_decorator.py
[2025-04-11T20:37:38.496+0000] {processor.py:914} INFO - Processing file /home/airflow/.local/lib/python3.12/site-packages/airflow/example_dags/example_python_decorator.py for tasks to queue
[2025-04-11T20:37:38.529+0000] {logging_mixin.py:190} INFO - [2025-04-11T20:37:38.516+0000] {dagbag.py:588} INFO - Filling up the DagBag from /home/airflow/.local/lib/python3.12/site-packages/airflow/example_dags/example_python_decorator.py
[2025-04-11T20:37:38.662+0000] {processor.py:925} INFO - DAG(s) 'example_python_decorator' retrieved from /home/airflow/.local/lib/python3.12/site-packages/airflow/example_dags/example_python_decorator.py
[2025-04-11T20:37:38.911+0000] {logging_mixin.py:190} INFO - [2025-04-11T20:37:38.910+0000] {dag.py:3239} INFO - Sync 1 DAGs
[2025-04-11T20:37:39.075+0000] {logging_mixin.py:190} INFO - [2025-04-11T20:37:39.075+0000] {dag.py:4180} INFO - Setting next_dagrun for example_python_decorator to None, run_after=None
[2025-04-11T20:37:39.290+0000] {processor.py:208} INFO - Processing /home/airflow/.local/lib/python3.12/site-packages/airflow/example_dags/example_python_decorator.py took 0.899 seconds
[2025-04-11T20:38:17.540+0000] {processor.py:186} INFO - Started process (PID=333) to work on /home/airflow/.local/lib/python3.12/site-packages/airflow/example_dags/example_python_decorator.py
[2025-04-11T20:38:17.552+0000] {processor.py:914} INFO - Processing file /home/airflow/.local/lib/python3.12/site-packages/airflow/example_dags/example_python_decorator.py for tasks to queue
[2025-04-11T20:38:17.564+0000] {logging_mixin.py:190} INFO - [2025-04-11T20:38:17.562+0000] {dagbag.py:588} INFO - Filling up the DagBag from /home/airflow/.local/lib/python3.12/site-packages/airflow/example_dags/example_python_decorator.py
[2025-04-11T20:38:17.667+0000] {processor.py:925} INFO - DAG(s) 'example_python_decorator' retrieved from /home/airflow/.local/lib/python3.12/site-packages/airflow/example_dags/example_python_decorator.py
[2025-04-11T20:38:17.787+0000] {logging_mixin.py:190} INFO - [2025-04-11T20:38:17.787+0000] {dag.py:3239} INFO - Sync 1 DAGs
[2025-04-11T20:38:17.942+0000] {logging_mixin.py:190} INFO - [2025-04-11T20:38:17.941+0000] {dag.py:4180} INFO - Setting next_dagrun for example_python_decorator to None, run_after=None
[2025-04-11T20:38:18.345+0000] {processor.py:208} INFO - Processing /home/airflow/.local/lib/python3.12/site-packages/airflow/example_dags/example_python_decorator.py took 0.850 seconds
[2025-04-11T20:39:28.063+0000] {processor.py:186} INFO - Started process (PID=404) to work on /home/airflow/.local/lib/python3.12/site-packages/airflow/example_dags/example_python_decorator.py
[2025-04-11T20:39:28.112+0000] {processor.py:914} INFO - Processing file /home/airflow/.local/lib/python3.12/site-packages/airflow/example_dags/example_python_decorator.py for tasks to queue
[2025-04-11T20:39:28.149+0000] {logging_mixin.py:190} INFO - [2025-04-11T20:39:28.145+0000] {dagbag.py:588} INFO - Filling up the DagBag from /home/airflow/.local/lib/python3.12/site-packages/airflow/example_dags/example_python_decorator.py
[2025-04-11T20:39:28.651+0000] {processor.py:925} INFO - DAG(s) 'example_python_decorator' retrieved from /home/airflow/.local/lib/python3.12/site-packages/airflow/example_dags/example_python_decorator.py
[2025-04-11T20:39:29.051+0000] {logging_mixin.py:190} INFO - [2025-04-11T20:39:29.042+0000] {dag.py:3239} INFO - Sync 1 DAGs
[2025-04-11T20:39:29.358+0000] {logging_mixin.py:190} INFO - [2025-04-11T20:39:29.351+0000] {dag.py:4180} INFO - Setting next_dagrun for example_python_decorator to None, run_after=None
[2025-04-11T20:39:29.617+0000] {processor.py:208} INFO - Processing /home/airflow/.local/lib/python3.12/site-packages/airflow/example_dags/example_python_decorator.py took 2.094 seconds
[2025-04-11T20:40:14.903+0000] {processor.py:186} INFO - Started process (PID=473) to work on /home/airflow/.local/lib/python3.12/site-packages/airflow/example_dags/example_python_decorator.py
[2025-04-11T20:40:14.910+0000] {processor.py:914} INFO - Processing file /home/airflow/.local/lib/python3.12/site-packages/airflow/example_dags/example_python_decorator.py for tasks to queue
[2025-04-11T20:40:14.919+0000] {logging_mixin.py:190} INFO - [2025-04-11T20:40:14.918+0000] {dagbag.py:588} INFO - Filling up the DagBag from /home/airflow/.local/lib/python3.12/site-packages/airflow/example_dags/example_python_decorator.py
[2025-04-11T20:40:15.018+0000] {processor.py:925} INFO - DAG(s) 'example_python_decorator' retrieved from /home/airflow/.local/lib/python3.12/site-packages/airflow/example_dags/example_python_decorator.py
[2025-04-11T20:40:15.185+0000] {logging_mixin.py:190} INFO - [2025-04-11T20:40:15.184+0000] {dag.py:3239} INFO - Sync 1 DAGs
[2025-04-11T20:40:15.296+0000] {logging_mixin.py:190} INFO - [2025-04-11T20:40:15.296+0000] {dag.py:4180} INFO - Setting next_dagrun for example_python_decorator to None, run_after=None
[2025-04-11T20:40:15.394+0000] {processor.py:208} INFO - Processing /home/airflow/.local/lib/python3.12/site-packages/airflow/example_dags/example_python_decorator.py took 0.521 seconds
[2025-04-11T20:40:56.440+0000] {processor.py:186} INFO - Started process (PID=532) to work on /home/airflow/.local/lib/python3.12/site-packages/airflow/example_dags/example_python_decorator.py
[2025-04-11T20:40:56.447+0000] {processor.py:914} INFO - Processing file /home/airflow/.local/lib/python3.12/site-packages/airflow/example_dags/example_python_decorator.py for tasks to queue
[2025-04-11T20:40:56.458+0000] {logging_mixin.py:190} INFO - [2025-04-11T20:40:56.458+0000] {dagbag.py:588} INFO - Filling up the DagBag from /home/airflow/.local/lib/python3.12/site-packages/airflow/example_dags/example_python_decorator.py
[2025-04-11T20:40:56.504+0000] {processor.py:925} INFO - DAG(s) 'example_python_decorator' retrieved from /home/airflow/.local/lib/python3.12/site-packages/airflow/example_dags/example_python_decorator.py
[2025-04-11T20:40:56.561+0000] {logging_mixin.py:190} INFO - [2025-04-11T20:40:56.560+0000] {dag.py:3239} INFO - Sync 1 DAGs
[2025-04-11T20:40:56.610+0000] {logging_mixin.py:190} INFO - [2025-04-11T20:40:56.610+0000] {dag.py:4180} INFO - Setting next_dagrun for example_python_decorator to None, run_after=None
[2025-04-11T20:40:56.660+0000] {processor.py:208} INFO - Processing /home/airflow/.local/lib/python3.12/site-packages/airflow/example_dags/example_python_decorator.py took 0.237 seconds
[2025-04-11T20:41:32.716+0000] {processor.py:186} INFO - Started process (PID=596) to work on /home/airflow/.local/lib/python3.12/site-packages/airflow/example_dags/example_python_decorator.py
[2025-04-11T20:41:32.721+0000] {processor.py:914} INFO - Processing file /home/airflow/.local/lib/python3.12/site-packages/airflow/example_dags/example_python_decorator.py for tasks to queue
[2025-04-11T20:41:32.730+0000] {logging_mixin.py:190} INFO - [2025-04-11T20:41:32.726+0000] {dagbag.py:588} INFO - Filling up the DagBag from /home/airflow/.local/lib/python3.12/site-packages/airflow/example_dags/example_python_decorator.py
[2025-04-11T20:41:32.815+0000] {processor.py:925} INFO - DAG(s) 'example_python_decorator' retrieved from /home/airflow/.local/lib/python3.12/site-packages/airflow/example_dags/example_python_decorator.py
[2025-04-11T20:41:32.922+0000] {logging_mixin.py:190} INFO - [2025-04-11T20:41:32.921+0000] {dag.py:3239} INFO - Sync 1 DAGs
[2025-04-11T20:41:32.980+0000] {logging_mixin.py:190} INFO - [2025-04-11T20:41:32.979+0000] {dag.py:4180} INFO - Setting next_dagrun for example_python_decorator to None, run_after=None
[2025-04-11T20:41:33.293+0000] {processor.py:208} INFO - Processing /home/airflow/.local/lib/python3.12/site-packages/airflow/example_dags/example_python_decorator.py took 0.611 seconds
[2025-04-11T20:43:05.890+0000] {processor.py:186} INFO - Started process (PID=683) to work on /home/airflow/.local/lib/python3.12/site-packages/airflow/example_dags/example_python_decorator.py
[2025-04-11T20:43:05.896+0000] {processor.py:914} INFO - Processing file /home/airflow/.local/lib/python3.12/site-packages/airflow/example_dags/example_python_decorator.py for tasks to queue
[2025-04-11T20:43:05.954+0000] {logging_mixin.py:190} INFO - [2025-04-11T20:43:05.953+0000] {dagbag.py:588} INFO - Filling up the DagBag from /home/airflow/.local/lib/python3.12/site-packages/airflow/example_dags/example_python_decorator.py
[2025-04-11T20:43:06.316+0000] {processor.py:925} INFO - DAG(s) 'example_python_decorator' retrieved from /home/airflow/.local/lib/python3.12/site-packages/airflow/example_dags/example_python_decorator.py
[2025-04-11T20:43:07.110+0000] {logging_mixin.py:190} INFO - [2025-04-11T20:43:07.109+0000] {dag.py:3239} INFO - Sync 1 DAGs
[2025-04-11T20:43:07.925+0000] {logging_mixin.py:190} INFO - [2025-04-11T20:43:07.925+0000] {dag.py:4180} INFO - Setting next_dagrun for example_python_decorator to None, run_after=None
[2025-04-11T20:43:09.639+0000] {processor.py:208} INFO - Processing /home/airflow/.local/lib/python3.12/site-packages/airflow/example_dags/example_python_decorator.py took 3.999 seconds
[2025-04-11T20:44:07.351+0000] {processor.py:186} INFO - Started process (PID=753) to work on /home/airflow/.local/lib/python3.12/site-packages/airflow/example_dags/example_python_decorator.py
[2025-04-11T20:44:07.354+0000] {processor.py:914} INFO - Processing file /home/airflow/.local/lib/python3.12/site-packages/airflow/example_dags/example_python_decorator.py for tasks to queue
[2025-04-11T20:44:07.359+0000] {logging_mixin.py:190} INFO - [2025-04-11T20:44:07.358+0000] {dagbag.py:588} INFO - Filling up the DagBag from /home/airflow/.local/lib/python3.12/site-packages/airflow/example_dags/example_python_decorator.py
[2025-04-11T20:44:07.406+0000] {processor.py:925} INFO - DAG(s) 'example_python_decorator' retrieved from /home/airflow/.local/lib/python3.12/site-packages/airflow/example_dags/example_python_decorator.py
[2025-04-11T20:44:07.613+0000] {logging_mixin.py:190} INFO - [2025-04-11T20:44:07.612+0000] {dag.py:3239} INFO - Sync 1 DAGs
[2025-04-11T20:44:07.708+0000] {logging_mixin.py:190} INFO - [2025-04-11T20:44:07.707+0000] {dag.py:4180} INFO - Setting next_dagrun for example_python_decorator to None, run_after=None
[2025-04-11T20:44:07.779+0000] {processor.py:208} INFO - Processing /home/airflow/.local/lib/python3.12/site-packages/airflow/example_dags/example_python_decorator.py took 0.445 seconds
[2025-04-11T20:44:45.084+0000] {processor.py:186} INFO - Started process (PID=818) to work on /home/airflow/.local/lib/python3.12/site-packages/airflow/example_dags/example_python_decorator.py
[2025-04-11T20:44:45.087+0000] {processor.py:914} INFO - Processing file /home/airflow/.local/lib/python3.12/site-packages/airflow/example_dags/example_python_decorator.py for tasks to queue
[2025-04-11T20:44:45.094+0000] {logging_mixin.py:190} INFO - [2025-04-11T20:44:45.093+0000] {dagbag.py:588} INFO - Filling up the DagBag from /home/airflow/.local/lib/python3.12/site-packages/airflow/example_dags/example_python_decorator.py
[2025-04-11T20:44:45.143+0000] {processor.py:925} INFO - DAG(s) 'example_python_decorator' retrieved from /home/airflow/.local/lib/python3.12/site-packages/airflow/example_dags/example_python_decorator.py
[2025-04-11T20:44:45.209+0000] {logging_mixin.py:190} INFO - [2025-04-11T20:44:45.209+0000] {dag.py:3239} INFO - Sync 1 DAGs
[2025-04-11T20:44:45.258+0000] {logging_mixin.py:190} INFO - [2025-04-11T20:44:45.258+0000] {dag.py:4180} INFO - Setting next_dagrun for example_python_decorator to None, run_after=None
[2025-04-11T20:44:45.312+0000] {processor.py:208} INFO - Processing /home/airflow/.local/lib/python3.12/site-packages/airflow/example_dags/example_python_decorator.py took 0.246 seconds
[2025-04-11T20:45:16.267+0000] {processor.py:186} INFO - Started process (PID=880) to work on /home/airflow/.local/lib/python3.12/site-packages/airflow/example_dags/example_python_decorator.py
[2025-04-11T20:45:16.271+0000] {processor.py:914} INFO - Processing file /home/airflow/.local/lib/python3.12/site-packages/airflow/example_dags/example_python_decorator.py for tasks to queue
[2025-04-11T20:45:16.296+0000] {logging_mixin.py:190} INFO - [2025-04-11T20:45:16.295+0000] {dagbag.py:588} INFO - Filling up the DagBag from /home/airflow/.local/lib/python3.12/site-packages/airflow/example_dags/example_python_decorator.py
[2025-04-11T20:45:16.338+0000] {processor.py:925} INFO - DAG(s) 'example_python_decorator' retrieved from /home/airflow/.local/lib/python3.12/site-packages/airflow/example_dags/example_python_decorator.py
[2025-04-11T20:45:16.460+0000] {logging_mixin.py:190} INFO - [2025-04-11T20:45:16.455+0000] {dag.py:3239} INFO - Sync 1 DAGs
[2025-04-11T20:45:16.522+0000] {logging_mixin.py:190} INFO - [2025-04-11T20:45:16.521+0000] {dag.py:4180} INFO - Setting next_dagrun for example_python_decorator to None, run_after=None
[2025-04-11T20:45:16.574+0000] {processor.py:208} INFO - Processing /home/airflow/.local/lib/python3.12/site-packages/airflow/example_dags/example_python_decorator.py took 0.342 seconds
[2025-04-11T20:45:47.270+0000] {processor.py:186} INFO - Started process (PID=943) to work on /home/airflow/.local/lib/python3.12/site-packages/airflow/example_dags/example_python_decorator.py
[2025-04-11T20:45:47.276+0000] {processor.py:914} INFO - Processing file /home/airflow/.local/lib/python3.12/site-packages/airflow/example_dags/example_python_decorator.py for tasks to queue
[2025-04-11T20:45:47.284+0000] {logging_mixin.py:190} INFO - [2025-04-11T20:45:47.283+0000] {dagbag.py:588} INFO - Filling up the DagBag from /home/airflow/.local/lib/python3.12/site-packages/airflow/example_dags/example_python_decorator.py
[2025-04-11T20:45:47.329+0000] {processor.py:925} INFO - DAG(s) 'example_python_decorator' retrieved from /home/airflow/.local/lib/python3.12/site-packages/airflow/example_dags/example_python_decorator.py
[2025-04-11T20:45:47.420+0000] {logging_mixin.py:190} INFO - [2025-04-11T20:45:47.419+0000] {dag.py:3239} INFO - Sync 1 DAGs
[2025-04-11T20:45:47.469+0000] {logging_mixin.py:190} INFO - [2025-04-11T20:45:47.468+0000] {dag.py:4180} INFO - Setting next_dagrun for example_python_decorator to None, run_after=None
[2025-04-11T20:45:47.531+0000] {processor.py:208} INFO - Processing /home/airflow/.local/lib/python3.12/site-packages/airflow/example_dags/example_python_decorator.py took 0.278 seconds
[2025-04-11T20:47:42.084+0000] {processor.py:186} INFO - Started process (PID=1032) to work on /home/airflow/.local/lib/python3.12/site-packages/airflow/example_dags/example_python_decorator.py
[2025-04-11T20:47:42.119+0000] {processor.py:914} INFO - Processing file /home/airflow/.local/lib/python3.12/site-packages/airflow/example_dags/example_python_decorator.py for tasks to queue
[2025-04-11T20:47:42.143+0000] {logging_mixin.py:190} INFO - [2025-04-11T20:47:42.142+0000] {dagbag.py:588} INFO - Filling up the DagBag from /home/airflow/.local/lib/python3.12/site-packages/airflow/example_dags/example_python_decorator.py
[2025-04-11T20:47:42.373+0000] {processor.py:925} INFO - DAG(s) 'example_python_decorator' retrieved from /home/airflow/.local/lib/python3.12/site-packages/airflow/example_dags/example_python_decorator.py
[2025-04-11T20:47:43.220+0000] {logging_mixin.py:190} INFO - [2025-04-11T20:47:43.219+0000] {dag.py:3239} INFO - Sync 1 DAGs
[2025-04-11T20:47:43.468+0000] {logging_mixin.py:190} INFO - [2025-04-11T20:47:43.467+0000] {dag.py:4180} INFO - Setting next_dagrun for example_python_decorator to None, run_after=None
[2025-04-11T20:47:43.866+0000] {processor.py:208} INFO - Processing /home/airflow/.local/lib/python3.12/site-packages/airflow/example_dags/example_python_decorator.py took 1.756 seconds
[2025-04-11T20:49:36.004+0000] {processor.py:186} INFO - Started process (PID=1087) to work on /home/airflow/.local/lib/python3.12/site-packages/airflow/example_dags/example_python_decorator.py
[2025-04-11T20:49:36.012+0000] {processor.py:914} INFO - Processing file /home/airflow/.local/lib/python3.12/site-packages/airflow/example_dags/example_python_decorator.py for tasks to queue
[2025-04-11T20:49:36.042+0000] {logging_mixin.py:190} INFO - [2025-04-11T20:49:36.041+0000] {dagbag.py:588} INFO - Filling up the DagBag from /home/airflow/.local/lib/python3.12/site-packages/airflow/example_dags/example_python_decorator.py
[2025-04-11T20:49:36.398+0000] {processor.py:925} INFO - DAG(s) 'example_python_decorator' retrieved from /home/airflow/.local/lib/python3.12/site-packages/airflow/example_dags/example_python_decorator.py
[2025-04-11T20:49:36.885+0000] {logging_mixin.py:190} INFO - [2025-04-11T20:49:36.884+0000] {dag.py:3239} INFO - Sync 1 DAGs
[2025-04-11T20:49:37.172+0000] {logging_mixin.py:190} INFO - [2025-04-11T20:49:37.172+0000] {dag.py:4180} INFO - Setting next_dagrun for example_python_decorator to None, run_after=None
[2025-04-11T20:49:37.337+0000] {processor.py:208} INFO - Processing /home/airflow/.local/lib/python3.12/site-packages/airflow/example_dags/example_python_decorator.py took 1.479 seconds
[2025-04-11T20:50:19.885+0000] {processor.py:186} INFO - Started process (PID=1151) to work on /home/airflow/.local/lib/python3.12/site-packages/airflow/example_dags/example_python_decorator.py
[2025-04-11T20:50:19.889+0000] {processor.py:914} INFO - Processing file /home/airflow/.local/lib/python3.12/site-packages/airflow/example_dags/example_python_decorator.py for tasks to queue
[2025-04-11T20:50:19.911+0000] {logging_mixin.py:190} INFO - [2025-04-11T20:50:19.906+0000] {dagbag.py:588} INFO - Filling up the DagBag from /home/airflow/.local/lib/python3.12/site-packages/airflow/example_dags/example_python_decorator.py
[2025-04-11T20:50:19.988+0000] {processor.py:925} INFO - DAG(s) 'example_python_decorator' retrieved from /home/airflow/.local/lib/python3.12/site-packages/airflow/example_dags/example_python_decorator.py
[2025-04-11T20:50:20.190+0000] {logging_mixin.py:190} INFO - [2025-04-11T20:50:20.190+0000] {dag.py:3239} INFO - Sync 1 DAGs
[2025-04-11T20:50:20.270+0000] {logging_mixin.py:190} INFO - [2025-04-11T20:50:20.269+0000] {dag.py:4180} INFO - Setting next_dagrun for example_python_decorator to None, run_after=None
[2025-04-11T20:50:20.358+0000] {processor.py:208} INFO - Processing /home/airflow/.local/lib/python3.12/site-packages/airflow/example_dags/example_python_decorator.py took 0.522 seconds
[2025-04-11T20:51:14.925+0000] {processor.py:186} INFO - Started process (PID=1214) to work on /home/airflow/.local/lib/python3.12/site-packages/airflow/example_dags/example_python_decorator.py
[2025-04-11T20:51:14.928+0000] {processor.py:914} INFO - Processing file /home/airflow/.local/lib/python3.12/site-packages/airflow/example_dags/example_python_decorator.py for tasks to queue
[2025-04-11T20:51:14.934+0000] {logging_mixin.py:190} INFO - [2025-04-11T20:51:14.933+0000] {dagbag.py:588} INFO - Filling up the DagBag from /home/airflow/.local/lib/python3.12/site-packages/airflow/example_dags/example_python_decorator.py
[2025-04-11T20:51:14.989+0000] {processor.py:925} INFO - DAG(s) 'example_python_decorator' retrieved from /home/airflow/.local/lib/python3.12/site-packages/airflow/example_dags/example_python_decorator.py
[2025-04-11T20:51:15.046+0000] {logging_mixin.py:190} INFO - [2025-04-11T20:51:15.045+0000] {dag.py:3239} INFO - Sync 1 DAGs
[2025-04-11T20:51:15.083+0000] {logging_mixin.py:190} INFO - [2025-04-11T20:51:15.083+0000] {dag.py:4180} INFO - Setting next_dagrun for example_python_decorator to None, run_after=None
[2025-04-11T20:51:15.133+0000] {processor.py:208} INFO - Processing /home/airflow/.local/lib/python3.12/site-packages/airflow/example_dags/example_python_decorator.py took 0.230 seconds
[2025-04-11T20:52:13.715+0000] {processor.py:186} INFO - Started process (PID=1275) to work on /home/airflow/.local/lib/python3.12/site-packages/airflow/example_dags/example_python_decorator.py
[2025-04-11T20:52:13.725+0000] {processor.py:914} INFO - Processing file /home/airflow/.local/lib/python3.12/site-packages/airflow/example_dags/example_python_decorator.py for tasks to queue
[2025-04-11T20:52:13.804+0000] {logging_mixin.py:190} INFO - [2025-04-11T20:52:13.770+0000] {dagbag.py:588} INFO - Filling up the DagBag from /home/airflow/.local/lib/python3.12/site-packages/airflow/example_dags/example_python_decorator.py
[2025-04-11T20:52:14.164+0000] {processor.py:925} INFO - DAG(s) 'example_python_decorator' retrieved from /home/airflow/.local/lib/python3.12/site-packages/airflow/example_dags/example_python_decorator.py
[2025-04-11T20:52:14.366+0000] {logging_mixin.py:190} INFO - [2025-04-11T20:52:14.364+0000] {dag.py:3239} INFO - Sync 1 DAGs
[2025-04-11T20:52:14.556+0000] {logging_mixin.py:190} INFO - [2025-04-11T20:52:14.555+0000] {dag.py:4180} INFO - Setting next_dagrun for example_python_decorator to None, run_after=None
[2025-04-11T20:52:14.928+0000] {processor.py:208} INFO - Processing /home/airflow/.local/lib/python3.12/site-packages/airflow/example_dags/example_python_decorator.py took 1.462 seconds
[2025-04-11T20:52:45.408+0000] {processor.py:186} INFO - Started process (PID=1338) to work on /home/airflow/.local/lib/python3.12/site-packages/airflow/example_dags/example_python_decorator.py
[2025-04-11T20:52:45.415+0000] {processor.py:914} INFO - Processing file /home/airflow/.local/lib/python3.12/site-packages/airflow/example_dags/example_python_decorator.py for tasks to queue
[2025-04-11T20:52:45.431+0000] {logging_mixin.py:190} INFO - [2025-04-11T20:52:45.430+0000] {dagbag.py:588} INFO - Filling up the DagBag from /home/airflow/.local/lib/python3.12/site-packages/airflow/example_dags/example_python_decorator.py
[2025-04-11T20:52:45.535+0000] {processor.py:925} INFO - DAG(s) 'example_python_decorator' retrieved from /home/airflow/.local/lib/python3.12/site-packages/airflow/example_dags/example_python_decorator.py
[2025-04-11T20:52:45.714+0000] {logging_mixin.py:190} INFO - [2025-04-11T20:52:45.714+0000] {dag.py:3239} INFO - Sync 1 DAGs
[2025-04-11T20:52:45.881+0000] {logging_mixin.py:190} INFO - [2025-04-11T20:52:45.881+0000] {dag.py:4180} INFO - Setting next_dagrun for example_python_decorator to None, run_after=None
[2025-04-11T20:52:46.028+0000] {processor.py:208} INFO - Processing /home/airflow/.local/lib/python3.12/site-packages/airflow/example_dags/example_python_decorator.py took 0.653 seconds
[2025-04-11T20:53:22.775+0000] {processor.py:186} INFO - Started process (PID=1394) to work on /home/airflow/.local/lib/python3.12/site-packages/airflow/example_dags/example_python_decorator.py
[2025-04-11T20:53:22.778+0000] {processor.py:914} INFO - Processing file /home/airflow/.local/lib/python3.12/site-packages/airflow/example_dags/example_python_decorator.py for tasks to queue
[2025-04-11T20:53:22.784+0000] {logging_mixin.py:190} INFO - [2025-04-11T20:53:22.784+0000] {dagbag.py:588} INFO - Filling up the DagBag from /home/airflow/.local/lib/python3.12/site-packages/airflow/example_dags/example_python_decorator.py
[2025-04-11T20:53:22.856+0000] {processor.py:925} INFO - DAG(s) 'example_python_decorator' retrieved from /home/airflow/.local/lib/python3.12/site-packages/airflow/example_dags/example_python_decorator.py
[2025-04-11T20:53:23.002+0000] {logging_mixin.py:190} INFO - [2025-04-11T20:53:23.001+0000] {dag.py:3239} INFO - Sync 1 DAGs
[2025-04-11T20:53:23.178+0000] {logging_mixin.py:190} INFO - [2025-04-11T20:53:23.172+0000] {dag.py:4180} INFO - Setting next_dagrun for example_python_decorator to None, run_after=None
[2025-04-11T20:53:23.373+0000] {processor.py:208} INFO - Processing /home/airflow/.local/lib/python3.12/site-packages/airflow/example_dags/example_python_decorator.py took 0.617 seconds
