[2025-04-11T19:46:32.102+0000] {processor.py:186} INFO - Started process (PID=141) to work on /home/airflow/.local/lib/python3.12/site-packages/airflow/example_dags/example_dynamic_task_mapping.py
[2025-04-11T19:46:32.104+0000] {processor.py:914} INFO - Processing file /home/airflow/.local/lib/python3.12/site-packages/airflow/example_dags/example_dynamic_task_mapping.py for tasks to queue
[2025-04-11T19:46:32.111+0000] {logging_mixin.py:190} INFO - [2025-04-11T19:46:32.110+0000] {dagbag.py:588} INFO - Filling up the DagBag from /home/airflow/.local/lib/python3.12/site-packages/airflow/example_dags/example_dynamic_task_mapping.py
[2025-04-11T19:46:32.132+0000] {processor.py:925} INFO - DAG(s) 'example_dynamic_task_mapping' retrieved from /home/airflow/.local/lib/python3.12/site-packages/airflow/example_dags/example_dynamic_task_mapping.py
[2025-04-11T19:46:32.433+0000] {logging_mixin.py:190} INFO - [2025-04-11T19:46:32.430+0000] {override.py:1912} INFO - Created Permission View: can delete on DAG:example_dynamic_task_mapping
[2025-04-11T19:46:32.461+0000] {logging_mixin.py:190} INFO - [2025-04-11T19:46:32.460+0000] {override.py:1912} INFO - Created Permission View: can read on DAG:example_dynamic_task_mapping
[2025-04-11T19:46:32.482+0000] {logging_mixin.py:190} INFO - [2025-04-11T19:46:32.481+0000] {override.py:1912} INFO - Created Permission View: can edit on DAG:example_dynamic_task_mapping
[2025-04-11T19:46:32.498+0000] {logging_mixin.py:190} INFO - [2025-04-11T19:46:32.497+0000] {override.py:1912} INFO - Created Permission View: can create on DAG Run:example_dynamic_task_mapping
[2025-04-11T19:46:32.515+0000] {logging_mixin.py:190} INFO - [2025-04-11T19:46:32.514+0000] {override.py:1912} INFO - Created Permission View: can read on DAG Run:example_dynamic_task_mapping
[2025-04-11T19:46:32.530+0000] {logging_mixin.py:190} INFO - [2025-04-11T19:46:32.529+0000] {override.py:1912} INFO - Created Permission View: can delete on DAG Run:example_dynamic_task_mapping
[2025-04-11T19:46:32.546+0000] {logging_mixin.py:190} INFO - [2025-04-11T19:46:32.545+0000] {override.py:1912} INFO - Created Permission View: menu access on DAG Run:example_dynamic_task_mapping
[2025-04-11T19:46:32.548+0000] {logging_mixin.py:190} INFO - [2025-04-11T19:46:32.547+0000] {dag.py:3239} INFO - Sync 1 DAGs
[2025-04-11T19:46:32.590+0000] {logging_mixin.py:190} INFO - [2025-04-11T19:46:32.590+0000] {dag.py:3262} INFO - Creating ORM DAG for example_dynamic_task_mapping
[2025-04-11T19:46:32.595+0000] {logging_mixin.py:190} INFO - [2025-04-11T19:46:32.594+0000] {dag.py:4180} INFO - Setting next_dagrun for example_dynamic_task_mapping to None, run_after=None
[2025-04-11T19:46:32.647+0000] {processor.py:208} INFO - Processing /home/airflow/.local/lib/python3.12/site-packages/airflow/example_dags/example_dynamic_task_mapping.py took 0.569 seconds
[2025-04-11T19:47:03.278+0000] {processor.py:186} INFO - Started process (PID=204) to work on /home/airflow/.local/lib/python3.12/site-packages/airflow/example_dags/example_dynamic_task_mapping.py
[2025-04-11T19:47:03.282+0000] {processor.py:914} INFO - Processing file /home/airflow/.local/lib/python3.12/site-packages/airflow/example_dags/example_dynamic_task_mapping.py for tasks to queue
[2025-04-11T19:47:03.289+0000] {logging_mixin.py:190} INFO - [2025-04-11T19:47:03.288+0000] {dagbag.py:588} INFO - Filling up the DagBag from /home/airflow/.local/lib/python3.12/site-packages/airflow/example_dags/example_dynamic_task_mapping.py
[2025-04-11T19:47:03.310+0000] {processor.py:925} INFO - DAG(s) 'example_dynamic_task_mapping' retrieved from /home/airflow/.local/lib/python3.12/site-packages/airflow/example_dags/example_dynamic_task_mapping.py
[2025-04-11T19:47:03.351+0000] {logging_mixin.py:190} INFO - [2025-04-11T19:47:03.351+0000] {dag.py:3239} INFO - Sync 1 DAGs
[2025-04-11T19:47:03.377+0000] {logging_mixin.py:190} INFO - [2025-04-11T19:47:03.377+0000] {dag.py:4180} INFO - Setting next_dagrun for example_dynamic_task_mapping to None, run_after=None
[2025-04-11T19:47:03.413+0000] {processor.py:208} INFO - Processing /home/airflow/.local/lib/python3.12/site-packages/airflow/example_dags/example_dynamic_task_mapping.py took 0.146 seconds
[2025-04-11T19:48:21.130+0000] {processor.py:186} INFO - Started process (PID=274) to work on /home/airflow/.local/lib/python3.12/site-packages/airflow/example_dags/example_dynamic_task_mapping.py
[2025-04-11T19:48:21.148+0000] {processor.py:914} INFO - Processing file /home/airflow/.local/lib/python3.12/site-packages/airflow/example_dags/example_dynamic_task_mapping.py for tasks to queue
[2025-04-11T19:48:21.205+0000] {logging_mixin.py:190} INFO - [2025-04-11T19:48:21.200+0000] {dagbag.py:588} INFO - Filling up the DagBag from /home/airflow/.local/lib/python3.12/site-packages/airflow/example_dags/example_dynamic_task_mapping.py
[2025-04-11T19:48:21.313+0000] {processor.py:925} INFO - DAG(s) 'example_dynamic_task_mapping' retrieved from /home/airflow/.local/lib/python3.12/site-packages/airflow/example_dags/example_dynamic_task_mapping.py
[2025-04-11T19:48:21.500+0000] {logging_mixin.py:190} INFO - [2025-04-11T19:48:21.497+0000] {dag.py:3239} INFO - Sync 1 DAGs
[2025-04-11T19:48:21.584+0000] {logging_mixin.py:190} INFO - [2025-04-11T19:48:21.582+0000] {dag.py:4180} INFO - Setting next_dagrun for example_dynamic_task_mapping to None, run_after=None
[2025-04-11T19:48:21.975+0000] {processor.py:208} INFO - Processing /home/airflow/.local/lib/python3.12/site-packages/airflow/example_dags/example_dynamic_task_mapping.py took 0.912 seconds
[2025-04-11T19:53:37.854+0000] {processor.py:186} INFO - Started process (PID=125) to work on /home/airflow/.local/lib/python3.12/site-packages/airflow/example_dags/example_dynamic_task_mapping.py
[2025-04-11T19:53:37.857+0000] {processor.py:914} INFO - Processing file /home/airflow/.local/lib/python3.12/site-packages/airflow/example_dags/example_dynamic_task_mapping.py for tasks to queue
[2025-04-11T19:53:37.863+0000] {logging_mixin.py:190} INFO - [2025-04-11T19:53:37.863+0000] {dagbag.py:588} INFO - Filling up the DagBag from /home/airflow/.local/lib/python3.12/site-packages/airflow/example_dags/example_dynamic_task_mapping.py
[2025-04-11T19:53:37.888+0000] {processor.py:925} INFO - DAG(s) 'example_dynamic_task_mapping' retrieved from /home/airflow/.local/lib/python3.12/site-packages/airflow/example_dags/example_dynamic_task_mapping.py
[2025-04-11T19:53:37.952+0000] {logging_mixin.py:190} INFO - [2025-04-11T19:53:37.951+0000] {dag.py:3239} INFO - Sync 1 DAGs
[2025-04-11T19:53:38.024+0000] {logging_mixin.py:190} INFO - [2025-04-11T19:53:38.023+0000] {dag.py:4180} INFO - Setting next_dagrun for example_dynamic_task_mapping to None, run_after=None
[2025-04-11T19:53:38.117+0000] {processor.py:208} INFO - Processing /home/airflow/.local/lib/python3.12/site-packages/airflow/example_dags/example_dynamic_task_mapping.py took 0.283 seconds
[2025-04-11T19:54:33.570+0000] {processor.py:186} INFO - Started process (PID=194) to work on /home/airflow/.local/lib/python3.12/site-packages/airflow/example_dags/example_dynamic_task_mapping.py
[2025-04-11T19:54:33.598+0000] {processor.py:914} INFO - Processing file /home/airflow/.local/lib/python3.12/site-packages/airflow/example_dags/example_dynamic_task_mapping.py for tasks to queue
[2025-04-11T19:54:33.620+0000] {logging_mixin.py:190} INFO - [2025-04-11T19:54:33.619+0000] {dagbag.py:588} INFO - Filling up the DagBag from /home/airflow/.local/lib/python3.12/site-packages/airflow/example_dags/example_dynamic_task_mapping.py
[2025-04-11T19:54:33.688+0000] {processor.py:925} INFO - DAG(s) 'example_dynamic_task_mapping' retrieved from /home/airflow/.local/lib/python3.12/site-packages/airflow/example_dags/example_dynamic_task_mapping.py
[2025-04-11T19:54:33.809+0000] {logging_mixin.py:190} INFO - [2025-04-11T19:54:33.809+0000] {dag.py:3239} INFO - Sync 1 DAGs
[2025-04-11T19:54:33.902+0000] {logging_mixin.py:190} INFO - [2025-04-11T19:54:33.902+0000] {dag.py:4180} INFO - Setting next_dagrun for example_dynamic_task_mapping to None, run_after=None
[2025-04-11T19:54:34.015+0000] {processor.py:208} INFO - Processing /home/airflow/.local/lib/python3.12/site-packages/airflow/example_dags/example_dynamic_task_mapping.py took 0.502 seconds
[2025-04-11T19:55:07.257+0000] {processor.py:186} INFO - Started process (PID=257) to work on /home/airflow/.local/lib/python3.12/site-packages/airflow/example_dags/example_dynamic_task_mapping.py
[2025-04-11T19:55:07.261+0000] {processor.py:914} INFO - Processing file /home/airflow/.local/lib/python3.12/site-packages/airflow/example_dags/example_dynamic_task_mapping.py for tasks to queue
[2025-04-11T19:55:07.267+0000] {logging_mixin.py:190} INFO - [2025-04-11T19:55:07.266+0000] {dagbag.py:588} INFO - Filling up the DagBag from /home/airflow/.local/lib/python3.12/site-packages/airflow/example_dags/example_dynamic_task_mapping.py
[2025-04-11T19:55:07.298+0000] {processor.py:925} INFO - DAG(s) 'example_dynamic_task_mapping' retrieved from /home/airflow/.local/lib/python3.12/site-packages/airflow/example_dags/example_dynamic_task_mapping.py
[2025-04-11T19:55:07.390+0000] {logging_mixin.py:190} INFO - [2025-04-11T19:55:07.390+0000] {dag.py:3239} INFO - Sync 1 DAGs
[2025-04-11T19:55:07.430+0000] {logging_mixin.py:190} INFO - [2025-04-11T19:55:07.430+0000] {dag.py:4180} INFO - Setting next_dagrun for example_dynamic_task_mapping to None, run_after=None
[2025-04-11T19:55:07.483+0000] {processor.py:208} INFO - Processing /home/airflow/.local/lib/python3.12/site-packages/airflow/example_dags/example_dynamic_task_mapping.py took 0.246 seconds
[2025-04-11T19:56:23.254+0000] {processor.py:186} INFO - Started process (PID=327) to work on /home/airflow/.local/lib/python3.12/site-packages/airflow/example_dags/example_dynamic_task_mapping.py
[2025-04-11T19:56:23.257+0000] {processor.py:914} INFO - Processing file /home/airflow/.local/lib/python3.12/site-packages/airflow/example_dags/example_dynamic_task_mapping.py for tasks to queue
[2025-04-11T19:56:23.264+0000] {logging_mixin.py:190} INFO - [2025-04-11T19:56:23.264+0000] {dagbag.py:588} INFO - Filling up the DagBag from /home/airflow/.local/lib/python3.12/site-packages/airflow/example_dags/example_dynamic_task_mapping.py
[2025-04-11T19:56:23.297+0000] {processor.py:925} INFO - DAG(s) 'example_dynamic_task_mapping' retrieved from /home/airflow/.local/lib/python3.12/site-packages/airflow/example_dags/example_dynamic_task_mapping.py
[2025-04-11T19:56:23.409+0000] {logging_mixin.py:190} INFO - [2025-04-11T19:56:23.408+0000] {dag.py:3239} INFO - Sync 1 DAGs
[2025-04-11T19:56:23.477+0000] {logging_mixin.py:190} INFO - [2025-04-11T19:56:23.474+0000] {dag.py:4180} INFO - Setting next_dagrun for example_dynamic_task_mapping to None, run_after=None
[2025-04-11T19:56:23.605+0000] {processor.py:208} INFO - Processing /home/airflow/.local/lib/python3.12/site-packages/airflow/example_dags/example_dynamic_task_mapping.py took 0.371 seconds
[2025-04-11T19:59:39.589+0000] {processor.py:186} INFO - Started process (PID=115) to work on /home/airflow/.local/lib/python3.12/site-packages/airflow/example_dags/example_dynamic_task_mapping.py
[2025-04-11T19:59:39.595+0000] {processor.py:914} INFO - Processing file /home/airflow/.local/lib/python3.12/site-packages/airflow/example_dags/example_dynamic_task_mapping.py for tasks to queue
[2025-04-11T19:59:39.603+0000] {logging_mixin.py:190} INFO - [2025-04-11T19:59:39.603+0000] {dagbag.py:588} INFO - Filling up the DagBag from /home/airflow/.local/lib/python3.12/site-packages/airflow/example_dags/example_dynamic_task_mapping.py
[2025-04-11T19:59:39.660+0000] {processor.py:925} INFO - DAG(s) 'example_dynamic_task_mapping' retrieved from /home/airflow/.local/lib/python3.12/site-packages/airflow/example_dags/example_dynamic_task_mapping.py
[2025-04-11T19:59:39.769+0000] {logging_mixin.py:190} INFO - [2025-04-11T19:59:39.768+0000] {dag.py:3239} INFO - Sync 1 DAGs
[2025-04-11T19:59:39.876+0000] {logging_mixin.py:190} INFO - [2025-04-11T19:59:39.874+0000] {dag.py:4180} INFO - Setting next_dagrun for example_dynamic_task_mapping to None, run_after=None
[2025-04-11T19:59:39.961+0000] {processor.py:208} INFO - Processing /home/airflow/.local/lib/python3.12/site-packages/airflow/example_dags/example_dynamic_task_mapping.py took 0.396 seconds
[2025-04-11T20:00:20.703+0000] {processor.py:186} INFO - Started process (PID=178) to work on /home/airflow/.local/lib/python3.12/site-packages/airflow/example_dags/example_dynamic_task_mapping.py
[2025-04-11T20:00:20.710+0000] {processor.py:914} INFO - Processing file /home/airflow/.local/lib/python3.12/site-packages/airflow/example_dags/example_dynamic_task_mapping.py for tasks to queue
[2025-04-11T20:00:20.726+0000] {logging_mixin.py:190} INFO - [2025-04-11T20:00:20.725+0000] {dagbag.py:588} INFO - Filling up the DagBag from /home/airflow/.local/lib/python3.12/site-packages/airflow/example_dags/example_dynamic_task_mapping.py
[2025-04-11T20:00:20.784+0000] {processor.py:925} INFO - DAG(s) 'example_dynamic_task_mapping' retrieved from /home/airflow/.local/lib/python3.12/site-packages/airflow/example_dags/example_dynamic_task_mapping.py
[2025-04-11T20:00:20.852+0000] {logging_mixin.py:190} INFO - [2025-04-11T20:00:20.851+0000] {dag.py:3239} INFO - Sync 1 DAGs
[2025-04-11T20:00:20.907+0000] {logging_mixin.py:190} INFO - [2025-04-11T20:00:20.907+0000] {dag.py:4180} INFO - Setting next_dagrun for example_dynamic_task_mapping to None, run_after=None
[2025-04-11T20:00:20.975+0000] {processor.py:208} INFO - Processing /home/airflow/.local/lib/python3.12/site-packages/airflow/example_dags/example_dynamic_task_mapping.py took 0.291 seconds
[2025-04-11T20:14:09.482+0000] {processor.py:186} INFO - Started process (PID=124) to work on /home/airflow/.local/lib/python3.12/site-packages/airflow/example_dags/example_dynamic_task_mapping.py
[2025-04-11T20:14:09.489+0000] {processor.py:914} INFO - Processing file /home/airflow/.local/lib/python3.12/site-packages/airflow/example_dags/example_dynamic_task_mapping.py for tasks to queue
[2025-04-11T20:14:09.496+0000] {logging_mixin.py:190} INFO - [2025-04-11T20:14:09.495+0000] {dagbag.py:588} INFO - Filling up the DagBag from /home/airflow/.local/lib/python3.12/site-packages/airflow/example_dags/example_dynamic_task_mapping.py
[2025-04-11T20:14:09.518+0000] {processor.py:925} INFO - DAG(s) 'example_dynamic_task_mapping' retrieved from /home/airflow/.local/lib/python3.12/site-packages/airflow/example_dags/example_dynamic_task_mapping.py
[2025-04-11T20:14:09.568+0000] {logging_mixin.py:190} INFO - [2025-04-11T20:14:09.568+0000] {dag.py:3239} INFO - Sync 1 DAGs
[2025-04-11T20:14:09.608+0000] {logging_mixin.py:190} INFO - [2025-04-11T20:14:09.608+0000] {dag.py:4180} INFO - Setting next_dagrun for example_dynamic_task_mapping to None, run_after=None
[2025-04-11T20:14:09.656+0000] {processor.py:208} INFO - Processing /home/airflow/.local/lib/python3.12/site-packages/airflow/example_dags/example_dynamic_task_mapping.py took 0.190 seconds
[2025-04-11T20:16:01.808+0000] {processor.py:186} INFO - Started process (PID=219) to work on /home/airflow/.local/lib/python3.12/site-packages/airflow/example_dags/example_dynamic_task_mapping.py
[2025-04-11T20:16:01.847+0000] {processor.py:914} INFO - Processing file /home/airflow/.local/lib/python3.12/site-packages/airflow/example_dags/example_dynamic_task_mapping.py for tasks to queue
[2025-04-11T20:16:01.853+0000] {logging_mixin.py:190} INFO - [2025-04-11T20:16:01.852+0000] {dagbag.py:588} INFO - Filling up the DagBag from /home/airflow/.local/lib/python3.12/site-packages/airflow/example_dags/example_dynamic_task_mapping.py
[2025-04-11T20:16:01.896+0000] {processor.py:925} INFO - DAG(s) 'example_dynamic_task_mapping' retrieved from /home/airflow/.local/lib/python3.12/site-packages/airflow/example_dags/example_dynamic_task_mapping.py
[2025-04-11T20:16:02.058+0000] {logging_mixin.py:190} INFO - [2025-04-11T20:16:02.055+0000] {dag.py:3239} INFO - Sync 1 DAGs
[2025-04-11T20:16:02.210+0000] {logging_mixin.py:190} INFO - [2025-04-11T20:16:02.210+0000] {dag.py:4180} INFO - Setting next_dagrun for example_dynamic_task_mapping to None, run_after=None
[2025-04-11T20:16:02.261+0000] {processor.py:208} INFO - Processing /home/airflow/.local/lib/python3.12/site-packages/airflow/example_dags/example_dynamic_task_mapping.py took 0.538 seconds
[2025-04-11T20:16:47.148+0000] {processor.py:186} INFO - Started process (PID=282) to work on /home/airflow/.local/lib/python3.12/site-packages/airflow/example_dags/example_dynamic_task_mapping.py
[2025-04-11T20:16:47.152+0000] {processor.py:914} INFO - Processing file /home/airflow/.local/lib/python3.12/site-packages/airflow/example_dags/example_dynamic_task_mapping.py for tasks to queue
[2025-04-11T20:16:47.168+0000] {logging_mixin.py:190} INFO - [2025-04-11T20:16:47.167+0000] {dagbag.py:588} INFO - Filling up the DagBag from /home/airflow/.local/lib/python3.12/site-packages/airflow/example_dags/example_dynamic_task_mapping.py
[2025-04-11T20:16:47.194+0000] {processor.py:925} INFO - DAG(s) 'example_dynamic_task_mapping' retrieved from /home/airflow/.local/lib/python3.12/site-packages/airflow/example_dags/example_dynamic_task_mapping.py
[2025-04-11T20:16:47.250+0000] {logging_mixin.py:190} INFO - [2025-04-11T20:16:47.249+0000] {dag.py:3239} INFO - Sync 1 DAGs
[2025-04-11T20:16:47.328+0000] {logging_mixin.py:190} INFO - [2025-04-11T20:16:47.327+0000] {dag.py:4180} INFO - Setting next_dagrun for example_dynamic_task_mapping to None, run_after=None
[2025-04-11T20:16:47.388+0000] {processor.py:208} INFO - Processing /home/airflow/.local/lib/python3.12/site-packages/airflow/example_dags/example_dynamic_task_mapping.py took 0.255 seconds
[2025-04-11T20:17:25.708+0000] {processor.py:186} INFO - Started process (PID=347) to work on /home/airflow/.local/lib/python3.12/site-packages/airflow/example_dags/example_dynamic_task_mapping.py
[2025-04-11T20:17:25.711+0000] {processor.py:914} INFO - Processing file /home/airflow/.local/lib/python3.12/site-packages/airflow/example_dags/example_dynamic_task_mapping.py for tasks to queue
[2025-04-11T20:17:25.725+0000] {logging_mixin.py:190} INFO - [2025-04-11T20:17:25.722+0000] {dagbag.py:588} INFO - Filling up the DagBag from /home/airflow/.local/lib/python3.12/site-packages/airflow/example_dags/example_dynamic_task_mapping.py
[2025-04-11T20:17:25.770+0000] {processor.py:925} INFO - DAG(s) 'example_dynamic_task_mapping' retrieved from /home/airflow/.local/lib/python3.12/site-packages/airflow/example_dags/example_dynamic_task_mapping.py
[2025-04-11T20:17:25.859+0000] {logging_mixin.py:190} INFO - [2025-04-11T20:17:25.858+0000] {dag.py:3239} INFO - Sync 1 DAGs
[2025-04-11T20:17:25.928+0000] {logging_mixin.py:190} INFO - [2025-04-11T20:17:25.927+0000] {dag.py:4180} INFO - Setting next_dagrun for example_dynamic_task_mapping to None, run_after=None
[2025-04-11T20:17:25.974+0000] {processor.py:208} INFO - Processing /home/airflow/.local/lib/python3.12/site-packages/airflow/example_dags/example_dynamic_task_mapping.py took 0.283 seconds
[2025-04-11T20:18:02.789+0000] {processor.py:186} INFO - Started process (PID=415) to work on /home/airflow/.local/lib/python3.12/site-packages/airflow/example_dags/example_dynamic_task_mapping.py
[2025-04-11T20:18:02.795+0000] {processor.py:914} INFO - Processing file /home/airflow/.local/lib/python3.12/site-packages/airflow/example_dags/example_dynamic_task_mapping.py for tasks to queue
[2025-04-11T20:18:02.805+0000] {logging_mixin.py:190} INFO - [2025-04-11T20:18:02.805+0000] {dagbag.py:588} INFO - Filling up the DagBag from /home/airflow/.local/lib/python3.12/site-packages/airflow/example_dags/example_dynamic_task_mapping.py
[2025-04-11T20:18:02.836+0000] {processor.py:925} INFO - DAG(s) 'example_dynamic_task_mapping' retrieved from /home/airflow/.local/lib/python3.12/site-packages/airflow/example_dags/example_dynamic_task_mapping.py
[2025-04-11T20:18:02.934+0000] {logging_mixin.py:190} INFO - [2025-04-11T20:18:02.933+0000] {dag.py:3239} INFO - Sync 1 DAGs
[2025-04-11T20:18:03.010+0000] {logging_mixin.py:190} INFO - [2025-04-11T20:18:03.010+0000] {dag.py:4180} INFO - Setting next_dagrun for example_dynamic_task_mapping to None, run_after=None
[2025-04-11T20:18:03.120+0000] {processor.py:208} INFO - Processing /home/airflow/.local/lib/python3.12/site-packages/airflow/example_dags/example_dynamic_task_mapping.py took 0.346 seconds
[2025-04-11T20:24:26.734+0000] {processor.py:186} INFO - Started process (PID=139) to work on /home/airflow/.local/lib/python3.12/site-packages/airflow/example_dags/example_dynamic_task_mapping.py
[2025-04-11T20:24:26.747+0000] {processor.py:914} INFO - Processing file /home/airflow/.local/lib/python3.12/site-packages/airflow/example_dags/example_dynamic_task_mapping.py for tasks to queue
[2025-04-11T20:24:26.762+0000] {logging_mixin.py:190} INFO - [2025-04-11T20:24:26.758+0000] {dagbag.py:588} INFO - Filling up the DagBag from /home/airflow/.local/lib/python3.12/site-packages/airflow/example_dags/example_dynamic_task_mapping.py
[2025-04-11T20:24:26.839+0000] {processor.py:925} INFO - DAG(s) 'example_dynamic_task_mapping' retrieved from /home/airflow/.local/lib/python3.12/site-packages/airflow/example_dags/example_dynamic_task_mapping.py
[2025-04-11T20:24:27.482+0000] {logging_mixin.py:190} INFO - [2025-04-11T20:24:27.477+0000] {override.py:1912} INFO - Created Permission View: can read on DAG:example_dynamic_task_mapping
[2025-04-11T20:24:27.570+0000] {logging_mixin.py:190} INFO - [2025-04-11T20:24:27.570+0000] {override.py:1912} INFO - Created Permission View: can edit on DAG:example_dynamic_task_mapping
[2025-04-11T20:24:27.600+0000] {logging_mixin.py:190} INFO - [2025-04-11T20:24:27.600+0000] {override.py:1912} INFO - Created Permission View: can delete on DAG:example_dynamic_task_mapping
[2025-04-11T20:24:27.649+0000] {logging_mixin.py:190} INFO - [2025-04-11T20:24:27.648+0000] {override.py:1912} INFO - Created Permission View: can create on DAG Run:example_dynamic_task_mapping
[2025-04-11T20:24:27.694+0000] {logging_mixin.py:190} INFO - [2025-04-11T20:24:27.693+0000] {override.py:1912} INFO - Created Permission View: can read on DAG Run:example_dynamic_task_mapping
[2025-04-11T20:24:27.752+0000] {logging_mixin.py:190} INFO - [2025-04-11T20:24:27.752+0000] {override.py:1912} INFO - Created Permission View: can delete on DAG Run:example_dynamic_task_mapping
[2025-04-11T20:24:27.807+0000] {logging_mixin.py:190} INFO - [2025-04-11T20:24:27.806+0000] {override.py:1912} INFO - Created Permission View: menu access on DAG Run:example_dynamic_task_mapping
[2025-04-11T20:24:27.808+0000] {logging_mixin.py:190} INFO - [2025-04-11T20:24:27.808+0000] {dag.py:3239} INFO - Sync 1 DAGs
[2025-04-11T20:24:27.909+0000] {logging_mixin.py:190} INFO - [2025-04-11T20:24:27.909+0000] {dag.py:3262} INFO - Creating ORM DAG for example_dynamic_task_mapping
[2025-04-11T20:24:27.924+0000] {logging_mixin.py:190} INFO - [2025-04-11T20:24:27.924+0000] {dag.py:4180} INFO - Setting next_dagrun for example_dynamic_task_mapping to None, run_after=None
[2025-04-11T20:24:28.034+0000] {processor.py:208} INFO - Processing /home/airflow/.local/lib/python3.12/site-packages/airflow/example_dags/example_dynamic_task_mapping.py took 1.337 seconds
[2025-04-11T20:25:07.257+0000] {processor.py:186} INFO - Started process (PID=208) to work on /home/airflow/.local/lib/python3.12/site-packages/airflow/example_dags/example_dynamic_task_mapping.py
[2025-04-11T20:25:07.261+0000] {processor.py:914} INFO - Processing file /home/airflow/.local/lib/python3.12/site-packages/airflow/example_dags/example_dynamic_task_mapping.py for tasks to queue
[2025-04-11T20:25:07.281+0000] {logging_mixin.py:190} INFO - [2025-04-11T20:25:07.279+0000] {dagbag.py:588} INFO - Filling up the DagBag from /home/airflow/.local/lib/python3.12/site-packages/airflow/example_dags/example_dynamic_task_mapping.py
[2025-04-11T20:25:07.352+0000] {processor.py:925} INFO - DAG(s) 'example_dynamic_task_mapping' retrieved from /home/airflow/.local/lib/python3.12/site-packages/airflow/example_dags/example_dynamic_task_mapping.py
[2025-04-11T20:25:07.458+0000] {logging_mixin.py:190} INFO - [2025-04-11T20:25:07.457+0000] {dag.py:3239} INFO - Sync 1 DAGs
[2025-04-11T20:25:07.637+0000] {logging_mixin.py:190} INFO - [2025-04-11T20:25:07.636+0000] {dag.py:4180} INFO - Setting next_dagrun for example_dynamic_task_mapping to None, run_after=None
[2025-04-11T20:25:07.828+0000] {processor.py:208} INFO - Processing /home/airflow/.local/lib/python3.12/site-packages/airflow/example_dags/example_dynamic_task_mapping.py took 0.608 seconds
[2025-04-11T20:25:42.009+0000] {processor.py:186} INFO - Started process (PID=272) to work on /home/airflow/.local/lib/python3.12/site-packages/airflow/example_dags/example_dynamic_task_mapping.py
[2025-04-11T20:25:42.015+0000] {processor.py:914} INFO - Processing file /home/airflow/.local/lib/python3.12/site-packages/airflow/example_dags/example_dynamic_task_mapping.py for tasks to queue
[2025-04-11T20:25:42.028+0000] {logging_mixin.py:190} INFO - [2025-04-11T20:25:42.025+0000] {dagbag.py:588} INFO - Filling up the DagBag from /home/airflow/.local/lib/python3.12/site-packages/airflow/example_dags/example_dynamic_task_mapping.py
[2025-04-11T20:25:42.058+0000] {processor.py:925} INFO - DAG(s) 'example_dynamic_task_mapping' retrieved from /home/airflow/.local/lib/python3.12/site-packages/airflow/example_dags/example_dynamic_task_mapping.py
[2025-04-11T20:25:42.157+0000] {logging_mixin.py:190} INFO - [2025-04-11T20:25:42.156+0000] {dag.py:3239} INFO - Sync 1 DAGs
[2025-04-11T20:25:42.230+0000] {logging_mixin.py:190} INFO - [2025-04-11T20:25:42.229+0000] {dag.py:4180} INFO - Setting next_dagrun for example_dynamic_task_mapping to None, run_after=None
[2025-04-11T20:25:42.345+0000] {processor.py:208} INFO - Processing /home/airflow/.local/lib/python3.12/site-packages/airflow/example_dags/example_dynamic_task_mapping.py took 0.361 seconds
[2025-04-11T20:28:46.615+0000] {processor.py:186} INFO - Started process (PID=110) to work on /home/airflow/.local/lib/python3.12/site-packages/airflow/example_dags/example_dynamic_task_mapping.py
[2025-04-11T20:28:46.629+0000] {processor.py:914} INFO - Processing file /home/airflow/.local/lib/python3.12/site-packages/airflow/example_dags/example_dynamic_task_mapping.py for tasks to queue
[2025-04-11T20:28:46.640+0000] {logging_mixin.py:190} INFO - [2025-04-11T20:28:46.639+0000] {dagbag.py:588} INFO - Filling up the DagBag from /home/airflow/.local/lib/python3.12/site-packages/airflow/example_dags/example_dynamic_task_mapping.py
[2025-04-11T20:28:46.682+0000] {processor.py:925} INFO - DAG(s) 'example_dynamic_task_mapping' retrieved from /home/airflow/.local/lib/python3.12/site-packages/airflow/example_dags/example_dynamic_task_mapping.py
[2025-04-11T20:28:46.731+0000] {logging_mixin.py:190} INFO - [2025-04-11T20:28:46.731+0000] {dag.py:3239} INFO - Sync 1 DAGs
[2025-04-11T20:28:46.800+0000] {logging_mixin.py:190} INFO - [2025-04-11T20:28:46.800+0000] {dag.py:4180} INFO - Setting next_dagrun for example_dynamic_task_mapping to None, run_after=None
[2025-04-11T20:28:46.898+0000] {processor.py:208} INFO - Processing /home/airflow/.local/lib/python3.12/site-packages/airflow/example_dags/example_dynamic_task_mapping.py took 0.322 seconds
[2025-04-11T20:29:18.842+0000] {processor.py:186} INFO - Started process (PID=172) to work on /home/airflow/.local/lib/python3.12/site-packages/airflow/example_dags/example_dynamic_task_mapping.py
[2025-04-11T20:29:18.849+0000] {processor.py:914} INFO - Processing file /home/airflow/.local/lib/python3.12/site-packages/airflow/example_dags/example_dynamic_task_mapping.py for tasks to queue
[2025-04-11T20:29:18.858+0000] {logging_mixin.py:190} INFO - [2025-04-11T20:29:18.857+0000] {dagbag.py:588} INFO - Filling up the DagBag from /home/airflow/.local/lib/python3.12/site-packages/airflow/example_dags/example_dynamic_task_mapping.py
[2025-04-11T20:29:18.919+0000] {processor.py:925} INFO - DAG(s) 'example_dynamic_task_mapping' retrieved from /home/airflow/.local/lib/python3.12/site-packages/airflow/example_dags/example_dynamic_task_mapping.py
[2025-04-11T20:29:19.023+0000] {logging_mixin.py:190} INFO - [2025-04-11T20:29:19.022+0000] {dag.py:3239} INFO - Sync 1 DAGs
[2025-04-11T20:29:19.109+0000] {logging_mixin.py:190} INFO - [2025-04-11T20:29:19.107+0000] {dag.py:4180} INFO - Setting next_dagrun for example_dynamic_task_mapping to None, run_after=None
[2025-04-11T20:29:19.166+0000] {processor.py:208} INFO - Processing /home/airflow/.local/lib/python3.12/site-packages/airflow/example_dags/example_dynamic_task_mapping.py took 0.358 seconds
[2025-04-11T20:29:49.636+0000] {processor.py:186} INFO - Started process (PID=235) to work on /home/airflow/.local/lib/python3.12/site-packages/airflow/example_dags/example_dynamic_task_mapping.py
[2025-04-11T20:29:49.642+0000] {processor.py:914} INFO - Processing file /home/airflow/.local/lib/python3.12/site-packages/airflow/example_dags/example_dynamic_task_mapping.py for tasks to queue
[2025-04-11T20:29:49.748+0000] {logging_mixin.py:190} INFO - [2025-04-11T20:29:49.747+0000] {dagbag.py:588} INFO - Filling up the DagBag from /home/airflow/.local/lib/python3.12/site-packages/airflow/example_dags/example_dynamic_task_mapping.py
[2025-04-11T20:29:49.864+0000] {processor.py:925} INFO - DAG(s) 'example_dynamic_task_mapping' retrieved from /home/airflow/.local/lib/python3.12/site-packages/airflow/example_dags/example_dynamic_task_mapping.py
[2025-04-11T20:29:50.113+0000] {logging_mixin.py:190} INFO - [2025-04-11T20:29:50.100+0000] {dag.py:3239} INFO - Sync 1 DAGs
[2025-04-11T20:29:50.612+0000] {logging_mixin.py:190} INFO - [2025-04-11T20:29:50.612+0000] {dag.py:4180} INFO - Setting next_dagrun for example_dynamic_task_mapping to None, run_after=None
[2025-04-11T20:29:50.764+0000] {processor.py:208} INFO - Processing /home/airflow/.local/lib/python3.12/site-packages/airflow/example_dags/example_dynamic_task_mapping.py took 1.173 seconds
[2025-04-11T20:31:02.793+0000] {processor.py:186} INFO - Started process (PID=315) to work on /home/airflow/.local/lib/python3.12/site-packages/airflow/example_dags/example_dynamic_task_mapping.py
[2025-04-11T20:31:02.796+0000] {processor.py:914} INFO - Processing file /home/airflow/.local/lib/python3.12/site-packages/airflow/example_dags/example_dynamic_task_mapping.py for tasks to queue
[2025-04-11T20:31:02.811+0000] {logging_mixin.py:190} INFO - [2025-04-11T20:31:02.811+0000] {dagbag.py:588} INFO - Filling up the DagBag from /home/airflow/.local/lib/python3.12/site-packages/airflow/example_dags/example_dynamic_task_mapping.py
[2025-04-11T20:31:02.866+0000] {processor.py:925} INFO - DAG(s) 'example_dynamic_task_mapping' retrieved from /home/airflow/.local/lib/python3.12/site-packages/airflow/example_dags/example_dynamic_task_mapping.py
[2025-04-11T20:31:02.971+0000] {logging_mixin.py:190} INFO - [2025-04-11T20:31:02.970+0000] {dag.py:3239} INFO - Sync 1 DAGs
[2025-04-11T20:31:03.094+0000] {logging_mixin.py:190} INFO - [2025-04-11T20:31:03.094+0000] {dag.py:4180} INFO - Setting next_dagrun for example_dynamic_task_mapping to None, run_after=None
[2025-04-11T20:31:03.301+0000] {processor.py:208} INFO - Processing /home/airflow/.local/lib/python3.12/site-packages/airflow/example_dags/example_dynamic_task_mapping.py took 0.552 seconds
[2025-04-11T20:31:33.705+0000] {processor.py:186} INFO - Started process (PID=378) to work on /home/airflow/.local/lib/python3.12/site-packages/airflow/example_dags/example_dynamic_task_mapping.py
[2025-04-11T20:31:33.708+0000] {processor.py:914} INFO - Processing file /home/airflow/.local/lib/python3.12/site-packages/airflow/example_dags/example_dynamic_task_mapping.py for tasks to queue
[2025-04-11T20:31:33.714+0000] {logging_mixin.py:190} INFO - [2025-04-11T20:31:33.713+0000] {dagbag.py:588} INFO - Filling up the DagBag from /home/airflow/.local/lib/python3.12/site-packages/airflow/example_dags/example_dynamic_task_mapping.py
[2025-04-11T20:31:33.732+0000] {processor.py:925} INFO - DAG(s) 'example_dynamic_task_mapping' retrieved from /home/airflow/.local/lib/python3.12/site-packages/airflow/example_dags/example_dynamic_task_mapping.py
[2025-04-11T20:31:33.776+0000] {logging_mixin.py:190} INFO - [2025-04-11T20:31:33.775+0000] {dag.py:3239} INFO - Sync 1 DAGs
[2025-04-11T20:31:33.812+0000] {logging_mixin.py:190} INFO - [2025-04-11T20:31:33.811+0000] {dag.py:4180} INFO - Setting next_dagrun for example_dynamic_task_mapping to None, run_after=None
[2025-04-11T20:31:33.856+0000] {processor.py:208} INFO - Processing /home/airflow/.local/lib/python3.12/site-packages/airflow/example_dags/example_dynamic_task_mapping.py took 0.163 seconds
[2025-04-11T20:32:04.235+0000] {processor.py:186} INFO - Started process (PID=442) to work on /home/airflow/.local/lib/python3.12/site-packages/airflow/example_dags/example_dynamic_task_mapping.py
[2025-04-11T20:32:04.239+0000] {processor.py:914} INFO - Processing file /home/airflow/.local/lib/python3.12/site-packages/airflow/example_dags/example_dynamic_task_mapping.py for tasks to queue
[2025-04-11T20:32:04.288+0000] {logging_mixin.py:190} INFO - [2025-04-11T20:32:04.272+0000] {dagbag.py:588} INFO - Filling up the DagBag from /home/airflow/.local/lib/python3.12/site-packages/airflow/example_dags/example_dynamic_task_mapping.py
[2025-04-11T20:32:04.357+0000] {processor.py:925} INFO - DAG(s) 'example_dynamic_task_mapping' retrieved from /home/airflow/.local/lib/python3.12/site-packages/airflow/example_dags/example_dynamic_task_mapping.py
[2025-04-11T20:32:04.443+0000] {logging_mixin.py:190} INFO - [2025-04-11T20:32:04.442+0000] {dag.py:3239} INFO - Sync 1 DAGs
[2025-04-11T20:32:04.494+0000] {logging_mixin.py:190} INFO - [2025-04-11T20:32:04.494+0000] {dag.py:4180} INFO - Setting next_dagrun for example_dynamic_task_mapping to None, run_after=None
[2025-04-11T20:32:04.544+0000] {processor.py:208} INFO - Processing /home/airflow/.local/lib/python3.12/site-packages/airflow/example_dags/example_dynamic_task_mapping.py took 0.325 seconds
[2025-04-11T20:33:19.766+0000] {processor.py:186} INFO - Started process (PID=524) to work on /home/airflow/.local/lib/python3.12/site-packages/airflow/example_dags/example_dynamic_task_mapping.py
[2025-04-11T20:33:19.796+0000] {processor.py:914} INFO - Processing file /home/airflow/.local/lib/python3.12/site-packages/airflow/example_dags/example_dynamic_task_mapping.py for tasks to queue
[2025-04-11T20:33:19.810+0000] {logging_mixin.py:190} INFO - [2025-04-11T20:33:19.805+0000] {dagbag.py:588} INFO - Filling up the DagBag from /home/airflow/.local/lib/python3.12/site-packages/airflow/example_dags/example_dynamic_task_mapping.py
[2025-04-11T20:33:19.878+0000] {processor.py:925} INFO - DAG(s) 'example_dynamic_task_mapping' retrieved from /home/airflow/.local/lib/python3.12/site-packages/airflow/example_dags/example_dynamic_task_mapping.py
[2025-04-11T20:33:19.995+0000] {logging_mixin.py:190} INFO - [2025-04-11T20:33:19.994+0000] {dag.py:3239} INFO - Sync 1 DAGs
[2025-04-11T20:33:20.279+0000] {logging_mixin.py:190} INFO - [2025-04-11T20:33:20.278+0000] {dag.py:4180} INFO - Setting next_dagrun for example_dynamic_task_mapping to None, run_after=None
[2025-04-11T20:33:20.421+0000] {processor.py:208} INFO - Processing /home/airflow/.local/lib/python3.12/site-packages/airflow/example_dags/example_dynamic_task_mapping.py took 0.719 seconds
[2025-04-11T20:36:04.217+0000] {processor.py:186} INFO - Started process (PID=113) to work on /home/airflow/.local/lib/python3.12/site-packages/airflow/example_dags/example_dynamic_task_mapping.py
[2025-04-11T20:36:04.224+0000] {processor.py:914} INFO - Processing file /home/airflow/.local/lib/python3.12/site-packages/airflow/example_dags/example_dynamic_task_mapping.py for tasks to queue
[2025-04-11T20:36:04.230+0000] {logging_mixin.py:190} INFO - [2025-04-11T20:36:04.230+0000] {dagbag.py:588} INFO - Filling up the DagBag from /home/airflow/.local/lib/python3.12/site-packages/airflow/example_dags/example_dynamic_task_mapping.py
[2025-04-11T20:36:04.260+0000] {processor.py:925} INFO - DAG(s) 'example_dynamic_task_mapping' retrieved from /home/airflow/.local/lib/python3.12/site-packages/airflow/example_dags/example_dynamic_task_mapping.py
[2025-04-11T20:36:04.316+0000] {logging_mixin.py:190} INFO - [2025-04-11T20:36:04.316+0000] {dag.py:3239} INFO - Sync 1 DAGs
[2025-04-11T20:36:04.353+0000] {logging_mixin.py:190} INFO - [2025-04-11T20:36:04.353+0000] {dag.py:4180} INFO - Setting next_dagrun for example_dynamic_task_mapping to None, run_after=None
[2025-04-11T20:36:04.400+0000] {processor.py:208} INFO - Processing /home/airflow/.local/lib/python3.12/site-packages/airflow/example_dags/example_dynamic_task_mapping.py took 0.194 seconds
[2025-04-11T20:36:34.986+0000] {processor.py:186} INFO - Started process (PID=176) to work on /home/airflow/.local/lib/python3.12/site-packages/airflow/example_dags/example_dynamic_task_mapping.py
[2025-04-11T20:36:34.988+0000] {processor.py:914} INFO - Processing file /home/airflow/.local/lib/python3.12/site-packages/airflow/example_dags/example_dynamic_task_mapping.py for tasks to queue
[2025-04-11T20:36:34.993+0000] {logging_mixin.py:190} INFO - [2025-04-11T20:36:34.992+0000] {dagbag.py:588} INFO - Filling up the DagBag from /home/airflow/.local/lib/python3.12/site-packages/airflow/example_dags/example_dynamic_task_mapping.py
[2025-04-11T20:36:35.008+0000] {processor.py:925} INFO - DAG(s) 'example_dynamic_task_mapping' retrieved from /home/airflow/.local/lib/python3.12/site-packages/airflow/example_dags/example_dynamic_task_mapping.py
[2025-04-11T20:36:35.045+0000] {logging_mixin.py:190} INFO - [2025-04-11T20:36:35.045+0000] {dag.py:3239} INFO - Sync 1 DAGs
[2025-04-11T20:36:35.072+0000] {logging_mixin.py:190} INFO - [2025-04-11T20:36:35.071+0000] {dag.py:4180} INFO - Setting next_dagrun for example_dynamic_task_mapping to None, run_after=None
[2025-04-11T20:36:35.109+0000] {processor.py:208} INFO - Processing /home/airflow/.local/lib/python3.12/site-packages/airflow/example_dags/example_dynamic_task_mapping.py took 0.134 seconds
[2025-04-11T20:37:15.914+0000] {processor.py:186} INFO - Started process (PID=245) to work on /home/airflow/.local/lib/python3.12/site-packages/airflow/example_dags/example_dynamic_task_mapping.py
[2025-04-11T20:37:15.917+0000] {processor.py:914} INFO - Processing file /home/airflow/.local/lib/python3.12/site-packages/airflow/example_dags/example_dynamic_task_mapping.py for tasks to queue
[2025-04-11T20:37:15.934+0000] {logging_mixin.py:190} INFO - [2025-04-11T20:37:15.932+0000] {dagbag.py:588} INFO - Filling up the DagBag from /home/airflow/.local/lib/python3.12/site-packages/airflow/example_dags/example_dynamic_task_mapping.py
[2025-04-11T20:37:15.980+0000] {processor.py:925} INFO - DAG(s) 'example_dynamic_task_mapping' retrieved from /home/airflow/.local/lib/python3.12/site-packages/airflow/example_dags/example_dynamic_task_mapping.py
[2025-04-11T20:37:16.088+0000] {logging_mixin.py:190} INFO - [2025-04-11T20:37:16.087+0000] {dag.py:3239} INFO - Sync 1 DAGs
[2025-04-11T20:37:16.218+0000] {logging_mixin.py:190} INFO - [2025-04-11T20:37:16.214+0000] {dag.py:4180} INFO - Setting next_dagrun for example_dynamic_task_mapping to None, run_after=None
[2025-04-11T20:37:16.440+0000] {processor.py:208} INFO - Processing /home/airflow/.local/lib/python3.12/site-packages/airflow/example_dags/example_dynamic_task_mapping.py took 0.574 seconds
[2025-04-11T20:38:11.211+0000] {processor.py:186} INFO - Started process (PID=323) to work on /home/airflow/.local/lib/python3.12/site-packages/airflow/example_dags/example_dynamic_task_mapping.py
[2025-04-11T20:38:11.217+0000] {processor.py:914} INFO - Processing file /home/airflow/.local/lib/python3.12/site-packages/airflow/example_dags/example_dynamic_task_mapping.py for tasks to queue
[2025-04-11T20:38:11.230+0000] {logging_mixin.py:190} INFO - [2025-04-11T20:38:11.229+0000] {dagbag.py:588} INFO - Filling up the DagBag from /home/airflow/.local/lib/python3.12/site-packages/airflow/example_dags/example_dynamic_task_mapping.py
[2025-04-11T20:38:11.467+0000] {processor.py:925} INFO - DAG(s) 'example_dynamic_task_mapping' retrieved from /home/airflow/.local/lib/python3.12/site-packages/airflow/example_dags/example_dynamic_task_mapping.py
[2025-04-11T20:38:11.554+0000] {logging_mixin.py:190} INFO - [2025-04-11T20:38:11.553+0000] {dag.py:3239} INFO - Sync 1 DAGs
[2025-04-11T20:38:11.672+0000] {logging_mixin.py:190} INFO - [2025-04-11T20:38:11.672+0000] {dag.py:4180} INFO - Setting next_dagrun for example_dynamic_task_mapping to None, run_after=None
[2025-04-11T20:38:11.790+0000] {processor.py:208} INFO - Processing /home/airflow/.local/lib/python3.12/site-packages/airflow/example_dags/example_dynamic_task_mapping.py took 0.648 seconds
[2025-04-11T20:39:00.634+0000] {processor.py:186} INFO - Started process (PID=390) to work on /home/airflow/.local/lib/python3.12/site-packages/airflow/example_dags/example_dynamic_task_mapping.py
[2025-04-11T20:39:00.670+0000] {processor.py:914} INFO - Processing file /home/airflow/.local/lib/python3.12/site-packages/airflow/example_dags/example_dynamic_task_mapping.py for tasks to queue
[2025-04-11T20:39:00.688+0000] {logging_mixin.py:190} INFO - [2025-04-11T20:39:00.688+0000] {dagbag.py:588} INFO - Filling up the DagBag from /home/airflow/.local/lib/python3.12/site-packages/airflow/example_dags/example_dynamic_task_mapping.py
[2025-04-11T20:39:00.837+0000] {processor.py:925} INFO - DAG(s) 'example_dynamic_task_mapping' retrieved from /home/airflow/.local/lib/python3.12/site-packages/airflow/example_dags/example_dynamic_task_mapping.py
[2025-04-11T20:39:01.015+0000] {logging_mixin.py:190} INFO - [2025-04-11T20:39:01.015+0000] {dag.py:3239} INFO - Sync 1 DAGs
[2025-04-11T20:39:01.241+0000] {logging_mixin.py:190} INFO - [2025-04-11T20:39:01.239+0000] {dag.py:4180} INFO - Setting next_dagrun for example_dynamic_task_mapping to None, run_after=None
[2025-04-11T20:39:01.539+0000] {processor.py:208} INFO - Processing /home/airflow/.local/lib/python3.12/site-packages/airflow/example_dags/example_dynamic_task_mapping.py took 1.004 seconds
[2025-04-11T20:40:10.234+0000] {processor.py:186} INFO - Started process (PID=467) to work on /home/airflow/.local/lib/python3.12/site-packages/airflow/example_dags/example_dynamic_task_mapping.py
[2025-04-11T20:40:10.241+0000] {processor.py:914} INFO - Processing file /home/airflow/.local/lib/python3.12/site-packages/airflow/example_dags/example_dynamic_task_mapping.py for tasks to queue
[2025-04-11T20:40:10.250+0000] {logging_mixin.py:190} INFO - [2025-04-11T20:40:10.249+0000] {dagbag.py:588} INFO - Filling up the DagBag from /home/airflow/.local/lib/python3.12/site-packages/airflow/example_dags/example_dynamic_task_mapping.py
[2025-04-11T20:40:10.296+0000] {processor.py:925} INFO - DAG(s) 'example_dynamic_task_mapping' retrieved from /home/airflow/.local/lib/python3.12/site-packages/airflow/example_dags/example_dynamic_task_mapping.py
[2025-04-11T20:40:10.440+0000] {logging_mixin.py:190} INFO - [2025-04-11T20:40:10.440+0000] {dag.py:3239} INFO - Sync 1 DAGs
[2025-04-11T20:40:10.520+0000] {logging_mixin.py:190} INFO - [2025-04-11T20:40:10.519+0000] {dag.py:4180} INFO - Setting next_dagrun for example_dynamic_task_mapping to None, run_after=None
[2025-04-11T20:40:10.583+0000] {processor.py:208} INFO - Processing /home/airflow/.local/lib/python3.12/site-packages/airflow/example_dags/example_dynamic_task_mapping.py took 0.379 seconds
[2025-04-11T20:40:57.308+0000] {processor.py:186} INFO - Started process (PID=536) to work on /home/airflow/.local/lib/python3.12/site-packages/airflow/example_dags/example_dynamic_task_mapping.py
[2025-04-11T20:40:57.311+0000] {processor.py:914} INFO - Processing file /home/airflow/.local/lib/python3.12/site-packages/airflow/example_dags/example_dynamic_task_mapping.py for tasks to queue
[2025-04-11T20:40:57.319+0000] {logging_mixin.py:190} INFO - [2025-04-11T20:40:57.319+0000] {dagbag.py:588} INFO - Filling up the DagBag from /home/airflow/.local/lib/python3.12/site-packages/airflow/example_dags/example_dynamic_task_mapping.py
[2025-04-11T20:40:57.370+0000] {processor.py:925} INFO - DAG(s) 'example_dynamic_task_mapping' retrieved from /home/airflow/.local/lib/python3.12/site-packages/airflow/example_dags/example_dynamic_task_mapping.py
[2025-04-11T20:40:57.439+0000] {logging_mixin.py:190} INFO - [2025-04-11T20:40:57.438+0000] {dag.py:3239} INFO - Sync 1 DAGs
[2025-04-11T20:40:57.502+0000] {logging_mixin.py:190} INFO - [2025-04-11T20:40:57.502+0000] {dag.py:4180} INFO - Setting next_dagrun for example_dynamic_task_mapping to None, run_after=None
[2025-04-11T20:40:57.579+0000] {processor.py:208} INFO - Processing /home/airflow/.local/lib/python3.12/site-packages/airflow/example_dags/example_dynamic_task_mapping.py took 0.299 seconds
[2025-04-11T20:41:36.639+0000] {processor.py:186} INFO - Started process (PID=605) to work on /home/airflow/.local/lib/python3.12/site-packages/airflow/example_dags/example_dynamic_task_mapping.py
[2025-04-11T20:41:36.644+0000] {processor.py:914} INFO - Processing file /home/airflow/.local/lib/python3.12/site-packages/airflow/example_dags/example_dynamic_task_mapping.py for tasks to queue
[2025-04-11T20:41:36.657+0000] {logging_mixin.py:190} INFO - [2025-04-11T20:41:36.651+0000] {dagbag.py:588} INFO - Filling up the DagBag from /home/airflow/.local/lib/python3.12/site-packages/airflow/example_dags/example_dynamic_task_mapping.py
[2025-04-11T20:41:36.699+0000] {processor.py:925} INFO - DAG(s) 'example_dynamic_task_mapping' retrieved from /home/airflow/.local/lib/python3.12/site-packages/airflow/example_dags/example_dynamic_task_mapping.py
[2025-04-11T20:41:36.776+0000] {logging_mixin.py:190} INFO - [2025-04-11T20:41:36.775+0000] {dag.py:3239} INFO - Sync 1 DAGs
[2025-04-11T20:41:36.860+0000] {logging_mixin.py:190} INFO - [2025-04-11T20:41:36.860+0000] {dag.py:4180} INFO - Setting next_dagrun for example_dynamic_task_mapping to None, run_after=None
[2025-04-11T20:41:36.963+0000] {processor.py:208} INFO - Processing /home/airflow/.local/lib/python3.12/site-packages/airflow/example_dags/example_dynamic_task_mapping.py took 0.351 seconds
[2025-04-11T20:43:17.477+0000] {processor.py:186} INFO - Started process (PID=694) to work on /home/airflow/.local/lib/python3.12/site-packages/airflow/example_dags/example_dynamic_task_mapping.py
[2025-04-11T20:43:17.485+0000] {processor.py:914} INFO - Processing file /home/airflow/.local/lib/python3.12/site-packages/airflow/example_dags/example_dynamic_task_mapping.py for tasks to queue
[2025-04-11T20:43:17.526+0000] {logging_mixin.py:190} INFO - [2025-04-11T20:43:17.525+0000] {dagbag.py:588} INFO - Filling up the DagBag from /home/airflow/.local/lib/python3.12/site-packages/airflow/example_dags/example_dynamic_task_mapping.py
[2025-04-11T20:43:17.665+0000] {processor.py:925} INFO - DAG(s) 'example_dynamic_task_mapping' retrieved from /home/airflow/.local/lib/python3.12/site-packages/airflow/example_dags/example_dynamic_task_mapping.py
[2025-04-11T20:43:20.694+0000] {logging_mixin.py:190} INFO - [2025-04-11T20:43:20.693+0000] {dag.py:3239} INFO - Sync 1 DAGs
[2025-04-11T20:43:21.697+0000] {logging_mixin.py:190} INFO - [2025-04-11T20:43:21.696+0000] {dag.py:4180} INFO - Setting next_dagrun for example_dynamic_task_mapping to None, run_after=None
[2025-04-11T20:43:22.600+0000] {processor.py:208} INFO - Processing /home/airflow/.local/lib/python3.12/site-packages/airflow/example_dags/example_dynamic_task_mapping.py took 5.525 seconds
[2025-04-11T20:44:14.732+0000] {processor.py:186} INFO - Started process (PID=763) to work on /home/airflow/.local/lib/python3.12/site-packages/airflow/example_dags/example_dynamic_task_mapping.py
[2025-04-11T20:44:14.736+0000] {processor.py:914} INFO - Processing file /home/airflow/.local/lib/python3.12/site-packages/airflow/example_dags/example_dynamic_task_mapping.py for tasks to queue
[2025-04-11T20:44:14.742+0000] {logging_mixin.py:190} INFO - [2025-04-11T20:44:14.742+0000] {dagbag.py:588} INFO - Filling up the DagBag from /home/airflow/.local/lib/python3.12/site-packages/airflow/example_dags/example_dynamic_task_mapping.py
[2025-04-11T20:44:14.774+0000] {processor.py:925} INFO - DAG(s) 'example_dynamic_task_mapping' retrieved from /home/airflow/.local/lib/python3.12/site-packages/airflow/example_dags/example_dynamic_task_mapping.py
[2025-04-11T20:44:14.837+0000] {logging_mixin.py:190} INFO - [2025-04-11T20:44:14.837+0000] {dag.py:3239} INFO - Sync 1 DAGs
[2025-04-11T20:44:14.898+0000] {logging_mixin.py:190} INFO - [2025-04-11T20:44:14.897+0000] {dag.py:4180} INFO - Setting next_dagrun for example_dynamic_task_mapping to None, run_after=None
[2025-04-11T20:44:14.973+0000] {processor.py:208} INFO - Processing /home/airflow/.local/lib/python3.12/site-packages/airflow/example_dags/example_dynamic_task_mapping.py took 0.262 seconds
[2025-04-11T20:44:48.452+0000] {processor.py:186} INFO - Started process (PID=826) to work on /home/airflow/.local/lib/python3.12/site-packages/airflow/example_dags/example_dynamic_task_mapping.py
[2025-04-11T20:44:48.459+0000] {processor.py:914} INFO - Processing file /home/airflow/.local/lib/python3.12/site-packages/airflow/example_dags/example_dynamic_task_mapping.py for tasks to queue
[2025-04-11T20:44:48.465+0000] {logging_mixin.py:190} INFO - [2025-04-11T20:44:48.464+0000] {dagbag.py:588} INFO - Filling up the DagBag from /home/airflow/.local/lib/python3.12/site-packages/airflow/example_dags/example_dynamic_task_mapping.py
[2025-04-11T20:44:48.490+0000] {processor.py:925} INFO - DAG(s) 'example_dynamic_task_mapping' retrieved from /home/airflow/.local/lib/python3.12/site-packages/airflow/example_dags/example_dynamic_task_mapping.py
[2025-04-11T20:44:48.570+0000] {logging_mixin.py:190} INFO - [2025-04-11T20:44:48.569+0000] {dag.py:3239} INFO - Sync 1 DAGs
[2025-04-11T20:44:48.629+0000] {logging_mixin.py:190} INFO - [2025-04-11T20:44:48.629+0000] {dag.py:4180} INFO - Setting next_dagrun for example_dynamic_task_mapping to None, run_after=None
[2025-04-11T20:44:48.679+0000] {processor.py:208} INFO - Processing /home/airflow/.local/lib/python3.12/site-packages/airflow/example_dags/example_dynamic_task_mapping.py took 0.242 seconds
[2025-04-11T20:45:21.756+0000] {processor.py:186} INFO - Started process (PID=889) to work on /home/airflow/.local/lib/python3.12/site-packages/airflow/example_dags/example_dynamic_task_mapping.py
[2025-04-11T20:45:21.760+0000] {processor.py:914} INFO - Processing file /home/airflow/.local/lib/python3.12/site-packages/airflow/example_dags/example_dynamic_task_mapping.py for tasks to queue
[2025-04-11T20:45:21.773+0000] {logging_mixin.py:190} INFO - [2025-04-11T20:45:21.772+0000] {dagbag.py:588} INFO - Filling up the DagBag from /home/airflow/.local/lib/python3.12/site-packages/airflow/example_dags/example_dynamic_task_mapping.py
[2025-04-11T20:45:21.835+0000] {processor.py:925} INFO - DAG(s) 'example_dynamic_task_mapping' retrieved from /home/airflow/.local/lib/python3.12/site-packages/airflow/example_dags/example_dynamic_task_mapping.py
[2025-04-11T20:45:22.282+0000] {logging_mixin.py:190} INFO - [2025-04-11T20:45:22.280+0000] {dag.py:3239} INFO - Sync 1 DAGs
[2025-04-11T20:45:22.440+0000] {logging_mixin.py:190} INFO - [2025-04-11T20:45:22.439+0000] {dag.py:4180} INFO - Setting next_dagrun for example_dynamic_task_mapping to None, run_after=None
[2025-04-11T20:45:22.719+0000] {processor.py:208} INFO - Processing /home/airflow/.local/lib/python3.12/site-packages/airflow/example_dags/example_dynamic_task_mapping.py took 0.988 seconds
[2025-04-11T20:47:03.604+0000] {processor.py:186} INFO - Started process (PID=992) to work on /home/airflow/.local/lib/python3.12/site-packages/airflow/example_dags/example_dynamic_task_mapping.py
[2025-04-11T20:47:03.691+0000] {processor.py:914} INFO - Processing file /home/airflow/.local/lib/python3.12/site-packages/airflow/example_dags/example_dynamic_task_mapping.py for tasks to queue
[2025-04-11T20:47:03.878+0000] {logging_mixin.py:190} INFO - [2025-04-11T20:47:03.783+0000] {dagbag.py:588} INFO - Filling up the DagBag from /home/airflow/.local/lib/python3.12/site-packages/airflow/example_dags/example_dynamic_task_mapping.py
[2025-04-11T20:47:04.790+0000] {processor.py:925} INFO - DAG(s) 'example_dynamic_task_mapping' retrieved from /home/airflow/.local/lib/python3.12/site-packages/airflow/example_dags/example_dynamic_task_mapping.py
[2025-04-11T20:47:05.507+0000] {logging_mixin.py:190} INFO - [2025-04-11T20:47:05.506+0000] {dag.py:3239} INFO - Sync 1 DAGs
[2025-04-11T20:47:05.835+0000] {logging_mixin.py:190} INFO - [2025-04-11T20:47:05.828+0000] {dag.py:4180} INFO - Setting next_dagrun for example_dynamic_task_mapping to None, run_after=None
[2025-04-11T20:47:06.008+0000] {processor.py:208} INFO - Processing /home/airflow/.local/lib/python3.12/site-packages/airflow/example_dags/example_dynamic_task_mapping.py took 2.752 seconds
[2025-04-11T20:49:46.801+0000] {processor.py:186} INFO - Started process (PID=1101) to work on /home/airflow/.local/lib/python3.12/site-packages/airflow/example_dags/example_dynamic_task_mapping.py
[2025-04-11T20:49:46.818+0000] {processor.py:914} INFO - Processing file /home/airflow/.local/lib/python3.12/site-packages/airflow/example_dags/example_dynamic_task_mapping.py for tasks to queue
[2025-04-11T20:49:46.826+0000] {logging_mixin.py:190} INFO - [2025-04-11T20:49:46.826+0000] {dagbag.py:588} INFO - Filling up the DagBag from /home/airflow/.local/lib/python3.12/site-packages/airflow/example_dags/example_dynamic_task_mapping.py
[2025-04-11T20:49:46.871+0000] {processor.py:925} INFO - DAG(s) 'example_dynamic_task_mapping' retrieved from /home/airflow/.local/lib/python3.12/site-packages/airflow/example_dags/example_dynamic_task_mapping.py
[2025-04-11T20:49:46.978+0000] {logging_mixin.py:190} INFO - [2025-04-11T20:49:46.977+0000] {dag.py:3239} INFO - Sync 1 DAGs
[2025-04-11T20:49:47.060+0000] {logging_mixin.py:190} INFO - [2025-04-11T20:49:47.059+0000] {dag.py:4180} INFO - Setting next_dagrun for example_dynamic_task_mapping to None, run_after=None
[2025-04-11T20:49:47.144+0000] {processor.py:208} INFO - Processing /home/airflow/.local/lib/python3.12/site-packages/airflow/example_dags/example_dynamic_task_mapping.py took 0.393 seconds
[2025-04-11T20:50:24.703+0000] {processor.py:186} INFO - Started process (PID=1164) to work on /home/airflow/.local/lib/python3.12/site-packages/airflow/example_dags/example_dynamic_task_mapping.py
[2025-04-11T20:50:24.707+0000] {processor.py:914} INFO - Processing file /home/airflow/.local/lib/python3.12/site-packages/airflow/example_dags/example_dynamic_task_mapping.py for tasks to queue
[2025-04-11T20:50:24.716+0000] {logging_mixin.py:190} INFO - [2025-04-11T20:50:24.715+0000] {dagbag.py:588} INFO - Filling up the DagBag from /home/airflow/.local/lib/python3.12/site-packages/airflow/example_dags/example_dynamic_task_mapping.py
[2025-04-11T20:50:24.750+0000] {processor.py:925} INFO - DAG(s) 'example_dynamic_task_mapping' retrieved from /home/airflow/.local/lib/python3.12/site-packages/airflow/example_dags/example_dynamic_task_mapping.py
[2025-04-11T20:50:24.818+0000] {logging_mixin.py:190} INFO - [2025-04-11T20:50:24.818+0000] {dag.py:3239} INFO - Sync 1 DAGs
[2025-04-11T20:50:24.896+0000] {logging_mixin.py:190} INFO - [2025-04-11T20:50:24.896+0000] {dag.py:4180} INFO - Setting next_dagrun for example_dynamic_task_mapping to None, run_after=None
[2025-04-11T20:50:24.968+0000] {processor.py:208} INFO - Processing /home/airflow/.local/lib/python3.12/site-packages/airflow/example_dags/example_dynamic_task_mapping.py took 0.288 seconds
[2025-04-11T20:51:30.038+0000] {processor.py:186} INFO - Started process (PID=1233) to work on /home/airflow/.local/lib/python3.12/site-packages/airflow/example_dags/example_dynamic_task_mapping.py
[2025-04-11T20:51:30.045+0000] {processor.py:914} INFO - Processing file /home/airflow/.local/lib/python3.12/site-packages/airflow/example_dags/example_dynamic_task_mapping.py for tasks to queue
[2025-04-11T20:51:30.071+0000] {logging_mixin.py:190} INFO - [2025-04-11T20:51:30.070+0000] {dagbag.py:588} INFO - Filling up the DagBag from /home/airflow/.local/lib/python3.12/site-packages/airflow/example_dags/example_dynamic_task_mapping.py
[2025-04-11T20:51:30.165+0000] {processor.py:925} INFO - DAG(s) 'example_dynamic_task_mapping' retrieved from /home/airflow/.local/lib/python3.12/site-packages/airflow/example_dags/example_dynamic_task_mapping.py
[2025-04-11T20:51:30.321+0000] {logging_mixin.py:190} INFO - [2025-04-11T20:51:30.321+0000] {dag.py:3239} INFO - Sync 1 DAGs
[2025-04-11T20:51:30.646+0000] {logging_mixin.py:190} INFO - [2025-04-11T20:51:30.646+0000] {dag.py:4180} INFO - Setting next_dagrun for example_dynamic_task_mapping to None, run_after=None
[2025-04-11T20:51:30.979+0000] {processor.py:208} INFO - Processing /home/airflow/.local/lib/python3.12/site-packages/airflow/example_dags/example_dynamic_task_mapping.py took 0.984 seconds
[2025-04-11T20:52:22.201+0000] {processor.py:186} INFO - Started process (PID=1295) to work on /home/airflow/.local/lib/python3.12/site-packages/airflow/example_dags/example_dynamic_task_mapping.py
[2025-04-11T20:52:22.206+0000] {processor.py:914} INFO - Processing file /home/airflow/.local/lib/python3.12/site-packages/airflow/example_dags/example_dynamic_task_mapping.py for tasks to queue
[2025-04-11T20:52:22.215+0000] {logging_mixin.py:190} INFO - [2025-04-11T20:52:22.212+0000] {dagbag.py:588} INFO - Filling up the DagBag from /home/airflow/.local/lib/python3.12/site-packages/airflow/example_dags/example_dynamic_task_mapping.py
[2025-04-11T20:52:22.244+0000] {processor.py:925} INFO - DAG(s) 'example_dynamic_task_mapping' retrieved from /home/airflow/.local/lib/python3.12/site-packages/airflow/example_dags/example_dynamic_task_mapping.py
[2025-04-11T20:52:22.376+0000] {logging_mixin.py:190} INFO - [2025-04-11T20:52:22.376+0000] {dag.py:3239} INFO - Sync 1 DAGs
[2025-04-11T20:52:22.453+0000] {logging_mixin.py:190} INFO - [2025-04-11T20:52:22.453+0000] {dag.py:4180} INFO - Setting next_dagrun for example_dynamic_task_mapping to None, run_after=None
[2025-04-11T20:52:22.520+0000] {processor.py:208} INFO - Processing /home/airflow/.local/lib/python3.12/site-packages/airflow/example_dags/example_dynamic_task_mapping.py took 0.361 seconds
[2025-04-11T20:52:55.548+0000] {processor.py:186} INFO - Started process (PID=1359) to work on /home/airflow/.local/lib/python3.12/site-packages/airflow/example_dags/example_dynamic_task_mapping.py
[2025-04-11T20:52:55.554+0000] {processor.py:914} INFO - Processing file /home/airflow/.local/lib/python3.12/site-packages/airflow/example_dags/example_dynamic_task_mapping.py for tasks to queue
[2025-04-11T20:52:55.607+0000] {logging_mixin.py:190} INFO - [2025-04-11T20:52:55.606+0000] {dagbag.py:588} INFO - Filling up the DagBag from /home/airflow/.local/lib/python3.12/site-packages/airflow/example_dags/example_dynamic_task_mapping.py
[2025-04-11T20:52:55.722+0000] {processor.py:925} INFO - DAG(s) 'example_dynamic_task_mapping' retrieved from /home/airflow/.local/lib/python3.12/site-packages/airflow/example_dags/example_dynamic_task_mapping.py
[2025-04-11T20:52:56.253+0000] {logging_mixin.py:190} INFO - [2025-04-11T20:52:56.253+0000] {dag.py:3239} INFO - Sync 1 DAGs
[2025-04-11T20:52:56.788+0000] {logging_mixin.py:190} INFO - [2025-04-11T20:52:56.788+0000] {dag.py:4180} INFO - Setting next_dagrun for example_dynamic_task_mapping to None, run_after=None
[2025-04-11T20:52:57.433+0000] {processor.py:208} INFO - Processing /home/airflow/.local/lib/python3.12/site-packages/airflow/example_dags/example_dynamic_task_mapping.py took 2.025 seconds
