[2025-04-11T19:46:29.212+0000] {processor.py:186} INFO - Started process (PID=128) to work on /home/airflow/.local/lib/python3.12/site-packages/airflow/example_dags/example_short_circuit_decorator.py
[2025-04-11T19:46:29.216+0000] {processor.py:914} INFO - Processing file /home/airflow/.local/lib/python3.12/site-packages/airflow/example_dags/example_short_circuit_decorator.py for tasks to queue
[2025-04-11T19:46:29.221+0000] {logging_mixin.py:190} INFO - [2025-04-11T19:46:29.221+0000] {dagbag.py:588} INFO - Filling up the DagBag from /home/airflow/.local/lib/python3.12/site-packages/airflow/example_dags/example_short_circuit_decorator.py
[2025-04-11T19:46:29.265+0000] {processor.py:925} INFO - DAG(s) 'example_short_circuit_decorator' retrieved from /home/airflow/.local/lib/python3.12/site-packages/airflow/example_dags/example_short_circuit_decorator.py
[2025-04-11T19:46:29.738+0000] {logging_mixin.py:190} INFO - [2025-04-11T19:46:29.737+0000] {override.py:1912} INFO - Created Permission View: can delete on DAG:example_short_circuit_decorator
[2025-04-11T19:46:29.775+0000] {logging_mixin.py:190} INFO - [2025-04-11T19:46:29.774+0000] {override.py:1912} INFO - Created Permission View: can read on DAG:example_short_circuit_decorator
[2025-04-11T19:46:29.798+0000] {logging_mixin.py:190} INFO - [2025-04-11T19:46:29.797+0000] {override.py:1912} INFO - Created Permission View: can edit on DAG:example_short_circuit_decorator
[2025-04-11T19:46:29.823+0000] {logging_mixin.py:190} INFO - [2025-04-11T19:46:29.822+0000] {override.py:1912} INFO - Created Permission View: can create on DAG Run:example_short_circuit_decorator
[2025-04-11T19:46:29.857+0000] {logging_mixin.py:190} INFO - [2025-04-11T19:46:29.855+0000] {override.py:1912} INFO - Created Permission View: can read on DAG Run:example_short_circuit_decorator
[2025-04-11T19:46:29.889+0000] {logging_mixin.py:190} INFO - [2025-04-11T19:46:29.888+0000] {override.py:1912} INFO - Created Permission View: can delete on DAG Run:example_short_circuit_decorator
[2025-04-11T19:46:29.912+0000] {logging_mixin.py:190} INFO - [2025-04-11T19:46:29.911+0000] {override.py:1912} INFO - Created Permission View: menu access on DAG Run:example_short_circuit_decorator
[2025-04-11T19:46:29.914+0000] {logging_mixin.py:190} INFO - [2025-04-11T19:46:29.914+0000] {dag.py:3239} INFO - Sync 1 DAGs
[2025-04-11T19:46:29.959+0000] {logging_mixin.py:190} INFO - [2025-04-11T19:46:29.958+0000] {dag.py:3262} INFO - Creating ORM DAG for example_short_circuit_decorator
[2025-04-11T19:46:29.961+0000] {logging_mixin.py:190} INFO - [2025-04-11T19:46:29.961+0000] {dag.py:4180} INFO - Setting next_dagrun for example_short_circuit_decorator to None, run_after=None
[2025-04-11T19:46:30.024+0000] {processor.py:208} INFO - Processing /home/airflow/.local/lib/python3.12/site-packages/airflow/example_dags/example_short_circuit_decorator.py took 0.829 seconds
[2025-04-11T19:47:00.398+0000] {processor.py:186} INFO - Started process (PID=198) to work on /home/airflow/.local/lib/python3.12/site-packages/airflow/example_dags/example_short_circuit_decorator.py
[2025-04-11T19:47:00.402+0000] {processor.py:914} INFO - Processing file /home/airflow/.local/lib/python3.12/site-packages/airflow/example_dags/example_short_circuit_decorator.py for tasks to queue
[2025-04-11T19:47:00.407+0000] {logging_mixin.py:190} INFO - [2025-04-11T19:47:00.406+0000] {dagbag.py:588} INFO - Filling up the DagBag from /home/airflow/.local/lib/python3.12/site-packages/airflow/example_dags/example_short_circuit_decorator.py
[2025-04-11T19:47:00.438+0000] {processor.py:925} INFO - DAG(s) 'example_short_circuit_decorator' retrieved from /home/airflow/.local/lib/python3.12/site-packages/airflow/example_dags/example_short_circuit_decorator.py
[2025-04-11T19:47:00.494+0000] {logging_mixin.py:190} INFO - [2025-04-11T19:47:00.494+0000] {dag.py:3239} INFO - Sync 1 DAGs
[2025-04-11T19:47:00.530+0000] {logging_mixin.py:190} INFO - [2025-04-11T19:47:00.529+0000] {dag.py:4180} INFO - Setting next_dagrun for example_short_circuit_decorator to None, run_after=None
[2025-04-11T19:47:00.574+0000] {processor.py:208} INFO - Processing /home/airflow/.local/lib/python3.12/site-packages/airflow/example_dags/example_short_circuit_decorator.py took 0.189 seconds
[2025-04-11T19:48:15.432+0000] {processor.py:186} INFO - Started process (PID=267) to work on /home/airflow/.local/lib/python3.12/site-packages/airflow/example_dags/example_short_circuit_decorator.py
[2025-04-11T19:48:15.438+0000] {processor.py:914} INFO - Processing file /home/airflow/.local/lib/python3.12/site-packages/airflow/example_dags/example_short_circuit_decorator.py for tasks to queue
[2025-04-11T19:48:15.476+0000] {logging_mixin.py:190} INFO - [2025-04-11T19:48:15.455+0000] {dagbag.py:588} INFO - Filling up the DagBag from /home/airflow/.local/lib/python3.12/site-packages/airflow/example_dags/example_short_circuit_decorator.py
[2025-04-11T19:48:15.694+0000] {processor.py:925} INFO - DAG(s) 'example_short_circuit_decorator' retrieved from /home/airflow/.local/lib/python3.12/site-packages/airflow/example_dags/example_short_circuit_decorator.py
[2025-04-11T19:48:16.073+0000] {logging_mixin.py:190} INFO - [2025-04-11T19:48:16.073+0000] {dag.py:3239} INFO - Sync 1 DAGs
[2025-04-11T19:48:16.191+0000] {logging_mixin.py:190} INFO - [2025-04-11T19:48:16.187+0000] {dag.py:4180} INFO - Setting next_dagrun for example_short_circuit_decorator to None, run_after=None
[2025-04-11T19:48:16.564+0000] {processor.py:208} INFO - Processing /home/airflow/.local/lib/python3.12/site-packages/airflow/example_dags/example_short_circuit_decorator.py took 1.215 seconds
[2025-04-11T19:53:34.026+0000] {processor.py:186} INFO - Started process (PID=118) to work on /home/airflow/.local/lib/python3.12/site-packages/airflow/example_dags/example_short_circuit_decorator.py
[2025-04-11T19:53:34.038+0000] {processor.py:914} INFO - Processing file /home/airflow/.local/lib/python3.12/site-packages/airflow/example_dags/example_short_circuit_decorator.py for tasks to queue
[2025-04-11T19:53:34.125+0000] {logging_mixin.py:190} INFO - [2025-04-11T19:53:34.119+0000] {dagbag.py:588} INFO - Filling up the DagBag from /home/airflow/.local/lib/python3.12/site-packages/airflow/example_dags/example_short_circuit_decorator.py
[2025-04-11T19:53:34.376+0000] {processor.py:925} INFO - DAG(s) 'example_short_circuit_decorator' retrieved from /home/airflow/.local/lib/python3.12/site-packages/airflow/example_dags/example_short_circuit_decorator.py
[2025-04-11T19:53:34.716+0000] {logging_mixin.py:190} INFO - [2025-04-11T19:53:34.716+0000] {dag.py:3239} INFO - Sync 1 DAGs
[2025-04-11T19:53:35.081+0000] {logging_mixin.py:190} INFO - [2025-04-11T19:53:35.080+0000] {dag.py:4180} INFO - Setting next_dagrun for example_short_circuit_decorator to None, run_after=None
[2025-04-11T19:53:35.470+0000] {processor.py:208} INFO - Processing /home/airflow/.local/lib/python3.12/site-packages/airflow/example_dags/example_short_circuit_decorator.py took 1.591 seconds
[2025-04-11T19:54:31.699+0000] {processor.py:186} INFO - Started process (PID=188) to work on /home/airflow/.local/lib/python3.12/site-packages/airflow/example_dags/example_short_circuit_decorator.py
[2025-04-11T19:54:31.704+0000] {processor.py:914} INFO - Processing file /home/airflow/.local/lib/python3.12/site-packages/airflow/example_dags/example_short_circuit_decorator.py for tasks to queue
[2025-04-11T19:54:31.710+0000] {logging_mixin.py:190} INFO - [2025-04-11T19:54:31.709+0000] {dagbag.py:588} INFO - Filling up the DagBag from /home/airflow/.local/lib/python3.12/site-packages/airflow/example_dags/example_short_circuit_decorator.py
[2025-04-11T19:54:31.769+0000] {processor.py:925} INFO - DAG(s) 'example_short_circuit_decorator' retrieved from /home/airflow/.local/lib/python3.12/site-packages/airflow/example_dags/example_short_circuit_decorator.py
[2025-04-11T19:54:31.909+0000] {logging_mixin.py:190} INFO - [2025-04-11T19:54:31.908+0000] {dag.py:3239} INFO - Sync 1 DAGs
[2025-04-11T19:54:31.997+0000] {logging_mixin.py:190} INFO - [2025-04-11T19:54:31.996+0000] {dag.py:4180} INFO - Setting next_dagrun for example_short_circuit_decorator to None, run_after=None
[2025-04-11T19:54:32.076+0000] {processor.py:208} INFO - Processing /home/airflow/.local/lib/python3.12/site-packages/airflow/example_dags/example_short_circuit_decorator.py took 0.393 seconds
[2025-04-11T19:55:04.800+0000] {processor.py:186} INFO - Started process (PID=251) to work on /home/airflow/.local/lib/python3.12/site-packages/airflow/example_dags/example_short_circuit_decorator.py
[2025-04-11T19:55:04.804+0000] {processor.py:914} INFO - Processing file /home/airflow/.local/lib/python3.12/site-packages/airflow/example_dags/example_short_circuit_decorator.py for tasks to queue
[2025-04-11T19:55:04.809+0000] {logging_mixin.py:190} INFO - [2025-04-11T19:55:04.808+0000] {dagbag.py:588} INFO - Filling up the DagBag from /home/airflow/.local/lib/python3.12/site-packages/airflow/example_dags/example_short_circuit_decorator.py
[2025-04-11T19:55:04.829+0000] {processor.py:925} INFO - DAG(s) 'example_short_circuit_decorator' retrieved from /home/airflow/.local/lib/python3.12/site-packages/airflow/example_dags/example_short_circuit_decorator.py
[2025-04-11T19:55:05.041+0000] {logging_mixin.py:190} INFO - [2025-04-11T19:55:05.041+0000] {dag.py:3239} INFO - Sync 1 DAGs
[2025-04-11T19:55:05.115+0000] {logging_mixin.py:190} INFO - [2025-04-11T19:55:05.115+0000] {dag.py:4180} INFO - Setting next_dagrun for example_short_circuit_decorator to None, run_after=None
[2025-04-11T19:55:05.422+0000] {processor.py:208} INFO - Processing /home/airflow/.local/lib/python3.12/site-packages/airflow/example_dags/example_short_circuit_decorator.py took 0.634 seconds
[2025-04-11T19:56:19.040+0000] {processor.py:186} INFO - Started process (PID=321) to work on /home/airflow/.local/lib/python3.12/site-packages/airflow/example_dags/example_short_circuit_decorator.py
[2025-04-11T19:56:19.044+0000] {processor.py:914} INFO - Processing file /home/airflow/.local/lib/python3.12/site-packages/airflow/example_dags/example_short_circuit_decorator.py for tasks to queue
[2025-04-11T19:56:19.059+0000] {logging_mixin.py:190} INFO - [2025-04-11T19:56:19.058+0000] {dagbag.py:588} INFO - Filling up the DagBag from /home/airflow/.local/lib/python3.12/site-packages/airflow/example_dags/example_short_circuit_decorator.py
[2025-04-11T19:56:19.093+0000] {processor.py:925} INFO - DAG(s) 'example_short_circuit_decorator' retrieved from /home/airflow/.local/lib/python3.12/site-packages/airflow/example_dags/example_short_circuit_decorator.py
[2025-04-11T19:56:19.222+0000] {logging_mixin.py:190} INFO - [2025-04-11T19:56:19.219+0000] {dag.py:3239} INFO - Sync 1 DAGs
[2025-04-11T19:56:19.304+0000] {logging_mixin.py:190} INFO - [2025-04-11T19:56:19.299+0000] {dag.py:4180} INFO - Setting next_dagrun for example_short_circuit_decorator to None, run_after=None
[2025-04-11T19:56:19.499+0000] {processor.py:208} INFO - Processing /home/airflow/.local/lib/python3.12/site-packages/airflow/example_dags/example_short_circuit_decorator.py took 0.478 seconds
[2025-04-11T19:56:50.406+0000] {processor.py:186} INFO - Started process (PID=384) to work on /home/airflow/.local/lib/python3.12/site-packages/airflow/example_dags/example_short_circuit_decorator.py
[2025-04-11T19:56:50.409+0000] {processor.py:914} INFO - Processing file /home/airflow/.local/lib/python3.12/site-packages/airflow/example_dags/example_short_circuit_decorator.py for tasks to queue
[2025-04-11T19:56:50.414+0000] {logging_mixin.py:190} INFO - [2025-04-11T19:56:50.413+0000] {dagbag.py:588} INFO - Filling up the DagBag from /home/airflow/.local/lib/python3.12/site-packages/airflow/example_dags/example_short_circuit_decorator.py
[2025-04-11T19:56:50.444+0000] {processor.py:925} INFO - DAG(s) 'example_short_circuit_decorator' retrieved from /home/airflow/.local/lib/python3.12/site-packages/airflow/example_dags/example_short_circuit_decorator.py
[2025-04-11T19:56:50.513+0000] {logging_mixin.py:190} INFO - [2025-04-11T19:56:50.512+0000] {dag.py:3239} INFO - Sync 1 DAGs
[2025-04-11T19:56:50.561+0000] {logging_mixin.py:190} INFO - [2025-04-11T19:56:50.560+0000] {dag.py:4180} INFO - Setting next_dagrun for example_short_circuit_decorator to None, run_after=None
[2025-04-11T19:56:50.657+0000] {processor.py:208} INFO - Processing /home/airflow/.local/lib/python3.12/site-packages/airflow/example_dags/example_short_circuit_decorator.py took 0.265 seconds
[2025-04-11T19:59:37.072+0000] {processor.py:186} INFO - Started process (PID=108) to work on /home/airflow/.local/lib/python3.12/site-packages/airflow/example_dags/example_short_circuit_decorator.py
[2025-04-11T19:59:37.095+0000] {processor.py:914} INFO - Processing file /home/airflow/.local/lib/python3.12/site-packages/airflow/example_dags/example_short_circuit_decorator.py for tasks to queue
[2025-04-11T19:59:37.184+0000] {logging_mixin.py:190} INFO - [2025-04-11T19:59:37.165+0000] {dagbag.py:588} INFO - Filling up the DagBag from /home/airflow/.local/lib/python3.12/site-packages/airflow/example_dags/example_short_circuit_decorator.py
[2025-04-11T19:59:37.315+0000] {processor.py:925} INFO - DAG(s) 'example_short_circuit_decorator' retrieved from /home/airflow/.local/lib/python3.12/site-packages/airflow/example_dags/example_short_circuit_decorator.py
[2025-04-11T19:59:37.473+0000] {logging_mixin.py:190} INFO - [2025-04-11T19:59:37.472+0000] {dag.py:3239} INFO - Sync 1 DAGs
[2025-04-11T19:59:37.779+0000] {logging_mixin.py:190} INFO - [2025-04-11T19:59:37.779+0000] {dag.py:4180} INFO - Setting next_dagrun for example_short_circuit_decorator to None, run_after=None
[2025-04-11T19:59:37.902+0000] {processor.py:208} INFO - Processing /home/airflow/.local/lib/python3.12/site-packages/airflow/example_dags/example_short_circuit_decorator.py took 0.895 seconds
[2025-04-11T20:00:18.010+0000] {processor.py:186} INFO - Started process (PID=172) to work on /home/airflow/.local/lib/python3.12/site-packages/airflow/example_dags/example_short_circuit_decorator.py
[2025-04-11T20:00:18.014+0000] {processor.py:914} INFO - Processing file /home/airflow/.local/lib/python3.12/site-packages/airflow/example_dags/example_short_circuit_decorator.py for tasks to queue
[2025-04-11T20:00:18.021+0000] {logging_mixin.py:190} INFO - [2025-04-11T20:00:18.020+0000] {dagbag.py:588} INFO - Filling up the DagBag from /home/airflow/.local/lib/python3.12/site-packages/airflow/example_dags/example_short_circuit_decorator.py
[2025-04-11T20:00:18.073+0000] {processor.py:925} INFO - DAG(s) 'example_short_circuit_decorator' retrieved from /home/airflow/.local/lib/python3.12/site-packages/airflow/example_dags/example_short_circuit_decorator.py
[2025-04-11T20:00:18.226+0000] {logging_mixin.py:190} INFO - [2025-04-11T20:00:18.226+0000] {dag.py:3239} INFO - Sync 1 DAGs
[2025-04-11T20:00:18.319+0000] {logging_mixin.py:190} INFO - [2025-04-11T20:00:18.317+0000] {dag.py:4180} INFO - Setting next_dagrun for example_short_circuit_decorator to None, run_after=None
[2025-04-11T20:00:18.482+0000] {processor.py:208} INFO - Processing /home/airflow/.local/lib/python3.12/site-packages/airflow/example_dags/example_short_circuit_decorator.py took 0.502 seconds
[2025-04-11T20:14:08.073+0000] {processor.py:186} INFO - Started process (PID=117) to work on /home/airflow/.local/lib/python3.12/site-packages/airflow/example_dags/example_short_circuit_decorator.py
[2025-04-11T20:14:08.076+0000] {processor.py:914} INFO - Processing file /home/airflow/.local/lib/python3.12/site-packages/airflow/example_dags/example_short_circuit_decorator.py for tasks to queue
[2025-04-11T20:14:08.081+0000] {logging_mixin.py:190} INFO - [2025-04-11T20:14:08.081+0000] {dagbag.py:588} INFO - Filling up the DagBag from /home/airflow/.local/lib/python3.12/site-packages/airflow/example_dags/example_short_circuit_decorator.py
[2025-04-11T20:14:08.108+0000] {processor.py:925} INFO - DAG(s) 'example_short_circuit_decorator' retrieved from /home/airflow/.local/lib/python3.12/site-packages/airflow/example_dags/example_short_circuit_decorator.py
[2025-04-11T20:14:08.177+0000] {logging_mixin.py:190} INFO - [2025-04-11T20:14:08.176+0000] {dag.py:3239} INFO - Sync 1 DAGs
[2025-04-11T20:14:08.214+0000] {logging_mixin.py:190} INFO - [2025-04-11T20:14:08.214+0000] {dag.py:4180} INFO - Setting next_dagrun for example_short_circuit_decorator to None, run_after=None
[2025-04-11T20:14:08.267+0000] {processor.py:208} INFO - Processing /home/airflow/.local/lib/python3.12/site-packages/airflow/example_dags/example_short_circuit_decorator.py took 0.208 seconds
[2025-04-11T20:15:51.618+0000] {processor.py:186} INFO - Started process (PID=193) to work on /home/airflow/.local/lib/python3.12/site-packages/airflow/example_dags/example_short_circuit_decorator.py
[2025-04-11T20:15:51.662+0000] {processor.py:914} INFO - Processing file /home/airflow/.local/lib/python3.12/site-packages/airflow/example_dags/example_short_circuit_decorator.py for tasks to queue
[2025-04-11T20:15:51.682+0000] {logging_mixin.py:190} INFO - [2025-04-11T20:15:51.682+0000] {dagbag.py:588} INFO - Filling up the DagBag from /home/airflow/.local/lib/python3.12/site-packages/airflow/example_dags/example_short_circuit_decorator.py
[2025-04-11T20:15:51.787+0000] {processor.py:925} INFO - DAG(s) 'example_short_circuit_decorator' retrieved from /home/airflow/.local/lib/python3.12/site-packages/airflow/example_dags/example_short_circuit_decorator.py
[2025-04-11T20:15:51.958+0000] {logging_mixin.py:190} INFO - [2025-04-11T20:15:51.954+0000] {dag.py:3239} INFO - Sync 1 DAGs
[2025-04-11T20:15:52.134+0000] {logging_mixin.py:190} INFO - [2025-04-11T20:15:52.128+0000] {dag.py:4180} INFO - Setting next_dagrun for example_short_circuit_decorator to None, run_after=None
[2025-04-11T20:15:52.272+0000] {processor.py:208} INFO - Processing /home/airflow/.local/lib/python3.12/site-packages/airflow/example_dags/example_short_circuit_decorator.py took 0.926 seconds
[2025-04-11T20:16:44.773+0000] {processor.py:186} INFO - Started process (PID=276) to work on /home/airflow/.local/lib/python3.12/site-packages/airflow/example_dags/example_short_circuit_decorator.py
[2025-04-11T20:16:44.780+0000] {processor.py:914} INFO - Processing file /home/airflow/.local/lib/python3.12/site-packages/airflow/example_dags/example_short_circuit_decorator.py for tasks to queue
[2025-04-11T20:16:44.802+0000] {logging_mixin.py:190} INFO - [2025-04-11T20:16:44.793+0000] {dagbag.py:588} INFO - Filling up the DagBag from /home/airflow/.local/lib/python3.12/site-packages/airflow/example_dags/example_short_circuit_decorator.py
[2025-04-11T20:16:44.946+0000] {processor.py:925} INFO - DAG(s) 'example_short_circuit_decorator' retrieved from /home/airflow/.local/lib/python3.12/site-packages/airflow/example_dags/example_short_circuit_decorator.py
[2025-04-11T20:16:45.179+0000] {logging_mixin.py:190} INFO - [2025-04-11T20:16:45.179+0000] {dag.py:3239} INFO - Sync 1 DAGs
[2025-04-11T20:16:45.292+0000] {logging_mixin.py:190} INFO - [2025-04-11T20:16:45.292+0000] {dag.py:4180} INFO - Setting next_dagrun for example_short_circuit_decorator to None, run_after=None
[2025-04-11T20:16:45.386+0000] {processor.py:208} INFO - Processing /home/airflow/.local/lib/python3.12/site-packages/airflow/example_dags/example_short_circuit_decorator.py took 0.664 seconds
[2025-04-11T20:17:23.267+0000] {processor.py:186} INFO - Started process (PID=340) to work on /home/airflow/.local/lib/python3.12/site-packages/airflow/example_dags/example_short_circuit_decorator.py
[2025-04-11T20:17:23.272+0000] {processor.py:914} INFO - Processing file /home/airflow/.local/lib/python3.12/site-packages/airflow/example_dags/example_short_circuit_decorator.py for tasks to queue
[2025-04-11T20:17:23.281+0000] {logging_mixin.py:190} INFO - [2025-04-11T20:17:23.280+0000] {dagbag.py:588} INFO - Filling up the DagBag from /home/airflow/.local/lib/python3.12/site-packages/airflow/example_dags/example_short_circuit_decorator.py
[2025-04-11T20:17:23.339+0000] {processor.py:925} INFO - DAG(s) 'example_short_circuit_decorator' retrieved from /home/airflow/.local/lib/python3.12/site-packages/airflow/example_dags/example_short_circuit_decorator.py
[2025-04-11T20:17:23.404+0000] {logging_mixin.py:190} INFO - [2025-04-11T20:17:23.404+0000] {dag.py:3239} INFO - Sync 1 DAGs
[2025-04-11T20:17:23.483+0000] {logging_mixin.py:190} INFO - [2025-04-11T20:17:23.482+0000] {dag.py:4180} INFO - Setting next_dagrun for example_short_circuit_decorator to None, run_after=None
[2025-04-11T20:17:23.571+0000] {processor.py:208} INFO - Processing /home/airflow/.local/lib/python3.12/site-packages/airflow/example_dags/example_short_circuit_decorator.py took 0.342 seconds
[2025-04-11T20:18:00.494+0000] {processor.py:186} INFO - Started process (PID=409) to work on /home/airflow/.local/lib/python3.12/site-packages/airflow/example_dags/example_short_circuit_decorator.py
[2025-04-11T20:18:00.503+0000] {processor.py:914} INFO - Processing file /home/airflow/.local/lib/python3.12/site-packages/airflow/example_dags/example_short_circuit_decorator.py for tasks to queue
[2025-04-11T20:18:00.509+0000] {logging_mixin.py:190} INFO - [2025-04-11T20:18:00.508+0000] {dagbag.py:588} INFO - Filling up the DagBag from /home/airflow/.local/lib/python3.12/site-packages/airflow/example_dags/example_short_circuit_decorator.py
[2025-04-11T20:18:00.541+0000] {processor.py:925} INFO - DAG(s) 'example_short_circuit_decorator' retrieved from /home/airflow/.local/lib/python3.12/site-packages/airflow/example_dags/example_short_circuit_decorator.py
[2025-04-11T20:18:00.631+0000] {logging_mixin.py:190} INFO - [2025-04-11T20:18:00.630+0000] {dag.py:3239} INFO - Sync 1 DAGs
[2025-04-11T20:18:00.687+0000] {logging_mixin.py:190} INFO - [2025-04-11T20:18:00.687+0000] {dag.py:4180} INFO - Setting next_dagrun for example_short_circuit_decorator to None, run_after=None
[2025-04-11T20:18:00.769+0000] {processor.py:208} INFO - Processing /home/airflow/.local/lib/python3.12/site-packages/airflow/example_dags/example_short_circuit_decorator.py took 0.296 seconds
[2025-04-11T20:24:15.994+0000] {processor.py:186} INFO - Started process (PID=132) to work on /home/airflow/.local/lib/python3.12/site-packages/airflow/example_dags/example_short_circuit_decorator.py
[2025-04-11T20:24:15.997+0000] {processor.py:914} INFO - Processing file /home/airflow/.local/lib/python3.12/site-packages/airflow/example_dags/example_short_circuit_decorator.py for tasks to queue
[2025-04-11T20:24:16.002+0000] {logging_mixin.py:190} INFO - [2025-04-11T20:24:16.001+0000] {dagbag.py:588} INFO - Filling up the DagBag from /home/airflow/.local/lib/python3.12/site-packages/airflow/example_dags/example_short_circuit_decorator.py
[2025-04-11T20:24:16.064+0000] {processor.py:925} INFO - DAG(s) 'example_short_circuit_decorator' retrieved from /home/airflow/.local/lib/python3.12/site-packages/airflow/example_dags/example_short_circuit_decorator.py
[2025-04-11T20:24:17.588+0000] {logging_mixin.py:190} INFO - [2025-04-11T20:24:17.586+0000] {override.py:1912} INFO - Created Permission View: can read on DAG:example_short_circuit_decorator
[2025-04-11T20:24:17.646+0000] {logging_mixin.py:190} INFO - [2025-04-11T20:24:17.645+0000] {override.py:1912} INFO - Created Permission View: can edit on DAG:example_short_circuit_decorator
[2025-04-11T20:24:17.680+0000] {logging_mixin.py:190} INFO - [2025-04-11T20:24:17.680+0000] {override.py:1912} INFO - Created Permission View: can delete on DAG:example_short_circuit_decorator
[2025-04-11T20:24:17.754+0000] {logging_mixin.py:190} INFO - [2025-04-11T20:24:17.752+0000] {override.py:1912} INFO - Created Permission View: can create on DAG Run:example_short_circuit_decorator
[2025-04-11T20:24:17.810+0000] {logging_mixin.py:190} INFO - [2025-04-11T20:24:17.801+0000] {override.py:1912} INFO - Created Permission View: can read on DAG Run:example_short_circuit_decorator
[2025-04-11T20:24:17.869+0000] {logging_mixin.py:190} INFO - [2025-04-11T20:24:17.868+0000] {override.py:1912} INFO - Created Permission View: can delete on DAG Run:example_short_circuit_decorator
[2025-04-11T20:24:17.998+0000] {logging_mixin.py:190} INFO - [2025-04-11T20:24:17.986+0000] {override.py:1912} INFO - Created Permission View: menu access on DAG Run:example_short_circuit_decorator
[2025-04-11T20:24:18.038+0000] {logging_mixin.py:190} INFO - [2025-04-11T20:24:18.033+0000] {dag.py:3239} INFO - Sync 1 DAGs
[2025-04-11T20:24:18.421+0000] {logging_mixin.py:190} INFO - [2025-04-11T20:24:18.420+0000] {dag.py:3262} INFO - Creating ORM DAG for example_short_circuit_decorator
[2025-04-11T20:24:18.490+0000] {logging_mixin.py:190} INFO - [2025-04-11T20:24:18.489+0000] {dag.py:4180} INFO - Setting next_dagrun for example_short_circuit_decorator to None, run_after=None
[2025-04-11T20:24:19.114+0000] {processor.py:208} INFO - Processing /home/airflow/.local/lib/python3.12/site-packages/airflow/example_dags/example_short_circuit_decorator.py took 3.194 seconds
[2025-04-11T20:25:04.098+0000] {processor.py:186} INFO - Started process (PID=202) to work on /home/airflow/.local/lib/python3.12/site-packages/airflow/example_dags/example_short_circuit_decorator.py
[2025-04-11T20:25:04.101+0000] {processor.py:914} INFO - Processing file /home/airflow/.local/lib/python3.12/site-packages/airflow/example_dags/example_short_circuit_decorator.py for tasks to queue
[2025-04-11T20:25:04.107+0000] {logging_mixin.py:190} INFO - [2025-04-11T20:25:04.106+0000] {dagbag.py:588} INFO - Filling up the DagBag from /home/airflow/.local/lib/python3.12/site-packages/airflow/example_dags/example_short_circuit_decorator.py
[2025-04-11T20:25:04.182+0000] {processor.py:925} INFO - DAG(s) 'example_short_circuit_decorator' retrieved from /home/airflow/.local/lib/python3.12/site-packages/airflow/example_dags/example_short_circuit_decorator.py
[2025-04-11T20:25:04.311+0000] {logging_mixin.py:190} INFO - [2025-04-11T20:25:04.310+0000] {dag.py:3239} INFO - Sync 1 DAGs
[2025-04-11T20:25:04.378+0000] {logging_mixin.py:190} INFO - [2025-04-11T20:25:04.378+0000] {dag.py:4180} INFO - Setting next_dagrun for example_short_circuit_decorator to None, run_after=None
[2025-04-11T20:25:04.454+0000] {processor.py:208} INFO - Processing /home/airflow/.local/lib/python3.12/site-packages/airflow/example_dags/example_short_circuit_decorator.py took 0.382 seconds
[2025-04-11T20:25:38.273+0000] {processor.py:186} INFO - Started process (PID=266) to work on /home/airflow/.local/lib/python3.12/site-packages/airflow/example_dags/example_short_circuit_decorator.py
[2025-04-11T20:25:38.280+0000] {processor.py:914} INFO - Processing file /home/airflow/.local/lib/python3.12/site-packages/airflow/example_dags/example_short_circuit_decorator.py for tasks to queue
[2025-04-11T20:25:38.291+0000] {logging_mixin.py:190} INFO - [2025-04-11T20:25:38.290+0000] {dagbag.py:588} INFO - Filling up the DagBag from /home/airflow/.local/lib/python3.12/site-packages/airflow/example_dags/example_short_circuit_decorator.py
[2025-04-11T20:25:38.356+0000] {processor.py:925} INFO - DAG(s) 'example_short_circuit_decorator' retrieved from /home/airflow/.local/lib/python3.12/site-packages/airflow/example_dags/example_short_circuit_decorator.py
[2025-04-11T20:25:38.491+0000] {logging_mixin.py:190} INFO - [2025-04-11T20:25:38.491+0000] {dag.py:3239} INFO - Sync 1 DAGs
[2025-04-11T20:25:38.585+0000] {logging_mixin.py:190} INFO - [2025-04-11T20:25:38.585+0000] {dag.py:4180} INFO - Setting next_dagrun for example_short_circuit_decorator to None, run_after=None
[2025-04-11T20:25:38.656+0000] {processor.py:208} INFO - Processing /home/airflow/.local/lib/python3.12/site-packages/airflow/example_dags/example_short_circuit_decorator.py took 0.412 seconds
[2025-04-11T20:28:41.796+0000] {processor.py:186} INFO - Started process (PID=103) to work on /home/airflow/.local/lib/python3.12/site-packages/airflow/example_dags/example_short_circuit_decorator.py
[2025-04-11T20:28:41.799+0000] {processor.py:914} INFO - Processing file /home/airflow/.local/lib/python3.12/site-packages/airflow/example_dags/example_short_circuit_decorator.py for tasks to queue
[2025-04-11T20:28:41.808+0000] {logging_mixin.py:190} INFO - [2025-04-11T20:28:41.807+0000] {dagbag.py:588} INFO - Filling up the DagBag from /home/airflow/.local/lib/python3.12/site-packages/airflow/example_dags/example_short_circuit_decorator.py
[2025-04-11T20:28:41.854+0000] {processor.py:925} INFO - DAG(s) 'example_short_circuit_decorator' retrieved from /home/airflow/.local/lib/python3.12/site-packages/airflow/example_dags/example_short_circuit_decorator.py
[2025-04-11T20:28:41.981+0000] {logging_mixin.py:190} INFO - [2025-04-11T20:28:41.981+0000] {dag.py:3239} INFO - Sync 1 DAGs
[2025-04-11T20:28:42.075+0000] {logging_mixin.py:190} INFO - [2025-04-11T20:28:42.075+0000] {dag.py:4180} INFO - Setting next_dagrun for example_short_circuit_decorator to None, run_after=None
[2025-04-11T20:28:42.229+0000] {processor.py:208} INFO - Processing /home/airflow/.local/lib/python3.12/site-packages/airflow/example_dags/example_short_circuit_decorator.py took 0.449 seconds
[2025-04-11T20:29:15.846+0000] {processor.py:186} INFO - Started process (PID=166) to work on /home/airflow/.local/lib/python3.12/site-packages/airflow/example_dags/example_short_circuit_decorator.py
[2025-04-11T20:29:15.850+0000] {processor.py:914} INFO - Processing file /home/airflow/.local/lib/python3.12/site-packages/airflow/example_dags/example_short_circuit_decorator.py for tasks to queue
[2025-04-11T20:29:15.855+0000] {logging_mixin.py:190} INFO - [2025-04-11T20:29:15.854+0000] {dagbag.py:588} INFO - Filling up the DagBag from /home/airflow/.local/lib/python3.12/site-packages/airflow/example_dags/example_short_circuit_decorator.py
[2025-04-11T20:29:15.889+0000] {processor.py:925} INFO - DAG(s) 'example_short_circuit_decorator' retrieved from /home/airflow/.local/lib/python3.12/site-packages/airflow/example_dags/example_short_circuit_decorator.py
[2025-04-11T20:29:16.168+0000] {logging_mixin.py:190} INFO - [2025-04-11T20:29:16.152+0000] {dag.py:3239} INFO - Sync 1 DAGs
[2025-04-11T20:29:16.353+0000] {logging_mixin.py:190} INFO - [2025-04-11T20:29:16.352+0000] {dag.py:4180} INFO - Setting next_dagrun for example_short_circuit_decorator to None, run_after=None
[2025-04-11T20:29:16.555+0000] {processor.py:208} INFO - Processing /home/airflow/.local/lib/python3.12/site-packages/airflow/example_dags/example_short_circuit_decorator.py took 0.727 seconds
[2025-04-11T20:29:48.077+0000] {processor.py:186} INFO - Started process (PID=229) to work on /home/airflow/.local/lib/python3.12/site-packages/airflow/example_dags/example_short_circuit_decorator.py
[2025-04-11T20:29:48.090+0000] {processor.py:914} INFO - Processing file /home/airflow/.local/lib/python3.12/site-packages/airflow/example_dags/example_short_circuit_decorator.py for tasks to queue
[2025-04-11T20:29:48.114+0000] {logging_mixin.py:190} INFO - [2025-04-11T20:29:48.106+0000] {dagbag.py:588} INFO - Filling up the DagBag from /home/airflow/.local/lib/python3.12/site-packages/airflow/example_dags/example_short_circuit_decorator.py
[2025-04-11T20:29:48.175+0000] {processor.py:925} INFO - DAG(s) 'example_short_circuit_decorator' retrieved from /home/airflow/.local/lib/python3.12/site-packages/airflow/example_dags/example_short_circuit_decorator.py
[2025-04-11T20:29:48.310+0000] {logging_mixin.py:190} INFO - [2025-04-11T20:29:48.309+0000] {dag.py:3239} INFO - Sync 1 DAGs
[2025-04-11T20:29:48.366+0000] {logging_mixin.py:190} INFO - [2025-04-11T20:29:48.366+0000] {dag.py:4180} INFO - Setting next_dagrun for example_short_circuit_decorator to None, run_after=None
[2025-04-11T20:29:48.421+0000] {processor.py:208} INFO - Processing /home/airflow/.local/lib/python3.12/site-packages/airflow/example_dags/example_short_circuit_decorator.py took 0.397 seconds
[2025-04-11T20:30:57.096+0000] {processor.py:186} INFO - Started process (PID=308) to work on /home/airflow/.local/lib/python3.12/site-packages/airflow/example_dags/example_short_circuit_decorator.py
[2025-04-11T20:30:57.101+0000] {processor.py:914} INFO - Processing file /home/airflow/.local/lib/python3.12/site-packages/airflow/example_dags/example_short_circuit_decorator.py for tasks to queue
[2025-04-11T20:30:57.118+0000] {logging_mixin.py:190} INFO - [2025-04-11T20:30:57.118+0000] {dagbag.py:588} INFO - Filling up the DagBag from /home/airflow/.local/lib/python3.12/site-packages/airflow/example_dags/example_short_circuit_decorator.py
[2025-04-11T20:30:57.229+0000] {processor.py:925} INFO - DAG(s) 'example_short_circuit_decorator' retrieved from /home/airflow/.local/lib/python3.12/site-packages/airflow/example_dags/example_short_circuit_decorator.py
[2025-04-11T20:30:57.796+0000] {logging_mixin.py:190} INFO - [2025-04-11T20:30:57.785+0000] {dag.py:3239} INFO - Sync 1 DAGs
[2025-04-11T20:30:57.944+0000] {logging_mixin.py:190} INFO - [2025-04-11T20:30:57.937+0000] {dag.py:4180} INFO - Setting next_dagrun for example_short_circuit_decorator to None, run_after=None
[2025-04-11T20:30:58.055+0000] {processor.py:208} INFO - Processing /home/airflow/.local/lib/python3.12/site-packages/airflow/example_dags/example_short_circuit_decorator.py took 0.985 seconds
[2025-04-11T20:31:28.579+0000] {processor.py:186} INFO - Started process (PID=371) to work on /home/airflow/.local/lib/python3.12/site-packages/airflow/example_dags/example_short_circuit_decorator.py
[2025-04-11T20:31:28.584+0000] {processor.py:914} INFO - Processing file /home/airflow/.local/lib/python3.12/site-packages/airflow/example_dags/example_short_circuit_decorator.py for tasks to queue
[2025-04-11T20:31:28.592+0000] {logging_mixin.py:190} INFO - [2025-04-11T20:31:28.591+0000] {dagbag.py:588} INFO - Filling up the DagBag from /home/airflow/.local/lib/python3.12/site-packages/airflow/example_dags/example_short_circuit_decorator.py
[2025-04-11T20:31:28.621+0000] {processor.py:925} INFO - DAG(s) 'example_short_circuit_decorator' retrieved from /home/airflow/.local/lib/python3.12/site-packages/airflow/example_dags/example_short_circuit_decorator.py
[2025-04-11T20:31:28.687+0000] {logging_mixin.py:190} INFO - [2025-04-11T20:31:28.686+0000] {dag.py:3239} INFO - Sync 1 DAGs
[2025-04-11T20:31:28.763+0000] {logging_mixin.py:190} INFO - [2025-04-11T20:31:28.762+0000] {dag.py:4180} INFO - Setting next_dagrun for example_short_circuit_decorator to None, run_after=None
[2025-04-11T20:31:28.888+0000] {processor.py:208} INFO - Processing /home/airflow/.local/lib/python3.12/site-packages/airflow/example_dags/example_short_circuit_decorator.py took 0.323 seconds
[2025-04-11T20:32:01.434+0000] {processor.py:186} INFO - Started process (PID=428) to work on /home/airflow/.local/lib/python3.12/site-packages/airflow/example_dags/example_short_circuit_decorator.py
[2025-04-11T20:32:01.446+0000] {processor.py:914} INFO - Processing file /home/airflow/.local/lib/python3.12/site-packages/airflow/example_dags/example_short_circuit_decorator.py for tasks to queue
[2025-04-11T20:32:01.457+0000] {logging_mixin.py:190} INFO - [2025-04-11T20:32:01.456+0000] {dagbag.py:588} INFO - Filling up the DagBag from /home/airflow/.local/lib/python3.12/site-packages/airflow/example_dags/example_short_circuit_decorator.py
[2025-04-11T20:32:01.530+0000] {processor.py:925} INFO - DAG(s) 'example_short_circuit_decorator' retrieved from /home/airflow/.local/lib/python3.12/site-packages/airflow/example_dags/example_short_circuit_decorator.py
[2025-04-11T20:32:01.645+0000] {logging_mixin.py:190} INFO - [2025-04-11T20:32:01.644+0000] {dag.py:3239} INFO - Sync 1 DAGs
[2025-04-11T20:32:01.717+0000] {logging_mixin.py:190} INFO - [2025-04-11T20:32:01.716+0000] {dag.py:4180} INFO - Setting next_dagrun for example_short_circuit_decorator to None, run_after=None
[2025-04-11T20:32:01.834+0000] {processor.py:208} INFO - Processing /home/airflow/.local/lib/python3.12/site-packages/airflow/example_dags/example_short_circuit_decorator.py took 0.424 seconds
[2025-04-11T20:32:54.342+0000] {processor.py:186} INFO - Started process (PID=491) to work on /home/airflow/.local/lib/python3.12/site-packages/airflow/example_dags/example_short_circuit_decorator.py
[2025-04-11T20:32:54.359+0000] {processor.py:914} INFO - Processing file /home/airflow/.local/lib/python3.12/site-packages/airflow/example_dags/example_short_circuit_decorator.py for tasks to queue
[2025-04-11T20:32:54.379+0000] {logging_mixin.py:190} INFO - [2025-04-11T20:32:54.378+0000] {dagbag.py:588} INFO - Filling up the DagBag from /home/airflow/.local/lib/python3.12/site-packages/airflow/example_dags/example_short_circuit_decorator.py
[2025-04-11T20:32:54.449+0000] {processor.py:925} INFO - DAG(s) 'example_short_circuit_decorator' retrieved from /home/airflow/.local/lib/python3.12/site-packages/airflow/example_dags/example_short_circuit_decorator.py
[2025-04-11T20:32:54.889+0000] {logging_mixin.py:190} INFO - [2025-04-11T20:32:54.887+0000] {dag.py:3239} INFO - Sync 1 DAGs
[2025-04-11T20:32:55.122+0000] {logging_mixin.py:190} INFO - [2025-04-11T20:32:55.119+0000] {dag.py:4180} INFO - Setting next_dagrun for example_short_circuit_decorator to None, run_after=None
[2025-04-11T20:32:55.286+0000] {processor.py:208} INFO - Processing /home/airflow/.local/lib/python3.12/site-packages/airflow/example_dags/example_short_circuit_decorator.py took 0.968 seconds
[2025-04-11T20:36:01.274+0000] {processor.py:186} INFO - Started process (PID=106) to work on /home/airflow/.local/lib/python3.12/site-packages/airflow/example_dags/example_short_circuit_decorator.py
[2025-04-11T20:36:01.278+0000] {processor.py:914} INFO - Processing file /home/airflow/.local/lib/python3.12/site-packages/airflow/example_dags/example_short_circuit_decorator.py for tasks to queue
[2025-04-11T20:36:01.287+0000] {logging_mixin.py:190} INFO - [2025-04-11T20:36:01.286+0000] {dagbag.py:588} INFO - Filling up the DagBag from /home/airflow/.local/lib/python3.12/site-packages/airflow/example_dags/example_short_circuit_decorator.py
[2025-04-11T20:36:01.361+0000] {processor.py:925} INFO - DAG(s) 'example_short_circuit_decorator' retrieved from /home/airflow/.local/lib/python3.12/site-packages/airflow/example_dags/example_short_circuit_decorator.py
[2025-04-11T20:36:01.697+0000] {logging_mixin.py:190} INFO - [2025-04-11T20:36:01.696+0000] {dag.py:3239} INFO - Sync 1 DAGs
[2025-04-11T20:36:01.819+0000] {logging_mixin.py:190} INFO - [2025-04-11T20:36:01.818+0000] {dag.py:4180} INFO - Setting next_dagrun for example_short_circuit_decorator to None, run_after=None
[2025-04-11T20:36:02.173+0000] {processor.py:208} INFO - Processing /home/airflow/.local/lib/python3.12/site-packages/airflow/example_dags/example_short_circuit_decorator.py took 0.950 seconds
[2025-04-11T20:36:33.048+0000] {processor.py:186} INFO - Started process (PID=170) to work on /home/airflow/.local/lib/python3.12/site-packages/airflow/example_dags/example_short_circuit_decorator.py
[2025-04-11T20:36:33.052+0000] {processor.py:914} INFO - Processing file /home/airflow/.local/lib/python3.12/site-packages/airflow/example_dags/example_short_circuit_decorator.py for tasks to queue
[2025-04-11T20:36:33.058+0000] {logging_mixin.py:190} INFO - [2025-04-11T20:36:33.057+0000] {dagbag.py:588} INFO - Filling up the DagBag from /home/airflow/.local/lib/python3.12/site-packages/airflow/example_dags/example_short_circuit_decorator.py
[2025-04-11T20:36:33.081+0000] {processor.py:925} INFO - DAG(s) 'example_short_circuit_decorator' retrieved from /home/airflow/.local/lib/python3.12/site-packages/airflow/example_dags/example_short_circuit_decorator.py
[2025-04-11T20:36:33.143+0000] {logging_mixin.py:190} INFO - [2025-04-11T20:36:33.142+0000] {dag.py:3239} INFO - Sync 1 DAGs
[2025-04-11T20:36:33.175+0000] {logging_mixin.py:190} INFO - [2025-04-11T20:36:33.174+0000] {dag.py:4180} INFO - Setting next_dagrun for example_short_circuit_decorator to None, run_after=None
[2025-04-11T20:36:33.217+0000] {processor.py:208} INFO - Processing /home/airflow/.local/lib/python3.12/site-packages/airflow/example_dags/example_short_circuit_decorator.py took 0.183 seconds
[2025-04-11T20:37:04.047+0000] {processor.py:186} INFO - Started process (PID=234) to work on /home/airflow/.local/lib/python3.12/site-packages/airflow/example_dags/example_short_circuit_decorator.py
[2025-04-11T20:37:04.054+0000] {processor.py:914} INFO - Processing file /home/airflow/.local/lib/python3.12/site-packages/airflow/example_dags/example_short_circuit_decorator.py for tasks to queue
[2025-04-11T20:37:04.065+0000] {logging_mixin.py:190} INFO - [2025-04-11T20:37:04.064+0000] {dagbag.py:588} INFO - Filling up the DagBag from /home/airflow/.local/lib/python3.12/site-packages/airflow/example_dags/example_short_circuit_decorator.py
[2025-04-11T20:37:04.138+0000] {processor.py:925} INFO - DAG(s) 'example_short_circuit_decorator' retrieved from /home/airflow/.local/lib/python3.12/site-packages/airflow/example_dags/example_short_circuit_decorator.py
[2025-04-11T20:37:04.588+0000] {logging_mixin.py:190} INFO - [2025-04-11T20:37:04.587+0000] {dag.py:3239} INFO - Sync 1 DAGs
[2025-04-11T20:37:04.955+0000] {logging_mixin.py:190} INFO - [2025-04-11T20:37:04.954+0000] {dag.py:4180} INFO - Setting next_dagrun for example_short_circuit_decorator to None, run_after=None
[2025-04-11T20:37:05.164+0000] {processor.py:208} INFO - Processing /home/airflow/.local/lib/python3.12/site-packages/airflow/example_dags/example_short_circuit_decorator.py took 1.152 seconds
[2025-04-11T20:38:07.316+0000] {processor.py:186} INFO - Started process (PID=317) to work on /home/airflow/.local/lib/python3.12/site-packages/airflow/example_dags/example_short_circuit_decorator.py
[2025-04-11T20:38:07.325+0000] {processor.py:914} INFO - Processing file /home/airflow/.local/lib/python3.12/site-packages/airflow/example_dags/example_short_circuit_decorator.py for tasks to queue
[2025-04-11T20:38:07.339+0000] {logging_mixin.py:190} INFO - [2025-04-11T20:38:07.338+0000] {dagbag.py:588} INFO - Filling up the DagBag from /home/airflow/.local/lib/python3.12/site-packages/airflow/example_dags/example_short_circuit_decorator.py
[2025-04-11T20:38:07.391+0000] {processor.py:925} INFO - DAG(s) 'example_short_circuit_decorator' retrieved from /home/airflow/.local/lib/python3.12/site-packages/airflow/example_dags/example_short_circuit_decorator.py
[2025-04-11T20:38:07.564+0000] {logging_mixin.py:190} INFO - [2025-04-11T20:38:07.563+0000] {dag.py:3239} INFO - Sync 1 DAGs
[2025-04-11T20:38:07.749+0000] {logging_mixin.py:190} INFO - [2025-04-11T20:38:07.748+0000] {dag.py:4180} INFO - Setting next_dagrun for example_short_circuit_decorator to None, run_after=None
[2025-04-11T20:38:07.837+0000] {processor.py:208} INFO - Processing /home/airflow/.local/lib/python3.12/site-packages/airflow/example_dags/example_short_circuit_decorator.py took 0.551 seconds
[2025-04-11T20:38:55.884+0000] {processor.py:186} INFO - Started process (PID=384) to work on /home/airflow/.local/lib/python3.12/site-packages/airflow/example_dags/example_short_circuit_decorator.py
[2025-04-11T20:38:55.893+0000] {processor.py:914} INFO - Processing file /home/airflow/.local/lib/python3.12/site-packages/airflow/example_dags/example_short_circuit_decorator.py for tasks to queue
[2025-04-11T20:38:55.909+0000] {logging_mixin.py:190} INFO - [2025-04-11T20:38:55.908+0000] {dagbag.py:588} INFO - Filling up the DagBag from /home/airflow/.local/lib/python3.12/site-packages/airflow/example_dags/example_short_circuit_decorator.py
[2025-04-11T20:38:55.943+0000] {processor.py:925} INFO - DAG(s) 'example_short_circuit_decorator' retrieved from /home/airflow/.local/lib/python3.12/site-packages/airflow/example_dags/example_short_circuit_decorator.py
[2025-04-11T20:38:56.029+0000] {logging_mixin.py:190} INFO - [2025-04-11T20:38:56.029+0000] {dag.py:3239} INFO - Sync 1 DAGs
[2025-04-11T20:38:56.098+0000] {logging_mixin.py:190} INFO - [2025-04-11T20:38:56.098+0000] {dag.py:4180} INFO - Setting next_dagrun for example_short_circuit_decorator to None, run_after=None
[2025-04-11T20:38:56.206+0000] {processor.py:208} INFO - Processing /home/airflow/.local/lib/python3.12/site-packages/airflow/example_dags/example_short_circuit_decorator.py took 0.341 seconds
[2025-04-11T20:40:08.862+0000] {processor.py:186} INFO - Started process (PID=461) to work on /home/airflow/.local/lib/python3.12/site-packages/airflow/example_dags/example_short_circuit_decorator.py
[2025-04-11T20:40:08.865+0000] {processor.py:914} INFO - Processing file /home/airflow/.local/lib/python3.12/site-packages/airflow/example_dags/example_short_circuit_decorator.py for tasks to queue
[2025-04-11T20:40:08.871+0000] {logging_mixin.py:190} INFO - [2025-04-11T20:40:08.870+0000] {dagbag.py:588} INFO - Filling up the DagBag from /home/airflow/.local/lib/python3.12/site-packages/airflow/example_dags/example_short_circuit_decorator.py
[2025-04-11T20:40:08.900+0000] {processor.py:925} INFO - DAG(s) 'example_short_circuit_decorator' retrieved from /home/airflow/.local/lib/python3.12/site-packages/airflow/example_dags/example_short_circuit_decorator.py
[2025-04-11T20:40:08.968+0000] {logging_mixin.py:190} INFO - [2025-04-11T20:40:08.967+0000] {dag.py:3239} INFO - Sync 1 DAGs
[2025-04-11T20:40:09.011+0000] {logging_mixin.py:190} INFO - [2025-04-11T20:40:09.010+0000] {dag.py:4180} INFO - Setting next_dagrun for example_short_circuit_decorator to None, run_after=None
[2025-04-11T20:40:09.054+0000] {processor.py:208} INFO - Processing /home/airflow/.local/lib/python3.12/site-packages/airflow/example_dags/example_short_circuit_decorator.py took 0.207 seconds
[2025-04-11T20:40:47.765+0000] {processor.py:186} INFO - Started process (PID=525) to work on /home/airflow/.local/lib/python3.12/site-packages/airflow/example_dags/example_short_circuit_decorator.py
[2025-04-11T20:40:47.862+0000] {processor.py:914} INFO - Processing file /home/airflow/.local/lib/python3.12/site-packages/airflow/example_dags/example_short_circuit_decorator.py for tasks to queue
[2025-04-11T20:40:47.902+0000] {logging_mixin.py:190} INFO - [2025-04-11T20:40:47.900+0000] {dagbag.py:588} INFO - Filling up the DagBag from /home/airflow/.local/lib/python3.12/site-packages/airflow/example_dags/example_short_circuit_decorator.py
[2025-04-11T20:40:48.034+0000] {processor.py:925} INFO - DAG(s) 'example_short_circuit_decorator' retrieved from /home/airflow/.local/lib/python3.12/site-packages/airflow/example_dags/example_short_circuit_decorator.py
[2025-04-11T20:40:48.282+0000] {logging_mixin.py:190} INFO - [2025-04-11T20:40:48.282+0000] {dag.py:3239} INFO - Sync 1 DAGs
[2025-04-11T20:40:48.415+0000] {logging_mixin.py:190} INFO - [2025-04-11T20:40:48.410+0000] {dag.py:4180} INFO - Setting next_dagrun for example_short_circuit_decorator to None, run_after=None
[2025-04-11T20:40:48.568+0000] {processor.py:208} INFO - Processing /home/airflow/.local/lib/python3.12/site-packages/airflow/example_dags/example_short_circuit_decorator.py took 0.849 seconds
[2025-04-11T20:41:23.089+0000] {processor.py:186} INFO - Started process (PID=590) to work on /home/airflow/.local/lib/python3.12/site-packages/airflow/example_dags/example_short_circuit_decorator.py
[2025-04-11T20:41:23.155+0000] {processor.py:914} INFO - Processing file /home/airflow/.local/lib/python3.12/site-packages/airflow/example_dags/example_short_circuit_decorator.py for tasks to queue
[2025-04-11T20:41:23.278+0000] {logging_mixin.py:190} INFO - [2025-04-11T20:41:23.276+0000] {dagbag.py:588} INFO - Filling up the DagBag from /home/airflow/.local/lib/python3.12/site-packages/airflow/example_dags/example_short_circuit_decorator.py
[2025-04-11T20:41:23.440+0000] {processor.py:925} INFO - DAG(s) 'example_short_circuit_decorator' retrieved from /home/airflow/.local/lib/python3.12/site-packages/airflow/example_dags/example_short_circuit_decorator.py
[2025-04-11T20:41:23.556+0000] {logging_mixin.py:190} INFO - [2025-04-11T20:41:23.555+0000] {dag.py:3239} INFO - Sync 1 DAGs
[2025-04-11T20:41:23.612+0000] {logging_mixin.py:190} INFO - [2025-04-11T20:41:23.611+0000] {dag.py:4180} INFO - Setting next_dagrun for example_short_circuit_decorator to None, run_after=None
[2025-04-11T20:41:23.672+0000] {processor.py:208} INFO - Processing /home/airflow/.local/lib/python3.12/site-packages/airflow/example_dags/example_short_circuit_decorator.py took 0.733 seconds
[2025-04-11T20:42:16.787+0000] {processor.py:186} INFO - Started process (PID=660) to work on /home/airflow/.local/lib/python3.12/site-packages/airflow/example_dags/example_short_circuit_decorator.py
[2025-04-11T20:42:16.790+0000] {processor.py:914} INFO - Processing file /home/airflow/.local/lib/python3.12/site-packages/airflow/example_dags/example_short_circuit_decorator.py for tasks to queue
[2025-04-11T20:42:16.797+0000] {logging_mixin.py:190} INFO - [2025-04-11T20:42:16.797+0000] {dagbag.py:588} INFO - Filling up the DagBag from /home/airflow/.local/lib/python3.12/site-packages/airflow/example_dags/example_short_circuit_decorator.py
[2025-04-11T20:42:16.849+0000] {processor.py:925} INFO - DAG(s) 'example_short_circuit_decorator' retrieved from /home/airflow/.local/lib/python3.12/site-packages/airflow/example_dags/example_short_circuit_decorator.py
[2025-04-11T20:42:16.928+0000] {logging_mixin.py:190} INFO - [2025-04-11T20:42:16.928+0000] {dag.py:3239} INFO - Sync 1 DAGs
[2025-04-11T20:42:16.971+0000] {logging_mixin.py:190} INFO - [2025-04-11T20:42:16.971+0000] {dag.py:4180} INFO - Setting next_dagrun for example_short_circuit_decorator to None, run_after=None
[2025-04-11T20:42:17.077+0000] {processor.py:208} INFO - Processing /home/airflow/.local/lib/python3.12/site-packages/airflow/example_dags/example_short_circuit_decorator.py took 0.311 seconds
[2025-04-11T20:44:05.698+0000] {processor.py:186} INFO - Started process (PID=748) to work on /home/airflow/.local/lib/python3.12/site-packages/airflow/example_dags/example_short_circuit_decorator.py
[2025-04-11T20:44:05.710+0000] {processor.py:914} INFO - Processing file /home/airflow/.local/lib/python3.12/site-packages/airflow/example_dags/example_short_circuit_decorator.py for tasks to queue
[2025-04-11T20:44:05.728+0000] {logging_mixin.py:190} INFO - [2025-04-11T20:44:05.725+0000] {dagbag.py:588} INFO - Filling up the DagBag from /home/airflow/.local/lib/python3.12/site-packages/airflow/example_dags/example_short_circuit_decorator.py
[2025-04-11T20:44:05.788+0000] {processor.py:925} INFO - DAG(s) 'example_short_circuit_decorator' retrieved from /home/airflow/.local/lib/python3.12/site-packages/airflow/example_dags/example_short_circuit_decorator.py
[2025-04-11T20:44:05.954+0000] {logging_mixin.py:190} INFO - [2025-04-11T20:44:05.947+0000] {dag.py:3239} INFO - Sync 1 DAGs
[2025-04-11T20:44:06.057+0000] {logging_mixin.py:190} INFO - [2025-04-11T20:44:06.056+0000] {dag.py:4180} INFO - Setting next_dagrun for example_short_circuit_decorator to None, run_after=None
[2025-04-11T20:44:06.162+0000] {processor.py:208} INFO - Processing /home/airflow/.local/lib/python3.12/site-packages/airflow/example_dags/example_short_circuit_decorator.py took 0.503 seconds
[2025-04-11T20:44:44.693+0000] {processor.py:186} INFO - Started process (PID=816) to work on /home/airflow/.local/lib/python3.12/site-packages/airflow/example_dags/example_short_circuit_decorator.py
[2025-04-11T20:44:44.699+0000] {processor.py:914} INFO - Processing file /home/airflow/.local/lib/python3.12/site-packages/airflow/example_dags/example_short_circuit_decorator.py for tasks to queue
[2025-04-11T20:44:44.708+0000] {logging_mixin.py:190} INFO - [2025-04-11T20:44:44.707+0000] {dagbag.py:588} INFO - Filling up the DagBag from /home/airflow/.local/lib/python3.12/site-packages/airflow/example_dags/example_short_circuit_decorator.py
[2025-04-11T20:44:44.770+0000] {processor.py:925} INFO - DAG(s) 'example_short_circuit_decorator' retrieved from /home/airflow/.local/lib/python3.12/site-packages/airflow/example_dags/example_short_circuit_decorator.py
[2025-04-11T20:44:44.868+0000] {logging_mixin.py:190} INFO - [2025-04-11T20:44:44.868+0000] {dag.py:3239} INFO - Sync 1 DAGs
[2025-04-11T20:44:44.936+0000] {logging_mixin.py:190} INFO - [2025-04-11T20:44:44.936+0000] {dag.py:4180} INFO - Setting next_dagrun for example_short_circuit_decorator to None, run_after=None
[2025-04-11T20:44:44.995+0000] {processor.py:208} INFO - Processing /home/airflow/.local/lib/python3.12/site-packages/airflow/example_dags/example_short_circuit_decorator.py took 0.316 seconds
[2025-04-11T20:45:15.935+0000] {processor.py:186} INFO - Started process (PID=879) to work on /home/airflow/.local/lib/python3.12/site-packages/airflow/example_dags/example_short_circuit_decorator.py
[2025-04-11T20:45:15.939+0000] {processor.py:914} INFO - Processing file /home/airflow/.local/lib/python3.12/site-packages/airflow/example_dags/example_short_circuit_decorator.py for tasks to queue
[2025-04-11T20:45:15.945+0000] {logging_mixin.py:190} INFO - [2025-04-11T20:45:15.944+0000] {dagbag.py:588} INFO - Filling up the DagBag from /home/airflow/.local/lib/python3.12/site-packages/airflow/example_dags/example_short_circuit_decorator.py
[2025-04-11T20:45:15.973+0000] {processor.py:925} INFO - DAG(s) 'example_short_circuit_decorator' retrieved from /home/airflow/.local/lib/python3.12/site-packages/airflow/example_dags/example_short_circuit_decorator.py
[2025-04-11T20:45:16.059+0000] {logging_mixin.py:190} INFO - [2025-04-11T20:45:16.059+0000] {dag.py:3239} INFO - Sync 1 DAGs
[2025-04-11T20:45:16.109+0000] {logging_mixin.py:190} INFO - [2025-04-11T20:45:16.109+0000] {dag.py:4180} INFO - Setting next_dagrun for example_short_circuit_decorator to None, run_after=None
[2025-04-11T20:45:16.165+0000] {processor.py:208} INFO - Processing /home/airflow/.local/lib/python3.12/site-packages/airflow/example_dags/example_short_circuit_decorator.py took 0.244 seconds
[2025-04-11T20:45:46.239+0000] {processor.py:186} INFO - Started process (PID=942) to work on /home/airflow/.local/lib/python3.12/site-packages/airflow/example_dags/example_short_circuit_decorator.py
[2025-04-11T20:45:46.242+0000] {processor.py:914} INFO - Processing file /home/airflow/.local/lib/python3.12/site-packages/airflow/example_dags/example_short_circuit_decorator.py for tasks to queue
[2025-04-11T20:45:46.246+0000] {logging_mixin.py:190} INFO - [2025-04-11T20:45:46.245+0000] {dagbag.py:588} INFO - Filling up the DagBag from /home/airflow/.local/lib/python3.12/site-packages/airflow/example_dags/example_short_circuit_decorator.py
[2025-04-11T20:45:46.266+0000] {processor.py:925} INFO - DAG(s) 'example_short_circuit_decorator' retrieved from /home/airflow/.local/lib/python3.12/site-packages/airflow/example_dags/example_short_circuit_decorator.py
[2025-04-11T20:45:46.310+0000] {logging_mixin.py:190} INFO - [2025-04-11T20:45:46.310+0000] {dag.py:3239} INFO - Sync 1 DAGs
[2025-04-11T20:45:46.337+0000] {logging_mixin.py:190} INFO - [2025-04-11T20:45:46.336+0000] {dag.py:4180} INFO - Setting next_dagrun for example_short_circuit_decorator to None, run_after=None
[2025-04-11T20:45:46.382+0000] {processor.py:208} INFO - Processing /home/airflow/.local/lib/python3.12/site-packages/airflow/example_dags/example_short_circuit_decorator.py took 0.154 seconds
[2025-04-11T20:48:35.940+0000] {processor.py:186} INFO - Started process (PID=1055) to work on /home/airflow/.local/lib/python3.12/site-packages/airflow/example_dags/example_short_circuit_decorator.py
[2025-04-11T20:48:35.957+0000] {processor.py:914} INFO - Processing file /home/airflow/.local/lib/python3.12/site-packages/airflow/example_dags/example_short_circuit_decorator.py for tasks to queue
[2025-04-11T20:48:36.162+0000] {logging_mixin.py:190} INFO - [2025-04-11T20:48:36.161+0000] {dagbag.py:588} INFO - Filling up the DagBag from /home/airflow/.local/lib/python3.12/site-packages/airflow/example_dags/example_short_circuit_decorator.py
[2025-04-11T20:48:36.953+0000] {processor.py:925} INFO - DAG(s) 'example_short_circuit_decorator' retrieved from /home/airflow/.local/lib/python3.12/site-packages/airflow/example_dags/example_short_circuit_decorator.py
[2025-04-11T20:48:38.045+0000] {logging_mixin.py:190} INFO - [2025-04-11T20:48:38.043+0000] {dag.py:3239} INFO - Sync 1 DAGs
[2025-04-11T20:48:38.471+0000] {logging_mixin.py:190} INFO - [2025-04-11T20:48:38.471+0000] {dag.py:4180} INFO - Setting next_dagrun for example_short_circuit_decorator to None, run_after=None
[2025-04-11T20:48:39.134+0000] {processor.py:208} INFO - Processing /home/airflow/.local/lib/python3.12/site-packages/airflow/example_dags/example_short_circuit_decorator.py took 3.577 seconds
[2025-04-11T20:50:13.734+0000] {processor.py:186} INFO - Started process (PID=1143) to work on /home/airflow/.local/lib/python3.12/site-packages/airflow/example_dags/example_short_circuit_decorator.py
[2025-04-11T20:50:13.742+0000] {processor.py:914} INFO - Processing file /home/airflow/.local/lib/python3.12/site-packages/airflow/example_dags/example_short_circuit_decorator.py for tasks to queue
[2025-04-11T20:50:13.758+0000] {logging_mixin.py:190} INFO - [2025-04-11T20:50:13.755+0000] {dagbag.py:588} INFO - Filling up the DagBag from /home/airflow/.local/lib/python3.12/site-packages/airflow/example_dags/example_short_circuit_decorator.py
[2025-04-11T20:50:13.812+0000] {processor.py:925} INFO - DAG(s) 'example_short_circuit_decorator' retrieved from /home/airflow/.local/lib/python3.12/site-packages/airflow/example_dags/example_short_circuit_decorator.py
[2025-04-11T20:50:13.889+0000] {logging_mixin.py:190} INFO - [2025-04-11T20:50:13.889+0000] {dag.py:3239} INFO - Sync 1 DAGs
[2025-04-11T20:50:13.959+0000] {logging_mixin.py:190} INFO - [2025-04-11T20:50:13.958+0000] {dag.py:4180} INFO - Setting next_dagrun for example_short_circuit_decorator to None, run_after=None
[2025-04-11T20:50:14.023+0000] {processor.py:208} INFO - Processing /home/airflow/.local/lib/python3.12/site-packages/airflow/example_dags/example_short_circuit_decorator.py took 0.313 seconds
[2025-04-11T20:51:24.857+0000] {processor.py:186} INFO - Started process (PID=1227) to work on /home/airflow/.local/lib/python3.12/site-packages/airflow/example_dags/example_short_circuit_decorator.py
[2025-04-11T20:51:24.860+0000] {processor.py:914} INFO - Processing file /home/airflow/.local/lib/python3.12/site-packages/airflow/example_dags/example_short_circuit_decorator.py for tasks to queue
[2025-04-11T20:51:24.868+0000] {logging_mixin.py:190} INFO - [2025-04-11T20:51:24.867+0000] {dagbag.py:588} INFO - Filling up the DagBag from /home/airflow/.local/lib/python3.12/site-packages/airflow/example_dags/example_short_circuit_decorator.py
[2025-04-11T20:51:24.910+0000] {processor.py:925} INFO - DAG(s) 'example_short_circuit_decorator' retrieved from /home/airflow/.local/lib/python3.12/site-packages/airflow/example_dags/example_short_circuit_decorator.py
[2025-04-11T20:51:25.123+0000] {logging_mixin.py:190} INFO - [2025-04-11T20:51:25.122+0000] {dag.py:3239} INFO - Sync 1 DAGs
[2025-04-11T20:51:25.254+0000] {logging_mixin.py:190} INFO - [2025-04-11T20:51:25.251+0000] {dag.py:4180} INFO - Setting next_dagrun for example_short_circuit_decorator to None, run_after=None
[2025-04-11T20:51:25.350+0000] {processor.py:208} INFO - Processing /home/airflow/.local/lib/python3.12/site-packages/airflow/example_dags/example_short_circuit_decorator.py took 0.507 seconds
[2025-04-11T20:52:20.707+0000] {processor.py:186} INFO - Started process (PID=1289) to work on /home/airflow/.local/lib/python3.12/site-packages/airflow/example_dags/example_short_circuit_decorator.py
[2025-04-11T20:52:20.713+0000] {processor.py:914} INFO - Processing file /home/airflow/.local/lib/python3.12/site-packages/airflow/example_dags/example_short_circuit_decorator.py for tasks to queue
[2025-04-11T20:52:20.724+0000] {logging_mixin.py:190} INFO - [2025-04-11T20:52:20.721+0000] {dagbag.py:588} INFO - Filling up the DagBag from /home/airflow/.local/lib/python3.12/site-packages/airflow/example_dags/example_short_circuit_decorator.py
[2025-04-11T20:52:20.796+0000] {processor.py:925} INFO - DAG(s) 'example_short_circuit_decorator' retrieved from /home/airflow/.local/lib/python3.12/site-packages/airflow/example_dags/example_short_circuit_decorator.py
[2025-04-11T20:52:20.919+0000] {logging_mixin.py:190} INFO - [2025-04-11T20:52:20.914+0000] {dag.py:3239} INFO - Sync 1 DAGs
[2025-04-11T20:52:21.050+0000] {logging_mixin.py:190} INFO - [2025-04-11T20:52:21.050+0000] {dag.py:4180} INFO - Setting next_dagrun for example_short_circuit_decorator to None, run_after=None
[2025-04-11T20:52:21.131+0000] {processor.py:208} INFO - Processing /home/airflow/.local/lib/python3.12/site-packages/airflow/example_dags/example_short_circuit_decorator.py took 0.471 seconds
[2025-04-11T20:52:51.598+0000] {processor.py:186} INFO - Started process (PID=1353) to work on /home/airflow/.local/lib/python3.12/site-packages/airflow/example_dags/example_short_circuit_decorator.py
[2025-04-11T20:52:51.600+0000] {processor.py:914} INFO - Processing file /home/airflow/.local/lib/python3.12/site-packages/airflow/example_dags/example_short_circuit_decorator.py for tasks to queue
[2025-04-11T20:52:51.609+0000] {logging_mixin.py:190} INFO - [2025-04-11T20:52:51.608+0000] {dagbag.py:588} INFO - Filling up the DagBag from /home/airflow/.local/lib/python3.12/site-packages/airflow/example_dags/example_short_circuit_decorator.py
[2025-04-11T20:52:51.659+0000] {processor.py:925} INFO - DAG(s) 'example_short_circuit_decorator' retrieved from /home/airflow/.local/lib/python3.12/site-packages/airflow/example_dags/example_short_circuit_decorator.py
[2025-04-11T20:52:52.189+0000] {logging_mixin.py:190} INFO - [2025-04-11T20:52:52.183+0000] {dag.py:3239} INFO - Sync 1 DAGs
[2025-04-11T20:52:52.445+0000] {logging_mixin.py:190} INFO - [2025-04-11T20:52:52.444+0000] {dag.py:4180} INFO - Setting next_dagrun for example_short_circuit_decorator to None, run_after=None
[2025-04-11T20:52:52.645+0000] {processor.py:208} INFO - Processing /home/airflow/.local/lib/python3.12/site-packages/airflow/example_dags/example_short_circuit_decorator.py took 1.071 seconds
