[2025-04-11T19:45:01.948+0000] {processor.py:186} INFO - Started process (PID=93) to work on /home/airflow/.local/lib/python3.12/site-packages/airflow/example_dags/example_workday_timetable.py
[2025-04-11T19:45:01.968+0000] {processor.py:914} INFO - Processing file /home/airflow/.local/lib/python3.12/site-packages/airflow/example_dags/example_workday_timetable.py for tasks to queue
[2025-04-11T19:45:02.034+0000] {logging_mixin.py:190} INFO - [2025-04-11T19:45:02.019+0000] {dagbag.py:588} INFO - Filling up the DagBag from /home/airflow/.local/lib/python3.12/site-packages/airflow/example_dags/example_workday_timetable.py
[2025-04-11T19:45:02.246+0000] {processor.py:925} INFO - DAG(s) 'example_workday_timetable' retrieved from /home/airflow/.local/lib/python3.12/site-packages/airflow/example_dags/example_workday_timetable.py
[2025-04-11T19:45:03.295+0000] {logging_mixin.py:190} INFO - [2025-04-11T19:45:03.294+0000] {override.py:1912} INFO - Created Permission View: can delete on DAG:example_workday_timetable
[2025-04-11T19:45:03.467+0000] {logging_mixin.py:190} INFO - [2025-04-11T19:45:03.462+0000] {override.py:1912} INFO - Created Permission View: can read on DAG:example_workday_timetable
[2025-04-11T19:45:03.825+0000] {logging_mixin.py:190} INFO - [2025-04-11T19:45:03.824+0000] {override.py:1912} INFO - Created Permission View: can edit on DAG:example_workday_timetable
[2025-04-11T19:45:04.026+0000] {logging_mixin.py:190} INFO - [2025-04-11T19:45:04.025+0000] {override.py:1912} INFO - Created Permission View: can create on DAG Run:example_workday_timetable
[2025-04-11T19:45:04.066+0000] {logging_mixin.py:190} INFO - [2025-04-11T19:45:04.065+0000] {override.py:1912} INFO - Created Permission View: can read on DAG Run:example_workday_timetable
[2025-04-11T19:45:04.125+0000] {logging_mixin.py:190} INFO - [2025-04-11T19:45:04.125+0000] {override.py:1912} INFO - Created Permission View: can delete on DAG Run:example_workday_timetable
[2025-04-11T19:45:04.162+0000] {logging_mixin.py:190} INFO - [2025-04-11T19:45:04.162+0000] {override.py:1912} INFO - Created Permission View: menu access on DAG Run:example_workday_timetable
[2025-04-11T19:45:04.171+0000] {logging_mixin.py:190} INFO - [2025-04-11T19:45:04.171+0000] {dag.py:3239} INFO - Sync 1 DAGs
[2025-04-11T19:45:04.354+0000] {logging_mixin.py:190} INFO - [2025-04-11T19:45:04.354+0000] {dag.py:3262} INFO - Creating ORM DAG for example_workday_timetable
[2025-04-11T19:45:05.233+0000] {logging_mixin.py:190} INFO - [2025-04-11T19:45:05.218+0000] {dag.py:4180} INFO - Setting next_dagrun for example_workday_timetable to 2021-01-04 00:00:00+00:00, run_after=2021-01-05 00:00:00+00:00
[2025-04-11T19:45:05.319+0000] {processor.py:208} INFO - Processing /home/airflow/.local/lib/python3.12/site-packages/airflow/example_dags/example_workday_timetable.py took 3.450 seconds
[2025-04-11T19:46:51.977+0000] {processor.py:186} INFO - Started process (PID=169) to work on /home/airflow/.local/lib/python3.12/site-packages/airflow/example_dags/example_workday_timetable.py
[2025-04-11T19:46:51.981+0000] {processor.py:914} INFO - Processing file /home/airflow/.local/lib/python3.12/site-packages/airflow/example_dags/example_workday_timetable.py for tasks to queue
[2025-04-11T19:46:51.986+0000] {logging_mixin.py:190} INFO - [2025-04-11T19:46:51.986+0000] {dagbag.py:588} INFO - Filling up the DagBag from /home/airflow/.local/lib/python3.12/site-packages/airflow/example_dags/example_workday_timetable.py
[2025-04-11T19:46:52.012+0000] {processor.py:925} INFO - DAG(s) 'example_workday_timetable' retrieved from /home/airflow/.local/lib/python3.12/site-packages/airflow/example_dags/example_workday_timetable.py
[2025-04-11T19:46:52.085+0000] {logging_mixin.py:190} INFO - [2025-04-11T19:46:52.084+0000] {dag.py:3239} INFO - Sync 1 DAGs
[2025-04-11T19:46:52.287+0000] {logging_mixin.py:190} INFO - [2025-04-11T19:46:52.286+0000] {dag.py:4180} INFO - Setting next_dagrun for example_workday_timetable to 2021-01-04 00:00:00+00:00, run_after=2021-01-05 00:00:00+00:00
[2025-04-11T19:46:52.337+0000] {processor.py:208} INFO - Processing /home/airflow/.local/lib/python3.12/site-packages/airflow/example_dags/example_workday_timetable.py took 0.378 seconds
[2025-04-11T19:47:26.062+0000] {processor.py:186} INFO - Started process (PID=233) to work on /home/airflow/.local/lib/python3.12/site-packages/airflow/example_dags/example_workday_timetable.py
[2025-04-11T19:47:26.066+0000] {processor.py:914} INFO - Processing file /home/airflow/.local/lib/python3.12/site-packages/airflow/example_dags/example_workday_timetable.py for tasks to queue
[2025-04-11T19:47:26.078+0000] {logging_mixin.py:190} INFO - [2025-04-11T19:47:26.077+0000] {dagbag.py:588} INFO - Filling up the DagBag from /home/airflow/.local/lib/python3.12/site-packages/airflow/example_dags/example_workday_timetable.py
[2025-04-11T19:47:26.099+0000] {processor.py:925} INFO - DAG(s) 'example_workday_timetable' retrieved from /home/airflow/.local/lib/python3.12/site-packages/airflow/example_dags/example_workday_timetable.py
[2025-04-11T19:47:26.188+0000] {logging_mixin.py:190} INFO - [2025-04-11T19:47:26.188+0000] {dag.py:3239} INFO - Sync 1 DAGs
[2025-04-11T19:47:27.305+0000] {logging_mixin.py:190} INFO - [2025-04-11T19:47:27.304+0000] {dag.py:4180} INFO - Setting next_dagrun for example_workday_timetable to 2021-01-04 00:00:00+00:00, run_after=2021-01-05 00:00:00+00:00
[2025-04-11T19:47:27.398+0000] {processor.py:208} INFO - Processing /home/airflow/.local/lib/python3.12/site-packages/airflow/example_dags/example_workday_timetable.py took 1.360 seconds
[2025-04-11T19:52:52.668+0000] {processor.py:186} INFO - Started process (PID=90) to work on /home/airflow/.local/lib/python3.12/site-packages/airflow/example_dags/example_workday_timetable.py
[2025-04-11T19:52:52.712+0000] {processor.py:914} INFO - Processing file /home/airflow/.local/lib/python3.12/site-packages/airflow/example_dags/example_workday_timetable.py for tasks to queue
[2025-04-11T19:52:52.743+0000] {logging_mixin.py:190} INFO - [2025-04-11T19:52:52.741+0000] {dagbag.py:588} INFO - Filling up the DagBag from /home/airflow/.local/lib/python3.12/site-packages/airflow/example_dags/example_workday_timetable.py
[2025-04-11T19:52:52.776+0000] {processor.py:925} INFO - DAG(s) 'example_workday_timetable' retrieved from /home/airflow/.local/lib/python3.12/site-packages/airflow/example_dags/example_workday_timetable.py
[2025-04-11T19:52:52.884+0000] {logging_mixin.py:190} INFO - [2025-04-11T19:52:52.883+0000] {dag.py:3239} INFO - Sync 1 DAGs
[2025-04-11T19:52:53.807+0000] {logging_mixin.py:190} INFO - [2025-04-11T19:52:53.805+0000] {dag.py:4180} INFO - Setting next_dagrun for example_workday_timetable to 2021-01-04 00:00:00+00:00, run_after=2021-01-05 00:00:00+00:00
[2025-04-11T19:52:53.897+0000] {processor.py:208} INFO - Processing /home/airflow/.local/lib/python3.12/site-packages/airflow/example_dags/example_workday_timetable.py took 1.268 seconds
[2025-04-11T19:54:17.197+0000] {processor.py:186} INFO - Started process (PID=159) to work on /home/airflow/.local/lib/python3.12/site-packages/airflow/example_dags/example_workday_timetable.py
[2025-04-11T19:54:17.202+0000] {processor.py:914} INFO - Processing file /home/airflow/.local/lib/python3.12/site-packages/airflow/example_dags/example_workday_timetable.py for tasks to queue
[2025-04-11T19:54:17.224+0000] {logging_mixin.py:190} INFO - [2025-04-11T19:54:17.212+0000] {dagbag.py:588} INFO - Filling up the DagBag from /home/airflow/.local/lib/python3.12/site-packages/airflow/example_dags/example_workday_timetable.py
[2025-04-11T19:54:17.252+0000] {processor.py:925} INFO - DAG(s) 'example_workday_timetable' retrieved from /home/airflow/.local/lib/python3.12/site-packages/airflow/example_dags/example_workday_timetable.py
[2025-04-11T19:54:17.369+0000] {logging_mixin.py:190} INFO - [2025-04-11T19:54:17.368+0000] {dag.py:3239} INFO - Sync 1 DAGs
[2025-04-11T19:54:17.955+0000] {logging_mixin.py:190} INFO - [2025-04-11T19:54:17.950+0000] {dag.py:4180} INFO - Setting next_dagrun for example_workday_timetable to 2021-01-04 00:00:00+00:00, run_after=2021-01-05 00:00:00+00:00
[2025-04-11T19:54:18.151+0000] {processor.py:208} INFO - Processing /home/airflow/.local/lib/python3.12/site-packages/airflow/example_dags/example_workday_timetable.py took 0.980 seconds
[2025-04-11T19:54:48.470+0000] {processor.py:186} INFO - Started process (PID=223) to work on /home/airflow/.local/lib/python3.12/site-packages/airflow/example_dags/example_workday_timetable.py
[2025-04-11T19:54:48.473+0000] {processor.py:914} INFO - Processing file /home/airflow/.local/lib/python3.12/site-packages/airflow/example_dags/example_workday_timetable.py for tasks to queue
[2025-04-11T19:54:48.479+0000] {logging_mixin.py:190} INFO - [2025-04-11T19:54:48.478+0000] {dagbag.py:588} INFO - Filling up the DagBag from /home/airflow/.local/lib/python3.12/site-packages/airflow/example_dags/example_workday_timetable.py
[2025-04-11T19:54:48.493+0000] {processor.py:925} INFO - DAG(s) 'example_workday_timetable' retrieved from /home/airflow/.local/lib/python3.12/site-packages/airflow/example_dags/example_workday_timetable.py
[2025-04-11T19:54:48.551+0000] {logging_mixin.py:190} INFO - [2025-04-11T19:54:48.551+0000] {dag.py:3239} INFO - Sync 1 DAGs
[2025-04-11T19:54:48.758+0000] {logging_mixin.py:190} INFO - [2025-04-11T19:54:48.757+0000] {dag.py:4180} INFO - Setting next_dagrun for example_workday_timetable to 2021-01-04 00:00:00+00:00, run_after=2021-01-05 00:00:00+00:00
[2025-04-11T19:54:48.809+0000] {processor.py:208} INFO - Processing /home/airflow/.local/lib/python3.12/site-packages/airflow/example_dags/example_workday_timetable.py took 0.354 seconds
[2025-04-11T19:55:41.136+0000] {processor.py:186} INFO - Started process (PID=292) to work on /home/airflow/.local/lib/python3.12/site-packages/airflow/example_dags/example_workday_timetable.py
[2025-04-11T19:55:41.157+0000] {processor.py:914} INFO - Processing file /home/airflow/.local/lib/python3.12/site-packages/airflow/example_dags/example_workday_timetable.py for tasks to queue
[2025-04-11T19:55:41.179+0000] {logging_mixin.py:190} INFO - [2025-04-11T19:55:41.178+0000] {dagbag.py:588} INFO - Filling up the DagBag from /home/airflow/.local/lib/python3.12/site-packages/airflow/example_dags/example_workday_timetable.py
[2025-04-11T19:55:41.278+0000] {processor.py:925} INFO - DAG(s) 'example_workday_timetable' retrieved from /home/airflow/.local/lib/python3.12/site-packages/airflow/example_dags/example_workday_timetable.py
[2025-04-11T19:55:42.138+0000] {logging_mixin.py:190} INFO - [2025-04-11T19:55:42.137+0000] {dag.py:3239} INFO - Sync 1 DAGs
[2025-04-11T19:55:43.132+0000] {logging_mixin.py:190} INFO - [2025-04-11T19:55:43.111+0000] {dag.py:4180} INFO - Setting next_dagrun for example_workday_timetable to 2021-01-04 00:00:00+00:00, run_after=2021-01-05 00:00:00+00:00
[2025-04-11T19:55:45.000+0000] {processor.py:208} INFO - Processing /home/airflow/.local/lib/python3.12/site-packages/airflow/example_dags/example_workday_timetable.py took 3.966 seconds
[2025-04-11T19:56:26.178+0000] {processor.py:186} INFO - Started process (PID=346) to work on /home/airflow/.local/lib/python3.12/site-packages/airflow/example_dags/example_workday_timetable.py
[2025-04-11T19:56:26.182+0000] {processor.py:914} INFO - Processing file /home/airflow/.local/lib/python3.12/site-packages/airflow/example_dags/example_workday_timetable.py for tasks to queue
[2025-04-11T19:56:26.189+0000] {logging_mixin.py:190} INFO - [2025-04-11T19:56:26.189+0000] {dagbag.py:588} INFO - Filling up the DagBag from /home/airflow/.local/lib/python3.12/site-packages/airflow/example_dags/example_workday_timetable.py
[2025-04-11T19:56:26.205+0000] {processor.py:925} INFO - DAG(s) 'example_workday_timetable' retrieved from /home/airflow/.local/lib/python3.12/site-packages/airflow/example_dags/example_workday_timetable.py
[2025-04-11T19:56:26.253+0000] {logging_mixin.py:190} INFO - [2025-04-11T19:56:26.252+0000] {dag.py:3239} INFO - Sync 1 DAGs
[2025-04-11T19:56:26.407+0000] {logging_mixin.py:190} INFO - [2025-04-11T19:56:26.406+0000] {dag.py:4180} INFO - Setting next_dagrun for example_workday_timetable to 2021-01-04 00:00:00+00:00, run_after=2021-01-05 00:00:00+00:00
[2025-04-11T19:56:26.470+0000] {processor.py:208} INFO - Processing /home/airflow/.local/lib/python3.12/site-packages/airflow/example_dags/example_workday_timetable.py took 0.305 seconds
[2025-04-11T19:59:17.308+0000] {processor.py:186} INFO - Started process (PID=79) to work on /home/airflow/.local/lib/python3.12/site-packages/airflow/example_dags/example_workday_timetable.py
[2025-04-11T19:59:17.312+0000] {processor.py:914} INFO - Processing file /home/airflow/.local/lib/python3.12/site-packages/airflow/example_dags/example_workday_timetable.py for tasks to queue
[2025-04-11T19:59:17.335+0000] {logging_mixin.py:190} INFO - [2025-04-11T19:59:17.333+0000] {dagbag.py:588} INFO - Filling up the DagBag from /home/airflow/.local/lib/python3.12/site-packages/airflow/example_dags/example_workday_timetable.py
[2025-04-11T19:59:17.357+0000] {processor.py:925} INFO - DAG(s) 'example_workday_timetable' retrieved from /home/airflow/.local/lib/python3.12/site-packages/airflow/example_dags/example_workday_timetable.py
[2025-04-11T19:59:17.509+0000] {logging_mixin.py:190} INFO - [2025-04-11T19:59:17.508+0000] {dag.py:3239} INFO - Sync 1 DAGs
[2025-04-11T19:59:18.098+0000] {logging_mixin.py:190} INFO - [2025-04-11T19:59:18.097+0000] {dag.py:4180} INFO - Setting next_dagrun for example_workday_timetable to 2021-01-04 00:00:00+00:00, run_after=2021-01-05 00:00:00+00:00
[2025-04-11T19:59:18.186+0000] {processor.py:208} INFO - Processing /home/airflow/.local/lib/python3.12/site-packages/airflow/example_dags/example_workday_timetable.py took 0.922 seconds
[2025-04-11T20:00:05.001+0000] {processor.py:186} INFO - Started process (PID=149) to work on /home/airflow/.local/lib/python3.12/site-packages/airflow/example_dags/example_workday_timetable.py
[2025-04-11T20:00:05.006+0000] {processor.py:914} INFO - Processing file /home/airflow/.local/lib/python3.12/site-packages/airflow/example_dags/example_workday_timetable.py for tasks to queue
[2025-04-11T20:00:05.016+0000] {logging_mixin.py:190} INFO - [2025-04-11T20:00:05.015+0000] {dagbag.py:588} INFO - Filling up the DagBag from /home/airflow/.local/lib/python3.12/site-packages/airflow/example_dags/example_workday_timetable.py
[2025-04-11T20:00:05.047+0000] {processor.py:925} INFO - DAG(s) 'example_workday_timetable' retrieved from /home/airflow/.local/lib/python3.12/site-packages/airflow/example_dags/example_workday_timetable.py
[2025-04-11T20:00:05.103+0000] {logging_mixin.py:190} INFO - [2025-04-11T20:00:05.099+0000] {dag.py:3239} INFO - Sync 1 DAGs
[2025-04-11T20:00:05.507+0000] {logging_mixin.py:190} INFO - [2025-04-11T20:00:05.503+0000] {dag.py:4180} INFO - Setting next_dagrun for example_workday_timetable to 2021-01-04 00:00:00+00:00, run_after=2021-01-05 00:00:00+00:00
[2025-04-11T20:00:05.641+0000] {processor.py:208} INFO - Processing /home/airflow/.local/lib/python3.12/site-packages/airflow/example_dags/example_workday_timetable.py took 0.673 seconds
[2025-04-11T20:05:06.448+0000] {processor.py:186} INFO - Started process (PID=98) to work on /home/airflow/.local/lib/python3.12/site-packages/airflow/example_dags/example_workday_timetable.py
[2025-04-11T20:05:06.470+0000] {processor.py:914} INFO - Processing file /home/airflow/.local/lib/python3.12/site-packages/airflow/example_dags/example_workday_timetable.py for tasks to queue
[2025-04-11T20:05:06.559+0000] {logging_mixin.py:190} INFO - [2025-04-11T20:05:06.536+0000] {dagbag.py:588} INFO - Filling up the DagBag from /home/airflow/.local/lib/python3.12/site-packages/airflow/example_dags/example_workday_timetable.py
[2025-04-11T20:05:06.776+0000] {processor.py:925} INFO - DAG(s) 'example_workday_timetable' retrieved from /home/airflow/.local/lib/python3.12/site-packages/airflow/example_dags/example_workday_timetable.py
[2025-04-11T20:05:07.415+0000] {logging_mixin.py:190} INFO - [2025-04-11T20:05:07.409+0000] {dag.py:3239} INFO - Sync 1 DAGs
[2025-04-11T20:05:09.160+0000] {logging_mixin.py:190} INFO - [2025-04-11T20:05:09.159+0000] {dag.py:4180} INFO - Setting next_dagrun for example_workday_timetable to 2021-01-04 00:00:00+00:00, run_after=2021-01-05 00:00:00+00:00
[2025-04-11T20:05:09.658+0000] {processor.py:208} INFO - Processing /home/airflow/.local/lib/python3.12/site-packages/airflow/example_dags/example_workday_timetable.py took 3.339 seconds
[2025-04-11T20:09:32.762+0000] {processor.py:186} INFO - Started process (PID=105) to work on /home/airflow/.local/lib/python3.12/site-packages/airflow/example_dags/example_workday_timetable.py
[2025-04-11T20:09:32.771+0000] {processor.py:914} INFO - Processing file /home/airflow/.local/lib/python3.12/site-packages/airflow/example_dags/example_workday_timetable.py for tasks to queue
[2025-04-11T20:09:32.819+0000] {logging_mixin.py:190} INFO - [2025-04-11T20:09:32.798+0000] {dagbag.py:588} INFO - Filling up the DagBag from /home/airflow/.local/lib/python3.12/site-packages/airflow/example_dags/example_workday_timetable.py
[2025-04-11T20:09:32.945+0000] {processor.py:925} INFO - DAG(s) 'example_workday_timetable' retrieved from /home/airflow/.local/lib/python3.12/site-packages/airflow/example_dags/example_workday_timetable.py
[2025-04-11T20:09:33.985+0000] {logging_mixin.py:190} INFO - [2025-04-11T20:09:33.983+0000] {dag.py:3239} INFO - Sync 1 DAGs
[2025-04-11T20:09:35.106+0000] {logging_mixin.py:190} INFO - [2025-04-11T20:09:35.103+0000] {dag.py:4180} INFO - Setting next_dagrun for example_workday_timetable to 2021-01-04 00:00:00+00:00, run_after=2021-01-05 00:00:00+00:00
[2025-04-11T20:09:35.344+0000] {processor.py:208} INFO - Processing /home/airflow/.local/lib/python3.12/site-packages/airflow/example_dags/example_workday_timetable.py took 2.799 seconds
[2025-04-11T20:13:39.105+0000] {processor.py:186} INFO - Started process (PID=88) to work on /home/airflow/.local/lib/python3.12/site-packages/airflow/example_dags/example_workday_timetable.py
[2025-04-11T20:13:39.118+0000] {processor.py:914} INFO - Processing file /home/airflow/.local/lib/python3.12/site-packages/airflow/example_dags/example_workday_timetable.py for tasks to queue
[2025-04-11T20:13:39.171+0000] {logging_mixin.py:190} INFO - [2025-04-11T20:13:39.156+0000] {dagbag.py:588} INFO - Filling up the DagBag from /home/airflow/.local/lib/python3.12/site-packages/airflow/example_dags/example_workday_timetable.py
[2025-04-11T20:13:39.667+0000] {processor.py:925} INFO - DAG(s) 'example_workday_timetable' retrieved from /home/airflow/.local/lib/python3.12/site-packages/airflow/example_dags/example_workday_timetable.py
[2025-04-11T20:13:40.982+0000] {logging_mixin.py:190} INFO - [2025-04-11T20:13:40.982+0000] {dag.py:3239} INFO - Sync 1 DAGs
[2025-04-11T20:13:43.497+0000] {logging_mixin.py:190} INFO - [2025-04-11T20:13:43.496+0000] {dag.py:4180} INFO - Setting next_dagrun for example_workday_timetable to 2021-01-04 00:00:00+00:00, run_after=2021-01-05 00:00:00+00:00
[2025-04-11T20:13:43.665+0000] {processor.py:208} INFO - Processing /home/airflow/.local/lib/python3.12/site-packages/airflow/example_dags/example_workday_timetable.py took 4.602 seconds
[2025-04-11T20:14:53.477+0000] {processor.py:186} INFO - Started process (PID=164) to work on /home/airflow/.local/lib/python3.12/site-packages/airflow/example_dags/example_workday_timetable.py
[2025-04-11T20:14:53.506+0000] {processor.py:914} INFO - Processing file /home/airflow/.local/lib/python3.12/site-packages/airflow/example_dags/example_workday_timetable.py for tasks to queue
[2025-04-11T20:14:53.548+0000] {logging_mixin.py:190} INFO - [2025-04-11T20:14:53.533+0000] {dagbag.py:588} INFO - Filling up the DagBag from /home/airflow/.local/lib/python3.12/site-packages/airflow/example_dags/example_workday_timetable.py
[2025-04-11T20:14:53.617+0000] {processor.py:925} INFO - DAG(s) 'example_workday_timetable' retrieved from /home/airflow/.local/lib/python3.12/site-packages/airflow/example_dags/example_workday_timetable.py
[2025-04-11T20:14:53.891+0000] {logging_mixin.py:190} INFO - [2025-04-11T20:14:53.890+0000] {dag.py:3239} INFO - Sync 1 DAGs
[2025-04-11T20:14:55.371+0000] {logging_mixin.py:190} INFO - [2025-04-11T20:14:55.370+0000] {dag.py:4180} INFO - Setting next_dagrun for example_workday_timetable to 2021-01-04 00:00:00+00:00, run_after=2021-01-05 00:00:00+00:00
[2025-04-11T20:14:55.957+0000] {processor.py:208} INFO - Processing /home/airflow/.local/lib/python3.12/site-packages/airflow/example_dags/example_workday_timetable.py took 2.573 seconds
[2025-04-11T20:15:58.111+0000] {processor.py:186} INFO - Started process (PID=213) to work on /home/airflow/.local/lib/python3.12/site-packages/airflow/example_dags/example_workday_timetable.py
[2025-04-11T20:15:58.116+0000] {processor.py:914} INFO - Processing file /home/airflow/.local/lib/python3.12/site-packages/airflow/example_dags/example_workday_timetable.py for tasks to queue
[2025-04-11T20:15:58.125+0000] {logging_mixin.py:190} INFO - [2025-04-11T20:15:58.123+0000] {dagbag.py:588} INFO - Filling up the DagBag from /home/airflow/.local/lib/python3.12/site-packages/airflow/example_dags/example_workday_timetable.py
[2025-04-11T20:15:58.166+0000] {processor.py:925} INFO - DAG(s) 'example_workday_timetable' retrieved from /home/airflow/.local/lib/python3.12/site-packages/airflow/example_dags/example_workday_timetable.py
[2025-04-11T20:15:58.398+0000] {logging_mixin.py:190} INFO - [2025-04-11T20:15:58.397+0000] {dag.py:3239} INFO - Sync 1 DAGs
[2025-04-11T20:16:00.364+0000] {logging_mixin.py:190} INFO - [2025-04-11T20:16:00.363+0000] {dag.py:4180} INFO - Setting next_dagrun for example_workday_timetable to 2021-01-04 00:00:00+00:00, run_after=2021-01-05 00:00:00+00:00
[2025-04-11T20:16:00.559+0000] {processor.py:208} INFO - Processing /home/airflow/.local/lib/python3.12/site-packages/airflow/example_dags/example_workday_timetable.py took 2.470 seconds
[2025-04-11T20:16:40.920+0000] {processor.py:186} INFO - Started process (PID=269) to work on /home/airflow/.local/lib/python3.12/site-packages/airflow/example_dags/example_workday_timetable.py
[2025-04-11T20:16:40.923+0000] {processor.py:914} INFO - Processing file /home/airflow/.local/lib/python3.12/site-packages/airflow/example_dags/example_workday_timetable.py for tasks to queue
[2025-04-11T20:16:40.956+0000] {logging_mixin.py:190} INFO - [2025-04-11T20:16:40.953+0000] {dagbag.py:588} INFO - Filling up the DagBag from /home/airflow/.local/lib/python3.12/site-packages/airflow/example_dags/example_workday_timetable.py
[2025-04-11T20:16:41.036+0000] {processor.py:925} INFO - DAG(s) 'example_workday_timetable' retrieved from /home/airflow/.local/lib/python3.12/site-packages/airflow/example_dags/example_workday_timetable.py
[2025-04-11T20:16:41.289+0000] {logging_mixin.py:190} INFO - [2025-04-11T20:16:41.288+0000] {dag.py:3239} INFO - Sync 1 DAGs
[2025-04-11T20:16:41.963+0000] {logging_mixin.py:190} INFO - [2025-04-11T20:16:41.963+0000] {dag.py:4180} INFO - Setting next_dagrun for example_workday_timetable to 2021-01-04 00:00:00+00:00, run_after=2021-01-05 00:00:00+00:00
[2025-04-11T20:16:42.073+0000] {processor.py:208} INFO - Processing /home/airflow/.local/lib/python3.12/site-packages/airflow/example_dags/example_workday_timetable.py took 1.350 seconds
[2025-04-11T20:17:19.395+0000] {processor.py:186} INFO - Started process (PID=333) to work on /home/airflow/.local/lib/python3.12/site-packages/airflow/example_dags/example_workday_timetable.py
[2025-04-11T20:17:19.403+0000] {processor.py:914} INFO - Processing file /home/airflow/.local/lib/python3.12/site-packages/airflow/example_dags/example_workday_timetable.py for tasks to queue
[2025-04-11T20:17:19.422+0000] {logging_mixin.py:190} INFO - [2025-04-11T20:17:19.421+0000] {dagbag.py:588} INFO - Filling up the DagBag from /home/airflow/.local/lib/python3.12/site-packages/airflow/example_dags/example_workday_timetable.py
[2025-04-11T20:17:19.478+0000] {processor.py:925} INFO - DAG(s) 'example_workday_timetable' retrieved from /home/airflow/.local/lib/python3.12/site-packages/airflow/example_dags/example_workday_timetable.py
[2025-04-11T20:17:20.096+0000] {logging_mixin.py:190} INFO - [2025-04-11T20:17:20.096+0000] {dag.py:3239} INFO - Sync 1 DAGs
[2025-04-11T20:17:21.023+0000] {logging_mixin.py:190} INFO - [2025-04-11T20:17:21.018+0000] {dag.py:4180} INFO - Setting next_dagrun for example_workday_timetable to 2021-01-04 00:00:00+00:00, run_after=2021-01-05 00:00:00+00:00
[2025-04-11T20:17:21.166+0000] {processor.py:208} INFO - Processing /home/airflow/.local/lib/python3.12/site-packages/airflow/example_dags/example_workday_timetable.py took 1.902 seconds
[2025-04-11T20:17:55.182+0000] {processor.py:186} INFO - Started process (PID=397) to work on /home/airflow/.local/lib/python3.12/site-packages/airflow/example_dags/example_workday_timetable.py
[2025-04-11T20:17:55.287+0000] {processor.py:914} INFO - Processing file /home/airflow/.local/lib/python3.12/site-packages/airflow/example_dags/example_workday_timetable.py for tasks to queue
[2025-04-11T20:17:55.403+0000] {logging_mixin.py:190} INFO - [2025-04-11T20:17:55.399+0000] {dagbag.py:588} INFO - Filling up the DagBag from /home/airflow/.local/lib/python3.12/site-packages/airflow/example_dags/example_workday_timetable.py
[2025-04-11T20:17:55.562+0000] {processor.py:925} INFO - DAG(s) 'example_workday_timetable' retrieved from /home/airflow/.local/lib/python3.12/site-packages/airflow/example_dags/example_workday_timetable.py
[2025-04-11T20:17:56.016+0000] {logging_mixin.py:190} INFO - [2025-04-11T20:17:56.015+0000] {dag.py:3239} INFO - Sync 1 DAGs
[2025-04-11T20:17:56.918+0000] {logging_mixin.py:190} INFO - [2025-04-11T20:17:56.914+0000] {dag.py:4180} INFO - Setting next_dagrun for example_workday_timetable to 2021-01-04 00:00:00+00:00, run_after=2021-01-05 00:00:00+00:00
[2025-04-11T20:17:57.001+0000] {processor.py:208} INFO - Processing /home/airflow/.local/lib/python3.12/site-packages/airflow/example_dags/example_workday_timetable.py took 1.871 seconds
[2025-04-11T20:22:42.879+0000] {processor.py:186} INFO - Started process (PID=92) to work on /home/airflow/.local/lib/python3.12/site-packages/airflow/example_dags/example_workday_timetable.py
[2025-04-11T20:22:42.886+0000] {processor.py:914} INFO - Processing file /home/airflow/.local/lib/python3.12/site-packages/airflow/example_dags/example_workday_timetable.py for tasks to queue
[2025-04-11T20:22:42.922+0000] {logging_mixin.py:190} INFO - [2025-04-11T20:22:42.920+0000] {dagbag.py:588} INFO - Filling up the DagBag from /home/airflow/.local/lib/python3.12/site-packages/airflow/example_dags/example_workday_timetable.py
[2025-04-11T20:22:43.002+0000] {processor.py:925} INFO - DAG(s) 'example_workday_timetable' retrieved from /home/airflow/.local/lib/python3.12/site-packages/airflow/example_dags/example_workday_timetable.py
[2025-04-11T20:22:44.713+0000] {logging_mixin.py:190} INFO - [2025-04-11T20:22:44.703+0000] {override.py:1912} INFO - Created Permission View: can read on DAG:example_workday_timetable
[2025-04-11T20:22:44.877+0000] {logging_mixin.py:190} INFO - [2025-04-11T20:22:44.876+0000] {override.py:1912} INFO - Created Permission View: can edit on DAG:example_workday_timetable
[2025-04-11T20:22:44.929+0000] {logging_mixin.py:190} INFO - [2025-04-11T20:22:44.929+0000] {override.py:1912} INFO - Created Permission View: can delete on DAG:example_workday_timetable
[2025-04-11T20:22:44.984+0000] {logging_mixin.py:190} INFO - [2025-04-11T20:22:44.984+0000] {override.py:1912} INFO - Created Permission View: can create on DAG Run:example_workday_timetable
[2025-04-11T20:22:45.023+0000] {logging_mixin.py:190} INFO - [2025-04-11T20:22:45.023+0000] {override.py:1912} INFO - Created Permission View: can read on DAG Run:example_workday_timetable
[2025-04-11T20:22:45.100+0000] {logging_mixin.py:190} INFO - [2025-04-11T20:22:45.099+0000] {override.py:1912} INFO - Created Permission View: can delete on DAG Run:example_workday_timetable
[2025-04-11T20:22:45.257+0000] {logging_mixin.py:190} INFO - [2025-04-11T20:22:45.256+0000] {override.py:1912} INFO - Created Permission View: menu access on DAG Run:example_workday_timetable
[2025-04-11T20:22:45.269+0000] {logging_mixin.py:190} INFO - [2025-04-11T20:22:45.268+0000] {dag.py:3239} INFO - Sync 1 DAGs
[2025-04-11T20:22:45.982+0000] {logging_mixin.py:190} INFO - [2025-04-11T20:22:45.982+0000] {dag.py:3262} INFO - Creating ORM DAG for example_workday_timetable
[2025-04-11T20:22:46.983+0000] {logging_mixin.py:190} INFO - [2025-04-11T20:22:46.983+0000] {dag.py:4180} INFO - Setting next_dagrun for example_workday_timetable to 2021-01-04 00:00:00+00:00, run_after=2021-01-05 00:00:00+00:00
[2025-04-11T20:22:47.244+0000] {processor.py:208} INFO - Processing /home/airflow/.local/lib/python3.12/site-packages/airflow/example_dags/example_workday_timetable.py took 4.407 seconds
[2025-04-11T20:24:46.867+0000] {processor.py:186} INFO - Started process (PID=173) to work on /home/airflow/.local/lib/python3.12/site-packages/airflow/example_dags/example_workday_timetable.py
[2025-04-11T20:24:46.888+0000] {processor.py:914} INFO - Processing file /home/airflow/.local/lib/python3.12/site-packages/airflow/example_dags/example_workday_timetable.py for tasks to queue
[2025-04-11T20:24:46.934+0000] {logging_mixin.py:190} INFO - [2025-04-11T20:24:46.925+0000] {dagbag.py:588} INFO - Filling up the DagBag from /home/airflow/.local/lib/python3.12/site-packages/airflow/example_dags/example_workday_timetable.py
[2025-04-11T20:24:46.960+0000] {processor.py:925} INFO - DAG(s) 'example_workday_timetable' retrieved from /home/airflow/.local/lib/python3.12/site-packages/airflow/example_dags/example_workday_timetable.py
[2025-04-11T20:24:47.031+0000] {logging_mixin.py:190} INFO - [2025-04-11T20:24:47.031+0000] {dag.py:3239} INFO - Sync 1 DAGs
[2025-04-11T20:24:47.393+0000] {logging_mixin.py:190} INFO - [2025-04-11T20:24:47.393+0000] {dag.py:4180} INFO - Setting next_dagrun for example_workday_timetable to 2021-01-04 00:00:00+00:00, run_after=2021-01-05 00:00:00+00:00
[2025-04-11T20:24:47.536+0000] {processor.py:208} INFO - Processing /home/airflow/.local/lib/python3.12/site-packages/airflow/example_dags/example_workday_timetable.py took 0.711 seconds
[2025-04-11T20:25:19.856+0000] {processor.py:186} INFO - Started process (PID=237) to work on /home/airflow/.local/lib/python3.12/site-packages/airflow/example_dags/example_workday_timetable.py
[2025-04-11T20:25:19.864+0000] {processor.py:914} INFO - Processing file /home/airflow/.local/lib/python3.12/site-packages/airflow/example_dags/example_workday_timetable.py for tasks to queue
[2025-04-11T20:25:19.892+0000] {logging_mixin.py:190} INFO - [2025-04-11T20:25:19.888+0000] {dagbag.py:588} INFO - Filling up the DagBag from /home/airflow/.local/lib/python3.12/site-packages/airflow/example_dags/example_workday_timetable.py
[2025-04-11T20:25:19.922+0000] {processor.py:925} INFO - DAG(s) 'example_workday_timetable' retrieved from /home/airflow/.local/lib/python3.12/site-packages/airflow/example_dags/example_workday_timetable.py
[2025-04-11T20:25:20.046+0000] {logging_mixin.py:190} INFO - [2025-04-11T20:25:20.046+0000] {dag.py:3239} INFO - Sync 1 DAGs
[2025-04-11T20:25:20.428+0000] {logging_mixin.py:190} INFO - [2025-04-11T20:25:20.427+0000] {dag.py:4180} INFO - Setting next_dagrun for example_workday_timetable to 2021-01-04 00:00:00+00:00, run_after=2021-01-05 00:00:00+00:00
[2025-04-11T20:25:20.555+0000] {processor.py:208} INFO - Processing /home/airflow/.local/lib/python3.12/site-packages/airflow/example_dags/example_workday_timetable.py took 0.718 seconds
[2025-04-11T20:28:25.761+0000] {processor.py:186} INFO - Started process (PID=80) to work on /home/airflow/.local/lib/python3.12/site-packages/airflow/example_dags/example_workday_timetable.py
[2025-04-11T20:28:25.785+0000] {processor.py:914} INFO - Processing file /home/airflow/.local/lib/python3.12/site-packages/airflow/example_dags/example_workday_timetable.py for tasks to queue
[2025-04-11T20:28:25.790+0000] {logging_mixin.py:190} INFO - [2025-04-11T20:28:25.790+0000] {dagbag.py:588} INFO - Filling up the DagBag from /home/airflow/.local/lib/python3.12/site-packages/airflow/example_dags/example_workday_timetable.py
[2025-04-11T20:28:25.833+0000] {processor.py:925} INFO - DAG(s) 'example_workday_timetable' retrieved from /home/airflow/.local/lib/python3.12/site-packages/airflow/example_dags/example_workday_timetable.py
[2025-04-11T20:28:26.014+0000] {logging_mixin.py:190} INFO - [2025-04-11T20:28:25.999+0000] {dag.py:3239} INFO - Sync 1 DAGs
[2025-04-11T20:28:26.437+0000] {logging_mixin.py:190} INFO - [2025-04-11T20:28:26.436+0000] {dag.py:4180} INFO - Setting next_dagrun for example_workday_timetable to 2021-01-04 00:00:00+00:00, run_after=2021-01-05 00:00:00+00:00
[2025-04-11T20:28:26.505+0000] {processor.py:208} INFO - Processing /home/airflow/.local/lib/python3.12/site-packages/airflow/example_dags/example_workday_timetable.py took 0.790 seconds
[2025-04-11T20:28:56.971+0000] {processor.py:186} INFO - Started process (PID=143) to work on /home/airflow/.local/lib/python3.12/site-packages/airflow/example_dags/example_workday_timetable.py
[2025-04-11T20:28:56.978+0000] {processor.py:914} INFO - Processing file /home/airflow/.local/lib/python3.12/site-packages/airflow/example_dags/example_workday_timetable.py for tasks to queue
[2025-04-11T20:28:56.987+0000] {logging_mixin.py:190} INFO - [2025-04-11T20:28:56.986+0000] {dagbag.py:588} INFO - Filling up the DagBag from /home/airflow/.local/lib/python3.12/site-packages/airflow/example_dags/example_workday_timetable.py
[2025-04-11T20:28:57.010+0000] {processor.py:925} INFO - DAG(s) 'example_workday_timetable' retrieved from /home/airflow/.local/lib/python3.12/site-packages/airflow/example_dags/example_workday_timetable.py
[2025-04-11T20:28:57.058+0000] {logging_mixin.py:190} INFO - [2025-04-11T20:28:57.058+0000] {dag.py:3239} INFO - Sync 1 DAGs
[2025-04-11T20:28:57.217+0000] {logging_mixin.py:190} INFO - [2025-04-11T20:28:57.216+0000] {dag.py:4180} INFO - Setting next_dagrun for example_workday_timetable to 2021-01-04 00:00:00+00:00, run_after=2021-01-05 00:00:00+00:00
[2025-04-11T20:28:57.267+0000] {processor.py:208} INFO - Processing /home/airflow/.local/lib/python3.12/site-packages/airflow/example_dags/example_workday_timetable.py took 0.309 seconds
[2025-04-11T20:29:29.374+0000] {processor.py:186} INFO - Started process (PID=206) to work on /home/airflow/.local/lib/python3.12/site-packages/airflow/example_dags/example_workday_timetable.py
[2025-04-11T20:29:29.379+0000] {processor.py:914} INFO - Processing file /home/airflow/.local/lib/python3.12/site-packages/airflow/example_dags/example_workday_timetable.py for tasks to queue
[2025-04-11T20:29:29.392+0000] {logging_mixin.py:190} INFO - [2025-04-11T20:29:29.391+0000] {dagbag.py:588} INFO - Filling up the DagBag from /home/airflow/.local/lib/python3.12/site-packages/airflow/example_dags/example_workday_timetable.py
[2025-04-11T20:29:29.431+0000] {processor.py:925} INFO - DAG(s) 'example_workday_timetable' retrieved from /home/airflow/.local/lib/python3.12/site-packages/airflow/example_dags/example_workday_timetable.py
[2025-04-11T20:29:29.489+0000] {logging_mixin.py:190} INFO - [2025-04-11T20:29:29.489+0000] {dag.py:3239} INFO - Sync 1 DAGs
[2025-04-11T20:29:29.683+0000] {logging_mixin.py:190} INFO - [2025-04-11T20:29:29.682+0000] {dag.py:4180} INFO - Setting next_dagrun for example_workday_timetable to 2021-01-04 00:00:00+00:00, run_after=2021-01-05 00:00:00+00:00
[2025-04-11T20:29:29.737+0000] {processor.py:208} INFO - Processing /home/airflow/.local/lib/python3.12/site-packages/airflow/example_dags/example_workday_timetable.py took 0.383 seconds
[2025-04-11T20:30:28.064+0000] {processor.py:186} INFO - Started process (PID=268) to work on /home/airflow/.local/lib/python3.12/site-packages/airflow/example_dags/example_workday_timetable.py
[2025-04-11T20:30:28.069+0000] {processor.py:914} INFO - Processing file /home/airflow/.local/lib/python3.12/site-packages/airflow/example_dags/example_workday_timetable.py for tasks to queue
[2025-04-11T20:30:28.080+0000] {logging_mixin.py:190} INFO - [2025-04-11T20:30:28.079+0000] {dagbag.py:588} INFO - Filling up the DagBag from /home/airflow/.local/lib/python3.12/site-packages/airflow/example_dags/example_workday_timetable.py
[2025-04-11T20:30:28.185+0000] {processor.py:925} INFO - DAG(s) 'example_workday_timetable' retrieved from /home/airflow/.local/lib/python3.12/site-packages/airflow/example_dags/example_workday_timetable.py
[2025-04-11T20:30:28.488+0000] {logging_mixin.py:190} INFO - [2025-04-11T20:30:28.474+0000] {dag.py:3239} INFO - Sync 1 DAGs
[2025-04-11T20:30:30.540+0000] {logging_mixin.py:190} INFO - [2025-04-11T20:30:30.534+0000] {dag.py:4180} INFO - Setting next_dagrun for example_workday_timetable to 2021-01-04 00:00:00+00:00, run_after=2021-01-05 00:00:00+00:00
[2025-04-11T20:30:30.882+0000] {processor.py:208} INFO - Processing /home/airflow/.local/lib/python3.12/site-packages/airflow/example_dags/example_workday_timetable.py took 2.842 seconds
[2025-04-11T20:31:13.713+0000] {processor.py:186} INFO - Started process (PID=332) to work on /home/airflow/.local/lib/python3.12/site-packages/airflow/example_dags/example_workday_timetable.py
[2025-04-11T20:31:13.726+0000] {processor.py:914} INFO - Processing file /home/airflow/.local/lib/python3.12/site-packages/airflow/example_dags/example_workday_timetable.py for tasks to queue
[2025-04-11T20:31:13.779+0000] {logging_mixin.py:190} INFO - [2025-04-11T20:31:13.771+0000] {dagbag.py:588} INFO - Filling up the DagBag from /home/airflow/.local/lib/python3.12/site-packages/airflow/example_dags/example_workday_timetable.py
[2025-04-11T20:31:13.850+0000] {processor.py:925} INFO - DAG(s) 'example_workday_timetable' retrieved from /home/airflow/.local/lib/python3.12/site-packages/airflow/example_dags/example_workday_timetable.py
[2025-04-11T20:31:14.350+0000] {logging_mixin.py:190} INFO - [2025-04-11T20:31:14.349+0000] {dag.py:3239} INFO - Sync 1 DAGs
[2025-04-11T20:31:14.988+0000] {logging_mixin.py:190} INFO - [2025-04-11T20:31:14.986+0000] {dag.py:4180} INFO - Setting next_dagrun for example_workday_timetable to 2021-01-04 00:00:00+00:00, run_after=2021-01-05 00:00:00+00:00
[2025-04-11T20:31:15.606+0000] {processor.py:208} INFO - Processing /home/airflow/.local/lib/python3.12/site-packages/airflow/example_dags/example_workday_timetable.py took 2.089 seconds
[2025-04-11T20:31:45.947+0000] {processor.py:186} INFO - Started process (PID=396) to work on /home/airflow/.local/lib/python3.12/site-packages/airflow/example_dags/example_workday_timetable.py
[2025-04-11T20:31:45.952+0000] {processor.py:914} INFO - Processing file /home/airflow/.local/lib/python3.12/site-packages/airflow/example_dags/example_workday_timetable.py for tasks to queue
[2025-04-11T20:31:45.961+0000] {logging_mixin.py:190} INFO - [2025-04-11T20:31:45.961+0000] {dagbag.py:588} INFO - Filling up the DagBag from /home/airflow/.local/lib/python3.12/site-packages/airflow/example_dags/example_workday_timetable.py
[2025-04-11T20:31:45.987+0000] {processor.py:925} INFO - DAG(s) 'example_workday_timetable' retrieved from /home/airflow/.local/lib/python3.12/site-packages/airflow/example_dags/example_workday_timetable.py
[2025-04-11T20:31:46.085+0000] {logging_mixin.py:190} INFO - [2025-04-11T20:31:46.085+0000] {dag.py:3239} INFO - Sync 1 DAGs
[2025-04-11T20:31:46.460+0000] {logging_mixin.py:190} INFO - [2025-04-11T20:31:46.459+0000] {dag.py:4180} INFO - Setting next_dagrun for example_workday_timetable to 2021-01-04 00:00:00+00:00, run_after=2021-01-05 00:00:00+00:00
[2025-04-11T20:31:46.555+0000] {processor.py:208} INFO - Processing /home/airflow/.local/lib/python3.12/site-packages/airflow/example_dags/example_workday_timetable.py took 0.652 seconds
[2025-04-11T20:32:18.485+0000] {processor.py:186} INFO - Started process (PID=460) to work on /home/airflow/.local/lib/python3.12/site-packages/airflow/example_dags/example_workday_timetable.py
[2025-04-11T20:32:18.492+0000] {processor.py:914} INFO - Processing file /home/airflow/.local/lib/python3.12/site-packages/airflow/example_dags/example_workday_timetable.py for tasks to queue
[2025-04-11T20:32:18.509+0000] {logging_mixin.py:190} INFO - [2025-04-11T20:32:18.506+0000] {dagbag.py:588} INFO - Filling up the DagBag from /home/airflow/.local/lib/python3.12/site-packages/airflow/example_dags/example_workday_timetable.py
[2025-04-11T20:32:18.545+0000] {processor.py:925} INFO - DAG(s) 'example_workday_timetable' retrieved from /home/airflow/.local/lib/python3.12/site-packages/airflow/example_dags/example_workday_timetable.py
[2025-04-11T20:32:18.820+0000] {logging_mixin.py:190} INFO - [2025-04-11T20:32:18.819+0000] {dag.py:3239} INFO - Sync 1 DAGs
[2025-04-11T20:32:20.158+0000] {logging_mixin.py:190} INFO - [2025-04-11T20:32:20.157+0000] {dag.py:4180} INFO - Setting next_dagrun for example_workday_timetable to 2021-01-04 00:00:00+00:00, run_after=2021-01-05 00:00:00+00:00
[2025-04-11T20:32:21.869+0000] {processor.py:208} INFO - Processing /home/airflow/.local/lib/python3.12/site-packages/airflow/example_dags/example_workday_timetable.py took 3.379 seconds
[2025-04-11T20:33:08.221+0000] {processor.py:186} INFO - Started process (PID=517) to work on /home/airflow/.local/lib/python3.12/site-packages/airflow/example_dags/example_workday_timetable.py
[2025-04-11T20:33:08.243+0000] {processor.py:914} INFO - Processing file /home/airflow/.local/lib/python3.12/site-packages/airflow/example_dags/example_workday_timetable.py for tasks to queue
[2025-04-11T20:33:08.260+0000] {logging_mixin.py:190} INFO - [2025-04-11T20:33:08.255+0000] {dagbag.py:588} INFO - Filling up the DagBag from /home/airflow/.local/lib/python3.12/site-packages/airflow/example_dags/example_workday_timetable.py
[2025-04-11T20:33:08.324+0000] {processor.py:925} INFO - DAG(s) 'example_workday_timetable' retrieved from /home/airflow/.local/lib/python3.12/site-packages/airflow/example_dags/example_workday_timetable.py
[2025-04-11T20:33:08.735+0000] {logging_mixin.py:190} INFO - [2025-04-11T20:33:08.734+0000] {dag.py:3239} INFO - Sync 1 DAGs
[2025-04-11T20:33:09.414+0000] {logging_mixin.py:190} INFO - [2025-04-11T20:33:09.413+0000] {dag.py:4180} INFO - Setting next_dagrun for example_workday_timetable to 2021-01-04 00:00:00+00:00, run_after=2021-01-05 00:00:00+00:00
[2025-04-11T20:33:09.607+0000] {processor.py:208} INFO - Processing /home/airflow/.local/lib/python3.12/site-packages/airflow/example_dags/example_workday_timetable.py took 1.684 seconds
[2025-04-11T20:35:43.120+0000] {processor.py:186} INFO - Started process (PID=83) to work on /home/airflow/.local/lib/python3.12/site-packages/airflow/example_dags/example_workday_timetable.py
[2025-04-11T20:35:43.129+0000] {processor.py:914} INFO - Processing file /home/airflow/.local/lib/python3.12/site-packages/airflow/example_dags/example_workday_timetable.py for tasks to queue
[2025-04-11T20:35:43.139+0000] {logging_mixin.py:190} INFO - [2025-04-11T20:35:43.136+0000] {dagbag.py:588} INFO - Filling up the DagBag from /home/airflow/.local/lib/python3.12/site-packages/airflow/example_dags/example_workday_timetable.py
[2025-04-11T20:35:43.166+0000] {processor.py:925} INFO - DAG(s) 'example_workday_timetable' retrieved from /home/airflow/.local/lib/python3.12/site-packages/airflow/example_dags/example_workday_timetable.py
[2025-04-11T20:35:43.324+0000] {logging_mixin.py:190} INFO - [2025-04-11T20:35:43.324+0000] {dag.py:3239} INFO - Sync 1 DAGs
[2025-04-11T20:35:43.834+0000] {logging_mixin.py:190} INFO - [2025-04-11T20:35:43.830+0000] {dag.py:4180} INFO - Setting next_dagrun for example_workday_timetable to 2021-01-04 00:00:00+00:00, run_after=2021-01-05 00:00:00+00:00
[2025-04-11T20:35:43.971+0000] {processor.py:208} INFO - Processing /home/airflow/.local/lib/python3.12/site-packages/airflow/example_dags/example_workday_timetable.py took 0.872 seconds
[2025-04-11T20:36:14.775+0000] {processor.py:186} INFO - Started process (PID=147) to work on /home/airflow/.local/lib/python3.12/site-packages/airflow/example_dags/example_workday_timetable.py
[2025-04-11T20:36:14.778+0000] {processor.py:914} INFO - Processing file /home/airflow/.local/lib/python3.12/site-packages/airflow/example_dags/example_workday_timetable.py for tasks to queue
[2025-04-11T20:36:14.783+0000] {logging_mixin.py:190} INFO - [2025-04-11T20:36:14.783+0000] {dagbag.py:588} INFO - Filling up the DagBag from /home/airflow/.local/lib/python3.12/site-packages/airflow/example_dags/example_workday_timetable.py
[2025-04-11T20:36:14.821+0000] {processor.py:925} INFO - DAG(s) 'example_workday_timetable' retrieved from /home/airflow/.local/lib/python3.12/site-packages/airflow/example_dags/example_workday_timetable.py
[2025-04-11T20:36:14.956+0000] {logging_mixin.py:190} INFO - [2025-04-11T20:36:14.955+0000] {dag.py:3239} INFO - Sync 1 DAGs
[2025-04-11T20:36:15.176+0000] {logging_mixin.py:190} INFO - [2025-04-11T20:36:15.175+0000] {dag.py:4180} INFO - Setting next_dagrun for example_workday_timetable to 2021-01-04 00:00:00+00:00, run_after=2021-01-05 00:00:00+00:00
[2025-04-11T20:36:15.301+0000] {processor.py:208} INFO - Processing /home/airflow/.local/lib/python3.12/site-packages/airflow/example_dags/example_workday_timetable.py took 0.548 seconds
[2025-04-11T20:36:45.887+0000] {processor.py:186} INFO - Started process (PID=211) to work on /home/airflow/.local/lib/python3.12/site-packages/airflow/example_dags/example_workday_timetable.py
[2025-04-11T20:36:45.890+0000] {processor.py:914} INFO - Processing file /home/airflow/.local/lib/python3.12/site-packages/airflow/example_dags/example_workday_timetable.py for tasks to queue
[2025-04-11T20:36:45.896+0000] {logging_mixin.py:190} INFO - [2025-04-11T20:36:45.895+0000] {dagbag.py:588} INFO - Filling up the DagBag from /home/airflow/.local/lib/python3.12/site-packages/airflow/example_dags/example_workday_timetable.py
[2025-04-11T20:36:45.915+0000] {processor.py:925} INFO - DAG(s) 'example_workday_timetable' retrieved from /home/airflow/.local/lib/python3.12/site-packages/airflow/example_dags/example_workday_timetable.py
[2025-04-11T20:36:45.979+0000] {logging_mixin.py:190} INFO - [2025-04-11T20:36:45.978+0000] {dag.py:3239} INFO - Sync 1 DAGs
[2025-04-11T20:36:46.181+0000] {logging_mixin.py:190} INFO - [2025-04-11T20:36:46.180+0000] {dag.py:4180} INFO - Setting next_dagrun for example_workday_timetable to 2021-01-04 00:00:00+00:00, run_after=2021-01-05 00:00:00+00:00
[2025-04-11T20:36:46.239+0000] {processor.py:208} INFO - Processing /home/airflow/.local/lib/python3.12/site-packages/airflow/example_dags/example_workday_timetable.py took 0.375 seconds
[2025-04-11T20:37:32.482+0000] {processor.py:186} INFO - Started process (PID=274) to work on /home/airflow/.local/lib/python3.12/site-packages/airflow/example_dags/example_workday_timetable.py
[2025-04-11T20:37:32.490+0000] {processor.py:914} INFO - Processing file /home/airflow/.local/lib/python3.12/site-packages/airflow/example_dags/example_workday_timetable.py for tasks to queue
[2025-04-11T20:37:32.503+0000] {logging_mixin.py:190} INFO - [2025-04-11T20:37:32.499+0000] {dagbag.py:588} INFO - Filling up the DagBag from /home/airflow/.local/lib/python3.12/site-packages/airflow/example_dags/example_workday_timetable.py
[2025-04-11T20:37:32.528+0000] {processor.py:925} INFO - DAG(s) 'example_workday_timetable' retrieved from /home/airflow/.local/lib/python3.12/site-packages/airflow/example_dags/example_workday_timetable.py
[2025-04-11T20:37:32.638+0000] {logging_mixin.py:190} INFO - [2025-04-11T20:37:32.637+0000] {dag.py:3239} INFO - Sync 1 DAGs
[2025-04-11T20:37:33.589+0000] {logging_mixin.py:190} INFO - [2025-04-11T20:37:33.589+0000] {dag.py:4180} INFO - Setting next_dagrun for example_workday_timetable to 2021-01-04 00:00:00+00:00, run_after=2021-01-05 00:00:00+00:00
[2025-04-11T20:37:33.908+0000] {processor.py:208} INFO - Processing /home/airflow/.local/lib/python3.12/site-packages/airflow/example_dags/example_workday_timetable.py took 1.470 seconds
[2025-04-11T20:38:12.551+0000] {processor.py:186} INFO - Started process (PID=327) to work on /home/airflow/.local/lib/python3.12/site-packages/airflow/example_dags/example_workday_timetable.py
[2025-04-11T20:38:12.565+0000] {processor.py:914} INFO - Processing file /home/airflow/.local/lib/python3.12/site-packages/airflow/example_dags/example_workday_timetable.py for tasks to queue
[2025-04-11T20:38:12.572+0000] {logging_mixin.py:190} INFO - [2025-04-11T20:38:12.571+0000] {dagbag.py:588} INFO - Filling up the DagBag from /home/airflow/.local/lib/python3.12/site-packages/airflow/example_dags/example_workday_timetable.py
[2025-04-11T20:38:12.656+0000] {processor.py:925} INFO - DAG(s) 'example_workday_timetable' retrieved from /home/airflow/.local/lib/python3.12/site-packages/airflow/example_dags/example_workday_timetable.py
[2025-04-11T20:38:12.783+0000] {logging_mixin.py:190} INFO - [2025-04-11T20:38:12.783+0000] {dag.py:3239} INFO - Sync 1 DAGs
[2025-04-11T20:38:13.118+0000] {logging_mixin.py:190} INFO - [2025-04-11T20:38:13.117+0000] {dag.py:4180} INFO - Setting next_dagrun for example_workday_timetable to 2021-01-04 00:00:00+00:00, run_after=2021-01-05 00:00:00+00:00
[2025-04-11T20:38:13.178+0000] {processor.py:208} INFO - Processing /home/airflow/.local/lib/python3.12/site-packages/airflow/example_dags/example_workday_timetable.py took 0.675 seconds
[2025-04-11T20:38:46.837+0000] {processor.py:186} INFO - Started process (PID=379) to work on /home/airflow/.local/lib/python3.12/site-packages/airflow/example_dags/example_workday_timetable.py
[2025-04-11T20:38:46.840+0000] {processor.py:914} INFO - Processing file /home/airflow/.local/lib/python3.12/site-packages/airflow/example_dags/example_workday_timetable.py for tasks to queue
[2025-04-11T20:38:46.889+0000] {logging_mixin.py:190} INFO - [2025-04-11T20:38:46.888+0000] {dagbag.py:588} INFO - Filling up the DagBag from /home/airflow/.local/lib/python3.12/site-packages/airflow/example_dags/example_workday_timetable.py
[2025-04-11T20:38:46.974+0000] {processor.py:925} INFO - DAG(s) 'example_workday_timetable' retrieved from /home/airflow/.local/lib/python3.12/site-packages/airflow/example_dags/example_workday_timetable.py
[2025-04-11T20:38:47.075+0000] {logging_mixin.py:190} INFO - [2025-04-11T20:38:47.074+0000] {dag.py:3239} INFO - Sync 1 DAGs
[2025-04-11T20:38:47.848+0000] {logging_mixin.py:190} INFO - [2025-04-11T20:38:47.848+0000] {dag.py:4180} INFO - Setting next_dagrun for example_workday_timetable to 2021-01-04 00:00:00+00:00, run_after=2021-01-05 00:00:00+00:00
[2025-04-11T20:38:48.392+0000] {processor.py:208} INFO - Processing /home/airflow/.local/lib/python3.12/site-packages/airflow/example_dags/example_workday_timetable.py took 1.623 seconds
[2025-04-11T20:39:53.339+0000] {processor.py:186} INFO - Started process (PID=437) to work on /home/airflow/.local/lib/python3.12/site-packages/airflow/example_dags/example_workday_timetable.py
[2025-04-11T20:39:53.344+0000] {processor.py:914} INFO - Processing file /home/airflow/.local/lib/python3.12/site-packages/airflow/example_dags/example_workday_timetable.py for tasks to queue
[2025-04-11T20:39:53.364+0000] {logging_mixin.py:190} INFO - [2025-04-11T20:39:53.357+0000] {dagbag.py:588} INFO - Filling up the DagBag from /home/airflow/.local/lib/python3.12/site-packages/airflow/example_dags/example_workday_timetable.py
[2025-04-11T20:39:53.405+0000] {processor.py:925} INFO - DAG(s) 'example_workday_timetable' retrieved from /home/airflow/.local/lib/python3.12/site-packages/airflow/example_dags/example_workday_timetable.py
[2025-04-11T20:39:53.556+0000] {logging_mixin.py:190} INFO - [2025-04-11T20:39:53.555+0000] {dag.py:3239} INFO - Sync 1 DAGs
[2025-04-11T20:39:53.897+0000] {logging_mixin.py:190} INFO - [2025-04-11T20:39:53.897+0000] {dag.py:4180} INFO - Setting next_dagrun for example_workday_timetable to 2021-01-04 00:00:00+00:00, run_after=2021-01-05 00:00:00+00:00
[2025-04-11T20:39:53.981+0000] {processor.py:208} INFO - Processing /home/airflow/.local/lib/python3.12/site-packages/airflow/example_dags/example_workday_timetable.py took 0.688 seconds
[2025-04-11T20:40:31.330+0000] {processor.py:186} INFO - Started process (PID=500) to work on /home/airflow/.local/lib/python3.12/site-packages/airflow/example_dags/example_workday_timetable.py
[2025-04-11T20:40:31.338+0000] {processor.py:914} INFO - Processing file /home/airflow/.local/lib/python3.12/site-packages/airflow/example_dags/example_workday_timetable.py for tasks to queue
[2025-04-11T20:40:31.353+0000] {logging_mixin.py:190} INFO - [2025-04-11T20:40:31.353+0000] {dagbag.py:588} INFO - Filling up the DagBag from /home/airflow/.local/lib/python3.12/site-packages/airflow/example_dags/example_workday_timetable.py
[2025-04-11T20:40:31.459+0000] {processor.py:925} INFO - DAG(s) 'example_workday_timetable' retrieved from /home/airflow/.local/lib/python3.12/site-packages/airflow/example_dags/example_workday_timetable.py
[2025-04-11T20:40:31.706+0000] {logging_mixin.py:190} INFO - [2025-04-11T20:40:31.706+0000] {dag.py:3239} INFO - Sync 1 DAGs
[2025-04-11T20:40:33.479+0000] {logging_mixin.py:190} INFO - [2025-04-11T20:40:33.479+0000] {dag.py:4180} INFO - Setting next_dagrun for example_workday_timetable to 2021-01-04 00:00:00+00:00, run_after=2021-01-05 00:00:00+00:00
[2025-04-11T20:40:33.942+0000] {processor.py:208} INFO - Processing /home/airflow/.local/lib/python3.12/site-packages/airflow/example_dags/example_workday_timetable.py took 2.647 seconds
[2025-04-11T20:41:10.150+0000] {processor.py:186} INFO - Started process (PID=570) to work on /home/airflow/.local/lib/python3.12/site-packages/airflow/example_dags/example_workday_timetable.py
[2025-04-11T20:41:10.153+0000] {processor.py:914} INFO - Processing file /home/airflow/.local/lib/python3.12/site-packages/airflow/example_dags/example_workday_timetable.py for tasks to queue
[2025-04-11T20:41:10.178+0000] {logging_mixin.py:190} INFO - [2025-04-11T20:41:10.171+0000] {dagbag.py:588} INFO - Filling up the DagBag from /home/airflow/.local/lib/python3.12/site-packages/airflow/example_dags/example_workday_timetable.py
[2025-04-11T20:41:10.231+0000] {processor.py:925} INFO - DAG(s) 'example_workday_timetable' retrieved from /home/airflow/.local/lib/python3.12/site-packages/airflow/example_dags/example_workday_timetable.py
[2025-04-11T20:41:10.379+0000] {logging_mixin.py:190} INFO - [2025-04-11T20:41:10.379+0000] {dag.py:3239} INFO - Sync 1 DAGs
[2025-04-11T20:41:10.988+0000] {logging_mixin.py:190} INFO - [2025-04-11T20:41:10.986+0000] {dag.py:4180} INFO - Setting next_dagrun for example_workday_timetable to 2021-01-04 00:00:00+00:00, run_after=2021-01-05 00:00:00+00:00
[2025-04-11T20:41:11.179+0000] {processor.py:208} INFO - Processing /home/airflow/.local/lib/python3.12/site-packages/airflow/example_dags/example_workday_timetable.py took 1.059 seconds
[2025-04-11T20:41:45.645+0000] {processor.py:186} INFO - Started process (PID=634) to work on /home/airflow/.local/lib/python3.12/site-packages/airflow/example_dags/example_workday_timetable.py
[2025-04-11T20:41:45.649+0000] {processor.py:914} INFO - Processing file /home/airflow/.local/lib/python3.12/site-packages/airflow/example_dags/example_workday_timetable.py for tasks to queue
[2025-04-11T20:41:45.658+0000] {logging_mixin.py:190} INFO - [2025-04-11T20:41:45.657+0000] {dagbag.py:588} INFO - Filling up the DagBag from /home/airflow/.local/lib/python3.12/site-packages/airflow/example_dags/example_workday_timetable.py
[2025-04-11T20:41:45.672+0000] {processor.py:925} INFO - DAG(s) 'example_workday_timetable' retrieved from /home/airflow/.local/lib/python3.12/site-packages/airflow/example_dags/example_workday_timetable.py
[2025-04-11T20:41:45.759+0000] {logging_mixin.py:190} INFO - [2025-04-11T20:41:45.758+0000] {dag.py:3239} INFO - Sync 1 DAGs
[2025-04-11T20:41:46.230+0000] {logging_mixin.py:190} INFO - [2025-04-11T20:41:46.230+0000] {dag.py:4180} INFO - Setting next_dagrun for example_workday_timetable to 2021-01-04 00:00:00+00:00, run_after=2021-01-05 00:00:00+00:00
[2025-04-11T20:41:46.315+0000] {processor.py:208} INFO - Processing /home/airflow/.local/lib/python3.12/site-packages/airflow/example_dags/example_workday_timetable.py took 0.695 seconds
[2025-04-11T20:42:42.124+0000] {processor.py:186} INFO - Started process (PID=678) to work on /home/airflow/.local/lib/python3.12/site-packages/airflow/example_dags/example_workday_timetable.py
[2025-04-11T20:42:42.160+0000] {processor.py:914} INFO - Processing file /home/airflow/.local/lib/python3.12/site-packages/airflow/example_dags/example_workday_timetable.py for tasks to queue
[2025-04-11T20:42:42.177+0000] {logging_mixin.py:190} INFO - [2025-04-11T20:42:42.175+0000] {dagbag.py:588} INFO - Filling up the DagBag from /home/airflow/.local/lib/python3.12/site-packages/airflow/example_dags/example_workday_timetable.py
[2025-04-11T20:42:42.263+0000] {processor.py:925} INFO - DAG(s) 'example_workday_timetable' retrieved from /home/airflow/.local/lib/python3.12/site-packages/airflow/example_dags/example_workday_timetable.py
[2025-04-11T20:42:42.463+0000] {logging_mixin.py:190} INFO - [2025-04-11T20:42:42.461+0000] {dag.py:3239} INFO - Sync 1 DAGs
[2025-04-11T20:42:43.446+0000] {logging_mixin.py:190} INFO - [2025-04-11T20:42:43.445+0000] {dag.py:4180} INFO - Setting next_dagrun for example_workday_timetable to 2021-01-04 00:00:00+00:00, run_after=2021-01-05 00:00:00+00:00
[2025-04-11T20:42:43.553+0000] {processor.py:208} INFO - Processing /home/airflow/.local/lib/python3.12/site-packages/airflow/example_dags/example_workday_timetable.py took 1.462 seconds
[2025-04-11T20:43:45.359+0000] {processor.py:186} INFO - Started process (PID=728) to work on /home/airflow/.local/lib/python3.12/site-packages/airflow/example_dags/example_workday_timetable.py
[2025-04-11T20:43:45.364+0000] {processor.py:914} INFO - Processing file /home/airflow/.local/lib/python3.12/site-packages/airflow/example_dags/example_workday_timetable.py for tasks to queue
[2025-04-11T20:43:45.377+0000] {logging_mixin.py:190} INFO - [2025-04-11T20:43:45.376+0000] {dagbag.py:588} INFO - Filling up the DagBag from /home/airflow/.local/lib/python3.12/site-packages/airflow/example_dags/example_workday_timetable.py
[2025-04-11T20:43:45.448+0000] {processor.py:925} INFO - DAG(s) 'example_workday_timetable' retrieved from /home/airflow/.local/lib/python3.12/site-packages/airflow/example_dags/example_workday_timetable.py
[2025-04-11T20:43:45.967+0000] {logging_mixin.py:190} INFO - [2025-04-11T20:43:45.966+0000] {dag.py:3239} INFO - Sync 1 DAGs
[2025-04-11T20:43:47.168+0000] {logging_mixin.py:190} INFO - [2025-04-11T20:43:47.165+0000] {dag.py:4180} INFO - Setting next_dagrun for example_workday_timetable to 2021-01-04 00:00:00+00:00, run_after=2021-01-05 00:00:00+00:00
[2025-04-11T20:43:48.744+0000] {processor.py:208} INFO - Processing /home/airflow/.local/lib/python3.12/site-packages/airflow/example_dags/example_workday_timetable.py took 3.403 seconds
[2025-04-11T20:44:28.792+0000] {processor.py:186} INFO - Started process (PID=783) to work on /home/airflow/.local/lib/python3.12/site-packages/airflow/example_dags/example_workday_timetable.py
[2025-04-11T20:44:28.802+0000] {processor.py:914} INFO - Processing file /home/airflow/.local/lib/python3.12/site-packages/airflow/example_dags/example_workday_timetable.py for tasks to queue
[2025-04-11T20:44:28.816+0000] {logging_mixin.py:190} INFO - [2025-04-11T20:44:28.815+0000] {dagbag.py:588} INFO - Filling up the DagBag from /home/airflow/.local/lib/python3.12/site-packages/airflow/example_dags/example_workday_timetable.py
[2025-04-11T20:44:28.848+0000] {processor.py:925} INFO - DAG(s) 'example_workday_timetable' retrieved from /home/airflow/.local/lib/python3.12/site-packages/airflow/example_dags/example_workday_timetable.py
[2025-04-11T20:44:28.983+0000] {logging_mixin.py:190} INFO - [2025-04-11T20:44:28.983+0000] {dag.py:3239} INFO - Sync 1 DAGs
[2025-04-11T20:44:29.620+0000] {logging_mixin.py:190} INFO - [2025-04-11T20:44:29.619+0000] {dag.py:4180} INFO - Setting next_dagrun for example_workday_timetable to 2021-01-04 00:00:00+00:00, run_after=2021-01-05 00:00:00+00:00
[2025-04-11T20:44:30.114+0000] {processor.py:208} INFO - Processing /home/airflow/.local/lib/python3.12/site-packages/airflow/example_dags/example_workday_timetable.py took 1.352 seconds
[2025-04-11T20:45:00.525+0000] {processor.py:186} INFO - Started process (PID=847) to work on /home/airflow/.local/lib/python3.12/site-packages/airflow/example_dags/example_workday_timetable.py
[2025-04-11T20:45:00.529+0000] {processor.py:914} INFO - Processing file /home/airflow/.local/lib/python3.12/site-packages/airflow/example_dags/example_workday_timetable.py for tasks to queue
[2025-04-11T20:45:00.535+0000] {logging_mixin.py:190} INFO - [2025-04-11T20:45:00.534+0000] {dagbag.py:588} INFO - Filling up the DagBag from /home/airflow/.local/lib/python3.12/site-packages/airflow/example_dags/example_workday_timetable.py
[2025-04-11T20:45:00.548+0000] {processor.py:925} INFO - DAG(s) 'example_workday_timetable' retrieved from /home/airflow/.local/lib/python3.12/site-packages/airflow/example_dags/example_workday_timetable.py
[2025-04-11T20:45:00.589+0000] {logging_mixin.py:190} INFO - [2025-04-11T20:45:00.588+0000] {dag.py:3239} INFO - Sync 1 DAGs
[2025-04-11T20:45:00.859+0000] {logging_mixin.py:190} INFO - [2025-04-11T20:45:00.858+0000] {dag.py:4180} INFO - Setting next_dagrun for example_workday_timetable to 2021-01-04 00:00:00+00:00, run_after=2021-01-05 00:00:00+00:00
[2025-04-11T20:45:00.989+0000] {processor.py:208} INFO - Processing /home/airflow/.local/lib/python3.12/site-packages/airflow/example_dags/example_workday_timetable.py took 0.477 seconds
[2025-04-11T20:45:31.160+0000] {processor.py:186} INFO - Started process (PID=910) to work on /home/airflow/.local/lib/python3.12/site-packages/airflow/example_dags/example_workday_timetable.py
[2025-04-11T20:45:31.162+0000] {processor.py:914} INFO - Processing file /home/airflow/.local/lib/python3.12/site-packages/airflow/example_dags/example_workday_timetable.py for tasks to queue
[2025-04-11T20:45:31.167+0000] {logging_mixin.py:190} INFO - [2025-04-11T20:45:31.166+0000] {dagbag.py:588} INFO - Filling up the DagBag from /home/airflow/.local/lib/python3.12/site-packages/airflow/example_dags/example_workday_timetable.py
[2025-04-11T20:45:31.177+0000] {processor.py:925} INFO - DAG(s) 'example_workday_timetable' retrieved from /home/airflow/.local/lib/python3.12/site-packages/airflow/example_dags/example_workday_timetable.py
[2025-04-11T20:45:31.269+0000] {logging_mixin.py:190} INFO - [2025-04-11T20:45:31.268+0000] {dag.py:3239} INFO - Sync 1 DAGs
[2025-04-11T20:45:31.446+0000] {logging_mixin.py:190} INFO - [2025-04-11T20:45:31.446+0000] {dag.py:4180} INFO - Setting next_dagrun for example_workday_timetable to 2021-01-04 00:00:00+00:00, run_after=2021-01-05 00:00:00+00:00
[2025-04-11T20:45:31.482+0000] {processor.py:208} INFO - Processing /home/airflow/.local/lib/python3.12/site-packages/airflow/example_dags/example_workday_timetable.py took 0.332 seconds
[2025-04-11T20:46:38.539+0000] {processor.py:186} INFO - Started process (PID=969) to work on /home/airflow/.local/lib/python3.12/site-packages/airflow/example_dags/example_workday_timetable.py
[2025-04-11T20:46:38.574+0000] {processor.py:914} INFO - Processing file /home/airflow/.local/lib/python3.12/site-packages/airflow/example_dags/example_workday_timetable.py for tasks to queue
[2025-04-11T20:46:38.606+0000] {logging_mixin.py:190} INFO - [2025-04-11T20:46:38.606+0000] {dagbag.py:588} INFO - Filling up the DagBag from /home/airflow/.local/lib/python3.12/site-packages/airflow/example_dags/example_workday_timetable.py
[2025-04-11T20:46:38.923+0000] {processor.py:925} INFO - DAG(s) 'example_workday_timetable' retrieved from /home/airflow/.local/lib/python3.12/site-packages/airflow/example_dags/example_workday_timetable.py
[2025-04-11T20:46:39.306+0000] {logging_mixin.py:190} INFO - [2025-04-11T20:46:39.305+0000] {dag.py:3239} INFO - Sync 1 DAGs
[2025-04-11T20:46:40.905+0000] {logging_mixin.py:190} INFO - [2025-04-11T20:46:40.903+0000] {dag.py:4180} INFO - Setting next_dagrun for example_workday_timetable to 2021-01-04 00:00:00+00:00, run_after=2021-01-05 00:00:00+00:00
[2025-04-11T20:46:41.321+0000] {processor.py:208} INFO - Processing /home/airflow/.local/lib/python3.12/site-packages/airflow/example_dags/example_workday_timetable.py took 2.904 seconds
[2025-04-11T20:47:31.890+0000] {processor.py:186} INFO - Started process (PID=1026) to work on /home/airflow/.local/lib/python3.12/site-packages/airflow/example_dags/example_workday_timetable.py
[2025-04-11T20:47:31.893+0000] {processor.py:914} INFO - Processing file /home/airflow/.local/lib/python3.12/site-packages/airflow/example_dags/example_workday_timetable.py for tasks to queue
[2025-04-11T20:47:31.901+0000] {logging_mixin.py:190} INFO - [2025-04-11T20:47:31.900+0000] {dagbag.py:588} INFO - Filling up the DagBag from /home/airflow/.local/lib/python3.12/site-packages/airflow/example_dags/example_workday_timetable.py
[2025-04-11T20:47:31.927+0000] {processor.py:925} INFO - DAG(s) 'example_workday_timetable' retrieved from /home/airflow/.local/lib/python3.12/site-packages/airflow/example_dags/example_workday_timetable.py
[2025-04-11T20:47:32.029+0000] {logging_mixin.py:190} INFO - [2025-04-11T20:47:32.028+0000] {dag.py:3239} INFO - Sync 1 DAGs
[2025-04-11T20:47:32.557+0000] {logging_mixin.py:190} INFO - [2025-04-11T20:47:32.556+0000] {dag.py:4180} INFO - Setting next_dagrun for example_workday_timetable to 2021-01-04 00:00:00+00:00, run_after=2021-01-05 00:00:00+00:00
[2025-04-11T20:47:32.670+0000] {processor.py:208} INFO - Processing /home/airflow/.local/lib/python3.12/site-packages/airflow/example_dags/example_workday_timetable.py took 0.810 seconds
[2025-04-11T20:49:14.584+0000] {processor.py:186} INFO - Started process (PID=1075) to work on /home/airflow/.local/lib/python3.12/site-packages/airflow/example_dags/example_workday_timetable.py
[2025-04-11T20:49:14.645+0000] {processor.py:914} INFO - Processing file /home/airflow/.local/lib/python3.12/site-packages/airflow/example_dags/example_workday_timetable.py for tasks to queue
[2025-04-11T20:49:14.714+0000] {logging_mixin.py:190} INFO - [2025-04-11T20:49:14.700+0000] {dagbag.py:588} INFO - Filling up the DagBag from /home/airflow/.local/lib/python3.12/site-packages/airflow/example_dags/example_workday_timetable.py
[2025-04-11T20:49:14.813+0000] {processor.py:925} INFO - DAG(s) 'example_workday_timetable' retrieved from /home/airflow/.local/lib/python3.12/site-packages/airflow/example_dags/example_workday_timetable.py
[2025-04-11T20:49:15.208+0000] {logging_mixin.py:190} INFO - [2025-04-11T20:49:15.195+0000] {dag.py:3239} INFO - Sync 1 DAGs
[2025-04-11T20:49:18.080+0000] {logging_mixin.py:190} INFO - [2025-04-11T20:49:18.076+0000] {dag.py:4180} INFO - Setting next_dagrun for example_workday_timetable to 2021-01-04 00:00:00+00:00, run_after=2021-01-05 00:00:00+00:00
[2025-04-11T20:49:18.832+0000] {processor.py:208} INFO - Processing /home/airflow/.local/lib/python3.12/site-packages/airflow/example_dags/example_workday_timetable.py took 4.417 seconds
[2025-04-11T20:50:04.612+0000] {processor.py:186} INFO - Started process (PID=1135) to work on /home/airflow/.local/lib/python3.12/site-packages/airflow/example_dags/example_workday_timetable.py
[2025-04-11T20:50:04.615+0000] {processor.py:914} INFO - Processing file /home/airflow/.local/lib/python3.12/site-packages/airflow/example_dags/example_workday_timetable.py for tasks to queue
[2025-04-11T20:50:04.646+0000] {logging_mixin.py:190} INFO - [2025-04-11T20:50:04.637+0000] {dagbag.py:588} INFO - Filling up the DagBag from /home/airflow/.local/lib/python3.12/site-packages/airflow/example_dags/example_workday_timetable.py
[2025-04-11T20:50:04.697+0000] {processor.py:925} INFO - DAG(s) 'example_workday_timetable' retrieved from /home/airflow/.local/lib/python3.12/site-packages/airflow/example_dags/example_workday_timetable.py
[2025-04-11T20:50:04.810+0000] {logging_mixin.py:190} INFO - [2025-04-11T20:50:04.809+0000] {dag.py:3239} INFO - Sync 1 DAGs
[2025-04-11T20:50:05.212+0000] {logging_mixin.py:190} INFO - [2025-04-11T20:50:05.212+0000] {dag.py:4180} INFO - Setting next_dagrun for example_workday_timetable to 2021-01-04 00:00:00+00:00, run_after=2021-01-05 00:00:00+00:00
[2025-04-11T20:50:05.284+0000] {processor.py:208} INFO - Processing /home/airflow/.local/lib/python3.12/site-packages/airflow/example_dags/example_workday_timetable.py took 0.734 seconds
[2025-04-11T20:50:52.862+0000] {processor.py:186} INFO - Started process (PID=1190) to work on /home/airflow/.local/lib/python3.12/site-packages/airflow/example_dags/example_workday_timetable.py
[2025-04-11T20:50:52.865+0000] {processor.py:914} INFO - Processing file /home/airflow/.local/lib/python3.12/site-packages/airflow/example_dags/example_workday_timetable.py for tasks to queue
[2025-04-11T20:50:52.887+0000] {logging_mixin.py:190} INFO - [2025-04-11T20:50:52.884+0000] {dagbag.py:588} INFO - Filling up the DagBag from /home/airflow/.local/lib/python3.12/site-packages/airflow/example_dags/example_workday_timetable.py
[2025-04-11T20:50:52.936+0000] {processor.py:925} INFO - DAG(s) 'example_workday_timetable' retrieved from /home/airflow/.local/lib/python3.12/site-packages/airflow/example_dags/example_workday_timetable.py
[2025-04-11T20:50:53.060+0000] {logging_mixin.py:190} INFO - [2025-04-11T20:50:53.056+0000] {dag.py:3239} INFO - Sync 1 DAGs
[2025-04-11T20:50:54.344+0000] {logging_mixin.py:190} INFO - [2025-04-11T20:50:54.343+0000] {dag.py:4180} INFO - Setting next_dagrun for example_workday_timetable to 2021-01-04 00:00:00+00:00, run_after=2021-01-05 00:00:00+00:00
[2025-04-11T20:50:54.634+0000] {processor.py:208} INFO - Processing /home/airflow/.local/lib/python3.12/site-packages/airflow/example_dags/example_workday_timetable.py took 1.821 seconds
[2025-04-11T20:51:47.422+0000] {processor.py:186} INFO - Started process (PID=1257) to work on /home/airflow/.local/lib/python3.12/site-packages/airflow/example_dags/example_workday_timetable.py
[2025-04-11T20:51:47.443+0000] {processor.py:914} INFO - Processing file /home/airflow/.local/lib/python3.12/site-packages/airflow/example_dags/example_workday_timetable.py for tasks to queue
[2025-04-11T20:51:47.490+0000] {logging_mixin.py:190} INFO - [2025-04-11T20:51:47.489+0000] {dagbag.py:588} INFO - Filling up the DagBag from /home/airflow/.local/lib/python3.12/site-packages/airflow/example_dags/example_workday_timetable.py
[2025-04-11T20:51:47.536+0000] {processor.py:925} INFO - DAG(s) 'example_workday_timetable' retrieved from /home/airflow/.local/lib/python3.12/site-packages/airflow/example_dags/example_workday_timetable.py
[2025-04-11T20:51:47.949+0000] {logging_mixin.py:190} INFO - [2025-04-11T20:51:47.948+0000] {dag.py:3239} INFO - Sync 1 DAGs
[2025-04-11T20:51:49.844+0000] {logging_mixin.py:190} INFO - [2025-04-11T20:51:49.843+0000] {dag.py:4180} INFO - Setting next_dagrun for example_workday_timetable to 2021-01-04 00:00:00+00:00, run_after=2021-01-05 00:00:00+00:00
[2025-04-11T20:51:50.506+0000] {processor.py:208} INFO - Processing /home/airflow/.local/lib/python3.12/site-packages/airflow/example_dags/example_workday_timetable.py took 3.122 seconds
[2025-04-11T20:52:31.075+0000] {processor.py:186} INFO - Started process (PID=1321) to work on /home/airflow/.local/lib/python3.12/site-packages/airflow/example_dags/example_workday_timetable.py
[2025-04-11T20:52:31.083+0000] {processor.py:914} INFO - Processing file /home/airflow/.local/lib/python3.12/site-packages/airflow/example_dags/example_workday_timetable.py for tasks to queue
[2025-04-11T20:52:31.110+0000] {logging_mixin.py:190} INFO - [2025-04-11T20:52:31.099+0000] {dagbag.py:588} INFO - Filling up the DagBag from /home/airflow/.local/lib/python3.12/site-packages/airflow/example_dags/example_workday_timetable.py
[2025-04-11T20:52:31.166+0000] {processor.py:925} INFO - DAG(s) 'example_workday_timetable' retrieved from /home/airflow/.local/lib/python3.12/site-packages/airflow/example_dags/example_workday_timetable.py
[2025-04-11T20:52:31.296+0000] {logging_mixin.py:190} INFO - [2025-04-11T20:52:31.294+0000] {dag.py:3239} INFO - Sync 1 DAGs
[2025-04-11T20:52:31.681+0000] {logging_mixin.py:190} INFO - [2025-04-11T20:52:31.680+0000] {dag.py:4180} INFO - Setting next_dagrun for example_workday_timetable to 2021-01-04 00:00:00+00:00, run_after=2021-01-05 00:00:00+00:00
[2025-04-11T20:52:31.948+0000] {processor.py:208} INFO - Processing /home/airflow/.local/lib/python3.12/site-packages/airflow/example_dags/example_workday_timetable.py took 0.913 seconds
[2025-04-11T20:53:20.989+0000] {processor.py:186} INFO - Started process (PID=1390) to work on /home/airflow/.local/lib/python3.12/site-packages/airflow/example_dags/example_workday_timetable.py
[2025-04-11T20:53:20.993+0000] {processor.py:914} INFO - Processing file /home/airflow/.local/lib/python3.12/site-packages/airflow/example_dags/example_workday_timetable.py for tasks to queue
[2025-04-11T20:53:21.001+0000] {logging_mixin.py:190} INFO - [2025-04-11T20:53:21.000+0000] {dagbag.py:588} INFO - Filling up the DagBag from /home/airflow/.local/lib/python3.12/site-packages/airflow/example_dags/example_workday_timetable.py
[2025-04-11T20:53:21.015+0000] {processor.py:925} INFO - DAG(s) 'example_workday_timetable' retrieved from /home/airflow/.local/lib/python3.12/site-packages/airflow/example_dags/example_workday_timetable.py
[2025-04-11T20:53:21.108+0000] {logging_mixin.py:190} INFO - [2025-04-11T20:53:21.108+0000] {dag.py:3239} INFO - Sync 1 DAGs
[2025-04-11T20:53:21.482+0000] {logging_mixin.py:190} INFO - [2025-04-11T20:53:21.482+0000] {dag.py:4180} INFO - Setting next_dagrun for example_workday_timetable to 2021-01-04 00:00:00+00:00, run_after=2021-01-05 00:00:00+00:00
[2025-04-11T20:53:21.582+0000] {processor.py:208} INFO - Processing /home/airflow/.local/lib/python3.12/site-packages/airflow/example_dags/example_workday_timetable.py took 0.613 seconds
