[2025-04-11T19:46:34.085+0000] {processor.py:186} INFO - Started process (PID=143) to work on /home/airflow/.local/lib/python3.12/site-packages/airflow/example_dags/example_trigger_controller_dag.py
[2025-04-11T19:46:34.100+0000] {processor.py:914} INFO - Processing file /home/airflow/.local/lib/python3.12/site-packages/airflow/example_dags/example_trigger_controller_dag.py for tasks to queue
[2025-04-11T19:46:34.124+0000] {logging_mixin.py:190} INFO - [2025-04-11T19:46:34.123+0000] {dagbag.py:588} INFO - Filling up the DagBag from /home/airflow/.local/lib/python3.12/site-packages/airflow/example_dags/example_trigger_controller_dag.py
[2025-04-11T19:46:34.170+0000] {processor.py:925} INFO - DAG(s) 'example_trigger_controller_dag' retrieved from /home/airflow/.local/lib/python3.12/site-packages/airflow/example_dags/example_trigger_controller_dag.py
[2025-04-11T19:46:34.979+0000] {logging_mixin.py:190} INFO - [2025-04-11T19:46:34.977+0000] {override.py:1912} INFO - Created Permission View: can delete on DAG:example_trigger_controller_dag
[2025-04-11T19:46:35.039+0000] {logging_mixin.py:190} INFO - [2025-04-11T19:46:35.039+0000] {override.py:1912} INFO - Created Permission View: can read on DAG:example_trigger_controller_dag
[2025-04-11T19:46:35.069+0000] {logging_mixin.py:190} INFO - [2025-04-11T19:46:35.069+0000] {override.py:1912} INFO - Created Permission View: can edit on DAG:example_trigger_controller_dag
[2025-04-11T19:46:35.117+0000] {logging_mixin.py:190} INFO - [2025-04-11T19:46:35.116+0000] {override.py:1912} INFO - Created Permission View: can create on DAG Run:example_trigger_controller_dag
[2025-04-11T19:46:35.158+0000] {logging_mixin.py:190} INFO - [2025-04-11T19:46:35.157+0000] {override.py:1912} INFO - Created Permission View: can read on DAG Run:example_trigger_controller_dag
[2025-04-11T19:46:35.190+0000] {logging_mixin.py:190} INFO - [2025-04-11T19:46:35.189+0000] {override.py:1912} INFO - Created Permission View: can delete on DAG Run:example_trigger_controller_dag
[2025-04-11T19:46:35.218+0000] {logging_mixin.py:190} INFO - [2025-04-11T19:46:35.218+0000] {override.py:1912} INFO - Created Permission View: menu access on DAG Run:example_trigger_controller_dag
[2025-04-11T19:46:35.222+0000] {logging_mixin.py:190} INFO - [2025-04-11T19:46:35.221+0000] {dag.py:3239} INFO - Sync 1 DAGs
[2025-04-11T19:46:35.293+0000] {logging_mixin.py:190} INFO - [2025-04-11T19:46:35.292+0000] {dag.py:3262} INFO - Creating ORM DAG for example_trigger_controller_dag
[2025-04-11T19:46:35.340+0000] {logging_mixin.py:190} INFO - [2025-04-11T19:46:35.338+0000] {dag.py:4180} INFO - Setting next_dagrun for example_trigger_controller_dag to 2021-01-01 00:00:00+00:00, run_after=2021-01-01 00:00:00+00:00
[2025-04-11T19:46:35.422+0000] {processor.py:208} INFO - Processing /home/airflow/.local/lib/python3.12/site-packages/airflow/example_dags/example_trigger_controller_dag.py took 1.417 seconds
[2025-04-11T19:47:05.644+0000] {processor.py:186} INFO - Started process (PID=206) to work on /home/airflow/.local/lib/python3.12/site-packages/airflow/example_dags/example_trigger_controller_dag.py
[2025-04-11T19:47:05.647+0000] {processor.py:914} INFO - Processing file /home/airflow/.local/lib/python3.12/site-packages/airflow/example_dags/example_trigger_controller_dag.py for tasks to queue
[2025-04-11T19:47:05.652+0000] {logging_mixin.py:190} INFO - [2025-04-11T19:47:05.651+0000] {dagbag.py:588} INFO - Filling up the DagBag from /home/airflow/.local/lib/python3.12/site-packages/airflow/example_dags/example_trigger_controller_dag.py
[2025-04-11T19:47:05.664+0000] {processor.py:925} INFO - DAG(s) 'example_trigger_controller_dag' retrieved from /home/airflow/.local/lib/python3.12/site-packages/airflow/example_dags/example_trigger_controller_dag.py
[2025-04-11T19:47:05.699+0000] {logging_mixin.py:190} INFO - [2025-04-11T19:47:05.699+0000] {dag.py:3239} INFO - Sync 1 DAGs
[2025-04-11T19:47:05.740+0000] {logging_mixin.py:190} INFO - [2025-04-11T19:47:05.740+0000] {dag.py:4180} INFO - Setting next_dagrun for example_trigger_controller_dag to 2021-01-01 00:00:00+00:00, run_after=2021-01-01 00:00:00+00:00
[2025-04-11T19:47:05.775+0000] {processor.py:208} INFO - Processing /home/airflow/.local/lib/python3.12/site-packages/airflow/example_dags/example_trigger_controller_dag.py took 0.159 seconds
[2025-04-11T19:48:25.105+0000] {processor.py:186} INFO - Started process (PID=276) to work on /home/airflow/.local/lib/python3.12/site-packages/airflow/example_dags/example_trigger_controller_dag.py
[2025-04-11T19:48:25.111+0000] {processor.py:914} INFO - Processing file /home/airflow/.local/lib/python3.12/site-packages/airflow/example_dags/example_trigger_controller_dag.py for tasks to queue
[2025-04-11T19:48:25.119+0000] {logging_mixin.py:190} INFO - [2025-04-11T19:48:25.118+0000] {dagbag.py:588} INFO - Filling up the DagBag from /home/airflow/.local/lib/python3.12/site-packages/airflow/example_dags/example_trigger_controller_dag.py
[2025-04-11T19:48:25.140+0000] {processor.py:925} INFO - DAG(s) 'example_trigger_controller_dag' retrieved from /home/airflow/.local/lib/python3.12/site-packages/airflow/example_dags/example_trigger_controller_dag.py
[2025-04-11T19:48:25.217+0000] {logging_mixin.py:190} INFO - [2025-04-11T19:48:25.217+0000] {dag.py:3239} INFO - Sync 1 DAGs
[2025-04-11T19:48:25.379+0000] {logging_mixin.py:190} INFO - [2025-04-11T19:48:25.378+0000] {dag.py:4180} INFO - Setting next_dagrun for example_trigger_controller_dag to 2021-01-01 00:00:00+00:00, run_after=2021-01-01 00:00:00+00:00
[2025-04-11T19:48:25.513+0000] {processor.py:208} INFO - Processing /home/airflow/.local/lib/python3.12/site-packages/airflow/example_dags/example_trigger_controller_dag.py took 0.445 seconds
[2025-04-11T19:53:39.539+0000] {processor.py:186} INFO - Started process (PID=127) to work on /home/airflow/.local/lib/python3.12/site-packages/airflow/example_dags/example_trigger_controller_dag.py
[2025-04-11T19:53:39.543+0000] {processor.py:914} INFO - Processing file /home/airflow/.local/lib/python3.12/site-packages/airflow/example_dags/example_trigger_controller_dag.py for tasks to queue
[2025-04-11T19:53:39.552+0000] {logging_mixin.py:190} INFO - [2025-04-11T19:53:39.550+0000] {dagbag.py:588} INFO - Filling up the DagBag from /home/airflow/.local/lib/python3.12/site-packages/airflow/example_dags/example_trigger_controller_dag.py
[2025-04-11T19:53:39.573+0000] {processor.py:925} INFO - DAG(s) 'example_trigger_controller_dag' retrieved from /home/airflow/.local/lib/python3.12/site-packages/airflow/example_dags/example_trigger_controller_dag.py
[2025-04-11T19:53:39.635+0000] {logging_mixin.py:190} INFO - [2025-04-11T19:53:39.630+0000] {dag.py:3239} INFO - Sync 1 DAGs
[2025-04-11T19:53:39.728+0000] {logging_mixin.py:190} INFO - [2025-04-11T19:53:39.728+0000] {dag.py:4180} INFO - Setting next_dagrun for example_trigger_controller_dag to 2021-01-01 00:00:00+00:00, run_after=2021-01-01 00:00:00+00:00
[2025-04-11T19:53:39.799+0000] {processor.py:208} INFO - Processing /home/airflow/.local/lib/python3.12/site-packages/airflow/example_dags/example_trigger_controller_dag.py took 0.285 seconds
[2025-04-11T19:54:34.170+0000] {processor.py:186} INFO - Started process (PID=196) to work on /home/airflow/.local/lib/python3.12/site-packages/airflow/example_dags/example_trigger_controller_dag.py
[2025-04-11T19:54:34.179+0000] {processor.py:914} INFO - Processing file /home/airflow/.local/lib/python3.12/site-packages/airflow/example_dags/example_trigger_controller_dag.py for tasks to queue
[2025-04-11T19:54:34.195+0000] {logging_mixin.py:190} INFO - [2025-04-11T19:54:34.194+0000] {dagbag.py:588} INFO - Filling up the DagBag from /home/airflow/.local/lib/python3.12/site-packages/airflow/example_dags/example_trigger_controller_dag.py
[2025-04-11T19:54:34.240+0000] {processor.py:925} INFO - DAG(s) 'example_trigger_controller_dag' retrieved from /home/airflow/.local/lib/python3.12/site-packages/airflow/example_dags/example_trigger_controller_dag.py
[2025-04-11T19:54:34.334+0000] {logging_mixin.py:190} INFO - [2025-04-11T19:54:34.333+0000] {dag.py:3239} INFO - Sync 1 DAGs
[2025-04-11T19:54:34.796+0000] {logging_mixin.py:190} INFO - [2025-04-11T19:54:34.785+0000] {dag.py:4180} INFO - Setting next_dagrun for example_trigger_controller_dag to 2021-01-01 00:00:00+00:00, run_after=2021-01-01 00:00:00+00:00
[2025-04-11T19:54:35.134+0000] {processor.py:208} INFO - Processing /home/airflow/.local/lib/python3.12/site-packages/airflow/example_dags/example_trigger_controller_dag.py took 1.005 seconds
[2025-04-11T19:55:07.566+0000] {processor.py:186} INFO - Started process (PID=259) to work on /home/airflow/.local/lib/python3.12/site-packages/airflow/example_dags/example_trigger_controller_dag.py
[2025-04-11T19:55:07.570+0000] {processor.py:914} INFO - Processing file /home/airflow/.local/lib/python3.12/site-packages/airflow/example_dags/example_trigger_controller_dag.py for tasks to queue
[2025-04-11T19:55:07.577+0000] {logging_mixin.py:190} INFO - [2025-04-11T19:55:07.576+0000] {dagbag.py:588} INFO - Filling up the DagBag from /home/airflow/.local/lib/python3.12/site-packages/airflow/example_dags/example_trigger_controller_dag.py
[2025-04-11T19:55:07.596+0000] {processor.py:925} INFO - DAG(s) 'example_trigger_controller_dag' retrieved from /home/airflow/.local/lib/python3.12/site-packages/airflow/example_dags/example_trigger_controller_dag.py
[2025-04-11T19:55:07.664+0000] {logging_mixin.py:190} INFO - [2025-04-11T19:55:07.661+0000] {dag.py:3239} INFO - Sync 1 DAGs
[2025-04-11T19:55:07.792+0000] {logging_mixin.py:190} INFO - [2025-04-11T19:55:07.791+0000] {dag.py:4180} INFO - Setting next_dagrun for example_trigger_controller_dag to 2021-01-01 00:00:00+00:00, run_after=2021-01-01 00:00:00+00:00
[2025-04-11T19:55:07.909+0000] {processor.py:208} INFO - Processing /home/airflow/.local/lib/python3.12/site-packages/airflow/example_dags/example_trigger_controller_dag.py took 0.361 seconds
[2025-04-11T19:56:23.738+0000] {processor.py:186} INFO - Started process (PID=329) to work on /home/airflow/.local/lib/python3.12/site-packages/airflow/example_dags/example_trigger_controller_dag.py
[2025-04-11T19:56:23.752+0000] {processor.py:914} INFO - Processing file /home/airflow/.local/lib/python3.12/site-packages/airflow/example_dags/example_trigger_controller_dag.py for tasks to queue
[2025-04-11T19:56:23.768+0000] {logging_mixin.py:190} INFO - [2025-04-11T19:56:23.762+0000] {dagbag.py:588} INFO - Filling up the DagBag from /home/airflow/.local/lib/python3.12/site-packages/airflow/example_dags/example_trigger_controller_dag.py
[2025-04-11T19:56:23.821+0000] {processor.py:925} INFO - DAG(s) 'example_trigger_controller_dag' retrieved from /home/airflow/.local/lib/python3.12/site-packages/airflow/example_dags/example_trigger_controller_dag.py
[2025-04-11T19:56:23.942+0000] {logging_mixin.py:190} INFO - [2025-04-11T19:56:23.937+0000] {dag.py:3239} INFO - Sync 1 DAGs
[2025-04-11T19:56:24.115+0000] {logging_mixin.py:190} INFO - [2025-04-11T19:56:24.096+0000] {dag.py:4180} INFO - Setting next_dagrun for example_trigger_controller_dag to 2021-01-01 00:00:00+00:00, run_after=2021-01-01 00:00:00+00:00
[2025-04-11T19:56:24.661+0000] {processor.py:208} INFO - Processing /home/airflow/.local/lib/python3.12/site-packages/airflow/example_dags/example_trigger_controller_dag.py took 0.952 seconds
[2025-04-11T19:59:42.924+0000] {processor.py:186} INFO - Started process (PID=117) to work on /home/airflow/.local/lib/python3.12/site-packages/airflow/example_dags/example_trigger_controller_dag.py
[2025-04-11T19:59:42.938+0000] {processor.py:914} INFO - Processing file /home/airflow/.local/lib/python3.12/site-packages/airflow/example_dags/example_trigger_controller_dag.py for tasks to queue
[2025-04-11T19:59:43.093+0000] {logging_mixin.py:190} INFO - [2025-04-11T19:59:43.084+0000] {dagbag.py:588} INFO - Filling up the DagBag from /home/airflow/.local/lib/python3.12/site-packages/airflow/example_dags/example_trigger_controller_dag.py
[2025-04-11T19:59:43.213+0000] {processor.py:925} INFO - DAG(s) 'example_trigger_controller_dag' retrieved from /home/airflow/.local/lib/python3.12/site-packages/airflow/example_dags/example_trigger_controller_dag.py
[2025-04-11T19:59:43.460+0000] {logging_mixin.py:190} INFO - [2025-04-11T19:59:43.460+0000] {dag.py:3239} INFO - Sync 1 DAGs
[2025-04-11T19:59:43.612+0000] {logging_mixin.py:190} INFO - [2025-04-11T19:59:43.612+0000] {dag.py:4180} INFO - Setting next_dagrun for example_trigger_controller_dag to 2021-01-01 00:00:00+00:00, run_after=2021-01-01 00:00:00+00:00
[2025-04-11T19:59:43.709+0000] {processor.py:208} INFO - Processing /home/airflow/.local/lib/python3.12/site-packages/airflow/example_dags/example_trigger_controller_dag.py took 1.339 seconds
[2025-04-11T20:00:22.165+0000] {processor.py:186} INFO - Started process (PID=181) to work on /home/airflow/.local/lib/python3.12/site-packages/airflow/example_dags/example_trigger_controller_dag.py
[2025-04-11T20:00:22.167+0000] {processor.py:914} INFO - Processing file /home/airflow/.local/lib/python3.12/site-packages/airflow/example_dags/example_trigger_controller_dag.py for tasks to queue
[2025-04-11T20:00:22.172+0000] {logging_mixin.py:190} INFO - [2025-04-11T20:00:22.172+0000] {dagbag.py:588} INFO - Filling up the DagBag from /home/airflow/.local/lib/python3.12/site-packages/airflow/example_dags/example_trigger_controller_dag.py
[2025-04-11T20:00:22.205+0000] {processor.py:925} INFO - DAG(s) 'example_trigger_controller_dag' retrieved from /home/airflow/.local/lib/python3.12/site-packages/airflow/example_dags/example_trigger_controller_dag.py
[2025-04-11T20:00:22.334+0000] {logging_mixin.py:190} INFO - [2025-04-11T20:00:22.333+0000] {dag.py:3239} INFO - Sync 1 DAGs
[2025-04-11T20:00:22.476+0000] {logging_mixin.py:190} INFO - [2025-04-11T20:00:22.473+0000] {dag.py:4180} INFO - Setting next_dagrun for example_trigger_controller_dag to 2021-01-01 00:00:00+00:00, run_after=2021-01-01 00:00:00+00:00
[2025-04-11T20:00:22.623+0000] {processor.py:208} INFO - Processing /home/airflow/.local/lib/python3.12/site-packages/airflow/example_dags/example_trigger_controller_dag.py took 0.496 seconds
[2025-04-11T20:14:11.621+0000] {processor.py:186} INFO - Started process (PID=126) to work on /home/airflow/.local/lib/python3.12/site-packages/airflow/example_dags/example_trigger_controller_dag.py
[2025-04-11T20:14:11.625+0000] {processor.py:914} INFO - Processing file /home/airflow/.local/lib/python3.12/site-packages/airflow/example_dags/example_trigger_controller_dag.py for tasks to queue
[2025-04-11T20:14:11.641+0000] {logging_mixin.py:190} INFO - [2025-04-11T20:14:11.638+0000] {dagbag.py:588} INFO - Filling up the DagBag from /home/airflow/.local/lib/python3.12/site-packages/airflow/example_dags/example_trigger_controller_dag.py
[2025-04-11T20:14:11.695+0000] {processor.py:925} INFO - DAG(s) 'example_trigger_controller_dag' retrieved from /home/airflow/.local/lib/python3.12/site-packages/airflow/example_dags/example_trigger_controller_dag.py
[2025-04-11T20:14:11.989+0000] {logging_mixin.py:190} INFO - [2025-04-11T20:14:11.988+0000] {dag.py:3239} INFO - Sync 1 DAGs
[2025-04-11T20:14:12.309+0000] {logging_mixin.py:190} INFO - [2025-04-11T20:14:12.308+0000] {dag.py:4180} INFO - Setting next_dagrun for example_trigger_controller_dag to 2021-01-01 00:00:00+00:00, run_after=2021-01-01 00:00:00+00:00
[2025-04-11T20:14:12.530+0000] {processor.py:208} INFO - Processing /home/airflow/.local/lib/python3.12/site-packages/airflow/example_dags/example_trigger_controller_dag.py took 0.949 seconds
[2025-04-11T20:16:03.507+0000] {processor.py:186} INFO - Started process (PID=221) to work on /home/airflow/.local/lib/python3.12/site-packages/airflow/example_dags/example_trigger_controller_dag.py
[2025-04-11T20:16:03.515+0000] {processor.py:914} INFO - Processing file /home/airflow/.local/lib/python3.12/site-packages/airflow/example_dags/example_trigger_controller_dag.py for tasks to queue
[2025-04-11T20:16:03.530+0000] {logging_mixin.py:190} INFO - [2025-04-11T20:16:03.529+0000] {dagbag.py:588} INFO - Filling up the DagBag from /home/airflow/.local/lib/python3.12/site-packages/airflow/example_dags/example_trigger_controller_dag.py
[2025-04-11T20:16:03.627+0000] {processor.py:925} INFO - DAG(s) 'example_trigger_controller_dag' retrieved from /home/airflow/.local/lib/python3.12/site-packages/airflow/example_dags/example_trigger_controller_dag.py
[2025-04-11T20:16:03.893+0000] {logging_mixin.py:190} INFO - [2025-04-11T20:16:03.892+0000] {dag.py:3239} INFO - Sync 1 DAGs
[2025-04-11T20:16:04.072+0000] {logging_mixin.py:190} INFO - [2025-04-11T20:16:04.057+0000] {dag.py:4180} INFO - Setting next_dagrun for example_trigger_controller_dag to 2021-01-01 00:00:00+00:00, run_after=2021-01-01 00:00:00+00:00
[2025-04-11T20:16:04.200+0000] {processor.py:208} INFO - Processing /home/airflow/.local/lib/python3.12/site-packages/airflow/example_dags/example_trigger_controller_dag.py took 0.732 seconds
[2025-04-11T20:16:47.468+0000] {processor.py:186} INFO - Started process (PID=284) to work on /home/airflow/.local/lib/python3.12/site-packages/airflow/example_dags/example_trigger_controller_dag.py
[2025-04-11T20:16:47.470+0000] {processor.py:914} INFO - Processing file /home/airflow/.local/lib/python3.12/site-packages/airflow/example_dags/example_trigger_controller_dag.py for tasks to queue
[2025-04-11T20:16:47.480+0000] {logging_mixin.py:190} INFO - [2025-04-11T20:16:47.478+0000] {dagbag.py:588} INFO - Filling up the DagBag from /home/airflow/.local/lib/python3.12/site-packages/airflow/example_dags/example_trigger_controller_dag.py
[2025-04-11T20:16:47.501+0000] {processor.py:925} INFO - DAG(s) 'example_trigger_controller_dag' retrieved from /home/airflow/.local/lib/python3.12/site-packages/airflow/example_dags/example_trigger_controller_dag.py
[2025-04-11T20:16:47.568+0000] {logging_mixin.py:190} INFO - [2025-04-11T20:16:47.567+0000] {dag.py:3239} INFO - Sync 1 DAGs
[2025-04-11T20:16:47.638+0000] {logging_mixin.py:190} INFO - [2025-04-11T20:16:47.638+0000] {dag.py:4180} INFO - Setting next_dagrun for example_trigger_controller_dag to 2021-01-01 00:00:00+00:00, run_after=2021-01-01 00:00:00+00:00
[2025-04-11T20:16:47.703+0000] {processor.py:208} INFO - Processing /home/airflow/.local/lib/python3.12/site-packages/airflow/example_dags/example_trigger_controller_dag.py took 0.251 seconds
[2025-04-11T20:17:26.445+0000] {processor.py:186} INFO - Started process (PID=349) to work on /home/airflow/.local/lib/python3.12/site-packages/airflow/example_dags/example_trigger_controller_dag.py
[2025-04-11T20:17:26.448+0000] {processor.py:914} INFO - Processing file /home/airflow/.local/lib/python3.12/site-packages/airflow/example_dags/example_trigger_controller_dag.py for tasks to queue
[2025-04-11T20:17:26.455+0000] {logging_mixin.py:190} INFO - [2025-04-11T20:17:26.454+0000] {dagbag.py:588} INFO - Filling up the DagBag from /home/airflow/.local/lib/python3.12/site-packages/airflow/example_dags/example_trigger_controller_dag.py
[2025-04-11T20:17:26.475+0000] {processor.py:925} INFO - DAG(s) 'example_trigger_controller_dag' retrieved from /home/airflow/.local/lib/python3.12/site-packages/airflow/example_dags/example_trigger_controller_dag.py
[2025-04-11T20:17:26.524+0000] {logging_mixin.py:190} INFO - [2025-04-11T20:17:26.523+0000] {dag.py:3239} INFO - Sync 1 DAGs
[2025-04-11T20:17:26.592+0000] {logging_mixin.py:190} INFO - [2025-04-11T20:17:26.592+0000] {dag.py:4180} INFO - Setting next_dagrun for example_trigger_controller_dag to 2021-01-01 00:00:00+00:00, run_after=2021-01-01 00:00:00+00:00
[2025-04-11T20:17:26.639+0000] {processor.py:208} INFO - Processing /home/airflow/.local/lib/python3.12/site-packages/airflow/example_dags/example_trigger_controller_dag.py took 0.208 seconds
[2025-04-11T20:18:03.315+0000] {processor.py:186} INFO - Started process (PID=417) to work on /home/airflow/.local/lib/python3.12/site-packages/airflow/example_dags/example_trigger_controller_dag.py
[2025-04-11T20:18:03.329+0000] {processor.py:914} INFO - Processing file /home/airflow/.local/lib/python3.12/site-packages/airflow/example_dags/example_trigger_controller_dag.py for tasks to queue
[2025-04-11T20:18:03.334+0000] {logging_mixin.py:190} INFO - [2025-04-11T20:18:03.333+0000] {dagbag.py:588} INFO - Filling up the DagBag from /home/airflow/.local/lib/python3.12/site-packages/airflow/example_dags/example_trigger_controller_dag.py
[2025-04-11T20:18:03.359+0000] {processor.py:925} INFO - DAG(s) 'example_trigger_controller_dag' retrieved from /home/airflow/.local/lib/python3.12/site-packages/airflow/example_dags/example_trigger_controller_dag.py
[2025-04-11T20:18:03.444+0000] {logging_mixin.py:190} INFO - [2025-04-11T20:18:03.443+0000] {dag.py:3239} INFO - Sync 1 DAGs
[2025-04-11T20:18:03.571+0000] {logging_mixin.py:190} INFO - [2025-04-11T20:18:03.570+0000] {dag.py:4180} INFO - Setting next_dagrun for example_trigger_controller_dag to 2021-01-01 00:00:00+00:00, run_after=2021-01-01 00:00:00+00:00
[2025-04-11T20:18:03.624+0000] {processor.py:208} INFO - Processing /home/airflow/.local/lib/python3.12/site-packages/airflow/example_dags/example_trigger_controller_dag.py took 0.367 seconds
[2025-04-11T20:24:31.256+0000] {processor.py:186} INFO - Started process (PID=141) to work on /home/airflow/.local/lib/python3.12/site-packages/airflow/example_dags/example_trigger_controller_dag.py
[2025-04-11T20:24:31.261+0000] {processor.py:914} INFO - Processing file /home/airflow/.local/lib/python3.12/site-packages/airflow/example_dags/example_trigger_controller_dag.py for tasks to queue
[2025-04-11T20:24:31.288+0000] {logging_mixin.py:190} INFO - [2025-04-11T20:24:31.270+0000] {dagbag.py:588} INFO - Filling up the DagBag from /home/airflow/.local/lib/python3.12/site-packages/airflow/example_dags/example_trigger_controller_dag.py
[2025-04-11T20:24:31.346+0000] {processor.py:925} INFO - DAG(s) 'example_trigger_controller_dag' retrieved from /home/airflow/.local/lib/python3.12/site-packages/airflow/example_dags/example_trigger_controller_dag.py
[2025-04-11T20:24:31.896+0000] {logging_mixin.py:190} INFO - [2025-04-11T20:24:31.894+0000] {override.py:1912} INFO - Created Permission View: can read on DAG:example_trigger_controller_dag
[2025-04-11T20:24:31.928+0000] {logging_mixin.py:190} INFO - [2025-04-11T20:24:31.927+0000] {override.py:1912} INFO - Created Permission View: can edit on DAG:example_trigger_controller_dag
[2025-04-11T20:24:31.955+0000] {logging_mixin.py:190} INFO - [2025-04-11T20:24:31.954+0000] {override.py:1912} INFO - Created Permission View: can delete on DAG:example_trigger_controller_dag
[2025-04-11T20:24:31.991+0000] {logging_mixin.py:190} INFO - [2025-04-11T20:24:31.991+0000] {override.py:1912} INFO - Created Permission View: can create on DAG Run:example_trigger_controller_dag
[2025-04-11T20:24:32.023+0000] {logging_mixin.py:190} INFO - [2025-04-11T20:24:32.022+0000] {override.py:1912} INFO - Created Permission View: can read on DAG Run:example_trigger_controller_dag
[2025-04-11T20:24:32.071+0000] {logging_mixin.py:190} INFO - [2025-04-11T20:24:32.067+0000] {override.py:1912} INFO - Created Permission View: can delete on DAG Run:example_trigger_controller_dag
[2025-04-11T20:24:32.123+0000] {logging_mixin.py:190} INFO - [2025-04-11T20:24:32.122+0000] {override.py:1912} INFO - Created Permission View: menu access on DAG Run:example_trigger_controller_dag
[2025-04-11T20:24:32.128+0000] {logging_mixin.py:190} INFO - [2025-04-11T20:24:32.127+0000] {dag.py:3239} INFO - Sync 1 DAGs
[2025-04-11T20:24:32.200+0000] {logging_mixin.py:190} INFO - [2025-04-11T20:24:32.200+0000] {dag.py:3262} INFO - Creating ORM DAG for example_trigger_controller_dag
[2025-04-11T20:24:32.249+0000] {logging_mixin.py:190} INFO - [2025-04-11T20:24:32.247+0000] {dag.py:4180} INFO - Setting next_dagrun for example_trigger_controller_dag to 2021-01-01 00:00:00+00:00, run_after=2021-01-01 00:00:00+00:00
[2025-04-11T20:24:32.311+0000] {processor.py:208} INFO - Processing /home/airflow/.local/lib/python3.12/site-packages/airflow/example_dags/example_trigger_controller_dag.py took 1.128 seconds
[2025-04-11T20:25:09.117+0000] {processor.py:186} INFO - Started process (PID=210) to work on /home/airflow/.local/lib/python3.12/site-packages/airflow/example_dags/example_trigger_controller_dag.py
[2025-04-11T20:25:09.133+0000] {processor.py:914} INFO - Processing file /home/airflow/.local/lib/python3.12/site-packages/airflow/example_dags/example_trigger_controller_dag.py for tasks to queue
[2025-04-11T20:25:09.199+0000] {logging_mixin.py:190} INFO - [2025-04-11T20:25:09.194+0000] {dagbag.py:588} INFO - Filling up the DagBag from /home/airflow/.local/lib/python3.12/site-packages/airflow/example_dags/example_trigger_controller_dag.py
[2025-04-11T20:25:09.290+0000] {processor.py:925} INFO - DAG(s) 'example_trigger_controller_dag' retrieved from /home/airflow/.local/lib/python3.12/site-packages/airflow/example_dags/example_trigger_controller_dag.py
[2025-04-11T20:25:09.408+0000] {logging_mixin.py:190} INFO - [2025-04-11T20:25:09.408+0000] {dag.py:3239} INFO - Sync 1 DAGs
[2025-04-11T20:25:09.595+0000] {logging_mixin.py:190} INFO - [2025-04-11T20:25:09.595+0000] {dag.py:4180} INFO - Setting next_dagrun for example_trigger_controller_dag to 2021-01-01 00:00:00+00:00, run_after=2021-01-01 00:00:00+00:00
[2025-04-11T20:25:09.759+0000] {processor.py:208} INFO - Processing /home/airflow/.local/lib/python3.12/site-packages/airflow/example_dags/example_trigger_controller_dag.py took 0.788 seconds
[2025-04-11T20:25:42.474+0000] {processor.py:186} INFO - Started process (PID=274) to work on /home/airflow/.local/lib/python3.12/site-packages/airflow/example_dags/example_trigger_controller_dag.py
[2025-04-11T20:25:42.479+0000] {processor.py:914} INFO - Processing file /home/airflow/.local/lib/python3.12/site-packages/airflow/example_dags/example_trigger_controller_dag.py for tasks to queue
[2025-04-11T20:25:42.490+0000] {logging_mixin.py:190} INFO - [2025-04-11T20:25:42.490+0000] {dagbag.py:588} INFO - Filling up the DagBag from /home/airflow/.local/lib/python3.12/site-packages/airflow/example_dags/example_trigger_controller_dag.py
[2025-04-11T20:25:42.544+0000] {processor.py:925} INFO - DAG(s) 'example_trigger_controller_dag' retrieved from /home/airflow/.local/lib/python3.12/site-packages/airflow/example_dags/example_trigger_controller_dag.py
[2025-04-11T20:25:42.639+0000] {logging_mixin.py:190} INFO - [2025-04-11T20:25:42.639+0000] {dag.py:3239} INFO - Sync 1 DAGs
[2025-04-11T20:25:42.739+0000] {logging_mixin.py:190} INFO - [2025-04-11T20:25:42.739+0000] {dag.py:4180} INFO - Setting next_dagrun for example_trigger_controller_dag to 2021-01-01 00:00:00+00:00, run_after=2021-01-01 00:00:00+00:00
[2025-04-11T20:25:42.822+0000] {processor.py:208} INFO - Processing /home/airflow/.local/lib/python3.12/site-packages/airflow/example_dags/example_trigger_controller_dag.py took 0.369 seconds
[2025-04-11T20:28:48.088+0000] {processor.py:186} INFO - Started process (PID=112) to work on /home/airflow/.local/lib/python3.12/site-packages/airflow/example_dags/example_trigger_controller_dag.py
[2025-04-11T20:28:48.091+0000] {processor.py:914} INFO - Processing file /home/airflow/.local/lib/python3.12/site-packages/airflow/example_dags/example_trigger_controller_dag.py for tasks to queue
[2025-04-11T20:28:48.105+0000] {logging_mixin.py:190} INFO - [2025-04-11T20:28:48.103+0000] {dagbag.py:588} INFO - Filling up the DagBag from /home/airflow/.local/lib/python3.12/site-packages/airflow/example_dags/example_trigger_controller_dag.py
[2025-04-11T20:28:48.125+0000] {processor.py:925} INFO - DAG(s) 'example_trigger_controller_dag' retrieved from /home/airflow/.local/lib/python3.12/site-packages/airflow/example_dags/example_trigger_controller_dag.py
[2025-04-11T20:28:48.174+0000] {logging_mixin.py:190} INFO - [2025-04-11T20:28:48.174+0000] {dag.py:3239} INFO - Sync 1 DAGs
[2025-04-11T20:28:48.242+0000] {logging_mixin.py:190} INFO - [2025-04-11T20:28:48.242+0000] {dag.py:4180} INFO - Setting next_dagrun for example_trigger_controller_dag to 2021-01-01 00:00:00+00:00, run_after=2021-01-01 00:00:00+00:00
[2025-04-11T20:28:48.368+0000] {processor.py:208} INFO - Processing /home/airflow/.local/lib/python3.12/site-packages/airflow/example_dags/example_trigger_controller_dag.py took 0.304 seconds
[2025-04-11T20:29:19.235+0000] {processor.py:186} INFO - Started process (PID=174) to work on /home/airflow/.local/lib/python3.12/site-packages/airflow/example_dags/example_trigger_controller_dag.py
[2025-04-11T20:29:19.239+0000] {processor.py:914} INFO - Processing file /home/airflow/.local/lib/python3.12/site-packages/airflow/example_dags/example_trigger_controller_dag.py for tasks to queue
[2025-04-11T20:29:19.246+0000] {logging_mixin.py:190} INFO - [2025-04-11T20:29:19.245+0000] {dagbag.py:588} INFO - Filling up the DagBag from /home/airflow/.local/lib/python3.12/site-packages/airflow/example_dags/example_trigger_controller_dag.py
[2025-04-11T20:29:19.263+0000] {processor.py:925} INFO - DAG(s) 'example_trigger_controller_dag' retrieved from /home/airflow/.local/lib/python3.12/site-packages/airflow/example_dags/example_trigger_controller_dag.py
[2025-04-11T20:29:19.319+0000] {logging_mixin.py:190} INFO - [2025-04-11T20:29:19.319+0000] {dag.py:3239} INFO - Sync 1 DAGs
[2025-04-11T20:29:19.417+0000] {logging_mixin.py:190} INFO - [2025-04-11T20:29:19.416+0000] {dag.py:4180} INFO - Setting next_dagrun for example_trigger_controller_dag to 2021-01-01 00:00:00+00:00, run_after=2021-01-01 00:00:00+00:00
[2025-04-11T20:29:19.480+0000] {processor.py:208} INFO - Processing /home/airflow/.local/lib/python3.12/site-packages/airflow/example_dags/example_trigger_controller_dag.py took 0.259 seconds
[2025-04-11T20:29:51.460+0000] {processor.py:186} INFO - Started process (PID=237) to work on /home/airflow/.local/lib/python3.12/site-packages/airflow/example_dags/example_trigger_controller_dag.py
[2025-04-11T20:29:51.469+0000] {processor.py:914} INFO - Processing file /home/airflow/.local/lib/python3.12/site-packages/airflow/example_dags/example_trigger_controller_dag.py for tasks to queue
[2025-04-11T20:29:51.478+0000] {logging_mixin.py:190} INFO - [2025-04-11T20:29:51.477+0000] {dagbag.py:588} INFO - Filling up the DagBag from /home/airflow/.local/lib/python3.12/site-packages/airflow/example_dags/example_trigger_controller_dag.py
[2025-04-11T20:29:51.606+0000] {processor.py:925} INFO - DAG(s) 'example_trigger_controller_dag' retrieved from /home/airflow/.local/lib/python3.12/site-packages/airflow/example_dags/example_trigger_controller_dag.py
[2025-04-11T20:29:52.523+0000] {logging_mixin.py:190} INFO - [2025-04-11T20:29:52.522+0000] {dag.py:3239} INFO - Sync 1 DAGs
[2025-04-11T20:29:52.762+0000] {logging_mixin.py:190} INFO - [2025-04-11T20:29:52.761+0000] {dag.py:4180} INFO - Setting next_dagrun for example_trigger_controller_dag to 2021-01-01 00:00:00+00:00, run_after=2021-01-01 00:00:00+00:00
[2025-04-11T20:29:53.358+0000] {processor.py:208} INFO - Processing /home/airflow/.local/lib/python3.12/site-packages/airflow/example_dags/example_trigger_controller_dag.py took 1.935 seconds
[2025-04-11T20:31:04.362+0000] {processor.py:186} INFO - Started process (PID=317) to work on /home/airflow/.local/lib/python3.12/site-packages/airflow/example_dags/example_trigger_controller_dag.py
[2025-04-11T20:31:04.366+0000] {processor.py:914} INFO - Processing file /home/airflow/.local/lib/python3.12/site-packages/airflow/example_dags/example_trigger_controller_dag.py for tasks to queue
[2025-04-11T20:31:04.379+0000] {logging_mixin.py:190} INFO - [2025-04-11T20:31:04.378+0000] {dagbag.py:588} INFO - Filling up the DagBag from /home/airflow/.local/lib/python3.12/site-packages/airflow/example_dags/example_trigger_controller_dag.py
[2025-04-11T20:31:04.423+0000] {processor.py:925} INFO - DAG(s) 'example_trigger_controller_dag' retrieved from /home/airflow/.local/lib/python3.12/site-packages/airflow/example_dags/example_trigger_controller_dag.py
[2025-04-11T20:31:04.616+0000] {logging_mixin.py:190} INFO - [2025-04-11T20:31:04.605+0000] {dag.py:3239} INFO - Sync 1 DAGs
[2025-04-11T20:31:04.825+0000] {logging_mixin.py:190} INFO - [2025-04-11T20:31:04.814+0000] {dag.py:4180} INFO - Setting next_dagrun for example_trigger_controller_dag to 2021-01-01 00:00:00+00:00, run_after=2021-01-01 00:00:00+00:00
[2025-04-11T20:31:05.006+0000] {processor.py:208} INFO - Processing /home/airflow/.local/lib/python3.12/site-packages/airflow/example_dags/example_trigger_controller_dag.py took 0.702 seconds
[2025-04-11T20:31:35.991+0000] {processor.py:186} INFO - Started process (PID=380) to work on /home/airflow/.local/lib/python3.12/site-packages/airflow/example_dags/example_trigger_controller_dag.py
[2025-04-11T20:31:35.995+0000] {processor.py:914} INFO - Processing file /home/airflow/.local/lib/python3.12/site-packages/airflow/example_dags/example_trigger_controller_dag.py for tasks to queue
[2025-04-11T20:31:36.005+0000] {logging_mixin.py:190} INFO - [2025-04-11T20:31:36.004+0000] {dagbag.py:588} INFO - Filling up the DagBag from /home/airflow/.local/lib/python3.12/site-packages/airflow/example_dags/example_trigger_controller_dag.py
[2025-04-11T20:31:36.035+0000] {processor.py:925} INFO - DAG(s) 'example_trigger_controller_dag' retrieved from /home/airflow/.local/lib/python3.12/site-packages/airflow/example_dags/example_trigger_controller_dag.py
[2025-04-11T20:31:36.099+0000] {logging_mixin.py:190} INFO - [2025-04-11T20:31:36.098+0000] {dag.py:3239} INFO - Sync 1 DAGs
[2025-04-11T20:31:36.228+0000] {logging_mixin.py:190} INFO - [2025-04-11T20:31:36.228+0000] {dag.py:4180} INFO - Setting next_dagrun for example_trigger_controller_dag to 2021-01-01 00:00:00+00:00, run_after=2021-01-01 00:00:00+00:00
[2025-04-11T20:31:36.343+0000] {processor.py:208} INFO - Processing /home/airflow/.local/lib/python3.12/site-packages/airflow/example_dags/example_trigger_controller_dag.py took 0.381 seconds
[2025-04-11T20:32:06.647+0000] {processor.py:186} INFO - Started process (PID=444) to work on /home/airflow/.local/lib/python3.12/site-packages/airflow/example_dags/example_trigger_controller_dag.py
[2025-04-11T20:32:06.651+0000] {processor.py:914} INFO - Processing file /home/airflow/.local/lib/python3.12/site-packages/airflow/example_dags/example_trigger_controller_dag.py for tasks to queue
[2025-04-11T20:32:06.658+0000] {logging_mixin.py:190} INFO - [2025-04-11T20:32:06.658+0000] {dagbag.py:588} INFO - Filling up the DagBag from /home/airflow/.local/lib/python3.12/site-packages/airflow/example_dags/example_trigger_controller_dag.py
[2025-04-11T20:32:06.672+0000] {processor.py:925} INFO - DAG(s) 'example_trigger_controller_dag' retrieved from /home/airflow/.local/lib/python3.12/site-packages/airflow/example_dags/example_trigger_controller_dag.py
[2025-04-11T20:32:06.715+0000] {logging_mixin.py:190} INFO - [2025-04-11T20:32:06.715+0000] {dag.py:3239} INFO - Sync 1 DAGs
[2025-04-11T20:32:06.769+0000] {logging_mixin.py:190} INFO - [2025-04-11T20:32:06.768+0000] {dag.py:4180} INFO - Setting next_dagrun for example_trigger_controller_dag to 2021-01-01 00:00:00+00:00, run_after=2021-01-01 00:00:00+00:00
[2025-04-11T20:32:06.815+0000] {processor.py:208} INFO - Processing /home/airflow/.local/lib/python3.12/site-packages/airflow/example_dags/example_trigger_controller_dag.py took 0.183 seconds
[2025-04-11T20:33:20.994+0000] {processor.py:186} INFO - Started process (PID=526) to work on /home/airflow/.local/lib/python3.12/site-packages/airflow/example_dags/example_trigger_controller_dag.py
[2025-04-11T20:33:21.004+0000] {processor.py:914} INFO - Processing file /home/airflow/.local/lib/python3.12/site-packages/airflow/example_dags/example_trigger_controller_dag.py for tasks to queue
[2025-04-11T20:33:21.038+0000] {logging_mixin.py:190} INFO - [2025-04-11T20:33:21.038+0000] {dagbag.py:588} INFO - Filling up the DagBag from /home/airflow/.local/lib/python3.12/site-packages/airflow/example_dags/example_trigger_controller_dag.py
[2025-04-11T20:33:21.173+0000] {processor.py:925} INFO - DAG(s) 'example_trigger_controller_dag' retrieved from /home/airflow/.local/lib/python3.12/site-packages/airflow/example_dags/example_trigger_controller_dag.py
[2025-04-11T20:33:21.359+0000] {logging_mixin.py:190} INFO - [2025-04-11T20:33:21.358+0000] {dag.py:3239} INFO - Sync 1 DAGs
[2025-04-11T20:33:22.376+0000] {logging_mixin.py:190} INFO - [2025-04-11T20:33:22.375+0000] {dag.py:4180} INFO - Setting next_dagrun for example_trigger_controller_dag to 2021-01-01 00:00:00+00:00, run_after=2021-01-01 00:00:00+00:00
[2025-04-11T20:33:23.338+0000] {processor.py:208} INFO - Processing /home/airflow/.local/lib/python3.12/site-packages/airflow/example_dags/example_trigger_controller_dag.py took 2.439 seconds
[2025-04-11T20:36:05.535+0000] {processor.py:186} INFO - Started process (PID=121) to work on /home/airflow/.local/lib/python3.12/site-packages/airflow/example_dags/example_trigger_controller_dag.py
[2025-04-11T20:36:05.537+0000] {processor.py:914} INFO - Processing file /home/airflow/.local/lib/python3.12/site-packages/airflow/example_dags/example_trigger_controller_dag.py for tasks to queue
[2025-04-11T20:36:05.611+0000] {logging_mixin.py:190} INFO - [2025-04-11T20:36:05.610+0000] {dagbag.py:588} INFO - Filling up the DagBag from /home/airflow/.local/lib/python3.12/site-packages/airflow/example_dags/example_trigger_controller_dag.py
[2025-04-11T20:36:05.655+0000] {processor.py:925} INFO - DAG(s) 'example_trigger_controller_dag' retrieved from /home/airflow/.local/lib/python3.12/site-packages/airflow/example_dags/example_trigger_controller_dag.py
[2025-04-11T20:36:06.070+0000] {logging_mixin.py:190} INFO - [2025-04-11T20:36:06.070+0000] {dag.py:3239} INFO - Sync 1 DAGs
[2025-04-11T20:36:06.258+0000] {logging_mixin.py:190} INFO - [2025-04-11T20:36:06.252+0000] {dag.py:4180} INFO - Setting next_dagrun for example_trigger_controller_dag to 2021-01-01 00:00:00+00:00, run_after=2021-01-01 00:00:00+00:00
[2025-04-11T20:36:06.315+0000] {processor.py:208} INFO - Processing /home/airflow/.local/lib/python3.12/site-packages/airflow/example_dags/example_trigger_controller_dag.py took 0.796 seconds
[2025-04-11T20:36:37.332+0000] {processor.py:186} INFO - Started process (PID=184) to work on /home/airflow/.local/lib/python3.12/site-packages/airflow/example_dags/example_trigger_controller_dag.py
[2025-04-11T20:36:37.340+0000] {processor.py:914} INFO - Processing file /home/airflow/.local/lib/python3.12/site-packages/airflow/example_dags/example_trigger_controller_dag.py for tasks to queue
[2025-04-11T20:36:37.352+0000] {logging_mixin.py:190} INFO - [2025-04-11T20:36:37.351+0000] {dagbag.py:588} INFO - Filling up the DagBag from /home/airflow/.local/lib/python3.12/site-packages/airflow/example_dags/example_trigger_controller_dag.py
[2025-04-11T20:36:37.386+0000] {processor.py:925} INFO - DAG(s) 'example_trigger_controller_dag' retrieved from /home/airflow/.local/lib/python3.12/site-packages/airflow/example_dags/example_trigger_controller_dag.py
[2025-04-11T20:36:37.455+0000] {logging_mixin.py:190} INFO - [2025-04-11T20:36:37.455+0000] {dag.py:3239} INFO - Sync 1 DAGs
[2025-04-11T20:36:37.616+0000] {logging_mixin.py:190} INFO - [2025-04-11T20:36:37.615+0000] {dag.py:4180} INFO - Setting next_dagrun for example_trigger_controller_dag to 2021-01-01 00:00:00+00:00, run_after=2021-01-01 00:00:00+00:00
[2025-04-11T20:36:37.705+0000] {processor.py:208} INFO - Processing /home/airflow/.local/lib/python3.12/site-packages/airflow/example_dags/example_trigger_controller_dag.py took 0.423 seconds
[2025-04-11T20:37:24.835+0000] {processor.py:186} INFO - Started process (PID=256) to work on /home/airflow/.local/lib/python3.12/site-packages/airflow/example_dags/example_trigger_controller_dag.py
[2025-04-11T20:37:24.849+0000] {processor.py:914} INFO - Processing file /home/airflow/.local/lib/python3.12/site-packages/airflow/example_dags/example_trigger_controller_dag.py for tasks to queue
[2025-04-11T20:37:24.866+0000] {logging_mixin.py:190} INFO - [2025-04-11T20:37:24.865+0000] {dagbag.py:588} INFO - Filling up the DagBag from /home/airflow/.local/lib/python3.12/site-packages/airflow/example_dags/example_trigger_controller_dag.py
[2025-04-11T20:37:24.902+0000] {processor.py:925} INFO - DAG(s) 'example_trigger_controller_dag' retrieved from /home/airflow/.local/lib/python3.12/site-packages/airflow/example_dags/example_trigger_controller_dag.py
[2025-04-11T20:37:25.051+0000] {logging_mixin.py:190} INFO - [2025-04-11T20:37:25.051+0000] {dag.py:3239} INFO - Sync 1 DAGs
[2025-04-11T20:37:25.275+0000] {logging_mixin.py:190} INFO - [2025-04-11T20:37:25.274+0000] {dag.py:4180} INFO - Setting next_dagrun for example_trigger_controller_dag to 2021-01-01 00:00:00+00:00, run_after=2021-01-01 00:00:00+00:00
[2025-04-11T20:37:25.380+0000] {processor.py:208} INFO - Processing /home/airflow/.local/lib/python3.12/site-packages/airflow/example_dags/example_trigger_controller_dag.py took 0.582 seconds
[2025-04-11T20:38:11.967+0000] {processor.py:186} INFO - Started process (PID=325) to work on /home/airflow/.local/lib/python3.12/site-packages/airflow/example_dags/example_trigger_controller_dag.py
[2025-04-11T20:38:11.975+0000] {processor.py:914} INFO - Processing file /home/airflow/.local/lib/python3.12/site-packages/airflow/example_dags/example_trigger_controller_dag.py for tasks to queue
[2025-04-11T20:38:11.985+0000] {logging_mixin.py:190} INFO - [2025-04-11T20:38:11.984+0000] {dagbag.py:588} INFO - Filling up the DagBag from /home/airflow/.local/lib/python3.12/site-packages/airflow/example_dags/example_trigger_controller_dag.py
[2025-04-11T20:38:12.021+0000] {processor.py:925} INFO - DAG(s) 'example_trigger_controller_dag' retrieved from /home/airflow/.local/lib/python3.12/site-packages/airflow/example_dags/example_trigger_controller_dag.py
[2025-04-11T20:38:12.114+0000] {logging_mixin.py:190} INFO - [2025-04-11T20:38:12.113+0000] {dag.py:3239} INFO - Sync 1 DAGs
[2025-04-11T20:38:12.297+0000] {logging_mixin.py:190} INFO - [2025-04-11T20:38:12.296+0000] {dag.py:4180} INFO - Setting next_dagrun for example_trigger_controller_dag to 2021-01-01 00:00:00+00:00, run_after=2021-01-01 00:00:00+00:00
[2025-04-11T20:38:12.393+0000] {processor.py:208} INFO - Processing /home/airflow/.local/lib/python3.12/site-packages/airflow/example_dags/example_trigger_controller_dag.py took 0.465 seconds
[2025-04-11T20:39:02.458+0000] {processor.py:186} INFO - Started process (PID=392) to work on /home/airflow/.local/lib/python3.12/site-packages/airflow/example_dags/example_trigger_controller_dag.py
[2025-04-11T20:39:02.512+0000] {processor.py:914} INFO - Processing file /home/airflow/.local/lib/python3.12/site-packages/airflow/example_dags/example_trigger_controller_dag.py for tasks to queue
[2025-04-11T20:39:02.594+0000] {logging_mixin.py:190} INFO - [2025-04-11T20:39:02.547+0000] {dagbag.py:588} INFO - Filling up the DagBag from /home/airflow/.local/lib/python3.12/site-packages/airflow/example_dags/example_trigger_controller_dag.py
[2025-04-11T20:39:02.723+0000] {processor.py:925} INFO - DAG(s) 'example_trigger_controller_dag' retrieved from /home/airflow/.local/lib/python3.12/site-packages/airflow/example_dags/example_trigger_controller_dag.py
[2025-04-11T20:39:03.219+0000] {logging_mixin.py:190} INFO - [2025-04-11T20:39:03.207+0000] {dag.py:3239} INFO - Sync 1 DAGs
[2025-04-11T20:39:03.993+0000] {logging_mixin.py:190} INFO - [2025-04-11T20:39:03.992+0000] {dag.py:4180} INFO - Setting next_dagrun for example_trigger_controller_dag to 2021-01-01 00:00:00+00:00, run_after=2021-01-01 00:00:00+00:00
[2025-04-11T20:39:04.431+0000] {processor.py:208} INFO - Processing /home/airflow/.local/lib/python3.12/site-packages/airflow/example_dags/example_trigger_controller_dag.py took 2.247 seconds
[2025-04-11T20:40:10.927+0000] {processor.py:186} INFO - Started process (PID=469) to work on /home/airflow/.local/lib/python3.12/site-packages/airflow/example_dags/example_trigger_controller_dag.py
[2025-04-11T20:40:10.944+0000] {processor.py:914} INFO - Processing file /home/airflow/.local/lib/python3.12/site-packages/airflow/example_dags/example_trigger_controller_dag.py for tasks to queue
[2025-04-11T20:40:10.998+0000] {logging_mixin.py:190} INFO - [2025-04-11T20:40:10.997+0000] {dagbag.py:588} INFO - Filling up the DagBag from /home/airflow/.local/lib/python3.12/site-packages/airflow/example_dags/example_trigger_controller_dag.py
[2025-04-11T20:40:11.145+0000] {processor.py:925} INFO - DAG(s) 'example_trigger_controller_dag' retrieved from /home/airflow/.local/lib/python3.12/site-packages/airflow/example_dags/example_trigger_controller_dag.py
[2025-04-11T20:40:11.436+0000] {logging_mixin.py:190} INFO - [2025-04-11T20:40:11.435+0000] {dag.py:3239} INFO - Sync 1 DAGs
[2025-04-11T20:40:11.660+0000] {logging_mixin.py:190} INFO - [2025-04-11T20:40:11.659+0000] {dag.py:4180} INFO - Setting next_dagrun for example_trigger_controller_dag to 2021-01-01 00:00:00+00:00, run_after=2021-01-01 00:00:00+00:00
[2025-04-11T20:40:11.846+0000] {processor.py:208} INFO - Processing /home/airflow/.local/lib/python3.12/site-packages/airflow/example_dags/example_trigger_controller_dag.py took 1.047 seconds
[2025-04-11T20:40:58.196+0000] {processor.py:186} INFO - Started process (PID=538) to work on /home/airflow/.local/lib/python3.12/site-packages/airflow/example_dags/example_trigger_controller_dag.py
[2025-04-11T20:40:58.209+0000] {processor.py:914} INFO - Processing file /home/airflow/.local/lib/python3.12/site-packages/airflow/example_dags/example_trigger_controller_dag.py for tasks to queue
[2025-04-11T20:40:58.227+0000] {logging_mixin.py:190} INFO - [2025-04-11T20:40:58.226+0000] {dagbag.py:588} INFO - Filling up the DagBag from /home/airflow/.local/lib/python3.12/site-packages/airflow/example_dags/example_trigger_controller_dag.py
[2025-04-11T20:40:58.274+0000] {processor.py:925} INFO - DAG(s) 'example_trigger_controller_dag' retrieved from /home/airflow/.local/lib/python3.12/site-packages/airflow/example_dags/example_trigger_controller_dag.py
[2025-04-11T20:40:58.470+0000] {logging_mixin.py:190} INFO - [2025-04-11T20:40:58.470+0000] {dag.py:3239} INFO - Sync 1 DAGs
[2025-04-11T20:40:58.838+0000] {logging_mixin.py:190} INFO - [2025-04-11T20:40:58.831+0000] {dag.py:4180} INFO - Setting next_dagrun for example_trigger_controller_dag to 2021-01-01 00:00:00+00:00, run_after=2021-01-01 00:00:00+00:00
[2025-04-11T20:40:58.970+0000] {processor.py:208} INFO - Processing /home/airflow/.local/lib/python3.12/site-packages/airflow/example_dags/example_trigger_controller_dag.py took 0.824 seconds
[2025-04-11T20:41:37.129+0000] {processor.py:186} INFO - Started process (PID=607) to work on /home/airflow/.local/lib/python3.12/site-packages/airflow/example_dags/example_trigger_controller_dag.py
[2025-04-11T20:41:37.133+0000] {processor.py:914} INFO - Processing file /home/airflow/.local/lib/python3.12/site-packages/airflow/example_dags/example_trigger_controller_dag.py for tasks to queue
[2025-04-11T20:41:37.143+0000] {logging_mixin.py:190} INFO - [2025-04-11T20:41:37.141+0000] {dagbag.py:588} INFO - Filling up the DagBag from /home/airflow/.local/lib/python3.12/site-packages/airflow/example_dags/example_trigger_controller_dag.py
[2025-04-11T20:41:37.165+0000] {processor.py:925} INFO - DAG(s) 'example_trigger_controller_dag' retrieved from /home/airflow/.local/lib/python3.12/site-packages/airflow/example_dags/example_trigger_controller_dag.py
[2025-04-11T20:41:37.250+0000] {logging_mixin.py:190} INFO - [2025-04-11T20:41:37.250+0000] {dag.py:3239} INFO - Sync 1 DAGs
[2025-04-11T20:41:37.340+0000] {logging_mixin.py:190} INFO - [2025-04-11T20:41:37.340+0000] {dag.py:4180} INFO - Setting next_dagrun for example_trigger_controller_dag to 2021-01-01 00:00:00+00:00, run_after=2021-01-01 00:00:00+00:00
[2025-04-11T20:41:37.412+0000] {processor.py:208} INFO - Processing /home/airflow/.local/lib/python3.12/site-packages/airflow/example_dags/example_trigger_controller_dag.py took 0.302 seconds
[2025-04-11T20:43:26.095+0000] {processor.py:186} INFO - Started process (PID=696) to work on /home/airflow/.local/lib/python3.12/site-packages/airflow/example_dags/example_trigger_controller_dag.py
[2025-04-11T20:43:26.119+0000] {processor.py:914} INFO - Processing file /home/airflow/.local/lib/python3.12/site-packages/airflow/example_dags/example_trigger_controller_dag.py for tasks to queue
[2025-04-11T20:43:26.166+0000] {logging_mixin.py:190} INFO - [2025-04-11T20:43:26.162+0000] {dagbag.py:588} INFO - Filling up the DagBag from /home/airflow/.local/lib/python3.12/site-packages/airflow/example_dags/example_trigger_controller_dag.py
[2025-04-11T20:43:26.405+0000] {processor.py:925} INFO - DAG(s) 'example_trigger_controller_dag' retrieved from /home/airflow/.local/lib/python3.12/site-packages/airflow/example_dags/example_trigger_controller_dag.py
[2025-04-11T20:43:26.663+0000] {logging_mixin.py:190} INFO - [2025-04-11T20:43:26.662+0000] {dag.py:3239} INFO - Sync 1 DAGs
[2025-04-11T20:43:27.110+0000] {logging_mixin.py:190} INFO - [2025-04-11T20:43:27.109+0000] {dag.py:4180} INFO - Setting next_dagrun for example_trigger_controller_dag to 2021-01-01 00:00:00+00:00, run_after=2021-01-01 00:00:00+00:00
[2025-04-11T20:43:27.379+0000] {processor.py:208} INFO - Processing /home/airflow/.local/lib/python3.12/site-packages/airflow/example_dags/example_trigger_controller_dag.py took 1.408 seconds
[2025-04-11T20:44:19.395+0000] {processor.py:186} INFO - Started process (PID=765) to work on /home/airflow/.local/lib/python3.12/site-packages/airflow/example_dags/example_trigger_controller_dag.py
[2025-04-11T20:44:19.440+0000] {processor.py:914} INFO - Processing file /home/airflow/.local/lib/python3.12/site-packages/airflow/example_dags/example_trigger_controller_dag.py for tasks to queue
[2025-04-11T20:44:19.618+0000] {logging_mixin.py:190} INFO - [2025-04-11T20:44:19.595+0000] {dagbag.py:588} INFO - Filling up the DagBag from /home/airflow/.local/lib/python3.12/site-packages/airflow/example_dags/example_trigger_controller_dag.py
[2025-04-11T20:44:19.662+0000] {processor.py:925} INFO - DAG(s) 'example_trigger_controller_dag' retrieved from /home/airflow/.local/lib/python3.12/site-packages/airflow/example_dags/example_trigger_controller_dag.py
[2025-04-11T20:44:19.882+0000] {logging_mixin.py:190} INFO - [2025-04-11T20:44:19.878+0000] {dag.py:3239} INFO - Sync 1 DAGs
[2025-04-11T20:44:20.238+0000] {logging_mixin.py:190} INFO - [2025-04-11T20:44:20.237+0000] {dag.py:4180} INFO - Setting next_dagrun for example_trigger_controller_dag to 2021-01-01 00:00:00+00:00, run_after=2021-01-01 00:00:00+00:00
[2025-04-11T20:44:20.642+0000] {processor.py:208} INFO - Processing /home/airflow/.local/lib/python3.12/site-packages/airflow/example_dags/example_trigger_controller_dag.py took 1.291 seconds
[2025-04-11T20:44:51.079+0000] {processor.py:186} INFO - Started process (PID=828) to work on /home/airflow/.local/lib/python3.12/site-packages/airflow/example_dags/example_trigger_controller_dag.py
[2025-04-11T20:44:51.082+0000] {processor.py:914} INFO - Processing file /home/airflow/.local/lib/python3.12/site-packages/airflow/example_dags/example_trigger_controller_dag.py for tasks to queue
[2025-04-11T20:44:51.088+0000] {logging_mixin.py:190} INFO - [2025-04-11T20:44:51.087+0000] {dagbag.py:588} INFO - Filling up the DagBag from /home/airflow/.local/lib/python3.12/site-packages/airflow/example_dags/example_trigger_controller_dag.py
[2025-04-11T20:44:51.108+0000] {processor.py:925} INFO - DAG(s) 'example_trigger_controller_dag' retrieved from /home/airflow/.local/lib/python3.12/site-packages/airflow/example_dags/example_trigger_controller_dag.py
[2025-04-11T20:44:51.163+0000] {logging_mixin.py:190} INFO - [2025-04-11T20:44:51.163+0000] {dag.py:3239} INFO - Sync 1 DAGs
[2025-04-11T20:44:51.269+0000] {logging_mixin.py:190} INFO - [2025-04-11T20:44:51.268+0000] {dag.py:4180} INFO - Setting next_dagrun for example_trigger_controller_dag to 2021-01-01 00:00:00+00:00, run_after=2021-01-01 00:00:00+00:00
[2025-04-11T20:44:51.323+0000] {processor.py:208} INFO - Processing /home/airflow/.local/lib/python3.12/site-packages/airflow/example_dags/example_trigger_controller_dag.py took 0.262 seconds
[2025-04-11T20:45:22.974+0000] {processor.py:186} INFO - Started process (PID=891) to work on /home/airflow/.local/lib/python3.12/site-packages/airflow/example_dags/example_trigger_controller_dag.py
[2025-04-11T20:45:22.977+0000] {processor.py:914} INFO - Processing file /home/airflow/.local/lib/python3.12/site-packages/airflow/example_dags/example_trigger_controller_dag.py for tasks to queue
[2025-04-11T20:45:22.983+0000] {logging_mixin.py:190} INFO - [2025-04-11T20:45:22.982+0000] {dagbag.py:588} INFO - Filling up the DagBag from /home/airflow/.local/lib/python3.12/site-packages/airflow/example_dags/example_trigger_controller_dag.py
[2025-04-11T20:45:23.010+0000] {processor.py:925} INFO - DAG(s) 'example_trigger_controller_dag' retrieved from /home/airflow/.local/lib/python3.12/site-packages/airflow/example_dags/example_trigger_controller_dag.py
[2025-04-11T20:45:23.081+0000] {logging_mixin.py:190} INFO - [2025-04-11T20:45:23.080+0000] {dag.py:3239} INFO - Sync 1 DAGs
[2025-04-11T20:45:23.154+0000] {logging_mixin.py:190} INFO - [2025-04-11T20:45:23.154+0000] {dag.py:4180} INFO - Setting next_dagrun for example_trigger_controller_dag to 2021-01-01 00:00:00+00:00, run_after=2021-01-01 00:00:00+00:00
[2025-04-11T20:45:23.226+0000] {processor.py:208} INFO - Processing /home/airflow/.local/lib/python3.12/site-packages/airflow/example_dags/example_trigger_controller_dag.py took 0.271 seconds
[2025-04-11T20:47:11.629+0000] {processor.py:186} INFO - Started process (PID=994) to work on /home/airflow/.local/lib/python3.12/site-packages/airflow/example_dags/example_trigger_controller_dag.py
[2025-04-11T20:47:11.636+0000] {processor.py:914} INFO - Processing file /home/airflow/.local/lib/python3.12/site-packages/airflow/example_dags/example_trigger_controller_dag.py for tasks to queue
[2025-04-11T20:47:11.687+0000] {logging_mixin.py:190} INFO - [2025-04-11T20:47:11.675+0000] {dagbag.py:588} INFO - Filling up the DagBag from /home/airflow/.local/lib/python3.12/site-packages/airflow/example_dags/example_trigger_controller_dag.py
[2025-04-11T20:47:12.635+0000] {processor.py:925} INFO - DAG(s) 'example_trigger_controller_dag' retrieved from /home/airflow/.local/lib/python3.12/site-packages/airflow/example_dags/example_trigger_controller_dag.py
[2025-04-11T20:47:13.119+0000] {logging_mixin.py:190} INFO - [2025-04-11T20:47:13.118+0000] {dag.py:3239} INFO - Sync 1 DAGs
[2025-04-11T20:47:13.368+0000] {logging_mixin.py:190} INFO - [2025-04-11T20:47:13.367+0000] {dag.py:4180} INFO - Setting next_dagrun for example_trigger_controller_dag to 2021-01-01 00:00:00+00:00, run_after=2021-01-01 00:00:00+00:00
[2025-04-11T20:47:13.670+0000] {processor.py:208} INFO - Processing /home/airflow/.local/lib/python3.12/site-packages/airflow/example_dags/example_trigger_controller_dag.py took 2.113 seconds
[2025-04-11T20:49:48.187+0000] {processor.py:186} INFO - Started process (PID=1103) to work on /home/airflow/.local/lib/python3.12/site-packages/airflow/example_dags/example_trigger_controller_dag.py
[2025-04-11T20:49:48.196+0000] {processor.py:914} INFO - Processing file /home/airflow/.local/lib/python3.12/site-packages/airflow/example_dags/example_trigger_controller_dag.py for tasks to queue
[2025-04-11T20:49:48.205+0000] {logging_mixin.py:190} INFO - [2025-04-11T20:49:48.201+0000] {dagbag.py:588} INFO - Filling up the DagBag from /home/airflow/.local/lib/python3.12/site-packages/airflow/example_dags/example_trigger_controller_dag.py
[2025-04-11T20:49:48.243+0000] {processor.py:925} INFO - DAG(s) 'example_trigger_controller_dag' retrieved from /home/airflow/.local/lib/python3.12/site-packages/airflow/example_dags/example_trigger_controller_dag.py
[2025-04-11T20:49:48.368+0000] {logging_mixin.py:190} INFO - [2025-04-11T20:49:48.366+0000] {dag.py:3239} INFO - Sync 1 DAGs
[2025-04-11T20:49:48.499+0000] {logging_mixin.py:190} INFO - [2025-04-11T20:49:48.498+0000] {dag.py:4180} INFO - Setting next_dagrun for example_trigger_controller_dag to 2021-01-01 00:00:00+00:00, run_after=2021-01-01 00:00:00+00:00
[2025-04-11T20:49:48.608+0000] {processor.py:208} INFO - Processing /home/airflow/.local/lib/python3.12/site-packages/airflow/example_dags/example_trigger_controller_dag.py took 0.448 seconds
[2025-04-11T20:50:25.073+0000] {processor.py:186} INFO - Started process (PID=1166) to work on /home/airflow/.local/lib/python3.12/site-packages/airflow/example_dags/example_trigger_controller_dag.py
[2025-04-11T20:50:25.080+0000] {processor.py:914} INFO - Processing file /home/airflow/.local/lib/python3.12/site-packages/airflow/example_dags/example_trigger_controller_dag.py for tasks to queue
[2025-04-11T20:50:25.088+0000] {logging_mixin.py:190} INFO - [2025-04-11T20:50:25.087+0000] {dagbag.py:588} INFO - Filling up the DagBag from /home/airflow/.local/lib/python3.12/site-packages/airflow/example_dags/example_trigger_controller_dag.py
[2025-04-11T20:50:25.116+0000] {processor.py:925} INFO - DAG(s) 'example_trigger_controller_dag' retrieved from /home/airflow/.local/lib/python3.12/site-packages/airflow/example_dags/example_trigger_controller_dag.py
[2025-04-11T20:50:25.195+0000] {logging_mixin.py:190} INFO - [2025-04-11T20:50:25.194+0000] {dag.py:3239} INFO - Sync 1 DAGs
[2025-04-11T20:50:25.281+0000] {logging_mixin.py:190} INFO - [2025-04-11T20:50:25.281+0000] {dag.py:4180} INFO - Setting next_dagrun for example_trigger_controller_dag to 2021-01-01 00:00:00+00:00, run_after=2021-01-01 00:00:00+00:00
[2025-04-11T20:50:25.339+0000] {processor.py:208} INFO - Processing /home/airflow/.local/lib/python3.12/site-packages/airflow/example_dags/example_trigger_controller_dag.py took 0.290 seconds
[2025-04-11T20:51:31.581+0000] {processor.py:186} INFO - Started process (PID=1235) to work on /home/airflow/.local/lib/python3.12/site-packages/airflow/example_dags/example_trigger_controller_dag.py
[2025-04-11T20:51:31.600+0000] {processor.py:914} INFO - Processing file /home/airflow/.local/lib/python3.12/site-packages/airflow/example_dags/example_trigger_controller_dag.py for tasks to queue
[2025-04-11T20:51:31.641+0000] {logging_mixin.py:190} INFO - [2025-04-11T20:51:31.640+0000] {dagbag.py:588} INFO - Filling up the DagBag from /home/airflow/.local/lib/python3.12/site-packages/airflow/example_dags/example_trigger_controller_dag.py
[2025-04-11T20:51:31.746+0000] {processor.py:925} INFO - DAG(s) 'example_trigger_controller_dag' retrieved from /home/airflow/.local/lib/python3.12/site-packages/airflow/example_dags/example_trigger_controller_dag.py
[2025-04-11T20:51:32.151+0000] {logging_mixin.py:190} INFO - [2025-04-11T20:51:32.146+0000] {dag.py:3239} INFO - Sync 1 DAGs
[2025-04-11T20:51:32.394+0000] {logging_mixin.py:190} INFO - [2025-04-11T20:51:32.393+0000] {dag.py:4180} INFO - Setting next_dagrun for example_trigger_controller_dag to 2021-01-01 00:00:00+00:00, run_after=2021-01-01 00:00:00+00:00
[2025-04-11T20:51:32.609+0000] {processor.py:208} INFO - Processing /home/airflow/.local/lib/python3.12/site-packages/airflow/example_dags/example_trigger_controller_dag.py took 1.156 seconds
[2025-04-11T20:52:22.610+0000] {processor.py:186} INFO - Started process (PID=1297) to work on /home/airflow/.local/lib/python3.12/site-packages/airflow/example_dags/example_trigger_controller_dag.py
[2025-04-11T20:52:22.618+0000] {processor.py:914} INFO - Processing file /home/airflow/.local/lib/python3.12/site-packages/airflow/example_dags/example_trigger_controller_dag.py for tasks to queue
[2025-04-11T20:52:22.630+0000] {logging_mixin.py:190} INFO - [2025-04-11T20:52:22.630+0000] {dagbag.py:588} INFO - Filling up the DagBag from /home/airflow/.local/lib/python3.12/site-packages/airflow/example_dags/example_trigger_controller_dag.py
[2025-04-11T20:52:22.662+0000] {processor.py:925} INFO - DAG(s) 'example_trigger_controller_dag' retrieved from /home/airflow/.local/lib/python3.12/site-packages/airflow/example_dags/example_trigger_controller_dag.py
[2025-04-11T20:52:22.725+0000] {logging_mixin.py:190} INFO - [2025-04-11T20:52:22.725+0000] {dag.py:3239} INFO - Sync 1 DAGs
[2025-04-11T20:52:22.815+0000] {logging_mixin.py:190} INFO - [2025-04-11T20:52:22.815+0000] {dag.py:4180} INFO - Setting next_dagrun for example_trigger_controller_dag to 2021-01-01 00:00:00+00:00, run_after=2021-01-01 00:00:00+00:00
[2025-04-11T20:52:22.946+0000] {processor.py:208} INFO - Processing /home/airflow/.local/lib/python3.12/site-packages/airflow/example_dags/example_trigger_controller_dag.py took 0.353 seconds
[2025-04-11T20:52:58.261+0000] {processor.py:186} INFO - Started process (PID=1361) to work on /home/airflow/.local/lib/python3.12/site-packages/airflow/example_dags/example_trigger_controller_dag.py
[2025-04-11T20:52:58.279+0000] {processor.py:914} INFO - Processing file /home/airflow/.local/lib/python3.12/site-packages/airflow/example_dags/example_trigger_controller_dag.py for tasks to queue
[2025-04-11T20:52:58.458+0000] {logging_mixin.py:190} INFO - [2025-04-11T20:52:58.427+0000] {dagbag.py:588} INFO - Filling up the DagBag from /home/airflow/.local/lib/python3.12/site-packages/airflow/example_dags/example_trigger_controller_dag.py
[2025-04-11T20:52:58.601+0000] {processor.py:925} INFO - DAG(s) 'example_trigger_controller_dag' retrieved from /home/airflow/.local/lib/python3.12/site-packages/airflow/example_dags/example_trigger_controller_dag.py
[2025-04-11T20:52:59.119+0000] {logging_mixin.py:190} INFO - [2025-04-11T20:52:59.116+0000] {dag.py:3239} INFO - Sync 1 DAGs
[2025-04-11T20:52:59.963+0000] {logging_mixin.py:190} INFO - [2025-04-11T20:52:59.963+0000] {dag.py:4180} INFO - Setting next_dagrun for example_trigger_controller_dag to 2021-01-01 00:00:00+00:00, run_after=2021-01-01 00:00:00+00:00
[2025-04-11T20:53:00.389+0000] {processor.py:208} INFO - Processing /home/airflow/.local/lib/python3.12/site-packages/airflow/example_dags/example_trigger_controller_dag.py took 2.307 seconds
