[2025-04-11T19:45:57.787+0000] {processor.py:186} INFO - Started process (PID=111) to work on /home/airflow/.local/lib/python3.12/site-packages/airflow/example_dags/example_branch_python_dop_operator_3.py
[2025-04-11T19:45:57.799+0000] {processor.py:914} INFO - Processing file /home/airflow/.local/lib/python3.12/site-packages/airflow/example_dags/example_branch_python_dop_operator_3.py for tasks to queue
[2025-04-11T19:45:57.812+0000] {logging_mixin.py:190} INFO - [2025-04-11T19:45:57.811+0000] {dagbag.py:588} INFO - Filling up the DagBag from /home/airflow/.local/lib/python3.12/site-packages/airflow/example_dags/example_branch_python_dop_operator_3.py
[2025-04-11T19:45:57.961+0000] {processor.py:925} INFO - DAG(s) 'example_branch_dop_operator_v3' retrieved from /home/airflow/.local/lib/python3.12/site-packages/airflow/example_dags/example_branch_python_dop_operator_3.py
[2025-04-11T19:45:59.316+0000] {logging_mixin.py:190} INFO - [2025-04-11T19:45:59.309+0000] {override.py:1912} INFO - Created Permission View: can delete on DAG:example_branch_dop_operator_v3
[2025-04-11T19:45:59.399+0000] {logging_mixin.py:190} INFO - [2025-04-11T19:45:59.398+0000] {override.py:1912} INFO - Created Permission View: can read on DAG:example_branch_dop_operator_v3
[2025-04-11T19:45:59.524+0000] {logging_mixin.py:190} INFO - [2025-04-11T19:45:59.524+0000] {override.py:1912} INFO - Created Permission View: can edit on DAG:example_branch_dop_operator_v3
[2025-04-11T19:45:59.650+0000] {logging_mixin.py:190} INFO - [2025-04-11T19:45:59.649+0000] {override.py:1912} INFO - Created Permission View: can create on DAG Run:example_branch_dop_operator_v3
[2025-04-11T19:45:59.735+0000] {logging_mixin.py:190} INFO - [2025-04-11T19:45:59.734+0000] {override.py:1912} INFO - Created Permission View: can read on DAG Run:example_branch_dop_operator_v3
[2025-04-11T19:45:59.910+0000] {logging_mixin.py:190} INFO - [2025-04-11T19:45:59.903+0000] {override.py:1912} INFO - Created Permission View: can delete on DAG Run:example_branch_dop_operator_v3
[2025-04-11T19:46:00.256+0000] {logging_mixin.py:190} INFO - [2025-04-11T19:46:00.255+0000] {override.py:1912} INFO - Created Permission View: menu access on DAG Run:example_branch_dop_operator_v3
[2025-04-11T19:46:00.261+0000] {logging_mixin.py:190} INFO - [2025-04-11T19:46:00.257+0000] {dag.py:3239} INFO - Sync 1 DAGs
[2025-04-11T19:46:00.489+0000] {logging_mixin.py:190} INFO - [2025-04-11T19:46:00.488+0000] {dag.py:3262} INFO - Creating ORM DAG for example_branch_dop_operator_v3
[2025-04-11T19:46:00.683+0000] {logging_mixin.py:190} INFO - [2025-04-11T19:46:00.683+0000] {dag.py:4180} INFO - Setting next_dagrun for example_branch_dop_operator_v3 to 2025-04-11 19:45:00+00:00, run_after=2025-04-11 19:46:00+00:00
[2025-04-11T19:46:01.151+0000] {processor.py:208} INFO - Processing /home/airflow/.local/lib/python3.12/site-packages/airflow/example_dags/example_branch_python_dop_operator_3.py took 3.394 seconds
[2025-04-11T19:46:55.792+0000] {processor.py:186} INFO - Started process (PID=181) to work on /home/airflow/.local/lib/python3.12/site-packages/airflow/example_dags/example_branch_python_dop_operator_3.py
[2025-04-11T19:46:55.796+0000] {processor.py:914} INFO - Processing file /home/airflow/.local/lib/python3.12/site-packages/airflow/example_dags/example_branch_python_dop_operator_3.py for tasks to queue
[2025-04-11T19:46:55.807+0000] {logging_mixin.py:190} INFO - [2025-04-11T19:46:55.806+0000] {dagbag.py:588} INFO - Filling up the DagBag from /home/airflow/.local/lib/python3.12/site-packages/airflow/example_dags/example_branch_python_dop_operator_3.py
[2025-04-11T19:46:55.834+0000] {processor.py:925} INFO - DAG(s) 'example_branch_dop_operator_v3' retrieved from /home/airflow/.local/lib/python3.12/site-packages/airflow/example_dags/example_branch_python_dop_operator_3.py
[2025-04-11T19:46:55.915+0000] {logging_mixin.py:190} INFO - [2025-04-11T19:46:55.915+0000] {dag.py:3239} INFO - Sync 1 DAGs
[2025-04-11T19:46:56.081+0000] {logging_mixin.py:190} INFO - [2025-04-11T19:46:56.081+0000] {dag.py:4180} INFO - Setting next_dagrun for example_branch_dop_operator_v3 to 2025-04-11 19:45:00+00:00, run_after=2025-04-11 19:46:00+00:00
[2025-04-11T19:46:56.199+0000] {processor.py:208} INFO - Processing /home/airflow/.local/lib/python3.12/site-packages/airflow/example_dags/example_branch_python_dop_operator_3.py took 0.422 seconds
[2025-04-11T19:47:49.464+0000] {processor.py:186} INFO - Started process (PID=250) to work on /home/airflow/.local/lib/python3.12/site-packages/airflow/example_dags/example_branch_python_dop_operator_3.py
[2025-04-11T19:47:49.484+0000] {processor.py:914} INFO - Processing file /home/airflow/.local/lib/python3.12/site-packages/airflow/example_dags/example_branch_python_dop_operator_3.py for tasks to queue
[2025-04-11T19:47:49.500+0000] {logging_mixin.py:190} INFO - [2025-04-11T19:47:49.499+0000] {dagbag.py:588} INFO - Filling up the DagBag from /home/airflow/.local/lib/python3.12/site-packages/airflow/example_dags/example_branch_python_dop_operator_3.py
[2025-04-11T19:47:49.629+0000] {processor.py:925} INFO - DAG(s) 'example_branch_dop_operator_v3' retrieved from /home/airflow/.local/lib/python3.12/site-packages/airflow/example_dags/example_branch_python_dop_operator_3.py
[2025-04-11T19:47:50.077+0000] {logging_mixin.py:190} INFO - [2025-04-11T19:47:50.075+0000] {dag.py:3239} INFO - Sync 1 DAGs
[2025-04-11T19:47:50.672+0000] {logging_mixin.py:190} INFO - [2025-04-11T19:47:50.671+0000] {dag.py:4180} INFO - Setting next_dagrun for example_branch_dop_operator_v3 to 2025-04-11 19:46:00+00:00, run_after=2025-04-11 19:47:00+00:00
[2025-04-11T19:47:51.265+0000] {processor.py:208} INFO - Processing /home/airflow/.local/lib/python3.12/site-packages/airflow/example_dags/example_branch_python_dop_operator_3.py took 1.843 seconds
[2025-04-11T19:53:17.125+0000] {processor.py:186} INFO - Started process (PID=102) to work on /home/airflow/.local/lib/python3.12/site-packages/airflow/example_dags/example_branch_python_dop_operator_3.py
[2025-04-11T19:53:17.153+0000] {processor.py:914} INFO - Processing file /home/airflow/.local/lib/python3.12/site-packages/airflow/example_dags/example_branch_python_dop_operator_3.py for tasks to queue
[2025-04-11T19:53:17.174+0000] {logging_mixin.py:190} INFO - [2025-04-11T19:53:17.168+0000] {dagbag.py:588} INFO - Filling up the DagBag from /home/airflow/.local/lib/python3.12/site-packages/airflow/example_dags/example_branch_python_dop_operator_3.py
[2025-04-11T19:53:17.368+0000] {processor.py:925} INFO - DAG(s) 'example_branch_dop_operator_v3' retrieved from /home/airflow/.local/lib/python3.12/site-packages/airflow/example_dags/example_branch_python_dop_operator_3.py
[2025-04-11T19:53:17.661+0000] {logging_mixin.py:190} INFO - [2025-04-11T19:53:17.660+0000] {dag.py:3239} INFO - Sync 1 DAGs
[2025-04-11T19:53:18.266+0000] {logging_mixin.py:190} INFO - [2025-04-11T19:53:18.266+0000] {dag.py:4180} INFO - Setting next_dagrun for example_branch_dop_operator_v3 to 2025-04-11 19:52:00+00:00, run_after=2025-04-11 19:53:00+00:00
[2025-04-11T19:53:18.761+0000] {processor.py:208} INFO - Processing /home/airflow/.local/lib/python3.12/site-packages/airflow/example_dags/example_branch_python_dop_operator_3.py took 1.729 seconds
[2025-04-11T19:54:27.084+0000] {processor.py:186} INFO - Started process (PID=177) to work on /home/airflow/.local/lib/python3.12/site-packages/airflow/example_dags/example_branch_python_dop_operator_3.py
[2025-04-11T19:54:27.088+0000] {processor.py:914} INFO - Processing file /home/airflow/.local/lib/python3.12/site-packages/airflow/example_dags/example_branch_python_dop_operator_3.py for tasks to queue
[2025-04-11T19:54:27.095+0000] {logging_mixin.py:190} INFO - [2025-04-11T19:54:27.095+0000] {dagbag.py:588} INFO - Filling up the DagBag from /home/airflow/.local/lib/python3.12/site-packages/airflow/example_dags/example_branch_python_dop_operator_3.py
[2025-04-11T19:54:27.124+0000] {processor.py:925} INFO - DAG(s) 'example_branch_dop_operator_v3' retrieved from /home/airflow/.local/lib/python3.12/site-packages/airflow/example_dags/example_branch_python_dop_operator_3.py
[2025-04-11T19:54:27.178+0000] {logging_mixin.py:190} INFO - [2025-04-11T19:54:27.178+0000] {dag.py:3239} INFO - Sync 1 DAGs
[2025-04-11T19:54:27.243+0000] {logging_mixin.py:190} INFO - [2025-04-11T19:54:27.242+0000] {dag.py:4180} INFO - Setting next_dagrun for example_branch_dop_operator_v3 to 2025-04-11 19:53:00+00:00, run_after=2025-04-11 19:54:00+00:00
[2025-04-11T19:54:27.305+0000] {processor.py:208} INFO - Processing /home/airflow/.local/lib/python3.12/site-packages/airflow/example_dags/example_branch_python_dop_operator_3.py took 0.235 seconds
[2025-04-11T19:54:59.466+0000] {processor.py:186} INFO - Started process (PID=240) to work on /home/airflow/.local/lib/python3.12/site-packages/airflow/example_dags/example_branch_python_dop_operator_3.py
[2025-04-11T19:54:59.470+0000] {processor.py:914} INFO - Processing file /home/airflow/.local/lib/python3.12/site-packages/airflow/example_dags/example_branch_python_dop_operator_3.py for tasks to queue
[2025-04-11T19:54:59.478+0000] {logging_mixin.py:190} INFO - [2025-04-11T19:54:59.478+0000] {dagbag.py:588} INFO - Filling up the DagBag from /home/airflow/.local/lib/python3.12/site-packages/airflow/example_dags/example_branch_python_dop_operator_3.py
[2025-04-11T19:54:59.514+0000] {processor.py:925} INFO - DAG(s) 'example_branch_dop_operator_v3' retrieved from /home/airflow/.local/lib/python3.12/site-packages/airflow/example_dags/example_branch_python_dop_operator_3.py
[2025-04-11T19:54:59.571+0000] {logging_mixin.py:190} INFO - [2025-04-11T19:54:59.571+0000] {dag.py:3239} INFO - Sync 1 DAGs
[2025-04-11T19:54:59.645+0000] {logging_mixin.py:190} INFO - [2025-04-11T19:54:59.645+0000] {dag.py:4180} INFO - Setting next_dagrun for example_branch_dop_operator_v3 to 2025-04-11 19:53:00+00:00, run_after=2025-04-11 19:54:00+00:00
[2025-04-11T19:54:59.703+0000] {processor.py:208} INFO - Processing /home/airflow/.local/lib/python3.12/site-packages/airflow/example_dags/example_branch_python_dop_operator_3.py took 0.288 seconds
[2025-04-11T19:56:08.397+0000] {processor.py:186} INFO - Started process (PID=310) to work on /home/airflow/.local/lib/python3.12/site-packages/airflow/example_dags/example_branch_python_dop_operator_3.py
[2025-04-11T19:56:08.401+0000] {processor.py:914} INFO - Processing file /home/airflow/.local/lib/python3.12/site-packages/airflow/example_dags/example_branch_python_dop_operator_3.py for tasks to queue
[2025-04-11T19:56:08.413+0000] {logging_mixin.py:190} INFO - [2025-04-11T19:56:08.413+0000] {dagbag.py:588} INFO - Filling up the DagBag from /home/airflow/.local/lib/python3.12/site-packages/airflow/example_dags/example_branch_python_dop_operator_3.py
[2025-04-11T19:56:08.467+0000] {processor.py:925} INFO - DAG(s) 'example_branch_dop_operator_v3' retrieved from /home/airflow/.local/lib/python3.12/site-packages/airflow/example_dags/example_branch_python_dop_operator_3.py
[2025-04-11T19:56:08.766+0000] {logging_mixin.py:190} INFO - [2025-04-11T19:56:08.763+0000] {dag.py:3239} INFO - Sync 1 DAGs
[2025-04-11T19:56:09.265+0000] {logging_mixin.py:190} INFO - [2025-04-11T19:56:09.264+0000] {dag.py:4180} INFO - Setting next_dagrun for example_branch_dop_operator_v3 to 2025-04-11 19:55:00+00:00, run_after=2025-04-11 19:56:00+00:00
[2025-04-11T19:56:09.757+0000] {processor.py:208} INFO - Processing /home/airflow/.local/lib/python3.12/site-packages/airflow/example_dags/example_branch_python_dop_operator_3.py took 1.385 seconds
[2025-04-11T19:56:43.269+0000] {processor.py:186} INFO - Started process (PID=374) to work on /home/airflow/.local/lib/python3.12/site-packages/airflow/example_dags/example_branch_python_dop_operator_3.py
[2025-04-11T19:56:43.281+0000] {processor.py:914} INFO - Processing file /home/airflow/.local/lib/python3.12/site-packages/airflow/example_dags/example_branch_python_dop_operator_3.py for tasks to queue
[2025-04-11T19:56:43.319+0000] {logging_mixin.py:190} INFO - [2025-04-11T19:56:43.308+0000] {dagbag.py:588} INFO - Filling up the DagBag from /home/airflow/.local/lib/python3.12/site-packages/airflow/example_dags/example_branch_python_dop_operator_3.py
[2025-04-11T19:56:43.456+0000] {processor.py:925} INFO - DAG(s) 'example_branch_dop_operator_v3' retrieved from /home/airflow/.local/lib/python3.12/site-packages/airflow/example_dags/example_branch_python_dop_operator_3.py
[2025-04-11T19:56:43.846+0000] {logging_mixin.py:190} INFO - [2025-04-11T19:56:43.846+0000] {dag.py:3239} INFO - Sync 1 DAGs
[2025-04-11T19:56:43.982+0000] {logging_mixin.py:190} INFO - [2025-04-11T19:56:43.981+0000] {dag.py:4180} INFO - Setting next_dagrun for example_branch_dop_operator_v3 to 2025-04-11 19:55:00+00:00, run_after=2025-04-11 19:56:00+00:00
[2025-04-11T19:56:44.046+0000] {processor.py:208} INFO - Processing /home/airflow/.local/lib/python3.12/site-packages/airflow/example_dags/example_branch_python_dop_operator_3.py took 0.851 seconds
[2025-04-11T19:59:26.354+0000] {processor.py:186} INFO - Started process (PID=91) to work on /home/airflow/.local/lib/python3.12/site-packages/airflow/example_dags/example_branch_python_dop_operator_3.py
[2025-04-11T19:59:26.359+0000] {processor.py:914} INFO - Processing file /home/airflow/.local/lib/python3.12/site-packages/airflow/example_dags/example_branch_python_dop_operator_3.py for tasks to queue
[2025-04-11T19:59:26.385+0000] {logging_mixin.py:190} INFO - [2025-04-11T19:59:26.382+0000] {dagbag.py:588} INFO - Filling up the DagBag from /home/airflow/.local/lib/python3.12/site-packages/airflow/example_dags/example_branch_python_dop_operator_3.py
[2025-04-11T19:59:26.452+0000] {processor.py:925} INFO - DAG(s) 'example_branch_dop_operator_v3' retrieved from /home/airflow/.local/lib/python3.12/site-packages/airflow/example_dags/example_branch_python_dop_operator_3.py
[2025-04-11T19:59:26.638+0000] {logging_mixin.py:190} INFO - [2025-04-11T19:59:26.637+0000] {dag.py:3239} INFO - Sync 1 DAGs
[2025-04-11T19:59:26.807+0000] {logging_mixin.py:190} INFO - [2025-04-11T19:59:26.807+0000] {dag.py:4180} INFO - Setting next_dagrun for example_branch_dop_operator_v3 to 2025-04-11 19:58:00+00:00, run_after=2025-04-11 19:59:00+00:00
[2025-04-11T19:59:27.060+0000] {processor.py:208} INFO - Processing /home/airflow/.local/lib/python3.12/site-packages/airflow/example_dags/example_branch_python_dop_operator_3.py took 0.742 seconds
[2025-04-11T20:00:11.062+0000] {processor.py:186} INFO - Started process (PID=161) to work on /home/airflow/.local/lib/python3.12/site-packages/airflow/example_dags/example_branch_python_dop_operator_3.py
[2025-04-11T20:00:11.065+0000] {processor.py:914} INFO - Processing file /home/airflow/.local/lib/python3.12/site-packages/airflow/example_dags/example_branch_python_dop_operator_3.py for tasks to queue
[2025-04-11T20:00:11.070+0000] {logging_mixin.py:190} INFO - [2025-04-11T20:00:11.070+0000] {dagbag.py:588} INFO - Filling up the DagBag from /home/airflow/.local/lib/python3.12/site-packages/airflow/example_dags/example_branch_python_dop_operator_3.py
[2025-04-11T20:00:11.095+0000] {processor.py:925} INFO - DAG(s) 'example_branch_dop_operator_v3' retrieved from /home/airflow/.local/lib/python3.12/site-packages/airflow/example_dags/example_branch_python_dop_operator_3.py
[2025-04-11T20:00:11.136+0000] {logging_mixin.py:190} INFO - [2025-04-11T20:00:11.136+0000] {dag.py:3239} INFO - Sync 1 DAGs
[2025-04-11T20:00:11.199+0000] {logging_mixin.py:190} INFO - [2025-04-11T20:00:11.198+0000] {dag.py:4180} INFO - Setting next_dagrun for example_branch_dop_operator_v3 to 2025-04-11 19:59:00+00:00, run_after=2025-04-11 20:00:00+00:00
[2025-04-11T20:00:11.300+0000] {processor.py:208} INFO - Processing /home/airflow/.local/lib/python3.12/site-packages/airflow/example_dags/example_branch_python_dop_operator_3.py took 0.262 seconds
[2025-04-11T20:10:27.148+0000] {processor.py:186} INFO - Started process (PID=129) to work on /home/airflow/.local/lib/python3.12/site-packages/airflow/example_dags/example_branch_python_dop_operator_3.py
[2025-04-11T20:10:27.158+0000] {processor.py:914} INFO - Processing file /home/airflow/.local/lib/python3.12/site-packages/airflow/example_dags/example_branch_python_dop_operator_3.py for tasks to queue
[2025-04-11T20:10:27.197+0000] {logging_mixin.py:190} INFO - [2025-04-11T20:10:27.181+0000] {dagbag.py:588} INFO - Filling up the DagBag from /home/airflow/.local/lib/python3.12/site-packages/airflow/example_dags/example_branch_python_dop_operator_3.py
[2025-04-11T20:10:27.298+0000] {processor.py:925} INFO - DAG(s) 'example_branch_dop_operator_v3' retrieved from /home/airflow/.local/lib/python3.12/site-packages/airflow/example_dags/example_branch_python_dop_operator_3.py
[2025-04-11T20:10:28.576+0000] {logging_mixin.py:190} INFO - [2025-04-11T20:10:28.576+0000] {dag.py:3239} INFO - Sync 1 DAGs
[2025-04-11T20:10:29.047+0000] {logging_mixin.py:190} INFO - [2025-04-11T20:10:29.040+0000] {dag.py:4180} INFO - Setting next_dagrun for example_branch_dop_operator_v3 to 2025-04-11 20:09:00+00:00, run_after=2025-04-11 20:10:00+00:00
[2025-04-11T20:10:29.465+0000] {processor.py:208} INFO - Processing /home/airflow/.local/lib/python3.12/site-packages/airflow/example_dags/example_branch_python_dop_operator_3.py took 2.375 seconds
[2025-04-11T20:14:01.368+0000] {processor.py:186} INFO - Started process (PID=106) to work on /home/airflow/.local/lib/python3.12/site-packages/airflow/example_dags/example_branch_python_dop_operator_3.py
[2025-04-11T20:14:01.388+0000] {processor.py:914} INFO - Processing file /home/airflow/.local/lib/python3.12/site-packages/airflow/example_dags/example_branch_python_dop_operator_3.py for tasks to queue
[2025-04-11T20:14:01.418+0000] {logging_mixin.py:190} INFO - [2025-04-11T20:14:01.417+0000] {dagbag.py:588} INFO - Filling up the DagBag from /home/airflow/.local/lib/python3.12/site-packages/airflow/example_dags/example_branch_python_dop_operator_3.py
[2025-04-11T20:14:01.502+0000] {processor.py:925} INFO - DAG(s) 'example_branch_dop_operator_v3' retrieved from /home/airflow/.local/lib/python3.12/site-packages/airflow/example_dags/example_branch_python_dop_operator_3.py
[2025-04-11T20:14:01.732+0000] {logging_mixin.py:190} INFO - [2025-04-11T20:14:01.732+0000] {dag.py:3239} INFO - Sync 1 DAGs
[2025-04-11T20:14:01.916+0000] {logging_mixin.py:190} INFO - [2025-04-11T20:14:01.916+0000] {dag.py:4180} INFO - Setting next_dagrun for example_branch_dop_operator_v3 to 2025-04-11 20:13:00+00:00, run_after=2025-04-11 20:14:00+00:00
[2025-04-11T20:14:02.002+0000] {processor.py:208} INFO - Processing /home/airflow/.local/lib/python3.12/site-packages/airflow/example_dags/example_branch_python_dop_operator_3.py took 0.700 seconds
[2025-04-11T20:15:37.714+0000] {processor.py:186} INFO - Started process (PID=182) to work on /home/airflow/.local/lib/python3.12/site-packages/airflow/example_dags/example_branch_python_dop_operator_3.py
[2025-04-11T20:15:37.722+0000] {processor.py:914} INFO - Processing file /home/airflow/.local/lib/python3.12/site-packages/airflow/example_dags/example_branch_python_dop_operator_3.py for tasks to queue
[2025-04-11T20:15:37.738+0000] {logging_mixin.py:190} INFO - [2025-04-11T20:15:37.737+0000] {dagbag.py:588} INFO - Filling up the DagBag from /home/airflow/.local/lib/python3.12/site-packages/airflow/example_dags/example_branch_python_dop_operator_3.py
[2025-04-11T20:15:37.852+0000] {processor.py:925} INFO - DAG(s) 'example_branch_dop_operator_v3' retrieved from /home/airflow/.local/lib/python3.12/site-packages/airflow/example_dags/example_branch_python_dop_operator_3.py
[2025-04-11T20:15:38.107+0000] {logging_mixin.py:190} INFO - [2025-04-11T20:15:38.106+0000] {dag.py:3239} INFO - Sync 1 DAGs
[2025-04-11T20:15:38.637+0000] {logging_mixin.py:190} INFO - [2025-04-11T20:15:38.636+0000] {dag.py:4180} INFO - Setting next_dagrun for example_branch_dop_operator_v3 to 2025-04-11 20:14:00+00:00, run_after=2025-04-11 20:15:00+00:00
[2025-04-11T20:15:38.790+0000] {processor.py:208} INFO - Processing /home/airflow/.local/lib/python3.12/site-packages/airflow/example_dags/example_branch_python_dop_operator_3.py took 1.107 seconds
[2025-04-11T20:16:25.029+0000] {processor.py:186} INFO - Started process (PID=246) to work on /home/airflow/.local/lib/python3.12/site-packages/airflow/example_dags/example_branch_python_dop_operator_3.py
[2025-04-11T20:16:25.035+0000] {processor.py:914} INFO - Processing file /home/airflow/.local/lib/python3.12/site-packages/airflow/example_dags/example_branch_python_dop_operator_3.py for tasks to queue
[2025-04-11T20:16:25.052+0000] {logging_mixin.py:190} INFO - [2025-04-11T20:16:25.047+0000] {dagbag.py:588} INFO - Filling up the DagBag from /home/airflow/.local/lib/python3.12/site-packages/airflow/example_dags/example_branch_python_dop_operator_3.py
[2025-04-11T20:16:25.199+0000] {processor.py:925} INFO - DAG(s) 'example_branch_dop_operator_v3' retrieved from /home/airflow/.local/lib/python3.12/site-packages/airflow/example_dags/example_branch_python_dop_operator_3.py
[2025-04-11T20:16:25.291+0000] {logging_mixin.py:190} INFO - [2025-04-11T20:16:25.290+0000] {dag.py:3239} INFO - Sync 1 DAGs
[2025-04-11T20:16:25.478+0000] {logging_mixin.py:190} INFO - [2025-04-11T20:16:25.478+0000] {dag.py:4180} INFO - Setting next_dagrun for example_branch_dop_operator_v3 to 2025-04-11 20:15:00+00:00, run_after=2025-04-11 20:16:00+00:00
[2025-04-11T20:16:25.582+0000] {processor.py:208} INFO - Processing /home/airflow/.local/lib/python3.12/site-packages/airflow/example_dags/example_branch_python_dop_operator_3.py took 0.603 seconds
[2025-04-11T20:17:02.949+0000] {processor.py:186} INFO - Started process (PID=316) to work on /home/airflow/.local/lib/python3.12/site-packages/airflow/example_dags/example_branch_python_dop_operator_3.py
[2025-04-11T20:17:02.960+0000] {processor.py:914} INFO - Processing file /home/airflow/.local/lib/python3.12/site-packages/airflow/example_dags/example_branch_python_dop_operator_3.py for tasks to queue
[2025-04-11T20:17:02.976+0000] {logging_mixin.py:190} INFO - [2025-04-11T20:17:02.976+0000] {dagbag.py:588} INFO - Filling up the DagBag from /home/airflow/.local/lib/python3.12/site-packages/airflow/example_dags/example_branch_python_dop_operator_3.py
[2025-04-11T20:17:03.011+0000] {processor.py:925} INFO - DAG(s) 'example_branch_dop_operator_v3' retrieved from /home/airflow/.local/lib/python3.12/site-packages/airflow/example_dags/example_branch_python_dop_operator_3.py
[2025-04-11T20:17:03.210+0000] {logging_mixin.py:190} INFO - [2025-04-11T20:17:03.209+0000] {dag.py:3239} INFO - Sync 1 DAGs
[2025-04-11T20:17:05.322+0000] {logging_mixin.py:190} INFO - [2025-04-11T20:17:05.322+0000] {dag.py:4180} INFO - Setting next_dagrun for example_branch_dop_operator_v3 to 2025-04-11 20:16:00+00:00, run_after=2025-04-11 20:17:00+00:00
[2025-04-11T20:17:05.728+0000] {processor.py:208} INFO - Processing /home/airflow/.local/lib/python3.12/site-packages/airflow/example_dags/example_branch_python_dop_operator_3.py took 2.793 seconds
[2025-04-11T20:17:36.193+0000] {processor.py:186} INFO - Started process (PID=380) to work on /home/airflow/.local/lib/python3.12/site-packages/airflow/example_dags/example_branch_python_dop_operator_3.py
[2025-04-11T20:17:36.197+0000] {processor.py:914} INFO - Processing file /home/airflow/.local/lib/python3.12/site-packages/airflow/example_dags/example_branch_python_dop_operator_3.py for tasks to queue
[2025-04-11T20:17:36.223+0000] {logging_mixin.py:190} INFO - [2025-04-11T20:17:36.222+0000] {dagbag.py:588} INFO - Filling up the DagBag from /home/airflow/.local/lib/python3.12/site-packages/airflow/example_dags/example_branch_python_dop_operator_3.py
[2025-04-11T20:17:36.258+0000] {processor.py:925} INFO - DAG(s) 'example_branch_dop_operator_v3' retrieved from /home/airflow/.local/lib/python3.12/site-packages/airflow/example_dags/example_branch_python_dop_operator_3.py
[2025-04-11T20:17:36.426+0000] {logging_mixin.py:190} INFO - [2025-04-11T20:17:36.425+0000] {dag.py:3239} INFO - Sync 1 DAGs
[2025-04-11T20:17:36.789+0000] {logging_mixin.py:190} INFO - [2025-04-11T20:17:36.784+0000] {dag.py:4180} INFO - Setting next_dagrun for example_branch_dop_operator_v3 to 2025-04-11 20:16:00+00:00, run_after=2025-04-11 20:17:00+00:00
[2025-04-11T20:17:36.895+0000] {processor.py:208} INFO - Processing /home/airflow/.local/lib/python3.12/site-packages/airflow/example_dags/example_branch_python_dop_operator_3.py took 0.750 seconds
[2025-04-11T20:23:37.460+0000] {processor.py:186} INFO - Started process (PID=115) to work on /home/airflow/.local/lib/python3.12/site-packages/airflow/example_dags/example_branch_python_dop_operator_3.py
[2025-04-11T20:23:37.468+0000] {processor.py:914} INFO - Processing file /home/airflow/.local/lib/python3.12/site-packages/airflow/example_dags/example_branch_python_dop_operator_3.py for tasks to queue
[2025-04-11T20:23:37.507+0000] {logging_mixin.py:190} INFO - [2025-04-11T20:23:37.485+0000] {dagbag.py:588} INFO - Filling up the DagBag from /home/airflow/.local/lib/python3.12/site-packages/airflow/example_dags/example_branch_python_dop_operator_3.py
[2025-04-11T20:23:37.628+0000] {processor.py:925} INFO - DAG(s) 'example_branch_dop_operator_v3' retrieved from /home/airflow/.local/lib/python3.12/site-packages/airflow/example_dags/example_branch_python_dop_operator_3.py
[2025-04-11T20:23:38.389+0000] {logging_mixin.py:190} INFO - [2025-04-11T20:23:38.387+0000] {override.py:1912} INFO - Created Permission View: can read on DAG:example_branch_dop_operator_v3
[2025-04-11T20:23:38.509+0000] {logging_mixin.py:190} INFO - [2025-04-11T20:23:38.508+0000] {override.py:1912} INFO - Created Permission View: can edit on DAG:example_branch_dop_operator_v3
[2025-04-11T20:23:38.897+0000] {logging_mixin.py:190} INFO - [2025-04-11T20:23:38.885+0000] {override.py:1912} INFO - Created Permission View: can delete on DAG:example_branch_dop_operator_v3
[2025-04-11T20:23:39.016+0000] {logging_mixin.py:190} INFO - [2025-04-11T20:23:39.016+0000] {override.py:1912} INFO - Created Permission View: can create on DAG Run:example_branch_dop_operator_v3
[2025-04-11T20:23:39.175+0000] {logging_mixin.py:190} INFO - [2025-04-11T20:23:39.175+0000] {override.py:1912} INFO - Created Permission View: can read on DAG Run:example_branch_dop_operator_v3
[2025-04-11T20:23:39.289+0000] {logging_mixin.py:190} INFO - [2025-04-11T20:23:39.284+0000] {override.py:1912} INFO - Created Permission View: can delete on DAG Run:example_branch_dop_operator_v3
[2025-04-11T20:23:39.380+0000] {logging_mixin.py:190} INFO - [2025-04-11T20:23:39.373+0000] {override.py:1912} INFO - Created Permission View: menu access on DAG Run:example_branch_dop_operator_v3
[2025-04-11T20:23:39.390+0000] {logging_mixin.py:190} INFO - [2025-04-11T20:23:39.384+0000] {dag.py:3239} INFO - Sync 1 DAGs
[2025-04-11T20:23:39.660+0000] {logging_mixin.py:190} INFO - [2025-04-11T20:23:39.657+0000] {dag.py:3262} INFO - Creating ORM DAG for example_branch_dop_operator_v3
[2025-04-11T20:23:40.036+0000] {logging_mixin.py:190} INFO - [2025-04-11T20:23:40.031+0000] {dag.py:4180} INFO - Setting next_dagrun for example_branch_dop_operator_v3 to 2025-04-11 20:22:00+00:00, run_after=2025-04-11 20:23:00+00:00
[2025-04-11T20:23:40.222+0000] {processor.py:208} INFO - Processing /home/airflow/.local/lib/python3.12/site-packages/airflow/example_dags/example_branch_python_dop_operator_3.py took 2.797 seconds
[2025-04-11T20:24:57.601+0000] {processor.py:186} INFO - Started process (PID=185) to work on /home/airflow/.local/lib/python3.12/site-packages/airflow/example_dags/example_branch_python_dop_operator_3.py
[2025-04-11T20:24:57.611+0000] {processor.py:914} INFO - Processing file /home/airflow/.local/lib/python3.12/site-packages/airflow/example_dags/example_branch_python_dop_operator_3.py for tasks to queue
[2025-04-11T20:24:57.631+0000] {logging_mixin.py:190} INFO - [2025-04-11T20:24:57.630+0000] {dagbag.py:588} INFO - Filling up the DagBag from /home/airflow/.local/lib/python3.12/site-packages/airflow/example_dags/example_branch_python_dop_operator_3.py
[2025-04-11T20:24:57.724+0000] {processor.py:925} INFO - DAG(s) 'example_branch_dop_operator_v3' retrieved from /home/airflow/.local/lib/python3.12/site-packages/airflow/example_dags/example_branch_python_dop_operator_3.py
[2025-04-11T20:24:57.848+0000] {logging_mixin.py:190} INFO - [2025-04-11T20:24:57.847+0000] {dag.py:3239} INFO - Sync 1 DAGs
[2025-04-11T20:24:58.094+0000] {logging_mixin.py:190} INFO - [2025-04-11T20:24:58.094+0000] {dag.py:4180} INFO - Setting next_dagrun for example_branch_dop_operator_v3 to 2025-04-11 20:23:00+00:00, run_after=2025-04-11 20:24:00+00:00
[2025-04-11T20:24:58.222+0000] {processor.py:208} INFO - Processing /home/airflow/.local/lib/python3.12/site-packages/airflow/example_dags/example_branch_python_dop_operator_3.py took 0.642 seconds
[2025-04-11T20:25:31.816+0000] {processor.py:186} INFO - Started process (PID=249) to work on /home/airflow/.local/lib/python3.12/site-packages/airflow/example_dags/example_branch_python_dop_operator_3.py
[2025-04-11T20:25:31.822+0000] {processor.py:914} INFO - Processing file /home/airflow/.local/lib/python3.12/site-packages/airflow/example_dags/example_branch_python_dop_operator_3.py for tasks to queue
[2025-04-11T20:25:31.840+0000] {logging_mixin.py:190} INFO - [2025-04-11T20:25:31.836+0000] {dagbag.py:588} INFO - Filling up the DagBag from /home/airflow/.local/lib/python3.12/site-packages/airflow/example_dags/example_branch_python_dop_operator_3.py
[2025-04-11T20:25:31.908+0000] {processor.py:925} INFO - DAG(s) 'example_branch_dop_operator_v3' retrieved from /home/airflow/.local/lib/python3.12/site-packages/airflow/example_dags/example_branch_python_dop_operator_3.py
[2025-04-11T20:25:31.994+0000] {logging_mixin.py:190} INFO - [2025-04-11T20:25:31.993+0000] {dag.py:3239} INFO - Sync 1 DAGs
[2025-04-11T20:25:32.140+0000] {logging_mixin.py:190} INFO - [2025-04-11T20:25:32.139+0000] {dag.py:4180} INFO - Setting next_dagrun for example_branch_dop_operator_v3 to 2025-04-11 20:24:00+00:00, run_after=2025-04-11 20:25:00+00:00
[2025-04-11T20:25:32.186+0000] {processor.py:208} INFO - Processing /home/airflow/.local/lib/python3.12/site-packages/airflow/example_dags/example_branch_python_dop_operator_3.py took 0.386 seconds
[2025-04-11T20:28:33.837+0000] {processor.py:186} INFO - Started process (PID=92) to work on /home/airflow/.local/lib/python3.12/site-packages/airflow/example_dags/example_branch_python_dop_operator_3.py
[2025-04-11T20:28:33.850+0000] {processor.py:914} INFO - Processing file /home/airflow/.local/lib/python3.12/site-packages/airflow/example_dags/example_branch_python_dop_operator_3.py for tasks to queue
[2025-04-11T20:28:33.891+0000] {logging_mixin.py:190} INFO - [2025-04-11T20:28:33.879+0000] {dagbag.py:588} INFO - Filling up the DagBag from /home/airflow/.local/lib/python3.12/site-packages/airflow/example_dags/example_branch_python_dop_operator_3.py
[2025-04-11T20:28:33.977+0000] {processor.py:925} INFO - DAG(s) 'example_branch_dop_operator_v3' retrieved from /home/airflow/.local/lib/python3.12/site-packages/airflow/example_dags/example_branch_python_dop_operator_3.py
[2025-04-11T20:28:34.097+0000] {logging_mixin.py:190} INFO - [2025-04-11T20:28:34.097+0000] {dag.py:3239} INFO - Sync 1 DAGs
[2025-04-11T20:28:34.289+0000] {logging_mixin.py:190} INFO - [2025-04-11T20:28:34.288+0000] {dag.py:4180} INFO - Setting next_dagrun for example_branch_dop_operator_v3 to 2025-04-11 20:27:00+00:00, run_after=2025-04-11 20:28:00+00:00
[2025-04-11T20:28:34.372+0000] {processor.py:208} INFO - Processing /home/airflow/.local/lib/python3.12/site-packages/airflow/example_dags/example_branch_python_dop_operator_3.py took 0.603 seconds
[2025-04-11T20:29:07.058+0000] {processor.py:186} INFO - Started process (PID=155) to work on /home/airflow/.local/lib/python3.12/site-packages/airflow/example_dags/example_branch_python_dop_operator_3.py
[2025-04-11T20:29:07.064+0000] {processor.py:914} INFO - Processing file /home/airflow/.local/lib/python3.12/site-packages/airflow/example_dags/example_branch_python_dop_operator_3.py for tasks to queue
[2025-04-11T20:29:07.098+0000] {logging_mixin.py:190} INFO - [2025-04-11T20:29:07.086+0000] {dagbag.py:588} INFO - Filling up the DagBag from /home/airflow/.local/lib/python3.12/site-packages/airflow/example_dags/example_branch_python_dop_operator_3.py
[2025-04-11T20:29:07.135+0000] {processor.py:925} INFO - DAG(s) 'example_branch_dop_operator_v3' retrieved from /home/airflow/.local/lib/python3.12/site-packages/airflow/example_dags/example_branch_python_dop_operator_3.py
[2025-04-11T20:29:07.238+0000] {logging_mixin.py:190} INFO - [2025-04-11T20:29:07.237+0000] {dag.py:3239} INFO - Sync 1 DAGs
[2025-04-11T20:29:07.388+0000] {logging_mixin.py:190} INFO - [2025-04-11T20:29:07.387+0000] {dag.py:4180} INFO - Setting next_dagrun for example_branch_dop_operator_v3 to 2025-04-11 20:28:00+00:00, run_after=2025-04-11 20:29:00+00:00
[2025-04-11T20:29:07.491+0000] {processor.py:208} INFO - Processing /home/airflow/.local/lib/python3.12/site-packages/airflow/example_dags/example_branch_python_dop_operator_3.py took 0.498 seconds
[2025-04-11T20:29:38.147+0000] {processor.py:186} INFO - Started process (PID=218) to work on /home/airflow/.local/lib/python3.12/site-packages/airflow/example_dags/example_branch_python_dop_operator_3.py
[2025-04-11T20:29:38.150+0000] {processor.py:914} INFO - Processing file /home/airflow/.local/lib/python3.12/site-packages/airflow/example_dags/example_branch_python_dop_operator_3.py for tasks to queue
[2025-04-11T20:29:38.155+0000] {logging_mixin.py:190} INFO - [2025-04-11T20:29:38.154+0000] {dagbag.py:588} INFO - Filling up the DagBag from /home/airflow/.local/lib/python3.12/site-packages/airflow/example_dags/example_branch_python_dop_operator_3.py
[2025-04-11T20:29:38.177+0000] {processor.py:925} INFO - DAG(s) 'example_branch_dop_operator_v3' retrieved from /home/airflow/.local/lib/python3.12/site-packages/airflow/example_dags/example_branch_python_dop_operator_3.py
[2025-04-11T20:29:38.220+0000] {logging_mixin.py:190} INFO - [2025-04-11T20:29:38.219+0000] {dag.py:3239} INFO - Sync 1 DAGs
[2025-04-11T20:29:38.287+0000] {logging_mixin.py:190} INFO - [2025-04-11T20:29:38.286+0000] {dag.py:4180} INFO - Setting next_dagrun for example_branch_dop_operator_v3 to 2025-04-11 20:28:00+00:00, run_after=2025-04-11 20:29:00+00:00
[2025-04-11T20:29:38.333+0000] {processor.py:208} INFO - Processing /home/airflow/.local/lib/python3.12/site-packages/airflow/example_dags/example_branch_python_dop_operator_3.py took 0.199 seconds
[2025-04-11T20:30:42.335+0000] {processor.py:186} INFO - Started process (PID=280) to work on /home/airflow/.local/lib/python3.12/site-packages/airflow/example_dags/example_branch_python_dop_operator_3.py
[2025-04-11T20:30:42.344+0000] {processor.py:914} INFO - Processing file /home/airflow/.local/lib/python3.12/site-packages/airflow/example_dags/example_branch_python_dop_operator_3.py for tasks to queue
[2025-04-11T20:30:42.385+0000] {logging_mixin.py:190} INFO - [2025-04-11T20:30:42.366+0000] {dagbag.py:588} INFO - Filling up the DagBag from /home/airflow/.local/lib/python3.12/site-packages/airflow/example_dags/example_branch_python_dop_operator_3.py
[2025-04-11T20:30:43.012+0000] {processor.py:925} INFO - DAG(s) 'example_branch_dop_operator_v3' retrieved from /home/airflow/.local/lib/python3.12/site-packages/airflow/example_dags/example_branch_python_dop_operator_3.py
[2025-04-11T20:30:43.299+0000] {logging_mixin.py:190} INFO - [2025-04-11T20:30:43.296+0000] {dag.py:3239} INFO - Sync 1 DAGs
[2025-04-11T20:30:43.565+0000] {logging_mixin.py:190} INFO - [2025-04-11T20:30:43.564+0000] {dag.py:4180} INFO - Setting next_dagrun for example_branch_dop_operator_v3 to 2025-04-11 20:29:00+00:00, run_after=2025-04-11 20:30:00+00:00
[2025-04-11T20:30:43.757+0000] {processor.py:208} INFO - Processing /home/airflow/.local/lib/python3.12/site-packages/airflow/example_dags/example_branch_python_dop_operator_3.py took 1.502 seconds
[2025-04-11T20:31:23.047+0000] {processor.py:186} INFO - Started process (PID=344) to work on /home/airflow/.local/lib/python3.12/site-packages/airflow/example_dags/example_branch_python_dop_operator_3.py
[2025-04-11T20:31:23.052+0000] {processor.py:914} INFO - Processing file /home/airflow/.local/lib/python3.12/site-packages/airflow/example_dags/example_branch_python_dop_operator_3.py for tasks to queue
[2025-04-11T20:31:23.057+0000] {logging_mixin.py:190} INFO - [2025-04-11T20:31:23.057+0000] {dagbag.py:588} INFO - Filling up the DagBag from /home/airflow/.local/lib/python3.12/site-packages/airflow/example_dags/example_branch_python_dop_operator_3.py
[2025-04-11T20:31:23.089+0000] {processor.py:925} INFO - DAG(s) 'example_branch_dop_operator_v3' retrieved from /home/airflow/.local/lib/python3.12/site-packages/airflow/example_dags/example_branch_python_dop_operator_3.py
[2025-04-11T20:31:23.179+0000] {logging_mixin.py:190} INFO - [2025-04-11T20:31:23.178+0000] {dag.py:3239} INFO - Sync 1 DAGs
[2025-04-11T20:31:23.310+0000] {logging_mixin.py:190} INFO - [2025-04-11T20:31:23.310+0000] {dag.py:4180} INFO - Setting next_dagrun for example_branch_dop_operator_v3 to 2025-04-11 20:30:00+00:00, run_after=2025-04-11 20:31:00+00:00
[2025-04-11T20:31:23.391+0000] {processor.py:208} INFO - Processing /home/airflow/.local/lib/python3.12/site-packages/airflow/example_dags/example_branch_python_dop_operator_3.py took 0.369 seconds
[2025-04-11T20:31:54.247+0000] {processor.py:186} INFO - Started process (PID=408) to work on /home/airflow/.local/lib/python3.12/site-packages/airflow/example_dags/example_branch_python_dop_operator_3.py
[2025-04-11T20:31:54.250+0000] {processor.py:914} INFO - Processing file /home/airflow/.local/lib/python3.12/site-packages/airflow/example_dags/example_branch_python_dop_operator_3.py for tasks to queue
[2025-04-11T20:31:54.256+0000] {logging_mixin.py:190} INFO - [2025-04-11T20:31:54.256+0000] {dagbag.py:588} INFO - Filling up the DagBag from /home/airflow/.local/lib/python3.12/site-packages/airflow/example_dags/example_branch_python_dop_operator_3.py
[2025-04-11T20:31:54.301+0000] {processor.py:925} INFO - DAG(s) 'example_branch_dop_operator_v3' retrieved from /home/airflow/.local/lib/python3.12/site-packages/airflow/example_dags/example_branch_python_dop_operator_3.py
[2025-04-11T20:31:54.399+0000] {logging_mixin.py:190} INFO - [2025-04-11T20:31:54.398+0000] {dag.py:3239} INFO - Sync 1 DAGs
[2025-04-11T20:31:54.471+0000] {logging_mixin.py:190} INFO - [2025-04-11T20:31:54.470+0000] {dag.py:4180} INFO - Setting next_dagrun for example_branch_dop_operator_v3 to 2025-04-11 20:30:00+00:00, run_after=2025-04-11 20:31:00+00:00
[2025-04-11T20:31:54.529+0000] {processor.py:208} INFO - Processing /home/airflow/.local/lib/python3.12/site-packages/airflow/example_dags/example_branch_python_dop_operator_3.py took 0.296 seconds
[2025-04-11T20:32:40.051+0000] {processor.py:186} INFO - Started process (PID=481) to work on /home/airflow/.local/lib/python3.12/site-packages/airflow/example_dags/example_branch_python_dop_operator_3.py
[2025-04-11T20:32:40.056+0000] {processor.py:914} INFO - Processing file /home/airflow/.local/lib/python3.12/site-packages/airflow/example_dags/example_branch_python_dop_operator_3.py for tasks to queue
[2025-04-11T20:32:40.065+0000] {logging_mixin.py:190} INFO - [2025-04-11T20:32:40.063+0000] {dagbag.py:588} INFO - Filling up the DagBag from /home/airflow/.local/lib/python3.12/site-packages/airflow/example_dags/example_branch_python_dop_operator_3.py
[2025-04-11T20:32:40.108+0000] {processor.py:925} INFO - DAG(s) 'example_branch_dop_operator_v3' retrieved from /home/airflow/.local/lib/python3.12/site-packages/airflow/example_dags/example_branch_python_dop_operator_3.py
[2025-04-11T20:32:40.264+0000] {logging_mixin.py:190} INFO - [2025-04-11T20:32:40.264+0000] {dag.py:3239} INFO - Sync 1 DAGs
[2025-04-11T20:32:40.463+0000] {logging_mixin.py:190} INFO - [2025-04-11T20:32:40.463+0000] {dag.py:4180} INFO - Setting next_dagrun for example_branch_dop_operator_v3 to 2025-04-11 20:31:00+00:00, run_after=2025-04-11 20:32:00+00:00
[2025-04-11T20:32:40.589+0000] {processor.py:208} INFO - Processing /home/airflow/.local/lib/python3.12/site-packages/airflow/example_dags/example_branch_python_dop_operator_3.py took 0.560 seconds
[2025-04-11T20:35:52.035+0000] {processor.py:186} INFO - Started process (PID=95) to work on /home/airflow/.local/lib/python3.12/site-packages/airflow/example_dags/example_branch_python_dop_operator_3.py
[2025-04-11T20:35:52.072+0000] {processor.py:914} INFO - Processing file /home/airflow/.local/lib/python3.12/site-packages/airflow/example_dags/example_branch_python_dop_operator_3.py for tasks to queue
[2025-04-11T20:35:52.081+0000] {logging_mixin.py:190} INFO - [2025-04-11T20:35:52.080+0000] {dagbag.py:588} INFO - Filling up the DagBag from /home/airflow/.local/lib/python3.12/site-packages/airflow/example_dags/example_branch_python_dop_operator_3.py
[2025-04-11T20:35:52.176+0000] {processor.py:925} INFO - DAG(s) 'example_branch_dop_operator_v3' retrieved from /home/airflow/.local/lib/python3.12/site-packages/airflow/example_dags/example_branch_python_dop_operator_3.py
[2025-04-11T20:35:52.288+0000] {logging_mixin.py:190} INFO - [2025-04-11T20:35:52.288+0000] {dag.py:3239} INFO - Sync 1 DAGs
[2025-04-11T20:35:52.459+0000] {logging_mixin.py:190} INFO - [2025-04-11T20:35:52.453+0000] {dag.py:4180} INFO - Setting next_dagrun for example_branch_dop_operator_v3 to 2025-04-11 20:34:00+00:00, run_after=2025-04-11 20:35:00+00:00
[2025-04-11T20:35:52.523+0000] {processor.py:208} INFO - Processing /home/airflow/.local/lib/python3.12/site-packages/airflow/example_dags/example_branch_python_dop_operator_3.py took 0.533 seconds
[2025-04-11T20:36:25.770+0000] {processor.py:186} INFO - Started process (PID=159) to work on /home/airflow/.local/lib/python3.12/site-packages/airflow/example_dags/example_branch_python_dop_operator_3.py
[2025-04-11T20:36:25.773+0000] {processor.py:914} INFO - Processing file /home/airflow/.local/lib/python3.12/site-packages/airflow/example_dags/example_branch_python_dop_operator_3.py for tasks to queue
[2025-04-11T20:36:25.778+0000] {logging_mixin.py:190} INFO - [2025-04-11T20:36:25.777+0000] {dagbag.py:588} INFO - Filling up the DagBag from /home/airflow/.local/lib/python3.12/site-packages/airflow/example_dags/example_branch_python_dop_operator_3.py
[2025-04-11T20:36:25.834+0000] {processor.py:925} INFO - DAG(s) 'example_branch_dop_operator_v3' retrieved from /home/airflow/.local/lib/python3.12/site-packages/airflow/example_dags/example_branch_python_dop_operator_3.py
[2025-04-11T20:36:25.929+0000] {logging_mixin.py:190} INFO - [2025-04-11T20:36:25.929+0000] {dag.py:3239} INFO - Sync 1 DAGs
[2025-04-11T20:36:26.132+0000] {logging_mixin.py:190} INFO - [2025-04-11T20:36:26.132+0000] {dag.py:4180} INFO - Setting next_dagrun for example_branch_dop_operator_v3 to 2025-04-11 20:35:00+00:00, run_after=2025-04-11 20:36:00+00:00
[2025-04-11T20:36:26.234+0000] {processor.py:208} INFO - Processing /home/airflow/.local/lib/python3.12/site-packages/airflow/example_dags/example_branch_python_dop_operator_3.py took 0.482 seconds
[2025-04-11T20:36:59.186+0000] {processor.py:186} INFO - Started process (PID=223) to work on /home/airflow/.local/lib/python3.12/site-packages/airflow/example_dags/example_branch_python_dop_operator_3.py
[2025-04-11T20:36:59.193+0000] {processor.py:914} INFO - Processing file /home/airflow/.local/lib/python3.12/site-packages/airflow/example_dags/example_branch_python_dop_operator_3.py for tasks to queue
[2025-04-11T20:36:59.199+0000] {logging_mixin.py:190} INFO - [2025-04-11T20:36:59.198+0000] {dagbag.py:588} INFO - Filling up the DagBag from /home/airflow/.local/lib/python3.12/site-packages/airflow/example_dags/example_branch_python_dop_operator_3.py
[2025-04-11T20:36:59.227+0000] {processor.py:925} INFO - DAG(s) 'example_branch_dop_operator_v3' retrieved from /home/airflow/.local/lib/python3.12/site-packages/airflow/example_dags/example_branch_python_dop_operator_3.py
[2025-04-11T20:36:59.275+0000] {logging_mixin.py:190} INFO - [2025-04-11T20:36:59.275+0000] {dag.py:3239} INFO - Sync 1 DAGs
[2025-04-11T20:36:59.387+0000] {logging_mixin.py:190} INFO - [2025-04-11T20:36:59.387+0000] {dag.py:4180} INFO - Setting next_dagrun for example_branch_dop_operator_v3 to 2025-04-11 20:35:00+00:00, run_after=2025-04-11 20:36:00+00:00
[2025-04-11T20:36:59.460+0000] {processor.py:208} INFO - Processing /home/airflow/.local/lib/python3.12/site-packages/airflow/example_dags/example_branch_python_dop_operator_3.py took 0.293 seconds
[2025-04-11T20:37:48.098+0000] {processor.py:186} INFO - Started process (PID=292) to work on /home/airflow/.local/lib/python3.12/site-packages/airflow/example_dags/example_branch_python_dop_operator_3.py
[2025-04-11T20:37:48.100+0000] {processor.py:914} INFO - Processing file /home/airflow/.local/lib/python3.12/site-packages/airflow/example_dags/example_branch_python_dop_operator_3.py for tasks to queue
[2025-04-11T20:37:48.167+0000] {logging_mixin.py:190} INFO - [2025-04-11T20:37:48.164+0000] {dagbag.py:588} INFO - Filling up the DagBag from /home/airflow/.local/lib/python3.12/site-packages/airflow/example_dags/example_branch_python_dop_operator_3.py
[2025-04-11T20:37:48.413+0000] {processor.py:925} INFO - DAG(s) 'example_branch_dop_operator_v3' retrieved from /home/airflow/.local/lib/python3.12/site-packages/airflow/example_dags/example_branch_python_dop_operator_3.py
[2025-04-11T20:37:48.708+0000] {logging_mixin.py:190} INFO - [2025-04-11T20:37:48.708+0000] {dag.py:3239} INFO - Sync 1 DAGs
[2025-04-11T20:37:49.343+0000] {logging_mixin.py:190} INFO - [2025-04-11T20:37:49.343+0000] {dag.py:4180} INFO - Setting next_dagrun for example_branch_dop_operator_v3 to 2025-04-11 20:36:00+00:00, run_after=2025-04-11 20:37:00+00:00
[2025-04-11T20:37:49.805+0000] {processor.py:208} INFO - Processing /home/airflow/.local/lib/python3.12/site-packages/airflow/example_dags/example_branch_python_dop_operator_3.py took 1.772 seconds
[2025-04-11T20:38:39.935+0000] {processor.py:186} INFO - Started process (PID=370) to work on /home/airflow/.local/lib/python3.12/site-packages/airflow/example_dags/example_branch_python_dop_operator_3.py
[2025-04-11T20:38:39.940+0000] {processor.py:914} INFO - Processing file /home/airflow/.local/lib/python3.12/site-packages/airflow/example_dags/example_branch_python_dop_operator_3.py for tasks to queue
[2025-04-11T20:38:39.984+0000] {logging_mixin.py:190} INFO - [2025-04-11T20:38:39.983+0000] {dagbag.py:588} INFO - Filling up the DagBag from /home/airflow/.local/lib/python3.12/site-packages/airflow/example_dags/example_branch_python_dop_operator_3.py
[2025-04-11T20:38:40.065+0000] {processor.py:925} INFO - DAG(s) 'example_branch_dop_operator_v3' retrieved from /home/airflow/.local/lib/python3.12/site-packages/airflow/example_dags/example_branch_python_dop_operator_3.py
[2025-04-11T20:38:40.152+0000] {logging_mixin.py:190} INFO - [2025-04-11T20:38:40.151+0000] {dag.py:3239} INFO - Sync 1 DAGs
[2025-04-11T20:38:40.369+0000] {logging_mixin.py:190} INFO - [2025-04-11T20:38:40.368+0000] {dag.py:4180} INFO - Setting next_dagrun for example_branch_dop_operator_v3 to 2025-04-11 20:37:00+00:00, run_after=2025-04-11 20:38:00+00:00
[2025-04-11T20:38:40.503+0000] {processor.py:208} INFO - Processing /home/airflow/.local/lib/python3.12/site-packages/airflow/example_dags/example_branch_python_dop_operator_3.py took 0.632 seconds
[2025-04-11T20:39:59.085+0000] {processor.py:186} INFO - Started process (PID=445) to work on /home/airflow/.local/lib/python3.12/site-packages/airflow/example_dags/example_branch_python_dop_operator_3.py
[2025-04-11T20:39:59.100+0000] {processor.py:914} INFO - Processing file /home/airflow/.local/lib/python3.12/site-packages/airflow/example_dags/example_branch_python_dop_operator_3.py for tasks to queue
[2025-04-11T20:39:59.113+0000] {logging_mixin.py:190} INFO - [2025-04-11T20:39:59.112+0000] {dagbag.py:588} INFO - Filling up the DagBag from /home/airflow/.local/lib/python3.12/site-packages/airflow/example_dags/example_branch_python_dop_operator_3.py
[2025-04-11T20:39:59.142+0000] {processor.py:925} INFO - DAG(s) 'example_branch_dop_operator_v3' retrieved from /home/airflow/.local/lib/python3.12/site-packages/airflow/example_dags/example_branch_python_dop_operator_3.py
[2025-04-11T20:39:59.193+0000] {logging_mixin.py:190} INFO - [2025-04-11T20:39:59.193+0000] {dag.py:3239} INFO - Sync 1 DAGs
[2025-04-11T20:39:59.279+0000] {logging_mixin.py:190} INFO - [2025-04-11T20:39:59.278+0000] {dag.py:4180} INFO - Setting next_dagrun for example_branch_dop_operator_v3 to 2025-04-11 20:38:00+00:00, run_after=2025-04-11 20:39:00+00:00
[2025-04-11T20:39:59.499+0000] {processor.py:208} INFO - Processing /home/airflow/.local/lib/python3.12/site-packages/airflow/example_dags/example_branch_python_dop_operator_3.py took 0.444 seconds
[2025-04-11T20:40:37.571+0000] {processor.py:186} INFO - Started process (PID=508) to work on /home/airflow/.local/lib/python3.12/site-packages/airflow/example_dags/example_branch_python_dop_operator_3.py
[2025-04-11T20:40:37.577+0000] {processor.py:914} INFO - Processing file /home/airflow/.local/lib/python3.12/site-packages/airflow/example_dags/example_branch_python_dop_operator_3.py for tasks to queue
[2025-04-11T20:40:37.590+0000] {logging_mixin.py:190} INFO - [2025-04-11T20:40:37.589+0000] {dagbag.py:588} INFO - Filling up the DagBag from /home/airflow/.local/lib/python3.12/site-packages/airflow/example_dags/example_branch_python_dop_operator_3.py
[2025-04-11T20:40:37.638+0000] {processor.py:925} INFO - DAG(s) 'example_branch_dop_operator_v3' retrieved from /home/airflow/.local/lib/python3.12/site-packages/airflow/example_dags/example_branch_python_dop_operator_3.py
[2025-04-11T20:40:37.768+0000] {logging_mixin.py:190} INFO - [2025-04-11T20:40:37.768+0000] {dag.py:3239} INFO - Sync 1 DAGs
[2025-04-11T20:40:37.890+0000] {logging_mixin.py:190} INFO - [2025-04-11T20:40:37.889+0000] {dag.py:4180} INFO - Setting next_dagrun for example_branch_dop_operator_v3 to 2025-04-11 20:39:00+00:00, run_after=2025-04-11 20:40:00+00:00
[2025-04-11T20:40:38.082+0000] {processor.py:208} INFO - Processing /home/airflow/.local/lib/python3.12/site-packages/airflow/example_dags/example_branch_python_dop_operator_3.py took 0.535 seconds
[2025-04-11T20:41:14.273+0000] {processor.py:186} INFO - Started process (PID=578) to work on /home/airflow/.local/lib/python3.12/site-packages/airflow/example_dags/example_branch_python_dop_operator_3.py
[2025-04-11T20:41:14.293+0000] {processor.py:914} INFO - Processing file /home/airflow/.local/lib/python3.12/site-packages/airflow/example_dags/example_branch_python_dop_operator_3.py for tasks to queue
[2025-04-11T20:41:14.312+0000] {logging_mixin.py:190} INFO - [2025-04-11T20:41:14.311+0000] {dagbag.py:588} INFO - Filling up the DagBag from /home/airflow/.local/lib/python3.12/site-packages/airflow/example_dags/example_branch_python_dop_operator_3.py
[2025-04-11T20:41:14.397+0000] {processor.py:925} INFO - DAG(s) 'example_branch_dop_operator_v3' retrieved from /home/airflow/.local/lib/python3.12/site-packages/airflow/example_dags/example_branch_python_dop_operator_3.py
[2025-04-11T20:41:14.520+0000] {logging_mixin.py:190} INFO - [2025-04-11T20:41:14.518+0000] {dag.py:3239} INFO - Sync 1 DAGs
[2025-04-11T20:41:14.684+0000] {logging_mixin.py:190} INFO - [2025-04-11T20:41:14.683+0000] {dag.py:4180} INFO - Setting next_dagrun for example_branch_dop_operator_v3 to 2025-04-11 20:40:00+00:00, run_after=2025-04-11 20:41:00+00:00
[2025-04-11T20:41:14.794+0000] {processor.py:208} INFO - Processing /home/airflow/.local/lib/python3.12/site-packages/airflow/example_dags/example_branch_python_dop_operator_3.py took 0.548 seconds
[2025-04-11T20:41:49.756+0000] {processor.py:186} INFO - Started process (PID=642) to work on /home/airflow/.local/lib/python3.12/site-packages/airflow/example_dags/example_branch_python_dop_operator_3.py
[2025-04-11T20:41:49.854+0000] {processor.py:914} INFO - Processing file /home/airflow/.local/lib/python3.12/site-packages/airflow/example_dags/example_branch_python_dop_operator_3.py for tasks to queue
[2025-04-11T20:41:49.999+0000] {logging_mixin.py:190} INFO - [2025-04-11T20:41:49.998+0000] {dagbag.py:588} INFO - Filling up the DagBag from /home/airflow/.local/lib/python3.12/site-packages/airflow/example_dags/example_branch_python_dop_operator_3.py
[2025-04-11T20:41:50.467+0000] {processor.py:925} INFO - DAG(s) 'example_branch_dop_operator_v3' retrieved from /home/airflow/.local/lib/python3.12/site-packages/airflow/example_dags/example_branch_python_dop_operator_3.py
[2025-04-11T20:41:50.887+0000] {logging_mixin.py:190} INFO - [2025-04-11T20:41:50.873+0000] {dag.py:3239} INFO - Sync 1 DAGs
[2025-04-11T20:41:51.770+0000] {logging_mixin.py:190} INFO - [2025-04-11T20:41:51.769+0000] {dag.py:4180} INFO - Setting next_dagrun for example_branch_dop_operator_v3 to 2025-04-11 20:40:00+00:00, run_after=2025-04-11 20:41:00+00:00
[2025-04-11T20:41:52.196+0000] {processor.py:208} INFO - Processing /home/airflow/.local/lib/python3.12/site-packages/airflow/example_dags/example_branch_python_dop_operator_3.py took 2.505 seconds
[2025-04-11T20:43:54.799+0000] {processor.py:186} INFO - Started process (PID=737) to work on /home/airflow/.local/lib/python3.12/site-packages/airflow/example_dags/example_branch_python_dop_operator_3.py
[2025-04-11T20:43:54.803+0000] {processor.py:914} INFO - Processing file /home/airflow/.local/lib/python3.12/site-packages/airflow/example_dags/example_branch_python_dop_operator_3.py for tasks to queue
[2025-04-11T20:43:54.836+0000] {logging_mixin.py:190} INFO - [2025-04-11T20:43:54.821+0000] {dagbag.py:588} INFO - Filling up the DagBag from /home/airflow/.local/lib/python3.12/site-packages/airflow/example_dags/example_branch_python_dop_operator_3.py
[2025-04-11T20:43:54.920+0000] {processor.py:925} INFO - DAG(s) 'example_branch_dop_operator_v3' retrieved from /home/airflow/.local/lib/python3.12/site-packages/airflow/example_dags/example_branch_python_dop_operator_3.py
[2025-04-11T20:43:55.216+0000] {logging_mixin.py:190} INFO - [2025-04-11T20:43:55.190+0000] {dag.py:3239} INFO - Sync 1 DAGs
[2025-04-11T20:43:55.423+0000] {logging_mixin.py:190} INFO - [2025-04-11T20:43:55.423+0000] {dag.py:4180} INFO - Setting next_dagrun for example_branch_dop_operator_v3 to 2025-04-11 20:42:00+00:00, run_after=2025-04-11 20:43:00+00:00
[2025-04-11T20:43:55.562+0000] {processor.py:208} INFO - Processing /home/airflow/.local/lib/python3.12/site-packages/airflow/example_dags/example_branch_python_dop_operator_3.py took 0.799 seconds
[2025-04-11T20:44:36.650+0000] {processor.py:186} INFO - Started process (PID=800) to work on /home/airflow/.local/lib/python3.12/site-packages/airflow/example_dags/example_branch_python_dop_operator_3.py
[2025-04-11T20:44:36.673+0000] {processor.py:914} INFO - Processing file /home/airflow/.local/lib/python3.12/site-packages/airflow/example_dags/example_branch_python_dop_operator_3.py for tasks to queue
[2025-04-11T20:44:36.689+0000] {logging_mixin.py:190} INFO - [2025-04-11T20:44:36.686+0000] {dagbag.py:588} INFO - Filling up the DagBag from /home/airflow/.local/lib/python3.12/site-packages/airflow/example_dags/example_branch_python_dop_operator_3.py
[2025-04-11T20:44:36.759+0000] {processor.py:925} INFO - DAG(s) 'example_branch_dop_operator_v3' retrieved from /home/airflow/.local/lib/python3.12/site-packages/airflow/example_dags/example_branch_python_dop_operator_3.py
[2025-04-11T20:44:36.928+0000] {logging_mixin.py:190} INFO - [2025-04-11T20:44:36.927+0000] {dag.py:3239} INFO - Sync 1 DAGs
[2025-04-11T20:44:37.118+0000] {logging_mixin.py:190} INFO - [2025-04-11T20:44:37.117+0000] {dag.py:4180} INFO - Setting next_dagrun for example_branch_dop_operator_v3 to 2025-04-11 20:43:00+00:00, run_after=2025-04-11 20:44:00+00:00
[2025-04-11T20:44:37.250+0000] {processor.py:208} INFO - Processing /home/airflow/.local/lib/python3.12/site-packages/airflow/example_dags/example_branch_python_dop_operator_3.py took 0.636 seconds
[2025-04-11T20:45:08.130+0000] {processor.py:186} INFO - Started process (PID=864) to work on /home/airflow/.local/lib/python3.12/site-packages/airflow/example_dags/example_branch_python_dop_operator_3.py
[2025-04-11T20:45:08.137+0000] {processor.py:914} INFO - Processing file /home/airflow/.local/lib/python3.12/site-packages/airflow/example_dags/example_branch_python_dop_operator_3.py for tasks to queue
[2025-04-11T20:45:08.149+0000] {logging_mixin.py:190} INFO - [2025-04-11T20:45:08.147+0000] {dagbag.py:588} INFO - Filling up the DagBag from /home/airflow/.local/lib/python3.12/site-packages/airflow/example_dags/example_branch_python_dop_operator_3.py
[2025-04-11T20:45:08.209+0000] {processor.py:925} INFO - DAG(s) 'example_branch_dop_operator_v3' retrieved from /home/airflow/.local/lib/python3.12/site-packages/airflow/example_dags/example_branch_python_dop_operator_3.py
[2025-04-11T20:45:08.428+0000] {logging_mixin.py:190} INFO - [2025-04-11T20:45:08.428+0000] {dag.py:3239} INFO - Sync 1 DAGs
[2025-04-11T20:45:08.612+0000] {logging_mixin.py:190} INFO - [2025-04-11T20:45:08.612+0000] {dag.py:4180} INFO - Setting next_dagrun for example_branch_dop_operator_v3 to 2025-04-11 20:44:00+00:00, run_after=2025-04-11 20:45:00+00:00
[2025-04-11T20:45:08.672+0000] {processor.py:208} INFO - Processing /home/airflow/.local/lib/python3.12/site-packages/airflow/example_dags/example_branch_python_dop_operator_3.py took 0.592 seconds
[2025-04-11T20:45:39.645+0000] {processor.py:186} INFO - Started process (PID=927) to work on /home/airflow/.local/lib/python3.12/site-packages/airflow/example_dags/example_branch_python_dop_operator_3.py
[2025-04-11T20:45:39.657+0000] {processor.py:914} INFO - Processing file /home/airflow/.local/lib/python3.12/site-packages/airflow/example_dags/example_branch_python_dop_operator_3.py for tasks to queue
[2025-04-11T20:45:39.668+0000] {logging_mixin.py:190} INFO - [2025-04-11T20:45:39.667+0000] {dagbag.py:588} INFO - Filling up the DagBag from /home/airflow/.local/lib/python3.12/site-packages/airflow/example_dags/example_branch_python_dop_operator_3.py
[2025-04-11T20:45:39.717+0000] {processor.py:925} INFO - DAG(s) 'example_branch_dop_operator_v3' retrieved from /home/airflow/.local/lib/python3.12/site-packages/airflow/example_dags/example_branch_python_dop_operator_3.py
[2025-04-11T20:45:39.780+0000] {logging_mixin.py:190} INFO - [2025-04-11T20:45:39.779+0000] {dag.py:3239} INFO - Sync 1 DAGs
[2025-04-11T20:45:39.867+0000] {logging_mixin.py:190} INFO - [2025-04-11T20:45:39.867+0000] {dag.py:4180} INFO - Setting next_dagrun for example_branch_dop_operator_v3 to 2025-04-11 20:44:00+00:00, run_after=2025-04-11 20:45:00+00:00
[2025-04-11T20:45:39.938+0000] {processor.py:208} INFO - Processing /home/airflow/.local/lib/python3.12/site-packages/airflow/example_dags/example_branch_python_dop_operator_3.py took 0.310 seconds
[2025-04-11T20:46:54.686+0000] {processor.py:186} INFO - Started process (PID=984) to work on /home/airflow/.local/lib/python3.12/site-packages/airflow/example_dags/example_branch_python_dop_operator_3.py
[2025-04-11T20:46:54.770+0000] {processor.py:914} INFO - Processing file /home/airflow/.local/lib/python3.12/site-packages/airflow/example_dags/example_branch_python_dop_operator_3.py for tasks to queue
[2025-04-11T20:46:54.853+0000] {logging_mixin.py:190} INFO - [2025-04-11T20:46:54.849+0000] {dagbag.py:588} INFO - Filling up the DagBag from /home/airflow/.local/lib/python3.12/site-packages/airflow/example_dags/example_branch_python_dop_operator_3.py
[2025-04-11T20:46:55.073+0000] {processor.py:925} INFO - DAG(s) 'example_branch_dop_operator_v3' retrieved from /home/airflow/.local/lib/python3.12/site-packages/airflow/example_dags/example_branch_python_dop_operator_3.py
[2025-04-11T20:46:55.348+0000] {logging_mixin.py:190} INFO - [2025-04-11T20:46:55.347+0000] {dag.py:3239} INFO - Sync 1 DAGs
[2025-04-11T20:46:55.803+0000] {logging_mixin.py:190} INFO - [2025-04-11T20:46:55.802+0000] {dag.py:4180} INFO - Setting next_dagrun for example_branch_dop_operator_v3 to 2025-04-11 20:45:00+00:00, run_after=2025-04-11 20:46:00+00:00
[2025-04-11T20:46:56.130+0000] {processor.py:208} INFO - Processing /home/airflow/.local/lib/python3.12/site-packages/airflow/example_dags/example_branch_python_dop_operator_3.py took 1.596 seconds
[2025-04-11T20:48:01.120+0000] {processor.py:186} INFO - Started process (PID=1044) to work on /home/airflow/.local/lib/python3.12/site-packages/airflow/example_dags/example_branch_python_dop_operator_3.py
[2025-04-11T20:48:01.153+0000] {processor.py:914} INFO - Processing file /home/airflow/.local/lib/python3.12/site-packages/airflow/example_dags/example_branch_python_dop_operator_3.py for tasks to queue
[2025-04-11T20:48:01.613+0000] {logging_mixin.py:190} INFO - [2025-04-11T20:48:01.612+0000] {dagbag.py:588} INFO - Filling up the DagBag from /home/airflow/.local/lib/python3.12/site-packages/airflow/example_dags/example_branch_python_dop_operator_3.py
[2025-04-11T20:48:02.154+0000] {processor.py:925} INFO - DAG(s) 'example_branch_dop_operator_v3' retrieved from /home/airflow/.local/lib/python3.12/site-packages/airflow/example_dags/example_branch_python_dop_operator_3.py
[2025-04-11T20:48:02.761+0000] {logging_mixin.py:190} INFO - [2025-04-11T20:48:02.760+0000] {dag.py:3239} INFO - Sync 1 DAGs
[2025-04-11T20:48:03.895+0000] {logging_mixin.py:190} INFO - [2025-04-11T20:48:03.895+0000] {dag.py:4180} INFO - Setting next_dagrun for example_branch_dop_operator_v3 to 2025-04-11 20:47:00+00:00, run_after=2025-04-11 20:48:00+00:00
[2025-04-11T20:48:04.851+0000] {processor.py:208} INFO - Processing /home/airflow/.local/lib/python3.12/site-packages/airflow/example_dags/example_branch_python_dop_operator_3.py took 3.974 seconds
[2025-04-11T20:49:43.181+0000] {processor.py:186} INFO - Started process (PID=1093) to work on /home/airflow/.local/lib/python3.12/site-packages/airflow/example_dags/example_branch_python_dop_operator_3.py
[2025-04-11T20:49:43.196+0000] {processor.py:914} INFO - Processing file /home/airflow/.local/lib/python3.12/site-packages/airflow/example_dags/example_branch_python_dop_operator_3.py for tasks to queue
[2025-04-11T20:49:43.219+0000] {logging_mixin.py:190} INFO - [2025-04-11T20:49:43.218+0000] {dagbag.py:588} INFO - Filling up the DagBag from /home/airflow/.local/lib/python3.12/site-packages/airflow/example_dags/example_branch_python_dop_operator_3.py
[2025-04-11T20:49:43.305+0000] {processor.py:925} INFO - DAG(s) 'example_branch_dop_operator_v3' retrieved from /home/airflow/.local/lib/python3.12/site-packages/airflow/example_dags/example_branch_python_dop_operator_3.py
[2025-04-11T20:49:43.425+0000] {logging_mixin.py:190} INFO - [2025-04-11T20:49:43.425+0000] {dag.py:3239} INFO - Sync 1 DAGs
[2025-04-11T20:49:43.751+0000] {logging_mixin.py:190} INFO - [2025-04-11T20:49:43.749+0000] {dag.py:4180} INFO - Setting next_dagrun for example_branch_dop_operator_v3 to 2025-04-11 20:48:00+00:00, run_after=2025-04-11 20:49:00+00:00
[2025-04-11T20:49:43.914+0000] {processor.py:208} INFO - Processing /home/airflow/.local/lib/python3.12/site-packages/airflow/example_dags/example_branch_python_dop_operator_3.py took 0.762 seconds
[2025-04-11T20:50:22.694+0000] {processor.py:186} INFO - Started process (PID=1157) to work on /home/airflow/.local/lib/python3.12/site-packages/airflow/example_dags/example_branch_python_dop_operator_3.py
[2025-04-11T20:50:22.708+0000] {processor.py:914} INFO - Processing file /home/airflow/.local/lib/python3.12/site-packages/airflow/example_dags/example_branch_python_dop_operator_3.py for tasks to queue
[2025-04-11T20:50:22.713+0000] {logging_mixin.py:190} INFO - [2025-04-11T20:50:22.713+0000] {dagbag.py:588} INFO - Filling up the DagBag from /home/airflow/.local/lib/python3.12/site-packages/airflow/example_dags/example_branch_python_dop_operator_3.py
[2025-04-11T20:50:22.744+0000] {processor.py:925} INFO - DAG(s) 'example_branch_dop_operator_v3' retrieved from /home/airflow/.local/lib/python3.12/site-packages/airflow/example_dags/example_branch_python_dop_operator_3.py
[2025-04-11T20:50:22.887+0000] {logging_mixin.py:190} INFO - [2025-04-11T20:50:22.887+0000] {dag.py:3239} INFO - Sync 1 DAGs
[2025-04-11T20:50:23.152+0000] {logging_mixin.py:190} INFO - [2025-04-11T20:50:23.151+0000] {dag.py:4180} INFO - Setting next_dagrun for example_branch_dop_operator_v3 to 2025-04-11 20:49:00+00:00, run_after=2025-04-11 20:50:00+00:00
[2025-04-11T20:50:23.283+0000] {processor.py:208} INFO - Processing /home/airflow/.local/lib/python3.12/site-packages/airflow/example_dags/example_branch_python_dop_operator_3.py took 0.621 seconds
[2025-04-11T20:51:18.343+0000] {processor.py:186} INFO - Started process (PID=1220) to work on /home/airflow/.local/lib/python3.12/site-packages/airflow/example_dags/example_branch_python_dop_operator_3.py
[2025-04-11T20:51:20.544+0000] {processor.py:914} INFO - Processing file /home/airflow/.local/lib/python3.12/site-packages/airflow/example_dags/example_branch_python_dop_operator_3.py for tasks to queue
[2025-04-11T20:51:20.606+0000] {logging_mixin.py:190} INFO - [2025-04-11T20:51:20.602+0000] {dagbag.py:588} INFO - Filling up the DagBag from /home/airflow/.local/lib/python3.12/site-packages/airflow/example_dags/example_branch_python_dop_operator_3.py
[2025-04-11T20:51:20.875+0000] {processor.py:925} INFO - DAG(s) 'example_branch_dop_operator_v3' retrieved from /home/airflow/.local/lib/python3.12/site-packages/airflow/example_dags/example_branch_python_dop_operator_3.py
[2025-04-11T20:51:21.356+0000] {logging_mixin.py:190} INFO - [2025-04-11T20:51:21.355+0000] {dag.py:3239} INFO - Sync 1 DAGs
[2025-04-11T20:51:21.527+0000] {logging_mixin.py:190} INFO - [2025-04-11T20:51:21.526+0000] {dag.py:4180} INFO - Setting next_dagrun for example_branch_dop_operator_v3 to 2025-04-11 20:50:00+00:00, run_after=2025-04-11 20:51:00+00:00
[2025-04-11T20:51:21.754+0000] {processor.py:208} INFO - Processing /home/airflow/.local/lib/python3.12/site-packages/airflow/example_dags/example_branch_python_dop_operator_3.py took 3.471 seconds
[2025-04-11T20:52:17.390+0000] {processor.py:186} INFO - Started process (PID=1281) to work on /home/airflow/.local/lib/python3.12/site-packages/airflow/example_dags/example_branch_python_dop_operator_3.py
[2025-04-11T20:52:17.395+0000] {processor.py:914} INFO - Processing file /home/airflow/.local/lib/python3.12/site-packages/airflow/example_dags/example_branch_python_dop_operator_3.py for tasks to queue
[2025-04-11T20:52:17.413+0000] {logging_mixin.py:190} INFO - [2025-04-11T20:52:17.409+0000] {dagbag.py:588} INFO - Filling up the DagBag from /home/airflow/.local/lib/python3.12/site-packages/airflow/example_dags/example_branch_python_dop_operator_3.py
[2025-04-11T20:52:17.467+0000] {processor.py:925} INFO - DAG(s) 'example_branch_dop_operator_v3' retrieved from /home/airflow/.local/lib/python3.12/site-packages/airflow/example_dags/example_branch_python_dop_operator_3.py
[2025-04-11T20:52:17.540+0000] {logging_mixin.py:190} INFO - [2025-04-11T20:52:17.540+0000] {dag.py:3239} INFO - Sync 1 DAGs
[2025-04-11T20:52:17.634+0000] {logging_mixin.py:190} INFO - [2025-04-11T20:52:17.633+0000] {dag.py:4180} INFO - Setting next_dagrun for example_branch_dop_operator_v3 to 2025-04-11 20:51:00+00:00, run_after=2025-04-11 20:52:00+00:00
[2025-04-11T20:52:17.709+0000] {processor.py:208} INFO - Processing /home/airflow/.local/lib/python3.12/site-packages/airflow/example_dags/example_branch_python_dop_operator_3.py took 0.340 seconds
[2025-04-11T20:52:48.868+0000] {processor.py:186} INFO - Started process (PID=1345) to work on /home/airflow/.local/lib/python3.12/site-packages/airflow/example_dags/example_branch_python_dop_operator_3.py
[2025-04-11T20:52:48.871+0000] {processor.py:914} INFO - Processing file /home/airflow/.local/lib/python3.12/site-packages/airflow/example_dags/example_branch_python_dop_operator_3.py for tasks to queue
[2025-04-11T20:52:48.876+0000] {logging_mixin.py:190} INFO - [2025-04-11T20:52:48.876+0000] {dagbag.py:588} INFO - Filling up the DagBag from /home/airflow/.local/lib/python3.12/site-packages/airflow/example_dags/example_branch_python_dop_operator_3.py
[2025-04-11T20:52:48.910+0000] {processor.py:925} INFO - DAG(s) 'example_branch_dop_operator_v3' retrieved from /home/airflow/.local/lib/python3.12/site-packages/airflow/example_dags/example_branch_python_dop_operator_3.py
[2025-04-11T20:52:48.983+0000] {logging_mixin.py:190} INFO - [2025-04-11T20:52:48.983+0000] {dag.py:3239} INFO - Sync 1 DAGs
[2025-04-11T20:52:49.068+0000] {logging_mixin.py:190} INFO - [2025-04-11T20:52:49.068+0000] {dag.py:4180} INFO - Setting next_dagrun for example_branch_dop_operator_v3 to 2025-04-11 20:51:00+00:00, run_after=2025-04-11 20:52:00+00:00
[2025-04-11T20:52:49.123+0000] {processor.py:208} INFO - Processing /home/airflow/.local/lib/python3.12/site-packages/airflow/example_dags/example_branch_python_dop_operator_3.py took 0.272 seconds
