[2025-04-11T19:44:42.473+0000] {processor.py:186} INFO - Started process (PID=79) to work on /home/airflow/.local/lib/python3.12/site-packages/airflow/example_dags/example_external_task_marker_dag.py
[2025-04-11T19:44:42.489+0000] {processor.py:914} INFO - Processing file /home/airflow/.local/lib/python3.12/site-packages/airflow/example_dags/example_external_task_marker_dag.py for tasks to queue
[2025-04-11T19:44:42.544+0000] {logging_mixin.py:190} INFO - [2025-04-11T19:44:42.543+0000] {dagbag.py:588} INFO - Filling up the DagBag from /home/airflow/.local/lib/python3.12/site-packages/airflow/example_dags/example_external_task_marker_dag.py
[2025-04-11T19:44:42.841+0000] {processor.py:925} INFO - DAG(s) 'example_external_task_marker_parent', 'example_external_task_marker_child' retrieved from /home/airflow/.local/lib/python3.12/site-packages/airflow/example_dags/example_external_task_marker_dag.py
[2025-04-11T19:44:47.257+0000] {logging_mixin.py:190} INFO - [2025-04-11T19:44:47.245+0000] {override.py:1912} INFO - Created Permission View: can delete on DAG:example_external_task_marker_parent
[2025-04-11T19:44:47.366+0000] {logging_mixin.py:190} INFO - [2025-04-11T19:44:47.365+0000] {override.py:1912} INFO - Created Permission View: can read on DAG:example_external_task_marker_parent
[2025-04-11T19:44:47.393+0000] {logging_mixin.py:190} INFO - [2025-04-11T19:44:47.393+0000] {override.py:1912} INFO - Created Permission View: can edit on DAG:example_external_task_marker_parent
[2025-04-11T19:44:47.444+0000] {logging_mixin.py:190} INFO - [2025-04-11T19:44:47.438+0000] {override.py:1912} INFO - Created Permission View: can create on DAG Run:example_external_task_marker_parent
[2025-04-11T19:44:47.473+0000] {logging_mixin.py:190} INFO - [2025-04-11T19:44:47.472+0000] {override.py:1912} INFO - Created Permission View: can read on DAG Run:example_external_task_marker_parent
[2025-04-11T19:44:47.503+0000] {logging_mixin.py:190} INFO - [2025-04-11T19:44:47.502+0000] {override.py:1912} INFO - Created Permission View: can delete on DAG Run:example_external_task_marker_parent
[2025-04-11T19:44:47.538+0000] {logging_mixin.py:190} INFO - [2025-04-11T19:44:47.537+0000] {override.py:1912} INFO - Created Permission View: menu access on DAG Run:example_external_task_marker_parent
[2025-04-11T19:44:47.623+0000] {logging_mixin.py:190} INFO - [2025-04-11T19:44:47.622+0000] {override.py:1912} INFO - Created Permission View: can delete on DAG:example_external_task_marker_child
[2025-04-11T19:44:47.663+0000] {logging_mixin.py:190} INFO - [2025-04-11T19:44:47.661+0000] {override.py:1912} INFO - Created Permission View: can read on DAG:example_external_task_marker_child
[2025-04-11T19:44:47.711+0000] {logging_mixin.py:190} INFO - [2025-04-11T19:44:47.711+0000] {override.py:1912} INFO - Created Permission View: can edit on DAG:example_external_task_marker_child
[2025-04-11T19:44:47.774+0000] {logging_mixin.py:190} INFO - [2025-04-11T19:44:47.774+0000] {override.py:1912} INFO - Created Permission View: can create on DAG Run:example_external_task_marker_child
[2025-04-11T19:44:47.822+0000] {logging_mixin.py:190} INFO - [2025-04-11T19:44:47.805+0000] {override.py:1912} INFO - Created Permission View: can read on DAG Run:example_external_task_marker_child
[2025-04-11T19:44:47.891+0000] {logging_mixin.py:190} INFO - [2025-04-11T19:44:47.890+0000] {override.py:1912} INFO - Created Permission View: can delete on DAG Run:example_external_task_marker_child
[2025-04-11T19:44:47.919+0000] {logging_mixin.py:190} INFO - [2025-04-11T19:44:47.918+0000] {override.py:1912} INFO - Created Permission View: menu access on DAG Run:example_external_task_marker_child
[2025-04-11T19:44:47.923+0000] {logging_mixin.py:190} INFO - [2025-04-11T19:44:47.922+0000] {dag.py:3239} INFO - Sync 2 DAGs
[2025-04-11T19:44:48.056+0000] {logging_mixin.py:190} INFO - [2025-04-11T19:44:48.056+0000] {dag.py:3262} INFO - Creating ORM DAG for example_external_task_marker_child
[2025-04-11T19:44:48.065+0000] {logging_mixin.py:190} INFO - [2025-04-11T19:44:48.065+0000] {dag.py:3262} INFO - Creating ORM DAG for example_external_task_marker_parent
[2025-04-11T19:44:48.085+0000] {logging_mixin.py:190} INFO - [2025-04-11T19:44:48.085+0000] {dag.py:4180} INFO - Setting next_dagrun for example_external_task_marker_child to None, run_after=None
[2025-04-11T19:44:48.096+0000] {logging_mixin.py:190} INFO - [2025-04-11T19:44:48.096+0000] {dag.py:4180} INFO - Setting next_dagrun for example_external_task_marker_parent to None, run_after=None
[2025-04-11T19:44:48.196+0000] {processor.py:208} INFO - Processing /home/airflow/.local/lib/python3.12/site-packages/airflow/example_dags/example_external_task_marker_dag.py took 6.128 seconds
[2025-04-11T19:46:50.562+0000] {processor.py:186} INFO - Started process (PID=161) to work on /home/airflow/.local/lib/python3.12/site-packages/airflow/example_dags/example_external_task_marker_dag.py
[2025-04-11T19:46:50.566+0000] {processor.py:914} INFO - Processing file /home/airflow/.local/lib/python3.12/site-packages/airflow/example_dags/example_external_task_marker_dag.py for tasks to queue
[2025-04-11T19:46:50.576+0000] {logging_mixin.py:190} INFO - [2025-04-11T19:46:50.575+0000] {dagbag.py:588} INFO - Filling up the DagBag from /home/airflow/.local/lib/python3.12/site-packages/airflow/example_dags/example_external_task_marker_dag.py
[2025-04-11T19:46:50.609+0000] {processor.py:925} INFO - DAG(s) 'example_external_task_marker_child', 'example_external_task_marker_parent' retrieved from /home/airflow/.local/lib/python3.12/site-packages/airflow/example_dags/example_external_task_marker_dag.py
[2025-04-11T19:46:50.701+0000] {logging_mixin.py:190} INFO - [2025-04-11T19:46:50.700+0000] {dag.py:3239} INFO - Sync 2 DAGs
[2025-04-11T19:46:50.764+0000] {logging_mixin.py:190} INFO - [2025-04-11T19:46:50.764+0000] {dag.py:4180} INFO - Setting next_dagrun for example_external_task_marker_child to None, run_after=None
[2025-04-11T19:46:50.776+0000] {logging_mixin.py:190} INFO - [2025-04-11T19:46:50.776+0000] {dag.py:4180} INFO - Setting next_dagrun for example_external_task_marker_parent to None, run_after=None
[2025-04-11T19:46:50.825+0000] {processor.py:208} INFO - Processing /home/airflow/.local/lib/python3.12/site-packages/airflow/example_dags/example_external_task_marker_dag.py took 0.283 seconds
[2025-04-11T19:47:22.631+0000] {processor.py:186} INFO - Started process (PID=221) to work on /home/airflow/.local/lib/python3.12/site-packages/airflow/example_dags/example_external_task_marker_dag.py
[2025-04-11T19:47:22.643+0000] {processor.py:914} INFO - Processing file /home/airflow/.local/lib/python3.12/site-packages/airflow/example_dags/example_external_task_marker_dag.py for tasks to queue
[2025-04-11T19:47:22.656+0000] {logging_mixin.py:190} INFO - [2025-04-11T19:47:22.656+0000] {dagbag.py:588} INFO - Filling up the DagBag from /home/airflow/.local/lib/python3.12/site-packages/airflow/example_dags/example_external_task_marker_dag.py
[2025-04-11T19:47:22.706+0000] {processor.py:925} INFO - DAG(s) 'example_external_task_marker_parent', 'example_external_task_marker_child' retrieved from /home/airflow/.local/lib/python3.12/site-packages/airflow/example_dags/example_external_task_marker_dag.py
[2025-04-11T19:47:22.813+0000] {logging_mixin.py:190} INFO - [2025-04-11T19:47:22.813+0000] {dag.py:3239} INFO - Sync 2 DAGs
[2025-04-11T19:47:22.868+0000] {logging_mixin.py:190} INFO - [2025-04-11T19:47:22.868+0000] {dag.py:4180} INFO - Setting next_dagrun for example_external_task_marker_child to None, run_after=None
[2025-04-11T19:47:22.893+0000] {logging_mixin.py:190} INFO - [2025-04-11T19:47:22.892+0000] {dag.py:4180} INFO - Setting next_dagrun for example_external_task_marker_parent to None, run_after=None
[2025-04-11T19:47:23.038+0000] {processor.py:208} INFO - Processing /home/airflow/.local/lib/python3.12/site-packages/airflow/example_dags/example_external_task_marker_dag.py took 0.516 seconds
[2025-04-11T19:48:32.238+0000] {processor.py:186} INFO - Started process (PID=284) to work on /home/airflow/.local/lib/python3.12/site-packages/airflow/example_dags/example_external_task_marker_dag.py
[2025-04-11T19:48:32.244+0000] {processor.py:914} INFO - Processing file /home/airflow/.local/lib/python3.12/site-packages/airflow/example_dags/example_external_task_marker_dag.py for tasks to queue
[2025-04-11T19:48:32.264+0000] {logging_mixin.py:190} INFO - [2025-04-11T19:48:32.261+0000] {dagbag.py:588} INFO - Filling up the DagBag from /home/airflow/.local/lib/python3.12/site-packages/airflow/example_dags/example_external_task_marker_dag.py
[2025-04-11T19:48:32.355+0000] {processor.py:925} INFO - DAG(s) 'example_external_task_marker_parent', 'example_external_task_marker_child' retrieved from /home/airflow/.local/lib/python3.12/site-packages/airflow/example_dags/example_external_task_marker_dag.py
[2025-04-11T19:48:32.531+0000] {logging_mixin.py:190} INFO - [2025-04-11T19:48:32.530+0000] {dag.py:3239} INFO - Sync 2 DAGs
[2025-04-11T19:48:32.582+0000] {logging_mixin.py:190} INFO - [2025-04-11T19:48:32.581+0000] {dag.py:4180} INFO - Setting next_dagrun for example_external_task_marker_child to None, run_after=None
[2025-04-11T19:48:32.597+0000] {logging_mixin.py:190} INFO - [2025-04-11T19:48:32.596+0000] {dag.py:4180} INFO - Setting next_dagrun for example_external_task_marker_parent to None, run_after=None
[2025-04-11T19:48:32.680+0000] {processor.py:208} INFO - Processing /home/airflow/.local/lib/python3.12/site-packages/airflow/example_dags/example_external_task_marker_dag.py took 0.524 seconds
[2025-04-11T19:52:48.800+0000] {processor.py:186} INFO - Started process (PID=79) to work on /home/airflow/.local/lib/python3.12/site-packages/airflow/example_dags/example_external_task_marker_dag.py
[2025-04-11T19:52:48.808+0000] {processor.py:914} INFO - Processing file /home/airflow/.local/lib/python3.12/site-packages/airflow/example_dags/example_external_task_marker_dag.py for tasks to queue
[2025-04-11T19:52:48.841+0000] {logging_mixin.py:190} INFO - [2025-04-11T19:52:48.838+0000] {dagbag.py:588} INFO - Filling up the DagBag from /home/airflow/.local/lib/python3.12/site-packages/airflow/example_dags/example_external_task_marker_dag.py
[2025-04-11T19:52:49.055+0000] {processor.py:925} INFO - DAG(s) 'example_external_task_marker_parent', 'example_external_task_marker_child' retrieved from /home/airflow/.local/lib/python3.12/site-packages/airflow/example_dags/example_external_task_marker_dag.py
[2025-04-11T19:52:49.481+0000] {logging_mixin.py:190} INFO - [2025-04-11T19:52:49.481+0000] {dag.py:3239} INFO - Sync 2 DAGs
[2025-04-11T19:52:49.590+0000] {logging_mixin.py:190} INFO - [2025-04-11T19:52:49.580+0000] {dag.py:4180} INFO - Setting next_dagrun for example_external_task_marker_child to None, run_after=None
[2025-04-11T19:52:49.824+0000] {logging_mixin.py:190} INFO - [2025-04-11T19:52:49.823+0000] {dag.py:4180} INFO - Setting next_dagrun for example_external_task_marker_parent to None, run_after=None
[2025-04-11T19:52:49.920+0000] {processor.py:208} INFO - Processing /home/airflow/.local/lib/python3.12/site-packages/airflow/example_dags/example_external_task_marker_dag.py took 1.159 seconds
[2025-04-11T19:54:12.047+0000] {processor.py:186} INFO - Started process (PID=151) to work on /home/airflow/.local/lib/python3.12/site-packages/airflow/example_dags/example_external_task_marker_dag.py
[2025-04-11T19:54:12.106+0000] {processor.py:914} INFO - Processing file /home/airflow/.local/lib/python3.12/site-packages/airflow/example_dags/example_external_task_marker_dag.py for tasks to queue
[2025-04-11T19:54:12.381+0000] {logging_mixin.py:190} INFO - [2025-04-11T19:54:12.194+0000] {dagbag.py:588} INFO - Filling up the DagBag from /home/airflow/.local/lib/python3.12/site-packages/airflow/example_dags/example_external_task_marker_dag.py
[2025-04-11T19:54:13.001+0000] {processor.py:925} INFO - DAG(s) 'example_external_task_marker_child', 'example_external_task_marker_parent' retrieved from /home/airflow/.local/lib/python3.12/site-packages/airflow/example_dags/example_external_task_marker_dag.py
[2025-04-11T19:54:13.395+0000] {logging_mixin.py:190} INFO - [2025-04-11T19:54:13.392+0000] {dag.py:3239} INFO - Sync 2 DAGs
[2025-04-11T19:54:13.546+0000] {logging_mixin.py:190} INFO - [2025-04-11T19:54:13.546+0000] {dag.py:4180} INFO - Setting next_dagrun for example_external_task_marker_child to None, run_after=None
[2025-04-11T19:54:13.612+0000] {logging_mixin.py:190} INFO - [2025-04-11T19:54:13.612+0000] {dag.py:4180} INFO - Setting next_dagrun for example_external_task_marker_parent to None, run_after=None
[2025-04-11T19:54:13.824+0000] {processor.py:208} INFO - Processing /home/airflow/.local/lib/python3.12/site-packages/airflow/example_dags/example_external_task_marker_dag.py took 1.863 seconds
[2025-04-11T19:54:45.039+0000] {processor.py:186} INFO - Started process (PID=215) to work on /home/airflow/.local/lib/python3.12/site-packages/airflow/example_dags/example_external_task_marker_dag.py
[2025-04-11T19:54:45.044+0000] {processor.py:914} INFO - Processing file /home/airflow/.local/lib/python3.12/site-packages/airflow/example_dags/example_external_task_marker_dag.py for tasks to queue
[2025-04-11T19:54:45.049+0000] {logging_mixin.py:190} INFO - [2025-04-11T19:54:45.048+0000] {dagbag.py:588} INFO - Filling up the DagBag from /home/airflow/.local/lib/python3.12/site-packages/airflow/example_dags/example_external_task_marker_dag.py
[2025-04-11T19:54:45.069+0000] {processor.py:925} INFO - DAG(s) 'example_external_task_marker_child', 'example_external_task_marker_parent' retrieved from /home/airflow/.local/lib/python3.12/site-packages/airflow/example_dags/example_external_task_marker_dag.py
[2025-04-11T19:54:45.123+0000] {logging_mixin.py:190} INFO - [2025-04-11T19:54:45.122+0000] {dag.py:3239} INFO - Sync 2 DAGs
[2025-04-11T19:54:45.173+0000] {logging_mixin.py:190} INFO - [2025-04-11T19:54:45.173+0000] {dag.py:4180} INFO - Setting next_dagrun for example_external_task_marker_child to None, run_after=None
[2025-04-11T19:54:45.199+0000] {logging_mixin.py:190} INFO - [2025-04-11T19:54:45.199+0000] {dag.py:4180} INFO - Setting next_dagrun for example_external_task_marker_parent to None, run_after=None
[2025-04-11T19:54:45.262+0000] {processor.py:208} INFO - Processing /home/airflow/.local/lib/python3.12/site-packages/airflow/example_dags/example_external_task_marker_dag.py took 0.239 seconds
[2025-04-11T19:55:22.368+0000] {processor.py:186} INFO - Started process (PID=265) to work on /home/airflow/.local/lib/python3.12/site-packages/airflow/example_dags/example_external_task_marker_dag.py
[2025-04-11T19:55:22.378+0000] {processor.py:914} INFO - Processing file /home/airflow/.local/lib/python3.12/site-packages/airflow/example_dags/example_external_task_marker_dag.py for tasks to queue
[2025-04-11T19:55:22.430+0000] {logging_mixin.py:190} INFO - [2025-04-11T19:55:22.395+0000] {dagbag.py:588} INFO - Filling up the DagBag from /home/airflow/.local/lib/python3.12/site-packages/airflow/example_dags/example_external_task_marker_dag.py
[2025-04-11T19:55:22.712+0000] {processor.py:925} INFO - DAG(s) 'example_external_task_marker_child', 'example_external_task_marker_parent' retrieved from /home/airflow/.local/lib/python3.12/site-packages/airflow/example_dags/example_external_task_marker_dag.py
[2025-04-11T19:55:23.658+0000] {logging_mixin.py:190} INFO - [2025-04-11T19:55:23.656+0000] {dag.py:3239} INFO - Sync 2 DAGs
[2025-04-11T19:55:24.869+0000] {logging_mixin.py:190} INFO - [2025-04-11T19:55:24.867+0000] {dag.py:4180} INFO - Setting next_dagrun for example_external_task_marker_child to None, run_after=None
[2025-04-11T19:55:25.079+0000] {logging_mixin.py:190} INFO - [2025-04-11T19:55:25.078+0000] {dag.py:4180} INFO - Setting next_dagrun for example_external_task_marker_parent to None, run_after=None
[2025-04-11T19:55:25.417+0000] {processor.py:208} INFO - Processing /home/airflow/.local/lib/python3.12/site-packages/airflow/example_dags/example_external_task_marker_dag.py took 3.185 seconds
[2025-04-11T19:56:24.987+0000] {processor.py:186} INFO - Started process (PID=332) to work on /home/airflow/.local/lib/python3.12/site-packages/airflow/example_dags/example_external_task_marker_dag.py
[2025-04-11T19:56:24.991+0000] {processor.py:914} INFO - Processing file /home/airflow/.local/lib/python3.12/site-packages/airflow/example_dags/example_external_task_marker_dag.py for tasks to queue
[2025-04-11T19:56:24.999+0000] {logging_mixin.py:190} INFO - [2025-04-11T19:56:24.998+0000] {dagbag.py:588} INFO - Filling up the DagBag from /home/airflow/.local/lib/python3.12/site-packages/airflow/example_dags/example_external_task_marker_dag.py
[2025-04-11T19:56:25.020+0000] {processor.py:925} INFO - DAG(s) 'example_external_task_marker_child', 'example_external_task_marker_parent' retrieved from /home/airflow/.local/lib/python3.12/site-packages/airflow/example_dags/example_external_task_marker_dag.py
[2025-04-11T19:56:25.087+0000] {logging_mixin.py:190} INFO - [2025-04-11T19:56:25.087+0000] {dag.py:3239} INFO - Sync 2 DAGs
[2025-04-11T19:56:25.122+0000] {logging_mixin.py:190} INFO - [2025-04-11T19:56:25.122+0000] {dag.py:4180} INFO - Setting next_dagrun for example_external_task_marker_child to None, run_after=None
[2025-04-11T19:56:25.130+0000] {logging_mixin.py:190} INFO - [2025-04-11T19:56:25.130+0000] {dag.py:4180} INFO - Setting next_dagrun for example_external_task_marker_parent to None, run_after=None
[2025-04-11T19:56:25.165+0000] {processor.py:208} INFO - Processing /home/airflow/.local/lib/python3.12/site-packages/airflow/example_dags/example_external_task_marker_dag.py took 0.192 seconds
[2025-04-11T19:59:13.212+0000] {processor.py:186} INFO - Started process (PID=71) to work on /home/airflow/.local/lib/python3.12/site-packages/airflow/example_dags/example_external_task_marker_dag.py
[2025-04-11T19:59:13.224+0000] {processor.py:914} INFO - Processing file /home/airflow/.local/lib/python3.12/site-packages/airflow/example_dags/example_external_task_marker_dag.py for tasks to queue
[2025-04-11T19:59:13.256+0000] {logging_mixin.py:190} INFO - [2025-04-11T19:59:13.242+0000] {dagbag.py:588} INFO - Filling up the DagBag from /home/airflow/.local/lib/python3.12/site-packages/airflow/example_dags/example_external_task_marker_dag.py
[2025-04-11T19:59:13.336+0000] {processor.py:925} INFO - DAG(s) 'example_external_task_marker_parent', 'example_external_task_marker_child' retrieved from /home/airflow/.local/lib/python3.12/site-packages/airflow/example_dags/example_external_task_marker_dag.py
[2025-04-11T19:59:13.483+0000] {logging_mixin.py:190} INFO - [2025-04-11T19:59:13.480+0000] {dag.py:3239} INFO - Sync 2 DAGs
[2025-04-11T19:59:13.553+0000] {logging_mixin.py:190} INFO - [2025-04-11T19:59:13.547+0000] {dag.py:4180} INFO - Setting next_dagrun for example_external_task_marker_child to None, run_after=None
[2025-04-11T19:59:13.578+0000] {logging_mixin.py:190} INFO - [2025-04-11T19:59:13.577+0000] {dag.py:4180} INFO - Setting next_dagrun for example_external_task_marker_parent to None, run_after=None
[2025-04-11T19:59:13.674+0000] {processor.py:208} INFO - Processing /home/airflow/.local/lib/python3.12/site-packages/airflow/example_dags/example_external_task_marker_dag.py took 0.499 seconds
[2025-04-11T20:00:01.089+0000] {processor.py:186} INFO - Started process (PID=135) to work on /home/airflow/.local/lib/python3.12/site-packages/airflow/example_dags/example_external_task_marker_dag.py
[2025-04-11T20:00:01.102+0000] {processor.py:914} INFO - Processing file /home/airflow/.local/lib/python3.12/site-packages/airflow/example_dags/example_external_task_marker_dag.py for tasks to queue
[2025-04-11T20:00:01.117+0000] {logging_mixin.py:190} INFO - [2025-04-11T20:00:01.116+0000] {dagbag.py:588} INFO - Filling up the DagBag from /home/airflow/.local/lib/python3.12/site-packages/airflow/example_dags/example_external_task_marker_dag.py
[2025-04-11T20:00:01.171+0000] {processor.py:925} INFO - DAG(s) 'example_external_task_marker_child', 'example_external_task_marker_parent' retrieved from /home/airflow/.local/lib/python3.12/site-packages/airflow/example_dags/example_external_task_marker_dag.py
[2025-04-11T20:00:01.647+0000] {logging_mixin.py:190} INFO - [2025-04-11T20:00:01.644+0000] {dag.py:3239} INFO - Sync 2 DAGs
[2025-04-11T20:00:01.797+0000] {logging_mixin.py:190} INFO - [2025-04-11T20:00:01.789+0000] {dag.py:4180} INFO - Setting next_dagrun for example_external_task_marker_child to None, run_after=None
[2025-04-11T20:00:01.840+0000] {logging_mixin.py:190} INFO - [2025-04-11T20:00:01.840+0000] {dag.py:4180} INFO - Setting next_dagrun for example_external_task_marker_parent to None, run_after=None
[2025-04-11T20:00:02.082+0000] {processor.py:208} INFO - Processing /home/airflow/.local/lib/python3.12/site-packages/airflow/example_dags/example_external_task_marker_dag.py took 1.038 seconds
[2025-04-11T20:00:33.190+0000] {processor.py:186} INFO - Started process (PID=193) to work on /home/airflow/.local/lib/python3.12/site-packages/airflow/example_dags/example_external_task_marker_dag.py
[2025-04-11T20:00:33.192+0000] {processor.py:914} INFO - Processing file /home/airflow/.local/lib/python3.12/site-packages/airflow/example_dags/example_external_task_marker_dag.py for tasks to queue
[2025-04-11T20:00:33.198+0000] {logging_mixin.py:190} INFO - [2025-04-11T20:00:33.197+0000] {dagbag.py:588} INFO - Filling up the DagBag from /home/airflow/.local/lib/python3.12/site-packages/airflow/example_dags/example_external_task_marker_dag.py
[2025-04-11T20:00:33.226+0000] {processor.py:925} INFO - DAG(s) 'example_external_task_marker_parent', 'example_external_task_marker_child' retrieved from /home/airflow/.local/lib/python3.12/site-packages/airflow/example_dags/example_external_task_marker_dag.py
[2025-04-11T20:04:59.134+0000] {processor.py:186} INFO - Started process (PID=90) to work on /home/airflow/.local/lib/python3.12/site-packages/airflow/example_dags/example_external_task_marker_dag.py
[2025-04-11T20:04:59.140+0000] {processor.py:914} INFO - Processing file /home/airflow/.local/lib/python3.12/site-packages/airflow/example_dags/example_external_task_marker_dag.py for tasks to queue
[2025-04-11T20:04:59.166+0000] {logging_mixin.py:190} INFO - [2025-04-11T20:04:59.166+0000] {dagbag.py:588} INFO - Filling up the DagBag from /home/airflow/.local/lib/python3.12/site-packages/airflow/example_dags/example_external_task_marker_dag.py
[2025-04-11T20:04:59.298+0000] {processor.py:925} INFO - DAG(s) 'example_external_task_marker_parent', 'example_external_task_marker_child' retrieved from /home/airflow/.local/lib/python3.12/site-packages/airflow/example_dags/example_external_task_marker_dag.py
[2025-04-11T20:04:59.634+0000] {logging_mixin.py:190} INFO - [2025-04-11T20:04:59.633+0000] {dag.py:3239} INFO - Sync 2 DAGs
[2025-04-11T20:05:00.181+0000] {logging_mixin.py:190} INFO - [2025-04-11T20:05:00.180+0000] {dag.py:4180} INFO - Setting next_dagrun for example_external_task_marker_child to None, run_after=None
[2025-04-11T20:05:00.245+0000] {logging_mixin.py:190} INFO - [2025-04-11T20:05:00.245+0000] {dag.py:4180} INFO - Setting next_dagrun for example_external_task_marker_parent to None, run_after=None
[2025-04-11T20:05:00.503+0000] {processor.py:208} INFO - Processing /home/airflow/.local/lib/python3.12/site-packages/airflow/example_dags/example_external_task_marker_dag.py took 1.419 seconds
[2025-04-11T20:09:06.683+0000] {processor.py:186} INFO - Started process (PID=91) to work on /home/airflow/.local/lib/python3.12/site-packages/airflow/example_dags/example_external_task_marker_dag.py
[2025-04-11T20:09:06.761+0000] {processor.py:914} INFO - Processing file /home/airflow/.local/lib/python3.12/site-packages/airflow/example_dags/example_external_task_marker_dag.py for tasks to queue
[2025-04-11T20:09:06.892+0000] {logging_mixin.py:190} INFO - [2025-04-11T20:09:06.884+0000] {dagbag.py:588} INFO - Filling up the DagBag from /home/airflow/.local/lib/python3.12/site-packages/airflow/example_dags/example_external_task_marker_dag.py
[2025-04-11T20:09:07.778+0000] {processor.py:925} INFO - DAG(s) 'example_external_task_marker_parent', 'example_external_task_marker_child' retrieved from /home/airflow/.local/lib/python3.12/site-packages/airflow/example_dags/example_external_task_marker_dag.py
[2025-04-11T20:09:08.167+0000] {logging_mixin.py:190} INFO - [2025-04-11T20:09:08.167+0000] {dag.py:3239} INFO - Sync 2 DAGs
[2025-04-11T20:09:08.934+0000] {logging_mixin.py:190} INFO - [2025-04-11T20:09:08.934+0000] {dag.py:4180} INFO - Setting next_dagrun for example_external_task_marker_child to None, run_after=None
[2025-04-11T20:09:09.145+0000] {logging_mixin.py:190} INFO - [2025-04-11T20:09:09.143+0000] {dag.py:4180} INFO - Setting next_dagrun for example_external_task_marker_parent to None, run_after=None
[2025-04-11T20:09:10.041+0000] {processor.py:208} INFO - Processing /home/airflow/.local/lib/python3.12/site-packages/airflow/example_dags/example_external_task_marker_dag.py took 3.535 seconds
[2025-04-11T20:13:33.047+0000] {processor.py:186} INFO - Started process (PID=80) to work on /home/airflow/.local/lib/python3.12/site-packages/airflow/example_dags/example_external_task_marker_dag.py
[2025-04-11T20:13:33.066+0000] {processor.py:914} INFO - Processing file /home/airflow/.local/lib/python3.12/site-packages/airflow/example_dags/example_external_task_marker_dag.py for tasks to queue
[2025-04-11T20:13:33.083+0000] {logging_mixin.py:190} INFO - [2025-04-11T20:13:33.077+0000] {dagbag.py:588} INFO - Filling up the DagBag from /home/airflow/.local/lib/python3.12/site-packages/airflow/example_dags/example_external_task_marker_dag.py
[2025-04-11T20:13:33.159+0000] {processor.py:925} INFO - DAG(s) 'example_external_task_marker_parent', 'example_external_task_marker_child' retrieved from /home/airflow/.local/lib/python3.12/site-packages/airflow/example_dags/example_external_task_marker_dag.py
[2025-04-11T20:13:33.330+0000] {logging_mixin.py:190} INFO - [2025-04-11T20:13:33.330+0000] {dag.py:3239} INFO - Sync 2 DAGs
[2025-04-11T20:13:33.459+0000] {logging_mixin.py:190} INFO - [2025-04-11T20:13:33.458+0000] {dag.py:4180} INFO - Setting next_dagrun for example_external_task_marker_child to None, run_after=None
[2025-04-11T20:13:33.518+0000] {logging_mixin.py:190} INFO - [2025-04-11T20:13:33.518+0000] {dag.py:4180} INFO - Setting next_dagrun for example_external_task_marker_parent to None, run_after=None
[2025-04-11T20:13:33.729+0000] {processor.py:208} INFO - Processing /home/airflow/.local/lib/python3.12/site-packages/airflow/example_dags/example_external_task_marker_dag.py took 0.748 seconds
[2025-04-11T20:14:39.555+0000] {processor.py:186} INFO - Started process (PID=150) to work on /home/airflow/.local/lib/python3.12/site-packages/airflow/example_dags/example_external_task_marker_dag.py
[2025-04-11T20:14:39.560+0000] {processor.py:914} INFO - Processing file /home/airflow/.local/lib/python3.12/site-packages/airflow/example_dags/example_external_task_marker_dag.py for tasks to queue
[2025-04-11T20:14:39.595+0000] {logging_mixin.py:190} INFO - [2025-04-11T20:14:39.594+0000] {dagbag.py:588} INFO - Filling up the DagBag from /home/airflow/.local/lib/python3.12/site-packages/airflow/example_dags/example_external_task_marker_dag.py
[2025-04-11T20:14:40.326+0000] {processor.py:925} INFO - DAG(s) 'example_external_task_marker_child', 'example_external_task_marker_parent' retrieved from /home/airflow/.local/lib/python3.12/site-packages/airflow/example_dags/example_external_task_marker_dag.py
[2025-04-11T20:14:40.966+0000] {logging_mixin.py:190} INFO - [2025-04-11T20:14:40.965+0000] {dag.py:3239} INFO - Sync 2 DAGs
[2025-04-11T20:14:41.159+0000] {logging_mixin.py:190} INFO - [2025-04-11T20:14:41.142+0000] {dag.py:4180} INFO - Setting next_dagrun for example_external_task_marker_child to None, run_after=None
[2025-04-11T20:14:41.204+0000] {logging_mixin.py:190} INFO - [2025-04-11T20:14:41.204+0000] {dag.py:4180} INFO - Setting next_dagrun for example_external_task_marker_parent to None, run_after=None
[2025-04-11T20:14:41.507+0000] {processor.py:208} INFO - Processing /home/airflow/.local/lib/python3.12/site-packages/airflow/example_dags/example_external_task_marker_dag.py took 2.006 seconds
[2025-04-11T20:15:54.948+0000] {processor.py:186} INFO - Started process (PID=199) to work on /home/airflow/.local/lib/python3.12/site-packages/airflow/example_dags/example_external_task_marker_dag.py
[2025-04-11T20:15:54.957+0000] {processor.py:914} INFO - Processing file /home/airflow/.local/lib/python3.12/site-packages/airflow/example_dags/example_external_task_marker_dag.py for tasks to queue
[2025-04-11T20:15:54.969+0000] {logging_mixin.py:190} INFO - [2025-04-11T20:15:54.967+0000] {dagbag.py:588} INFO - Filling up the DagBag from /home/airflow/.local/lib/python3.12/site-packages/airflow/example_dags/example_external_task_marker_dag.py
[2025-04-11T20:15:55.008+0000] {processor.py:925} INFO - DAG(s) 'example_external_task_marker_child', 'example_external_task_marker_parent' retrieved from /home/airflow/.local/lib/python3.12/site-packages/airflow/example_dags/example_external_task_marker_dag.py
[2025-04-11T20:15:55.123+0000] {logging_mixin.py:190} INFO - [2025-04-11T20:15:55.122+0000] {dag.py:3239} INFO - Sync 2 DAGs
[2025-04-11T20:15:55.185+0000] {logging_mixin.py:190} INFO - [2025-04-11T20:15:55.185+0000] {dag.py:4180} INFO - Setting next_dagrun for example_external_task_marker_child to None, run_after=None
[2025-04-11T20:15:55.202+0000] {logging_mixin.py:190} INFO - [2025-04-11T20:15:55.202+0000] {dag.py:4180} INFO - Setting next_dagrun for example_external_task_marker_parent to None, run_after=None
[2025-04-11T20:15:55.758+0000] {processor.py:208} INFO - Processing /home/airflow/.local/lib/python3.12/site-packages/airflow/example_dags/example_external_task_marker_dag.py took 0.839 seconds
[2025-04-11T20:16:36.878+0000] {processor.py:186} INFO - Started process (PID=261) to work on /home/airflow/.local/lib/python3.12/site-packages/airflow/example_dags/example_external_task_marker_dag.py
[2025-04-11T20:16:36.883+0000] {processor.py:914} INFO - Processing file /home/airflow/.local/lib/python3.12/site-packages/airflow/example_dags/example_external_task_marker_dag.py for tasks to queue
[2025-04-11T20:16:36.892+0000] {logging_mixin.py:190} INFO - [2025-04-11T20:16:36.891+0000] {dagbag.py:588} INFO - Filling up the DagBag from /home/airflow/.local/lib/python3.12/site-packages/airflow/example_dags/example_external_task_marker_dag.py
[2025-04-11T20:16:36.955+0000] {processor.py:925} INFO - DAG(s) 'example_external_task_marker_child', 'example_external_task_marker_parent' retrieved from /home/airflow/.local/lib/python3.12/site-packages/airflow/example_dags/example_external_task_marker_dag.py
[2025-04-11T20:16:37.037+0000] {logging_mixin.py:190} INFO - [2025-04-11T20:16:37.036+0000] {dag.py:3239} INFO - Sync 2 DAGs
[2025-04-11T20:16:37.118+0000] {logging_mixin.py:190} INFO - [2025-04-11T20:16:37.117+0000] {dag.py:4180} INFO - Setting next_dagrun for example_external_task_marker_child to None, run_after=None
[2025-04-11T20:16:37.133+0000] {logging_mixin.py:190} INFO - [2025-04-11T20:16:37.132+0000] {dag.py:4180} INFO - Setting next_dagrun for example_external_task_marker_parent to None, run_after=None
[2025-04-11T20:16:37.210+0000] {processor.py:208} INFO - Processing /home/airflow/.local/lib/python3.12/site-packages/airflow/example_dags/example_external_task_marker_dag.py took 0.383 seconds
[2025-04-11T20:17:09.853+0000] {processor.py:186} INFO - Started process (PID=321) to work on /home/airflow/.local/lib/python3.12/site-packages/airflow/example_dags/example_external_task_marker_dag.py
[2025-04-11T20:17:09.863+0000] {processor.py:914} INFO - Processing file /home/airflow/.local/lib/python3.12/site-packages/airflow/example_dags/example_external_task_marker_dag.py for tasks to queue
[2025-04-11T20:17:09.887+0000] {logging_mixin.py:190} INFO - [2025-04-11T20:17:09.883+0000] {dagbag.py:588} INFO - Filling up the DagBag from /home/airflow/.local/lib/python3.12/site-packages/airflow/example_dags/example_external_task_marker_dag.py
[2025-04-11T20:17:10.065+0000] {processor.py:925} INFO - DAG(s) 'example_external_task_marker_child', 'example_external_task_marker_parent' retrieved from /home/airflow/.local/lib/python3.12/site-packages/airflow/example_dags/example_external_task_marker_dag.py
[2025-04-11T20:17:10.453+0000] {logging_mixin.py:190} INFO - [2025-04-11T20:17:10.452+0000] {dag.py:3239} INFO - Sync 2 DAGs
[2025-04-11T20:17:10.600+0000] {logging_mixin.py:190} INFO - [2025-04-11T20:17:10.600+0000] {dag.py:4180} INFO - Setting next_dagrun for example_external_task_marker_child to None, run_after=None
[2025-04-11T20:17:10.628+0000] {logging_mixin.py:190} INFO - [2025-04-11T20:17:10.627+0000] {dag.py:4180} INFO - Setting next_dagrun for example_external_task_marker_parent to None, run_after=None
[2025-04-11T20:17:10.778+0000] {processor.py:208} INFO - Processing /home/airflow/.local/lib/python3.12/site-packages/airflow/example_dags/example_external_task_marker_dag.py took 0.993 seconds
[2025-04-11T20:17:40.982+0000] {processor.py:186} INFO - Started process (PID=385) to work on /home/airflow/.local/lib/python3.12/site-packages/airflow/example_dags/example_external_task_marker_dag.py
[2025-04-11T20:17:40.987+0000] {processor.py:914} INFO - Processing file /home/airflow/.local/lib/python3.12/site-packages/airflow/example_dags/example_external_task_marker_dag.py for tasks to queue
[2025-04-11T20:17:40.998+0000] {logging_mixin.py:190} INFO - [2025-04-11T20:17:40.997+0000] {dagbag.py:588} INFO - Filling up the DagBag from /home/airflow/.local/lib/python3.12/site-packages/airflow/example_dags/example_external_task_marker_dag.py
[2025-04-11T20:17:41.142+0000] {processor.py:925} INFO - DAG(s) 'example_external_task_marker_child', 'example_external_task_marker_parent' retrieved from /home/airflow/.local/lib/python3.12/site-packages/airflow/example_dags/example_external_task_marker_dag.py
[2025-04-11T20:17:41.209+0000] {logging_mixin.py:190} INFO - [2025-04-11T20:17:41.209+0000] {dag.py:3239} INFO - Sync 2 DAGs
[2025-04-11T20:17:41.249+0000] {logging_mixin.py:190} INFO - [2025-04-11T20:17:41.247+0000] {dag.py:4180} INFO - Setting next_dagrun for example_external_task_marker_child to None, run_after=None
[2025-04-11T20:17:41.259+0000] {logging_mixin.py:190} INFO - [2025-04-11T20:17:41.258+0000] {dag.py:4180} INFO - Setting next_dagrun for example_external_task_marker_parent to None, run_after=None
[2025-04-11T20:17:41.306+0000] {processor.py:208} INFO - Processing /home/airflow/.local/lib/python3.12/site-packages/airflow/example_dags/example_external_task_marker_dag.py took 0.355 seconds
[2025-04-11T20:22:32.598+0000] {processor.py:186} INFO - Started process (PID=84) to work on /home/airflow/.local/lib/python3.12/site-packages/airflow/example_dags/example_external_task_marker_dag.py
[2025-04-11T20:22:32.612+0000] {processor.py:914} INFO - Processing file /home/airflow/.local/lib/python3.12/site-packages/airflow/example_dags/example_external_task_marker_dag.py for tasks to queue
[2025-04-11T20:22:32.637+0000] {logging_mixin.py:190} INFO - [2025-04-11T20:22:32.636+0000] {dagbag.py:588} INFO - Filling up the DagBag from /home/airflow/.local/lib/python3.12/site-packages/airflow/example_dags/example_external_task_marker_dag.py
[2025-04-11T20:22:32.880+0000] {processor.py:925} INFO - DAG(s) 'example_external_task_marker_parent', 'example_external_task_marker_child' retrieved from /home/airflow/.local/lib/python3.12/site-packages/airflow/example_dags/example_external_task_marker_dag.py
[2025-04-11T20:22:35.332+0000] {logging_mixin.py:190} INFO - [2025-04-11T20:22:35.320+0000] {override.py:1912} INFO - Created Permission View: can read on DAG:example_external_task_marker_parent
[2025-04-11T20:22:35.384+0000] {logging_mixin.py:190} INFO - [2025-04-11T20:22:35.383+0000] {override.py:1912} INFO - Created Permission View: can edit on DAG:example_external_task_marker_parent
[2025-04-11T20:22:35.423+0000] {logging_mixin.py:190} INFO - [2025-04-11T20:22:35.422+0000] {override.py:1912} INFO - Created Permission View: can delete on DAG:example_external_task_marker_parent
[2025-04-11T20:22:35.460+0000] {logging_mixin.py:190} INFO - [2025-04-11T20:22:35.459+0000] {override.py:1912} INFO - Created Permission View: can create on DAG Run:example_external_task_marker_parent
[2025-04-11T20:22:35.505+0000] {logging_mixin.py:190} INFO - [2025-04-11T20:22:35.505+0000] {override.py:1912} INFO - Created Permission View: can read on DAG Run:example_external_task_marker_parent
[2025-04-11T20:22:35.556+0000] {logging_mixin.py:190} INFO - [2025-04-11T20:22:35.555+0000] {override.py:1912} INFO - Created Permission View: can delete on DAG Run:example_external_task_marker_parent
[2025-04-11T20:22:35.626+0000] {logging_mixin.py:190} INFO - [2025-04-11T20:22:35.625+0000] {override.py:1912} INFO - Created Permission View: menu access on DAG Run:example_external_task_marker_parent
[2025-04-11T20:22:35.730+0000] {logging_mixin.py:190} INFO - [2025-04-11T20:22:35.729+0000] {override.py:1912} INFO - Created Permission View: can read on DAG:example_external_task_marker_child
[2025-04-11T20:22:35.792+0000] {logging_mixin.py:190} INFO - [2025-04-11T20:22:35.791+0000] {override.py:1912} INFO - Created Permission View: can edit on DAG:example_external_task_marker_child
[2025-04-11T20:22:35.842+0000] {logging_mixin.py:190} INFO - [2025-04-11T20:22:35.841+0000] {override.py:1912} INFO - Created Permission View: can delete on DAG:example_external_task_marker_child
[2025-04-11T20:22:35.877+0000] {logging_mixin.py:190} INFO - [2025-04-11T20:22:35.877+0000] {override.py:1912} INFO - Created Permission View: can create on DAG Run:example_external_task_marker_child
[2025-04-11T20:22:35.908+0000] {logging_mixin.py:190} INFO - [2025-04-11T20:22:35.907+0000] {override.py:1912} INFO - Created Permission View: can read on DAG Run:example_external_task_marker_child
[2025-04-11T20:22:35.943+0000] {logging_mixin.py:190} INFO - [2025-04-11T20:22:35.942+0000] {override.py:1912} INFO - Created Permission View: can delete on DAG Run:example_external_task_marker_child
[2025-04-11T20:22:35.974+0000] {logging_mixin.py:190} INFO - [2025-04-11T20:22:35.973+0000] {override.py:1912} INFO - Created Permission View: menu access on DAG Run:example_external_task_marker_child
[2025-04-11T20:22:35.978+0000] {logging_mixin.py:190} INFO - [2025-04-11T20:22:35.977+0000] {dag.py:3239} INFO - Sync 2 DAGs
[2025-04-11T20:22:36.066+0000] {logging_mixin.py:190} INFO - [2025-04-11T20:22:36.065+0000] {dag.py:3262} INFO - Creating ORM DAG for example_external_task_marker_child
[2025-04-11T20:22:36.071+0000] {logging_mixin.py:190} INFO - [2025-04-11T20:22:36.070+0000] {dag.py:3262} INFO - Creating ORM DAG for example_external_task_marker_parent
[2025-04-11T20:22:36.075+0000] {logging_mixin.py:190} INFO - [2025-04-11T20:22:36.075+0000] {dag.py:4180} INFO - Setting next_dagrun for example_external_task_marker_child to None, run_after=None
[2025-04-11T20:22:36.080+0000] {logging_mixin.py:190} INFO - [2025-04-11T20:22:36.080+0000] {dag.py:4180} INFO - Setting next_dagrun for example_external_task_marker_parent to None, run_after=None
[2025-04-11T20:22:36.188+0000] {processor.py:208} INFO - Processing /home/airflow/.local/lib/python3.12/site-packages/airflow/example_dags/example_external_task_marker_dag.py took 3.649 seconds
[2025-04-11T20:24:43.876+0000] {processor.py:186} INFO - Started process (PID=165) to work on /home/airflow/.local/lib/python3.12/site-packages/airflow/example_dags/example_external_task_marker_dag.py
[2025-04-11T20:24:43.879+0000] {processor.py:914} INFO - Processing file /home/airflow/.local/lib/python3.12/site-packages/airflow/example_dags/example_external_task_marker_dag.py for tasks to queue
[2025-04-11T20:24:43.885+0000] {logging_mixin.py:190} INFO - [2025-04-11T20:24:43.884+0000] {dagbag.py:588} INFO - Filling up the DagBag from /home/airflow/.local/lib/python3.12/site-packages/airflow/example_dags/example_external_task_marker_dag.py
[2025-04-11T20:24:43.919+0000] {processor.py:925} INFO - DAG(s) 'example_external_task_marker_parent', 'example_external_task_marker_child' retrieved from /home/airflow/.local/lib/python3.12/site-packages/airflow/example_dags/example_external_task_marker_dag.py
[2025-04-11T20:24:43.990+0000] {logging_mixin.py:190} INFO - [2025-04-11T20:24:43.990+0000] {dag.py:3239} INFO - Sync 2 DAGs
[2025-04-11T20:24:44.034+0000] {logging_mixin.py:190} INFO - [2025-04-11T20:24:44.033+0000] {dag.py:4180} INFO - Setting next_dagrun for example_external_task_marker_child to None, run_after=None
[2025-04-11T20:24:44.048+0000] {logging_mixin.py:190} INFO - [2025-04-11T20:24:44.048+0000] {dag.py:4180} INFO - Setting next_dagrun for example_external_task_marker_parent to None, run_after=None
[2025-04-11T20:24:44.099+0000] {processor.py:208} INFO - Processing /home/airflow/.local/lib/python3.12/site-packages/airflow/example_dags/example_external_task_marker_dag.py took 0.241 seconds
[2025-04-11T20:25:14.716+0000] {processor.py:186} INFO - Started process (PID=219) to work on /home/airflow/.local/lib/python3.12/site-packages/airflow/example_dags/example_external_task_marker_dag.py
[2025-04-11T20:25:14.720+0000] {processor.py:914} INFO - Processing file /home/airflow/.local/lib/python3.12/site-packages/airflow/example_dags/example_external_task_marker_dag.py for tasks to queue
[2025-04-11T20:25:14.726+0000] {logging_mixin.py:190} INFO - [2025-04-11T20:25:14.726+0000] {dagbag.py:588} INFO - Filling up the DagBag from /home/airflow/.local/lib/python3.12/site-packages/airflow/example_dags/example_external_task_marker_dag.py
[2025-04-11T20:25:14.759+0000] {processor.py:925} INFO - DAG(s) 'example_external_task_marker_child', 'example_external_task_marker_parent' retrieved from /home/airflow/.local/lib/python3.12/site-packages/airflow/example_dags/example_external_task_marker_dag.py
[2025-04-11T20:25:14.863+0000] {logging_mixin.py:190} INFO - [2025-04-11T20:25:14.862+0000] {dag.py:3239} INFO - Sync 2 DAGs
[2025-04-11T20:25:14.914+0000] {logging_mixin.py:190} INFO - [2025-04-11T20:25:14.913+0000] {dag.py:4180} INFO - Setting next_dagrun for example_external_task_marker_child to None, run_after=None
[2025-04-11T20:25:14.932+0000] {logging_mixin.py:190} INFO - [2025-04-11T20:25:14.930+0000] {dag.py:4180} INFO - Setting next_dagrun for example_external_task_marker_parent to None, run_after=None
[2025-04-11T20:25:14.992+0000] {processor.py:208} INFO - Processing /home/airflow/.local/lib/python3.12/site-packages/airflow/example_dags/example_external_task_marker_dag.py took 0.288 seconds
[2025-04-11T20:25:45.753+0000] {processor.py:186} INFO - Started process (PID=283) to work on /home/airflow/.local/lib/python3.12/site-packages/airflow/example_dags/example_external_task_marker_dag.py
[2025-04-11T20:25:45.763+0000] {processor.py:914} INFO - Processing file /home/airflow/.local/lib/python3.12/site-packages/airflow/example_dags/example_external_task_marker_dag.py for tasks to queue
[2025-04-11T20:25:45.778+0000] {logging_mixin.py:190} INFO - [2025-04-11T20:25:45.776+0000] {dagbag.py:588} INFO - Filling up the DagBag from /home/airflow/.local/lib/python3.12/site-packages/airflow/example_dags/example_external_task_marker_dag.py
[2025-04-11T20:25:45.835+0000] {processor.py:925} INFO - DAG(s) 'example_external_task_marker_parent', 'example_external_task_marker_child' retrieved from /home/airflow/.local/lib/python3.12/site-packages/airflow/example_dags/example_external_task_marker_dag.py
[2025-04-11T20:25:46.611+0000] {logging_mixin.py:190} INFO - [2025-04-11T20:25:46.611+0000] {dag.py:3239} INFO - Sync 2 DAGs
[2025-04-11T20:25:46.791+0000] {logging_mixin.py:190} INFO - [2025-04-11T20:25:46.790+0000] {dag.py:4180} INFO - Setting next_dagrun for example_external_task_marker_child to None, run_after=None
[2025-04-11T20:25:46.811+0000] {logging_mixin.py:190} INFO - [2025-04-11T20:25:46.810+0000] {dag.py:4180} INFO - Setting next_dagrun for example_external_task_marker_parent to None, run_after=None
[2025-04-11T20:25:47.062+0000] {processor.py:208} INFO - Processing /home/airflow/.local/lib/python3.12/site-packages/airflow/example_dags/example_external_task_marker_dag.py took 1.342 seconds
[2025-04-11T20:28:22.820+0000] {processor.py:186} INFO - Started process (PID=72) to work on /home/airflow/.local/lib/python3.12/site-packages/airflow/example_dags/example_external_task_marker_dag.py
[2025-04-11T20:28:22.827+0000] {processor.py:914} INFO - Processing file /home/airflow/.local/lib/python3.12/site-packages/airflow/example_dags/example_external_task_marker_dag.py for tasks to queue
[2025-04-11T20:28:22.846+0000] {logging_mixin.py:190} INFO - [2025-04-11T20:28:22.846+0000] {dagbag.py:588} INFO - Filling up the DagBag from /home/airflow/.local/lib/python3.12/site-packages/airflow/example_dags/example_external_task_marker_dag.py
[2025-04-11T20:28:22.935+0000] {processor.py:925} INFO - DAG(s) 'example_external_task_marker_parent', 'example_external_task_marker_child' retrieved from /home/airflow/.local/lib/python3.12/site-packages/airflow/example_dags/example_external_task_marker_dag.py
[2025-04-11T20:28:23.046+0000] {logging_mixin.py:190} INFO - [2025-04-11T20:28:23.045+0000] {dag.py:3239} INFO - Sync 2 DAGs
[2025-04-11T20:28:23.118+0000] {logging_mixin.py:190} INFO - [2025-04-11T20:28:23.118+0000] {dag.py:4180} INFO - Setting next_dagrun for example_external_task_marker_child to None, run_after=None
[2025-04-11T20:28:23.129+0000] {logging_mixin.py:190} INFO - [2025-04-11T20:28:23.128+0000] {dag.py:4180} INFO - Setting next_dagrun for example_external_task_marker_parent to None, run_after=None
[2025-04-11T20:28:23.199+0000] {processor.py:208} INFO - Processing /home/airflow/.local/lib/python3.12/site-packages/airflow/example_dags/example_external_task_marker_dag.py took 0.459 seconds
[2025-04-11T20:28:55.236+0000] {processor.py:186} INFO - Started process (PID=135) to work on /home/airflow/.local/lib/python3.12/site-packages/airflow/example_dags/example_external_task_marker_dag.py
[2025-04-11T20:28:55.243+0000] {processor.py:914} INFO - Processing file /home/airflow/.local/lib/python3.12/site-packages/airflow/example_dags/example_external_task_marker_dag.py for tasks to queue
[2025-04-11T20:28:55.252+0000] {logging_mixin.py:190} INFO - [2025-04-11T20:28:55.251+0000] {dagbag.py:588} INFO - Filling up the DagBag from /home/airflow/.local/lib/python3.12/site-packages/airflow/example_dags/example_external_task_marker_dag.py
[2025-04-11T20:28:55.291+0000] {processor.py:925} INFO - DAG(s) 'example_external_task_marker_parent', 'example_external_task_marker_child' retrieved from /home/airflow/.local/lib/python3.12/site-packages/airflow/example_dags/example_external_task_marker_dag.py
[2025-04-11T20:28:55.387+0000] {logging_mixin.py:190} INFO - [2025-04-11T20:28:55.386+0000] {dag.py:3239} INFO - Sync 2 DAGs
[2025-04-11T20:28:55.438+0000] {logging_mixin.py:190} INFO - [2025-04-11T20:28:55.438+0000] {dag.py:4180} INFO - Setting next_dagrun for example_external_task_marker_child to None, run_after=None
[2025-04-11T20:28:55.452+0000] {logging_mixin.py:190} INFO - [2025-04-11T20:28:55.452+0000] {dag.py:4180} INFO - Setting next_dagrun for example_external_task_marker_parent to None, run_after=None
[2025-04-11T20:28:55.534+0000] {processor.py:208} INFO - Processing /home/airflow/.local/lib/python3.12/site-packages/airflow/example_dags/example_external_task_marker_dag.py took 0.310 seconds
[2025-04-11T20:29:26.464+0000] {processor.py:186} INFO - Started process (PID=191) to work on /home/airflow/.local/lib/python3.12/site-packages/airflow/example_dags/example_external_task_marker_dag.py
[2025-04-11T20:29:26.468+0000] {processor.py:914} INFO - Processing file /home/airflow/.local/lib/python3.12/site-packages/airflow/example_dags/example_external_task_marker_dag.py for tasks to queue
[2025-04-11T20:29:26.473+0000] {logging_mixin.py:190} INFO - [2025-04-11T20:29:26.472+0000] {dagbag.py:588} INFO - Filling up the DagBag from /home/airflow/.local/lib/python3.12/site-packages/airflow/example_dags/example_external_task_marker_dag.py
[2025-04-11T20:29:26.491+0000] {processor.py:925} INFO - DAG(s) 'example_external_task_marker_child', 'example_external_task_marker_parent' retrieved from /home/airflow/.local/lib/python3.12/site-packages/airflow/example_dags/example_external_task_marker_dag.py
[2025-04-11T20:29:26.588+0000] {logging_mixin.py:190} INFO - [2025-04-11T20:29:26.587+0000] {dag.py:3239} INFO - Sync 2 DAGs
[2025-04-11T20:29:26.641+0000] {logging_mixin.py:190} INFO - [2025-04-11T20:29:26.640+0000] {dag.py:4180} INFO - Setting next_dagrun for example_external_task_marker_child to None, run_after=None
[2025-04-11T20:29:26.651+0000] {logging_mixin.py:190} INFO - [2025-04-11T20:29:26.650+0000] {dag.py:4180} INFO - Setting next_dagrun for example_external_task_marker_parent to None, run_after=None
[2025-04-11T20:29:26.701+0000] {processor.py:208} INFO - Processing /home/airflow/.local/lib/python3.12/site-packages/airflow/example_dags/example_external_task_marker_dag.py took 0.247 seconds
[2025-04-11T20:30:19.153+0000] {processor.py:186} INFO - Started process (PID=254) to work on /home/airflow/.local/lib/python3.12/site-packages/airflow/example_dags/example_external_task_marker_dag.py
[2025-04-11T20:30:19.157+0000] {processor.py:914} INFO - Processing file /home/airflow/.local/lib/python3.12/site-packages/airflow/example_dags/example_external_task_marker_dag.py for tasks to queue
[2025-04-11T20:30:19.167+0000] {logging_mixin.py:190} INFO - [2025-04-11T20:30:19.167+0000] {dagbag.py:588} INFO - Filling up the DagBag from /home/airflow/.local/lib/python3.12/site-packages/airflow/example_dags/example_external_task_marker_dag.py
[2025-04-11T20:30:19.328+0000] {processor.py:925} INFO - DAG(s) 'example_external_task_marker_child', 'example_external_task_marker_parent' retrieved from /home/airflow/.local/lib/python3.12/site-packages/airflow/example_dags/example_external_task_marker_dag.py
[2025-04-11T20:30:19.979+0000] {logging_mixin.py:190} INFO - [2025-04-11T20:30:19.966+0000] {dag.py:3239} INFO - Sync 2 DAGs
[2025-04-11T20:30:20.327+0000] {logging_mixin.py:190} INFO - [2025-04-11T20:30:20.326+0000] {dag.py:4180} INFO - Setting next_dagrun for example_external_task_marker_child to None, run_after=None
[2025-04-11T20:30:20.366+0000] {logging_mixin.py:190} INFO - [2025-04-11T20:30:20.365+0000] {dag.py:4180} INFO - Setting next_dagrun for example_external_task_marker_parent to None, run_after=None
[2025-04-11T20:30:20.782+0000] {processor.py:208} INFO - Processing /home/airflow/.local/lib/python3.12/site-packages/airflow/example_dags/example_external_task_marker_dag.py took 1.789 seconds
[2025-04-11T20:30:54.861+0000] {processor.py:186} INFO - Started process (PID=305) to work on /home/airflow/.local/lib/python3.12/site-packages/airflow/example_dags/example_external_task_marker_dag.py
[2025-04-11T20:30:54.865+0000] {processor.py:914} INFO - Processing file /home/airflow/.local/lib/python3.12/site-packages/airflow/example_dags/example_external_task_marker_dag.py for tasks to queue
[2025-04-11T20:30:54.877+0000] {logging_mixin.py:190} INFO - [2025-04-11T20:30:54.877+0000] {dagbag.py:588} INFO - Filling up the DagBag from /home/airflow/.local/lib/python3.12/site-packages/airflow/example_dags/example_external_task_marker_dag.py
[2025-04-11T20:30:54.954+0000] {processor.py:925} INFO - DAG(s) 'example_external_task_marker_parent', 'example_external_task_marker_child' retrieved from /home/airflow/.local/lib/python3.12/site-packages/airflow/example_dags/example_external_task_marker_dag.py
[2025-04-11T20:30:55.177+0000] {logging_mixin.py:190} INFO - [2025-04-11T20:30:55.176+0000] {dag.py:3239} INFO - Sync 2 DAGs
[2025-04-11T20:30:55.439+0000] {logging_mixin.py:190} INFO - [2025-04-11T20:30:55.438+0000] {dag.py:4180} INFO - Setting next_dagrun for example_external_task_marker_child to None, run_after=None
[2025-04-11T20:30:55.471+0000] {logging_mixin.py:190} INFO - [2025-04-11T20:30:55.466+0000] {dag.py:4180} INFO - Setting next_dagrun for example_external_task_marker_parent to None, run_after=None
[2025-04-11T20:30:55.667+0000] {processor.py:208} INFO - Processing /home/airflow/.local/lib/python3.12/site-packages/airflow/example_dags/example_external_task_marker_dag.py took 0.834 seconds
[2025-04-11T20:31:27.335+0000] {processor.py:186} INFO - Started process (PID=362) to work on /home/airflow/.local/lib/python3.12/site-packages/airflow/example_dags/example_external_task_marker_dag.py
[2025-04-11T20:31:27.340+0000] {processor.py:914} INFO - Processing file /home/airflow/.local/lib/python3.12/site-packages/airflow/example_dags/example_external_task_marker_dag.py for tasks to queue
[2025-04-11T20:31:27.348+0000] {logging_mixin.py:190} INFO - [2025-04-11T20:31:27.346+0000] {dagbag.py:588} INFO - Filling up the DagBag from /home/airflow/.local/lib/python3.12/site-packages/airflow/example_dags/example_external_task_marker_dag.py
[2025-04-11T20:31:27.379+0000] {processor.py:925} INFO - DAG(s) 'example_external_task_marker_child', 'example_external_task_marker_parent' retrieved from /home/airflow/.local/lib/python3.12/site-packages/airflow/example_dags/example_external_task_marker_dag.py
[2025-04-11T20:31:27.463+0000] {logging_mixin.py:190} INFO - [2025-04-11T20:31:27.462+0000] {dag.py:3239} INFO - Sync 2 DAGs
[2025-04-11T20:31:27.515+0000] {logging_mixin.py:190} INFO - [2025-04-11T20:31:27.514+0000] {dag.py:4180} INFO - Setting next_dagrun for example_external_task_marker_child to None, run_after=None
[2025-04-11T20:31:27.538+0000] {logging_mixin.py:190} INFO - [2025-04-11T20:31:27.538+0000] {dag.py:4180} INFO - Setting next_dagrun for example_external_task_marker_parent to None, run_after=None
[2025-04-11T20:31:27.606+0000] {processor.py:208} INFO - Processing /home/airflow/.local/lib/python3.12/site-packages/airflow/example_dags/example_external_task_marker_dag.py took 0.289 seconds
[2025-04-11T20:32:00.247+0000] {processor.py:186} INFO - Started process (PID=426) to work on /home/airflow/.local/lib/python3.12/site-packages/airflow/example_dags/example_external_task_marker_dag.py
[2025-04-11T20:32:00.262+0000] {processor.py:914} INFO - Processing file /home/airflow/.local/lib/python3.12/site-packages/airflow/example_dags/example_external_task_marker_dag.py for tasks to queue
[2025-04-11T20:32:00.280+0000] {logging_mixin.py:190} INFO - [2025-04-11T20:32:00.278+0000] {dagbag.py:588} INFO - Filling up the DagBag from /home/airflow/.local/lib/python3.12/site-packages/airflow/example_dags/example_external_task_marker_dag.py
[2025-04-11T20:32:00.343+0000] {processor.py:925} INFO - DAG(s) 'example_external_task_marker_parent', 'example_external_task_marker_child' retrieved from /home/airflow/.local/lib/python3.12/site-packages/airflow/example_dags/example_external_task_marker_dag.py
[2025-04-11T20:32:00.460+0000] {logging_mixin.py:190} INFO - [2025-04-11T20:32:00.459+0000] {dag.py:3239} INFO - Sync 2 DAGs
[2025-04-11T20:32:00.515+0000] {logging_mixin.py:190} INFO - [2025-04-11T20:32:00.514+0000] {dag.py:4180} INFO - Setting next_dagrun for example_external_task_marker_child to None, run_after=None
[2025-04-11T20:32:00.534+0000] {logging_mixin.py:190} INFO - [2025-04-11T20:32:00.533+0000] {dag.py:4180} INFO - Setting next_dagrun for example_external_task_marker_parent to None, run_after=None
[2025-04-11T20:32:00.711+0000] {processor.py:208} INFO - Processing /home/airflow/.local/lib/python3.12/site-packages/airflow/example_dags/example_external_task_marker_dag.py took 0.505 seconds
[2025-04-11T20:32:35.060+0000] {processor.py:186} INFO - Started process (PID=476) to work on /home/airflow/.local/lib/python3.12/site-packages/airflow/example_dags/example_external_task_marker_dag.py
[2025-04-11T20:32:35.080+0000] {processor.py:914} INFO - Processing file /home/airflow/.local/lib/python3.12/site-packages/airflow/example_dags/example_external_task_marker_dag.py for tasks to queue
[2025-04-11T20:32:35.120+0000] {logging_mixin.py:190} INFO - [2025-04-11T20:32:35.117+0000] {dagbag.py:588} INFO - Filling up the DagBag from /home/airflow/.local/lib/python3.12/site-packages/airflow/example_dags/example_external_task_marker_dag.py
[2025-04-11T20:32:35.252+0000] {processor.py:925} INFO - DAG(s) 'example_external_task_marker_parent', 'example_external_task_marker_child' retrieved from /home/airflow/.local/lib/python3.12/site-packages/airflow/example_dags/example_external_task_marker_dag.py
[2025-04-11T20:32:35.828+0000] {logging_mixin.py:190} INFO - [2025-04-11T20:32:35.827+0000] {dag.py:3239} INFO - Sync 2 DAGs
[2025-04-11T20:32:36.117+0000] {logging_mixin.py:190} INFO - [2025-04-11T20:32:36.100+0000] {dag.py:4180} INFO - Setting next_dagrun for example_external_task_marker_child to None, run_after=None
[2025-04-11T20:32:36.362+0000] {logging_mixin.py:190} INFO - [2025-04-11T20:32:36.357+0000] {dag.py:4180} INFO - Setting next_dagrun for example_external_task_marker_parent to None, run_after=None
[2025-04-11T20:32:36.782+0000] {processor.py:208} INFO - Processing /home/airflow/.local/lib/python3.12/site-packages/airflow/example_dags/example_external_task_marker_dag.py took 1.777 seconds
[2025-04-11T20:33:31.832+0000] {processor.py:186} INFO - Started process (PID=542) to work on /home/airflow/.local/lib/python3.12/site-packages/airflow/example_dags/example_external_task_marker_dag.py
[2025-04-11T20:33:31.856+0000] {processor.py:914} INFO - Processing file /home/airflow/.local/lib/python3.12/site-packages/airflow/example_dags/example_external_task_marker_dag.py for tasks to queue
[2025-04-11T20:33:31.910+0000] {logging_mixin.py:190} INFO - [2025-04-11T20:33:31.904+0000] {dagbag.py:588} INFO - Filling up the DagBag from /home/airflow/.local/lib/python3.12/site-packages/airflow/example_dags/example_external_task_marker_dag.py
[2025-04-11T20:33:32.099+0000] {processor.py:925} INFO - DAG(s) 'example_external_task_marker_parent', 'example_external_task_marker_child' retrieved from /home/airflow/.local/lib/python3.12/site-packages/airflow/example_dags/example_external_task_marker_dag.py
[2025-04-11T20:33:32.452+0000] {logging_mixin.py:190} INFO - [2025-04-11T20:33:32.451+0000] {dag.py:3239} INFO - Sync 2 DAGs
[2025-04-11T20:33:33.393+0000] {logging_mixin.py:190} INFO - [2025-04-11T20:33:33.392+0000] {dag.py:4180} INFO - Setting next_dagrun for example_external_task_marker_child to None, run_after=None
[2025-04-11T20:33:33.516+0000] {logging_mixin.py:190} INFO - [2025-04-11T20:33:33.515+0000] {dag.py:4180} INFO - Setting next_dagrun for example_external_task_marker_parent to None, run_after=None
[2025-04-11T20:33:34.247+0000] {processor.py:208} INFO - Processing /home/airflow/.local/lib/python3.12/site-packages/airflow/example_dags/example_external_task_marker_dag.py took 2.484 seconds
[2025-04-11T20:35:39.494+0000] {processor.py:186} INFO - Started process (PID=75) to work on /home/airflow/.local/lib/python3.12/site-packages/airflow/example_dags/example_external_task_marker_dag.py
[2025-04-11T20:35:39.497+0000] {processor.py:914} INFO - Processing file /home/airflow/.local/lib/python3.12/site-packages/airflow/example_dags/example_external_task_marker_dag.py for tasks to queue
[2025-04-11T20:35:39.522+0000] {logging_mixin.py:190} INFO - [2025-04-11T20:35:39.521+0000] {dagbag.py:588} INFO - Filling up the DagBag from /home/airflow/.local/lib/python3.12/site-packages/airflow/example_dags/example_external_task_marker_dag.py
[2025-04-11T20:35:39.601+0000] {processor.py:925} INFO - DAG(s) 'example_external_task_marker_parent', 'example_external_task_marker_child' retrieved from /home/airflow/.local/lib/python3.12/site-packages/airflow/example_dags/example_external_task_marker_dag.py
[2025-04-11T20:35:39.840+0000] {logging_mixin.py:190} INFO - [2025-04-11T20:35:39.837+0000] {dag.py:3239} INFO - Sync 2 DAGs
[2025-04-11T20:35:39.995+0000] {logging_mixin.py:190} INFO - [2025-04-11T20:35:39.994+0000] {dag.py:4180} INFO - Setting next_dagrun for example_external_task_marker_child to None, run_after=None
[2025-04-11T20:35:40.026+0000] {logging_mixin.py:190} INFO - [2025-04-11T20:35:40.025+0000] {dag.py:4180} INFO - Setting next_dagrun for example_external_task_marker_parent to None, run_after=None
[2025-04-11T20:35:40.176+0000] {processor.py:208} INFO - Processing /home/airflow/.local/lib/python3.12/site-packages/airflow/example_dags/example_external_task_marker_dag.py took 0.730 seconds
[2025-04-11T20:36:10.391+0000] {processor.py:186} INFO - Started process (PID=139) to work on /home/airflow/.local/lib/python3.12/site-packages/airflow/example_dags/example_external_task_marker_dag.py
[2025-04-11T20:36:10.394+0000] {processor.py:914} INFO - Processing file /home/airflow/.local/lib/python3.12/site-packages/airflow/example_dags/example_external_task_marker_dag.py for tasks to queue
[2025-04-11T20:36:10.402+0000] {logging_mixin.py:190} INFO - [2025-04-11T20:36:10.401+0000] {dagbag.py:588} INFO - Filling up the DagBag from /home/airflow/.local/lib/python3.12/site-packages/airflow/example_dags/example_external_task_marker_dag.py
[2025-04-11T20:36:10.428+0000] {processor.py:925} INFO - DAG(s) 'example_external_task_marker_child', 'example_external_task_marker_parent' retrieved from /home/airflow/.local/lib/python3.12/site-packages/airflow/example_dags/example_external_task_marker_dag.py
[2025-04-11T20:36:10.499+0000] {logging_mixin.py:190} INFO - [2025-04-11T20:36:10.498+0000] {dag.py:3239} INFO - Sync 2 DAGs
[2025-04-11T20:36:10.548+0000] {logging_mixin.py:190} INFO - [2025-04-11T20:36:10.547+0000] {dag.py:4180} INFO - Setting next_dagrun for example_external_task_marker_child to None, run_after=None
[2025-04-11T20:36:10.556+0000] {logging_mixin.py:190} INFO - [2025-04-11T20:36:10.556+0000] {dag.py:4180} INFO - Setting next_dagrun for example_external_task_marker_parent to None, run_after=None
[2025-04-11T20:36:10.608+0000] {processor.py:208} INFO - Processing /home/airflow/.local/lib/python3.12/site-packages/airflow/example_dags/example_external_task_marker_dag.py took 0.235 seconds
[2025-04-11T20:36:42.062+0000] {processor.py:186} INFO - Started process (PID=194) to work on /home/airflow/.local/lib/python3.12/site-packages/airflow/example_dags/example_external_task_marker_dag.py
[2025-04-11T20:36:42.065+0000] {processor.py:914} INFO - Processing file /home/airflow/.local/lib/python3.12/site-packages/airflow/example_dags/example_external_task_marker_dag.py for tasks to queue
[2025-04-11T20:36:42.069+0000] {logging_mixin.py:190} INFO - [2025-04-11T20:36:42.069+0000] {dagbag.py:588} INFO - Filling up the DagBag from /home/airflow/.local/lib/python3.12/site-packages/airflow/example_dags/example_external_task_marker_dag.py
[2025-04-11T20:36:42.085+0000] {processor.py:925} INFO - DAG(s) 'example_external_task_marker_parent', 'example_external_task_marker_child' retrieved from /home/airflow/.local/lib/python3.12/site-packages/airflow/example_dags/example_external_task_marker_dag.py
[2025-04-11T20:36:42.145+0000] {logging_mixin.py:190} INFO - [2025-04-11T20:36:42.145+0000] {dag.py:3239} INFO - Sync 2 DAGs
[2025-04-11T20:36:42.192+0000] {logging_mixin.py:190} INFO - [2025-04-11T20:36:42.192+0000] {dag.py:4180} INFO - Setting next_dagrun for example_external_task_marker_child to None, run_after=None
[2025-04-11T20:36:42.205+0000] {logging_mixin.py:190} INFO - [2025-04-11T20:36:42.204+0000] {dag.py:4180} INFO - Setting next_dagrun for example_external_task_marker_parent to None, run_after=None
[2025-04-11T20:36:42.238+0000] {processor.py:208} INFO - Processing /home/airflow/.local/lib/python3.12/site-packages/airflow/example_dags/example_external_task_marker_dag.py took 0.186 seconds
[2025-04-11T20:37:16.668+0000] {processor.py:186} INFO - Started process (PID=247) to work on /home/airflow/.local/lib/python3.12/site-packages/airflow/example_dags/example_external_task_marker_dag.py
[2025-04-11T20:37:16.673+0000] {processor.py:914} INFO - Processing file /home/airflow/.local/lib/python3.12/site-packages/airflow/example_dags/example_external_task_marker_dag.py for tasks to queue
[2025-04-11T20:37:16.690+0000] {logging_mixin.py:190} INFO - [2025-04-11T20:37:16.685+0000] {dagbag.py:588} INFO - Filling up the DagBag from /home/airflow/.local/lib/python3.12/site-packages/airflow/example_dags/example_external_task_marker_dag.py
[2025-04-11T20:37:16.758+0000] {processor.py:925} INFO - DAG(s) 'example_external_task_marker_child', 'example_external_task_marker_parent' retrieved from /home/airflow/.local/lib/python3.12/site-packages/airflow/example_dags/example_external_task_marker_dag.py
[2025-04-11T20:37:16.950+0000] {logging_mixin.py:190} INFO - [2025-04-11T20:37:16.948+0000] {dag.py:3239} INFO - Sync 2 DAGs
[2025-04-11T20:37:17.690+0000] {logging_mixin.py:190} INFO - [2025-04-11T20:37:17.677+0000] {dag.py:4180} INFO - Setting next_dagrun for example_external_task_marker_child to None, run_after=None
[2025-04-11T20:37:17.734+0000] {logging_mixin.py:190} INFO - [2025-04-11T20:37:17.734+0000] {dag.py:4180} INFO - Setting next_dagrun for example_external_task_marker_parent to None, run_after=None
[2025-04-11T20:37:18.110+0000] {processor.py:208} INFO - Processing /home/airflow/.local/lib/python3.12/site-packages/airflow/example_dags/example_external_task_marker_dag.py took 1.516 seconds
[2025-04-11T20:37:56.946+0000] {processor.py:186} INFO - Started process (PID=301) to work on /home/airflow/.local/lib/python3.12/site-packages/airflow/example_dags/example_external_task_marker_dag.py
[2025-04-11T20:37:56.951+0000] {processor.py:914} INFO - Processing file /home/airflow/.local/lib/python3.12/site-packages/airflow/example_dags/example_external_task_marker_dag.py for tasks to queue
[2025-04-11T20:37:56.974+0000] {logging_mixin.py:190} INFO - [2025-04-11T20:37:56.968+0000] {dagbag.py:588} INFO - Filling up the DagBag from /home/airflow/.local/lib/python3.12/site-packages/airflow/example_dags/example_external_task_marker_dag.py
[2025-04-11T20:37:57.046+0000] {processor.py:925} INFO - DAG(s) 'example_external_task_marker_parent', 'example_external_task_marker_child' retrieved from /home/airflow/.local/lib/python3.12/site-packages/airflow/example_dags/example_external_task_marker_dag.py
[2025-04-11T20:37:57.156+0000] {logging_mixin.py:190} INFO - [2025-04-11T20:37:57.155+0000] {dag.py:3239} INFO - Sync 2 DAGs
[2025-04-11T20:37:57.279+0000] {logging_mixin.py:190} INFO - [2025-04-11T20:37:57.278+0000] {dag.py:4180} INFO - Setting next_dagrun for example_external_task_marker_child to None, run_after=None
[2025-04-11T20:37:57.302+0000] {logging_mixin.py:190} INFO - [2025-04-11T20:37:57.301+0000] {dag.py:4180} INFO - Setting next_dagrun for example_external_task_marker_parent to None, run_after=None
[2025-04-11T20:37:57.510+0000] {processor.py:208} INFO - Processing /home/airflow/.local/lib/python3.12/site-packages/airflow/example_dags/example_external_task_marker_dag.py took 0.610 seconds
[2025-04-11T20:38:33.519+0000] {processor.py:186} INFO - Started process (PID=353) to work on /home/airflow/.local/lib/python3.12/site-packages/airflow/example_dags/example_external_task_marker_dag.py
[2025-04-11T20:38:33.541+0000] {processor.py:914} INFO - Processing file /home/airflow/.local/lib/python3.12/site-packages/airflow/example_dags/example_external_task_marker_dag.py for tasks to queue
[2025-04-11T20:38:33.571+0000] {logging_mixin.py:190} INFO - [2025-04-11T20:38:33.570+0000] {dagbag.py:588} INFO - Filling up the DagBag from /home/airflow/.local/lib/python3.12/site-packages/airflow/example_dags/example_external_task_marker_dag.py
[2025-04-11T20:38:33.687+0000] {processor.py:925} INFO - DAG(s) 'example_external_task_marker_child', 'example_external_task_marker_parent' retrieved from /home/airflow/.local/lib/python3.12/site-packages/airflow/example_dags/example_external_task_marker_dag.py
[2025-04-11T20:38:33.925+0000] {logging_mixin.py:190} INFO - [2025-04-11T20:38:33.924+0000] {dag.py:3239} INFO - Sync 2 DAGs
[2025-04-11T20:38:34.255+0000] {logging_mixin.py:190} INFO - [2025-04-11T20:38:34.254+0000] {dag.py:4180} INFO - Setting next_dagrun for example_external_task_marker_child to None, run_after=None
[2025-04-11T20:38:34.322+0000] {logging_mixin.py:190} INFO - [2025-04-11T20:38:34.321+0000] {dag.py:4180} INFO - Setting next_dagrun for example_external_task_marker_parent to None, run_after=None
[2025-04-11T20:38:34.516+0000] {processor.py:208} INFO - Processing /home/airflow/.local/lib/python3.12/site-packages/airflow/example_dags/example_external_task_marker_dag.py took 1.089 seconds
[2025-04-11T20:39:47.508+0000] {processor.py:186} INFO - Started process (PID=429) to work on /home/airflow/.local/lib/python3.12/site-packages/airflow/example_dags/example_external_task_marker_dag.py
[2025-04-11T20:39:47.529+0000] {processor.py:914} INFO - Processing file /home/airflow/.local/lib/python3.12/site-packages/airflow/example_dags/example_external_task_marker_dag.py for tasks to queue
[2025-04-11T20:39:47.585+0000] {logging_mixin.py:190} INFO - [2025-04-11T20:39:47.575+0000] {dagbag.py:588} INFO - Filling up the DagBag from /home/airflow/.local/lib/python3.12/site-packages/airflow/example_dags/example_external_task_marker_dag.py
[2025-04-11T20:39:47.714+0000] {processor.py:925} INFO - DAG(s) 'example_external_task_marker_parent', 'example_external_task_marker_child' retrieved from /home/airflow/.local/lib/python3.12/site-packages/airflow/example_dags/example_external_task_marker_dag.py
[2025-04-11T20:39:47.924+0000] {logging_mixin.py:190} INFO - [2025-04-11T20:39:47.923+0000] {dag.py:3239} INFO - Sync 2 DAGs
[2025-04-11T20:39:48.196+0000] {logging_mixin.py:190} INFO - [2025-04-11T20:39:48.193+0000] {dag.py:4180} INFO - Setting next_dagrun for example_external_task_marker_child to None, run_after=None
[2025-04-11T20:39:48.284+0000] {logging_mixin.py:190} INFO - [2025-04-11T20:39:48.283+0000] {dag.py:4180} INFO - Setting next_dagrun for example_external_task_marker_parent to None, run_after=None
[2025-04-11T20:39:48.661+0000] {processor.py:208} INFO - Processing /home/airflow/.local/lib/python3.12/site-packages/airflow/example_dags/example_external_task_marker_dag.py took 1.187 seconds
[2025-04-11T20:40:19.729+0000] {processor.py:186} INFO - Started process (PID=482) to work on /home/airflow/.local/lib/python3.12/site-packages/airflow/example_dags/example_external_task_marker_dag.py
[2025-04-11T20:40:19.741+0000] {processor.py:914} INFO - Processing file /home/airflow/.local/lib/python3.12/site-packages/airflow/example_dags/example_external_task_marker_dag.py for tasks to queue
[2025-04-11T20:40:19.749+0000] {logging_mixin.py:190} INFO - [2025-04-11T20:40:19.748+0000] {dagbag.py:588} INFO - Filling up the DagBag from /home/airflow/.local/lib/python3.12/site-packages/airflow/example_dags/example_external_task_marker_dag.py
[2025-04-11T20:40:19.820+0000] {processor.py:925} INFO - DAG(s) 'example_external_task_marker_child', 'example_external_task_marker_parent' retrieved from /home/airflow/.local/lib/python3.12/site-packages/airflow/example_dags/example_external_task_marker_dag.py
[2025-04-11T20:40:19.951+0000] {logging_mixin.py:190} INFO - [2025-04-11T20:40:19.950+0000] {dag.py:3239} INFO - Sync 2 DAGs
[2025-04-11T20:40:20.030+0000] {logging_mixin.py:190} INFO - [2025-04-11T20:40:20.030+0000] {dag.py:4180} INFO - Setting next_dagrun for example_external_task_marker_child to None, run_after=None
[2025-04-11T20:40:20.051+0000] {logging_mixin.py:190} INFO - [2025-04-11T20:40:20.051+0000] {dag.py:4180} INFO - Setting next_dagrun for example_external_task_marker_parent to None, run_after=None
[2025-04-11T20:40:20.144+0000] {processor.py:208} INFO - Processing /home/airflow/.local/lib/python3.12/site-packages/airflow/example_dags/example_external_task_marker_dag.py took 0.445 seconds
[2025-04-11T20:41:00.538+0000] {processor.py:186} INFO - Started process (PID=545) to work on /home/airflow/.local/lib/python3.12/site-packages/airflow/example_dags/example_external_task_marker_dag.py
[2025-04-11T20:41:00.542+0000] {processor.py:914} INFO - Processing file /home/airflow/.local/lib/python3.12/site-packages/airflow/example_dags/example_external_task_marker_dag.py for tasks to queue
[2025-04-11T20:41:00.554+0000] {logging_mixin.py:190} INFO - [2025-04-11T20:41:00.553+0000] {dagbag.py:588} INFO - Filling up the DagBag from /home/airflow/.local/lib/python3.12/site-packages/airflow/example_dags/example_external_task_marker_dag.py
[2025-04-11T20:41:00.598+0000] {processor.py:925} INFO - DAG(s) 'example_external_task_marker_child', 'example_external_task_marker_parent' retrieved from /home/airflow/.local/lib/python3.12/site-packages/airflow/example_dags/example_external_task_marker_dag.py
[2025-04-11T20:41:00.715+0000] {logging_mixin.py:190} INFO - [2025-04-11T20:41:00.714+0000] {dag.py:3239} INFO - Sync 2 DAGs
[2025-04-11T20:41:00.810+0000] {logging_mixin.py:190} INFO - [2025-04-11T20:41:00.809+0000] {dag.py:4180} INFO - Setting next_dagrun for example_external_task_marker_child to None, run_after=None
[2025-04-11T20:41:00.832+0000] {logging_mixin.py:190} INFO - [2025-04-11T20:41:00.831+0000] {dag.py:4180} INFO - Setting next_dagrun for example_external_task_marker_parent to None, run_after=None
[2025-04-11T20:41:00.944+0000] {processor.py:208} INFO - Processing /home/airflow/.local/lib/python3.12/site-packages/airflow/example_dags/example_external_task_marker_dag.py took 0.441 seconds
[2025-04-11T20:41:33.498+0000] {processor.py:186} INFO - Started process (PID=597) to work on /home/airflow/.local/lib/python3.12/site-packages/airflow/example_dags/example_external_task_marker_dag.py
[2025-04-11T20:41:33.506+0000] {processor.py:914} INFO - Processing file /home/airflow/.local/lib/python3.12/site-packages/airflow/example_dags/example_external_task_marker_dag.py for tasks to queue
[2025-04-11T20:41:33.523+0000] {logging_mixin.py:190} INFO - [2025-04-11T20:41:33.522+0000] {dagbag.py:588} INFO - Filling up the DagBag from /home/airflow/.local/lib/python3.12/site-packages/airflow/example_dags/example_external_task_marker_dag.py
[2025-04-11T20:41:33.636+0000] {processor.py:925} INFO - DAG(s) 'example_external_task_marker_child', 'example_external_task_marker_parent' retrieved from /home/airflow/.local/lib/python3.12/site-packages/airflow/example_dags/example_external_task_marker_dag.py
[2025-04-11T20:41:33.951+0000] {logging_mixin.py:190} INFO - [2025-04-11T20:41:33.950+0000] {dag.py:3239} INFO - Sync 2 DAGs
[2025-04-11T20:41:34.070+0000] {logging_mixin.py:190} INFO - [2025-04-11T20:41:34.070+0000] {dag.py:4180} INFO - Setting next_dagrun for example_external_task_marker_child to None, run_after=None
[2025-04-11T20:41:34.104+0000] {logging_mixin.py:190} INFO - [2025-04-11T20:41:34.104+0000] {dag.py:4180} INFO - Setting next_dagrun for example_external_task_marker_parent to None, run_after=None
[2025-04-11T20:41:34.304+0000] {processor.py:208} INFO - Processing /home/airflow/.local/lib/python3.12/site-packages/airflow/example_dags/example_external_task_marker_dag.py took 0.995 seconds
[2025-04-11T20:42:17.575+0000] {processor.py:186} INFO - Started process (PID=664) to work on /home/airflow/.local/lib/python3.12/site-packages/airflow/example_dags/example_external_task_marker_dag.py
[2025-04-11T20:42:17.584+0000] {processor.py:914} INFO - Processing file /home/airflow/.local/lib/python3.12/site-packages/airflow/example_dags/example_external_task_marker_dag.py for tasks to queue
[2025-04-11T20:42:17.865+0000] {logging_mixin.py:190} INFO - [2025-04-11T20:42:17.865+0000] {dagbag.py:588} INFO - Filling up the DagBag from /home/airflow/.local/lib/python3.12/site-packages/airflow/example_dags/example_external_task_marker_dag.py
[2025-04-11T20:42:18.094+0000] {processor.py:925} INFO - DAG(s) 'example_external_task_marker_parent', 'example_external_task_marker_child' retrieved from /home/airflow/.local/lib/python3.12/site-packages/airflow/example_dags/example_external_task_marker_dag.py
[2025-04-11T20:42:23.872+0000] {logging_mixin.py:190} INFO - [2025-04-11T20:42:22.922+0000] {dag.py:3239} INFO - Sync 2 DAGs
[2025-04-11T20:42:24.538+0000] {logging_mixin.py:190} INFO - [2025-04-11T20:42:24.538+0000] {dag.py:4180} INFO - Setting next_dagrun for example_external_task_marker_child to None, run_after=None
[2025-04-11T20:42:25.141+0000] {logging_mixin.py:190} INFO - [2025-04-11T20:42:25.140+0000] {dag.py:4180} INFO - Setting next_dagrun for example_external_task_marker_parent to None, run_after=None
[2025-04-11T20:42:30.902+0000] {processor.py:208} INFO - Processing /home/airflow/.local/lib/python3.12/site-packages/airflow/example_dags/example_external_task_marker_dag.py took 13.410 seconds
[2025-04-11T20:43:39.820+0000] {processor.py:186} INFO - Started process (PID=714) to work on /home/airflow/.local/lib/python3.12/site-packages/airflow/example_dags/example_external_task_marker_dag.py
[2025-04-11T20:43:39.825+0000] {processor.py:914} INFO - Processing file /home/airflow/.local/lib/python3.12/site-packages/airflow/example_dags/example_external_task_marker_dag.py for tasks to queue
[2025-04-11T20:43:39.845+0000] {logging_mixin.py:190} INFO - [2025-04-11T20:43:39.841+0000] {dagbag.py:588} INFO - Filling up the DagBag from /home/airflow/.local/lib/python3.12/site-packages/airflow/example_dags/example_external_task_marker_dag.py
[2025-04-11T20:43:39.922+0000] {processor.py:925} INFO - DAG(s) 'example_external_task_marker_child', 'example_external_task_marker_parent' retrieved from /home/airflow/.local/lib/python3.12/site-packages/airflow/example_dags/example_external_task_marker_dag.py
[2025-04-11T20:43:40.129+0000] {logging_mixin.py:190} INFO - [2025-04-11T20:43:40.128+0000] {dag.py:3239} INFO - Sync 2 DAGs
[2025-04-11T20:43:40.884+0000] {logging_mixin.py:190} INFO - [2025-04-11T20:43:40.883+0000] {dag.py:4180} INFO - Setting next_dagrun for example_external_task_marker_child to None, run_after=None
[2025-04-11T20:43:40.997+0000] {logging_mixin.py:190} INFO - [2025-04-11T20:43:40.997+0000] {dag.py:4180} INFO - Setting next_dagrun for example_external_task_marker_parent to None, run_after=None
[2025-04-11T20:43:41.605+0000] {processor.py:208} INFO - Processing /home/airflow/.local/lib/python3.12/site-packages/airflow/example_dags/example_external_task_marker_dag.py took 1.853 seconds
[2025-04-11T20:44:25.686+0000] {processor.py:186} INFO - Started process (PID=775) to work on /home/airflow/.local/lib/python3.12/site-packages/airflow/example_dags/example_external_task_marker_dag.py
[2025-04-11T20:44:25.693+0000] {processor.py:914} INFO - Processing file /home/airflow/.local/lib/python3.12/site-packages/airflow/example_dags/example_external_task_marker_dag.py for tasks to queue
[2025-04-11T20:44:25.699+0000] {logging_mixin.py:190} INFO - [2025-04-11T20:44:25.698+0000] {dagbag.py:588} INFO - Filling up the DagBag from /home/airflow/.local/lib/python3.12/site-packages/airflow/example_dags/example_external_task_marker_dag.py
[2025-04-11T20:44:25.728+0000] {processor.py:925} INFO - DAG(s) 'example_external_task_marker_child', 'example_external_task_marker_parent' retrieved from /home/airflow/.local/lib/python3.12/site-packages/airflow/example_dags/example_external_task_marker_dag.py
[2025-04-11T20:44:25.813+0000] {logging_mixin.py:190} INFO - [2025-04-11T20:44:25.812+0000] {dag.py:3239} INFO - Sync 2 DAGs
[2025-04-11T20:44:25.871+0000] {logging_mixin.py:190} INFO - [2025-04-11T20:44:25.870+0000] {dag.py:4180} INFO - Setting next_dagrun for example_external_task_marker_child to None, run_after=None
[2025-04-11T20:44:25.893+0000] {logging_mixin.py:190} INFO - [2025-04-11T20:44:25.892+0000] {dag.py:4180} INFO - Setting next_dagrun for example_external_task_marker_parent to None, run_after=None
[2025-04-11T20:44:25.978+0000] {processor.py:208} INFO - Processing /home/airflow/.local/lib/python3.12/site-packages/airflow/example_dags/example_external_task_marker_dag.py took 0.313 seconds
[2025-04-11T20:44:56.272+0000] {processor.py:186} INFO - Started process (PID=838) to work on /home/airflow/.local/lib/python3.12/site-packages/airflow/example_dags/example_external_task_marker_dag.py
[2025-04-11T20:44:56.276+0000] {processor.py:914} INFO - Processing file /home/airflow/.local/lib/python3.12/site-packages/airflow/example_dags/example_external_task_marker_dag.py for tasks to queue
[2025-04-11T20:44:56.281+0000] {logging_mixin.py:190} INFO - [2025-04-11T20:44:56.281+0000] {dagbag.py:588} INFO - Filling up the DagBag from /home/airflow/.local/lib/python3.12/site-packages/airflow/example_dags/example_external_task_marker_dag.py
[2025-04-11T20:44:56.301+0000] {processor.py:925} INFO - DAG(s) 'example_external_task_marker_parent', 'example_external_task_marker_child' retrieved from /home/airflow/.local/lib/python3.12/site-packages/airflow/example_dags/example_external_task_marker_dag.py
[2025-04-11T20:44:56.366+0000] {logging_mixin.py:190} INFO - [2025-04-11T20:44:56.366+0000] {dag.py:3239} INFO - Sync 2 DAGs
[2025-04-11T20:44:56.404+0000] {logging_mixin.py:190} INFO - [2025-04-11T20:44:56.404+0000] {dag.py:4180} INFO - Setting next_dagrun for example_external_task_marker_child to None, run_after=None
[2025-04-11T20:44:56.413+0000] {logging_mixin.py:190} INFO - [2025-04-11T20:44:56.413+0000] {dag.py:4180} INFO - Setting next_dagrun for example_external_task_marker_parent to None, run_after=None
[2025-04-11T20:44:56.498+0000] {processor.py:208} INFO - Processing /home/airflow/.local/lib/python3.12/site-packages/airflow/example_dags/example_external_task_marker_dag.py took 0.239 seconds
[2025-04-11T20:45:26.763+0000] {processor.py:186} INFO - Started process (PID=901) to work on /home/airflow/.local/lib/python3.12/site-packages/airflow/example_dags/example_external_task_marker_dag.py
[2025-04-11T20:45:26.768+0000] {processor.py:914} INFO - Processing file /home/airflow/.local/lib/python3.12/site-packages/airflow/example_dags/example_external_task_marker_dag.py for tasks to queue
[2025-04-11T20:45:26.775+0000] {logging_mixin.py:190} INFO - [2025-04-11T20:45:26.774+0000] {dagbag.py:588} INFO - Filling up the DagBag from /home/airflow/.local/lib/python3.12/site-packages/airflow/example_dags/example_external_task_marker_dag.py
[2025-04-11T20:45:26.795+0000] {processor.py:925} INFO - DAG(s) 'example_external_task_marker_child', 'example_external_task_marker_parent' retrieved from /home/airflow/.local/lib/python3.12/site-packages/airflow/example_dags/example_external_task_marker_dag.py
[2025-04-11T20:45:26.865+0000] {logging_mixin.py:190} INFO - [2025-04-11T20:45:26.865+0000] {dag.py:3239} INFO - Sync 2 DAGs
[2025-04-11T20:45:26.924+0000] {logging_mixin.py:190} INFO - [2025-04-11T20:45:26.923+0000] {dag.py:4180} INFO - Setting next_dagrun for example_external_task_marker_child to None, run_after=None
[2025-04-11T20:45:26.934+0000] {logging_mixin.py:190} INFO - [2025-04-11T20:45:26.934+0000] {dag.py:4180} INFO - Setting next_dagrun for example_external_task_marker_parent to None, run_after=None
[2025-04-11T20:45:26.984+0000] {processor.py:208} INFO - Processing /home/airflow/.local/lib/python3.12/site-packages/airflow/example_dags/example_external_task_marker_dag.py took 0.249 seconds
[2025-04-11T20:46:21.398+0000] {processor.py:186} INFO - Started process (PID=961) to work on /home/airflow/.local/lib/python3.12/site-packages/airflow/example_dags/example_external_task_marker_dag.py
[2025-04-11T20:46:21.431+0000] {processor.py:914} INFO - Processing file /home/airflow/.local/lib/python3.12/site-packages/airflow/example_dags/example_external_task_marker_dag.py for tasks to queue
[2025-04-11T20:46:21.484+0000] {logging_mixin.py:190} INFO - [2025-04-11T20:46:21.468+0000] {dagbag.py:588} INFO - Filling up the DagBag from /home/airflow/.local/lib/python3.12/site-packages/airflow/example_dags/example_external_task_marker_dag.py
[2025-04-11T20:46:21.681+0000] {processor.py:925} INFO - DAG(s) 'example_external_task_marker_parent', 'example_external_task_marker_child' retrieved from /home/airflow/.local/lib/python3.12/site-packages/airflow/example_dags/example_external_task_marker_dag.py
[2025-04-11T20:46:22.881+0000] {logging_mixin.py:190} INFO - [2025-04-11T20:46:22.880+0000] {dag.py:3239} INFO - Sync 2 DAGs
[2025-04-11T20:46:24.075+0000] {logging_mixin.py:190} INFO - [2025-04-11T20:46:24.074+0000] {dag.py:4180} INFO - Setting next_dagrun for example_external_task_marker_child to None, run_after=None
[2025-04-11T20:46:24.222+0000] {logging_mixin.py:190} INFO - [2025-04-11T20:46:24.221+0000] {dag.py:4180} INFO - Setting next_dagrun for example_external_task_marker_parent to None, run_after=None
[2025-04-11T20:46:25.397+0000] {processor.py:208} INFO - Processing /home/airflow/.local/lib/python3.12/site-packages/airflow/example_dags/example_external_task_marker_dag.py took 4.159 seconds
[2025-04-11T20:47:27.708+0000] {processor.py:186} INFO - Started process (PID=1018) to work on /home/airflow/.local/lib/python3.12/site-packages/airflow/example_dags/example_external_task_marker_dag.py
[2025-04-11T20:47:27.714+0000] {processor.py:914} INFO - Processing file /home/airflow/.local/lib/python3.12/site-packages/airflow/example_dags/example_external_task_marker_dag.py for tasks to queue
[2025-04-11T20:47:27.724+0000] {logging_mixin.py:190} INFO - [2025-04-11T20:47:27.721+0000] {dagbag.py:588} INFO - Filling up the DagBag from /home/airflow/.local/lib/python3.12/site-packages/airflow/example_dags/example_external_task_marker_dag.py
[2025-04-11T20:47:27.787+0000] {processor.py:925} INFO - DAG(s) 'example_external_task_marker_parent', 'example_external_task_marker_child' retrieved from /home/airflow/.local/lib/python3.12/site-packages/airflow/example_dags/example_external_task_marker_dag.py
[2025-04-11T20:47:27.940+0000] {logging_mixin.py:190} INFO - [2025-04-11T20:47:27.940+0000] {dag.py:3239} INFO - Sync 2 DAGs
[2025-04-11T20:47:28.055+0000] {logging_mixin.py:190} INFO - [2025-04-11T20:47:28.055+0000] {dag.py:4180} INFO - Setting next_dagrun for example_external_task_marker_child to None, run_after=None
[2025-04-11T20:47:28.157+0000] {logging_mixin.py:190} INFO - [2025-04-11T20:47:28.156+0000] {dag.py:4180} INFO - Setting next_dagrun for example_external_task_marker_parent to None, run_after=None
[2025-04-11T20:47:28.404+0000] {processor.py:208} INFO - Processing /home/airflow/.local/lib/python3.12/site-packages/airflow/example_dags/example_external_task_marker_dag.py took 0.746 seconds
[2025-04-11T20:48:49.270+0000] {processor.py:186} INFO - Started process (PID=1062) to work on /home/airflow/.local/lib/python3.12/site-packages/airflow/example_dags/example_external_task_marker_dag.py
[2025-04-11T20:48:49.297+0000] {processor.py:914} INFO - Processing file /home/airflow/.local/lib/python3.12/site-packages/airflow/example_dags/example_external_task_marker_dag.py for tasks to queue
[2025-04-11T20:48:49.319+0000] {logging_mixin.py:190} INFO - [2025-04-11T20:48:49.315+0000] {dagbag.py:588} INFO - Filling up the DagBag from /home/airflow/.local/lib/python3.12/site-packages/airflow/example_dags/example_external_task_marker_dag.py
[2025-04-11T20:48:49.418+0000] {processor.py:925} INFO - DAG(s) 'example_external_task_marker_parent', 'example_external_task_marker_child' retrieved from /home/airflow/.local/lib/python3.12/site-packages/airflow/example_dags/example_external_task_marker_dag.py
[2025-04-11T20:48:50.601+0000] {logging_mixin.py:190} INFO - [2025-04-11T20:48:50.589+0000] {dag.py:3239} INFO - Sync 2 DAGs
[2025-04-11T20:48:51.802+0000] {logging_mixin.py:190} INFO - [2025-04-11T20:48:51.802+0000] {dag.py:4180} INFO - Setting next_dagrun for example_external_task_marker_child to None, run_after=None
[2025-04-11T20:48:52.335+0000] {logging_mixin.py:190} INFO - [2025-04-11T20:48:52.334+0000] {dag.py:4180} INFO - Setting next_dagrun for example_external_task_marker_parent to None, run_after=None
[2025-04-11T20:48:53.394+0000] {processor.py:208} INFO - Processing /home/airflow/.local/lib/python3.12/site-packages/airflow/example_dags/example_external_task_marker_dag.py took 4.176 seconds
[2025-04-11T20:50:00.984+0000] {processor.py:186} INFO - Started process (PID=1127) to work on /home/airflow/.local/lib/python3.12/site-packages/airflow/example_dags/example_external_task_marker_dag.py
[2025-04-11T20:50:00.999+0000] {processor.py:914} INFO - Processing file /home/airflow/.local/lib/python3.12/site-packages/airflow/example_dags/example_external_task_marker_dag.py for tasks to queue
[2025-04-11T20:50:01.020+0000] {logging_mixin.py:190} INFO - [2025-04-11T20:50:01.019+0000] {dagbag.py:588} INFO - Filling up the DagBag from /home/airflow/.local/lib/python3.12/site-packages/airflow/example_dags/example_external_task_marker_dag.py
[2025-04-11T20:50:01.132+0000] {processor.py:925} INFO - DAG(s) 'example_external_task_marker_parent', 'example_external_task_marker_child' retrieved from /home/airflow/.local/lib/python3.12/site-packages/airflow/example_dags/example_external_task_marker_dag.py
[2025-04-11T20:50:01.370+0000] {logging_mixin.py:190} INFO - [2025-04-11T20:50:01.369+0000] {dag.py:3239} INFO - Sync 2 DAGs
[2025-04-11T20:50:01.494+0000] {logging_mixin.py:190} INFO - [2025-04-11T20:50:01.493+0000] {dag.py:4180} INFO - Setting next_dagrun for example_external_task_marker_child to None, run_after=None
[2025-04-11T20:50:01.553+0000] {logging_mixin.py:190} INFO - [2025-04-11T20:50:01.552+0000] {dag.py:4180} INFO - Setting next_dagrun for example_external_task_marker_parent to None, run_after=None
[2025-04-11T20:50:01.665+0000] {processor.py:208} INFO - Processing /home/airflow/.local/lib/python3.12/site-packages/airflow/example_dags/example_external_task_marker_dag.py took 0.713 seconds
[2025-04-11T20:50:47.845+0000] {processor.py:186} INFO - Started process (PID=1182) to work on /home/airflow/.local/lib/python3.12/site-packages/airflow/example_dags/example_external_task_marker_dag.py
[2025-04-11T20:50:47.853+0000] {processor.py:914} INFO - Processing file /home/airflow/.local/lib/python3.12/site-packages/airflow/example_dags/example_external_task_marker_dag.py for tasks to queue
[2025-04-11T20:50:47.864+0000] {logging_mixin.py:190} INFO - [2025-04-11T20:50:47.863+0000] {dagbag.py:588} INFO - Filling up the DagBag from /home/airflow/.local/lib/python3.12/site-packages/airflow/example_dags/example_external_task_marker_dag.py
[2025-04-11T20:50:47.923+0000] {processor.py:925} INFO - DAG(s) 'example_external_task_marker_child', 'example_external_task_marker_parent' retrieved from /home/airflow/.local/lib/python3.12/site-packages/airflow/example_dags/example_external_task_marker_dag.py
[2025-04-11T20:50:48.210+0000] {logging_mixin.py:190} INFO - [2025-04-11T20:50:48.210+0000] {dag.py:3239} INFO - Sync 2 DAGs
[2025-04-11T20:50:48.350+0000] {logging_mixin.py:190} INFO - [2025-04-11T20:50:48.350+0000] {dag.py:4180} INFO - Setting next_dagrun for example_external_task_marker_child to None, run_after=None
[2025-04-11T20:50:48.375+0000] {logging_mixin.py:190} INFO - [2025-04-11T20:50:48.371+0000] {dag.py:4180} INFO - Setting next_dagrun for example_external_task_marker_parent to None, run_after=None
[2025-04-11T20:50:48.466+0000] {processor.py:208} INFO - Processing /home/airflow/.local/lib/python3.12/site-packages/airflow/example_dags/example_external_task_marker_dag.py took 0.740 seconds
[2025-04-11T20:51:36.646+0000] {processor.py:186} INFO - Started process (PID=1249) to work on /home/airflow/.local/lib/python3.12/site-packages/airflow/example_dags/example_external_task_marker_dag.py
[2025-04-11T20:51:36.704+0000] {processor.py:914} INFO - Processing file /home/airflow/.local/lib/python3.12/site-packages/airflow/example_dags/example_external_task_marker_dag.py for tasks to queue
[2025-04-11T20:51:36.781+0000] {logging_mixin.py:190} INFO - [2025-04-11T20:51:36.779+0000] {dagbag.py:588} INFO - Filling up the DagBag from /home/airflow/.local/lib/python3.12/site-packages/airflow/example_dags/example_external_task_marker_dag.py
[2025-04-11T20:51:37.009+0000] {processor.py:925} INFO - DAG(s) 'example_external_task_marker_child', 'example_external_task_marker_parent' retrieved from /home/airflow/.local/lib/python3.12/site-packages/airflow/example_dags/example_external_task_marker_dag.py
[2025-04-11T20:51:37.291+0000] {logging_mixin.py:190} INFO - [2025-04-11T20:51:37.291+0000] {dag.py:3239} INFO - Sync 2 DAGs
[2025-04-11T20:51:37.692+0000] {logging_mixin.py:190} INFO - [2025-04-11T20:51:37.691+0000] {dag.py:4180} INFO - Setting next_dagrun for example_external_task_marker_child to None, run_after=None
[2025-04-11T20:51:38.059+0000] {logging_mixin.py:190} INFO - [2025-04-11T20:51:38.056+0000] {dag.py:4180} INFO - Setting next_dagrun for example_external_task_marker_parent to None, run_after=None
[2025-04-11T20:51:38.643+0000] {processor.py:208} INFO - Processing /home/airflow/.local/lib/python3.12/site-packages/airflow/example_dags/example_external_task_marker_dag.py took 2.338 seconds
[2025-04-11T20:52:27.035+0000] {processor.py:186} INFO - Started process (PID=1313) to work on /home/airflow/.local/lib/python3.12/site-packages/airflow/example_dags/example_external_task_marker_dag.py
[2025-04-11T20:52:27.043+0000] {processor.py:914} INFO - Processing file /home/airflow/.local/lib/python3.12/site-packages/airflow/example_dags/example_external_task_marker_dag.py for tasks to queue
[2025-04-11T20:52:27.142+0000] {logging_mixin.py:190} INFO - [2025-04-11T20:52:27.128+0000] {dagbag.py:588} INFO - Filling up the DagBag from /home/airflow/.local/lib/python3.12/site-packages/airflow/example_dags/example_external_task_marker_dag.py
[2025-04-11T20:52:27.239+0000] {processor.py:925} INFO - DAG(s) 'example_external_task_marker_parent', 'example_external_task_marker_child' retrieved from /home/airflow/.local/lib/python3.12/site-packages/airflow/example_dags/example_external_task_marker_dag.py
[2025-04-11T20:52:27.523+0000] {logging_mixin.py:190} INFO - [2025-04-11T20:52:27.522+0000] {dag.py:3239} INFO - Sync 2 DAGs
[2025-04-11T20:52:28.027+0000] {logging_mixin.py:190} INFO - [2025-04-11T20:52:28.027+0000] {dag.py:4180} INFO - Setting next_dagrun for example_external_task_marker_child to None, run_after=None
[2025-04-11T20:52:28.098+0000] {logging_mixin.py:190} INFO - [2025-04-11T20:52:28.083+0000] {dag.py:4180} INFO - Setting next_dagrun for example_external_task_marker_parent to None, run_after=None
[2025-04-11T20:52:28.369+0000] {processor.py:208} INFO - Processing /home/airflow/.local/lib/python3.12/site-packages/airflow/example_dags/example_external_task_marker_dag.py took 1.366 seconds
[2025-04-11T20:53:02.217+0000] {processor.py:186} INFO - Started process (PID=1364) to work on /home/airflow/.local/lib/python3.12/site-packages/airflow/example_dags/example_external_task_marker_dag.py
[2025-04-11T20:53:02.242+0000] {processor.py:914} INFO - Processing file /home/airflow/.local/lib/python3.12/site-packages/airflow/example_dags/example_external_task_marker_dag.py for tasks to queue
[2025-04-11T20:53:02.346+0000] {logging_mixin.py:190} INFO - [2025-04-11T20:53:02.344+0000] {dagbag.py:588} INFO - Filling up the DagBag from /home/airflow/.local/lib/python3.12/site-packages/airflow/example_dags/example_external_task_marker_dag.py
[2025-04-11T20:53:02.656+0000] {processor.py:925} INFO - DAG(s) 'example_external_task_marker_parent', 'example_external_task_marker_child' retrieved from /home/airflow/.local/lib/python3.12/site-packages/airflow/example_dags/example_external_task_marker_dag.py
[2025-04-11T20:53:03.396+0000] {logging_mixin.py:190} INFO - [2025-04-11T20:53:03.395+0000] {dag.py:3239} INFO - Sync 2 DAGs
[2025-04-11T20:53:03.854+0000] {logging_mixin.py:190} INFO - [2025-04-11T20:53:03.854+0000] {dag.py:4180} INFO - Setting next_dagrun for example_external_task_marker_child to None, run_after=None
[2025-04-11T20:53:04.000+0000] {logging_mixin.py:190} INFO - [2025-04-11T20:53:03.993+0000] {dag.py:4180} INFO - Setting next_dagrun for example_external_task_marker_parent to None, run_after=None
[2025-04-11T20:53:04.403+0000] {processor.py:208} INFO - Processing /home/airflow/.local/lib/python3.12/site-packages/airflow/example_dags/example_external_task_marker_dag.py took 2.281 seconds
