[2025-04-11T19:46:40.635+0000] {processor.py:186} INFO - Started process (PID=148) to work on /home/airflow/.local/lib/python3.12/site-packages/airflow/example_dags/example_setup_teardown.py
[2025-04-11T19:46:40.638+0000] {processor.py:914} INFO - Processing file /home/airflow/.local/lib/python3.12/site-packages/airflow/example_dags/example_setup_teardown.py for tasks to queue
[2025-04-11T19:46:40.649+0000] {logging_mixin.py:190} INFO - [2025-04-11T19:46:40.648+0000] {dagbag.py:588} INFO - Filling up the DagBag from /home/airflow/.local/lib/python3.12/site-packages/airflow/example_dags/example_setup_teardown.py
[2025-04-11T19:46:40.688+0000] {processor.py:925} INFO - DAG(s) 'example_setup_teardown' retrieved from /home/airflow/.local/lib/python3.12/site-packages/airflow/example_dags/example_setup_teardown.py
[2025-04-11T19:46:41.370+0000] {logging_mixin.py:190} INFO - [2025-04-11T19:46:41.368+0000] {override.py:1912} INFO - Created Permission View: can delete on DAG:example_setup_teardown
[2025-04-11T19:46:41.502+0000] {logging_mixin.py:190} INFO - [2025-04-11T19:46:41.489+0000] {override.py:1912} INFO - Created Permission View: can read on DAG:example_setup_teardown
[2025-04-11T19:46:41.707+0000] {logging_mixin.py:190} INFO - [2025-04-11T19:46:41.705+0000] {override.py:1912} INFO - Created Permission View: can edit on DAG:example_setup_teardown
[2025-04-11T19:46:41.776+0000] {logging_mixin.py:190} INFO - [2025-04-11T19:46:41.773+0000] {override.py:1912} INFO - Created Permission View: can create on DAG Run:example_setup_teardown
[2025-04-11T19:46:41.839+0000] {logging_mixin.py:190} INFO - [2025-04-11T19:46:41.838+0000] {override.py:1912} INFO - Created Permission View: can read on DAG Run:example_setup_teardown
[2025-04-11T19:46:41.892+0000] {logging_mixin.py:190} INFO - [2025-04-11T19:46:41.891+0000] {override.py:1912} INFO - Created Permission View: can delete on DAG Run:example_setup_teardown
[2025-04-11T19:46:41.938+0000] {logging_mixin.py:190} INFO - [2025-04-11T19:46:41.936+0000] {override.py:1912} INFO - Created Permission View: menu access on DAG Run:example_setup_teardown
[2025-04-11T19:46:41.946+0000] {logging_mixin.py:190} INFO - [2025-04-11T19:46:41.944+0000] {dag.py:3239} INFO - Sync 1 DAGs
[2025-04-11T19:46:42.033+0000] {logging_mixin.py:190} INFO - [2025-04-11T19:46:42.033+0000] {dag.py:3262} INFO - Creating ORM DAG for example_setup_teardown
[2025-04-11T19:46:42.041+0000] {logging_mixin.py:190} INFO - [2025-04-11T19:46:42.041+0000] {dag.py:4180} INFO - Setting next_dagrun for example_setup_teardown to None, run_after=None
[2025-04-11T19:46:42.136+0000] {processor.py:208} INFO - Processing /home/airflow/.local/lib/python3.12/site-packages/airflow/example_dags/example_setup_teardown.py took 1.585 seconds
[2025-04-11T19:47:12.363+0000] {processor.py:186} INFO - Started process (PID=212) to work on /home/airflow/.local/lib/python3.12/site-packages/airflow/example_dags/example_setup_teardown.py
[2025-04-11T19:47:12.366+0000] {processor.py:914} INFO - Processing file /home/airflow/.local/lib/python3.12/site-packages/airflow/example_dags/example_setup_teardown.py for tasks to queue
[2025-04-11T19:47:12.370+0000] {logging_mixin.py:190} INFO - [2025-04-11T19:47:12.370+0000] {dagbag.py:588} INFO - Filling up the DagBag from /home/airflow/.local/lib/python3.12/site-packages/airflow/example_dags/example_setup_teardown.py
[2025-04-11T19:47:12.384+0000] {processor.py:925} INFO - DAG(s) 'example_setup_teardown' retrieved from /home/airflow/.local/lib/python3.12/site-packages/airflow/example_dags/example_setup_teardown.py
[2025-04-11T19:47:12.423+0000] {logging_mixin.py:190} INFO - [2025-04-11T19:47:12.423+0000] {dag.py:3239} INFO - Sync 1 DAGs
[2025-04-11T19:47:12.448+0000] {logging_mixin.py:190} INFO - [2025-04-11T19:47:12.448+0000] {dag.py:4180} INFO - Setting next_dagrun for example_setup_teardown to None, run_after=None
[2025-04-11T19:47:12.481+0000] {processor.py:208} INFO - Processing /home/airflow/.local/lib/python3.12/site-packages/airflow/example_dags/example_setup_teardown.py took 0.127 seconds
[2025-04-11T19:48:31.082+0000] {processor.py:186} INFO - Started process (PID=281) to work on /home/airflow/.local/lib/python3.12/site-packages/airflow/example_dags/example_setup_teardown.py
[2025-04-11T19:48:31.097+0000] {processor.py:914} INFO - Processing file /home/airflow/.local/lib/python3.12/site-packages/airflow/example_dags/example_setup_teardown.py for tasks to queue
[2025-04-11T19:48:31.127+0000] {logging_mixin.py:190} INFO - [2025-04-11T19:48:31.116+0000] {dagbag.py:588} INFO - Filling up the DagBag from /home/airflow/.local/lib/python3.12/site-packages/airflow/example_dags/example_setup_teardown.py
[2025-04-11T19:48:31.199+0000] {processor.py:925} INFO - DAG(s) 'example_setup_teardown' retrieved from /home/airflow/.local/lib/python3.12/site-packages/airflow/example_dags/example_setup_teardown.py
[2025-04-11T19:48:31.292+0000] {logging_mixin.py:190} INFO - [2025-04-11T19:48:31.292+0000] {dag.py:3239} INFO - Sync 1 DAGs
[2025-04-11T19:48:31.354+0000] {logging_mixin.py:190} INFO - [2025-04-11T19:48:31.354+0000] {dag.py:4180} INFO - Setting next_dagrun for example_setup_teardown to None, run_after=None
[2025-04-11T19:48:31.419+0000] {processor.py:208} INFO - Processing /home/airflow/.local/lib/python3.12/site-packages/airflow/example_dags/example_setup_teardown.py took 0.363 seconds
[2025-04-11T19:53:43.184+0000] {processor.py:186} INFO - Started process (PID=132) to work on /home/airflow/.local/lib/python3.12/site-packages/airflow/example_dags/example_setup_teardown.py
[2025-04-11T19:53:43.195+0000] {processor.py:914} INFO - Processing file /home/airflow/.local/lib/python3.12/site-packages/airflow/example_dags/example_setup_teardown.py for tasks to queue
[2025-04-11T19:53:43.245+0000] {logging_mixin.py:190} INFO - [2025-04-11T19:53:43.243+0000] {dagbag.py:588} INFO - Filling up the DagBag from /home/airflow/.local/lib/python3.12/site-packages/airflow/example_dags/example_setup_teardown.py
[2025-04-11T19:53:43.892+0000] {processor.py:925} INFO - DAG(s) 'example_setup_teardown' retrieved from /home/airflow/.local/lib/python3.12/site-packages/airflow/example_dags/example_setup_teardown.py
[2025-04-11T19:53:44.617+0000] {logging_mixin.py:190} INFO - [2025-04-11T19:53:44.616+0000] {dag.py:3239} INFO - Sync 1 DAGs
[2025-04-11T19:53:46.895+0000] {logging_mixin.py:190} INFO - [2025-04-11T19:53:46.894+0000] {dag.py:4180} INFO - Setting next_dagrun for example_setup_teardown to None, run_after=None
[2025-04-11T19:53:48.716+0000] {processor.py:208} INFO - Processing /home/airflow/.local/lib/python3.12/site-packages/airflow/example_dags/example_setup_teardown.py took 5.549 seconds
[2025-04-11T19:54:40.566+0000] {processor.py:186} INFO - Started process (PID=202) to work on /home/airflow/.local/lib/python3.12/site-packages/airflow/example_dags/example_setup_teardown.py
[2025-04-11T19:54:40.574+0000] {processor.py:914} INFO - Processing file /home/airflow/.local/lib/python3.12/site-packages/airflow/example_dags/example_setup_teardown.py for tasks to queue
[2025-04-11T19:54:40.635+0000] {logging_mixin.py:190} INFO - [2025-04-11T19:54:40.629+0000] {dagbag.py:588} INFO - Filling up the DagBag from /home/airflow/.local/lib/python3.12/site-packages/airflow/example_dags/example_setup_teardown.py
[2025-04-11T19:54:40.688+0000] {processor.py:925} INFO - DAG(s) 'example_setup_teardown' retrieved from /home/airflow/.local/lib/python3.12/site-packages/airflow/example_dags/example_setup_teardown.py
[2025-04-11T19:54:41.325+0000] {logging_mixin.py:190} INFO - [2025-04-11T19:54:41.325+0000] {dag.py:3239} INFO - Sync 1 DAGs
[2025-04-11T19:54:41.630+0000] {logging_mixin.py:190} INFO - [2025-04-11T19:54:41.626+0000] {dag.py:4180} INFO - Setting next_dagrun for example_setup_teardown to None, run_after=None
[2025-04-11T19:54:41.885+0000] {processor.py:208} INFO - Processing /home/airflow/.local/lib/python3.12/site-packages/airflow/example_dags/example_setup_teardown.py took 1.381 seconds
[2025-04-11T19:55:31.046+0000] {processor.py:186} INFO - Started process (PID=274) to work on /home/airflow/.local/lib/python3.12/site-packages/airflow/example_dags/example_setup_teardown.py
[2025-04-11T19:55:31.062+0000] {processor.py:914} INFO - Processing file /home/airflow/.local/lib/python3.12/site-packages/airflow/example_dags/example_setup_teardown.py for tasks to queue
[2025-04-11T19:55:31.112+0000] {logging_mixin.py:190} INFO - [2025-04-11T19:55:31.111+0000] {dagbag.py:588} INFO - Filling up the DagBag from /home/airflow/.local/lib/python3.12/site-packages/airflow/example_dags/example_setup_teardown.py
[2025-04-11T19:55:31.435+0000] {processor.py:925} INFO - DAG(s) 'example_setup_teardown' retrieved from /home/airflow/.local/lib/python3.12/site-packages/airflow/example_dags/example_setup_teardown.py
[2025-04-11T19:55:31.624+0000] {logging_mixin.py:190} INFO - [2025-04-11T19:55:31.623+0000] {dag.py:3239} INFO - Sync 1 DAGs
[2025-04-11T19:55:31.734+0000] {logging_mixin.py:190} INFO - [2025-04-11T19:55:31.729+0000] {dag.py:4180} INFO - Setting next_dagrun for example_setup_teardown to None, run_after=None
[2025-04-11T19:55:31.987+0000] {processor.py:208} INFO - Processing /home/airflow/.local/lib/python3.12/site-packages/airflow/example_dags/example_setup_teardown.py took 0.980 seconds
[2025-04-11T19:56:28.674+0000] {processor.py:186} INFO - Started process (PID=354) to work on /home/airflow/.local/lib/python3.12/site-packages/airflow/example_dags/example_setup_teardown.py
[2025-04-11T19:56:28.679+0000] {processor.py:914} INFO - Processing file /home/airflow/.local/lib/python3.12/site-packages/airflow/example_dags/example_setup_teardown.py for tasks to queue
[2025-04-11T19:56:28.690+0000] {logging_mixin.py:190} INFO - [2025-04-11T19:56:28.689+0000] {dagbag.py:588} INFO - Filling up the DagBag from /home/airflow/.local/lib/python3.12/site-packages/airflow/example_dags/example_setup_teardown.py
[2025-04-11T19:56:28.717+0000] {processor.py:925} INFO - DAG(s) 'example_setup_teardown' retrieved from /home/airflow/.local/lib/python3.12/site-packages/airflow/example_dags/example_setup_teardown.py
[2025-04-11T19:56:28.829+0000] {logging_mixin.py:190} INFO - [2025-04-11T19:56:28.829+0000] {dag.py:3239} INFO - Sync 1 DAGs
[2025-04-11T19:56:28.878+0000] {logging_mixin.py:190} INFO - [2025-04-11T19:56:28.878+0000] {dag.py:4180} INFO - Setting next_dagrun for example_setup_teardown to None, run_after=None
[2025-04-11T19:56:28.930+0000] {processor.py:208} INFO - Processing /home/airflow/.local/lib/python3.12/site-packages/airflow/example_dags/example_setup_teardown.py took 0.274 seconds
[2025-04-11T19:59:49.811+0000] {processor.py:186} INFO - Started process (PID=122) to work on /home/airflow/.local/lib/python3.12/site-packages/airflow/example_dags/example_setup_teardown.py
[2025-04-11T19:59:49.830+0000] {processor.py:914} INFO - Processing file /home/airflow/.local/lib/python3.12/site-packages/airflow/example_dags/example_setup_teardown.py for tasks to queue
[2025-04-11T19:59:49.884+0000] {logging_mixin.py:190} INFO - [2025-04-11T19:59:49.881+0000] {dagbag.py:588} INFO - Filling up the DagBag from /home/airflow/.local/lib/python3.12/site-packages/airflow/example_dags/example_setup_teardown.py
[2025-04-11T19:59:49.958+0000] {processor.py:925} INFO - DAG(s) 'example_setup_teardown' retrieved from /home/airflow/.local/lib/python3.12/site-packages/airflow/example_dags/example_setup_teardown.py
[2025-04-11T19:59:52.319+0000] {logging_mixin.py:190} INFO - [2025-04-11T19:59:52.318+0000] {dag.py:3239} INFO - Sync 1 DAGs
[2025-04-11T19:59:52.708+0000] {logging_mixin.py:190} INFO - [2025-04-11T19:59:52.707+0000] {dag.py:4180} INFO - Setting next_dagrun for example_setup_teardown to None, run_after=None
[2025-04-11T19:59:53.469+0000] {processor.py:208} INFO - Processing /home/airflow/.local/lib/python3.12/site-packages/airflow/example_dags/example_setup_teardown.py took 3.763 seconds
[2025-04-11T20:00:29.292+0000] {processor.py:186} INFO - Started process (PID=186) to work on /home/airflow/.local/lib/python3.12/site-packages/airflow/example_dags/example_setup_teardown.py
[2025-04-11T20:00:29.299+0000] {processor.py:914} INFO - Processing file /home/airflow/.local/lib/python3.12/site-packages/airflow/example_dags/example_setup_teardown.py for tasks to queue
[2025-04-11T20:00:29.314+0000] {logging_mixin.py:190} INFO - [2025-04-11T20:00:29.314+0000] {dagbag.py:588} INFO - Filling up the DagBag from /home/airflow/.local/lib/python3.12/site-packages/airflow/example_dags/example_setup_teardown.py
[2025-04-11T20:00:29.371+0000] {processor.py:925} INFO - DAG(s) 'example_setup_teardown' retrieved from /home/airflow/.local/lib/python3.12/site-packages/airflow/example_dags/example_setup_teardown.py
[2025-04-11T20:00:29.605+0000] {logging_mixin.py:190} INFO - [2025-04-11T20:00:29.601+0000] {dag.py:3239} INFO - Sync 1 DAGs
[2025-04-11T20:00:29.696+0000] {logging_mixin.py:190} INFO - [2025-04-11T20:00:29.695+0000] {dag.py:4180} INFO - Setting next_dagrun for example_setup_teardown to None, run_after=None
[2025-04-11T20:00:29.917+0000] {processor.py:208} INFO - Processing /home/airflow/.local/lib/python3.12/site-packages/airflow/example_dags/example_setup_teardown.py took 0.696 seconds
[2025-04-11T20:14:20.698+0000] {processor.py:186} INFO - Started process (PID=137) to work on /home/airflow/.local/lib/python3.12/site-packages/airflow/example_dags/example_setup_teardown.py
[2025-04-11T20:14:20.718+0000] {processor.py:914} INFO - Processing file /home/airflow/.local/lib/python3.12/site-packages/airflow/example_dags/example_setup_teardown.py for tasks to queue
[2025-04-11T20:14:21.252+0000] {logging_mixin.py:190} INFO - [2025-04-11T20:14:21.252+0000] {dagbag.py:588} INFO - Filling up the DagBag from /home/airflow/.local/lib/python3.12/site-packages/airflow/example_dags/example_setup_teardown.py
[2025-04-11T20:14:21.866+0000] {processor.py:925} INFO - DAG(s) 'example_setup_teardown' retrieved from /home/airflow/.local/lib/python3.12/site-packages/airflow/example_dags/example_setup_teardown.py
[2025-04-11T20:14:22.815+0000] {logging_mixin.py:190} INFO - [2025-04-11T20:14:22.814+0000] {dag.py:3239} INFO - Sync 1 DAGs
[2025-04-11T20:14:23.558+0000] {logging_mixin.py:190} INFO - [2025-04-11T20:14:23.463+0000] {dag.py:4180} INFO - Setting next_dagrun for example_setup_teardown to None, run_after=None
[2025-04-11T20:14:24.368+0000] {processor.py:208} INFO - Processing /home/airflow/.local/lib/python3.12/site-packages/airflow/example_dags/example_setup_teardown.py took 4.096 seconds
[2025-04-11T20:16:09.327+0000] {processor.py:186} INFO - Started process (PID=226) to work on /home/airflow/.local/lib/python3.12/site-packages/airflow/example_dags/example_setup_teardown.py
[2025-04-11T20:16:09.332+0000] {processor.py:914} INFO - Processing file /home/airflow/.local/lib/python3.12/site-packages/airflow/example_dags/example_setup_teardown.py for tasks to queue
[2025-04-11T20:16:09.350+0000] {logging_mixin.py:190} INFO - [2025-04-11T20:16:09.346+0000] {dagbag.py:588} INFO - Filling up the DagBag from /home/airflow/.local/lib/python3.12/site-packages/airflow/example_dags/example_setup_teardown.py
[2025-04-11T20:16:09.388+0000] {processor.py:925} INFO - DAG(s) 'example_setup_teardown' retrieved from /home/airflow/.local/lib/python3.12/site-packages/airflow/example_dags/example_setup_teardown.py
[2025-04-11T20:16:09.494+0000] {logging_mixin.py:190} INFO - [2025-04-11T20:16:09.493+0000] {dag.py:3239} INFO - Sync 1 DAGs
[2025-04-11T20:16:09.556+0000] {logging_mixin.py:190} INFO - [2025-04-11T20:16:09.555+0000] {dag.py:4180} INFO - Setting next_dagrun for example_setup_teardown to None, run_after=None
[2025-04-11T20:16:11.024+0000] {processor.py:208} INFO - Processing /home/airflow/.local/lib/python3.12/site-packages/airflow/example_dags/example_setup_teardown.py took 1.715 seconds
[2025-04-11T20:16:49.835+0000] {processor.py:186} INFO - Started process (PID=290) to work on /home/airflow/.local/lib/python3.12/site-packages/airflow/example_dags/example_setup_teardown.py
[2025-04-11T20:16:49.838+0000] {processor.py:914} INFO - Processing file /home/airflow/.local/lib/python3.12/site-packages/airflow/example_dags/example_setup_teardown.py for tasks to queue
[2025-04-11T20:16:49.846+0000] {logging_mixin.py:190} INFO - [2025-04-11T20:16:49.845+0000] {dagbag.py:588} INFO - Filling up the DagBag from /home/airflow/.local/lib/python3.12/site-packages/airflow/example_dags/example_setup_teardown.py
[2025-04-11T20:16:49.872+0000] {processor.py:925} INFO - DAG(s) 'example_setup_teardown' retrieved from /home/airflow/.local/lib/python3.12/site-packages/airflow/example_dags/example_setup_teardown.py
[2025-04-11T20:16:49.972+0000] {logging_mixin.py:190} INFO - [2025-04-11T20:16:49.970+0000] {dag.py:3239} INFO - Sync 1 DAGs
[2025-04-11T20:16:50.037+0000] {logging_mixin.py:190} INFO - [2025-04-11T20:16:50.037+0000] {dag.py:4180} INFO - Setting next_dagrun for example_setup_teardown to None, run_after=None
[2025-04-11T20:16:50.130+0000] {processor.py:208} INFO - Processing /home/airflow/.local/lib/python3.12/site-packages/airflow/example_dags/example_setup_teardown.py took 0.316 seconds
[2025-04-11T20:17:27.822+0000] {processor.py:186} INFO - Started process (PID=354) to work on /home/airflow/.local/lib/python3.12/site-packages/airflow/example_dags/example_setup_teardown.py
[2025-04-11T20:17:27.828+0000] {processor.py:914} INFO - Processing file /home/airflow/.local/lib/python3.12/site-packages/airflow/example_dags/example_setup_teardown.py for tasks to queue
[2025-04-11T20:17:27.835+0000] {logging_mixin.py:190} INFO - [2025-04-11T20:17:27.835+0000] {dagbag.py:588} INFO - Filling up the DagBag from /home/airflow/.local/lib/python3.12/site-packages/airflow/example_dags/example_setup_teardown.py
[2025-04-11T20:17:27.873+0000] {processor.py:925} INFO - DAG(s) 'example_setup_teardown' retrieved from /home/airflow/.local/lib/python3.12/site-packages/airflow/example_dags/example_setup_teardown.py
[2025-04-11T20:17:27.940+0000] {logging_mixin.py:190} INFO - [2025-04-11T20:17:27.940+0000] {dag.py:3239} INFO - Sync 1 DAGs
[2025-04-11T20:17:27.980+0000] {logging_mixin.py:190} INFO - [2025-04-11T20:17:27.980+0000] {dag.py:4180} INFO - Setting next_dagrun for example_setup_teardown to None, run_after=None
[2025-04-11T20:17:28.038+0000] {processor.py:208} INFO - Processing /home/airflow/.local/lib/python3.12/site-packages/airflow/example_dags/example_setup_teardown.py took 0.232 seconds
[2025-04-11T20:24:36.338+0000] {processor.py:186} INFO - Started process (PID=152) to work on /home/airflow/.local/lib/python3.12/site-packages/airflow/example_dags/example_setup_teardown.py
[2025-04-11T20:24:36.341+0000] {processor.py:914} INFO - Processing file /home/airflow/.local/lib/python3.12/site-packages/airflow/example_dags/example_setup_teardown.py for tasks to queue
[2025-04-11T20:24:36.351+0000] {logging_mixin.py:190} INFO - [2025-04-11T20:24:36.351+0000] {dagbag.py:588} INFO - Filling up the DagBag from /home/airflow/.local/lib/python3.12/site-packages/airflow/example_dags/example_setup_teardown.py
[2025-04-11T20:24:36.402+0000] {processor.py:925} INFO - DAG(s) 'example_setup_teardown' retrieved from /home/airflow/.local/lib/python3.12/site-packages/airflow/example_dags/example_setup_teardown.py
[2025-04-11T20:24:36.905+0000] {logging_mixin.py:190} INFO - [2025-04-11T20:24:36.904+0000] {override.py:1912} INFO - Created Permission View: can read on DAG:example_setup_teardown
[2025-04-11T20:24:36.957+0000] {logging_mixin.py:190} INFO - [2025-04-11T20:24:36.956+0000] {override.py:1912} INFO - Created Permission View: can edit on DAG:example_setup_teardown
[2025-04-11T20:24:36.993+0000] {logging_mixin.py:190} INFO - [2025-04-11T20:24:36.992+0000] {override.py:1912} INFO - Created Permission View: can delete on DAG:example_setup_teardown
[2025-04-11T20:24:37.028+0000] {logging_mixin.py:190} INFO - [2025-04-11T20:24:37.027+0000] {override.py:1912} INFO - Created Permission View: can create on DAG Run:example_setup_teardown
[2025-04-11T20:24:37.085+0000] {logging_mixin.py:190} INFO - [2025-04-11T20:24:37.084+0000] {override.py:1912} INFO - Created Permission View: can read on DAG Run:example_setup_teardown
[2025-04-11T20:24:37.116+0000] {logging_mixin.py:190} INFO - [2025-04-11T20:24:37.115+0000] {override.py:1912} INFO - Created Permission View: can delete on DAG Run:example_setup_teardown
[2025-04-11T20:24:37.148+0000] {logging_mixin.py:190} INFO - [2025-04-11T20:24:37.147+0000] {override.py:1912} INFO - Created Permission View: menu access on DAG Run:example_setup_teardown
[2025-04-11T20:24:37.152+0000] {logging_mixin.py:190} INFO - [2025-04-11T20:24:37.151+0000] {dag.py:3239} INFO - Sync 1 DAGs
[2025-04-11T20:24:37.236+0000] {logging_mixin.py:190} INFO - [2025-04-11T20:24:37.236+0000] {dag.py:3262} INFO - Creating ORM DAG for example_setup_teardown
[2025-04-11T20:24:37.239+0000] {logging_mixin.py:190} INFO - [2025-04-11T20:24:37.239+0000] {dag.py:4180} INFO - Setting next_dagrun for example_setup_teardown to None, run_after=None
[2025-04-11T20:24:37.311+0000] {processor.py:208} INFO - Processing /home/airflow/.local/lib/python3.12/site-packages/airflow/example_dags/example_setup_teardown.py took 1.019 seconds
[2025-04-11T20:25:13.953+0000] {processor.py:186} INFO - Started process (PID=216) to work on /home/airflow/.local/lib/python3.12/site-packages/airflow/example_dags/example_setup_teardown.py
[2025-04-11T20:25:13.958+0000] {processor.py:914} INFO - Processing file /home/airflow/.local/lib/python3.12/site-packages/airflow/example_dags/example_setup_teardown.py for tasks to queue
[2025-04-11T20:25:13.966+0000] {logging_mixin.py:190} INFO - [2025-04-11T20:25:13.965+0000] {dagbag.py:588} INFO - Filling up the DagBag from /home/airflow/.local/lib/python3.12/site-packages/airflow/example_dags/example_setup_teardown.py
[2025-04-11T20:25:13.987+0000] {processor.py:925} INFO - DAG(s) 'example_setup_teardown' retrieved from /home/airflow/.local/lib/python3.12/site-packages/airflow/example_dags/example_setup_teardown.py
[2025-04-11T20:25:14.045+0000] {logging_mixin.py:190} INFO - [2025-04-11T20:25:14.045+0000] {dag.py:3239} INFO - Sync 1 DAGs
[2025-04-11T20:25:14.096+0000] {logging_mixin.py:190} INFO - [2025-04-11T20:25:14.096+0000] {dag.py:4180} INFO - Setting next_dagrun for example_setup_teardown to None, run_after=None
[2025-04-11T20:25:14.161+0000] {processor.py:208} INFO - Processing /home/airflow/.local/lib/python3.12/site-packages/airflow/example_dags/example_setup_teardown.py took 0.224 seconds
[2025-04-11T20:25:44.519+0000] {processor.py:186} INFO - Started process (PID=279) to work on /home/airflow/.local/lib/python3.12/site-packages/airflow/example_dags/example_setup_teardown.py
[2025-04-11T20:25:44.521+0000] {processor.py:914} INFO - Processing file /home/airflow/.local/lib/python3.12/site-packages/airflow/example_dags/example_setup_teardown.py for tasks to queue
[2025-04-11T20:25:44.526+0000] {logging_mixin.py:190} INFO - [2025-04-11T20:25:44.526+0000] {dagbag.py:588} INFO - Filling up the DagBag from /home/airflow/.local/lib/python3.12/site-packages/airflow/example_dags/example_setup_teardown.py
[2025-04-11T20:25:44.549+0000] {processor.py:925} INFO - DAG(s) 'example_setup_teardown' retrieved from /home/airflow/.local/lib/python3.12/site-packages/airflow/example_dags/example_setup_teardown.py
[2025-04-11T20:25:44.596+0000] {logging_mixin.py:190} INFO - [2025-04-11T20:25:44.596+0000] {dag.py:3239} INFO - Sync 1 DAGs
[2025-04-11T20:25:44.634+0000] {logging_mixin.py:190} INFO - [2025-04-11T20:25:44.633+0000] {dag.py:4180} INFO - Setting next_dagrun for example_setup_teardown to None, run_after=None
[2025-04-11T20:25:44.692+0000] {processor.py:208} INFO - Processing /home/airflow/.local/lib/python3.12/site-packages/airflow/example_dags/example_setup_teardown.py took 0.190 seconds
[2025-04-11T20:28:52.579+0000] {processor.py:186} INFO - Started process (PID=122) to work on /home/airflow/.local/lib/python3.12/site-packages/airflow/example_dags/example_setup_teardown.py
[2025-04-11T20:28:52.582+0000] {processor.py:914} INFO - Processing file /home/airflow/.local/lib/python3.12/site-packages/airflow/example_dags/example_setup_teardown.py for tasks to queue
[2025-04-11T20:28:52.589+0000] {logging_mixin.py:190} INFO - [2025-04-11T20:28:52.588+0000] {dagbag.py:588} INFO - Filling up the DagBag from /home/airflow/.local/lib/python3.12/site-packages/airflow/example_dags/example_setup_teardown.py
[2025-04-11T20:28:52.614+0000] {processor.py:925} INFO - DAG(s) 'example_setup_teardown' retrieved from /home/airflow/.local/lib/python3.12/site-packages/airflow/example_dags/example_setup_teardown.py
[2025-04-11T20:28:52.674+0000] {logging_mixin.py:190} INFO - [2025-04-11T20:28:52.673+0000] {dag.py:3239} INFO - Sync 1 DAGs
[2025-04-11T20:28:52.756+0000] {logging_mixin.py:190} INFO - [2025-04-11T20:28:52.756+0000] {dag.py:4180} INFO - Setting next_dagrun for example_setup_teardown to None, run_after=None
[2025-04-11T20:28:52.806+0000] {processor.py:208} INFO - Processing /home/airflow/.local/lib/python3.12/site-packages/airflow/example_dags/example_setup_teardown.py took 0.247 seconds
[2025-04-11T20:29:23.201+0000] {processor.py:186} INFO - Started process (PID=185) to work on /home/airflow/.local/lib/python3.12/site-packages/airflow/example_dags/example_setup_teardown.py
[2025-04-11T20:29:23.216+0000] {processor.py:914} INFO - Processing file /home/airflow/.local/lib/python3.12/site-packages/airflow/example_dags/example_setup_teardown.py for tasks to queue
[2025-04-11T20:29:23.224+0000] {logging_mixin.py:190} INFO - [2025-04-11T20:29:23.223+0000] {dagbag.py:588} INFO - Filling up the DagBag from /home/airflow/.local/lib/python3.12/site-packages/airflow/example_dags/example_setup_teardown.py
[2025-04-11T20:29:23.245+0000] {processor.py:925} INFO - DAG(s) 'example_setup_teardown' retrieved from /home/airflow/.local/lib/python3.12/site-packages/airflow/example_dags/example_setup_teardown.py
[2025-04-11T20:29:23.294+0000] {logging_mixin.py:190} INFO - [2025-04-11T20:29:23.293+0000] {dag.py:3239} INFO - Sync 1 DAGs
[2025-04-11T20:29:23.335+0000] {logging_mixin.py:190} INFO - [2025-04-11T20:29:23.335+0000] {dag.py:4180} INFO - Setting next_dagrun for example_setup_teardown to None, run_after=None
[2025-04-11T20:29:23.384+0000] {processor.py:208} INFO - Processing /home/airflow/.local/lib/python3.12/site-packages/airflow/example_dags/example_setup_teardown.py took 0.202 seconds
[2025-04-11T20:30:02.796+0000] {processor.py:186} INFO - Started process (PID=249) to work on /home/airflow/.local/lib/python3.12/site-packages/airflow/example_dags/example_setup_teardown.py
[2025-04-11T20:30:02.812+0000] {processor.py:914} INFO - Processing file /home/airflow/.local/lib/python3.12/site-packages/airflow/example_dags/example_setup_teardown.py for tasks to queue
[2025-04-11T20:30:02.835+0000] {logging_mixin.py:190} INFO - [2025-04-11T20:30:02.832+0000] {dagbag.py:588} INFO - Filling up the DagBag from /home/airflow/.local/lib/python3.12/site-packages/airflow/example_dags/example_setup_teardown.py
[2025-04-11T20:30:02.933+0000] {processor.py:925} INFO - DAG(s) 'example_setup_teardown' retrieved from /home/airflow/.local/lib/python3.12/site-packages/airflow/example_dags/example_setup_teardown.py
[2025-04-11T20:30:04.333+0000] {logging_mixin.py:190} INFO - [2025-04-11T20:30:04.332+0000] {dag.py:3239} INFO - Sync 1 DAGs
[2025-04-11T20:30:04.996+0000] {logging_mixin.py:190} INFO - [2025-04-11T20:30:04.996+0000] {dag.py:4180} INFO - Setting next_dagrun for example_setup_teardown to None, run_after=None
[2025-04-11T20:30:06.045+0000] {processor.py:208} INFO - Processing /home/airflow/.local/lib/python3.12/site-packages/airflow/example_dags/example_setup_teardown.py took 3.339 seconds
[2025-04-11T20:31:07.472+0000] {processor.py:186} INFO - Started process (PID=322) to work on /home/airflow/.local/lib/python3.12/site-packages/airflow/example_dags/example_setup_teardown.py
[2025-04-11T20:31:07.476+0000] {processor.py:914} INFO - Processing file /home/airflow/.local/lib/python3.12/site-packages/airflow/example_dags/example_setup_teardown.py for tasks to queue
[2025-04-11T20:31:07.481+0000] {logging_mixin.py:190} INFO - [2025-04-11T20:31:07.480+0000] {dagbag.py:588} INFO - Filling up the DagBag from /home/airflow/.local/lib/python3.12/site-packages/airflow/example_dags/example_setup_teardown.py
[2025-04-11T20:31:07.506+0000] {processor.py:925} INFO - DAG(s) 'example_setup_teardown' retrieved from /home/airflow/.local/lib/python3.12/site-packages/airflow/example_dags/example_setup_teardown.py
[2025-04-11T20:31:07.558+0000] {logging_mixin.py:190} INFO - [2025-04-11T20:31:07.557+0000] {dag.py:3239} INFO - Sync 1 DAGs
[2025-04-11T20:31:07.599+0000] {logging_mixin.py:190} INFO - [2025-04-11T20:31:07.598+0000] {dag.py:4180} INFO - Setting next_dagrun for example_setup_teardown to None, run_after=None
[2025-04-11T20:31:07.645+0000] {processor.py:208} INFO - Processing /home/airflow/.local/lib/python3.12/site-packages/airflow/example_dags/example_setup_teardown.py took 0.187 seconds
[2025-04-11T20:31:40.249+0000] {processor.py:186} INFO - Started process (PID=386) to work on /home/airflow/.local/lib/python3.12/site-packages/airflow/example_dags/example_setup_teardown.py
[2025-04-11T20:31:40.254+0000] {processor.py:914} INFO - Processing file /home/airflow/.local/lib/python3.12/site-packages/airflow/example_dags/example_setup_teardown.py for tasks to queue
[2025-04-11T20:31:40.263+0000] {logging_mixin.py:190} INFO - [2025-04-11T20:31:40.262+0000] {dagbag.py:588} INFO - Filling up the DagBag from /home/airflow/.local/lib/python3.12/site-packages/airflow/example_dags/example_setup_teardown.py
[2025-04-11T20:31:40.290+0000] {processor.py:925} INFO - DAG(s) 'example_setup_teardown' retrieved from /home/airflow/.local/lib/python3.12/site-packages/airflow/example_dags/example_setup_teardown.py
[2025-04-11T20:31:40.376+0000] {logging_mixin.py:190} INFO - [2025-04-11T20:31:40.375+0000] {dag.py:3239} INFO - Sync 1 DAGs
[2025-04-11T20:31:40.449+0000] {logging_mixin.py:190} INFO - [2025-04-11T20:31:40.448+0000] {dag.py:4180} INFO - Setting next_dagrun for example_setup_teardown to None, run_after=None
[2025-04-11T20:31:40.605+0000] {processor.py:208} INFO - Processing /home/airflow/.local/lib/python3.12/site-packages/airflow/example_dags/example_setup_teardown.py took 0.372 seconds
[2025-04-11T20:32:11.335+0000] {processor.py:186} INFO - Started process (PID=450) to work on /home/airflow/.local/lib/python3.12/site-packages/airflow/example_dags/example_setup_teardown.py
[2025-04-11T20:32:11.339+0000] {processor.py:914} INFO - Processing file /home/airflow/.local/lib/python3.12/site-packages/airflow/example_dags/example_setup_teardown.py for tasks to queue
[2025-04-11T20:32:11.351+0000] {logging_mixin.py:190} INFO - [2025-04-11T20:32:11.350+0000] {dagbag.py:588} INFO - Filling up the DagBag from /home/airflow/.local/lib/python3.12/site-packages/airflow/example_dags/example_setup_teardown.py
[2025-04-11T20:32:11.393+0000] {processor.py:925} INFO - DAG(s) 'example_setup_teardown' retrieved from /home/airflow/.local/lib/python3.12/site-packages/airflow/example_dags/example_setup_teardown.py
[2025-04-11T20:32:11.531+0000] {logging_mixin.py:190} INFO - [2025-04-11T20:32:11.530+0000] {dag.py:3239} INFO - Sync 1 DAGs
[2025-04-11T20:32:11.625+0000] {logging_mixin.py:190} INFO - [2025-04-11T20:32:11.622+0000] {dag.py:4180} INFO - Setting next_dagrun for example_setup_teardown to None, run_after=None
[2025-04-11T20:32:11.698+0000] {processor.py:208} INFO - Processing /home/airflow/.local/lib/python3.12/site-packages/airflow/example_dags/example_setup_teardown.py took 0.407 seconds
[2025-04-11T20:33:26.558+0000] {processor.py:186} INFO - Started process (PID=537) to work on /home/airflow/.local/lib/python3.12/site-packages/airflow/example_dags/example_setup_teardown.py
[2025-04-11T20:33:26.563+0000] {processor.py:914} INFO - Processing file /home/airflow/.local/lib/python3.12/site-packages/airflow/example_dags/example_setup_teardown.py for tasks to queue
[2025-04-11T20:33:26.605+0000] {logging_mixin.py:190} INFO - [2025-04-11T20:33:26.602+0000] {dagbag.py:588} INFO - Filling up the DagBag from /home/airflow/.local/lib/python3.12/site-packages/airflow/example_dags/example_setup_teardown.py
[2025-04-11T20:33:26.761+0000] {processor.py:925} INFO - DAG(s) 'example_setup_teardown' retrieved from /home/airflow/.local/lib/python3.12/site-packages/airflow/example_dags/example_setup_teardown.py
[2025-04-11T20:33:26.995+0000] {logging_mixin.py:190} INFO - [2025-04-11T20:33:26.995+0000] {dag.py:3239} INFO - Sync 1 DAGs
[2025-04-11T20:33:27.400+0000] {logging_mixin.py:190} INFO - [2025-04-11T20:33:27.399+0000] {dag.py:4180} INFO - Setting next_dagrun for example_setup_teardown to None, run_after=None
[2025-04-11T20:33:27.560+0000] {processor.py:208} INFO - Processing /home/airflow/.local/lib/python3.12/site-packages/airflow/example_dags/example_setup_teardown.py took 1.039 seconds
[2025-04-11T20:36:07.507+0000] {processor.py:186} INFO - Started process (PID=126) to work on /home/airflow/.local/lib/python3.12/site-packages/airflow/example_dags/example_setup_teardown.py
[2025-04-11T20:36:07.511+0000] {processor.py:914} INFO - Processing file /home/airflow/.local/lib/python3.12/site-packages/airflow/example_dags/example_setup_teardown.py for tasks to queue
[2025-04-11T20:36:07.522+0000] {logging_mixin.py:190} INFO - [2025-04-11T20:36:07.521+0000] {dagbag.py:588} INFO - Filling up the DagBag from /home/airflow/.local/lib/python3.12/site-packages/airflow/example_dags/example_setup_teardown.py
[2025-04-11T20:36:07.545+0000] {processor.py:925} INFO - DAG(s) 'example_setup_teardown' retrieved from /home/airflow/.local/lib/python3.12/site-packages/airflow/example_dags/example_setup_teardown.py
[2025-04-11T20:36:07.631+0000] {logging_mixin.py:190} INFO - [2025-04-11T20:36:07.631+0000] {dag.py:3239} INFO - Sync 1 DAGs
[2025-04-11T20:36:07.676+0000] {logging_mixin.py:190} INFO - [2025-04-11T20:36:07.676+0000] {dag.py:4180} INFO - Setting next_dagrun for example_setup_teardown to None, run_after=None
[2025-04-11T20:36:07.723+0000] {processor.py:208} INFO - Processing /home/airflow/.local/lib/python3.12/site-packages/airflow/example_dags/example_setup_teardown.py took 0.231 seconds
[2025-04-11T20:36:40.337+0000] {processor.py:186} INFO - Started process (PID=190) to work on /home/airflow/.local/lib/python3.12/site-packages/airflow/example_dags/example_setup_teardown.py
[2025-04-11T20:36:40.349+0000] {processor.py:914} INFO - Processing file /home/airflow/.local/lib/python3.12/site-packages/airflow/example_dags/example_setup_teardown.py for tasks to queue
[2025-04-11T20:36:40.367+0000] {logging_mixin.py:190} INFO - [2025-04-11T20:36:40.366+0000] {dagbag.py:588} INFO - Filling up the DagBag from /home/airflow/.local/lib/python3.12/site-packages/airflow/example_dags/example_setup_teardown.py
[2025-04-11T20:36:40.420+0000] {processor.py:925} INFO - DAG(s) 'example_setup_teardown' retrieved from /home/airflow/.local/lib/python3.12/site-packages/airflow/example_dags/example_setup_teardown.py
[2025-04-11T20:36:40.538+0000] {logging_mixin.py:190} INFO - [2025-04-11T20:36:40.538+0000] {dag.py:3239} INFO - Sync 1 DAGs
[2025-04-11T20:36:40.608+0000] {logging_mixin.py:190} INFO - [2025-04-11T20:36:40.607+0000] {dag.py:4180} INFO - Setting next_dagrun for example_setup_teardown to None, run_after=None
[2025-04-11T20:36:40.659+0000] {processor.py:208} INFO - Processing /home/airflow/.local/lib/python3.12/site-packages/airflow/example_dags/example_setup_teardown.py took 0.339 seconds
[2025-04-11T20:37:28.502+0000] {processor.py:186} INFO - Started process (PID=261) to work on /home/airflow/.local/lib/python3.12/site-packages/airflow/example_dags/example_setup_teardown.py
[2025-04-11T20:37:28.512+0000] {processor.py:914} INFO - Processing file /home/airflow/.local/lib/python3.12/site-packages/airflow/example_dags/example_setup_teardown.py for tasks to queue
[2025-04-11T20:37:28.545+0000] {logging_mixin.py:190} INFO - [2025-04-11T20:37:28.542+0000] {dagbag.py:588} INFO - Filling up the DagBag from /home/airflow/.local/lib/python3.12/site-packages/airflow/example_dags/example_setup_teardown.py
[2025-04-11T20:37:28.654+0000] {processor.py:925} INFO - DAG(s) 'example_setup_teardown' retrieved from /home/airflow/.local/lib/python3.12/site-packages/airflow/example_dags/example_setup_teardown.py
[2025-04-11T20:37:28.802+0000] {logging_mixin.py:190} INFO - [2025-04-11T20:37:28.801+0000] {dag.py:3239} INFO - Sync 1 DAGs
[2025-04-11T20:37:28.948+0000] {logging_mixin.py:190} INFO - [2025-04-11T20:37:28.946+0000] {dag.py:4180} INFO - Setting next_dagrun for example_setup_teardown to None, run_after=None
[2025-04-11T20:37:29.050+0000] {processor.py:208} INFO - Processing /home/airflow/.local/lib/python3.12/site-packages/airflow/example_dags/example_setup_teardown.py took 0.601 seconds
[2025-04-11T20:38:29.254+0000] {processor.py:186} INFO - Started process (PID=340) to work on /home/airflow/.local/lib/python3.12/site-packages/airflow/example_dags/example_setup_teardown.py
[2025-04-11T20:38:29.262+0000] {processor.py:914} INFO - Processing file /home/airflow/.local/lib/python3.12/site-packages/airflow/example_dags/example_setup_teardown.py for tasks to queue
[2025-04-11T20:38:29.286+0000] {logging_mixin.py:190} INFO - [2025-04-11T20:38:29.285+0000] {dagbag.py:588} INFO - Filling up the DagBag from /home/airflow/.local/lib/python3.12/site-packages/airflow/example_dags/example_setup_teardown.py
[2025-04-11T20:38:29.391+0000] {processor.py:925} INFO - DAG(s) 'example_setup_teardown' retrieved from /home/airflow/.local/lib/python3.12/site-packages/airflow/example_dags/example_setup_teardown.py
[2025-04-11T20:38:29.538+0000] {logging_mixin.py:190} INFO - [2025-04-11T20:38:29.537+0000] {dag.py:3239} INFO - Sync 1 DAGs
[2025-04-11T20:38:29.654+0000] {logging_mixin.py:190} INFO - [2025-04-11T20:38:29.654+0000] {dag.py:4180} INFO - Setting next_dagrun for example_setup_teardown to None, run_after=None
[2025-04-11T20:38:29.741+0000] {processor.py:208} INFO - Processing /home/airflow/.local/lib/python3.12/site-packages/airflow/example_dags/example_setup_teardown.py took 0.532 seconds
[2025-04-11T20:39:40.801+0000] {processor.py:186} INFO - Started process (PID=417) to work on /home/airflow/.local/lib/python3.12/site-packages/airflow/example_dags/example_setup_teardown.py
[2025-04-11T20:39:40.810+0000] {processor.py:914} INFO - Processing file /home/airflow/.local/lib/python3.12/site-packages/airflow/example_dags/example_setup_teardown.py for tasks to queue
[2025-04-11T20:39:40.817+0000] {logging_mixin.py:190} INFO - [2025-04-11T20:39:40.817+0000] {dagbag.py:588} INFO - Filling up the DagBag from /home/airflow/.local/lib/python3.12/site-packages/airflow/example_dags/example_setup_teardown.py
[2025-04-11T20:39:40.846+0000] {processor.py:925} INFO - DAG(s) 'example_setup_teardown' retrieved from /home/airflow/.local/lib/python3.12/site-packages/airflow/example_dags/example_setup_teardown.py
[2025-04-11T20:39:40.914+0000] {logging_mixin.py:190} INFO - [2025-04-11T20:39:40.913+0000] {dag.py:3239} INFO - Sync 1 DAGs
[2025-04-11T20:39:41.010+0000] {logging_mixin.py:190} INFO - [2025-04-11T20:39:41.010+0000] {dag.py:4180} INFO - Setting next_dagrun for example_setup_teardown to None, run_after=None
[2025-04-11T20:39:41.113+0000] {processor.py:208} INFO - Processing /home/airflow/.local/lib/python3.12/site-packages/airflow/example_dags/example_setup_teardown.py took 0.327 seconds
[2025-04-11T20:40:18.605+0000] {processor.py:186} INFO - Started process (PID=480) to work on /home/airflow/.local/lib/python3.12/site-packages/airflow/example_dags/example_setup_teardown.py
[2025-04-11T20:40:18.614+0000] {processor.py:914} INFO - Processing file /home/airflow/.local/lib/python3.12/site-packages/airflow/example_dags/example_setup_teardown.py for tasks to queue
[2025-04-11T20:40:18.640+0000] {logging_mixin.py:190} INFO - [2025-04-11T20:40:18.628+0000] {dagbag.py:588} INFO - Filling up the DagBag from /home/airflow/.local/lib/python3.12/site-packages/airflow/example_dags/example_setup_teardown.py
[2025-04-11T20:40:18.712+0000] {processor.py:925} INFO - DAG(s) 'example_setup_teardown' retrieved from /home/airflow/.local/lib/python3.12/site-packages/airflow/example_dags/example_setup_teardown.py
[2025-04-11T20:40:18.841+0000] {logging_mixin.py:190} INFO - [2025-04-11T20:40:18.841+0000] {dag.py:3239} INFO - Sync 1 DAGs
[2025-04-11T20:40:18.966+0000] {logging_mixin.py:190} INFO - [2025-04-11T20:40:18.965+0000] {dag.py:4180} INFO - Setting next_dagrun for example_setup_teardown to None, run_after=None
[2025-04-11T20:40:19.108+0000] {processor.py:208} INFO - Processing /home/airflow/.local/lib/python3.12/site-packages/airflow/example_dags/example_setup_teardown.py took 0.538 seconds
[2025-04-11T20:40:59.957+0000] {processor.py:186} INFO - Started process (PID=543) to work on /home/airflow/.local/lib/python3.12/site-packages/airflow/example_dags/example_setup_teardown.py
[2025-04-11T20:40:59.961+0000] {processor.py:914} INFO - Processing file /home/airflow/.local/lib/python3.12/site-packages/airflow/example_dags/example_setup_teardown.py for tasks to queue
[2025-04-11T20:40:59.983+0000] {logging_mixin.py:190} INFO - [2025-04-11T20:40:59.981+0000] {dagbag.py:588} INFO - Filling up the DagBag from /home/airflow/.local/lib/python3.12/site-packages/airflow/example_dags/example_setup_teardown.py
[2025-04-11T20:41:00.023+0000] {processor.py:925} INFO - DAG(s) 'example_setup_teardown' retrieved from /home/airflow/.local/lib/python3.12/site-packages/airflow/example_dags/example_setup_teardown.py
[2025-04-11T20:41:00.134+0000] {logging_mixin.py:190} INFO - [2025-04-11T20:41:00.133+0000] {dag.py:3239} INFO - Sync 1 DAGs
[2025-04-11T20:41:00.211+0000] {logging_mixin.py:190} INFO - [2025-04-11T20:41:00.210+0000] {dag.py:4180} INFO - Setting next_dagrun for example_setup_teardown to None, run_after=None
[2025-04-11T20:41:00.311+0000] {processor.py:208} INFO - Processing /home/airflow/.local/lib/python3.12/site-packages/airflow/example_dags/example_setup_teardown.py took 0.371 seconds
[2025-04-11T20:41:38.495+0000] {processor.py:186} INFO - Started process (PID=612) to work on /home/airflow/.local/lib/python3.12/site-packages/airflow/example_dags/example_setup_teardown.py
[2025-04-11T20:41:38.499+0000] {processor.py:914} INFO - Processing file /home/airflow/.local/lib/python3.12/site-packages/airflow/example_dags/example_setup_teardown.py for tasks to queue
[2025-04-11T20:41:38.505+0000] {logging_mixin.py:190} INFO - [2025-04-11T20:41:38.504+0000] {dagbag.py:588} INFO - Filling up the DagBag from /home/airflow/.local/lib/python3.12/site-packages/airflow/example_dags/example_setup_teardown.py
[2025-04-11T20:41:38.537+0000] {processor.py:925} INFO - DAG(s) 'example_setup_teardown' retrieved from /home/airflow/.local/lib/python3.12/site-packages/airflow/example_dags/example_setup_teardown.py
[2025-04-11T20:41:38.598+0000] {logging_mixin.py:190} INFO - [2025-04-11T20:41:38.597+0000] {dag.py:3239} INFO - Sync 1 DAGs
[2025-04-11T20:41:38.641+0000] {logging_mixin.py:190} INFO - [2025-04-11T20:41:38.640+0000] {dag.py:4180} INFO - Setting next_dagrun for example_setup_teardown to None, run_after=None
[2025-04-11T20:41:38.707+0000] {processor.py:208} INFO - Processing /home/airflow/.local/lib/python3.12/site-packages/airflow/example_dags/example_setup_teardown.py took 0.228 seconds
[2025-04-11T20:43:34.486+0000] {processor.py:186} INFO - Started process (PID=701) to work on /home/airflow/.local/lib/python3.12/site-packages/airflow/example_dags/example_setup_teardown.py
[2025-04-11T20:43:34.505+0000] {processor.py:914} INFO - Processing file /home/airflow/.local/lib/python3.12/site-packages/airflow/example_dags/example_setup_teardown.py for tasks to queue
[2025-04-11T20:43:34.518+0000] {logging_mixin.py:190} INFO - [2025-04-11T20:43:34.518+0000] {dagbag.py:588} INFO - Filling up the DagBag from /home/airflow/.local/lib/python3.12/site-packages/airflow/example_dags/example_setup_teardown.py
[2025-04-11T20:43:34.588+0000] {processor.py:925} INFO - DAG(s) 'example_setup_teardown' retrieved from /home/airflow/.local/lib/python3.12/site-packages/airflow/example_dags/example_setup_teardown.py
[2025-04-11T20:43:34.783+0000] {logging_mixin.py:190} INFO - [2025-04-11T20:43:34.782+0000] {dag.py:3239} INFO - Sync 1 DAGs
[2025-04-11T20:43:34.873+0000] {logging_mixin.py:190} INFO - [2025-04-11T20:43:34.872+0000] {dag.py:4180} INFO - Setting next_dagrun for example_setup_teardown to None, run_after=None
[2025-04-11T20:43:35.004+0000] {processor.py:208} INFO - Processing /home/airflow/.local/lib/python3.12/site-packages/airflow/example_dags/example_setup_teardown.py took 0.549 seconds
[2025-04-11T20:44:23.794+0000] {processor.py:186} INFO - Started process (PID=770) to work on /home/airflow/.local/lib/python3.12/site-packages/airflow/example_dags/example_setup_teardown.py
[2025-04-11T20:44:23.803+0000] {processor.py:914} INFO - Processing file /home/airflow/.local/lib/python3.12/site-packages/airflow/example_dags/example_setup_teardown.py for tasks to queue
[2025-04-11T20:44:23.811+0000] {logging_mixin.py:190} INFO - [2025-04-11T20:44:23.810+0000] {dagbag.py:588} INFO - Filling up the DagBag from /home/airflow/.local/lib/python3.12/site-packages/airflow/example_dags/example_setup_teardown.py
[2025-04-11T20:44:23.839+0000] {processor.py:925} INFO - DAG(s) 'example_setup_teardown' retrieved from /home/airflow/.local/lib/python3.12/site-packages/airflow/example_dags/example_setup_teardown.py
[2025-04-11T20:44:24.049+0000] {logging_mixin.py:190} INFO - [2025-04-11T20:44:24.048+0000] {dag.py:3239} INFO - Sync 1 DAGs
[2025-04-11T20:44:24.473+0000] {logging_mixin.py:190} INFO - [2025-04-11T20:44:24.472+0000] {dag.py:4180} INFO - Setting next_dagrun for example_setup_teardown to None, run_after=None
[2025-04-11T20:44:24.652+0000] {processor.py:208} INFO - Processing /home/airflow/.local/lib/python3.12/site-packages/airflow/example_dags/example_setup_teardown.py took 0.885 seconds
[2025-04-11T20:44:54.991+0000] {processor.py:186} INFO - Started process (PID=834) to work on /home/airflow/.local/lib/python3.12/site-packages/airflow/example_dags/example_setup_teardown.py
[2025-04-11T20:44:55.024+0000] {processor.py:914} INFO - Processing file /home/airflow/.local/lib/python3.12/site-packages/airflow/example_dags/example_setup_teardown.py for tasks to queue
[2025-04-11T20:44:55.129+0000] {logging_mixin.py:190} INFO - [2025-04-11T20:44:55.121+0000] {dagbag.py:588} INFO - Filling up the DagBag from /home/airflow/.local/lib/python3.12/site-packages/airflow/example_dags/example_setup_teardown.py
[2025-04-11T20:44:55.214+0000] {processor.py:925} INFO - DAG(s) 'example_setup_teardown' retrieved from /home/airflow/.local/lib/python3.12/site-packages/airflow/example_dags/example_setup_teardown.py
[2025-04-11T20:44:55.338+0000] {logging_mixin.py:190} INFO - [2025-04-11T20:44:55.337+0000] {dag.py:3239} INFO - Sync 1 DAGs
[2025-04-11T20:44:55.428+0000] {logging_mixin.py:190} INFO - [2025-04-11T20:44:55.428+0000] {dag.py:4180} INFO - Setting next_dagrun for example_setup_teardown to None, run_after=None
[2025-04-11T20:44:55.499+0000] {processor.py:208} INFO - Processing /home/airflow/.local/lib/python3.12/site-packages/airflow/example_dags/example_setup_teardown.py took 0.525 seconds
[2025-04-11T20:45:25.622+0000] {processor.py:186} INFO - Started process (PID=896) to work on /home/airflow/.local/lib/python3.12/site-packages/airflow/example_dags/example_setup_teardown.py
[2025-04-11T20:45:25.626+0000] {processor.py:914} INFO - Processing file /home/airflow/.local/lib/python3.12/site-packages/airflow/example_dags/example_setup_teardown.py for tasks to queue
[2025-04-11T20:45:25.635+0000] {logging_mixin.py:190} INFO - [2025-04-11T20:45:25.634+0000] {dagbag.py:588} INFO - Filling up the DagBag from /home/airflow/.local/lib/python3.12/site-packages/airflow/example_dags/example_setup_teardown.py
[2025-04-11T20:45:25.660+0000] {processor.py:925} INFO - DAG(s) 'example_setup_teardown' retrieved from /home/airflow/.local/lib/python3.12/site-packages/airflow/example_dags/example_setup_teardown.py
[2025-04-11T20:45:25.729+0000] {logging_mixin.py:190} INFO - [2025-04-11T20:45:25.728+0000] {dag.py:3239} INFO - Sync 1 DAGs
[2025-04-11T20:45:25.777+0000] {logging_mixin.py:190} INFO - [2025-04-11T20:45:25.777+0000] {dag.py:4180} INFO - Setting next_dagrun for example_setup_teardown to None, run_after=None
[2025-04-11T20:45:25.829+0000] {processor.py:208} INFO - Processing /home/airflow/.local/lib/python3.12/site-packages/airflow/example_dags/example_setup_teardown.py took 0.221 seconds
[2025-04-11T20:47:17.812+0000] {processor.py:186} INFO - Started process (PID=999) to work on /home/airflow/.local/lib/python3.12/site-packages/airflow/example_dags/example_setup_teardown.py
[2025-04-11T20:47:17.820+0000] {processor.py:914} INFO - Processing file /home/airflow/.local/lib/python3.12/site-packages/airflow/example_dags/example_setup_teardown.py for tasks to queue
[2025-04-11T20:47:17.840+0000] {logging_mixin.py:190} INFO - [2025-04-11T20:47:17.838+0000] {dagbag.py:588} INFO - Filling up the DagBag from /home/airflow/.local/lib/python3.12/site-packages/airflow/example_dags/example_setup_teardown.py
[2025-04-11T20:47:17.910+0000] {processor.py:925} INFO - DAG(s) 'example_setup_teardown' retrieved from /home/airflow/.local/lib/python3.12/site-packages/airflow/example_dags/example_setup_teardown.py
[2025-04-11T20:47:18.154+0000] {logging_mixin.py:190} INFO - [2025-04-11T20:47:18.153+0000] {dag.py:3239} INFO - Sync 1 DAGs
[2025-04-11T20:47:18.537+0000] {logging_mixin.py:190} INFO - [2025-04-11T20:47:18.537+0000] {dag.py:4180} INFO - Setting next_dagrun for example_setup_teardown to None, run_after=None
[2025-04-11T20:47:18.837+0000] {processor.py:208} INFO - Processing /home/airflow/.local/lib/python3.12/site-packages/airflow/example_dags/example_setup_teardown.py took 1.055 seconds
[2025-04-11T20:49:54.494+0000] {processor.py:186} INFO - Started process (PID=1108) to work on /home/airflow/.local/lib/python3.12/site-packages/airflow/example_dags/example_setup_teardown.py
[2025-04-11T20:49:54.508+0000] {processor.py:914} INFO - Processing file /home/airflow/.local/lib/python3.12/site-packages/airflow/example_dags/example_setup_teardown.py for tasks to queue
[2025-04-11T20:49:54.527+0000] {logging_mixin.py:190} INFO - [2025-04-11T20:49:54.526+0000] {dagbag.py:588} INFO - Filling up the DagBag from /home/airflow/.local/lib/python3.12/site-packages/airflow/example_dags/example_setup_teardown.py
[2025-04-11T20:49:54.613+0000] {processor.py:925} INFO - DAG(s) 'example_setup_teardown' retrieved from /home/airflow/.local/lib/python3.12/site-packages/airflow/example_dags/example_setup_teardown.py
[2025-04-11T20:49:54.780+0000] {logging_mixin.py:190} INFO - [2025-04-11T20:49:54.779+0000] {dag.py:3239} INFO - Sync 1 DAGs
[2025-04-11T20:49:54.941+0000] {logging_mixin.py:190} INFO - [2025-04-11T20:49:54.940+0000] {dag.py:4180} INFO - Setting next_dagrun for example_setup_teardown to None, run_after=None
[2025-04-11T20:49:55.119+0000] {processor.py:208} INFO - Processing /home/airflow/.local/lib/python3.12/site-packages/airflow/example_dags/example_setup_teardown.py took 0.696 seconds
[2025-04-11T20:50:26.733+0000] {processor.py:186} INFO - Started process (PID=1172) to work on /home/airflow/.local/lib/python3.12/site-packages/airflow/example_dags/example_setup_teardown.py
[2025-04-11T20:50:26.738+0000] {processor.py:914} INFO - Processing file /home/airflow/.local/lib/python3.12/site-packages/airflow/example_dags/example_setup_teardown.py for tasks to queue
[2025-04-11T20:50:26.752+0000] {logging_mixin.py:190} INFO - [2025-04-11T20:50:26.751+0000] {dagbag.py:588} INFO - Filling up the DagBag from /home/airflow/.local/lib/python3.12/site-packages/airflow/example_dags/example_setup_teardown.py
[2025-04-11T20:50:26.783+0000] {processor.py:925} INFO - DAG(s) 'example_setup_teardown' retrieved from /home/airflow/.local/lib/python3.12/site-packages/airflow/example_dags/example_setup_teardown.py
[2025-04-11T20:50:26.861+0000] {logging_mixin.py:190} INFO - [2025-04-11T20:50:26.860+0000] {dag.py:3239} INFO - Sync 1 DAGs
[2025-04-11T20:50:27.004+0000] {logging_mixin.py:190} INFO - [2025-04-11T20:50:27.001+0000] {dag.py:4180} INFO - Setting next_dagrun for example_setup_teardown to None, run_after=None
[2025-04-11T20:50:27.732+0000] {processor.py:208} INFO - Processing /home/airflow/.local/lib/python3.12/site-packages/airflow/example_dags/example_setup_teardown.py took 1.042 seconds
[2025-04-11T20:51:35.045+0000] {processor.py:186} INFO - Started process (PID=1246) to work on /home/airflow/.local/lib/python3.12/site-packages/airflow/example_dags/example_setup_teardown.py
[2025-04-11T20:51:35.069+0000] {processor.py:914} INFO - Processing file /home/airflow/.local/lib/python3.12/site-packages/airflow/example_dags/example_setup_teardown.py for tasks to queue
[2025-04-11T20:51:35.119+0000] {logging_mixin.py:190} INFO - [2025-04-11T20:51:35.117+0000] {dagbag.py:588} INFO - Filling up the DagBag from /home/airflow/.local/lib/python3.12/site-packages/airflow/example_dags/example_setup_teardown.py
[2025-04-11T20:51:35.199+0000] {processor.py:925} INFO - DAG(s) 'example_setup_teardown' retrieved from /home/airflow/.local/lib/python3.12/site-packages/airflow/example_dags/example_setup_teardown.py
[2025-04-11T20:51:35.419+0000] {logging_mixin.py:190} INFO - [2025-04-11T20:51:35.414+0000] {dag.py:3239} INFO - Sync 1 DAGs
[2025-04-11T20:51:35.510+0000] {logging_mixin.py:190} INFO - [2025-04-11T20:51:35.509+0000] {dag.py:4180} INFO - Setting next_dagrun for example_setup_teardown to None, run_after=None
[2025-04-11T20:51:35.771+0000] {processor.py:208} INFO - Processing /home/airflow/.local/lib/python3.12/site-packages/airflow/example_dags/example_setup_teardown.py took 0.742 seconds
[2025-04-11T20:52:24.506+0000] {processor.py:186} INFO - Started process (PID=1302) to work on /home/airflow/.local/lib/python3.12/site-packages/airflow/example_dags/example_setup_teardown.py
[2025-04-11T20:52:24.513+0000] {processor.py:914} INFO - Processing file /home/airflow/.local/lib/python3.12/site-packages/airflow/example_dags/example_setup_teardown.py for tasks to queue
[2025-04-11T20:52:24.527+0000] {logging_mixin.py:190} INFO - [2025-04-11T20:52:24.526+0000] {dagbag.py:588} INFO - Filling up the DagBag from /home/airflow/.local/lib/python3.12/site-packages/airflow/example_dags/example_setup_teardown.py
[2025-04-11T20:52:24.561+0000] {processor.py:925} INFO - DAG(s) 'example_setup_teardown' retrieved from /home/airflow/.local/lib/python3.12/site-packages/airflow/example_dags/example_setup_teardown.py
[2025-04-11T20:52:24.647+0000] {logging_mixin.py:190} INFO - [2025-04-11T20:52:24.646+0000] {dag.py:3239} INFO - Sync 1 DAGs
[2025-04-11T20:52:24.763+0000] {logging_mixin.py:190} INFO - [2025-04-11T20:52:24.762+0000] {dag.py:4180} INFO - Setting next_dagrun for example_setup_teardown to None, run_after=None
[2025-04-11T20:52:24.895+0000] {processor.py:208} INFO - Processing /home/airflow/.local/lib/python3.12/site-packages/airflow/example_dags/example_setup_teardown.py took 0.412 seconds
[2025-04-11T20:53:11.489+0000] {processor.py:186} INFO - Started process (PID=1376) to work on /home/airflow/.local/lib/python3.12/site-packages/airflow/example_dags/example_setup_teardown.py
[2025-04-11T20:53:11.506+0000] {processor.py:914} INFO - Processing file /home/airflow/.local/lib/python3.12/site-packages/airflow/example_dags/example_setup_teardown.py for tasks to queue
[2025-04-11T20:53:11.576+0000] {logging_mixin.py:190} INFO - [2025-04-11T20:53:11.572+0000] {dagbag.py:588} INFO - Filling up the DagBag from /home/airflow/.local/lib/python3.12/site-packages/airflow/example_dags/example_setup_teardown.py
[2025-04-11T20:53:11.679+0000] {processor.py:925} INFO - DAG(s) 'example_setup_teardown' retrieved from /home/airflow/.local/lib/python3.12/site-packages/airflow/example_dags/example_setup_teardown.py
[2025-04-11T20:53:11.893+0000] {logging_mixin.py:190} INFO - [2025-04-11T20:53:11.890+0000] {dag.py:3239} INFO - Sync 1 DAGs
[2025-04-11T20:53:12.057+0000] {logging_mixin.py:190} INFO - [2025-04-11T20:53:12.056+0000] {dag.py:4180} INFO - Setting next_dagrun for example_setup_teardown to None, run_after=None
[2025-04-11T20:53:12.268+0000] {processor.py:208} INFO - Processing /home/airflow/.local/lib/python3.12/site-packages/airflow/example_dags/example_setup_teardown.py took 0.897 seconds
