[2025-04-11T19:44:42.977+0000] {processor.py:186} INFO - Started process (PID=80) to work on /home/airflow/.local/lib/python3.12/site-packages/airflow/example_dags/example_branch_labels.py
[2025-04-11T19:44:42.995+0000] {processor.py:914} INFO - Processing file /home/airflow/.local/lib/python3.12/site-packages/airflow/example_dags/example_branch_labels.py for tasks to queue
[2025-04-11T19:44:43.008+0000] {logging_mixin.py:190} INFO - [2025-04-11T19:44:43.008+0000] {dagbag.py:588} INFO - Filling up the DagBag from /home/airflow/.local/lib/python3.12/site-packages/airflow/example_dags/example_branch_labels.py
[2025-04-11T19:44:43.109+0000] {processor.py:925} INFO - DAG(s) 'example_branch_labels' retrieved from /home/airflow/.local/lib/python3.12/site-packages/airflow/example_dags/example_branch_labels.py
[2025-04-11T19:44:47.379+0000] {logging_mixin.py:190} INFO - [2025-04-11T19:44:47.372+0000] {override.py:1912} INFO - Created Permission View: can delete on DAG:example_branch_labels
[2025-04-11T19:44:47.486+0000] {logging_mixin.py:190} INFO - [2025-04-11T19:44:47.485+0000] {override.py:1912} INFO - Created Permission View: can read on DAG:example_branch_labels
[2025-04-11T19:44:47.529+0000] {logging_mixin.py:190} INFO - [2025-04-11T19:44:47.528+0000] {override.py:1912} INFO - Created Permission View: can edit on DAG:example_branch_labels
[2025-04-11T19:44:47.575+0000] {logging_mixin.py:190} INFO - [2025-04-11T19:44:47.574+0000] {override.py:1912} INFO - Created Permission View: can create on DAG Run:example_branch_labels
[2025-04-11T19:44:47.623+0000] {logging_mixin.py:190} INFO - [2025-04-11T19:44:47.622+0000] {override.py:1912} INFO - Created Permission View: can read on DAG Run:example_branch_labels
[2025-04-11T19:44:47.680+0000] {logging_mixin.py:190} INFO - [2025-04-11T19:44:47.679+0000] {override.py:1912} INFO - Created Permission View: can delete on DAG Run:example_branch_labels
[2025-04-11T19:44:47.719+0000] {logging_mixin.py:190} INFO - [2025-04-11T19:44:47.718+0000] {override.py:1912} INFO - Created Permission View: menu access on DAG Run:example_branch_labels
[2025-04-11T19:44:47.735+0000] {logging_mixin.py:190} INFO - [2025-04-11T19:44:47.720+0000] {dag.py:3239} INFO - Sync 1 DAGs
[2025-04-11T19:44:47.835+0000] {logging_mixin.py:190} INFO - [2025-04-11T19:44:47.834+0000] {dag.py:3262} INFO - Creating ORM DAG for example_branch_labels
[2025-04-11T19:44:47.924+0000] {logging_mixin.py:190} INFO - [2025-04-11T19:44:47.924+0000] {dag.py:4180} INFO - Setting next_dagrun for example_branch_labels to 2025-04-10 00:00:00+00:00, run_after=2025-04-11 00:00:00+00:00
[2025-04-11T19:44:48.054+0000] {processor.py:208} INFO - Processing /home/airflow/.local/lib/python3.12/site-packages/airflow/example_dags/example_branch_labels.py took 5.151 seconds
[2025-04-11T19:46:50.739+0000] {processor.py:186} INFO - Started process (PID=162) to work on /home/airflow/.local/lib/python3.12/site-packages/airflow/example_dags/example_branch_labels.py
[2025-04-11T19:46:50.744+0000] {processor.py:914} INFO - Processing file /home/airflow/.local/lib/python3.12/site-packages/airflow/example_dags/example_branch_labels.py for tasks to queue
[2025-04-11T19:46:50.757+0000] {logging_mixin.py:190} INFO - [2025-04-11T19:46:50.753+0000] {dagbag.py:588} INFO - Filling up the DagBag from /home/airflow/.local/lib/python3.12/site-packages/airflow/example_dags/example_branch_labels.py
[2025-04-11T19:46:50.784+0000] {processor.py:925} INFO - DAG(s) 'example_branch_labels' retrieved from /home/airflow/.local/lib/python3.12/site-packages/airflow/example_dags/example_branch_labels.py
[2025-04-11T19:46:50.851+0000] {logging_mixin.py:190} INFO - [2025-04-11T19:46:50.850+0000] {dag.py:3239} INFO - Sync 1 DAGs
[2025-04-11T19:46:50.939+0000] {logging_mixin.py:190} INFO - [2025-04-11T19:46:50.938+0000] {dag.py:4180} INFO - Setting next_dagrun for example_branch_labels to 2025-04-10 00:00:00+00:00, run_after=2025-04-11 00:00:00+00:00
[2025-04-11T19:46:51.000+0000] {processor.py:208} INFO - Processing /home/airflow/.local/lib/python3.12/site-packages/airflow/example_dags/example_branch_labels.py took 0.278 seconds
[2025-04-11T19:47:22.728+0000] {processor.py:186} INFO - Started process (PID=222) to work on /home/airflow/.local/lib/python3.12/site-packages/airflow/example_dags/example_branch_labels.py
[2025-04-11T19:47:22.734+0000] {processor.py:914} INFO - Processing file /home/airflow/.local/lib/python3.12/site-packages/airflow/example_dags/example_branch_labels.py for tasks to queue
[2025-04-11T19:47:22.744+0000] {logging_mixin.py:190} INFO - [2025-04-11T19:47:22.743+0000] {dagbag.py:588} INFO - Filling up the DagBag from /home/airflow/.local/lib/python3.12/site-packages/airflow/example_dags/example_branch_labels.py
[2025-04-11T19:47:22.781+0000] {processor.py:925} INFO - DAG(s) 'example_branch_labels' retrieved from /home/airflow/.local/lib/python3.12/site-packages/airflow/example_dags/example_branch_labels.py
[2025-04-11T19:47:22.853+0000] {logging_mixin.py:190} INFO - [2025-04-11T19:47:22.853+0000] {dag.py:3239} INFO - Sync 1 DAGs
[2025-04-11T19:47:23.073+0000] {logging_mixin.py:190} INFO - [2025-04-11T19:47:23.072+0000] {dag.py:4180} INFO - Setting next_dagrun for example_branch_labels to 2025-04-10 00:00:00+00:00, run_after=2025-04-11 00:00:00+00:00
[2025-04-11T19:47:23.139+0000] {processor.py:208} INFO - Processing /home/airflow/.local/lib/python3.12/site-packages/airflow/example_dags/example_branch_labels.py took 0.431 seconds
[2025-04-11T19:48:32.809+0000] {processor.py:186} INFO - Started process (PID=285) to work on /home/airflow/.local/lib/python3.12/site-packages/airflow/example_dags/example_branch_labels.py
[2025-04-11T19:48:32.814+0000] {processor.py:914} INFO - Processing file /home/airflow/.local/lib/python3.12/site-packages/airflow/example_dags/example_branch_labels.py for tasks to queue
[2025-04-11T19:48:32.835+0000] {logging_mixin.py:190} INFO - [2025-04-11T19:48:32.830+0000] {dagbag.py:588} INFO - Filling up the DagBag from /home/airflow/.local/lib/python3.12/site-packages/airflow/example_dags/example_branch_labels.py
[2025-04-11T19:48:32.900+0000] {processor.py:925} INFO - DAG(s) 'example_branch_labels' retrieved from /home/airflow/.local/lib/python3.12/site-packages/airflow/example_dags/example_branch_labels.py
[2025-04-11T19:48:33.321+0000] {logging_mixin.py:190} INFO - [2025-04-11T19:48:33.319+0000] {dag.py:3239} INFO - Sync 1 DAGs
[2025-04-11T19:48:33.711+0000] {logging_mixin.py:190} INFO - [2025-04-11T19:48:33.698+0000] {dag.py:4180} INFO - Setting next_dagrun for example_branch_labels to 2025-04-10 00:00:00+00:00, run_after=2025-04-11 00:00:00+00:00
[2025-04-11T19:48:34.016+0000] {processor.py:208} INFO - Processing /home/airflow/.local/lib/python3.12/site-packages/airflow/example_dags/example_branch_labels.py took 1.228 seconds
[2025-04-11T19:52:49.573+0000] {processor.py:186} INFO - Started process (PID=83) to work on /home/airflow/.local/lib/python3.12/site-packages/airflow/example_dags/example_branch_labels.py
[2025-04-11T19:52:49.593+0000] {processor.py:914} INFO - Processing file /home/airflow/.local/lib/python3.12/site-packages/airflow/example_dags/example_branch_labels.py for tasks to queue
[2025-04-11T19:52:49.663+0000] {logging_mixin.py:190} INFO - [2025-04-11T19:52:49.662+0000] {dagbag.py:588} INFO - Filling up the DagBag from /home/airflow/.local/lib/python3.12/site-packages/airflow/example_dags/example_branch_labels.py
[2025-04-11T19:52:49.921+0000] {processor.py:925} INFO - DAG(s) 'example_branch_labels' retrieved from /home/airflow/.local/lib/python3.12/site-packages/airflow/example_dags/example_branch_labels.py
[2025-04-11T19:52:50.116+0000] {logging_mixin.py:190} INFO - [2025-04-11T19:52:50.116+0000] {dag.py:3239} INFO - Sync 1 DAGs
[2025-04-11T19:52:50.209+0000] {logging_mixin.py:190} INFO - [2025-04-11T19:52:50.209+0000] {dag.py:4180} INFO - Setting next_dagrun for example_branch_labels to 2025-04-10 00:00:00+00:00, run_after=2025-04-11 00:00:00+00:00
[2025-04-11T19:52:50.342+0000] {processor.py:208} INFO - Processing /home/airflow/.local/lib/python3.12/site-packages/airflow/example_dags/example_branch_labels.py took 0.788 seconds
[2025-04-11T19:54:13.484+0000] {processor.py:186} INFO - Started process (PID=152) to work on /home/airflow/.local/lib/python3.12/site-packages/airflow/example_dags/example_branch_labels.py
[2025-04-11T19:54:13.501+0000] {processor.py:914} INFO - Processing file /home/airflow/.local/lib/python3.12/site-packages/airflow/example_dags/example_branch_labels.py for tasks to queue
[2025-04-11T19:54:13.554+0000] {logging_mixin.py:190} INFO - [2025-04-11T19:54:13.554+0000] {dagbag.py:588} INFO - Filling up the DagBag from /home/airflow/.local/lib/python3.12/site-packages/airflow/example_dags/example_branch_labels.py
[2025-04-11T19:54:13.684+0000] {processor.py:925} INFO - DAG(s) 'example_branch_labels' retrieved from /home/airflow/.local/lib/python3.12/site-packages/airflow/example_dags/example_branch_labels.py
[2025-04-11T19:54:13.822+0000] {logging_mixin.py:190} INFO - [2025-04-11T19:54:13.821+0000] {dag.py:3239} INFO - Sync 1 DAGs
[2025-04-11T19:54:14.009+0000] {logging_mixin.py:190} INFO - [2025-04-11T19:54:14.008+0000] {dag.py:4180} INFO - Setting next_dagrun for example_branch_labels to 2025-04-10 00:00:00+00:00, run_after=2025-04-11 00:00:00+00:00
[2025-04-11T19:54:14.159+0000] {processor.py:208} INFO - Processing /home/airflow/.local/lib/python3.12/site-packages/airflow/example_dags/example_branch_labels.py took 0.813 seconds
[2025-04-11T19:54:45.108+0000] {processor.py:186} INFO - Started process (PID=216) to work on /home/airflow/.local/lib/python3.12/site-packages/airflow/example_dags/example_branch_labels.py
[2025-04-11T19:54:45.114+0000] {processor.py:914} INFO - Processing file /home/airflow/.local/lib/python3.12/site-packages/airflow/example_dags/example_branch_labels.py for tasks to queue
[2025-04-11T19:54:45.122+0000] {logging_mixin.py:190} INFO - [2025-04-11T19:54:45.121+0000] {dagbag.py:588} INFO - Filling up the DagBag from /home/airflow/.local/lib/python3.12/site-packages/airflow/example_dags/example_branch_labels.py
[2025-04-11T19:54:45.151+0000] {processor.py:925} INFO - DAG(s) 'example_branch_labels' retrieved from /home/airflow/.local/lib/python3.12/site-packages/airflow/example_dags/example_branch_labels.py
[2025-04-11T19:54:45.246+0000] {logging_mixin.py:190} INFO - [2025-04-11T19:54:45.245+0000] {dag.py:3239} INFO - Sync 1 DAGs
[2025-04-11T19:54:45.316+0000] {logging_mixin.py:190} INFO - [2025-04-11T19:54:45.315+0000] {dag.py:4180} INFO - Setting next_dagrun for example_branch_labels to 2025-04-10 00:00:00+00:00, run_after=2025-04-11 00:00:00+00:00
[2025-04-11T19:54:45.354+0000] {processor.py:208} INFO - Processing /home/airflow/.local/lib/python3.12/site-packages/airflow/example_dags/example_branch_labels.py took 0.257 seconds
[2025-04-11T19:55:25.965+0000] {processor.py:186} INFO - Started process (PID=272) to work on /home/airflow/.local/lib/python3.12/site-packages/airflow/example_dags/example_branch_labels.py
[2025-04-11T19:55:26.031+0000] {processor.py:914} INFO - Processing file /home/airflow/.local/lib/python3.12/site-packages/airflow/example_dags/example_branch_labels.py for tasks to queue
[2025-04-11T19:55:26.146+0000] {logging_mixin.py:190} INFO - [2025-04-11T19:55:26.144+0000] {dagbag.py:588} INFO - Filling up the DagBag from /home/airflow/.local/lib/python3.12/site-packages/airflow/example_dags/example_branch_labels.py
[2025-04-11T19:55:26.276+0000] {processor.py:925} INFO - DAG(s) 'example_branch_labels' retrieved from /home/airflow/.local/lib/python3.12/site-packages/airflow/example_dags/example_branch_labels.py
[2025-04-11T19:55:26.653+0000] {logging_mixin.py:190} INFO - [2025-04-11T19:55:26.652+0000] {dag.py:3239} INFO - Sync 1 DAGs
[2025-04-11T19:55:27.280+0000] {logging_mixin.py:190} INFO - [2025-04-11T19:55:27.279+0000] {dag.py:4180} INFO - Setting next_dagrun for example_branch_labels to 2025-04-10 00:00:00+00:00, run_after=2025-04-11 00:00:00+00:00
[2025-04-11T19:55:27.954+0000] {processor.py:208} INFO - Processing /home/airflow/.local/lib/python3.12/site-packages/airflow/example_dags/example_branch_labels.py took 2.068 seconds
[2025-04-11T19:56:25.134+0000] {processor.py:186} INFO - Started process (PID=333) to work on /home/airflow/.local/lib/python3.12/site-packages/airflow/example_dags/example_branch_labels.py
[2025-04-11T19:56:25.139+0000] {processor.py:914} INFO - Processing file /home/airflow/.local/lib/python3.12/site-packages/airflow/example_dags/example_branch_labels.py for tasks to queue
[2025-04-11T19:56:25.143+0000] {logging_mixin.py:190} INFO - [2025-04-11T19:56:25.142+0000] {dagbag.py:588} INFO - Filling up the DagBag from /home/airflow/.local/lib/python3.12/site-packages/airflow/example_dags/example_branch_labels.py
[2025-04-11T19:56:25.166+0000] {processor.py:925} INFO - DAG(s) 'example_branch_labels' retrieved from /home/airflow/.local/lib/python3.12/site-packages/airflow/example_dags/example_branch_labels.py
[2025-04-11T19:56:25.215+0000] {logging_mixin.py:190} INFO - [2025-04-11T19:56:25.214+0000] {dag.py:3239} INFO - Sync 1 DAGs
[2025-04-11T19:56:25.273+0000] {logging_mixin.py:190} INFO - [2025-04-11T19:56:25.272+0000] {dag.py:4180} INFO - Setting next_dagrun for example_branch_labels to 2025-04-10 00:00:00+00:00, run_after=2025-04-11 00:00:00+00:00
[2025-04-11T19:56:25.338+0000] {processor.py:208} INFO - Processing /home/airflow/.local/lib/python3.12/site-packages/airflow/example_dags/example_branch_labels.py took 0.216 seconds
[2025-04-11T19:59:13.542+0000] {processor.py:186} INFO - Started process (PID=72) to work on /home/airflow/.local/lib/python3.12/site-packages/airflow/example_dags/example_branch_labels.py
[2025-04-11T19:59:13.549+0000] {processor.py:914} INFO - Processing file /home/airflow/.local/lib/python3.12/site-packages/airflow/example_dags/example_branch_labels.py for tasks to queue
[2025-04-11T19:59:13.559+0000] {logging_mixin.py:190} INFO - [2025-04-11T19:59:13.555+0000] {dagbag.py:588} INFO - Filling up the DagBag from /home/airflow/.local/lib/python3.12/site-packages/airflow/example_dags/example_branch_labels.py
[2025-04-11T19:59:13.615+0000] {processor.py:925} INFO - DAG(s) 'example_branch_labels' retrieved from /home/airflow/.local/lib/python3.12/site-packages/airflow/example_dags/example_branch_labels.py
[2025-04-11T19:59:13.745+0000] {logging_mixin.py:190} INFO - [2025-04-11T19:59:13.744+0000] {dag.py:3239} INFO - Sync 1 DAGs
[2025-04-11T19:59:13.849+0000] {logging_mixin.py:190} INFO - [2025-04-11T19:59:13.849+0000] {dag.py:4180} INFO - Setting next_dagrun for example_branch_labels to 2025-04-10 00:00:00+00:00, run_after=2025-04-11 00:00:00+00:00
[2025-04-11T19:59:14.007+0000] {processor.py:208} INFO - Processing /home/airflow/.local/lib/python3.12/site-packages/airflow/example_dags/example_branch_labels.py took 0.499 seconds
[2025-04-11T20:00:01.513+0000] {processor.py:186} INFO - Started process (PID=136) to work on /home/airflow/.local/lib/python3.12/site-packages/airflow/example_dags/example_branch_labels.py
[2025-04-11T20:00:01.522+0000] {processor.py:914} INFO - Processing file /home/airflow/.local/lib/python3.12/site-packages/airflow/example_dags/example_branch_labels.py for tasks to queue
[2025-04-11T20:00:01.538+0000] {logging_mixin.py:190} INFO - [2025-04-11T20:00:01.538+0000] {dagbag.py:588} INFO - Filling up the DagBag from /home/airflow/.local/lib/python3.12/site-packages/airflow/example_dags/example_branch_labels.py
[2025-04-11T20:00:01.668+0000] {processor.py:925} INFO - DAG(s) 'example_branch_labels' retrieved from /home/airflow/.local/lib/python3.12/site-packages/airflow/example_dags/example_branch_labels.py
[2025-04-11T20:00:01.980+0000] {logging_mixin.py:190} INFO - [2025-04-11T20:00:01.976+0000] {dag.py:3239} INFO - Sync 1 DAGs
[2025-04-11T20:00:02.287+0000] {logging_mixin.py:190} INFO - [2025-04-11T20:00:02.286+0000] {dag.py:4180} INFO - Setting next_dagrun for example_branch_labels to 2025-04-10 00:00:00+00:00, run_after=2025-04-11 00:00:00+00:00
[2025-04-11T20:00:02.469+0000] {processor.py:208} INFO - Processing /home/airflow/.local/lib/python3.12/site-packages/airflow/example_dags/example_branch_labels.py took 1.029 seconds
[2025-04-11T20:04:59.725+0000] {processor.py:186} INFO - Started process (PID=91) to work on /home/airflow/.local/lib/python3.12/site-packages/airflow/example_dags/example_branch_labels.py
[2025-04-11T20:04:59.765+0000] {processor.py:914} INFO - Processing file /home/airflow/.local/lib/python3.12/site-packages/airflow/example_dags/example_branch_labels.py for tasks to queue
[2025-04-11T20:04:59.783+0000] {logging_mixin.py:190} INFO - [2025-04-11T20:04:59.782+0000] {dagbag.py:588} INFO - Filling up the DagBag from /home/airflow/.local/lib/python3.12/site-packages/airflow/example_dags/example_branch_labels.py
[2025-04-11T20:05:00.195+0000] {processor.py:925} INFO - DAG(s) 'example_branch_labels' retrieved from /home/airflow/.local/lib/python3.12/site-packages/airflow/example_dags/example_branch_labels.py
[2025-04-11T20:05:00.591+0000] {logging_mixin.py:190} INFO - [2025-04-11T20:05:00.589+0000] {dag.py:3239} INFO - Sync 1 DAGs
[2025-04-11T20:05:00.912+0000] {logging_mixin.py:190} INFO - [2025-04-11T20:05:00.912+0000] {dag.py:4180} INFO - Setting next_dagrun for example_branch_labels to 2025-04-10 00:00:00+00:00, run_after=2025-04-11 00:00:00+00:00
[2025-04-11T20:05:01.183+0000] {processor.py:208} INFO - Processing /home/airflow/.local/lib/python3.12/site-packages/airflow/example_dags/example_branch_labels.py took 1.518 seconds
[2025-04-11T20:09:08.961+0000] {processor.py:186} INFO - Started process (PID=98) to work on /home/airflow/.local/lib/python3.12/site-packages/airflow/example_dags/example_branch_labels.py
[2025-04-11T20:09:08.986+0000] {processor.py:914} INFO - Processing file /home/airflow/.local/lib/python3.12/site-packages/airflow/example_dags/example_branch_labels.py for tasks to queue
[2025-04-11T20:09:09.052+0000] {logging_mixin.py:190} INFO - [2025-04-11T20:09:09.050+0000] {dagbag.py:588} INFO - Filling up the DagBag from /home/airflow/.local/lib/python3.12/site-packages/airflow/example_dags/example_branch_labels.py
[2025-04-11T20:09:09.705+0000] {processor.py:925} INFO - DAG(s) 'example_branch_labels' retrieved from /home/airflow/.local/lib/python3.12/site-packages/airflow/example_dags/example_branch_labels.py
[2025-04-11T20:09:10.208+0000] {logging_mixin.py:190} INFO - [2025-04-11T20:09:10.207+0000] {dag.py:3239} INFO - Sync 1 DAGs
[2025-04-11T20:09:11.157+0000] {logging_mixin.py:190} INFO - [2025-04-11T20:09:11.150+0000] {dag.py:4180} INFO - Setting next_dagrun for example_branch_labels to 2025-04-10 00:00:00+00:00, run_after=2025-04-11 00:00:00+00:00
[2025-04-11T20:09:11.614+0000] {processor.py:208} INFO - Processing /home/airflow/.local/lib/python3.12/site-packages/airflow/example_dags/example_branch_labels.py took 3.247 seconds
[2025-04-11T20:13:33.427+0000] {processor.py:186} INFO - Started process (PID=81) to work on /home/airflow/.local/lib/python3.12/site-packages/airflow/example_dags/example_branch_labels.py
[2025-04-11T20:13:33.434+0000] {processor.py:914} INFO - Processing file /home/airflow/.local/lib/python3.12/site-packages/airflow/example_dags/example_branch_labels.py for tasks to queue
[2025-04-11T20:13:33.449+0000] {logging_mixin.py:190} INFO - [2025-04-11T20:13:33.443+0000] {dagbag.py:588} INFO - Filling up the DagBag from /home/airflow/.local/lib/python3.12/site-packages/airflow/example_dags/example_branch_labels.py
[2025-04-11T20:13:33.590+0000] {processor.py:925} INFO - DAG(s) 'example_branch_labels' retrieved from /home/airflow/.local/lib/python3.12/site-packages/airflow/example_dags/example_branch_labels.py
[2025-04-11T20:13:34.169+0000] {logging_mixin.py:190} INFO - [2025-04-11T20:13:34.169+0000] {dag.py:3239} INFO - Sync 1 DAGs
[2025-04-11T20:13:34.363+0000] {logging_mixin.py:190} INFO - [2025-04-11T20:13:34.363+0000] {dag.py:4180} INFO - Setting next_dagrun for example_branch_labels to 2025-04-10 00:00:00+00:00, run_after=2025-04-11 00:00:00+00:00
[2025-04-11T20:13:34.640+0000] {processor.py:208} INFO - Processing /home/airflow/.local/lib/python3.12/site-packages/airflow/example_dags/example_branch_labels.py took 1.261 seconds
[2025-04-11T20:14:41.666+0000] {processor.py:186} INFO - Started process (PID=151) to work on /home/airflow/.local/lib/python3.12/site-packages/airflow/example_dags/example_branch_labels.py
[2025-04-11T20:14:41.716+0000] {processor.py:914} INFO - Processing file /home/airflow/.local/lib/python3.12/site-packages/airflow/example_dags/example_branch_labels.py for tasks to queue
[2025-04-11T20:14:41.757+0000] {logging_mixin.py:190} INFO - [2025-04-11T20:14:41.756+0000] {dagbag.py:588} INFO - Filling up the DagBag from /home/airflow/.local/lib/python3.12/site-packages/airflow/example_dags/example_branch_labels.py
[2025-04-11T20:14:41.982+0000] {processor.py:925} INFO - DAG(s) 'example_branch_labels' retrieved from /home/airflow/.local/lib/python3.12/site-packages/airflow/example_dags/example_branch_labels.py
[2025-04-11T20:14:42.788+0000] {logging_mixin.py:190} INFO - [2025-04-11T20:14:42.787+0000] {dag.py:3239} INFO - Sync 1 DAGs
[2025-04-11T20:14:43.467+0000] {logging_mixin.py:190} INFO - [2025-04-11T20:14:43.451+0000] {dag.py:4180} INFO - Setting next_dagrun for example_branch_labels to 2025-04-10 00:00:00+00:00, run_after=2025-04-11 00:00:00+00:00
[2025-04-11T20:14:44.910+0000] {processor.py:208} INFO - Processing /home/airflow/.local/lib/python3.12/site-packages/airflow/example_dags/example_branch_labels.py took 3.305 seconds
[2025-04-11T20:15:55.063+0000] {processor.py:186} INFO - Started process (PID=200) to work on /home/airflow/.local/lib/python3.12/site-packages/airflow/example_dags/example_branch_labels.py
[2025-04-11T20:15:55.071+0000] {processor.py:914} INFO - Processing file /home/airflow/.local/lib/python3.12/site-packages/airflow/example_dags/example_branch_labels.py for tasks to queue
[2025-04-11T20:15:55.077+0000] {logging_mixin.py:190} INFO - [2025-04-11T20:15:55.076+0000] {dagbag.py:588} INFO - Filling up the DagBag from /home/airflow/.local/lib/python3.12/site-packages/airflow/example_dags/example_branch_labels.py
[2025-04-11T20:15:55.116+0000] {processor.py:925} INFO - DAG(s) 'example_branch_labels' retrieved from /home/airflow/.local/lib/python3.12/site-packages/airflow/example_dags/example_branch_labels.py
[2025-04-11T20:15:55.663+0000] {logging_mixin.py:190} INFO - [2025-04-11T20:15:55.662+0000] {dag.py:3239} INFO - Sync 1 DAGs
[2025-04-11T20:15:55.772+0000] {logging_mixin.py:190} INFO - [2025-04-11T20:15:55.772+0000] {dag.py:4180} INFO - Setting next_dagrun for example_branch_labels to 2025-04-10 00:00:00+00:00, run_after=2025-04-11 00:00:00+00:00
[2025-04-11T20:15:55.885+0000] {processor.py:208} INFO - Processing /home/airflow/.local/lib/python3.12/site-packages/airflow/example_dags/example_branch_labels.py took 0.864 seconds
[2025-04-11T20:16:37.048+0000] {processor.py:186} INFO - Started process (PID=262) to work on /home/airflow/.local/lib/python3.12/site-packages/airflow/example_dags/example_branch_labels.py
[2025-04-11T20:16:37.059+0000] {processor.py:914} INFO - Processing file /home/airflow/.local/lib/python3.12/site-packages/airflow/example_dags/example_branch_labels.py for tasks to queue
[2025-04-11T20:16:37.064+0000] {logging_mixin.py:190} INFO - [2025-04-11T20:16:37.064+0000] {dagbag.py:588} INFO - Filling up the DagBag from /home/airflow/.local/lib/python3.12/site-packages/airflow/example_dags/example_branch_labels.py
[2025-04-11T20:16:37.131+0000] {processor.py:925} INFO - DAG(s) 'example_branch_labels' retrieved from /home/airflow/.local/lib/python3.12/site-packages/airflow/example_dags/example_branch_labels.py
[2025-04-11T20:16:37.222+0000] {logging_mixin.py:190} INFO - [2025-04-11T20:16:37.221+0000] {dag.py:3239} INFO - Sync 1 DAGs
[2025-04-11T20:16:37.399+0000] {logging_mixin.py:190} INFO - [2025-04-11T20:16:37.398+0000] {dag.py:4180} INFO - Setting next_dagrun for example_branch_labels to 2025-04-10 00:00:00+00:00, run_after=2025-04-11 00:00:00+00:00
[2025-04-11T20:16:37.509+0000] {processor.py:208} INFO - Processing /home/airflow/.local/lib/python3.12/site-packages/airflow/example_dags/example_branch_labels.py took 0.487 seconds
[2025-04-11T20:17:10.182+0000] {processor.py:186} INFO - Started process (PID=322) to work on /home/airflow/.local/lib/python3.12/site-packages/airflow/example_dags/example_branch_labels.py
[2025-04-11T20:17:10.188+0000] {processor.py:914} INFO - Processing file /home/airflow/.local/lib/python3.12/site-packages/airflow/example_dags/example_branch_labels.py for tasks to queue
[2025-04-11T20:17:10.225+0000] {logging_mixin.py:190} INFO - [2025-04-11T20:17:10.225+0000] {dagbag.py:588} INFO - Filling up the DagBag from /home/airflow/.local/lib/python3.12/site-packages/airflow/example_dags/example_branch_labels.py
[2025-04-11T20:17:10.438+0000] {processor.py:925} INFO - DAG(s) 'example_branch_labels' retrieved from /home/airflow/.local/lib/python3.12/site-packages/airflow/example_dags/example_branch_labels.py
[2025-04-11T20:17:10.665+0000] {logging_mixin.py:190} INFO - [2025-04-11T20:17:10.665+0000] {dag.py:3239} INFO - Sync 1 DAGs
[2025-04-11T20:17:10.854+0000] {logging_mixin.py:190} INFO - [2025-04-11T20:17:10.851+0000] {dag.py:4180} INFO - Setting next_dagrun for example_branch_labels to 2025-04-10 00:00:00+00:00, run_after=2025-04-11 00:00:00+00:00
[2025-04-11T20:17:10.958+0000] {processor.py:208} INFO - Processing /home/airflow/.local/lib/python3.12/site-packages/airflow/example_dags/example_branch_labels.py took 0.817 seconds
[2025-04-11T20:17:41.367+0000] {processor.py:186} INFO - Started process (PID=386) to work on /home/airflow/.local/lib/python3.12/site-packages/airflow/example_dags/example_branch_labels.py
[2025-04-11T20:17:41.370+0000] {processor.py:914} INFO - Processing file /home/airflow/.local/lib/python3.12/site-packages/airflow/example_dags/example_branch_labels.py for tasks to queue
[2025-04-11T20:17:41.376+0000] {logging_mixin.py:190} INFO - [2025-04-11T20:17:41.375+0000] {dagbag.py:588} INFO - Filling up the DagBag from /home/airflow/.local/lib/python3.12/site-packages/airflow/example_dags/example_branch_labels.py
[2025-04-11T20:17:41.400+0000] {processor.py:925} INFO - DAG(s) 'example_branch_labels' retrieved from /home/airflow/.local/lib/python3.12/site-packages/airflow/example_dags/example_branch_labels.py
[2025-04-11T20:17:41.451+0000] {logging_mixin.py:190} INFO - [2025-04-11T20:17:41.450+0000] {dag.py:3239} INFO - Sync 1 DAGs
[2025-04-11T20:17:41.515+0000] {logging_mixin.py:190} INFO - [2025-04-11T20:17:41.514+0000] {dag.py:4180} INFO - Setting next_dagrun for example_branch_labels to 2025-04-10 00:00:00+00:00, run_after=2025-04-11 00:00:00+00:00
[2025-04-11T20:17:41.576+0000] {processor.py:208} INFO - Processing /home/airflow/.local/lib/python3.12/site-packages/airflow/example_dags/example_branch_labels.py took 0.224 seconds
[2025-04-11T20:22:33.065+0000] {processor.py:186} INFO - Started process (PID=85) to work on /home/airflow/.local/lib/python3.12/site-packages/airflow/example_dags/example_branch_labels.py
[2025-04-11T20:22:33.077+0000] {processor.py:914} INFO - Processing file /home/airflow/.local/lib/python3.12/site-packages/airflow/example_dags/example_branch_labels.py for tasks to queue
[2025-04-11T20:22:33.096+0000] {logging_mixin.py:190} INFO - [2025-04-11T20:22:33.095+0000] {dagbag.py:588} INFO - Filling up the DagBag from /home/airflow/.local/lib/python3.12/site-packages/airflow/example_dags/example_branch_labels.py
[2025-04-11T20:22:33.203+0000] {processor.py:925} INFO - DAG(s) 'example_branch_labels' retrieved from /home/airflow/.local/lib/python3.12/site-packages/airflow/example_dags/example_branch_labels.py
[2025-04-11T20:22:34.934+0000] {logging_mixin.py:190} INFO - [2025-04-11T20:22:34.927+0000] {override.py:1912} INFO - Created Permission View: can read on DAG:example_branch_labels
[2025-04-11T20:22:35.055+0000] {logging_mixin.py:190} INFO - [2025-04-11T20:22:35.053+0000] {override.py:1912} INFO - Created Permission View: can edit on DAG:example_branch_labels
[2025-04-11T20:22:35.079+0000] {logging_mixin.py:190} INFO - [2025-04-11T20:22:35.078+0000] {override.py:1912} INFO - Created Permission View: can delete on DAG:example_branch_labels
[2025-04-11T20:22:35.208+0000] {logging_mixin.py:190} INFO - [2025-04-11T20:22:35.207+0000] {override.py:1912} INFO - Created Permission View: can create on DAG Run:example_branch_labels
[2025-04-11T20:22:35.298+0000] {logging_mixin.py:190} INFO - [2025-04-11T20:22:35.297+0000] {override.py:1912} INFO - Created Permission View: can read on DAG Run:example_branch_labels
[2025-04-11T20:22:35.331+0000] {logging_mixin.py:190} INFO - [2025-04-11T20:22:35.330+0000] {override.py:1912} INFO - Created Permission View: can delete on DAG Run:example_branch_labels
[2025-04-11T20:22:35.361+0000] {logging_mixin.py:190} INFO - [2025-04-11T20:22:35.360+0000] {override.py:1912} INFO - Created Permission View: menu access on DAG Run:example_branch_labels
[2025-04-11T20:22:35.365+0000] {logging_mixin.py:190} INFO - [2025-04-11T20:22:35.365+0000] {dag.py:3239} INFO - Sync 1 DAGs
[2025-04-11T20:22:35.417+0000] {logging_mixin.py:190} INFO - [2025-04-11T20:22:35.417+0000] {dag.py:3262} INFO - Creating ORM DAG for example_branch_labels
[2025-04-11T20:22:35.476+0000] {logging_mixin.py:190} INFO - [2025-04-11T20:22:35.476+0000] {dag.py:4180} INFO - Setting next_dagrun for example_branch_labels to 2025-04-10 00:00:00+00:00, run_after=2025-04-11 00:00:00+00:00
[2025-04-11T20:22:35.589+0000] {processor.py:208} INFO - Processing /home/airflow/.local/lib/python3.12/site-packages/airflow/example_dags/example_branch_labels.py took 2.609 seconds
[2025-04-11T20:24:43.974+0000] {processor.py:186} INFO - Started process (PID=166) to work on /home/airflow/.local/lib/python3.12/site-packages/airflow/example_dags/example_branch_labels.py
[2025-04-11T20:24:43.979+0000] {processor.py:914} INFO - Processing file /home/airflow/.local/lib/python3.12/site-packages/airflow/example_dags/example_branch_labels.py for tasks to queue
[2025-04-11T20:24:43.989+0000] {logging_mixin.py:190} INFO - [2025-04-11T20:24:43.988+0000] {dagbag.py:588} INFO - Filling up the DagBag from /home/airflow/.local/lib/python3.12/site-packages/airflow/example_dags/example_branch_labels.py
[2025-04-11T20:24:44.014+0000] {processor.py:925} INFO - DAG(s) 'example_branch_labels' retrieved from /home/airflow/.local/lib/python3.12/site-packages/airflow/example_dags/example_branch_labels.py
[2025-04-11T20:24:44.083+0000] {logging_mixin.py:190} INFO - [2025-04-11T20:24:44.083+0000] {dag.py:3239} INFO - Sync 1 DAGs
[2025-04-11T20:24:44.176+0000] {logging_mixin.py:190} INFO - [2025-04-11T20:24:44.175+0000] {dag.py:4180} INFO - Setting next_dagrun for example_branch_labels to 2025-04-10 00:00:00+00:00, run_after=2025-04-11 00:00:00+00:00
[2025-04-11T20:24:44.249+0000] {processor.py:208} INFO - Processing /home/airflow/.local/lib/python3.12/site-packages/airflow/example_dags/example_branch_labels.py took 0.291 seconds
[2025-04-11T20:25:14.907+0000] {processor.py:186} INFO - Started process (PID=220) to work on /home/airflow/.local/lib/python3.12/site-packages/airflow/example_dags/example_branch_labels.py
[2025-04-11T20:25:14.910+0000] {processor.py:914} INFO - Processing file /home/airflow/.local/lib/python3.12/site-packages/airflow/example_dags/example_branch_labels.py for tasks to queue
[2025-04-11T20:25:14.917+0000] {logging_mixin.py:190} INFO - [2025-04-11T20:25:14.916+0000] {dagbag.py:588} INFO - Filling up the DagBag from /home/airflow/.local/lib/python3.12/site-packages/airflow/example_dags/example_branch_labels.py
[2025-04-11T20:25:14.950+0000] {processor.py:925} INFO - DAG(s) 'example_branch_labels' retrieved from /home/airflow/.local/lib/python3.12/site-packages/airflow/example_dags/example_branch_labels.py
[2025-04-11T20:25:15.033+0000] {logging_mixin.py:190} INFO - [2025-04-11T20:25:15.033+0000] {dag.py:3239} INFO - Sync 1 DAGs
[2025-04-11T20:25:15.111+0000] {logging_mixin.py:190} INFO - [2025-04-11T20:25:15.110+0000] {dag.py:4180} INFO - Setting next_dagrun for example_branch_labels to 2025-04-10 00:00:00+00:00, run_after=2025-04-11 00:00:00+00:00
[2025-04-11T20:25:15.177+0000] {processor.py:208} INFO - Processing /home/airflow/.local/lib/python3.12/site-packages/airflow/example_dags/example_branch_labels.py took 0.287 seconds
[2025-04-11T20:28:23.163+0000] {processor.py:186} INFO - Started process (PID=73) to work on /home/airflow/.local/lib/python3.12/site-packages/airflow/example_dags/example_branch_labels.py
[2025-04-11T20:28:23.172+0000] {processor.py:914} INFO - Processing file /home/airflow/.local/lib/python3.12/site-packages/airflow/example_dags/example_branch_labels.py for tasks to queue
[2025-04-11T20:28:23.182+0000] {logging_mixin.py:190} INFO - [2025-04-11T20:28:23.181+0000] {dagbag.py:588} INFO - Filling up the DagBag from /home/airflow/.local/lib/python3.12/site-packages/airflow/example_dags/example_branch_labels.py
[2025-04-11T20:28:23.233+0000] {processor.py:925} INFO - DAG(s) 'example_branch_labels' retrieved from /home/airflow/.local/lib/python3.12/site-packages/airflow/example_dags/example_branch_labels.py
[2025-04-11T20:28:23.363+0000] {logging_mixin.py:190} INFO - [2025-04-11T20:28:23.362+0000] {dag.py:3239} INFO - Sync 1 DAGs
[2025-04-11T20:28:23.779+0000] {logging_mixin.py:190} INFO - [2025-04-11T20:28:23.778+0000] {dag.py:4180} INFO - Setting next_dagrun for example_branch_labels to 2025-04-10 00:00:00+00:00, run_after=2025-04-11 00:00:00+00:00
[2025-04-11T20:28:23.949+0000] {processor.py:208} INFO - Processing /home/airflow/.local/lib/python3.12/site-packages/airflow/example_dags/example_branch_labels.py took 0.819 seconds
[2025-04-11T20:28:55.469+0000] {processor.py:186} INFO - Started process (PID=136) to work on /home/airflow/.local/lib/python3.12/site-packages/airflow/example_dags/example_branch_labels.py
[2025-04-11T20:28:55.473+0000] {processor.py:914} INFO - Processing file /home/airflow/.local/lib/python3.12/site-packages/airflow/example_dags/example_branch_labels.py for tasks to queue
[2025-04-11T20:28:55.488+0000] {logging_mixin.py:190} INFO - [2025-04-11T20:28:55.486+0000] {dagbag.py:588} INFO - Filling up the DagBag from /home/airflow/.local/lib/python3.12/site-packages/airflow/example_dags/example_branch_labels.py
[2025-04-11T20:28:55.527+0000] {processor.py:925} INFO - DAG(s) 'example_branch_labels' retrieved from /home/airflow/.local/lib/python3.12/site-packages/airflow/example_dags/example_branch_labels.py
[2025-04-11T20:28:55.600+0000] {logging_mixin.py:190} INFO - [2025-04-11T20:28:55.600+0000] {dag.py:3239} INFO - Sync 1 DAGs
[2025-04-11T20:28:55.687+0000] {logging_mixin.py:190} INFO - [2025-04-11T20:28:55.686+0000] {dag.py:4180} INFO - Setting next_dagrun for example_branch_labels to 2025-04-10 00:00:00+00:00, run_after=2025-04-11 00:00:00+00:00
[2025-04-11T20:28:55.760+0000] {processor.py:208} INFO - Processing /home/airflow/.local/lib/python3.12/site-packages/airflow/example_dags/example_branch_labels.py took 0.309 seconds
[2025-04-11T20:29:26.765+0000] {processor.py:186} INFO - Started process (PID=192) to work on /home/airflow/.local/lib/python3.12/site-packages/airflow/example_dags/example_branch_labels.py
[2025-04-11T20:29:26.775+0000] {processor.py:914} INFO - Processing file /home/airflow/.local/lib/python3.12/site-packages/airflow/example_dags/example_branch_labels.py for tasks to queue
[2025-04-11T20:29:26.783+0000] {logging_mixin.py:190} INFO - [2025-04-11T20:29:26.783+0000] {dagbag.py:588} INFO - Filling up the DagBag from /home/airflow/.local/lib/python3.12/site-packages/airflow/example_dags/example_branch_labels.py
[2025-04-11T20:29:26.806+0000] {processor.py:925} INFO - DAG(s) 'example_branch_labels' retrieved from /home/airflow/.local/lib/python3.12/site-packages/airflow/example_dags/example_branch_labels.py
[2025-04-11T20:29:26.887+0000] {logging_mixin.py:190} INFO - [2025-04-11T20:29:26.886+0000] {dag.py:3239} INFO - Sync 1 DAGs
[2025-04-11T20:29:26.968+0000] {logging_mixin.py:190} INFO - [2025-04-11T20:29:26.967+0000] {dag.py:4180} INFO - Setting next_dagrun for example_branch_labels to 2025-04-10 00:00:00+00:00, run_after=2025-04-11 00:00:00+00:00
[2025-04-11T20:29:27.019+0000] {processor.py:208} INFO - Processing /home/airflow/.local/lib/python3.12/site-packages/airflow/example_dags/example_branch_labels.py took 0.268 seconds
[2025-04-11T20:30:19.376+0000] {processor.py:186} INFO - Started process (PID=255) to work on /home/airflow/.local/lib/python3.12/site-packages/airflow/example_dags/example_branch_labels.py
[2025-04-11T20:30:19.398+0000] {processor.py:914} INFO - Processing file /home/airflow/.local/lib/python3.12/site-packages/airflow/example_dags/example_branch_labels.py for tasks to queue
[2025-04-11T20:30:19.427+0000] {logging_mixin.py:190} INFO - [2025-04-11T20:30:19.418+0000] {dagbag.py:588} INFO - Filling up the DagBag from /home/airflow/.local/lib/python3.12/site-packages/airflow/example_dags/example_branch_labels.py
[2025-04-11T20:30:19.707+0000] {processor.py:925} INFO - DAG(s) 'example_branch_labels' retrieved from /home/airflow/.local/lib/python3.12/site-packages/airflow/example_dags/example_branch_labels.py
[2025-04-11T20:30:20.328+0000] {logging_mixin.py:190} INFO - [2025-04-11T20:30:20.328+0000] {dag.py:3239} INFO - Sync 1 DAGs
[2025-04-11T20:30:21.185+0000] {logging_mixin.py:190} INFO - [2025-04-11T20:30:21.185+0000] {dag.py:4180} INFO - Setting next_dagrun for example_branch_labels to 2025-04-10 00:00:00+00:00, run_after=2025-04-11 00:00:00+00:00
[2025-04-11T20:30:22.947+0000] {processor.py:208} INFO - Processing /home/airflow/.local/lib/python3.12/site-packages/airflow/example_dags/example_branch_labels.py took 3.621 seconds
[2025-04-11T20:30:55.071+0000] {processor.py:186} INFO - Started process (PID=306) to work on /home/airflow/.local/lib/python3.12/site-packages/airflow/example_dags/example_branch_labels.py
[2025-04-11T20:30:55.080+0000] {processor.py:914} INFO - Processing file /home/airflow/.local/lib/python3.12/site-packages/airflow/example_dags/example_branch_labels.py for tasks to queue
[2025-04-11T20:30:55.089+0000] {logging_mixin.py:190} INFO - [2025-04-11T20:30:55.088+0000] {dagbag.py:588} INFO - Filling up the DagBag from /home/airflow/.local/lib/python3.12/site-packages/airflow/example_dags/example_branch_labels.py
[2025-04-11T20:30:55.170+0000] {processor.py:925} INFO - DAG(s) 'example_branch_labels' retrieved from /home/airflow/.local/lib/python3.12/site-packages/airflow/example_dags/example_branch_labels.py
[2025-04-11T20:30:55.411+0000] {logging_mixin.py:190} INFO - [2025-04-11T20:30:55.398+0000] {dag.py:3239} INFO - Sync 1 DAGs
[2025-04-11T20:30:55.752+0000] {logging_mixin.py:190} INFO - [2025-04-11T20:30:55.751+0000] {dag.py:4180} INFO - Setting next_dagrun for example_branch_labels to 2025-04-10 00:00:00+00:00, run_after=2025-04-11 00:00:00+00:00
[2025-04-11T20:30:56.040+0000] {processor.py:208} INFO - Processing /home/airflow/.local/lib/python3.12/site-packages/airflow/example_dags/example_branch_labels.py took 0.990 seconds
[2025-04-11T20:31:27.399+0000] {processor.py:186} INFO - Started process (PID=363) to work on /home/airflow/.local/lib/python3.12/site-packages/airflow/example_dags/example_branch_labels.py
[2025-04-11T20:31:27.403+0000] {processor.py:914} INFO - Processing file /home/airflow/.local/lib/python3.12/site-packages/airflow/example_dags/example_branch_labels.py for tasks to queue
[2025-04-11T20:31:27.412+0000] {logging_mixin.py:190} INFO - [2025-04-11T20:31:27.412+0000] {dagbag.py:588} INFO - Filling up the DagBag from /home/airflow/.local/lib/python3.12/site-packages/airflow/example_dags/example_branch_labels.py
[2025-04-11T20:31:27.447+0000] {processor.py:925} INFO - DAG(s) 'example_branch_labels' retrieved from /home/airflow/.local/lib/python3.12/site-packages/airflow/example_dags/example_branch_labels.py
[2025-04-11T20:31:27.527+0000] {logging_mixin.py:190} INFO - [2025-04-11T20:31:27.526+0000] {dag.py:3239} INFO - Sync 1 DAGs
[2025-04-11T20:31:27.605+0000] {logging_mixin.py:190} INFO - [2025-04-11T20:31:27.604+0000] {dag.py:4180} INFO - Setting next_dagrun for example_branch_labels to 2025-04-10 00:00:00+00:00, run_after=2025-04-11 00:00:00+00:00
[2025-04-11T20:31:27.677+0000] {processor.py:208} INFO - Processing /home/airflow/.local/lib/python3.12/site-packages/airflow/example_dags/example_branch_labels.py took 0.299 seconds
[2025-04-11T20:32:00.875+0000] {processor.py:186} INFO - Started process (PID=427) to work on /home/airflow/.local/lib/python3.12/site-packages/airflow/example_dags/example_branch_labels.py
[2025-04-11T20:32:00.883+0000] {processor.py:914} INFO - Processing file /home/airflow/.local/lib/python3.12/site-packages/airflow/example_dags/example_branch_labels.py for tasks to queue
[2025-04-11T20:32:00.890+0000] {logging_mixin.py:190} INFO - [2025-04-11T20:32:00.889+0000] {dagbag.py:588} INFO - Filling up the DagBag from /home/airflow/.local/lib/python3.12/site-packages/airflow/example_dags/example_branch_labels.py
[2025-04-11T20:32:00.933+0000] {processor.py:925} INFO - DAG(s) 'example_branch_labels' retrieved from /home/airflow/.local/lib/python3.12/site-packages/airflow/example_dags/example_branch_labels.py
[2025-04-11T20:32:01.036+0000] {logging_mixin.py:190} INFO - [2025-04-11T20:32:01.035+0000] {dag.py:3239} INFO - Sync 1 DAGs
[2025-04-11T20:32:01.209+0000] {logging_mixin.py:190} INFO - [2025-04-11T20:32:01.209+0000] {dag.py:4180} INFO - Setting next_dagrun for example_branch_labels to 2025-04-10 00:00:00+00:00, run_after=2025-04-11 00:00:00+00:00
[2025-04-11T20:32:01.315+0000] {processor.py:208} INFO - Processing /home/airflow/.local/lib/python3.12/site-packages/airflow/example_dags/example_branch_labels.py took 0.485 seconds
[2025-04-11T20:32:35.837+0000] {processor.py:186} INFO - Started process (PID=477) to work on /home/airflow/.local/lib/python3.12/site-packages/airflow/example_dags/example_branch_labels.py
[2025-04-11T20:32:35.869+0000] {processor.py:914} INFO - Processing file /home/airflow/.local/lib/python3.12/site-packages/airflow/example_dags/example_branch_labels.py for tasks to queue
[2025-04-11T20:32:35.954+0000] {logging_mixin.py:190} INFO - [2025-04-11T20:32:35.953+0000] {dagbag.py:588} INFO - Filling up the DagBag from /home/airflow/.local/lib/python3.12/site-packages/airflow/example_dags/example_branch_labels.py
[2025-04-11T20:32:36.116+0000] {processor.py:925} INFO - DAG(s) 'example_branch_labels' retrieved from /home/airflow/.local/lib/python3.12/site-packages/airflow/example_dags/example_branch_labels.py
[2025-04-11T20:32:36.738+0000] {logging_mixin.py:190} INFO - [2025-04-11T20:32:36.737+0000] {dag.py:3239} INFO - Sync 1 DAGs
[2025-04-11T20:32:37.268+0000] {logging_mixin.py:190} INFO - [2025-04-11T20:32:37.266+0000] {dag.py:4180} INFO - Setting next_dagrun for example_branch_labels to 2025-04-10 00:00:00+00:00, run_after=2025-04-11 00:00:00+00:00
[2025-04-11T20:32:37.542+0000] {processor.py:208} INFO - Processing /home/airflow/.local/lib/python3.12/site-packages/airflow/example_dags/example_branch_labels.py took 1.739 seconds
[2025-04-11T20:33:33.341+0000] {processor.py:186} INFO - Started process (PID=543) to work on /home/airflow/.local/lib/python3.12/site-packages/airflow/example_dags/example_branch_labels.py
[2025-04-11T20:33:33.354+0000] {processor.py:914} INFO - Processing file /home/airflow/.local/lib/python3.12/site-packages/airflow/example_dags/example_branch_labels.py for tasks to queue
[2025-04-11T20:33:33.410+0000] {logging_mixin.py:190} INFO - [2025-04-11T20:33:33.409+0000] {dagbag.py:588} INFO - Filling up the DagBag from /home/airflow/.local/lib/python3.12/site-packages/airflow/example_dags/example_branch_labels.py
[2025-04-11T20:33:33.744+0000] {processor.py:925} INFO - DAG(s) 'example_branch_labels' retrieved from /home/airflow/.local/lib/python3.12/site-packages/airflow/example_dags/example_branch_labels.py
[2025-04-11T20:33:34.794+0000] {logging_mixin.py:190} INFO - [2025-04-11T20:33:34.794+0000] {dag.py:3239} INFO - Sync 1 DAGs
[2025-04-11T20:33:35.873+0000] {logging_mixin.py:190} INFO - [2025-04-11T20:33:35.872+0000] {dag.py:4180} INFO - Setting next_dagrun for example_branch_labels to 2025-04-10 00:00:00+00:00, run_after=2025-04-11 00:00:00+00:00
[2025-04-11T20:33:36.034+0000] {processor.py:208} INFO - Processing /home/airflow/.local/lib/python3.12/site-packages/airflow/example_dags/example_branch_labels.py took 2.712 seconds
[2025-04-11T20:35:39.935+0000] {processor.py:186} INFO - Started process (PID=76) to work on /home/airflow/.local/lib/python3.12/site-packages/airflow/example_dags/example_branch_labels.py
[2025-04-11T20:35:39.949+0000] {processor.py:914} INFO - Processing file /home/airflow/.local/lib/python3.12/site-packages/airflow/example_dags/example_branch_labels.py for tasks to queue
[2025-04-11T20:35:39.966+0000] {logging_mixin.py:190} INFO - [2025-04-11T20:35:39.965+0000] {dagbag.py:588} INFO - Filling up the DagBag from /home/airflow/.local/lib/python3.12/site-packages/airflow/example_dags/example_branch_labels.py
[2025-04-11T20:35:40.050+0000] {processor.py:925} INFO - DAG(s) 'example_branch_labels' retrieved from /home/airflow/.local/lib/python3.12/site-packages/airflow/example_dags/example_branch_labels.py
[2025-04-11T20:35:40.236+0000] {logging_mixin.py:190} INFO - [2025-04-11T20:35:40.235+0000] {dag.py:3239} INFO - Sync 1 DAGs
[2025-04-11T20:35:40.816+0000] {logging_mixin.py:190} INFO - [2025-04-11T20:35:40.815+0000] {dag.py:4180} INFO - Setting next_dagrun for example_branch_labels to 2025-04-10 00:00:00+00:00, run_after=2025-04-11 00:00:00+00:00
[2025-04-11T20:35:41.078+0000] {processor.py:208} INFO - Processing /home/airflow/.local/lib/python3.12/site-packages/airflow/example_dags/example_branch_labels.py took 1.198 seconds
[2025-04-11T20:36:11.731+0000] {processor.py:186} INFO - Started process (PID=140) to work on /home/airflow/.local/lib/python3.12/site-packages/airflow/example_dags/example_branch_labels.py
[2025-04-11T20:36:11.742+0000] {processor.py:914} INFO - Processing file /home/airflow/.local/lib/python3.12/site-packages/airflow/example_dags/example_branch_labels.py for tasks to queue
[2025-04-11T20:36:11.751+0000] {logging_mixin.py:190} INFO - [2025-04-11T20:36:11.750+0000] {dagbag.py:588} INFO - Filling up the DagBag from /home/airflow/.local/lib/python3.12/site-packages/airflow/example_dags/example_branch_labels.py
[2025-04-11T20:36:11.818+0000] {processor.py:925} INFO - DAG(s) 'example_branch_labels' retrieved from /home/airflow/.local/lib/python3.12/site-packages/airflow/example_dags/example_branch_labels.py
[2025-04-11T20:36:11.919+0000] {logging_mixin.py:190} INFO - [2025-04-11T20:36:11.918+0000] {dag.py:3239} INFO - Sync 1 DAGs
[2025-04-11T20:36:12.110+0000] {logging_mixin.py:190} INFO - [2025-04-11T20:36:12.108+0000] {dag.py:4180} INFO - Setting next_dagrun for example_branch_labels to 2025-04-10 00:00:00+00:00, run_after=2025-04-11 00:00:00+00:00
[2025-04-11T20:36:12.203+0000] {processor.py:208} INFO - Processing /home/airflow/.local/lib/python3.12/site-packages/airflow/example_dags/example_branch_labels.py took 0.525 seconds
[2025-04-11T20:36:44.735+0000] {processor.py:186} INFO - Started process (PID=204) to work on /home/airflow/.local/lib/python3.12/site-packages/airflow/example_dags/example_branch_labels.py
[2025-04-11T20:36:44.738+0000] {processor.py:914} INFO - Processing file /home/airflow/.local/lib/python3.12/site-packages/airflow/example_dags/example_branch_labels.py for tasks to queue
[2025-04-11T20:36:44.745+0000] {logging_mixin.py:190} INFO - [2025-04-11T20:36:44.744+0000] {dagbag.py:588} INFO - Filling up the DagBag from /home/airflow/.local/lib/python3.12/site-packages/airflow/example_dags/example_branch_labels.py
[2025-04-11T20:36:44.782+0000] {processor.py:925} INFO - DAG(s) 'example_branch_labels' retrieved from /home/airflow/.local/lib/python3.12/site-packages/airflow/example_dags/example_branch_labels.py
[2025-04-11T20:36:44.859+0000] {logging_mixin.py:190} INFO - [2025-04-11T20:36:44.859+0000] {dag.py:3239} INFO - Sync 1 DAGs
[2025-04-11T20:36:44.944+0000] {logging_mixin.py:190} INFO - [2025-04-11T20:36:44.943+0000] {dag.py:4180} INFO - Setting next_dagrun for example_branch_labels to 2025-04-10 00:00:00+00:00, run_after=2025-04-11 00:00:00+00:00
[2025-04-11T20:36:45.009+0000] {processor.py:208} INFO - Processing /home/airflow/.local/lib/python3.12/site-packages/airflow/example_dags/example_branch_labels.py took 0.290 seconds
[2025-04-11T20:37:16.732+0000] {processor.py:186} INFO - Started process (PID=248) to work on /home/airflow/.local/lib/python3.12/site-packages/airflow/example_dags/example_branch_labels.py
[2025-04-11T20:37:16.751+0000] {processor.py:914} INFO - Processing file /home/airflow/.local/lib/python3.12/site-packages/airflow/example_dags/example_branch_labels.py for tasks to queue
[2025-04-11T20:37:16.772+0000] {logging_mixin.py:190} INFO - [2025-04-11T20:37:16.769+0000] {dagbag.py:588} INFO - Filling up the DagBag from /home/airflow/.local/lib/python3.12/site-packages/airflow/example_dags/example_branch_labels.py
[2025-04-11T20:37:16.815+0000] {processor.py:925} INFO - DAG(s) 'example_branch_labels' retrieved from /home/airflow/.local/lib/python3.12/site-packages/airflow/example_dags/example_branch_labels.py
[2025-04-11T20:37:17.417+0000] {logging_mixin.py:190} INFO - [2025-04-11T20:37:17.416+0000] {dag.py:3239} INFO - Sync 1 DAGs
[2025-04-11T20:37:18.125+0000] {logging_mixin.py:190} INFO - [2025-04-11T20:37:18.125+0000] {dag.py:4180} INFO - Setting next_dagrun for example_branch_labels to 2025-04-10 00:00:00+00:00, run_after=2025-04-11 00:00:00+00:00
[2025-04-11T20:37:18.406+0000] {processor.py:208} INFO - Processing /home/airflow/.local/lib/python3.12/site-packages/airflow/example_dags/example_branch_labels.py took 1.722 seconds
[2025-04-11T20:37:57.130+0000] {processor.py:186} INFO - Started process (PID=302) to work on /home/airflow/.local/lib/python3.12/site-packages/airflow/example_dags/example_branch_labels.py
[2025-04-11T20:37:57.146+0000] {processor.py:914} INFO - Processing file /home/airflow/.local/lib/python3.12/site-packages/airflow/example_dags/example_branch_labels.py for tasks to queue
[2025-04-11T20:37:57.152+0000] {logging_mixin.py:190} INFO - [2025-04-11T20:37:57.151+0000] {dagbag.py:588} INFO - Filling up the DagBag from /home/airflow/.local/lib/python3.12/site-packages/airflow/example_dags/example_branch_labels.py
[2025-04-11T20:37:57.212+0000] {processor.py:925} INFO - DAG(s) 'example_branch_labels' retrieved from /home/airflow/.local/lib/python3.12/site-packages/airflow/example_dags/example_branch_labels.py
[2025-04-11T20:37:57.454+0000] {logging_mixin.py:190} INFO - [2025-04-11T20:37:57.453+0000] {dag.py:3239} INFO - Sync 1 DAGs
[2025-04-11T20:37:57.712+0000] {logging_mixin.py:190} INFO - [2025-04-11T20:37:57.711+0000] {dag.py:4180} INFO - Setting next_dagrun for example_branch_labels to 2025-04-10 00:00:00+00:00, run_after=2025-04-11 00:00:00+00:00
[2025-04-11T20:37:57.942+0000] {processor.py:208} INFO - Processing /home/airflow/.local/lib/python3.12/site-packages/airflow/example_dags/example_branch_labels.py took 0.844 seconds
[2025-04-11T20:38:34.664+0000] {processor.py:186} INFO - Started process (PID=354) to work on /home/airflow/.local/lib/python3.12/site-packages/airflow/example_dags/example_branch_labels.py
[2025-04-11T20:38:34.669+0000] {processor.py:914} INFO - Processing file /home/airflow/.local/lib/python3.12/site-packages/airflow/example_dags/example_branch_labels.py for tasks to queue
[2025-04-11T20:38:34.684+0000] {logging_mixin.py:190} INFO - [2025-04-11T20:38:34.683+0000] {dagbag.py:588} INFO - Filling up the DagBag from /home/airflow/.local/lib/python3.12/site-packages/airflow/example_dags/example_branch_labels.py
[2025-04-11T20:38:34.793+0000] {processor.py:925} INFO - DAG(s) 'example_branch_labels' retrieved from /home/airflow/.local/lib/python3.12/site-packages/airflow/example_dags/example_branch_labels.py
[2025-04-11T20:38:34.966+0000] {logging_mixin.py:190} INFO - [2025-04-11T20:38:34.966+0000] {dag.py:3239} INFO - Sync 1 DAGs
[2025-04-11T20:38:35.185+0000] {logging_mixin.py:190} INFO - [2025-04-11T20:38:35.185+0000] {dag.py:4180} INFO - Setting next_dagrun for example_branch_labels to 2025-04-10 00:00:00+00:00, run_after=2025-04-11 00:00:00+00:00
[2025-04-11T20:38:35.285+0000] {processor.py:208} INFO - Processing /home/airflow/.local/lib/python3.12/site-packages/airflow/example_dags/example_branch_labels.py took 0.671 seconds
[2025-04-11T20:39:48.576+0000] {processor.py:186} INFO - Started process (PID=430) to work on /home/airflow/.local/lib/python3.12/site-packages/airflow/example_dags/example_branch_labels.py
[2025-04-11T20:39:48.597+0000] {processor.py:914} INFO - Processing file /home/airflow/.local/lib/python3.12/site-packages/airflow/example_dags/example_branch_labels.py for tasks to queue
[2025-04-11T20:39:48.630+0000] {logging_mixin.py:190} INFO - [2025-04-11T20:39:48.630+0000] {dagbag.py:588} INFO - Filling up the DagBag from /home/airflow/.local/lib/python3.12/site-packages/airflow/example_dags/example_branch_labels.py
[2025-04-11T20:39:48.695+0000] {processor.py:925} INFO - DAG(s) 'example_branch_labels' retrieved from /home/airflow/.local/lib/python3.12/site-packages/airflow/example_dags/example_branch_labels.py
[2025-04-11T20:39:49.181+0000] {logging_mixin.py:190} INFO - [2025-04-11T20:39:49.180+0000] {dag.py:3239} INFO - Sync 1 DAGs
[2025-04-11T20:39:49.476+0000] {logging_mixin.py:190} INFO - [2025-04-11T20:39:49.476+0000] {dag.py:4180} INFO - Setting next_dagrun for example_branch_labels to 2025-04-10 00:00:00+00:00, run_after=2025-04-11 00:00:00+00:00
[2025-04-11T20:39:49.711+0000] {processor.py:208} INFO - Processing /home/airflow/.local/lib/python3.12/site-packages/airflow/example_dags/example_branch_labels.py took 1.171 seconds
[2025-04-11T20:40:26.137+0000] {processor.py:186} INFO - Started process (PID=493) to work on /home/airflow/.local/lib/python3.12/site-packages/airflow/example_dags/example_branch_labels.py
[2025-04-11T20:40:26.150+0000] {processor.py:914} INFO - Processing file /home/airflow/.local/lib/python3.12/site-packages/airflow/example_dags/example_branch_labels.py for tasks to queue
[2025-04-11T20:40:26.157+0000] {logging_mixin.py:190} INFO - [2025-04-11T20:40:26.157+0000] {dagbag.py:588} INFO - Filling up the DagBag from /home/airflow/.local/lib/python3.12/site-packages/airflow/example_dags/example_branch_labels.py
[2025-04-11T20:40:26.240+0000] {processor.py:925} INFO - DAG(s) 'example_branch_labels' retrieved from /home/airflow/.local/lib/python3.12/site-packages/airflow/example_dags/example_branch_labels.py
[2025-04-11T20:40:26.378+0000] {logging_mixin.py:190} INFO - [2025-04-11T20:40:26.378+0000] {dag.py:3239} INFO - Sync 1 DAGs
[2025-04-11T20:40:26.764+0000] {logging_mixin.py:190} INFO - [2025-04-11T20:40:26.763+0000] {dag.py:4180} INFO - Setting next_dagrun for example_branch_labels to 2025-04-10 00:00:00+00:00, run_after=2025-04-11 00:00:00+00:00
[2025-04-11T20:40:27.212+0000] {processor.py:208} INFO - Processing /home/airflow/.local/lib/python3.12/site-packages/airflow/example_dags/example_branch_labels.py took 1.209 seconds
[2025-04-11T20:41:00.560+0000] {processor.py:186} INFO - Started process (PID=546) to work on /home/airflow/.local/lib/python3.12/site-packages/airflow/example_dags/example_branch_labels.py
[2025-04-11T20:41:00.564+0000] {processor.py:914} INFO - Processing file /home/airflow/.local/lib/python3.12/site-packages/airflow/example_dags/example_branch_labels.py for tasks to queue
[2025-04-11T20:41:00.573+0000] {logging_mixin.py:190} INFO - [2025-04-11T20:41:00.573+0000] {dagbag.py:588} INFO - Filling up the DagBag from /home/airflow/.local/lib/python3.12/site-packages/airflow/example_dags/example_branch_labels.py
[2025-04-11T20:41:00.623+0000] {processor.py:925} INFO - DAG(s) 'example_branch_labels' retrieved from /home/airflow/.local/lib/python3.12/site-packages/airflow/example_dags/example_branch_labels.py
[2025-04-11T20:41:00.721+0000] {logging_mixin.py:190} INFO - [2025-04-11T20:41:00.720+0000] {dag.py:3239} INFO - Sync 1 DAGs
[2025-04-11T20:41:00.851+0000] {logging_mixin.py:190} INFO - [2025-04-11T20:41:00.850+0000] {dag.py:4180} INFO - Setting next_dagrun for example_branch_labels to 2025-04-10 00:00:00+00:00, run_after=2025-04-11 00:00:00+00:00
[2025-04-11T20:41:01.015+0000] {processor.py:208} INFO - Processing /home/airflow/.local/lib/python3.12/site-packages/airflow/example_dags/example_branch_labels.py took 0.471 seconds
[2025-04-11T20:41:33.597+0000] {processor.py:186} INFO - Started process (PID=598) to work on /home/airflow/.local/lib/python3.12/site-packages/airflow/example_dags/example_branch_labels.py
[2025-04-11T20:41:33.625+0000] {processor.py:914} INFO - Processing file /home/airflow/.local/lib/python3.12/site-packages/airflow/example_dags/example_branch_labels.py for tasks to queue
[2025-04-11T20:41:33.665+0000] {logging_mixin.py:190} INFO - [2025-04-11T20:41:33.659+0000] {dagbag.py:588} INFO - Filling up the DagBag from /home/airflow/.local/lib/python3.12/site-packages/airflow/example_dags/example_branch_labels.py
[2025-04-11T20:41:33.871+0000] {processor.py:925} INFO - DAG(s) 'example_branch_labels' retrieved from /home/airflow/.local/lib/python3.12/site-packages/airflow/example_dags/example_branch_labels.py
[2025-04-11T20:41:34.066+0000] {logging_mixin.py:190} INFO - [2025-04-11T20:41:34.066+0000] {dag.py:3239} INFO - Sync 1 DAGs
[2025-04-11T20:41:34.322+0000] {logging_mixin.py:190} INFO - [2025-04-11T20:41:34.321+0000] {dag.py:4180} INFO - Setting next_dagrun for example_branch_labels to 2025-04-10 00:00:00+00:00, run_after=2025-04-11 00:00:00+00:00
[2025-04-11T20:41:34.527+0000] {processor.py:208} INFO - Processing /home/airflow/.local/lib/python3.12/site-packages/airflow/example_dags/example_branch_labels.py took 0.939 seconds
[2025-04-11T20:42:19.832+0000] {processor.py:186} INFO - Started process (PID=665) to work on /home/airflow/.local/lib/python3.12/site-packages/airflow/example_dags/example_branch_labels.py
[2025-04-11T20:42:20.933+0000] {processor.py:914} INFO - Processing file /home/airflow/.local/lib/python3.12/site-packages/airflow/example_dags/example_branch_labels.py for tasks to queue
[2025-04-11T20:42:22.463+0000] {logging_mixin.py:190} INFO - [2025-04-11T20:42:22.431+0000] {dagbag.py:588} INFO - Filling up the DagBag from /home/airflow/.local/lib/python3.12/site-packages/airflow/example_dags/example_branch_labels.py
[2025-04-11T20:42:24.639+0000] {processor.py:925} INFO - DAG(s) 'example_branch_labels' retrieved from /home/airflow/.local/lib/python3.12/site-packages/airflow/example_dags/example_branch_labels.py
[2025-04-11T20:42:31.126+0000] {logging_mixin.py:190} INFO - [2025-04-11T20:42:31.112+0000] {dag.py:3239} INFO - Sync 1 DAGs
[2025-04-11T20:42:32.289+0000] {logging_mixin.py:190} INFO - [2025-04-11T20:42:32.289+0000] {dag.py:4180} INFO - Setting next_dagrun for example_branch_labels to 2025-04-10 00:00:00+00:00, run_after=2025-04-11 00:00:00+00:00
[2025-04-11T20:42:32.874+0000] {processor.py:208} INFO - Processing /home/airflow/.local/lib/python3.12/site-packages/airflow/example_dags/example_branch_labels.py took 14.277 seconds
[2025-04-11T20:43:40.939+0000] {processor.py:186} INFO - Started process (PID=715) to work on /home/airflow/.local/lib/python3.12/site-packages/airflow/example_dags/example_branch_labels.py
[2025-04-11T20:43:40.950+0000] {processor.py:914} INFO - Processing file /home/airflow/.local/lib/python3.12/site-packages/airflow/example_dags/example_branch_labels.py for tasks to queue
[2025-04-11T20:43:41.346+0000] {logging_mixin.py:190} INFO - [2025-04-11T20:43:41.298+0000] {dagbag.py:588} INFO - Filling up the DagBag from /home/airflow/.local/lib/python3.12/site-packages/airflow/example_dags/example_branch_labels.py
[2025-04-11T20:43:42.268+0000] {processor.py:925} INFO - DAG(s) 'example_branch_labels' retrieved from /home/airflow/.local/lib/python3.12/site-packages/airflow/example_dags/example_branch_labels.py
[2025-04-11T20:43:42.698+0000] {logging_mixin.py:190} INFO - [2025-04-11T20:43:42.695+0000] {dag.py:3239} INFO - Sync 1 DAGs
[2025-04-11T20:43:42.912+0000] {logging_mixin.py:190} INFO - [2025-04-11T20:43:42.912+0000] {dag.py:4180} INFO - Setting next_dagrun for example_branch_labels to 2025-04-10 00:00:00+00:00, run_after=2025-04-11 00:00:00+00:00
[2025-04-11T20:43:43.061+0000] {processor.py:208} INFO - Processing /home/airflow/.local/lib/python3.12/site-packages/airflow/example_dags/example_branch_labels.py took 2.491 seconds
[2025-04-11T20:44:25.709+0000] {processor.py:186} INFO - Started process (PID=776) to work on /home/airflow/.local/lib/python3.12/site-packages/airflow/example_dags/example_branch_labels.py
[2025-04-11T20:44:25.714+0000] {processor.py:914} INFO - Processing file /home/airflow/.local/lib/python3.12/site-packages/airflow/example_dags/example_branch_labels.py for tasks to queue
[2025-04-11T20:44:25.722+0000] {logging_mixin.py:190} INFO - [2025-04-11T20:44:25.722+0000] {dagbag.py:588} INFO - Filling up the DagBag from /home/airflow/.local/lib/python3.12/site-packages/airflow/example_dags/example_branch_labels.py
[2025-04-11T20:44:25.767+0000] {processor.py:925} INFO - DAG(s) 'example_branch_labels' retrieved from /home/airflow/.local/lib/python3.12/site-packages/airflow/example_dags/example_branch_labels.py
[2025-04-11T20:44:25.835+0000] {logging_mixin.py:190} INFO - [2025-04-11T20:44:25.834+0000] {dag.py:3239} INFO - Sync 1 DAGs
[2025-04-11T20:44:25.968+0000] {logging_mixin.py:190} INFO - [2025-04-11T20:44:25.968+0000] {dag.py:4180} INFO - Setting next_dagrun for example_branch_labels to 2025-04-10 00:00:00+00:00, run_after=2025-04-11 00:00:00+00:00
[2025-04-11T20:44:26.122+0000] {processor.py:208} INFO - Processing /home/airflow/.local/lib/python3.12/site-packages/airflow/example_dags/example_branch_labels.py took 0.434 seconds
[2025-04-11T20:44:56.598+0000] {processor.py:186} INFO - Started process (PID=840) to work on /home/airflow/.local/lib/python3.12/site-packages/airflow/example_dags/example_branch_labels.py
[2025-04-11T20:44:56.601+0000] {processor.py:914} INFO - Processing file /home/airflow/.local/lib/python3.12/site-packages/airflow/example_dags/example_branch_labels.py for tasks to queue
[2025-04-11T20:44:56.610+0000] {logging_mixin.py:190} INFO - [2025-04-11T20:44:56.609+0000] {dagbag.py:588} INFO - Filling up the DagBag from /home/airflow/.local/lib/python3.12/site-packages/airflow/example_dags/example_branch_labels.py
[2025-04-11T20:44:56.648+0000] {processor.py:925} INFO - DAG(s) 'example_branch_labels' retrieved from /home/airflow/.local/lib/python3.12/site-packages/airflow/example_dags/example_branch_labels.py
[2025-04-11T20:44:56.697+0000] {logging_mixin.py:190} INFO - [2025-04-11T20:44:56.696+0000] {dag.py:3239} INFO - Sync 1 DAGs
[2025-04-11T20:44:56.748+0000] {logging_mixin.py:190} INFO - [2025-04-11T20:44:56.748+0000] {dag.py:4180} INFO - Setting next_dagrun for example_branch_labels to 2025-04-10 00:00:00+00:00, run_after=2025-04-11 00:00:00+00:00
[2025-04-11T20:44:56.787+0000] {processor.py:208} INFO - Processing /home/airflow/.local/lib/python3.12/site-packages/airflow/example_dags/example_branch_labels.py took 0.208 seconds
[2025-04-11T20:45:27.345+0000] {processor.py:186} INFO - Started process (PID=903) to work on /home/airflow/.local/lib/python3.12/site-packages/airflow/example_dags/example_branch_labels.py
[2025-04-11T20:45:27.348+0000] {processor.py:914} INFO - Processing file /home/airflow/.local/lib/python3.12/site-packages/airflow/example_dags/example_branch_labels.py for tasks to queue
[2025-04-11T20:45:27.355+0000] {logging_mixin.py:190} INFO - [2025-04-11T20:45:27.354+0000] {dagbag.py:588} INFO - Filling up the DagBag from /home/airflow/.local/lib/python3.12/site-packages/airflow/example_dags/example_branch_labels.py
[2025-04-11T20:45:27.382+0000] {processor.py:925} INFO - DAG(s) 'example_branch_labels' retrieved from /home/airflow/.local/lib/python3.12/site-packages/airflow/example_dags/example_branch_labels.py
[2025-04-11T20:45:27.455+0000] {logging_mixin.py:190} INFO - [2025-04-11T20:45:27.454+0000] {dag.py:3239} INFO - Sync 1 DAGs
[2025-04-11T20:45:27.520+0000] {logging_mixin.py:190} INFO - [2025-04-11T20:45:27.519+0000] {dag.py:4180} INFO - Setting next_dagrun for example_branch_labels to 2025-04-10 00:00:00+00:00, run_after=2025-04-11 00:00:00+00:00
[2025-04-11T20:45:27.564+0000] {processor.py:208} INFO - Processing /home/airflow/.local/lib/python3.12/site-packages/airflow/example_dags/example_branch_labels.py took 0.240 seconds
[2025-04-11T20:46:21.667+0000] {processor.py:186} INFO - Started process (PID=962) to work on /home/airflow/.local/lib/python3.12/site-packages/airflow/example_dags/example_branch_labels.py
[2025-04-11T20:46:21.681+0000] {processor.py:914} INFO - Processing file /home/airflow/.local/lib/python3.12/site-packages/airflow/example_dags/example_branch_labels.py for tasks to queue
[2025-04-11T20:46:21.723+0000] {logging_mixin.py:190} INFO - [2025-04-11T20:46:21.723+0000] {dagbag.py:588} INFO - Filling up the DagBag from /home/airflow/.local/lib/python3.12/site-packages/airflow/example_dags/example_branch_labels.py
[2025-04-11T20:46:22.426+0000] {processor.py:925} INFO - DAG(s) 'example_branch_labels' retrieved from /home/airflow/.local/lib/python3.12/site-packages/airflow/example_dags/example_branch_labels.py
[2025-04-11T20:46:23.967+0000] {logging_mixin.py:190} INFO - [2025-04-11T20:46:23.939+0000] {dag.py:3239} INFO - Sync 1 DAGs
[2025-04-11T20:46:25.671+0000] {logging_mixin.py:190} INFO - [2025-04-11T20:46:25.670+0000] {dag.py:4180} INFO - Setting next_dagrun for example_branch_labels to 2025-04-10 00:00:00+00:00, run_after=2025-04-11 00:00:00+00:00
[2025-04-11T20:46:26.222+0000] {processor.py:208} INFO - Processing /home/airflow/.local/lib/python3.12/site-packages/airflow/example_dags/example_branch_labels.py took 4.710 seconds
[2025-04-11T20:47:27.801+0000] {processor.py:186} INFO - Started process (PID=1019) to work on /home/airflow/.local/lib/python3.12/site-packages/airflow/example_dags/example_branch_labels.py
[2025-04-11T20:47:27.807+0000] {processor.py:914} INFO - Processing file /home/airflow/.local/lib/python3.12/site-packages/airflow/example_dags/example_branch_labels.py for tasks to queue
[2025-04-11T20:47:27.822+0000] {logging_mixin.py:190} INFO - [2025-04-11T20:47:27.821+0000] {dagbag.py:588} INFO - Filling up the DagBag from /home/airflow/.local/lib/python3.12/site-packages/airflow/example_dags/example_branch_labels.py
[2025-04-11T20:47:27.880+0000] {processor.py:925} INFO - DAG(s) 'example_branch_labels' retrieved from /home/airflow/.local/lib/python3.12/site-packages/airflow/example_dags/example_branch_labels.py
[2025-04-11T20:47:28.020+0000] {logging_mixin.py:190} INFO - [2025-04-11T20:47:28.018+0000] {dag.py:3239} INFO - Sync 1 DAGs
[2025-04-11T20:47:28.401+0000] {logging_mixin.py:190} INFO - [2025-04-11T20:47:28.401+0000] {dag.py:4180} INFO - Setting next_dagrun for example_branch_labels to 2025-04-10 00:00:00+00:00, run_after=2025-04-11 00:00:00+00:00
[2025-04-11T20:47:28.655+0000] {processor.py:208} INFO - Processing /home/airflow/.local/lib/python3.12/site-packages/airflow/example_dags/example_branch_labels.py took 0.927 seconds
[2025-04-11T20:48:50.647+0000] {processor.py:186} INFO - Started process (PID=1063) to work on /home/airflow/.local/lib/python3.12/site-packages/airflow/example_dags/example_branch_labels.py
[2025-04-11T20:48:51.129+0000] {processor.py:914} INFO - Processing file /home/airflow/.local/lib/python3.12/site-packages/airflow/example_dags/example_branch_labels.py for tasks to queue
[2025-04-11T20:48:51.284+0000] {logging_mixin.py:190} INFO - [2025-04-11T20:48:51.283+0000] {dagbag.py:588} INFO - Filling up the DagBag from /home/airflow/.local/lib/python3.12/site-packages/airflow/example_dags/example_branch_labels.py
[2025-04-11T20:48:51.798+0000] {processor.py:925} INFO - DAG(s) 'example_branch_labels' retrieved from /home/airflow/.local/lib/python3.12/site-packages/airflow/example_dags/example_branch_labels.py
[2025-04-11T20:48:53.231+0000] {logging_mixin.py:190} INFO - [2025-04-11T20:48:53.229+0000] {dag.py:3239} INFO - Sync 1 DAGs
[2025-04-11T20:48:54.264+0000] {logging_mixin.py:190} INFO - [2025-04-11T20:48:54.263+0000] {dag.py:4180} INFO - Setting next_dagrun for example_branch_labels to 2025-04-10 00:00:00+00:00, run_after=2025-04-11 00:00:00+00:00
[2025-04-11T20:48:55.224+0000] {processor.py:208} INFO - Processing /home/airflow/.local/lib/python3.12/site-packages/airflow/example_dags/example_branch_labels.py took 5.230 seconds
[2025-04-11T20:50:01.548+0000] {processor.py:186} INFO - Started process (PID=1128) to work on /home/airflow/.local/lib/python3.12/site-packages/airflow/example_dags/example_branch_labels.py
[2025-04-11T20:50:01.554+0000] {processor.py:914} INFO - Processing file /home/airflow/.local/lib/python3.12/site-packages/airflow/example_dags/example_branch_labels.py for tasks to queue
[2025-04-11T20:50:01.574+0000] {logging_mixin.py:190} INFO - [2025-04-11T20:50:01.573+0000] {dagbag.py:588} INFO - Filling up the DagBag from /home/airflow/.local/lib/python3.12/site-packages/airflow/example_dags/example_branch_labels.py
[2025-04-11T20:50:01.614+0000] {processor.py:925} INFO - DAG(s) 'example_branch_labels' retrieved from /home/airflow/.local/lib/python3.12/site-packages/airflow/example_dags/example_branch_labels.py
[2025-04-11T20:50:01.745+0000] {logging_mixin.py:190} INFO - [2025-04-11T20:50:01.744+0000] {dag.py:3239} INFO - Sync 1 DAGs
[2025-04-11T20:50:01.851+0000] {logging_mixin.py:190} INFO - [2025-04-11T20:50:01.850+0000] {dag.py:4180} INFO - Setting next_dagrun for example_branch_labels to 2025-04-10 00:00:00+00:00, run_after=2025-04-11 00:00:00+00:00
[2025-04-11T20:50:01.977+0000] {processor.py:208} INFO - Processing /home/airflow/.local/lib/python3.12/site-packages/airflow/example_dags/example_branch_labels.py took 0.457 seconds
[2025-04-11T20:50:48.126+0000] {processor.py:186} INFO - Started process (PID=1183) to work on /home/airflow/.local/lib/python3.12/site-packages/airflow/example_dags/example_branch_labels.py
[2025-04-11T20:50:48.136+0000] {processor.py:914} INFO - Processing file /home/airflow/.local/lib/python3.12/site-packages/airflow/example_dags/example_branch_labels.py for tasks to queue
[2025-04-11T20:50:48.157+0000] {logging_mixin.py:190} INFO - [2025-04-11T20:50:48.156+0000] {dagbag.py:588} INFO - Filling up the DagBag from /home/airflow/.local/lib/python3.12/site-packages/airflow/example_dags/example_branch_labels.py
[2025-04-11T20:50:48.255+0000] {processor.py:925} INFO - DAG(s) 'example_branch_labels' retrieved from /home/airflow/.local/lib/python3.12/site-packages/airflow/example_dags/example_branch_labels.py
[2025-04-11T20:50:48.410+0000] {logging_mixin.py:190} INFO - [2025-04-11T20:50:48.410+0000] {dag.py:3239} INFO - Sync 1 DAGs
[2025-04-11T20:50:48.626+0000] {logging_mixin.py:190} INFO - [2025-04-11T20:50:48.621+0000] {dag.py:4180} INFO - Setting next_dagrun for example_branch_labels to 2025-04-10 00:00:00+00:00, run_after=2025-04-11 00:00:00+00:00
[2025-04-11T20:50:48.788+0000] {processor.py:208} INFO - Processing /home/airflow/.local/lib/python3.12/site-packages/airflow/example_dags/example_branch_labels.py took 0.780 seconds
[2025-04-11T20:51:37.358+0000] {processor.py:186} INFO - Started process (PID=1250) to work on /home/airflow/.local/lib/python3.12/site-packages/airflow/example_dags/example_branch_labels.py
[2025-04-11T20:51:37.440+0000] {processor.py:914} INFO - Processing file /home/airflow/.local/lib/python3.12/site-packages/airflow/example_dags/example_branch_labels.py for tasks to queue
[2025-04-11T20:51:37.595+0000] {logging_mixin.py:190} INFO - [2025-04-11T20:51:37.595+0000] {dagbag.py:588} INFO - Filling up the DagBag from /home/airflow/.local/lib/python3.12/site-packages/airflow/example_dags/example_branch_labels.py
[2025-04-11T20:51:37.810+0000] {processor.py:925} INFO - DAG(s) 'example_branch_labels' retrieved from /home/airflow/.local/lib/python3.12/site-packages/airflow/example_dags/example_branch_labels.py
[2025-04-11T20:51:38.549+0000] {logging_mixin.py:190} INFO - [2025-04-11T20:51:38.547+0000] {dag.py:3239} INFO - Sync 1 DAGs
[2025-04-11T20:51:39.136+0000] {logging_mixin.py:190} INFO - [2025-04-11T20:51:39.092+0000] {dag.py:4180} INFO - Setting next_dagrun for example_branch_labels to 2025-04-10 00:00:00+00:00, run_after=2025-04-11 00:00:00+00:00
[2025-04-11T20:51:39.672+0000] {processor.py:208} INFO - Processing /home/airflow/.local/lib/python3.12/site-packages/airflow/example_dags/example_branch_labels.py took 2.401 seconds
[2025-04-11T20:52:27.196+0000] {processor.py:186} INFO - Started process (PID=1314) to work on /home/airflow/.local/lib/python3.12/site-packages/airflow/example_dags/example_branch_labels.py
[2025-04-11T20:52:27.210+0000] {processor.py:914} INFO - Processing file /home/airflow/.local/lib/python3.12/site-packages/airflow/example_dags/example_branch_labels.py for tasks to queue
[2025-04-11T20:52:27.230+0000] {logging_mixin.py:190} INFO - [2025-04-11T20:52:27.228+0000] {dagbag.py:588} INFO - Filling up the DagBag from /home/airflow/.local/lib/python3.12/site-packages/airflow/example_dags/example_branch_labels.py
[2025-04-11T20:52:27.307+0000] {processor.py:925} INFO - DAG(s) 'example_branch_labels' retrieved from /home/airflow/.local/lib/python3.12/site-packages/airflow/example_dags/example_branch_labels.py
[2025-04-11T20:52:27.534+0000] {logging_mixin.py:190} INFO - [2025-04-11T20:52:27.512+0000] {dag.py:3239} INFO - Sync 1 DAGs
[2025-04-11T20:52:28.146+0000] {logging_mixin.py:190} INFO - [2025-04-11T20:52:28.145+0000] {dag.py:4180} INFO - Setting next_dagrun for example_branch_labels to 2025-04-10 00:00:00+00:00, run_after=2025-04-11 00:00:00+00:00
[2025-04-11T20:52:28.543+0000] {processor.py:208} INFO - Processing /home/airflow/.local/lib/python3.12/site-packages/airflow/example_dags/example_branch_labels.py took 1.406 seconds
[2025-04-11T20:53:03.861+0000] {processor.py:186} INFO - Started process (PID=1365) to work on /home/airflow/.local/lib/python3.12/site-packages/airflow/example_dags/example_branch_labels.py
[2025-04-11T20:53:03.951+0000] {processor.py:914} INFO - Processing file /home/airflow/.local/lib/python3.12/site-packages/airflow/example_dags/example_branch_labels.py for tasks to queue
[2025-04-11T20:53:04.223+0000] {logging_mixin.py:190} INFO - [2025-04-11T20:53:04.222+0000] {dagbag.py:588} INFO - Filling up the DagBag from /home/airflow/.local/lib/python3.12/site-packages/airflow/example_dags/example_branch_labels.py
[2025-04-11T20:53:04.393+0000] {processor.py:925} INFO - DAG(s) 'example_branch_labels' retrieved from /home/airflow/.local/lib/python3.12/site-packages/airflow/example_dags/example_branch_labels.py
[2025-04-11T20:53:04.966+0000] {logging_mixin.py:190} INFO - [2025-04-11T20:53:04.964+0000] {dag.py:3239} INFO - Sync 1 DAGs
[2025-04-11T20:53:05.506+0000] {logging_mixin.py:190} INFO - [2025-04-11T20:53:05.506+0000] {dag.py:4180} INFO - Setting next_dagrun for example_branch_labels to 2025-04-10 00:00:00+00:00, run_after=2025-04-11 00:00:00+00:00
[2025-04-11T20:53:06.006+0000] {processor.py:208} INFO - Processing /home/airflow/.local/lib/python3.12/site-packages/airflow/example_dags/example_branch_labels.py took 2.501 seconds
