[2025-04-11T19:44:59.805+0000] {processor.py:186} INFO - Started process (PID=92) to work on /home/airflow/.local/lib/python3.12/site-packages/airflow/example_dags/tutorial_objectstorage.py
[2025-04-11T19:44:59.833+0000] {processor.py:914} INFO - Processing file /home/airflow/.local/lib/python3.12/site-packages/airflow/example_dags/tutorial_objectstorage.py for tasks to queue
[2025-04-11T19:44:59.869+0000] {logging_mixin.py:190} INFO - [2025-04-11T19:44:59.867+0000] {dagbag.py:588} INFO - Filling up the DagBag from /home/airflow/.local/lib/python3.12/site-packages/airflow/example_dags/tutorial_objectstorage.py
[2025-04-11T19:45:00.101+0000] {processor.py:925} INFO - DAG(s) 'tutorial_objectstorage' retrieved from /home/airflow/.local/lib/python3.12/site-packages/airflow/example_dags/tutorial_objectstorage.py
[2025-04-11T19:45:01.847+0000] {logging_mixin.py:190} INFO - [2025-04-11T19:45:01.845+0000] {override.py:1912} INFO - Created Permission View: can delete on DAG:tutorial_objectstorage
[2025-04-11T19:45:02.156+0000] {logging_mixin.py:190} INFO - [2025-04-11T19:45:02.154+0000] {override.py:1912} INFO - Created Permission View: can read on DAG:tutorial_objectstorage
[2025-04-11T19:45:02.335+0000] {logging_mixin.py:190} INFO - [2025-04-11T19:45:02.331+0000] {override.py:1912} INFO - Created Permission View: can edit on DAG:tutorial_objectstorage
[2025-04-11T19:45:02.453+0000] {logging_mixin.py:190} INFO - [2025-04-11T19:45:02.452+0000] {override.py:1912} INFO - Created Permission View: can create on DAG Run:tutorial_objectstorage
[2025-04-11T19:45:02.514+0000] {logging_mixin.py:190} INFO - [2025-04-11T19:45:02.513+0000] {override.py:1912} INFO - Created Permission View: can read on DAG Run:tutorial_objectstorage
[2025-04-11T19:45:02.575+0000] {logging_mixin.py:190} INFO - [2025-04-11T19:45:02.575+0000] {override.py:1912} INFO - Created Permission View: can delete on DAG Run:tutorial_objectstorage
[2025-04-11T19:45:02.659+0000] {logging_mixin.py:190} INFO - [2025-04-11T19:45:02.657+0000] {override.py:1912} INFO - Created Permission View: menu access on DAG Run:tutorial_objectstorage
[2025-04-11T19:45:02.669+0000] {logging_mixin.py:190} INFO - [2025-04-11T19:45:02.664+0000] {dag.py:3239} INFO - Sync 1 DAGs
[2025-04-11T19:45:02.846+0000] {logging_mixin.py:190} INFO - [2025-04-11T19:45:02.845+0000] {dag.py:3262} INFO - Creating ORM DAG for tutorial_objectstorage
[2025-04-11T19:45:02.854+0000] {logging_mixin.py:190} INFO - [2025-04-11T19:45:02.853+0000] {dag.py:4180} INFO - Setting next_dagrun for tutorial_objectstorage to None, run_after=None
[2025-04-11T19:45:03.007+0000] {processor.py:208} INFO - Processing /home/airflow/.local/lib/python3.12/site-packages/airflow/example_dags/tutorial_objectstorage.py took 3.341 seconds
[2025-04-11T19:46:51.715+0000] {processor.py:186} INFO - Started process (PID=168) to work on /home/airflow/.local/lib/python3.12/site-packages/airflow/example_dags/tutorial_objectstorage.py
[2025-04-11T19:46:51.721+0000] {processor.py:914} INFO - Processing file /home/airflow/.local/lib/python3.12/site-packages/airflow/example_dags/tutorial_objectstorage.py for tasks to queue
[2025-04-11T19:46:51.728+0000] {logging_mixin.py:190} INFO - [2025-04-11T19:46:51.728+0000] {dagbag.py:588} INFO - Filling up the DagBag from /home/airflow/.local/lib/python3.12/site-packages/airflow/example_dags/tutorial_objectstorage.py
[2025-04-11T19:46:51.808+0000] {processor.py:925} INFO - DAG(s) 'tutorial_objectstorage' retrieved from /home/airflow/.local/lib/python3.12/site-packages/airflow/example_dags/tutorial_objectstorage.py
[2025-04-11T19:46:51.902+0000] {logging_mixin.py:190} INFO - [2025-04-11T19:46:51.901+0000] {dag.py:3239} INFO - Sync 1 DAGs
[2025-04-11T19:46:51.957+0000] {logging_mixin.py:190} INFO - [2025-04-11T19:46:51.957+0000] {dag.py:4180} INFO - Setting next_dagrun for tutorial_objectstorage to None, run_after=None
[2025-04-11T19:46:52.020+0000] {processor.py:208} INFO - Processing /home/airflow/.local/lib/python3.12/site-packages/airflow/example_dags/tutorial_objectstorage.py took 0.323 seconds
[2025-04-11T19:47:25.717+0000] {processor.py:186} INFO - Started process (PID=232) to work on /home/airflow/.local/lib/python3.12/site-packages/airflow/example_dags/tutorial_objectstorage.py
[2025-04-11T19:47:25.723+0000] {processor.py:914} INFO - Processing file /home/airflow/.local/lib/python3.12/site-packages/airflow/example_dags/tutorial_objectstorage.py for tasks to queue
[2025-04-11T19:47:25.731+0000] {logging_mixin.py:190} INFO - [2025-04-11T19:47:25.731+0000] {dagbag.py:588} INFO - Filling up the DagBag from /home/airflow/.local/lib/python3.12/site-packages/airflow/example_dags/tutorial_objectstorage.py
[2025-04-11T19:47:25.760+0000] {processor.py:925} INFO - DAG(s) 'tutorial_objectstorage' retrieved from /home/airflow/.local/lib/python3.12/site-packages/airflow/example_dags/tutorial_objectstorage.py
[2025-04-11T19:47:25.855+0000] {logging_mixin.py:190} INFO - [2025-04-11T19:47:25.854+0000] {dag.py:3239} INFO - Sync 1 DAGs
[2025-04-11T19:47:25.958+0000] {logging_mixin.py:190} INFO - [2025-04-11T19:47:25.957+0000] {dag.py:4180} INFO - Setting next_dagrun for tutorial_objectstorage to None, run_after=None
[2025-04-11T19:47:26.081+0000] {processor.py:208} INFO - Processing /home/airflow/.local/lib/python3.12/site-packages/airflow/example_dags/tutorial_objectstorage.py took 0.402 seconds
[2025-04-11T19:52:52.046+0000] {processor.py:186} INFO - Started process (PID=89) to work on /home/airflow/.local/lib/python3.12/site-packages/airflow/example_dags/tutorial_objectstorage.py
[2025-04-11T19:52:52.051+0000] {processor.py:914} INFO - Processing file /home/airflow/.local/lib/python3.12/site-packages/airflow/example_dags/tutorial_objectstorage.py for tasks to queue
[2025-04-11T19:52:52.065+0000] {logging_mixin.py:190} INFO - [2025-04-11T19:52:52.062+0000] {dagbag.py:588} INFO - Filling up the DagBag from /home/airflow/.local/lib/python3.12/site-packages/airflow/example_dags/tutorial_objectstorage.py
[2025-04-11T19:52:52.115+0000] {processor.py:925} INFO - DAG(s) 'tutorial_objectstorage' retrieved from /home/airflow/.local/lib/python3.12/site-packages/airflow/example_dags/tutorial_objectstorage.py
[2025-04-11T19:52:52.282+0000] {logging_mixin.py:190} INFO - [2025-04-11T19:52:52.281+0000] {dag.py:3239} INFO - Sync 1 DAGs
[2025-04-11T19:52:52.641+0000] {logging_mixin.py:190} INFO - [2025-04-11T19:52:52.641+0000] {dag.py:4180} INFO - Setting next_dagrun for tutorial_objectstorage to None, run_after=None
[2025-04-11T19:52:52.885+0000] {processor.py:208} INFO - Processing /home/airflow/.local/lib/python3.12/site-packages/airflow/example_dags/tutorial_objectstorage.py took 0.905 seconds
[2025-04-11T19:54:16.981+0000] {processor.py:186} INFO - Started process (PID=158) to work on /home/airflow/.local/lib/python3.12/site-packages/airflow/example_dags/tutorial_objectstorage.py
[2025-04-11T19:54:16.994+0000] {processor.py:914} INFO - Processing file /home/airflow/.local/lib/python3.12/site-packages/airflow/example_dags/tutorial_objectstorage.py for tasks to queue
[2025-04-11T19:54:17.008+0000] {logging_mixin.py:190} INFO - [2025-04-11T19:54:17.005+0000] {dagbag.py:588} INFO - Filling up the DagBag from /home/airflow/.local/lib/python3.12/site-packages/airflow/example_dags/tutorial_objectstorage.py
[2025-04-11T19:54:17.061+0000] {processor.py:925} INFO - DAG(s) 'tutorial_objectstorage' retrieved from /home/airflow/.local/lib/python3.12/site-packages/airflow/example_dags/tutorial_objectstorage.py
[2025-04-11T19:54:17.185+0000] {logging_mixin.py:190} INFO - [2025-04-11T19:54:17.184+0000] {dag.py:3239} INFO - Sync 1 DAGs
[2025-04-11T19:54:17.286+0000] {logging_mixin.py:190} INFO - [2025-04-11T19:54:17.286+0000] {dag.py:4180} INFO - Setting next_dagrun for tutorial_objectstorage to None, run_after=None
[2025-04-11T19:54:17.422+0000] {processor.py:208} INFO - Processing /home/airflow/.local/lib/python3.12/site-packages/airflow/example_dags/tutorial_objectstorage.py took 0.494 seconds
[2025-04-11T19:54:48.278+0000] {processor.py:186} INFO - Started process (PID=222) to work on /home/airflow/.local/lib/python3.12/site-packages/airflow/example_dags/tutorial_objectstorage.py
[2025-04-11T19:54:48.281+0000] {processor.py:914} INFO - Processing file /home/airflow/.local/lib/python3.12/site-packages/airflow/example_dags/tutorial_objectstorage.py for tasks to queue
[2025-04-11T19:54:48.286+0000] {logging_mixin.py:190} INFO - [2025-04-11T19:54:48.286+0000] {dagbag.py:588} INFO - Filling up the DagBag from /home/airflow/.local/lib/python3.12/site-packages/airflow/example_dags/tutorial_objectstorage.py
[2025-04-11T19:54:48.305+0000] {processor.py:925} INFO - DAG(s) 'tutorial_objectstorage' retrieved from /home/airflow/.local/lib/python3.12/site-packages/airflow/example_dags/tutorial_objectstorage.py
[2025-04-11T19:54:48.343+0000] {logging_mixin.py:190} INFO - [2025-04-11T19:54:48.343+0000] {dag.py:3239} INFO - Sync 1 DAGs
[2025-04-11T19:54:48.371+0000] {logging_mixin.py:190} INFO - [2025-04-11T19:54:48.371+0000] {dag.py:4180} INFO - Setting next_dagrun for tutorial_objectstorage to None, run_after=None
[2025-04-11T19:54:48.413+0000] {processor.py:208} INFO - Processing /home/airflow/.local/lib/python3.12/site-packages/airflow/example_dags/tutorial_objectstorage.py took 0.146 seconds
[2025-04-11T19:55:40.777+0000] {processor.py:186} INFO - Started process (PID=291) to work on /home/airflow/.local/lib/python3.12/site-packages/airflow/example_dags/tutorial_objectstorage.py
[2025-04-11T19:55:40.792+0000] {processor.py:914} INFO - Processing file /home/airflow/.local/lib/python3.12/site-packages/airflow/example_dags/tutorial_objectstorage.py for tasks to queue
[2025-04-11T19:55:40.815+0000] {logging_mixin.py:190} INFO - [2025-04-11T19:55:40.813+0000] {dagbag.py:588} INFO - Filling up the DagBag from /home/airflow/.local/lib/python3.12/site-packages/airflow/example_dags/tutorial_objectstorage.py
[2025-04-11T19:55:40.886+0000] {processor.py:925} INFO - DAG(s) 'tutorial_objectstorage' retrieved from /home/airflow/.local/lib/python3.12/site-packages/airflow/example_dags/tutorial_objectstorage.py
[2025-04-11T19:55:41.246+0000] {logging_mixin.py:190} INFO - [2025-04-11T19:55:41.245+0000] {dag.py:3239} INFO - Sync 1 DAGs
[2025-04-11T19:55:41.975+0000] {logging_mixin.py:190} INFO - [2025-04-11T19:55:41.975+0000] {dag.py:4180} INFO - Setting next_dagrun for tutorial_objectstorage to None, run_after=None
[2025-04-11T19:55:42.304+0000] {processor.py:208} INFO - Processing /home/airflow/.local/lib/python3.12/site-packages/airflow/example_dags/tutorial_objectstorage.py took 1.565 seconds
[2025-04-11T19:56:25.994+0000] {processor.py:186} INFO - Started process (PID=345) to work on /home/airflow/.local/lib/python3.12/site-packages/airflow/example_dags/tutorial_objectstorage.py
[2025-04-11T19:56:25.997+0000] {processor.py:914} INFO - Processing file /home/airflow/.local/lib/python3.12/site-packages/airflow/example_dags/tutorial_objectstorage.py for tasks to queue
[2025-04-11T19:56:26.003+0000] {logging_mixin.py:190} INFO - [2025-04-11T19:56:26.002+0000] {dagbag.py:588} INFO - Filling up the DagBag from /home/airflow/.local/lib/python3.12/site-packages/airflow/example_dags/tutorial_objectstorage.py
[2025-04-11T19:56:26.051+0000] {processor.py:925} INFO - DAG(s) 'tutorial_objectstorage' retrieved from /home/airflow/.local/lib/python3.12/site-packages/airflow/example_dags/tutorial_objectstorage.py
[2025-04-11T19:56:26.119+0000] {logging_mixin.py:190} INFO - [2025-04-11T19:56:26.118+0000] {dag.py:3239} INFO - Sync 1 DAGs
[2025-04-11T19:56:26.155+0000] {logging_mixin.py:190} INFO - [2025-04-11T19:56:26.155+0000] {dag.py:4180} INFO - Setting next_dagrun for tutorial_objectstorage to None, run_after=None
[2025-04-11T19:56:26.199+0000] {processor.py:208} INFO - Processing /home/airflow/.local/lib/python3.12/site-packages/airflow/example_dags/tutorial_objectstorage.py took 0.223 seconds
[2025-04-11T19:59:17.244+0000] {processor.py:186} INFO - Started process (PID=78) to work on /home/airflow/.local/lib/python3.12/site-packages/airflow/example_dags/tutorial_objectstorage.py
[2025-04-11T19:59:17.255+0000] {processor.py:914} INFO - Processing file /home/airflow/.local/lib/python3.12/site-packages/airflow/example_dags/tutorial_objectstorage.py for tasks to queue
[2025-04-11T19:59:17.271+0000] {logging_mixin.py:190} INFO - [2025-04-11T19:59:17.268+0000] {dagbag.py:588} INFO - Filling up the DagBag from /home/airflow/.local/lib/python3.12/site-packages/airflow/example_dags/tutorial_objectstorage.py
[2025-04-11T19:59:17.326+0000] {processor.py:925} INFO - DAG(s) 'tutorial_objectstorage' retrieved from /home/airflow/.local/lib/python3.12/site-packages/airflow/example_dags/tutorial_objectstorage.py
[2025-04-11T19:59:17.457+0000] {logging_mixin.py:190} INFO - [2025-04-11T19:59:17.456+0000] {dag.py:3239} INFO - Sync 1 DAGs
[2025-04-11T19:59:17.590+0000] {logging_mixin.py:190} INFO - [2025-04-11T19:59:17.590+0000] {dag.py:4180} INFO - Setting next_dagrun for tutorial_objectstorage to None, run_after=None
[2025-04-11T19:59:17.752+0000] {processor.py:208} INFO - Processing /home/airflow/.local/lib/python3.12/site-packages/airflow/example_dags/tutorial_objectstorage.py took 0.541 seconds
[2025-04-11T20:00:04.504+0000] {processor.py:186} INFO - Started process (PID=142) to work on /home/airflow/.local/lib/python3.12/site-packages/airflow/example_dags/tutorial_objectstorage.py
[2025-04-11T20:00:04.510+0000] {processor.py:914} INFO - Processing file /home/airflow/.local/lib/python3.12/site-packages/airflow/example_dags/tutorial_objectstorage.py for tasks to queue
[2025-04-11T20:00:04.527+0000] {logging_mixin.py:190} INFO - [2025-04-11T20:00:04.526+0000] {dagbag.py:588} INFO - Filling up the DagBag from /home/airflow/.local/lib/python3.12/site-packages/airflow/example_dags/tutorial_objectstorage.py
[2025-04-11T20:00:04.595+0000] {processor.py:925} INFO - DAG(s) 'tutorial_objectstorage' retrieved from /home/airflow/.local/lib/python3.12/site-packages/airflow/example_dags/tutorial_objectstorage.py
[2025-04-11T20:00:04.723+0000] {logging_mixin.py:190} INFO - [2025-04-11T20:00:04.723+0000] {dag.py:3239} INFO - Sync 1 DAGs
[2025-04-11T20:00:04.868+0000] {logging_mixin.py:190} INFO - [2025-04-11T20:00:04.862+0000] {dag.py:4180} INFO - Setting next_dagrun for tutorial_objectstorage to None, run_after=None
[2025-04-11T20:00:04.973+0000] {processor.py:208} INFO - Processing /home/airflow/.local/lib/python3.12/site-packages/airflow/example_dags/tutorial_objectstorage.py took 0.498 seconds
[2025-04-11T20:05:04.499+0000] {processor.py:186} INFO - Started process (PID=97) to work on /home/airflow/.local/lib/python3.12/site-packages/airflow/example_dags/tutorial_objectstorage.py
[2025-04-11T20:05:04.510+0000] {processor.py:914} INFO - Processing file /home/airflow/.local/lib/python3.12/site-packages/airflow/example_dags/tutorial_objectstorage.py for tasks to queue
[2025-04-11T20:05:04.571+0000] {logging_mixin.py:190} INFO - [2025-04-11T20:05:04.570+0000] {dagbag.py:588} INFO - Filling up the DagBag from /home/airflow/.local/lib/python3.12/site-packages/airflow/example_dags/tutorial_objectstorage.py
[2025-04-11T20:05:04.891+0000] {processor.py:925} INFO - DAG(s) 'tutorial_objectstorage' retrieved from /home/airflow/.local/lib/python3.12/site-packages/airflow/example_dags/tutorial_objectstorage.py
[2025-04-11T20:05:05.661+0000] {logging_mixin.py:190} INFO - [2025-04-11T20:05:05.660+0000] {dag.py:3239} INFO - Sync 1 DAGs
[2025-04-11T20:05:06.075+0000] {logging_mixin.py:190} INFO - [2025-04-11T20:05:06.074+0000] {dag.py:4180} INFO - Setting next_dagrun for tutorial_objectstorage to None, run_after=None
[2025-04-11T20:05:06.888+0000] {processor.py:208} INFO - Processing /home/airflow/.local/lib/python3.12/site-packages/airflow/example_dags/tutorial_objectstorage.py took 2.445 seconds
[2025-04-11T20:09:30.184+0000] {processor.py:186} INFO - Started process (PID=104) to work on /home/airflow/.local/lib/python3.12/site-packages/airflow/example_dags/tutorial_objectstorage.py
[2025-04-11T20:09:30.227+0000] {processor.py:914} INFO - Processing file /home/airflow/.local/lib/python3.12/site-packages/airflow/example_dags/tutorial_objectstorage.py for tasks to queue
[2025-04-11T20:09:30.510+0000] {logging_mixin.py:190} INFO - [2025-04-11T20:09:30.506+0000] {dagbag.py:588} INFO - Filling up the DagBag from /home/airflow/.local/lib/python3.12/site-packages/airflow/example_dags/tutorial_objectstorage.py
[2025-04-11T20:09:30.967+0000] {processor.py:925} INFO - DAG(s) 'tutorial_objectstorage' retrieved from /home/airflow/.local/lib/python3.12/site-packages/airflow/example_dags/tutorial_objectstorage.py
[2025-04-11T20:09:32.000+0000] {logging_mixin.py:190} INFO - [2025-04-11T20:09:31.999+0000] {dag.py:3239} INFO - Sync 1 DAGs
[2025-04-11T20:09:32.743+0000] {logging_mixin.py:190} INFO - [2025-04-11T20:09:32.742+0000] {dag.py:4180} INFO - Setting next_dagrun for tutorial_objectstorage to None, run_after=None
[2025-04-11T20:09:33.379+0000] {processor.py:208} INFO - Processing /home/airflow/.local/lib/python3.12/site-packages/airflow/example_dags/tutorial_objectstorage.py took 3.444 seconds
[2025-04-11T20:13:38.196+0000] {processor.py:186} INFO - Started process (PID=87) to work on /home/airflow/.local/lib/python3.12/site-packages/airflow/example_dags/tutorial_objectstorage.py
[2025-04-11T20:13:38.205+0000] {processor.py:914} INFO - Processing file /home/airflow/.local/lib/python3.12/site-packages/airflow/example_dags/tutorial_objectstorage.py for tasks to queue
[2025-04-11T20:13:38.223+0000] {logging_mixin.py:190} INFO - [2025-04-11T20:13:38.223+0000] {dagbag.py:588} INFO - Filling up the DagBag from /home/airflow/.local/lib/python3.12/site-packages/airflow/example_dags/tutorial_objectstorage.py
[2025-04-11T20:13:38.364+0000] {processor.py:925} INFO - DAG(s) 'tutorial_objectstorage' retrieved from /home/airflow/.local/lib/python3.12/site-packages/airflow/example_dags/tutorial_objectstorage.py
[2025-04-11T20:13:38.851+0000] {logging_mixin.py:190} INFO - [2025-04-11T20:13:38.851+0000] {dag.py:3239} INFO - Sync 1 DAGs
[2025-04-11T20:13:38.974+0000] {logging_mixin.py:190} INFO - [2025-04-11T20:13:38.974+0000] {dag.py:4180} INFO - Setting next_dagrun for tutorial_objectstorage to None, run_after=None
[2025-04-11T20:13:39.101+0000] {processor.py:208} INFO - Processing /home/airflow/.local/lib/python3.12/site-packages/airflow/example_dags/tutorial_objectstorage.py took 0.982 seconds
[2025-04-11T20:14:53.511+0000] {processor.py:186} INFO - Started process (PID=163) to work on /home/airflow/.local/lib/python3.12/site-packages/airflow/example_dags/tutorial_objectstorage.py
[2025-04-11T20:14:53.523+0000] {processor.py:914} INFO - Processing file /home/airflow/.local/lib/python3.12/site-packages/airflow/example_dags/tutorial_objectstorage.py for tasks to queue
[2025-04-11T20:14:53.541+0000] {logging_mixin.py:190} INFO - [2025-04-11T20:14:53.540+0000] {dagbag.py:588} INFO - Filling up the DagBag from /home/airflow/.local/lib/python3.12/site-packages/airflow/example_dags/tutorial_objectstorage.py
[2025-04-11T20:14:53.869+0000] {processor.py:925} INFO - DAG(s) 'tutorial_objectstorage' retrieved from /home/airflow/.local/lib/python3.12/site-packages/airflow/example_dags/tutorial_objectstorage.py
[2025-04-11T20:14:54.461+0000] {logging_mixin.py:190} INFO - [2025-04-11T20:14:54.460+0000] {dag.py:3239} INFO - Sync 1 DAGs
[2025-04-11T20:14:54.991+0000] {logging_mixin.py:190} INFO - [2025-04-11T20:14:54.987+0000] {dag.py:4180} INFO - Setting next_dagrun for tutorial_objectstorage to None, run_after=None
[2025-04-11T20:14:55.669+0000] {processor.py:208} INFO - Processing /home/airflow/.local/lib/python3.12/site-packages/airflow/example_dags/tutorial_objectstorage.py took 2.442 seconds
[2025-04-11T20:15:57.308+0000] {processor.py:186} INFO - Started process (PID=207) to work on /home/airflow/.local/lib/python3.12/site-packages/airflow/example_dags/tutorial_objectstorage.py
[2025-04-11T20:15:57.313+0000] {processor.py:914} INFO - Processing file /home/airflow/.local/lib/python3.12/site-packages/airflow/example_dags/tutorial_objectstorage.py for tasks to queue
[2025-04-11T20:15:57.335+0000] {logging_mixin.py:190} INFO - [2025-04-11T20:15:57.331+0000] {dagbag.py:588} INFO - Filling up the DagBag from /home/airflow/.local/lib/python3.12/site-packages/airflow/example_dags/tutorial_objectstorage.py
[2025-04-11T20:15:57.439+0000] {processor.py:925} INFO - DAG(s) 'tutorial_objectstorage' retrieved from /home/airflow/.local/lib/python3.12/site-packages/airflow/example_dags/tutorial_objectstorage.py
[2025-04-11T20:15:57.629+0000] {logging_mixin.py:190} INFO - [2025-04-11T20:15:57.629+0000] {dag.py:3239} INFO - Sync 1 DAGs
[2025-04-11T20:15:57.800+0000] {logging_mixin.py:190} INFO - [2025-04-11T20:15:57.800+0000] {dag.py:4180} INFO - Setting next_dagrun for tutorial_objectstorage to None, run_after=None
[2025-04-11T20:15:57.982+0000] {processor.py:208} INFO - Processing /home/airflow/.local/lib/python3.12/site-packages/airflow/example_dags/tutorial_objectstorage.py took 0.692 seconds
[2025-04-11T20:16:39.706+0000] {processor.py:186} INFO - Started process (PID=268) to work on /home/airflow/.local/lib/python3.12/site-packages/airflow/example_dags/tutorial_objectstorage.py
[2025-04-11T20:16:39.737+0000] {processor.py:914} INFO - Processing file /home/airflow/.local/lib/python3.12/site-packages/airflow/example_dags/tutorial_objectstorage.py for tasks to queue
[2025-04-11T20:16:39.872+0000] {logging_mixin.py:190} INFO - [2025-04-11T20:16:39.871+0000] {dagbag.py:588} INFO - Filling up the DagBag from /home/airflow/.local/lib/python3.12/site-packages/airflow/example_dags/tutorial_objectstorage.py
[2025-04-11T20:16:39.982+0000] {processor.py:925} INFO - DAG(s) 'tutorial_objectstorage' retrieved from /home/airflow/.local/lib/python3.12/site-packages/airflow/example_dags/tutorial_objectstorage.py
[2025-04-11T20:16:40.477+0000] {logging_mixin.py:190} INFO - [2025-04-11T20:16:40.476+0000] {dag.py:3239} INFO - Sync 1 DAGs
[2025-04-11T20:16:40.845+0000] {logging_mixin.py:190} INFO - [2025-04-11T20:16:40.836+0000] {dag.py:4180} INFO - Setting next_dagrun for tutorial_objectstorage to None, run_after=None
[2025-04-11T20:16:41.092+0000] {processor.py:208} INFO - Processing /home/airflow/.local/lib/python3.12/site-packages/airflow/example_dags/tutorial_objectstorage.py took 1.677 seconds
[2025-04-11T20:17:18.746+0000] {processor.py:186} INFO - Started process (PID=332) to work on /home/airflow/.local/lib/python3.12/site-packages/airflow/example_dags/tutorial_objectstorage.py
[2025-04-11T20:17:18.749+0000] {processor.py:914} INFO - Processing file /home/airflow/.local/lib/python3.12/site-packages/airflow/example_dags/tutorial_objectstorage.py for tasks to queue
[2025-04-11T20:17:18.793+0000] {logging_mixin.py:190} INFO - [2025-04-11T20:17:18.792+0000] {dagbag.py:588} INFO - Filling up the DagBag from /home/airflow/.local/lib/python3.12/site-packages/airflow/example_dags/tutorial_objectstorage.py
[2025-04-11T20:17:18.872+0000] {processor.py:925} INFO - DAG(s) 'tutorial_objectstorage' retrieved from /home/airflow/.local/lib/python3.12/site-packages/airflow/example_dags/tutorial_objectstorage.py
[2025-04-11T20:17:19.003+0000] {logging_mixin.py:190} INFO - [2025-04-11T20:17:19.003+0000] {dag.py:3239} INFO - Sync 1 DAGs
[2025-04-11T20:17:19.125+0000] {logging_mixin.py:190} INFO - [2025-04-11T20:17:19.124+0000] {dag.py:4180} INFO - Setting next_dagrun for tutorial_objectstorage to None, run_after=None
[2025-04-11T20:17:19.216+0000] {processor.py:208} INFO - Processing /home/airflow/.local/lib/python3.12/site-packages/airflow/example_dags/tutorial_objectstorage.py took 0.496 seconds
[2025-04-11T20:17:53.723+0000] {processor.py:186} INFO - Started process (PID=396) to work on /home/airflow/.local/lib/python3.12/site-packages/airflow/example_dags/tutorial_objectstorage.py
[2025-04-11T20:17:53.760+0000] {processor.py:914} INFO - Processing file /home/airflow/.local/lib/python3.12/site-packages/airflow/example_dags/tutorial_objectstorage.py for tasks to queue
[2025-04-11T20:17:53.778+0000] {logging_mixin.py:190} INFO - [2025-04-11T20:17:53.772+0000] {dagbag.py:588} INFO - Filling up the DagBag from /home/airflow/.local/lib/python3.12/site-packages/airflow/example_dags/tutorial_objectstorage.py
[2025-04-11T20:17:53.876+0000] {processor.py:925} INFO - DAG(s) 'tutorial_objectstorage' retrieved from /home/airflow/.local/lib/python3.12/site-packages/airflow/example_dags/tutorial_objectstorage.py
[2025-04-11T20:17:54.005+0000] {logging_mixin.py:190} INFO - [2025-04-11T20:17:54.004+0000] {dag.py:3239} INFO - Sync 1 DAGs
[2025-04-11T20:17:54.096+0000] {logging_mixin.py:190} INFO - [2025-04-11T20:17:54.095+0000] {dag.py:4180} INFO - Setting next_dagrun for tutorial_objectstorage to None, run_after=None
[2025-04-11T20:17:54.298+0000] {processor.py:208} INFO - Processing /home/airflow/.local/lib/python3.12/site-packages/airflow/example_dags/tutorial_objectstorage.py took 0.622 seconds
[2025-04-11T20:22:41.869+0000] {processor.py:186} INFO - Started process (PID=91) to work on /home/airflow/.local/lib/python3.12/site-packages/airflow/example_dags/tutorial_objectstorage.py
[2025-04-11T20:22:41.881+0000] {processor.py:914} INFO - Processing file /home/airflow/.local/lib/python3.12/site-packages/airflow/example_dags/tutorial_objectstorage.py for tasks to queue
[2025-04-11T20:22:42.011+0000] {logging_mixin.py:190} INFO - [2025-04-11T20:22:42.010+0000] {dagbag.py:588} INFO - Filling up the DagBag from /home/airflow/.local/lib/python3.12/site-packages/airflow/example_dags/tutorial_objectstorage.py
[2025-04-11T20:22:42.143+0000] {processor.py:925} INFO - DAG(s) 'tutorial_objectstorage' retrieved from /home/airflow/.local/lib/python3.12/site-packages/airflow/example_dags/tutorial_objectstorage.py
[2025-04-11T20:22:43.466+0000] {logging_mixin.py:190} INFO - [2025-04-11T20:22:43.464+0000] {override.py:1912} INFO - Created Permission View: can read on DAG:tutorial_objectstorage
[2025-04-11T20:22:43.561+0000] {logging_mixin.py:190} INFO - [2025-04-11T20:22:43.560+0000] {override.py:1912} INFO - Created Permission View: can edit on DAG:tutorial_objectstorage
[2025-04-11T20:22:43.603+0000] {logging_mixin.py:190} INFO - [2025-04-11T20:22:43.603+0000] {override.py:1912} INFO - Created Permission View: can delete on DAG:tutorial_objectstorage
[2025-04-11T20:22:43.665+0000] {logging_mixin.py:190} INFO - [2025-04-11T20:22:43.663+0000] {override.py:1912} INFO - Created Permission View: can create on DAG Run:tutorial_objectstorage
[2025-04-11T20:22:43.947+0000] {logging_mixin.py:190} INFO - [2025-04-11T20:22:43.926+0000] {override.py:1912} INFO - Created Permission View: can read on DAG Run:tutorial_objectstorage
[2025-04-11T20:22:44.226+0000] {logging_mixin.py:190} INFO - [2025-04-11T20:22:44.225+0000] {override.py:1912} INFO - Created Permission View: can delete on DAG Run:tutorial_objectstorage
[2025-04-11T20:22:44.293+0000] {logging_mixin.py:190} INFO - [2025-04-11T20:22:44.290+0000] {override.py:1912} INFO - Created Permission View: menu access on DAG Run:tutorial_objectstorage
[2025-04-11T20:22:44.295+0000] {logging_mixin.py:190} INFO - [2025-04-11T20:22:44.294+0000] {dag.py:3239} INFO - Sync 1 DAGs
[2025-04-11T20:22:44.367+0000] {logging_mixin.py:190} INFO - [2025-04-11T20:22:44.366+0000] {dag.py:3262} INFO - Creating ORM DAG for tutorial_objectstorage
[2025-04-11T20:22:44.375+0000] {logging_mixin.py:190} INFO - [2025-04-11T20:22:44.371+0000] {dag.py:4180} INFO - Setting next_dagrun for tutorial_objectstorage to None, run_after=None
[2025-04-11T20:22:44.784+0000] {processor.py:208} INFO - Processing /home/airflow/.local/lib/python3.12/site-packages/airflow/example_dags/tutorial_objectstorage.py took 3.001 seconds
[2025-04-11T20:24:46.170+0000] {processor.py:186} INFO - Started process (PID=172) to work on /home/airflow/.local/lib/python3.12/site-packages/airflow/example_dags/tutorial_objectstorage.py
[2025-04-11T20:24:46.179+0000] {processor.py:914} INFO - Processing file /home/airflow/.local/lib/python3.12/site-packages/airflow/example_dags/tutorial_objectstorage.py for tasks to queue
[2025-04-11T20:24:46.192+0000] {logging_mixin.py:190} INFO - [2025-04-11T20:24:46.192+0000] {dagbag.py:588} INFO - Filling up the DagBag from /home/airflow/.local/lib/python3.12/site-packages/airflow/example_dags/tutorial_objectstorage.py
[2025-04-11T20:24:46.282+0000] {processor.py:925} INFO - DAG(s) 'tutorial_objectstorage' retrieved from /home/airflow/.local/lib/python3.12/site-packages/airflow/example_dags/tutorial_objectstorage.py
[2025-04-11T20:24:46.426+0000] {logging_mixin.py:190} INFO - [2025-04-11T20:24:46.418+0000] {dag.py:3239} INFO - Sync 1 DAGs
[2025-04-11T20:24:46.579+0000] {logging_mixin.py:190} INFO - [2025-04-11T20:24:46.578+0000] {dag.py:4180} INFO - Setting next_dagrun for tutorial_objectstorage to None, run_after=None
[2025-04-11T20:24:46.773+0000] {processor.py:208} INFO - Processing /home/airflow/.local/lib/python3.12/site-packages/airflow/example_dags/tutorial_objectstorage.py took 0.663 seconds
[2025-04-11T20:25:19.804+0000] {processor.py:186} INFO - Started process (PID=236) to work on /home/airflow/.local/lib/python3.12/site-packages/airflow/example_dags/tutorial_objectstorage.py
[2025-04-11T20:25:19.808+0000] {processor.py:914} INFO - Processing file /home/airflow/.local/lib/python3.12/site-packages/airflow/example_dags/tutorial_objectstorage.py for tasks to queue
[2025-04-11T20:25:19.845+0000] {logging_mixin.py:190} INFO - [2025-04-11T20:25:19.838+0000] {dagbag.py:588} INFO - Filling up the DagBag from /home/airflow/.local/lib/python3.12/site-packages/airflow/example_dags/tutorial_objectstorage.py
[2025-04-11T20:25:19.909+0000] {processor.py:925} INFO - DAG(s) 'tutorial_objectstorage' retrieved from /home/airflow/.local/lib/python3.12/site-packages/airflow/example_dags/tutorial_objectstorage.py
[2025-04-11T20:25:20.018+0000] {logging_mixin.py:190} INFO - [2025-04-11T20:25:20.012+0000] {dag.py:3239} INFO - Sync 1 DAGs
[2025-04-11T20:25:20.114+0000] {logging_mixin.py:190} INFO - [2025-04-11T20:25:20.110+0000] {dag.py:4180} INFO - Setting next_dagrun for tutorial_objectstorage to None, run_after=None
[2025-04-11T20:25:20.212+0000] {processor.py:208} INFO - Processing /home/airflow/.local/lib/python3.12/site-packages/airflow/example_dags/tutorial_objectstorage.py took 0.455 seconds
[2025-04-11T20:28:25.704+0000] {processor.py:186} INFO - Started process (PID=79) to work on /home/airflow/.local/lib/python3.12/site-packages/airflow/example_dags/tutorial_objectstorage.py
[2025-04-11T20:28:25.711+0000] {processor.py:914} INFO - Processing file /home/airflow/.local/lib/python3.12/site-packages/airflow/example_dags/tutorial_objectstorage.py for tasks to queue
[2025-04-11T20:28:25.726+0000] {logging_mixin.py:190} INFO - [2025-04-11T20:28:25.725+0000] {dagbag.py:588} INFO - Filling up the DagBag from /home/airflow/.local/lib/python3.12/site-packages/airflow/example_dags/tutorial_objectstorage.py
[2025-04-11T20:28:25.806+0000] {processor.py:925} INFO - DAG(s) 'tutorial_objectstorage' retrieved from /home/airflow/.local/lib/python3.12/site-packages/airflow/example_dags/tutorial_objectstorage.py
[2025-04-11T20:28:25.968+0000] {logging_mixin.py:190} INFO - [2025-04-11T20:28:25.967+0000] {dag.py:3239} INFO - Sync 1 DAGs
[2025-04-11T20:28:26.067+0000] {logging_mixin.py:190} INFO - [2025-04-11T20:28:26.066+0000] {dag.py:4180} INFO - Setting next_dagrun for tutorial_objectstorage to None, run_after=None
[2025-04-11T20:28:26.245+0000] {processor.py:208} INFO - Processing /home/airflow/.local/lib/python3.12/site-packages/airflow/example_dags/tutorial_objectstorage.py took 0.591 seconds
[2025-04-11T20:28:56.664+0000] {processor.py:186} INFO - Started process (PID=142) to work on /home/airflow/.local/lib/python3.12/site-packages/airflow/example_dags/tutorial_objectstorage.py
[2025-04-11T20:28:56.669+0000] {processor.py:914} INFO - Processing file /home/airflow/.local/lib/python3.12/site-packages/airflow/example_dags/tutorial_objectstorage.py for tasks to queue
[2025-04-11T20:28:56.680+0000] {logging_mixin.py:190} INFO - [2025-04-11T20:28:56.677+0000] {dagbag.py:588} INFO - Filling up the DagBag from /home/airflow/.local/lib/python3.12/site-packages/airflow/example_dags/tutorial_objectstorage.py
[2025-04-11T20:28:56.738+0000] {processor.py:925} INFO - DAG(s) 'tutorial_objectstorage' retrieved from /home/airflow/.local/lib/python3.12/site-packages/airflow/example_dags/tutorial_objectstorage.py
[2025-04-11T20:28:56.821+0000] {logging_mixin.py:190} INFO - [2025-04-11T20:28:56.820+0000] {dag.py:3239} INFO - Sync 1 DAGs
[2025-04-11T20:28:56.890+0000] {logging_mixin.py:190} INFO - [2025-04-11T20:28:56.889+0000] {dag.py:4180} INFO - Setting next_dagrun for tutorial_objectstorage to None, run_after=None
[2025-04-11T20:28:56.970+0000] {processor.py:208} INFO - Processing /home/airflow/.local/lib/python3.12/site-packages/airflow/example_dags/tutorial_objectstorage.py took 0.332 seconds
[2025-04-11T20:29:29.138+0000] {processor.py:186} INFO - Started process (PID=205) to work on /home/airflow/.local/lib/python3.12/site-packages/airflow/example_dags/tutorial_objectstorage.py
[2025-04-11T20:29:29.142+0000] {processor.py:914} INFO - Processing file /home/airflow/.local/lib/python3.12/site-packages/airflow/example_dags/tutorial_objectstorage.py for tasks to queue
[2025-04-11T20:29:29.147+0000] {logging_mixin.py:190} INFO - [2025-04-11T20:29:29.146+0000] {dagbag.py:588} INFO - Filling up the DagBag from /home/airflow/.local/lib/python3.12/site-packages/airflow/example_dags/tutorial_objectstorage.py
[2025-04-11T20:29:29.172+0000] {processor.py:925} INFO - DAG(s) 'tutorial_objectstorage' retrieved from /home/airflow/.local/lib/python3.12/site-packages/airflow/example_dags/tutorial_objectstorage.py
[2025-04-11T20:29:29.244+0000] {logging_mixin.py:190} INFO - [2025-04-11T20:29:29.243+0000] {dag.py:3239} INFO - Sync 1 DAGs
[2025-04-11T20:29:29.304+0000] {logging_mixin.py:190} INFO - [2025-04-11T20:29:29.303+0000] {dag.py:4180} INFO - Setting next_dagrun for tutorial_objectstorage to None, run_after=None
[2025-04-11T20:29:29.438+0000] {processor.py:208} INFO - Processing /home/airflow/.local/lib/python3.12/site-packages/airflow/example_dags/tutorial_objectstorage.py took 0.314 seconds
[2025-04-11T20:30:27.138+0000] {processor.py:186} INFO - Started process (PID=267) to work on /home/airflow/.local/lib/python3.12/site-packages/airflow/example_dags/tutorial_objectstorage.py
[2025-04-11T20:30:27.151+0000] {processor.py:914} INFO - Processing file /home/airflow/.local/lib/python3.12/site-packages/airflow/example_dags/tutorial_objectstorage.py for tasks to queue
[2025-04-11T20:30:27.185+0000] {logging_mixin.py:190} INFO - [2025-04-11T20:30:27.176+0000] {dagbag.py:588} INFO - Filling up the DagBag from /home/airflow/.local/lib/python3.12/site-packages/airflow/example_dags/tutorial_objectstorage.py
[2025-04-11T20:30:27.297+0000] {processor.py:925} INFO - DAG(s) 'tutorial_objectstorage' retrieved from /home/airflow/.local/lib/python3.12/site-packages/airflow/example_dags/tutorial_objectstorage.py
[2025-04-11T20:30:27.595+0000] {logging_mixin.py:190} INFO - [2025-04-11T20:30:27.594+0000] {dag.py:3239} INFO - Sync 1 DAGs
[2025-04-11T20:30:27.789+0000] {logging_mixin.py:190} INFO - [2025-04-11T20:30:27.788+0000] {dag.py:4180} INFO - Setting next_dagrun for tutorial_objectstorage to None, run_after=None
[2025-04-11T20:30:27.978+0000] {processor.py:208} INFO - Processing /home/airflow/.local/lib/python3.12/site-packages/airflow/example_dags/tutorial_objectstorage.py took 0.934 seconds
[2025-04-11T20:31:13.133+0000] {processor.py:186} INFO - Started process (PID=331) to work on /home/airflow/.local/lib/python3.12/site-packages/airflow/example_dags/tutorial_objectstorage.py
[2025-04-11T20:31:13.174+0000] {processor.py:914} INFO - Processing file /home/airflow/.local/lib/python3.12/site-packages/airflow/example_dags/tutorial_objectstorage.py for tasks to queue
[2025-04-11T20:31:13.222+0000] {logging_mixin.py:190} INFO - [2025-04-11T20:31:13.221+0000] {dagbag.py:588} INFO - Filling up the DagBag from /home/airflow/.local/lib/python3.12/site-packages/airflow/example_dags/tutorial_objectstorage.py
[2025-04-11T20:31:13.356+0000] {processor.py:925} INFO - DAG(s) 'tutorial_objectstorage' retrieved from /home/airflow/.local/lib/python3.12/site-packages/airflow/example_dags/tutorial_objectstorage.py
[2025-04-11T20:31:13.706+0000] {logging_mixin.py:190} INFO - [2025-04-11T20:31:13.705+0000] {dag.py:3239} INFO - Sync 1 DAGs
[2025-04-11T20:31:13.917+0000] {logging_mixin.py:190} INFO - [2025-04-11T20:31:13.917+0000] {dag.py:4180} INFO - Setting next_dagrun for tutorial_objectstorage to None, run_after=None
[2025-04-11T20:31:14.383+0000] {processor.py:208} INFO - Processing /home/airflow/.local/lib/python3.12/site-packages/airflow/example_dags/tutorial_objectstorage.py took 1.450 seconds
[2025-04-11T20:31:44.557+0000] {processor.py:186} INFO - Started process (PID=395) to work on /home/airflow/.local/lib/python3.12/site-packages/airflow/example_dags/tutorial_objectstorage.py
[2025-04-11T20:31:44.560+0000] {processor.py:914} INFO - Processing file /home/airflow/.local/lib/python3.12/site-packages/airflow/example_dags/tutorial_objectstorage.py for tasks to queue
[2025-04-11T20:31:44.567+0000] {logging_mixin.py:190} INFO - [2025-04-11T20:31:44.566+0000] {dagbag.py:588} INFO - Filling up the DagBag from /home/airflow/.local/lib/python3.12/site-packages/airflow/example_dags/tutorial_objectstorage.py
[2025-04-11T20:31:44.591+0000] {processor.py:925} INFO - DAG(s) 'tutorial_objectstorage' retrieved from /home/airflow/.local/lib/python3.12/site-packages/airflow/example_dags/tutorial_objectstorage.py
[2025-04-11T20:31:44.643+0000] {logging_mixin.py:190} INFO - [2025-04-11T20:31:44.642+0000] {dag.py:3239} INFO - Sync 1 DAGs
[2025-04-11T20:31:44.700+0000] {logging_mixin.py:190} INFO - [2025-04-11T20:31:44.699+0000] {dag.py:4180} INFO - Setting next_dagrun for tutorial_objectstorage to None, run_after=None
[2025-04-11T20:31:44.747+0000] {processor.py:208} INFO - Processing /home/airflow/.local/lib/python3.12/site-packages/airflow/example_dags/tutorial_objectstorage.py took 0.206 seconds
[2025-04-11T20:32:18.218+0000] {processor.py:186} INFO - Started process (PID=459) to work on /home/airflow/.local/lib/python3.12/site-packages/airflow/example_dags/tutorial_objectstorage.py
[2025-04-11T20:32:18.221+0000] {processor.py:914} INFO - Processing file /home/airflow/.local/lib/python3.12/site-packages/airflow/example_dags/tutorial_objectstorage.py for tasks to queue
[2025-04-11T20:32:18.229+0000] {logging_mixin.py:190} INFO - [2025-04-11T20:32:18.228+0000] {dagbag.py:588} INFO - Filling up the DagBag from /home/airflow/.local/lib/python3.12/site-packages/airflow/example_dags/tutorial_objectstorage.py
[2025-04-11T20:32:18.273+0000] {processor.py:925} INFO - DAG(s) 'tutorial_objectstorage' retrieved from /home/airflow/.local/lib/python3.12/site-packages/airflow/example_dags/tutorial_objectstorage.py
[2025-04-11T20:32:18.345+0000] {logging_mixin.py:190} INFO - [2025-04-11T20:32:18.344+0000] {dag.py:3239} INFO - Sync 1 DAGs
[2025-04-11T20:32:18.383+0000] {logging_mixin.py:190} INFO - [2025-04-11T20:32:18.382+0000] {dag.py:4180} INFO - Setting next_dagrun for tutorial_objectstorage to None, run_after=None
[2025-04-11T20:32:18.447+0000] {processor.py:208} INFO - Processing /home/airflow/.local/lib/python3.12/site-packages/airflow/example_dags/tutorial_objectstorage.py took 0.313 seconds
[2025-04-11T20:33:07.219+0000] {processor.py:186} INFO - Started process (PID=516) to work on /home/airflow/.local/lib/python3.12/site-packages/airflow/example_dags/tutorial_objectstorage.py
[2025-04-11T20:33:07.224+0000] {processor.py:914} INFO - Processing file /home/airflow/.local/lib/python3.12/site-packages/airflow/example_dags/tutorial_objectstorage.py for tasks to queue
[2025-04-11T20:33:07.238+0000] {logging_mixin.py:190} INFO - [2025-04-11T20:33:07.236+0000] {dagbag.py:588} INFO - Filling up the DagBag from /home/airflow/.local/lib/python3.12/site-packages/airflow/example_dags/tutorial_objectstorage.py
[2025-04-11T20:33:07.335+0000] {processor.py:925} INFO - DAG(s) 'tutorial_objectstorage' retrieved from /home/airflow/.local/lib/python3.12/site-packages/airflow/example_dags/tutorial_objectstorage.py
[2025-04-11T20:33:07.512+0000] {logging_mixin.py:190} INFO - [2025-04-11T20:33:07.490+0000] {dag.py:3239} INFO - Sync 1 DAGs
[2025-04-11T20:33:07.840+0000] {logging_mixin.py:190} INFO - [2025-04-11T20:33:07.840+0000] {dag.py:4180} INFO - Setting next_dagrun for tutorial_objectstorage to None, run_after=None
[2025-04-11T20:33:08.136+0000] {processor.py:208} INFO - Processing /home/airflow/.local/lib/python3.12/site-packages/airflow/example_dags/tutorial_objectstorage.py took 0.947 seconds
[2025-04-11T20:35:42.754+0000] {processor.py:186} INFO - Started process (PID=82) to work on /home/airflow/.local/lib/python3.12/site-packages/airflow/example_dags/tutorial_objectstorage.py
[2025-04-11T20:35:42.761+0000] {processor.py:914} INFO - Processing file /home/airflow/.local/lib/python3.12/site-packages/airflow/example_dags/tutorial_objectstorage.py for tasks to queue
[2025-04-11T20:35:42.778+0000] {logging_mixin.py:190} INFO - [2025-04-11T20:35:42.778+0000] {dagbag.py:588} INFO - Filling up the DagBag from /home/airflow/.local/lib/python3.12/site-packages/airflow/example_dags/tutorial_objectstorage.py
[2025-04-11T20:35:42.852+0000] {processor.py:925} INFO - DAG(s) 'tutorial_objectstorage' retrieved from /home/airflow/.local/lib/python3.12/site-packages/airflow/example_dags/tutorial_objectstorage.py
[2025-04-11T20:35:42.939+0000] {logging_mixin.py:190} INFO - [2025-04-11T20:35:42.939+0000] {dag.py:3239} INFO - Sync 1 DAGs
[2025-04-11T20:35:42.997+0000] {logging_mixin.py:190} INFO - [2025-04-11T20:35:42.994+0000] {dag.py:4180} INFO - Setting next_dagrun for tutorial_objectstorage to None, run_after=None
[2025-04-11T20:35:43.071+0000] {processor.py:208} INFO - Processing /home/airflow/.local/lib/python3.12/site-packages/airflow/example_dags/tutorial_objectstorage.py took 0.364 seconds
[2025-04-11T20:36:13.522+0000] {processor.py:186} INFO - Started process (PID=146) to work on /home/airflow/.local/lib/python3.12/site-packages/airflow/example_dags/tutorial_objectstorage.py
[2025-04-11T20:36:13.525+0000] {processor.py:914} INFO - Processing file /home/airflow/.local/lib/python3.12/site-packages/airflow/example_dags/tutorial_objectstorage.py for tasks to queue
[2025-04-11T20:36:13.531+0000] {logging_mixin.py:190} INFO - [2025-04-11T20:36:13.530+0000] {dagbag.py:588} INFO - Filling up the DagBag from /home/airflow/.local/lib/python3.12/site-packages/airflow/example_dags/tutorial_objectstorage.py
[2025-04-11T20:36:13.558+0000] {processor.py:925} INFO - DAG(s) 'tutorial_objectstorage' retrieved from /home/airflow/.local/lib/python3.12/site-packages/airflow/example_dags/tutorial_objectstorage.py
[2025-04-11T20:36:13.614+0000] {logging_mixin.py:190} INFO - [2025-04-11T20:36:13.614+0000] {dag.py:3239} INFO - Sync 1 DAGs
[2025-04-11T20:36:13.650+0000] {logging_mixin.py:190} INFO - [2025-04-11T20:36:13.650+0000] {dag.py:4180} INFO - Setting next_dagrun for tutorial_objectstorage to None, run_after=None
[2025-04-11T20:36:13.704+0000] {processor.py:208} INFO - Processing /home/airflow/.local/lib/python3.12/site-packages/airflow/example_dags/tutorial_objectstorage.py took 0.194 seconds
[2025-04-11T20:36:45.717+0000] {processor.py:186} INFO - Started process (PID=210) to work on /home/airflow/.local/lib/python3.12/site-packages/airflow/example_dags/tutorial_objectstorage.py
[2025-04-11T20:36:45.721+0000] {processor.py:914} INFO - Processing file /home/airflow/.local/lib/python3.12/site-packages/airflow/example_dags/tutorial_objectstorage.py for tasks to queue
[2025-04-11T20:36:45.734+0000] {logging_mixin.py:190} INFO - [2025-04-11T20:36:45.734+0000] {dagbag.py:588} INFO - Filling up the DagBag from /home/airflow/.local/lib/python3.12/site-packages/airflow/example_dags/tutorial_objectstorage.py
[2025-04-11T20:36:45.754+0000] {processor.py:925} INFO - DAG(s) 'tutorial_objectstorage' retrieved from /home/airflow/.local/lib/python3.12/site-packages/airflow/example_dags/tutorial_objectstorage.py
[2025-04-11T20:36:45.829+0000] {logging_mixin.py:190} INFO - [2025-04-11T20:36:45.829+0000] {dag.py:3239} INFO - Sync 1 DAGs
[2025-04-11T20:36:45.887+0000] {logging_mixin.py:190} INFO - [2025-04-11T20:36:45.887+0000] {dag.py:4180} INFO - Setting next_dagrun for tutorial_objectstorage to None, run_after=None
[2025-04-11T20:36:45.948+0000] {processor.py:208} INFO - Processing /home/airflow/.local/lib/python3.12/site-packages/airflow/example_dags/tutorial_objectstorage.py took 0.252 seconds
[2025-04-11T20:37:32.286+0000] {processor.py:186} INFO - Started process (PID=273) to work on /home/airflow/.local/lib/python3.12/site-packages/airflow/example_dags/tutorial_objectstorage.py
[2025-04-11T20:37:32.332+0000] {processor.py:914} INFO - Processing file /home/airflow/.local/lib/python3.12/site-packages/airflow/example_dags/tutorial_objectstorage.py for tasks to queue
[2025-04-11T20:37:32.347+0000] {logging_mixin.py:190} INFO - [2025-04-11T20:37:32.346+0000] {dagbag.py:588} INFO - Filling up the DagBag from /home/airflow/.local/lib/python3.12/site-packages/airflow/example_dags/tutorial_objectstorage.py
[2025-04-11T20:37:32.412+0000] {processor.py:925} INFO - DAG(s) 'tutorial_objectstorage' retrieved from /home/airflow/.local/lib/python3.12/site-packages/airflow/example_dags/tutorial_objectstorage.py
[2025-04-11T20:37:32.496+0000] {logging_mixin.py:190} INFO - [2025-04-11T20:37:32.495+0000] {dag.py:3239} INFO - Sync 1 DAGs
[2025-04-11T20:37:32.564+0000] {logging_mixin.py:190} INFO - [2025-04-11T20:37:32.564+0000] {dag.py:4180} INFO - Setting next_dagrun for tutorial_objectstorage to None, run_after=None
[2025-04-11T20:37:32.659+0000] {processor.py:208} INFO - Processing /home/airflow/.local/lib/python3.12/site-packages/airflow/example_dags/tutorial_objectstorage.py took 0.444 seconds
[2025-04-11T20:38:12.378+0000] {processor.py:186} INFO - Started process (PID=326) to work on /home/airflow/.local/lib/python3.12/site-packages/airflow/example_dags/tutorial_objectstorage.py
[2025-04-11T20:38:12.387+0000] {processor.py:914} INFO - Processing file /home/airflow/.local/lib/python3.12/site-packages/airflow/example_dags/tutorial_objectstorage.py for tasks to queue
[2025-04-11T20:38:12.394+0000] {logging_mixin.py:190} INFO - [2025-04-11T20:38:12.392+0000] {dagbag.py:588} INFO - Filling up the DagBag from /home/airflow/.local/lib/python3.12/site-packages/airflow/example_dags/tutorial_objectstorage.py
[2025-04-11T20:38:12.450+0000] {processor.py:925} INFO - DAG(s) 'tutorial_objectstorage' retrieved from /home/airflow/.local/lib/python3.12/site-packages/airflow/example_dags/tutorial_objectstorage.py
[2025-04-11T20:38:12.634+0000] {logging_mixin.py:190} INFO - [2025-04-11T20:38:12.620+0000] {dag.py:3239} INFO - Sync 1 DAGs
[2025-04-11T20:38:12.749+0000] {logging_mixin.py:190} INFO - [2025-04-11T20:38:12.748+0000] {dag.py:4180} INFO - Setting next_dagrun for tutorial_objectstorage to None, run_after=None
[2025-04-11T20:38:12.851+0000] {processor.py:208} INFO - Processing /home/airflow/.local/lib/python3.12/site-packages/airflow/example_dags/tutorial_objectstorage.py took 0.506 seconds
[2025-04-11T20:38:46.475+0000] {processor.py:186} INFO - Started process (PID=378) to work on /home/airflow/.local/lib/python3.12/site-packages/airflow/example_dags/tutorial_objectstorage.py
[2025-04-11T20:38:46.484+0000] {processor.py:914} INFO - Processing file /home/airflow/.local/lib/python3.12/site-packages/airflow/example_dags/tutorial_objectstorage.py for tasks to queue
[2025-04-11T20:38:46.497+0000] {logging_mixin.py:190} INFO - [2025-04-11T20:38:46.496+0000] {dagbag.py:588} INFO - Filling up the DagBag from /home/airflow/.local/lib/python3.12/site-packages/airflow/example_dags/tutorial_objectstorage.py
[2025-04-11T20:38:46.540+0000] {processor.py:925} INFO - DAG(s) 'tutorial_objectstorage' retrieved from /home/airflow/.local/lib/python3.12/site-packages/airflow/example_dags/tutorial_objectstorage.py
[2025-04-11T20:38:46.632+0000] {logging_mixin.py:190} INFO - [2025-04-11T20:38:46.630+0000] {dag.py:3239} INFO - Sync 1 DAGs
[2025-04-11T20:38:46.731+0000] {logging_mixin.py:190} INFO - [2025-04-11T20:38:46.731+0000] {dag.py:4180} INFO - Setting next_dagrun for tutorial_objectstorage to None, run_after=None
[2025-04-11T20:38:46.975+0000] {processor.py:208} INFO - Processing /home/airflow/.local/lib/python3.12/site-packages/airflow/example_dags/tutorial_objectstorage.py took 0.649 seconds
[2025-04-11T20:39:53.064+0000] {processor.py:186} INFO - Started process (PID=436) to work on /home/airflow/.local/lib/python3.12/site-packages/airflow/example_dags/tutorial_objectstorage.py
[2025-04-11T20:39:53.092+0000] {processor.py:914} INFO - Processing file /home/airflow/.local/lib/python3.12/site-packages/airflow/example_dags/tutorial_objectstorage.py for tasks to queue
[2025-04-11T20:39:53.101+0000] {logging_mixin.py:190} INFO - [2025-04-11T20:39:53.099+0000] {dagbag.py:588} INFO - Filling up the DagBag from /home/airflow/.local/lib/python3.12/site-packages/airflow/example_dags/tutorial_objectstorage.py
[2025-04-11T20:39:53.157+0000] {processor.py:925} INFO - DAG(s) 'tutorial_objectstorage' retrieved from /home/airflow/.local/lib/python3.12/site-packages/airflow/example_dags/tutorial_objectstorage.py
[2025-04-11T20:39:53.209+0000] {logging_mixin.py:190} INFO - [2025-04-11T20:39:53.209+0000] {dag.py:3239} INFO - Sync 1 DAGs
[2025-04-11T20:39:53.290+0000] {logging_mixin.py:190} INFO - [2025-04-11T20:39:53.284+0000] {dag.py:4180} INFO - Setting next_dagrun for tutorial_objectstorage to None, run_after=None
[2025-04-11T20:39:53.460+0000] {processor.py:208} INFO - Processing /home/airflow/.local/lib/python3.12/site-packages/airflow/example_dags/tutorial_objectstorage.py took 0.547 seconds
[2025-04-11T20:40:30.763+0000] {processor.py:186} INFO - Started process (PID=499) to work on /home/airflow/.local/lib/python3.12/site-packages/airflow/example_dags/tutorial_objectstorage.py
[2025-04-11T20:40:30.789+0000] {processor.py:914} INFO - Processing file /home/airflow/.local/lib/python3.12/site-packages/airflow/example_dags/tutorial_objectstorage.py for tasks to queue
[2025-04-11T20:40:30.802+0000] {logging_mixin.py:190} INFO - [2025-04-11T20:40:30.801+0000] {dagbag.py:588} INFO - Filling up the DagBag from /home/airflow/.local/lib/python3.12/site-packages/airflow/example_dags/tutorial_objectstorage.py
[2025-04-11T20:40:30.853+0000] {processor.py:925} INFO - DAG(s) 'tutorial_objectstorage' retrieved from /home/airflow/.local/lib/python3.12/site-packages/airflow/example_dags/tutorial_objectstorage.py
[2025-04-11T20:40:30.966+0000] {logging_mixin.py:190} INFO - [2025-04-11T20:40:30.965+0000] {dag.py:3239} INFO - Sync 1 DAGs
[2025-04-11T20:40:31.063+0000] {logging_mixin.py:190} INFO - [2025-04-11T20:40:31.063+0000] {dag.py:4180} INFO - Setting next_dagrun for tutorial_objectstorage to None, run_after=None
[2025-04-11T20:40:31.172+0000] {processor.py:208} INFO - Processing /home/airflow/.local/lib/python3.12/site-packages/airflow/example_dags/tutorial_objectstorage.py took 0.431 seconds
[2025-04-11T20:41:09.497+0000] {processor.py:186} INFO - Started process (PID=569) to work on /home/airflow/.local/lib/python3.12/site-packages/airflow/example_dags/tutorial_objectstorage.py
[2025-04-11T20:41:09.500+0000] {processor.py:914} INFO - Processing file /home/airflow/.local/lib/python3.12/site-packages/airflow/example_dags/tutorial_objectstorage.py for tasks to queue
[2025-04-11T20:41:09.513+0000] {logging_mixin.py:190} INFO - [2025-04-11T20:41:09.508+0000] {dagbag.py:588} INFO - Filling up the DagBag from /home/airflow/.local/lib/python3.12/site-packages/airflow/example_dags/tutorial_objectstorage.py
[2025-04-11T20:41:09.552+0000] {processor.py:925} INFO - DAG(s) 'tutorial_objectstorage' retrieved from /home/airflow/.local/lib/python3.12/site-packages/airflow/example_dags/tutorial_objectstorage.py
[2025-04-11T20:41:09.807+0000] {logging_mixin.py:190} INFO - [2025-04-11T20:41:09.806+0000] {dag.py:3239} INFO - Sync 1 DAGs
[2025-04-11T20:41:09.871+0000] {logging_mixin.py:190} INFO - [2025-04-11T20:41:09.871+0000] {dag.py:4180} INFO - Setting next_dagrun for tutorial_objectstorage to None, run_after=None
[2025-04-11T20:41:10.003+0000] {processor.py:208} INFO - Processing /home/airflow/.local/lib/python3.12/site-packages/airflow/example_dags/tutorial_objectstorage.py took 0.531 seconds
[2025-04-11T20:41:45.355+0000] {processor.py:186} INFO - Started process (PID=633) to work on /home/airflow/.local/lib/python3.12/site-packages/airflow/example_dags/tutorial_objectstorage.py
[2025-04-11T20:41:45.358+0000] {processor.py:914} INFO - Processing file /home/airflow/.local/lib/python3.12/site-packages/airflow/example_dags/tutorial_objectstorage.py for tasks to queue
[2025-04-11T20:41:45.364+0000] {logging_mixin.py:190} INFO - [2025-04-11T20:41:45.363+0000] {dagbag.py:588} INFO - Filling up the DagBag from /home/airflow/.local/lib/python3.12/site-packages/airflow/example_dags/tutorial_objectstorage.py
[2025-04-11T20:41:45.393+0000] {processor.py:925} INFO - DAG(s) 'tutorial_objectstorage' retrieved from /home/airflow/.local/lib/python3.12/site-packages/airflow/example_dags/tutorial_objectstorage.py
[2025-04-11T20:41:45.444+0000] {logging_mixin.py:190} INFO - [2025-04-11T20:41:45.443+0000] {dag.py:3239} INFO - Sync 1 DAGs
[2025-04-11T20:41:45.494+0000] {logging_mixin.py:190} INFO - [2025-04-11T20:41:45.493+0000] {dag.py:4180} INFO - Setting next_dagrun for tutorial_objectstorage to None, run_after=None
[2025-04-11T20:41:45.546+0000] {processor.py:208} INFO - Processing /home/airflow/.local/lib/python3.12/site-packages/airflow/example_dags/tutorial_objectstorage.py took 0.205 seconds
[2025-04-11T20:42:41.924+0000] {processor.py:186} INFO - Started process (PID=677) to work on /home/airflow/.local/lib/python3.12/site-packages/airflow/example_dags/tutorial_objectstorage.py
[2025-04-11T20:42:41.943+0000] {processor.py:914} INFO - Processing file /home/airflow/.local/lib/python3.12/site-packages/airflow/example_dags/tutorial_objectstorage.py for tasks to queue
[2025-04-11T20:42:41.978+0000] {logging_mixin.py:190} INFO - [2025-04-11T20:42:41.977+0000] {dagbag.py:588} INFO - Filling up the DagBag from /home/airflow/.local/lib/python3.12/site-packages/airflow/example_dags/tutorial_objectstorage.py
[2025-04-11T20:42:42.167+0000] {processor.py:925} INFO - DAG(s) 'tutorial_objectstorage' retrieved from /home/airflow/.local/lib/python3.12/site-packages/airflow/example_dags/tutorial_objectstorage.py
[2025-04-11T20:42:42.371+0000] {logging_mixin.py:190} INFO - [2025-04-11T20:42:42.367+0000] {dag.py:3239} INFO - Sync 1 DAGs
[2025-04-11T20:42:42.612+0000] {logging_mixin.py:190} INFO - [2025-04-11T20:42:42.612+0000] {dag.py:4180} INFO - Setting next_dagrun for tutorial_objectstorage to None, run_after=None
[2025-04-11T20:42:42.861+0000] {processor.py:208} INFO - Processing /home/airflow/.local/lib/python3.12/site-packages/airflow/example_dags/tutorial_objectstorage.py took 1.024 seconds
[2025-04-11T20:43:45.077+0000] {processor.py:186} INFO - Started process (PID=727) to work on /home/airflow/.local/lib/python3.12/site-packages/airflow/example_dags/tutorial_objectstorage.py
[2025-04-11T20:43:45.086+0000] {processor.py:914} INFO - Processing file /home/airflow/.local/lib/python3.12/site-packages/airflow/example_dags/tutorial_objectstorage.py for tasks to queue
[2025-04-11T20:43:45.119+0000] {logging_mixin.py:190} INFO - [2025-04-11T20:43:45.115+0000] {dagbag.py:588} INFO - Filling up the DagBag from /home/airflow/.local/lib/python3.12/site-packages/airflow/example_dags/tutorial_objectstorage.py
[2025-04-11T20:43:45.171+0000] {processor.py:925} INFO - DAG(s) 'tutorial_objectstorage' retrieved from /home/airflow/.local/lib/python3.12/site-packages/airflow/example_dags/tutorial_objectstorage.py
[2025-04-11T20:43:45.258+0000] {logging_mixin.py:190} INFO - [2025-04-11T20:43:45.258+0000] {dag.py:3239} INFO - Sync 1 DAGs
[2025-04-11T20:43:45.315+0000] {logging_mixin.py:190} INFO - [2025-04-11T20:43:45.315+0000] {dag.py:4180} INFO - Setting next_dagrun for tutorial_objectstorage to None, run_after=None
[2025-04-11T20:43:45.415+0000] {processor.py:208} INFO - Processing /home/airflow/.local/lib/python3.12/site-packages/airflow/example_dags/tutorial_objectstorage.py took 0.385 seconds
[2025-04-11T20:44:28.758+0000] {processor.py:186} INFO - Started process (PID=782) to work on /home/airflow/.local/lib/python3.12/site-packages/airflow/example_dags/tutorial_objectstorage.py
[2025-04-11T20:44:28.762+0000] {processor.py:914} INFO - Processing file /home/airflow/.local/lib/python3.12/site-packages/airflow/example_dags/tutorial_objectstorage.py for tasks to queue
[2025-04-11T20:44:28.767+0000] {logging_mixin.py:190} INFO - [2025-04-11T20:44:28.767+0000] {dagbag.py:588} INFO - Filling up the DagBag from /home/airflow/.local/lib/python3.12/site-packages/airflow/example_dags/tutorial_objectstorage.py
[2025-04-11T20:44:28.825+0000] {processor.py:925} INFO - DAG(s) 'tutorial_objectstorage' retrieved from /home/airflow/.local/lib/python3.12/site-packages/airflow/example_dags/tutorial_objectstorage.py
[2025-04-11T20:44:28.931+0000] {logging_mixin.py:190} INFO - [2025-04-11T20:44:28.931+0000] {dag.py:3239} INFO - Sync 1 DAGs
[2025-04-11T20:44:28.975+0000] {logging_mixin.py:190} INFO - [2025-04-11T20:44:28.974+0000] {dag.py:4180} INFO - Setting next_dagrun for tutorial_objectstorage to None, run_after=None
[2025-04-11T20:44:29.082+0000] {processor.py:208} INFO - Processing /home/airflow/.local/lib/python3.12/site-packages/airflow/example_dags/tutorial_objectstorage.py took 0.348 seconds
[2025-04-11T20:44:59.502+0000] {processor.py:186} INFO - Started process (PID=846) to work on /home/airflow/.local/lib/python3.12/site-packages/airflow/example_dags/tutorial_objectstorage.py
[2025-04-11T20:44:59.505+0000] {processor.py:914} INFO - Processing file /home/airflow/.local/lib/python3.12/site-packages/airflow/example_dags/tutorial_objectstorage.py for tasks to queue
[2025-04-11T20:44:59.513+0000] {logging_mixin.py:190} INFO - [2025-04-11T20:44:59.512+0000] {dagbag.py:588} INFO - Filling up the DagBag from /home/airflow/.local/lib/python3.12/site-packages/airflow/example_dags/tutorial_objectstorage.py
[2025-04-11T20:44:59.536+0000] {processor.py:925} INFO - DAG(s) 'tutorial_objectstorage' retrieved from /home/airflow/.local/lib/python3.12/site-packages/airflow/example_dags/tutorial_objectstorage.py
[2025-04-11T20:44:59.582+0000] {logging_mixin.py:190} INFO - [2025-04-11T20:44:59.581+0000] {dag.py:3239} INFO - Sync 1 DAGs
[2025-04-11T20:44:59.618+0000] {logging_mixin.py:190} INFO - [2025-04-11T20:44:59.618+0000] {dag.py:4180} INFO - Setting next_dagrun for tutorial_objectstorage to None, run_after=None
[2025-04-11T20:44:59.665+0000] {processor.py:208} INFO - Processing /home/airflow/.local/lib/python3.12/site-packages/airflow/example_dags/tutorial_objectstorage.py took 0.177 seconds
[2025-04-11T20:45:30.142+0000] {processor.py:186} INFO - Started process (PID=909) to work on /home/airflow/.local/lib/python3.12/site-packages/airflow/example_dags/tutorial_objectstorage.py
[2025-04-11T20:45:30.145+0000] {processor.py:914} INFO - Processing file /home/airflow/.local/lib/python3.12/site-packages/airflow/example_dags/tutorial_objectstorage.py for tasks to queue
[2025-04-11T20:45:30.149+0000] {logging_mixin.py:190} INFO - [2025-04-11T20:45:30.148+0000] {dagbag.py:588} INFO - Filling up the DagBag from /home/airflow/.local/lib/python3.12/site-packages/airflow/example_dags/tutorial_objectstorage.py
[2025-04-11T20:45:30.173+0000] {processor.py:925} INFO - DAG(s) 'tutorial_objectstorage' retrieved from /home/airflow/.local/lib/python3.12/site-packages/airflow/example_dags/tutorial_objectstorage.py
[2025-04-11T20:45:30.226+0000] {logging_mixin.py:190} INFO - [2025-04-11T20:45:30.225+0000] {dag.py:3239} INFO - Sync 1 DAGs
[2025-04-11T20:45:30.278+0000] {logging_mixin.py:190} INFO - [2025-04-11T20:45:30.273+0000] {dag.py:4180} INFO - Setting next_dagrun for tutorial_objectstorage to None, run_after=None
[2025-04-11T20:45:30.317+0000] {processor.py:208} INFO - Processing /home/airflow/.local/lib/python3.12/site-packages/airflow/example_dags/tutorial_objectstorage.py took 0.185 seconds
[2025-04-11T20:46:36.266+0000] {processor.py:186} INFO - Started process (PID=968) to work on /home/airflow/.local/lib/python3.12/site-packages/airflow/example_dags/tutorial_objectstorage.py
[2025-04-11T20:46:36.326+0000] {processor.py:914} INFO - Processing file /home/airflow/.local/lib/python3.12/site-packages/airflow/example_dags/tutorial_objectstorage.py for tasks to queue
[2025-04-11T20:46:36.524+0000] {logging_mixin.py:190} INFO - [2025-04-11T20:46:36.523+0000] {dagbag.py:588} INFO - Filling up the DagBag from /home/airflow/.local/lib/python3.12/site-packages/airflow/example_dags/tutorial_objectstorage.py
[2025-04-11T20:46:36.914+0000] {processor.py:925} INFO - DAG(s) 'tutorial_objectstorage' retrieved from /home/airflow/.local/lib/python3.12/site-packages/airflow/example_dags/tutorial_objectstorage.py
[2025-04-11T20:46:37.778+0000] {logging_mixin.py:190} INFO - [2025-04-11T20:46:37.761+0000] {dag.py:3239} INFO - Sync 1 DAGs
[2025-04-11T20:46:37.990+0000] {logging_mixin.py:190} INFO - [2025-04-11T20:46:37.990+0000] {dag.py:4180} INFO - Setting next_dagrun for tutorial_objectstorage to None, run_after=None
[2025-04-11T20:46:38.555+0000] {processor.py:208} INFO - Processing /home/airflow/.local/lib/python3.12/site-packages/airflow/example_dags/tutorial_objectstorage.py took 2.531 seconds
[2025-04-11T20:47:31.119+0000] {processor.py:186} INFO - Started process (PID=1025) to work on /home/airflow/.local/lib/python3.12/site-packages/airflow/example_dags/tutorial_objectstorage.py
[2025-04-11T20:47:31.134+0000] {processor.py:914} INFO - Processing file /home/airflow/.local/lib/python3.12/site-packages/airflow/example_dags/tutorial_objectstorage.py for tasks to queue
[2025-04-11T20:47:31.185+0000] {logging_mixin.py:190} INFO - [2025-04-11T20:47:31.163+0000] {dagbag.py:588} INFO - Filling up the DagBag from /home/airflow/.local/lib/python3.12/site-packages/airflow/example_dags/tutorial_objectstorage.py
[2025-04-11T20:47:31.254+0000] {processor.py:925} INFO - DAG(s) 'tutorial_objectstorage' retrieved from /home/airflow/.local/lib/python3.12/site-packages/airflow/example_dags/tutorial_objectstorage.py
[2025-04-11T20:47:31.604+0000] {logging_mixin.py:190} INFO - [2025-04-11T20:47:31.597+0000] {dag.py:3239} INFO - Sync 1 DAGs
[2025-04-11T20:47:31.703+0000] {logging_mixin.py:190} INFO - [2025-04-11T20:47:31.702+0000] {dag.py:4180} INFO - Setting next_dagrun for tutorial_objectstorage to None, run_after=None
[2025-04-11T20:47:31.812+0000] {processor.py:208} INFO - Processing /home/airflow/.local/lib/python3.12/site-packages/airflow/example_dags/tutorial_objectstorage.py took 0.757 seconds
[2025-04-11T20:49:12.968+0000] {processor.py:186} INFO - Started process (PID=1074) to work on /home/airflow/.local/lib/python3.12/site-packages/airflow/example_dags/tutorial_objectstorage.py
[2025-04-11T20:49:13.053+0000] {processor.py:914} INFO - Processing file /home/airflow/.local/lib/python3.12/site-packages/airflow/example_dags/tutorial_objectstorage.py for tasks to queue
[2025-04-11T20:49:13.062+0000] {logging_mixin.py:190} INFO - [2025-04-11T20:49:13.061+0000] {dagbag.py:588} INFO - Filling up the DagBag from /home/airflow/.local/lib/python3.12/site-packages/airflow/example_dags/tutorial_objectstorage.py
[2025-04-11T20:49:13.374+0000] {processor.py:925} INFO - DAG(s) 'tutorial_objectstorage' retrieved from /home/airflow/.local/lib/python3.12/site-packages/airflow/example_dags/tutorial_objectstorage.py
[2025-04-11T20:49:14.061+0000] {logging_mixin.py:190} INFO - [2025-04-11T20:49:14.060+0000] {dag.py:3239} INFO - Sync 1 DAGs
[2025-04-11T20:49:14.723+0000] {logging_mixin.py:190} INFO - [2025-04-11T20:49:14.722+0000] {dag.py:4180} INFO - Setting next_dagrun for tutorial_objectstorage to None, run_after=None
[2025-04-11T20:49:15.002+0000] {processor.py:208} INFO - Processing /home/airflow/.local/lib/python3.12/site-packages/airflow/example_dags/tutorial_objectstorage.py took 2.134 seconds
[2025-04-11T20:50:04.073+0000] {processor.py:186} INFO - Started process (PID=1134) to work on /home/airflow/.local/lib/python3.12/site-packages/airflow/example_dags/tutorial_objectstorage.py
[2025-04-11T20:50:04.086+0000] {processor.py:914} INFO - Processing file /home/airflow/.local/lib/python3.12/site-packages/airflow/example_dags/tutorial_objectstorage.py for tasks to queue
[2025-04-11T20:50:04.120+0000] {logging_mixin.py:190} INFO - [2025-04-11T20:50:04.119+0000] {dagbag.py:588} INFO - Filling up the DagBag from /home/airflow/.local/lib/python3.12/site-packages/airflow/example_dags/tutorial_objectstorage.py
[2025-04-11T20:50:04.162+0000] {processor.py:925} INFO - DAG(s) 'tutorial_objectstorage' retrieved from /home/airflow/.local/lib/python3.12/site-packages/airflow/example_dags/tutorial_objectstorage.py
[2025-04-11T20:50:04.282+0000] {logging_mixin.py:190} INFO - [2025-04-11T20:50:04.281+0000] {dag.py:3239} INFO - Sync 1 DAGs
[2025-04-11T20:50:04.433+0000] {logging_mixin.py:190} INFO - [2025-04-11T20:50:04.433+0000] {dag.py:4180} INFO - Setting next_dagrun for tutorial_objectstorage to None, run_after=None
[2025-04-11T20:50:04.553+0000] {processor.py:208} INFO - Processing /home/airflow/.local/lib/python3.12/site-packages/airflow/example_dags/tutorial_objectstorage.py took 0.546 seconds
[2025-04-11T20:50:51.502+0000] {processor.py:186} INFO - Started process (PID=1189) to work on /home/airflow/.local/lib/python3.12/site-packages/airflow/example_dags/tutorial_objectstorage.py
[2025-04-11T20:50:51.506+0000] {processor.py:914} INFO - Processing file /home/airflow/.local/lib/python3.12/site-packages/airflow/example_dags/tutorial_objectstorage.py for tasks to queue
[2025-04-11T20:50:51.520+0000] {logging_mixin.py:190} INFO - [2025-04-11T20:50:51.520+0000] {dagbag.py:588} INFO - Filling up the DagBag from /home/airflow/.local/lib/python3.12/site-packages/airflow/example_dags/tutorial_objectstorage.py
[2025-04-11T20:50:51.824+0000] {processor.py:925} INFO - DAG(s) 'tutorial_objectstorage' retrieved from /home/airflow/.local/lib/python3.12/site-packages/airflow/example_dags/tutorial_objectstorage.py
[2025-04-11T20:50:52.344+0000] {logging_mixin.py:190} INFO - [2025-04-11T20:50:52.340+0000] {dag.py:3239} INFO - Sync 1 DAGs
[2025-04-11T20:50:52.462+0000] {logging_mixin.py:190} INFO - [2025-04-11T20:50:52.460+0000] {dag.py:4180} INFO - Setting next_dagrun for tutorial_objectstorage to None, run_after=None
[2025-04-11T20:50:52.632+0000] {processor.py:208} INFO - Processing /home/airflow/.local/lib/python3.12/site-packages/airflow/example_dags/tutorial_objectstorage.py took 1.182 seconds
[2025-04-11T20:51:46.743+0000] {processor.py:186} INFO - Started process (PID=1256) to work on /home/airflow/.local/lib/python3.12/site-packages/airflow/example_dags/tutorial_objectstorage.py
[2025-04-11T20:51:46.756+0000] {processor.py:914} INFO - Processing file /home/airflow/.local/lib/python3.12/site-packages/airflow/example_dags/tutorial_objectstorage.py for tasks to queue
[2025-04-11T20:51:46.768+0000] {logging_mixin.py:190} INFO - [2025-04-11T20:51:46.767+0000] {dagbag.py:588} INFO - Filling up the DagBag from /home/airflow/.local/lib/python3.12/site-packages/airflow/example_dags/tutorial_objectstorage.py
[2025-04-11T20:51:47.027+0000] {processor.py:925} INFO - DAG(s) 'tutorial_objectstorage' retrieved from /home/airflow/.local/lib/python3.12/site-packages/airflow/example_dags/tutorial_objectstorage.py
[2025-04-11T20:51:47.375+0000] {logging_mixin.py:190} INFO - [2025-04-11T20:51:47.375+0000] {dag.py:3239} INFO - Sync 1 DAGs
[2025-04-11T20:51:47.661+0000] {logging_mixin.py:190} INFO - [2025-04-11T20:51:47.660+0000] {dag.py:4180} INFO - Setting next_dagrun for tutorial_objectstorage to None, run_after=None
[2025-04-11T20:51:47.925+0000] {processor.py:208} INFO - Processing /home/airflow/.local/lib/python3.12/site-packages/airflow/example_dags/tutorial_objectstorage.py took 1.292 seconds
[2025-04-11T20:52:30.519+0000] {processor.py:186} INFO - Started process (PID=1320) to work on /home/airflow/.local/lib/python3.12/site-packages/airflow/example_dags/tutorial_objectstorage.py
[2025-04-11T20:52:30.534+0000] {processor.py:914} INFO - Processing file /home/airflow/.local/lib/python3.12/site-packages/airflow/example_dags/tutorial_objectstorage.py for tasks to queue
[2025-04-11T20:52:30.549+0000] {logging_mixin.py:190} INFO - [2025-04-11T20:52:30.548+0000] {dagbag.py:588} INFO - Filling up the DagBag from /home/airflow/.local/lib/python3.12/site-packages/airflow/example_dags/tutorial_objectstorage.py
[2025-04-11T20:52:30.609+0000] {processor.py:925} INFO - DAG(s) 'tutorial_objectstorage' retrieved from /home/airflow/.local/lib/python3.12/site-packages/airflow/example_dags/tutorial_objectstorage.py
[2025-04-11T20:52:30.824+0000] {logging_mixin.py:190} INFO - [2025-04-11T20:52:30.824+0000] {dag.py:3239} INFO - Sync 1 DAGs
[2025-04-11T20:52:30.934+0000] {logging_mixin.py:190} INFO - [2025-04-11T20:52:30.934+0000] {dag.py:4180} INFO - Setting next_dagrun for tutorial_objectstorage to None, run_after=None
[2025-04-11T20:52:31.065+0000] {processor.py:208} INFO - Processing /home/airflow/.local/lib/python3.12/site-packages/airflow/example_dags/tutorial_objectstorage.py took 0.575 seconds
[2025-04-11T20:53:20.297+0000] {processor.py:186} INFO - Started process (PID=1389) to work on /home/airflow/.local/lib/python3.12/site-packages/airflow/example_dags/tutorial_objectstorage.py
[2025-04-11T20:53:20.305+0000] {processor.py:914} INFO - Processing file /home/airflow/.local/lib/python3.12/site-packages/airflow/example_dags/tutorial_objectstorage.py for tasks to queue
[2025-04-11T20:53:20.319+0000] {logging_mixin.py:190} INFO - [2025-04-11T20:53:20.316+0000] {dagbag.py:588} INFO - Filling up the DagBag from /home/airflow/.local/lib/python3.12/site-packages/airflow/example_dags/tutorial_objectstorage.py
[2025-04-11T20:53:20.369+0000] {processor.py:925} INFO - DAG(s) 'tutorial_objectstorage' retrieved from /home/airflow/.local/lib/python3.12/site-packages/airflow/example_dags/tutorial_objectstorage.py
[2025-04-11T20:53:20.548+0000] {logging_mixin.py:190} INFO - [2025-04-11T20:53:20.547+0000] {dag.py:3239} INFO - Sync 1 DAGs
[2025-04-11T20:53:20.694+0000] {logging_mixin.py:190} INFO - [2025-04-11T20:53:20.694+0000] {dag.py:4180} INFO - Setting next_dagrun for tutorial_objectstorage to None, run_after=None
[2025-04-11T20:53:20.841+0000] {processor.py:208} INFO - Processing /home/airflow/.local/lib/python3.12/site-packages/airflow/example_dags/tutorial_objectstorage.py took 0.572 seconds
