[2025-04-11T19:45:55.889+0000] {processor.py:186} INFO - Started process (PID=110) to work on /home/airflow/.local/lib/python3.12/site-packages/airflow/example_dags/tutorial_dag.py
[2025-04-11T19:45:55.891+0000] {processor.py:914} INFO - Processing file /home/airflow/.local/lib/python3.12/site-packages/airflow/example_dags/tutorial_dag.py for tasks to queue
[2025-04-11T19:45:55.946+0000] {logging_mixin.py:190} INFO - [2025-04-11T19:45:55.945+0000] {dagbag.py:588} INFO - Filling up the DagBag from /home/airflow/.local/lib/python3.12/site-packages/airflow/example_dags/tutorial_dag.py
[2025-04-11T19:45:56.083+0000] {processor.py:925} INFO - DAG(s) 'tutorial_dag' retrieved from /home/airflow/.local/lib/python3.12/site-packages/airflow/example_dags/tutorial_dag.py
[2025-04-11T19:45:57.809+0000] {logging_mixin.py:190} INFO - [2025-04-11T19:45:57.808+0000] {override.py:1912} INFO - Created Permission View: can delete on DAG:tutorial_dag
[2025-04-11T19:45:57.908+0000] {logging_mixin.py:190} INFO - [2025-04-11T19:45:57.907+0000] {override.py:1912} INFO - Created Permission View: can read on DAG:tutorial_dag
[2025-04-11T19:45:57.945+0000] {logging_mixin.py:190} INFO - [2025-04-11T19:45:57.944+0000] {override.py:1912} INFO - Created Permission View: can edit on DAG:tutorial_dag
[2025-04-11T19:45:58.006+0000] {logging_mixin.py:190} INFO - [2025-04-11T19:45:58.005+0000] {override.py:1912} INFO - Created Permission View: can create on DAG Run:tutorial_dag
[2025-04-11T19:45:58.050+0000] {logging_mixin.py:190} INFO - [2025-04-11T19:45:58.050+0000] {override.py:1912} INFO - Created Permission View: can read on DAG Run:tutorial_dag
[2025-04-11T19:45:58.202+0000] {logging_mixin.py:190} INFO - [2025-04-11T19:45:58.201+0000] {override.py:1912} INFO - Created Permission View: can delete on DAG Run:tutorial_dag
[2025-04-11T19:45:58.255+0000] {logging_mixin.py:190} INFO - [2025-04-11T19:45:58.255+0000] {override.py:1912} INFO - Created Permission View: menu access on DAG Run:tutorial_dag
[2025-04-11T19:45:58.260+0000] {logging_mixin.py:190} INFO - [2025-04-11T19:45:58.260+0000] {dag.py:3239} INFO - Sync 1 DAGs
[2025-04-11T19:45:58.356+0000] {logging_mixin.py:190} INFO - [2025-04-11T19:45:58.355+0000] {dag.py:3262} INFO - Creating ORM DAG for tutorial_dag
[2025-04-11T19:45:58.406+0000] {logging_mixin.py:190} INFO - [2025-04-11T19:45:58.404+0000] {dag.py:4180} INFO - Setting next_dagrun for tutorial_dag to None, run_after=None
[2025-04-11T19:45:58.899+0000] {processor.py:208} INFO - Processing /home/airflow/.local/lib/python3.12/site-packages/airflow/example_dags/tutorial_dag.py took 3.123 seconds
[2025-04-11T19:46:55.246+0000] {processor.py:186} INFO - Started process (PID=180) to work on /home/airflow/.local/lib/python3.12/site-packages/airflow/example_dags/tutorial_dag.py
[2025-04-11T19:46:55.258+0000] {processor.py:914} INFO - Processing file /home/airflow/.local/lib/python3.12/site-packages/airflow/example_dags/tutorial_dag.py for tasks to queue
[2025-04-11T19:46:55.272+0000] {logging_mixin.py:190} INFO - [2025-04-11T19:46:55.269+0000] {dagbag.py:588} INFO - Filling up the DagBag from /home/airflow/.local/lib/python3.12/site-packages/airflow/example_dags/tutorial_dag.py
[2025-04-11T19:46:55.439+0000] {processor.py:925} INFO - DAG(s) 'tutorial_dag' retrieved from /home/airflow/.local/lib/python3.12/site-packages/airflow/example_dags/tutorial_dag.py
[2025-04-11T19:46:55.639+0000] {logging_mixin.py:190} INFO - [2025-04-11T19:46:55.638+0000] {dag.py:3239} INFO - Sync 1 DAGs
[2025-04-11T19:46:55.691+0000] {logging_mixin.py:190} INFO - [2025-04-11T19:46:55.691+0000] {dag.py:4180} INFO - Setting next_dagrun for tutorial_dag to None, run_after=None
[2025-04-11T19:46:55.730+0000] {processor.py:208} INFO - Processing /home/airflow/.local/lib/python3.12/site-packages/airflow/example_dags/tutorial_dag.py took 0.504 seconds
[2025-04-11T19:47:48.900+0000] {processor.py:186} INFO - Started process (PID=249) to work on /home/airflow/.local/lib/python3.12/site-packages/airflow/example_dags/tutorial_dag.py
[2025-04-11T19:47:48.928+0000] {processor.py:914} INFO - Processing file /home/airflow/.local/lib/python3.12/site-packages/airflow/example_dags/tutorial_dag.py for tasks to queue
[2025-04-11T19:47:48.953+0000] {logging_mixin.py:190} INFO - [2025-04-11T19:47:48.951+0000] {dagbag.py:588} INFO - Filling up the DagBag from /home/airflow/.local/lib/python3.12/site-packages/airflow/example_dags/tutorial_dag.py
[2025-04-11T19:47:49.035+0000] {processor.py:925} INFO - DAG(s) 'tutorial_dag' retrieved from /home/airflow/.local/lib/python3.12/site-packages/airflow/example_dags/tutorial_dag.py
[2025-04-11T19:47:49.272+0000] {logging_mixin.py:190} INFO - [2025-04-11T19:47:49.269+0000] {dag.py:3239} INFO - Sync 1 DAGs
[2025-04-11T19:47:49.417+0000] {logging_mixin.py:190} INFO - [2025-04-11T19:47:49.416+0000] {dag.py:4180} INFO - Setting next_dagrun for tutorial_dag to None, run_after=None
[2025-04-11T19:47:49.741+0000] {processor.py:208} INFO - Processing /home/airflow/.local/lib/python3.12/site-packages/airflow/example_dags/tutorial_dag.py took 0.883 seconds
[2025-04-11T19:53:16.339+0000] {processor.py:186} INFO - Started process (PID=101) to work on /home/airflow/.local/lib/python3.12/site-packages/airflow/example_dags/tutorial_dag.py
[2025-04-11T19:53:16.344+0000] {processor.py:914} INFO - Processing file /home/airflow/.local/lib/python3.12/site-packages/airflow/example_dags/tutorial_dag.py for tasks to queue
[2025-04-11T19:53:16.358+0000] {logging_mixin.py:190} INFO - [2025-04-11T19:53:16.352+0000] {dagbag.py:588} INFO - Filling up the DagBag from /home/airflow/.local/lib/python3.12/site-packages/airflow/example_dags/tutorial_dag.py
[2025-04-11T19:53:16.446+0000] {processor.py:925} INFO - DAG(s) 'tutorial_dag' retrieved from /home/airflow/.local/lib/python3.12/site-packages/airflow/example_dags/tutorial_dag.py
[2025-04-11T19:53:16.586+0000] {logging_mixin.py:190} INFO - [2025-04-11T19:53:16.585+0000] {dag.py:3239} INFO - Sync 1 DAGs
[2025-04-11T19:53:16.726+0000] {logging_mixin.py:190} INFO - [2025-04-11T19:53:16.726+0000] {dag.py:4180} INFO - Setting next_dagrun for tutorial_dag to None, run_after=None
[2025-04-11T19:53:16.838+0000] {processor.py:208} INFO - Processing /home/airflow/.local/lib/python3.12/site-packages/airflow/example_dags/tutorial_dag.py took 0.536 seconds
[2025-04-11T19:54:26.920+0000] {processor.py:186} INFO - Started process (PID=176) to work on /home/airflow/.local/lib/python3.12/site-packages/airflow/example_dags/tutorial_dag.py
[2025-04-11T19:54:26.923+0000] {processor.py:914} INFO - Processing file /home/airflow/.local/lib/python3.12/site-packages/airflow/example_dags/tutorial_dag.py for tasks to queue
[2025-04-11T19:54:26.928+0000] {logging_mixin.py:190} INFO - [2025-04-11T19:54:26.927+0000] {dagbag.py:588} INFO - Filling up the DagBag from /home/airflow/.local/lib/python3.12/site-packages/airflow/example_dags/tutorial_dag.py
[2025-04-11T19:54:26.947+0000] {processor.py:925} INFO - DAG(s) 'tutorial_dag' retrieved from /home/airflow/.local/lib/python3.12/site-packages/airflow/example_dags/tutorial_dag.py
[2025-04-11T19:54:27.019+0000] {logging_mixin.py:190} INFO - [2025-04-11T19:54:27.018+0000] {dag.py:3239} INFO - Sync 1 DAGs
[2025-04-11T19:54:27.066+0000] {logging_mixin.py:190} INFO - [2025-04-11T19:54:27.065+0000] {dag.py:4180} INFO - Setting next_dagrun for tutorial_dag to None, run_after=None
[2025-04-11T19:54:27.113+0000] {processor.py:208} INFO - Processing /home/airflow/.local/lib/python3.12/site-packages/airflow/example_dags/tutorial_dag.py took 0.210 seconds
[2025-04-11T19:54:58.914+0000] {processor.py:186} INFO - Started process (PID=239) to work on /home/airflow/.local/lib/python3.12/site-packages/airflow/example_dags/tutorial_dag.py
[2025-04-11T19:54:58.936+0000] {processor.py:914} INFO - Processing file /home/airflow/.local/lib/python3.12/site-packages/airflow/example_dags/tutorial_dag.py for tasks to queue
[2025-04-11T19:54:58.958+0000] {logging_mixin.py:190} INFO - [2025-04-11T19:54:58.956+0000] {dagbag.py:588} INFO - Filling up the DagBag from /home/airflow/.local/lib/python3.12/site-packages/airflow/example_dags/tutorial_dag.py
[2025-04-11T19:54:59.050+0000] {processor.py:925} INFO - DAG(s) 'tutorial_dag' retrieved from /home/airflow/.local/lib/python3.12/site-packages/airflow/example_dags/tutorial_dag.py
[2025-04-11T19:54:59.145+0000] {logging_mixin.py:190} INFO - [2025-04-11T19:54:59.144+0000] {dag.py:3239} INFO - Sync 1 DAGs
[2025-04-11T19:54:59.197+0000] {logging_mixin.py:190} INFO - [2025-04-11T19:54:59.196+0000] {dag.py:4180} INFO - Setting next_dagrun for tutorial_dag to None, run_after=None
[2025-04-11T19:54:59.265+0000] {processor.py:208} INFO - Processing /home/airflow/.local/lib/python3.12/site-packages/airflow/example_dags/tutorial_dag.py took 0.383 seconds
[2025-04-11T19:56:08.189+0000] {processor.py:186} INFO - Started process (PID=309) to work on /home/airflow/.local/lib/python3.12/site-packages/airflow/example_dags/tutorial_dag.py
[2025-04-11T19:56:08.202+0000] {processor.py:914} INFO - Processing file /home/airflow/.local/lib/python3.12/site-packages/airflow/example_dags/tutorial_dag.py for tasks to queue
[2025-04-11T19:56:08.239+0000] {logging_mixin.py:190} INFO - [2025-04-11T19:56:08.229+0000] {dagbag.py:588} INFO - Filling up the DagBag from /home/airflow/.local/lib/python3.12/site-packages/airflow/example_dags/tutorial_dag.py
[2025-04-11T19:56:08.377+0000] {processor.py:925} INFO - DAG(s) 'tutorial_dag' retrieved from /home/airflow/.local/lib/python3.12/site-packages/airflow/example_dags/tutorial_dag.py
[2025-04-11T19:56:08.515+0000] {logging_mixin.py:190} INFO - [2025-04-11T19:56:08.514+0000] {dag.py:3239} INFO - Sync 1 DAGs
[2025-04-11T19:56:08.857+0000] {logging_mixin.py:190} INFO - [2025-04-11T19:56:08.856+0000] {dag.py:4180} INFO - Setting next_dagrun for tutorial_dag to None, run_after=None
[2025-04-11T19:56:09.572+0000] {processor.py:208} INFO - Processing /home/airflow/.local/lib/python3.12/site-packages/airflow/example_dags/tutorial_dag.py took 1.500 seconds
[2025-04-11T19:56:41.940+0000] {processor.py:186} INFO - Started process (PID=373) to work on /home/airflow/.local/lib/python3.12/site-packages/airflow/example_dags/tutorial_dag.py
[2025-04-11T19:56:41.947+0000] {processor.py:914} INFO - Processing file /home/airflow/.local/lib/python3.12/site-packages/airflow/example_dags/tutorial_dag.py for tasks to queue
[2025-04-11T19:56:41.983+0000] {logging_mixin.py:190} INFO - [2025-04-11T19:56:41.957+0000] {dagbag.py:588} INFO - Filling up the DagBag from /home/airflow/.local/lib/python3.12/site-packages/airflow/example_dags/tutorial_dag.py
[2025-04-11T19:56:42.186+0000] {processor.py:925} INFO - DAG(s) 'tutorial_dag' retrieved from /home/airflow/.local/lib/python3.12/site-packages/airflow/example_dags/tutorial_dag.py
[2025-04-11T19:56:42.594+0000] {logging_mixin.py:190} INFO - [2025-04-11T19:56:42.594+0000] {dag.py:3239} INFO - Sync 1 DAGs
[2025-04-11T19:56:42.872+0000] {logging_mixin.py:190} INFO - [2025-04-11T19:56:42.872+0000] {dag.py:4180} INFO - Setting next_dagrun for tutorial_dag to None, run_after=None
[2025-04-11T19:56:42.995+0000] {processor.py:208} INFO - Processing /home/airflow/.local/lib/python3.12/site-packages/airflow/example_dags/tutorial_dag.py took 1.120 seconds
[2025-04-11T19:59:25.565+0000] {processor.py:186} INFO - Started process (PID=90) to work on /home/airflow/.local/lib/python3.12/site-packages/airflow/example_dags/tutorial_dag.py
[2025-04-11T19:59:25.570+0000] {processor.py:914} INFO - Processing file /home/airflow/.local/lib/python3.12/site-packages/airflow/example_dags/tutorial_dag.py for tasks to queue
[2025-04-11T19:59:25.616+0000] {logging_mixin.py:190} INFO - [2025-04-11T19:59:25.616+0000] {dagbag.py:588} INFO - Filling up the DagBag from /home/airflow/.local/lib/python3.12/site-packages/airflow/example_dags/tutorial_dag.py
[2025-04-11T19:59:26.008+0000] {processor.py:925} INFO - DAG(s) 'tutorial_dag' retrieved from /home/airflow/.local/lib/python3.12/site-packages/airflow/example_dags/tutorial_dag.py
[2025-04-11T19:59:26.254+0000] {logging_mixin.py:190} INFO - [2025-04-11T19:59:26.252+0000] {dag.py:3239} INFO - Sync 1 DAGs
[2025-04-11T19:59:26.356+0000] {logging_mixin.py:190} INFO - [2025-04-11T19:59:26.355+0000] {dag.py:4180} INFO - Setting next_dagrun for tutorial_dag to None, run_after=None
[2025-04-11T19:59:26.478+0000] {processor.py:208} INFO - Processing /home/airflow/.local/lib/python3.12/site-packages/airflow/example_dags/tutorial_dag.py took 0.993 seconds
[2025-04-11T20:00:10.726+0000] {processor.py:186} INFO - Started process (PID=160) to work on /home/airflow/.local/lib/python3.12/site-packages/airflow/example_dags/tutorial_dag.py
[2025-04-11T20:00:10.733+0000] {processor.py:914} INFO - Processing file /home/airflow/.local/lib/python3.12/site-packages/airflow/example_dags/tutorial_dag.py for tasks to queue
[2025-04-11T20:00:10.739+0000] {logging_mixin.py:190} INFO - [2025-04-11T20:00:10.738+0000] {dagbag.py:588} INFO - Filling up the DagBag from /home/airflow/.local/lib/python3.12/site-packages/airflow/example_dags/tutorial_dag.py
[2025-04-11T20:00:10.768+0000] {processor.py:925} INFO - DAG(s) 'tutorial_dag' retrieved from /home/airflow/.local/lib/python3.12/site-packages/airflow/example_dags/tutorial_dag.py
[2025-04-11T20:00:10.895+0000] {logging_mixin.py:190} INFO - [2025-04-11T20:00:10.885+0000] {dag.py:3239} INFO - Sync 1 DAGs
[2025-04-11T20:00:10.951+0000] {logging_mixin.py:190} INFO - [2025-04-11T20:00:10.950+0000] {dag.py:4180} INFO - Setting next_dagrun for tutorial_dag to None, run_after=None
[2025-04-11T20:00:11.021+0000] {processor.py:208} INFO - Processing /home/airflow/.local/lib/python3.12/site-packages/airflow/example_dags/tutorial_dag.py took 0.317 seconds
[2025-04-11T20:10:25.169+0000] {processor.py:186} INFO - Started process (PID=128) to work on /home/airflow/.local/lib/python3.12/site-packages/airflow/example_dags/tutorial_dag.py
[2025-04-11T20:10:25.186+0000] {processor.py:914} INFO - Processing file /home/airflow/.local/lib/python3.12/site-packages/airflow/example_dags/tutorial_dag.py for tasks to queue
[2025-04-11T20:10:25.197+0000] {logging_mixin.py:190} INFO - [2025-04-11T20:10:25.196+0000] {dagbag.py:588} INFO - Filling up the DagBag from /home/airflow/.local/lib/python3.12/site-packages/airflow/example_dags/tutorial_dag.py
[2025-04-11T20:10:25.495+0000] {processor.py:925} INFO - DAG(s) 'tutorial_dag' retrieved from /home/airflow/.local/lib/python3.12/site-packages/airflow/example_dags/tutorial_dag.py
[2025-04-11T20:10:26.181+0000] {logging_mixin.py:190} INFO - [2025-04-11T20:10:26.176+0000] {dag.py:3239} INFO - Sync 1 DAGs
[2025-04-11T20:10:26.623+0000] {logging_mixin.py:190} INFO - [2025-04-11T20:10:26.623+0000] {dag.py:4180} INFO - Setting next_dagrun for tutorial_dag to None, run_after=None
[2025-04-11T20:10:26.966+0000] {processor.py:208} INFO - Processing /home/airflow/.local/lib/python3.12/site-packages/airflow/example_dags/tutorial_dag.py took 2.127 seconds
[2025-04-11T20:14:00.167+0000] {processor.py:186} INFO - Started process (PID=105) to work on /home/airflow/.local/lib/python3.12/site-packages/airflow/example_dags/tutorial_dag.py
[2025-04-11T20:14:00.197+0000] {processor.py:914} INFO - Processing file /home/airflow/.local/lib/python3.12/site-packages/airflow/example_dags/tutorial_dag.py for tasks to queue
[2025-04-11T20:14:00.232+0000] {logging_mixin.py:190} INFO - [2025-04-11T20:14:00.231+0000] {dagbag.py:588} INFO - Filling up the DagBag from /home/airflow/.local/lib/python3.12/site-packages/airflow/example_dags/tutorial_dag.py
[2025-04-11T20:14:00.500+0000] {processor.py:925} INFO - DAG(s) 'tutorial_dag' retrieved from /home/airflow/.local/lib/python3.12/site-packages/airflow/example_dags/tutorial_dag.py
[2025-04-11T20:14:00.776+0000] {logging_mixin.py:190} INFO - [2025-04-11T20:14:00.776+0000] {dag.py:3239} INFO - Sync 1 DAGs
[2025-04-11T20:14:00.877+0000] {logging_mixin.py:190} INFO - [2025-04-11T20:14:00.877+0000] {dag.py:4180} INFO - Setting next_dagrun for tutorial_dag to None, run_after=None
[2025-04-11T20:14:01.317+0000] {processor.py:208} INFO - Processing /home/airflow/.local/lib/python3.12/site-packages/airflow/example_dags/tutorial_dag.py took 1.245 seconds
[2025-04-11T20:15:37.651+0000] {processor.py:186} INFO - Started process (PID=181) to work on /home/airflow/.local/lib/python3.12/site-packages/airflow/example_dags/tutorial_dag.py
[2025-04-11T20:15:37.666+0000] {processor.py:914} INFO - Processing file /home/airflow/.local/lib/python3.12/site-packages/airflow/example_dags/tutorial_dag.py for tasks to queue
[2025-04-11T20:15:37.699+0000] {logging_mixin.py:190} INFO - [2025-04-11T20:15:37.699+0000] {dagbag.py:588} INFO - Filling up the DagBag from /home/airflow/.local/lib/python3.12/site-packages/airflow/example_dags/tutorial_dag.py
[2025-04-11T20:15:37.763+0000] {processor.py:925} INFO - DAG(s) 'tutorial_dag' retrieved from /home/airflow/.local/lib/python3.12/site-packages/airflow/example_dags/tutorial_dag.py
[2025-04-11T20:15:37.983+0000] {logging_mixin.py:190} INFO - [2025-04-11T20:15:37.982+0000] {dag.py:3239} INFO - Sync 1 DAGs
[2025-04-11T20:15:38.218+0000] {logging_mixin.py:190} INFO - [2025-04-11T20:15:38.216+0000] {dag.py:4180} INFO - Setting next_dagrun for tutorial_dag to None, run_after=None
[2025-04-11T20:15:38.514+0000] {processor.py:208} INFO - Processing /home/airflow/.local/lib/python3.12/site-packages/airflow/example_dags/tutorial_dag.py took 0.924 seconds
[2025-04-11T20:16:24.786+0000] {processor.py:186} INFO - Started process (PID=245) to work on /home/airflow/.local/lib/python3.12/site-packages/airflow/example_dags/tutorial_dag.py
[2025-04-11T20:16:24.808+0000] {processor.py:914} INFO - Processing file /home/airflow/.local/lib/python3.12/site-packages/airflow/example_dags/tutorial_dag.py for tasks to queue
[2025-04-11T20:16:24.831+0000] {logging_mixin.py:190} INFO - [2025-04-11T20:16:24.829+0000] {dagbag.py:588} INFO - Filling up the DagBag from /home/airflow/.local/lib/python3.12/site-packages/airflow/example_dags/tutorial_dag.py
[2025-04-11T20:16:24.886+0000] {processor.py:925} INFO - DAG(s) 'tutorial_dag' retrieved from /home/airflow/.local/lib/python3.12/site-packages/airflow/example_dags/tutorial_dag.py
[2025-04-11T20:16:25.108+0000] {logging_mixin.py:190} INFO - [2025-04-11T20:16:25.092+0000] {dag.py:3239} INFO - Sync 1 DAGs
[2025-04-11T20:16:25.206+0000] {logging_mixin.py:190} INFO - [2025-04-11T20:16:25.205+0000] {dag.py:4180} INFO - Setting next_dagrun for tutorial_dag to None, run_after=None
[2025-04-11T20:16:25.293+0000] {processor.py:208} INFO - Processing /home/airflow/.local/lib/python3.12/site-packages/airflow/example_dags/tutorial_dag.py took 0.536 seconds
[2025-04-11T20:17:02.774+0000] {processor.py:186} INFO - Started process (PID=315) to work on /home/airflow/.local/lib/python3.12/site-packages/airflow/example_dags/tutorial_dag.py
[2025-04-11T20:17:02.791+0000] {processor.py:914} INFO - Processing file /home/airflow/.local/lib/python3.12/site-packages/airflow/example_dags/tutorial_dag.py for tasks to queue
[2025-04-11T20:17:02.838+0000] {logging_mixin.py:190} INFO - [2025-04-11T20:17:02.834+0000] {dagbag.py:588} INFO - Filling up the DagBag from /home/airflow/.local/lib/python3.12/site-packages/airflow/example_dags/tutorial_dag.py
[2025-04-11T20:17:02.926+0000] {processor.py:925} INFO - DAG(s) 'tutorial_dag' retrieved from /home/airflow/.local/lib/python3.12/site-packages/airflow/example_dags/tutorial_dag.py
[2025-04-11T20:17:03.047+0000] {logging_mixin.py:190} INFO - [2025-04-11T20:17:03.046+0000] {dag.py:3239} INFO - Sync 1 DAGs
[2025-04-11T20:17:03.205+0000] {logging_mixin.py:190} INFO - [2025-04-11T20:17:03.205+0000] {dag.py:4180} INFO - Setting next_dagrun for tutorial_dag to None, run_after=None
[2025-04-11T20:17:05.128+0000] {processor.py:208} INFO - Processing /home/airflow/.local/lib/python3.12/site-packages/airflow/example_dags/tutorial_dag.py took 2.607 seconds
[2025-04-11T20:17:36.174+0000] {processor.py:186} INFO - Started process (PID=379) to work on /home/airflow/.local/lib/python3.12/site-packages/airflow/example_dags/tutorial_dag.py
[2025-04-11T20:17:36.177+0000] {processor.py:914} INFO - Processing file /home/airflow/.local/lib/python3.12/site-packages/airflow/example_dags/tutorial_dag.py for tasks to queue
[2025-04-11T20:17:36.185+0000] {logging_mixin.py:190} INFO - [2025-04-11T20:17:36.184+0000] {dagbag.py:588} INFO - Filling up the DagBag from /home/airflow/.local/lib/python3.12/site-packages/airflow/example_dags/tutorial_dag.py
[2025-04-11T20:17:36.225+0000] {processor.py:925} INFO - DAG(s) 'tutorial_dag' retrieved from /home/airflow/.local/lib/python3.12/site-packages/airflow/example_dags/tutorial_dag.py
[2025-04-11T20:17:36.518+0000] {logging_mixin.py:190} INFO - [2025-04-11T20:17:36.518+0000] {dag.py:3239} INFO - Sync 1 DAGs
[2025-04-11T20:17:36.612+0000] {logging_mixin.py:190} INFO - [2025-04-11T20:17:36.612+0000] {dag.py:4180} INFO - Setting next_dagrun for tutorial_dag to None, run_after=None
[2025-04-11T20:17:36.842+0000] {processor.py:208} INFO - Processing /home/airflow/.local/lib/python3.12/site-packages/airflow/example_dags/tutorial_dag.py took 0.704 seconds
[2025-04-11T20:23:36.967+0000] {processor.py:186} INFO - Started process (PID=114) to work on /home/airflow/.local/lib/python3.12/site-packages/airflow/example_dags/tutorial_dag.py
[2025-04-11T20:23:36.984+0000] {processor.py:914} INFO - Processing file /home/airflow/.local/lib/python3.12/site-packages/airflow/example_dags/tutorial_dag.py for tasks to queue
[2025-04-11T20:23:37.037+0000] {logging_mixin.py:190} INFO - [2025-04-11T20:23:37.036+0000] {dagbag.py:588} INFO - Filling up the DagBag from /home/airflow/.local/lib/python3.12/site-packages/airflow/example_dags/tutorial_dag.py
[2025-04-11T20:23:37.160+0000] {processor.py:925} INFO - DAG(s) 'tutorial_dag' retrieved from /home/airflow/.local/lib/python3.12/site-packages/airflow/example_dags/tutorial_dag.py
[2025-04-11T20:23:37.857+0000] {logging_mixin.py:190} INFO - [2025-04-11T20:23:37.852+0000] {override.py:1912} INFO - Created Permission View: can read on DAG:tutorial_dag
[2025-04-11T20:23:37.917+0000] {logging_mixin.py:190} INFO - [2025-04-11T20:23:37.916+0000] {override.py:1912} INFO - Created Permission View: can edit on DAG:tutorial_dag
[2025-04-11T20:23:37.953+0000] {logging_mixin.py:190} INFO - [2025-04-11T20:23:37.952+0000] {override.py:1912} INFO - Created Permission View: can delete on DAG:tutorial_dag
[2025-04-11T20:23:38.003+0000] {logging_mixin.py:190} INFO - [2025-04-11T20:23:37.999+0000] {override.py:1912} INFO - Created Permission View: can create on DAG Run:tutorial_dag
[2025-04-11T20:23:38.036+0000] {logging_mixin.py:190} INFO - [2025-04-11T20:23:38.036+0000] {override.py:1912} INFO - Created Permission View: can read on DAG Run:tutorial_dag
[2025-04-11T20:23:38.080+0000] {logging_mixin.py:190} INFO - [2025-04-11T20:23:38.079+0000] {override.py:1912} INFO - Created Permission View: can delete on DAG Run:tutorial_dag
[2025-04-11T20:23:38.114+0000] {logging_mixin.py:190} INFO - [2025-04-11T20:23:38.112+0000] {override.py:1912} INFO - Created Permission View: menu access on DAG Run:tutorial_dag
[2025-04-11T20:23:38.121+0000] {logging_mixin.py:190} INFO - [2025-04-11T20:23:38.120+0000] {dag.py:3239} INFO - Sync 1 DAGs
[2025-04-11T20:23:38.207+0000] {logging_mixin.py:190} INFO - [2025-04-11T20:23:38.207+0000] {dag.py:3262} INFO - Creating ORM DAG for tutorial_dag
[2025-04-11T20:23:38.210+0000] {logging_mixin.py:190} INFO - [2025-04-11T20:23:38.209+0000] {dag.py:4180} INFO - Setting next_dagrun for tutorial_dag to None, run_after=None
[2025-04-11T20:23:38.339+0000] {processor.py:208} INFO - Processing /home/airflow/.local/lib/python3.12/site-packages/airflow/example_dags/tutorial_dag.py took 1.419 seconds
[2025-04-11T20:24:57.245+0000] {processor.py:186} INFO - Started process (PID=184) to work on /home/airflow/.local/lib/python3.12/site-packages/airflow/example_dags/tutorial_dag.py
[2025-04-11T20:24:57.250+0000] {processor.py:914} INFO - Processing file /home/airflow/.local/lib/python3.12/site-packages/airflow/example_dags/tutorial_dag.py for tasks to queue
[2025-04-11T20:24:57.261+0000] {logging_mixin.py:190} INFO - [2025-04-11T20:24:57.261+0000] {dagbag.py:588} INFO - Filling up the DagBag from /home/airflow/.local/lib/python3.12/site-packages/airflow/example_dags/tutorial_dag.py
[2025-04-11T20:24:57.309+0000] {processor.py:925} INFO - DAG(s) 'tutorial_dag' retrieved from /home/airflow/.local/lib/python3.12/site-packages/airflow/example_dags/tutorial_dag.py
[2025-04-11T20:24:57.494+0000] {logging_mixin.py:190} INFO - [2025-04-11T20:24:57.493+0000] {dag.py:3239} INFO - Sync 1 DAGs
[2025-04-11T20:24:57.633+0000] {logging_mixin.py:190} INFO - [2025-04-11T20:24:57.633+0000] {dag.py:4180} INFO - Setting next_dagrun for tutorial_dag to None, run_after=None
[2025-04-11T20:24:57.804+0000] {processor.py:208} INFO - Processing /home/airflow/.local/lib/python3.12/site-packages/airflow/example_dags/tutorial_dag.py took 0.591 seconds
[2025-04-11T20:25:31.739+0000] {processor.py:186} INFO - Started process (PID=248) to work on /home/airflow/.local/lib/python3.12/site-packages/airflow/example_dags/tutorial_dag.py
[2025-04-11T20:25:31.742+0000] {processor.py:914} INFO - Processing file /home/airflow/.local/lib/python3.12/site-packages/airflow/example_dags/tutorial_dag.py for tasks to queue
[2025-04-11T20:25:31.754+0000] {logging_mixin.py:190} INFO - [2025-04-11T20:25:31.754+0000] {dagbag.py:588} INFO - Filling up the DagBag from /home/airflow/.local/lib/python3.12/site-packages/airflow/example_dags/tutorial_dag.py
[2025-04-11T20:25:31.802+0000] {processor.py:925} INFO - DAG(s) 'tutorial_dag' retrieved from /home/airflow/.local/lib/python3.12/site-packages/airflow/example_dags/tutorial_dag.py
[2025-04-11T20:25:31.898+0000] {logging_mixin.py:190} INFO - [2025-04-11T20:25:31.897+0000] {dag.py:3239} INFO - Sync 1 DAGs
[2025-04-11T20:25:31.959+0000] {logging_mixin.py:190} INFO - [2025-04-11T20:25:31.959+0000] {dag.py:4180} INFO - Setting next_dagrun for tutorial_dag to None, run_after=None
[2025-04-11T20:25:32.056+0000] {processor.py:208} INFO - Processing /home/airflow/.local/lib/python3.12/site-packages/airflow/example_dags/tutorial_dag.py took 0.333 seconds
[2025-04-11T20:28:33.671+0000] {processor.py:186} INFO - Started process (PID=91) to work on /home/airflow/.local/lib/python3.12/site-packages/airflow/example_dags/tutorial_dag.py
[2025-04-11T20:28:33.684+0000] {processor.py:914} INFO - Processing file /home/airflow/.local/lib/python3.12/site-packages/airflow/example_dags/tutorial_dag.py for tasks to queue
[2025-04-11T20:28:33.703+0000] {logging_mixin.py:190} INFO - [2025-04-11T20:28:33.703+0000] {dagbag.py:588} INFO - Filling up the DagBag from /home/airflow/.local/lib/python3.12/site-packages/airflow/example_dags/tutorial_dag.py
[2025-04-11T20:28:33.756+0000] {processor.py:925} INFO - DAG(s) 'tutorial_dag' retrieved from /home/airflow/.local/lib/python3.12/site-packages/airflow/example_dags/tutorial_dag.py
[2025-04-11T20:28:33.949+0000] {logging_mixin.py:190} INFO - [2025-04-11T20:28:33.948+0000] {dag.py:3239} INFO - Sync 1 DAGs
[2025-04-11T20:28:34.037+0000] {logging_mixin.py:190} INFO - [2025-04-11T20:28:34.037+0000] {dag.py:4180} INFO - Setting next_dagrun for tutorial_dag to None, run_after=None
[2025-04-11T20:28:34.199+0000] {processor.py:208} INFO - Processing /home/airflow/.local/lib/python3.12/site-packages/airflow/example_dags/tutorial_dag.py took 0.549 seconds
[2025-04-11T20:29:06.478+0000] {processor.py:186} INFO - Started process (PID=154) to work on /home/airflow/.local/lib/python3.12/site-packages/airflow/example_dags/tutorial_dag.py
[2025-04-11T20:29:06.485+0000] {processor.py:914} INFO - Processing file /home/airflow/.local/lib/python3.12/site-packages/airflow/example_dags/tutorial_dag.py for tasks to queue
[2025-04-11T20:29:06.495+0000] {logging_mixin.py:190} INFO - [2025-04-11T20:29:06.494+0000] {dagbag.py:588} INFO - Filling up the DagBag from /home/airflow/.local/lib/python3.12/site-packages/airflow/example_dags/tutorial_dag.py
[2025-04-11T20:29:06.540+0000] {processor.py:925} INFO - DAG(s) 'tutorial_dag' retrieved from /home/airflow/.local/lib/python3.12/site-packages/airflow/example_dags/tutorial_dag.py
[2025-04-11T20:29:06.634+0000] {logging_mixin.py:190} INFO - [2025-04-11T20:29:06.634+0000] {dag.py:3239} INFO - Sync 1 DAGs
[2025-04-11T20:29:06.735+0000] {logging_mixin.py:190} INFO - [2025-04-11T20:29:06.734+0000] {dag.py:4180} INFO - Setting next_dagrun for tutorial_dag to None, run_after=None
[2025-04-11T20:29:06.873+0000] {processor.py:208} INFO - Processing /home/airflow/.local/lib/python3.12/site-packages/airflow/example_dags/tutorial_dag.py took 0.419 seconds
[2025-04-11T20:29:37.878+0000] {processor.py:186} INFO - Started process (PID=217) to work on /home/airflow/.local/lib/python3.12/site-packages/airflow/example_dags/tutorial_dag.py
[2025-04-11T20:29:37.888+0000] {processor.py:914} INFO - Processing file /home/airflow/.local/lib/python3.12/site-packages/airflow/example_dags/tutorial_dag.py for tasks to queue
[2025-04-11T20:29:37.903+0000] {logging_mixin.py:190} INFO - [2025-04-11T20:29:37.902+0000] {dagbag.py:588} INFO - Filling up the DagBag from /home/airflow/.local/lib/python3.12/site-packages/airflow/example_dags/tutorial_dag.py
[2025-04-11T20:29:37.926+0000] {processor.py:925} INFO - DAG(s) 'tutorial_dag' retrieved from /home/airflow/.local/lib/python3.12/site-packages/airflow/example_dags/tutorial_dag.py
[2025-04-11T20:29:37.978+0000] {logging_mixin.py:190} INFO - [2025-04-11T20:29:37.978+0000] {dag.py:3239} INFO - Sync 1 DAGs
[2025-04-11T20:29:38.017+0000] {logging_mixin.py:190} INFO - [2025-04-11T20:29:38.017+0000] {dag.py:4180} INFO - Setting next_dagrun for tutorial_dag to None, run_after=None
[2025-04-11T20:29:38.079+0000] {processor.py:208} INFO - Processing /home/airflow/.local/lib/python3.12/site-packages/airflow/example_dags/tutorial_dag.py took 0.214 seconds
[2025-04-11T20:30:41.860+0000] {processor.py:186} INFO - Started process (PID=279) to work on /home/airflow/.local/lib/python3.12/site-packages/airflow/example_dags/tutorial_dag.py
[2025-04-11T20:30:41.863+0000] {processor.py:914} INFO - Processing file /home/airflow/.local/lib/python3.12/site-packages/airflow/example_dags/tutorial_dag.py for tasks to queue
[2025-04-11T20:30:41.879+0000] {logging_mixin.py:190} INFO - [2025-04-11T20:30:41.879+0000] {dagbag.py:588} INFO - Filling up the DagBag from /home/airflow/.local/lib/python3.12/site-packages/airflow/example_dags/tutorial_dag.py
[2025-04-11T20:30:42.093+0000] {processor.py:925} INFO - DAG(s) 'tutorial_dag' retrieved from /home/airflow/.local/lib/python3.12/site-packages/airflow/example_dags/tutorial_dag.py
[2025-04-11T20:30:42.362+0000] {logging_mixin.py:190} INFO - [2025-04-11T20:30:42.361+0000] {dag.py:3239} INFO - Sync 1 DAGs
[2025-04-11T20:30:43.082+0000] {logging_mixin.py:190} INFO - [2025-04-11T20:30:43.072+0000] {dag.py:4180} INFO - Setting next_dagrun for tutorial_dag to None, run_after=None
[2025-04-11T20:30:43.398+0000] {processor.py:208} INFO - Processing /home/airflow/.local/lib/python3.12/site-packages/airflow/example_dags/tutorial_dag.py took 1.606 seconds
[2025-04-11T20:31:22.743+0000] {processor.py:186} INFO - Started process (PID=343) to work on /home/airflow/.local/lib/python3.12/site-packages/airflow/example_dags/tutorial_dag.py
[2025-04-11T20:31:22.748+0000] {processor.py:914} INFO - Processing file /home/airflow/.local/lib/python3.12/site-packages/airflow/example_dags/tutorial_dag.py for tasks to queue
[2025-04-11T20:31:22.756+0000] {logging_mixin.py:190} INFO - [2025-04-11T20:31:22.753+0000] {dagbag.py:588} INFO - Filling up the DagBag from /home/airflow/.local/lib/python3.12/site-packages/airflow/example_dags/tutorial_dag.py
[2025-04-11T20:31:22.783+0000] {processor.py:925} INFO - DAG(s) 'tutorial_dag' retrieved from /home/airflow/.local/lib/python3.12/site-packages/airflow/example_dags/tutorial_dag.py
[2025-04-11T20:31:22.848+0000] {logging_mixin.py:190} INFO - [2025-04-11T20:31:22.847+0000] {dag.py:3239} INFO - Sync 1 DAGs
[2025-04-11T20:31:22.891+0000] {logging_mixin.py:190} INFO - [2025-04-11T20:31:22.891+0000] {dag.py:4180} INFO - Setting next_dagrun for tutorial_dag to None, run_after=None
[2025-04-11T20:31:22.946+0000] {processor.py:208} INFO - Processing /home/airflow/.local/lib/python3.12/site-packages/airflow/example_dags/tutorial_dag.py took 0.217 seconds
[2025-04-11T20:31:53.226+0000] {processor.py:186} INFO - Started process (PID=407) to work on /home/airflow/.local/lib/python3.12/site-packages/airflow/example_dags/tutorial_dag.py
[2025-04-11T20:31:53.229+0000] {processor.py:914} INFO - Processing file /home/airflow/.local/lib/python3.12/site-packages/airflow/example_dags/tutorial_dag.py for tasks to queue
[2025-04-11T20:31:53.235+0000] {logging_mixin.py:190} INFO - [2025-04-11T20:31:53.234+0000] {dagbag.py:588} INFO - Filling up the DagBag from /home/airflow/.local/lib/python3.12/site-packages/airflow/example_dags/tutorial_dag.py
[2025-04-11T20:31:53.255+0000] {processor.py:925} INFO - DAG(s) 'tutorial_dag' retrieved from /home/airflow/.local/lib/python3.12/site-packages/airflow/example_dags/tutorial_dag.py
[2025-04-11T20:31:53.303+0000] {logging_mixin.py:190} INFO - [2025-04-11T20:31:53.303+0000] {dag.py:3239} INFO - Sync 1 DAGs
[2025-04-11T20:31:53.343+0000] {logging_mixin.py:190} INFO - [2025-04-11T20:31:53.342+0000] {dag.py:4180} INFO - Setting next_dagrun for tutorial_dag to None, run_after=None
[2025-04-11T20:31:53.393+0000] {processor.py:208} INFO - Processing /home/airflow/.local/lib/python3.12/site-packages/airflow/example_dags/tutorial_dag.py took 0.180 seconds
[2025-04-11T20:32:39.769+0000] {processor.py:186} INFO - Started process (PID=480) to work on /home/airflow/.local/lib/python3.12/site-packages/airflow/example_dags/tutorial_dag.py
[2025-04-11T20:32:39.775+0000] {processor.py:914} INFO - Processing file /home/airflow/.local/lib/python3.12/site-packages/airflow/example_dags/tutorial_dag.py for tasks to queue
[2025-04-11T20:32:39.801+0000] {logging_mixin.py:190} INFO - [2025-04-11T20:32:39.799+0000] {dagbag.py:588} INFO - Filling up the DagBag from /home/airflow/.local/lib/python3.12/site-packages/airflow/example_dags/tutorial_dag.py
[2025-04-11T20:32:39.822+0000] {processor.py:925} INFO - DAG(s) 'tutorial_dag' retrieved from /home/airflow/.local/lib/python3.12/site-packages/airflow/example_dags/tutorial_dag.py
[2025-04-11T20:32:39.872+0000] {logging_mixin.py:190} INFO - [2025-04-11T20:32:39.871+0000] {dag.py:3239} INFO - Sync 1 DAGs
[2025-04-11T20:32:39.912+0000] {logging_mixin.py:190} INFO - [2025-04-11T20:32:39.912+0000] {dag.py:4180} INFO - Setting next_dagrun for tutorial_dag to None, run_after=None
[2025-04-11T20:32:39.961+0000] {processor.py:208} INFO - Processing /home/airflow/.local/lib/python3.12/site-packages/airflow/example_dags/tutorial_dag.py took 0.221 seconds
[2025-04-11T20:35:51.590+0000] {processor.py:186} INFO - Started process (PID=94) to work on /home/airflow/.local/lib/python3.12/site-packages/airflow/example_dags/tutorial_dag.py
[2025-04-11T20:35:51.630+0000] {processor.py:914} INFO - Processing file /home/airflow/.local/lib/python3.12/site-packages/airflow/example_dags/tutorial_dag.py for tasks to queue
[2025-04-11T20:35:51.646+0000] {logging_mixin.py:190} INFO - [2025-04-11T20:35:51.645+0000] {dagbag.py:588} INFO - Filling up the DagBag from /home/airflow/.local/lib/python3.12/site-packages/airflow/example_dags/tutorial_dag.py
[2025-04-11T20:35:51.716+0000] {processor.py:925} INFO - DAG(s) 'tutorial_dag' retrieved from /home/airflow/.local/lib/python3.12/site-packages/airflow/example_dags/tutorial_dag.py
[2025-04-11T20:35:51.864+0000] {logging_mixin.py:190} INFO - [2025-04-11T20:35:51.863+0000] {dag.py:3239} INFO - Sync 1 DAGs
[2025-04-11T20:35:51.999+0000] {logging_mixin.py:190} INFO - [2025-04-11T20:35:51.999+0000] {dag.py:4180} INFO - Setting next_dagrun for tutorial_dag to None, run_after=None
[2025-04-11T20:35:52.166+0000] {processor.py:208} INFO - Processing /home/airflow/.local/lib/python3.12/site-packages/airflow/example_dags/tutorial_dag.py took 0.612 seconds
[2025-04-11T20:36:25.509+0000] {processor.py:186} INFO - Started process (PID=158) to work on /home/airflow/.local/lib/python3.12/site-packages/airflow/example_dags/tutorial_dag.py
[2025-04-11T20:36:25.514+0000] {processor.py:914} INFO - Processing file /home/airflow/.local/lib/python3.12/site-packages/airflow/example_dags/tutorial_dag.py for tasks to queue
[2025-04-11T20:36:25.519+0000] {logging_mixin.py:190} INFO - [2025-04-11T20:36:25.518+0000] {dagbag.py:588} INFO - Filling up the DagBag from /home/airflow/.local/lib/python3.12/site-packages/airflow/example_dags/tutorial_dag.py
[2025-04-11T20:36:25.536+0000] {processor.py:925} INFO - DAG(s) 'tutorial_dag' retrieved from /home/airflow/.local/lib/python3.12/site-packages/airflow/example_dags/tutorial_dag.py
[2025-04-11T20:36:25.586+0000] {logging_mixin.py:190} INFO - [2025-04-11T20:36:25.586+0000] {dag.py:3239} INFO - Sync 1 DAGs
[2025-04-11T20:36:25.632+0000] {logging_mixin.py:190} INFO - [2025-04-11T20:36:25.631+0000] {dag.py:4180} INFO - Setting next_dagrun for tutorial_dag to None, run_after=None
[2025-04-11T20:36:25.681+0000] {processor.py:208} INFO - Processing /home/airflow/.local/lib/python3.12/site-packages/airflow/example_dags/tutorial_dag.py took 0.186 seconds
[2025-04-11T20:36:58.898+0000] {processor.py:186} INFO - Started process (PID=222) to work on /home/airflow/.local/lib/python3.12/site-packages/airflow/example_dags/tutorial_dag.py
[2025-04-11T20:36:58.901+0000] {processor.py:914} INFO - Processing file /home/airflow/.local/lib/python3.12/site-packages/airflow/example_dags/tutorial_dag.py for tasks to queue
[2025-04-11T20:36:58.908+0000] {logging_mixin.py:190} INFO - [2025-04-11T20:36:58.907+0000] {dagbag.py:588} INFO - Filling up the DagBag from /home/airflow/.local/lib/python3.12/site-packages/airflow/example_dags/tutorial_dag.py
[2025-04-11T20:36:58.929+0000] {processor.py:925} INFO - DAG(s) 'tutorial_dag' retrieved from /home/airflow/.local/lib/python3.12/site-packages/airflow/example_dags/tutorial_dag.py
[2025-04-11T20:36:58.997+0000] {logging_mixin.py:190} INFO - [2025-04-11T20:36:58.996+0000] {dag.py:3239} INFO - Sync 1 DAGs
[2025-04-11T20:36:59.043+0000] {logging_mixin.py:190} INFO - [2025-04-11T20:36:59.043+0000] {dag.py:4180} INFO - Setting next_dagrun for tutorial_dag to None, run_after=None
[2025-04-11T20:36:59.102+0000] {processor.py:208} INFO - Processing /home/airflow/.local/lib/python3.12/site-packages/airflow/example_dags/tutorial_dag.py took 0.219 seconds
[2025-04-11T20:37:44.215+0000] {processor.py:186} INFO - Started process (PID=291) to work on /home/airflow/.local/lib/python3.12/site-packages/airflow/example_dags/tutorial_dag.py
[2025-04-11T20:37:44.519+0000] {processor.py:914} INFO - Processing file /home/airflow/.local/lib/python3.12/site-packages/airflow/example_dags/tutorial_dag.py for tasks to queue
[2025-04-11T20:37:44.551+0000] {logging_mixin.py:190} INFO - [2025-04-11T20:37:44.550+0000] {dagbag.py:588} INFO - Filling up the DagBag from /home/airflow/.local/lib/python3.12/site-packages/airflow/example_dags/tutorial_dag.py
[2025-04-11T20:37:44.858+0000] {processor.py:925} INFO - DAG(s) 'tutorial_dag' retrieved from /home/airflow/.local/lib/python3.12/site-packages/airflow/example_dags/tutorial_dag.py
[2025-04-11T20:37:45.306+0000] {logging_mixin.py:190} INFO - [2025-04-11T20:37:45.305+0000] {dag.py:3239} INFO - Sync 1 DAGs
[2025-04-11T20:37:46.922+0000] {logging_mixin.py:190} INFO - [2025-04-11T20:37:46.921+0000] {dag.py:4180} INFO - Setting next_dagrun for tutorial_dag to None, run_after=None
[2025-04-11T20:37:47.581+0000] {processor.py:208} INFO - Processing /home/airflow/.local/lib/python3.12/site-packages/airflow/example_dags/tutorial_dag.py took 3.459 seconds
[2025-04-11T20:38:39.673+0000] {processor.py:186} INFO - Started process (PID=369) to work on /home/airflow/.local/lib/python3.12/site-packages/airflow/example_dags/tutorial_dag.py
[2025-04-11T20:38:39.675+0000] {processor.py:914} INFO - Processing file /home/airflow/.local/lib/python3.12/site-packages/airflow/example_dags/tutorial_dag.py for tasks to queue
[2025-04-11T20:38:39.682+0000] {logging_mixin.py:190} INFO - [2025-04-11T20:38:39.681+0000] {dagbag.py:588} INFO - Filling up the DagBag from /home/airflow/.local/lib/python3.12/site-packages/airflow/example_dags/tutorial_dag.py
[2025-04-11T20:38:39.705+0000] {processor.py:925} INFO - DAG(s) 'tutorial_dag' retrieved from /home/airflow/.local/lib/python3.12/site-packages/airflow/example_dags/tutorial_dag.py
[2025-04-11T20:38:39.888+0000] {logging_mixin.py:190} INFO - [2025-04-11T20:38:39.887+0000] {dag.py:3239} INFO - Sync 1 DAGs
[2025-04-11T20:38:40.037+0000] {logging_mixin.py:190} INFO - [2025-04-11T20:38:40.036+0000] {dag.py:4180} INFO - Setting next_dagrun for tutorial_dag to None, run_after=None
[2025-04-11T20:38:40.124+0000] {processor.py:208} INFO - Processing /home/airflow/.local/lib/python3.12/site-packages/airflow/example_dags/tutorial_dag.py took 0.471 seconds
[2025-04-11T20:39:58.341+0000] {processor.py:186} INFO - Started process (PID=444) to work on /home/airflow/.local/lib/python3.12/site-packages/airflow/example_dags/tutorial_dag.py
[2025-04-11T20:39:58.371+0000] {processor.py:914} INFO - Processing file /home/airflow/.local/lib/python3.12/site-packages/airflow/example_dags/tutorial_dag.py for tasks to queue
[2025-04-11T20:39:58.397+0000] {logging_mixin.py:190} INFO - [2025-04-11T20:39:58.396+0000] {dagbag.py:588} INFO - Filling up the DagBag from /home/airflow/.local/lib/python3.12/site-packages/airflow/example_dags/tutorial_dag.py
[2025-04-11T20:39:58.603+0000] {processor.py:925} INFO - DAG(s) 'tutorial_dag' retrieved from /home/airflow/.local/lib/python3.12/site-packages/airflow/example_dags/tutorial_dag.py
[2025-04-11T20:39:58.758+0000] {logging_mixin.py:190} INFO - [2025-04-11T20:39:58.751+0000] {dag.py:3239} INFO - Sync 1 DAGs
[2025-04-11T20:39:58.859+0000] {logging_mixin.py:190} INFO - [2025-04-11T20:39:58.859+0000] {dag.py:4180} INFO - Setting next_dagrun for tutorial_dag to None, run_after=None
[2025-04-11T20:39:58.963+0000] {processor.py:208} INFO - Processing /home/airflow/.local/lib/python3.12/site-packages/airflow/example_dags/tutorial_dag.py took 0.669 seconds
[2025-04-11T20:40:37.164+0000] {processor.py:186} INFO - Started process (PID=507) to work on /home/airflow/.local/lib/python3.12/site-packages/airflow/example_dags/tutorial_dag.py
[2025-04-11T20:40:37.172+0000] {processor.py:914} INFO - Processing file /home/airflow/.local/lib/python3.12/site-packages/airflow/example_dags/tutorial_dag.py for tasks to queue
[2025-04-11T20:40:37.185+0000] {logging_mixin.py:190} INFO - [2025-04-11T20:40:37.184+0000] {dagbag.py:588} INFO - Filling up the DagBag from /home/airflow/.local/lib/python3.12/site-packages/airflow/example_dags/tutorial_dag.py
[2025-04-11T20:40:37.272+0000] {processor.py:925} INFO - DAG(s) 'tutorial_dag' retrieved from /home/airflow/.local/lib/python3.12/site-packages/airflow/example_dags/tutorial_dag.py
[2025-04-11T20:40:37.481+0000] {logging_mixin.py:190} INFO - [2025-04-11T20:40:37.475+0000] {dag.py:3239} INFO - Sync 1 DAGs
[2025-04-11T20:40:37.546+0000] {logging_mixin.py:190} INFO - [2025-04-11T20:40:37.546+0000] {dag.py:4180} INFO - Setting next_dagrun for tutorial_dag to None, run_after=None
[2025-04-11T20:40:37.653+0000] {processor.py:208} INFO - Processing /home/airflow/.local/lib/python3.12/site-packages/airflow/example_dags/tutorial_dag.py took 0.565 seconds
[2025-04-11T20:41:13.976+0000] {processor.py:186} INFO - Started process (PID=577) to work on /home/airflow/.local/lib/python3.12/site-packages/airflow/example_dags/tutorial_dag.py
[2025-04-11T20:41:13.978+0000] {processor.py:914} INFO - Processing file /home/airflow/.local/lib/python3.12/site-packages/airflow/example_dags/tutorial_dag.py for tasks to queue
[2025-04-11T20:41:13.984+0000] {logging_mixin.py:190} INFO - [2025-04-11T20:41:13.983+0000] {dagbag.py:588} INFO - Filling up the DagBag from /home/airflow/.local/lib/python3.12/site-packages/airflow/example_dags/tutorial_dag.py
[2025-04-11T20:41:14.004+0000] {processor.py:925} INFO - DAG(s) 'tutorial_dag' retrieved from /home/airflow/.local/lib/python3.12/site-packages/airflow/example_dags/tutorial_dag.py
[2025-04-11T20:41:14.055+0000] {logging_mixin.py:190} INFO - [2025-04-11T20:41:14.054+0000] {dag.py:3239} INFO - Sync 1 DAGs
[2025-04-11T20:41:14.103+0000] {logging_mixin.py:190} INFO - [2025-04-11T20:41:14.103+0000] {dag.py:4180} INFO - Setting next_dagrun for tutorial_dag to None, run_after=None
[2025-04-11T20:41:14.155+0000] {processor.py:208} INFO - Processing /home/airflow/.local/lib/python3.12/site-packages/airflow/example_dags/tutorial_dag.py took 0.198 seconds
[2025-04-11T20:41:49.509+0000] {processor.py:186} INFO - Started process (PID=641) to work on /home/airflow/.local/lib/python3.12/site-packages/airflow/example_dags/tutorial_dag.py
[2025-04-11T20:41:49.681+0000] {processor.py:914} INFO - Processing file /home/airflow/.local/lib/python3.12/site-packages/airflow/example_dags/tutorial_dag.py for tasks to queue
[2025-04-11T20:41:49.828+0000] {logging_mixin.py:190} INFO - [2025-04-11T20:41:49.826+0000] {dagbag.py:588} INFO - Filling up the DagBag from /home/airflow/.local/lib/python3.12/site-packages/airflow/example_dags/tutorial_dag.py
[2025-04-11T20:41:50.213+0000] {processor.py:925} INFO - DAG(s) 'tutorial_dag' retrieved from /home/airflow/.local/lib/python3.12/site-packages/airflow/example_dags/tutorial_dag.py
[2025-04-11T20:41:50.759+0000] {logging_mixin.py:190} INFO - [2025-04-11T20:41:50.757+0000] {dag.py:3239} INFO - Sync 1 DAGs
[2025-04-11T20:41:51.005+0000] {logging_mixin.py:190} INFO - [2025-04-11T20:41:51.003+0000] {dag.py:4180} INFO - Setting next_dagrun for tutorial_dag to None, run_after=None
[2025-04-11T20:41:51.400+0000] {processor.py:208} INFO - Processing /home/airflow/.local/lib/python3.12/site-packages/airflow/example_dags/tutorial_dag.py took 2.050 seconds
[2025-04-11T20:43:54.717+0000] {processor.py:186} INFO - Started process (PID=736) to work on /home/airflow/.local/lib/python3.12/site-packages/airflow/example_dags/tutorial_dag.py
[2025-04-11T20:43:54.726+0000] {processor.py:914} INFO - Processing file /home/airflow/.local/lib/python3.12/site-packages/airflow/example_dags/tutorial_dag.py for tasks to queue
[2025-04-11T20:43:54.731+0000] {logging_mixin.py:190} INFO - [2025-04-11T20:43:54.730+0000] {dagbag.py:588} INFO - Filling up the DagBag from /home/airflow/.local/lib/python3.12/site-packages/airflow/example_dags/tutorial_dag.py
[2025-04-11T20:43:54.764+0000] {processor.py:925} INFO - DAG(s) 'tutorial_dag' retrieved from /home/airflow/.local/lib/python3.12/site-packages/airflow/example_dags/tutorial_dag.py
[2025-04-11T20:43:54.935+0000] {logging_mixin.py:190} INFO - [2025-04-11T20:43:54.934+0000] {dag.py:3239} INFO - Sync 1 DAGs
[2025-04-11T20:43:55.107+0000] {logging_mixin.py:190} INFO - [2025-04-11T20:43:55.098+0000] {dag.py:4180} INFO - Setting next_dagrun for tutorial_dag to None, run_after=None
[2025-04-11T20:43:55.294+0000] {processor.py:208} INFO - Processing /home/airflow/.local/lib/python3.12/site-packages/airflow/example_dags/tutorial_dag.py took 0.620 seconds
[2025-04-11T20:44:34.153+0000] {processor.py:186} INFO - Started process (PID=791) to work on /home/airflow/.local/lib/python3.12/site-packages/airflow/example_dags/tutorial_dag.py
[2025-04-11T20:44:34.160+0000] {processor.py:914} INFO - Processing file /home/airflow/.local/lib/python3.12/site-packages/airflow/example_dags/tutorial_dag.py for tasks to queue
[2025-04-11T20:44:34.169+0000] {logging_mixin.py:190} INFO - [2025-04-11T20:44:34.168+0000] {dagbag.py:588} INFO - Filling up the DagBag from /home/airflow/.local/lib/python3.12/site-packages/airflow/example_dags/tutorial_dag.py
[2025-04-11T20:44:34.223+0000] {processor.py:925} INFO - DAG(s) 'tutorial_dag' retrieved from /home/airflow/.local/lib/python3.12/site-packages/airflow/example_dags/tutorial_dag.py
[2025-04-11T20:44:34.356+0000] {logging_mixin.py:190} INFO - [2025-04-11T20:44:34.356+0000] {dag.py:3239} INFO - Sync 1 DAGs
[2025-04-11T20:44:34.522+0000] {logging_mixin.py:190} INFO - [2025-04-11T20:44:34.521+0000] {dag.py:4180} INFO - Setting next_dagrun for tutorial_dag to None, run_after=None
[2025-04-11T20:44:34.676+0000] {processor.py:208} INFO - Processing /home/airflow/.local/lib/python3.12/site-packages/airflow/example_dags/tutorial_dag.py took 0.557 seconds
[2025-04-11T20:45:05.719+0000] {processor.py:186} INFO - Started process (PID=855) to work on /home/airflow/.local/lib/python3.12/site-packages/airflow/example_dags/tutorial_dag.py
[2025-04-11T20:45:05.722+0000] {processor.py:914} INFO - Processing file /home/airflow/.local/lib/python3.12/site-packages/airflow/example_dags/tutorial_dag.py for tasks to queue
[2025-04-11T20:45:05.727+0000] {logging_mixin.py:190} INFO - [2025-04-11T20:45:05.726+0000] {dagbag.py:588} INFO - Filling up the DagBag from /home/airflow/.local/lib/python3.12/site-packages/airflow/example_dags/tutorial_dag.py
[2025-04-11T20:45:05.749+0000] {processor.py:925} INFO - DAG(s) 'tutorial_dag' retrieved from /home/airflow/.local/lib/python3.12/site-packages/airflow/example_dags/tutorial_dag.py
[2025-04-11T20:45:05.805+0000] {logging_mixin.py:190} INFO - [2025-04-11T20:45:05.805+0000] {dag.py:3239} INFO - Sync 1 DAGs
[2025-04-11T20:45:05.843+0000] {logging_mixin.py:190} INFO - [2025-04-11T20:45:05.842+0000] {dag.py:4180} INFO - Setting next_dagrun for tutorial_dag to None, run_after=None
[2025-04-11T20:45:05.901+0000] {processor.py:208} INFO - Processing /home/airflow/.local/lib/python3.12/site-packages/airflow/example_dags/tutorial_dag.py took 0.197 seconds
[2025-04-11T20:45:36.027+0000] {processor.py:186} INFO - Started process (PID=918) to work on /home/airflow/.local/lib/python3.12/site-packages/airflow/example_dags/tutorial_dag.py
[2025-04-11T20:45:36.032+0000] {processor.py:914} INFO - Processing file /home/airflow/.local/lib/python3.12/site-packages/airflow/example_dags/tutorial_dag.py for tasks to queue
[2025-04-11T20:45:36.038+0000] {logging_mixin.py:190} INFO - [2025-04-11T20:45:36.037+0000] {dagbag.py:588} INFO - Filling up the DagBag from /home/airflow/.local/lib/python3.12/site-packages/airflow/example_dags/tutorial_dag.py
[2025-04-11T20:45:36.057+0000] {processor.py:925} INFO - DAG(s) 'tutorial_dag' retrieved from /home/airflow/.local/lib/python3.12/site-packages/airflow/example_dags/tutorial_dag.py
[2025-04-11T20:45:36.116+0000] {logging_mixin.py:190} INFO - [2025-04-11T20:45:36.115+0000] {dag.py:3239} INFO - Sync 1 DAGs
[2025-04-11T20:45:36.157+0000] {logging_mixin.py:190} INFO - [2025-04-11T20:45:36.157+0000] {dag.py:4180} INFO - Setting next_dagrun for tutorial_dag to None, run_after=None
[2025-04-11T20:45:36.215+0000] {processor.py:208} INFO - Processing /home/airflow/.local/lib/python3.12/site-packages/airflow/example_dags/tutorial_dag.py took 0.199 seconds
[2025-04-11T20:46:54.372+0000] {processor.py:186} INFO - Started process (PID=983) to work on /home/airflow/.local/lib/python3.12/site-packages/airflow/example_dags/tutorial_dag.py
[2025-04-11T20:46:54.387+0000] {processor.py:914} INFO - Processing file /home/airflow/.local/lib/python3.12/site-packages/airflow/example_dags/tutorial_dag.py for tasks to queue
[2025-04-11T20:46:54.450+0000] {logging_mixin.py:190} INFO - [2025-04-11T20:46:54.449+0000] {dagbag.py:588} INFO - Filling up the DagBag from /home/airflow/.local/lib/python3.12/site-packages/airflow/example_dags/tutorial_dag.py
[2025-04-11T20:46:54.547+0000] {processor.py:925} INFO - DAG(s) 'tutorial_dag' retrieved from /home/airflow/.local/lib/python3.12/site-packages/airflow/example_dags/tutorial_dag.py
[2025-04-11T20:46:55.045+0000] {logging_mixin.py:190} INFO - [2025-04-11T20:46:55.044+0000] {dag.py:3239} INFO - Sync 1 DAGs
[2025-04-11T20:46:55.328+0000] {logging_mixin.py:190} INFO - [2025-04-11T20:46:55.325+0000] {dag.py:4180} INFO - Setting next_dagrun for tutorial_dag to None, run_after=None
[2025-04-11T20:46:55.689+0000] {processor.py:208} INFO - Processing /home/airflow/.local/lib/python3.12/site-packages/airflow/example_dags/tutorial_dag.py took 1.441 seconds
[2025-04-11T20:47:59.077+0000] {processor.py:186} INFO - Started process (PID=1043) to work on /home/airflow/.local/lib/python3.12/site-packages/airflow/example_dags/tutorial_dag.py
[2025-04-11T20:47:59.110+0000] {processor.py:914} INFO - Processing file /home/airflow/.local/lib/python3.12/site-packages/airflow/example_dags/tutorial_dag.py for tasks to queue
[2025-04-11T20:47:59.157+0000] {logging_mixin.py:190} INFO - [2025-04-11T20:47:59.152+0000] {dagbag.py:588} INFO - Filling up the DagBag from /home/airflow/.local/lib/python3.12/site-packages/airflow/example_dags/tutorial_dag.py
[2025-04-11T20:47:59.675+0000] {processor.py:925} INFO - DAG(s) 'tutorial_dag' retrieved from /home/airflow/.local/lib/python3.12/site-packages/airflow/example_dags/tutorial_dag.py
[2025-04-11T20:48:01.619+0000] {logging_mixin.py:190} INFO - [2025-04-11T20:48:01.618+0000] {dag.py:3239} INFO - Sync 1 DAGs
[2025-04-11T20:48:02.024+0000] {logging_mixin.py:190} INFO - [2025-04-11T20:48:02.024+0000] {dag.py:4180} INFO - Setting next_dagrun for tutorial_dag to None, run_after=None
[2025-04-11T20:48:03.205+0000] {processor.py:208} INFO - Processing /home/airflow/.local/lib/python3.12/site-packages/airflow/example_dags/tutorial_dag.py took 4.213 seconds
[2025-04-11T20:49:43.117+0000] {processor.py:186} INFO - Started process (PID=1092) to work on /home/airflow/.local/lib/python3.12/site-packages/airflow/example_dags/tutorial_dag.py
[2025-04-11T20:49:43.124+0000] {processor.py:914} INFO - Processing file /home/airflow/.local/lib/python3.12/site-packages/airflow/example_dags/tutorial_dag.py for tasks to queue
[2025-04-11T20:49:43.158+0000] {logging_mixin.py:190} INFO - [2025-04-11T20:49:43.153+0000] {dagbag.py:588} INFO - Filling up the DagBag from /home/airflow/.local/lib/python3.12/site-packages/airflow/example_dags/tutorial_dag.py
[2025-04-11T20:49:43.187+0000] {processor.py:925} INFO - DAG(s) 'tutorial_dag' retrieved from /home/airflow/.local/lib/python3.12/site-packages/airflow/example_dags/tutorial_dag.py
[2025-04-11T20:49:43.316+0000] {logging_mixin.py:190} INFO - [2025-04-11T20:49:43.315+0000] {dag.py:3239} INFO - Sync 1 DAGs
[2025-04-11T20:49:43.420+0000] {logging_mixin.py:190} INFO - [2025-04-11T20:49:43.420+0000] {dag.py:4180} INFO - Setting next_dagrun for tutorial_dag to None, run_after=None
[2025-04-11T20:49:43.746+0000] {processor.py:208} INFO - Processing /home/airflow/.local/lib/python3.12/site-packages/airflow/example_dags/tutorial_dag.py took 0.672 seconds
[2025-04-11T20:50:21.723+0000] {processor.py:186} INFO - Started process (PID=1156) to work on /home/airflow/.local/lib/python3.12/site-packages/airflow/example_dags/tutorial_dag.py
[2025-04-11T20:50:21.734+0000] {processor.py:914} INFO - Processing file /home/airflow/.local/lib/python3.12/site-packages/airflow/example_dags/tutorial_dag.py for tasks to queue
[2025-04-11T20:50:21.785+0000] {logging_mixin.py:190} INFO - [2025-04-11T20:50:21.784+0000] {dagbag.py:588} INFO - Filling up the DagBag from /home/airflow/.local/lib/python3.12/site-packages/airflow/example_dags/tutorial_dag.py
[2025-04-11T20:50:21.854+0000] {processor.py:925} INFO - DAG(s) 'tutorial_dag' retrieved from /home/airflow/.local/lib/python3.12/site-packages/airflow/example_dags/tutorial_dag.py
[2025-04-11T20:50:22.184+0000] {logging_mixin.py:190} INFO - [2025-04-11T20:50:22.183+0000] {dag.py:3239} INFO - Sync 1 DAGs
[2025-04-11T20:50:22.279+0000] {logging_mixin.py:190} INFO - [2025-04-11T20:50:22.279+0000] {dag.py:4180} INFO - Setting next_dagrun for tutorial_dag to None, run_after=None
[2025-04-11T20:50:22.397+0000] {processor.py:208} INFO - Processing /home/airflow/.local/lib/python3.12/site-packages/airflow/example_dags/tutorial_dag.py took 0.744 seconds
[2025-04-11T20:51:18.062+0000] {processor.py:186} INFO - Started process (PID=1219) to work on /home/airflow/.local/lib/python3.12/site-packages/airflow/example_dags/tutorial_dag.py
[2025-04-11T20:51:18.513+0000] {processor.py:914} INFO - Processing file /home/airflow/.local/lib/python3.12/site-packages/airflow/example_dags/tutorial_dag.py for tasks to queue
[2025-04-11T20:51:20.570+0000] {logging_mixin.py:190} INFO - [2025-04-11T20:51:20.552+0000] {dagbag.py:588} INFO - Filling up the DagBag from /home/airflow/.local/lib/python3.12/site-packages/airflow/example_dags/tutorial_dag.py
[2025-04-11T20:51:20.737+0000] {processor.py:925} INFO - DAG(s) 'tutorial_dag' retrieved from /home/airflow/.local/lib/python3.12/site-packages/airflow/example_dags/tutorial_dag.py
[2025-04-11T20:51:21.288+0000] {logging_mixin.py:190} INFO - [2025-04-11T20:51:21.287+0000] {dag.py:3239} INFO - Sync 1 DAGs
[2025-04-11T20:51:21.421+0000] {logging_mixin.py:190} INFO - [2025-04-11T20:51:21.421+0000] {dag.py:4180} INFO - Setting next_dagrun for tutorial_dag to None, run_after=None
[2025-04-11T20:51:21.534+0000] {processor.py:208} INFO - Processing /home/airflow/.local/lib/python3.12/site-packages/airflow/example_dags/tutorial_dag.py took 3.512 seconds
[2025-04-11T20:52:17.360+0000] {processor.py:186} INFO - Started process (PID=1280) to work on /home/airflow/.local/lib/python3.12/site-packages/airflow/example_dags/tutorial_dag.py
[2025-04-11T20:52:17.364+0000] {processor.py:914} INFO - Processing file /home/airflow/.local/lib/python3.12/site-packages/airflow/example_dags/tutorial_dag.py for tasks to queue
[2025-04-11T20:52:17.374+0000] {logging_mixin.py:190} INFO - [2025-04-11T20:52:17.373+0000] {dagbag.py:588} INFO - Filling up the DagBag from /home/airflow/.local/lib/python3.12/site-packages/airflow/example_dags/tutorial_dag.py
[2025-04-11T20:52:17.409+0000] {processor.py:925} INFO - DAG(s) 'tutorial_dag' retrieved from /home/airflow/.local/lib/python3.12/site-packages/airflow/example_dags/tutorial_dag.py
[2025-04-11T20:52:17.494+0000] {logging_mixin.py:190} INFO - [2025-04-11T20:52:17.493+0000] {dag.py:3239} INFO - Sync 1 DAGs
[2025-04-11T20:52:17.556+0000] {logging_mixin.py:190} INFO - [2025-04-11T20:52:17.555+0000] {dag.py:4180} INFO - Setting next_dagrun for tutorial_dag to None, run_after=None
[2025-04-11T20:52:17.625+0000] {processor.py:208} INFO - Processing /home/airflow/.local/lib/python3.12/site-packages/airflow/example_dags/tutorial_dag.py took 0.283 seconds
[2025-04-11T20:52:48.573+0000] {processor.py:186} INFO - Started process (PID=1344) to work on /home/airflow/.local/lib/python3.12/site-packages/airflow/example_dags/tutorial_dag.py
[2025-04-11T20:52:48.576+0000] {processor.py:914} INFO - Processing file /home/airflow/.local/lib/python3.12/site-packages/airflow/example_dags/tutorial_dag.py for tasks to queue
[2025-04-11T20:52:48.582+0000] {logging_mixin.py:190} INFO - [2025-04-11T20:52:48.581+0000] {dagbag.py:588} INFO - Filling up the DagBag from /home/airflow/.local/lib/python3.12/site-packages/airflow/example_dags/tutorial_dag.py
[2025-04-11T20:52:48.612+0000] {processor.py:925} INFO - DAG(s) 'tutorial_dag' retrieved from /home/airflow/.local/lib/python3.12/site-packages/airflow/example_dags/tutorial_dag.py
[2025-04-11T20:52:48.686+0000] {logging_mixin.py:190} INFO - [2025-04-11T20:52:48.685+0000] {dag.py:3239} INFO - Sync 1 DAGs
[2025-04-11T20:52:48.741+0000] {logging_mixin.py:190} INFO - [2025-04-11T20:52:48.740+0000] {dag.py:4180} INFO - Setting next_dagrun for tutorial_dag to None, run_after=None
[2025-04-11T20:52:48.788+0000] {processor.py:208} INFO - Processing /home/airflow/.local/lib/python3.12/site-packages/airflow/example_dags/tutorial_dag.py took 0.228 seconds
