[2025-04-11T19:46:30.204+0000] {processor.py:186} INFO - Started process (PID=136) to work on /home/airflow/.local/lib/python3.12/site-packages/airflow/example_dags/tutorial_taskflow_api_virtualenv.py
[2025-04-11T19:46:30.207+0000] {processor.py:914} INFO - Processing file /home/airflow/.local/lib/python3.12/site-packages/airflow/example_dags/tutorial_taskflow_api_virtualenv.py for tasks to queue
[2025-04-11T19:46:30.216+0000] {logging_mixin.py:190} INFO - [2025-04-11T19:46:30.214+0000] {dagbag.py:588} INFO - Filling up the DagBag from /home/airflow/.local/lib/python3.12/site-packages/airflow/example_dags/tutorial_taskflow_api_virtualenv.py
[2025-04-11T19:46:30.291+0000] {processor.py:925} INFO - DAG(s) 'tutorial_taskflow_api_virtualenv' retrieved from /home/airflow/.local/lib/python3.12/site-packages/airflow/example_dags/tutorial_taskflow_api_virtualenv.py
[2025-04-11T19:46:30.644+0000] {logging_mixin.py:190} INFO - [2025-04-11T19:46:30.643+0000] {override.py:1912} INFO - Created Permission View: can delete on DAG:tutorial_taskflow_api_virtualenv
[2025-04-11T19:46:30.674+0000] {logging_mixin.py:190} INFO - [2025-04-11T19:46:30.674+0000] {override.py:1912} INFO - Created Permission View: can read on DAG:tutorial_taskflow_api_virtualenv
[2025-04-11T19:46:30.694+0000] {logging_mixin.py:190} INFO - [2025-04-11T19:46:30.693+0000] {override.py:1912} INFO - Created Permission View: can edit on DAG:tutorial_taskflow_api_virtualenv
[2025-04-11T19:46:30.717+0000] {logging_mixin.py:190} INFO - [2025-04-11T19:46:30.717+0000] {override.py:1912} INFO - Created Permission View: can create on DAG Run:tutorial_taskflow_api_virtualenv
[2025-04-11T19:46:30.749+0000] {logging_mixin.py:190} INFO - [2025-04-11T19:46:30.748+0000] {override.py:1912} INFO - Created Permission View: can read on DAG Run:tutorial_taskflow_api_virtualenv
[2025-04-11T19:46:30.768+0000] {logging_mixin.py:190} INFO - [2025-04-11T19:46:30.767+0000] {override.py:1912} INFO - Created Permission View: can delete on DAG Run:tutorial_taskflow_api_virtualenv
[2025-04-11T19:46:30.787+0000] {logging_mixin.py:190} INFO - [2025-04-11T19:46:30.786+0000] {override.py:1912} INFO - Created Permission View: menu access on DAG Run:tutorial_taskflow_api_virtualenv
[2025-04-11T19:46:30.788+0000] {logging_mixin.py:190} INFO - [2025-04-11T19:46:30.788+0000] {dag.py:3239} INFO - Sync 1 DAGs
[2025-04-11T19:46:30.821+0000] {logging_mixin.py:190} INFO - [2025-04-11T19:46:30.821+0000] {dag.py:3262} INFO - Creating ORM DAG for tutorial_taskflow_api_virtualenv
[2025-04-11T19:46:30.823+0000] {logging_mixin.py:190} INFO - [2025-04-11T19:46:30.823+0000] {dag.py:4180} INFO - Setting next_dagrun for tutorial_taskflow_api_virtualenv to None, run_after=None
[2025-04-11T19:46:30.879+0000] {processor.py:208} INFO - Processing /home/airflow/.local/lib/python3.12/site-packages/airflow/example_dags/tutorial_taskflow_api_virtualenv.py took 0.709 seconds
[2025-04-11T19:47:01.638+0000] {processor.py:186} INFO - Started process (PID=200) to work on /home/airflow/.local/lib/python3.12/site-packages/airflow/example_dags/tutorial_taskflow_api_virtualenv.py
[2025-04-11T19:47:01.643+0000] {processor.py:914} INFO - Processing file /home/airflow/.local/lib/python3.12/site-packages/airflow/example_dags/tutorial_taskflow_api_virtualenv.py for tasks to queue
[2025-04-11T19:47:01.647+0000] {logging_mixin.py:190} INFO - [2025-04-11T19:47:01.647+0000] {dagbag.py:588} INFO - Filling up the DagBag from /home/airflow/.local/lib/python3.12/site-packages/airflow/example_dags/tutorial_taskflow_api_virtualenv.py
[2025-04-11T19:47:01.675+0000] {processor.py:925} INFO - DAG(s) 'tutorial_taskflow_api_virtualenv' retrieved from /home/airflow/.local/lib/python3.12/site-packages/airflow/example_dags/tutorial_taskflow_api_virtualenv.py
[2025-04-11T19:47:01.727+0000] {logging_mixin.py:190} INFO - [2025-04-11T19:47:01.726+0000] {dag.py:3239} INFO - Sync 1 DAGs
[2025-04-11T19:47:01.770+0000] {logging_mixin.py:190} INFO - [2025-04-11T19:47:01.770+0000] {dag.py:4180} INFO - Setting next_dagrun for tutorial_taskflow_api_virtualenv to None, run_after=None
[2025-04-11T19:47:01.842+0000] {processor.py:208} INFO - Processing /home/airflow/.local/lib/python3.12/site-packages/airflow/example_dags/tutorial_taskflow_api_virtualenv.py took 0.221 seconds
[2025-04-11T19:48:17.086+0000] {processor.py:186} INFO - Started process (PID=269) to work on /home/airflow/.local/lib/python3.12/site-packages/airflow/example_dags/tutorial_taskflow_api_virtualenv.py
[2025-04-11T19:48:17.098+0000] {processor.py:914} INFO - Processing file /home/airflow/.local/lib/python3.12/site-packages/airflow/example_dags/tutorial_taskflow_api_virtualenv.py for tasks to queue
[2025-04-11T19:48:17.116+0000] {logging_mixin.py:190} INFO - [2025-04-11T19:48:17.110+0000] {dagbag.py:588} INFO - Filling up the DagBag from /home/airflow/.local/lib/python3.12/site-packages/airflow/example_dags/tutorial_taskflow_api_virtualenv.py
[2025-04-11T19:48:17.223+0000] {processor.py:925} INFO - DAG(s) 'tutorial_taskflow_api_virtualenv' retrieved from /home/airflow/.local/lib/python3.12/site-packages/airflow/example_dags/tutorial_taskflow_api_virtualenv.py
[2025-04-11T19:48:17.418+0000] {logging_mixin.py:190} INFO - [2025-04-11T19:48:17.418+0000] {dag.py:3239} INFO - Sync 1 DAGs
[2025-04-11T19:48:17.650+0000] {logging_mixin.py:190} INFO - [2025-04-11T19:48:17.645+0000] {dag.py:4180} INFO - Setting next_dagrun for tutorial_taskflow_api_virtualenv to None, run_after=None
[2025-04-11T19:48:17.769+0000] {processor.py:208} INFO - Processing /home/airflow/.local/lib/python3.12/site-packages/airflow/example_dags/tutorial_taskflow_api_virtualenv.py took 0.721 seconds
[2025-04-11T19:53:36.114+0000] {processor.py:186} INFO - Started process (PID=120) to work on /home/airflow/.local/lib/python3.12/site-packages/airflow/example_dags/tutorial_taskflow_api_virtualenv.py
[2025-04-11T19:53:36.118+0000] {processor.py:914} INFO - Processing file /home/airflow/.local/lib/python3.12/site-packages/airflow/example_dags/tutorial_taskflow_api_virtualenv.py for tasks to queue
[2025-04-11T19:53:36.134+0000] {logging_mixin.py:190} INFO - [2025-04-11T19:53:36.130+0000] {dagbag.py:588} INFO - Filling up the DagBag from /home/airflow/.local/lib/python3.12/site-packages/airflow/example_dags/tutorial_taskflow_api_virtualenv.py
[2025-04-11T19:53:36.189+0000] {processor.py:925} INFO - DAG(s) 'tutorial_taskflow_api_virtualenv' retrieved from /home/airflow/.local/lib/python3.12/site-packages/airflow/example_dags/tutorial_taskflow_api_virtualenv.py
[2025-04-11T19:53:36.588+0000] {logging_mixin.py:190} INFO - [2025-04-11T19:53:36.588+0000] {dag.py:3239} INFO - Sync 1 DAGs
[2025-04-11T19:53:36.652+0000] {logging_mixin.py:190} INFO - [2025-04-11T19:53:36.652+0000] {dag.py:4180} INFO - Setting next_dagrun for tutorial_taskflow_api_virtualenv to None, run_after=None
[2025-04-11T19:53:36.930+0000] {processor.py:208} INFO - Processing /home/airflow/.local/lib/python3.12/site-packages/airflow/example_dags/tutorial_taskflow_api_virtualenv.py took 0.840 seconds
[2025-04-11T19:54:32.255+0000] {processor.py:186} INFO - Started process (PID=190) to work on /home/airflow/.local/lib/python3.12/site-packages/airflow/example_dags/tutorial_taskflow_api_virtualenv.py
[2025-04-11T19:54:32.266+0000] {processor.py:914} INFO - Processing file /home/airflow/.local/lib/python3.12/site-packages/airflow/example_dags/tutorial_taskflow_api_virtualenv.py for tasks to queue
[2025-04-11T19:54:32.275+0000] {logging_mixin.py:190} INFO - [2025-04-11T19:54:32.274+0000] {dagbag.py:588} INFO - Filling up the DagBag from /home/airflow/.local/lib/python3.12/site-packages/airflow/example_dags/tutorial_taskflow_api_virtualenv.py
[2025-04-11T19:54:32.368+0000] {processor.py:925} INFO - DAG(s) 'tutorial_taskflow_api_virtualenv' retrieved from /home/airflow/.local/lib/python3.12/site-packages/airflow/example_dags/tutorial_taskflow_api_virtualenv.py
[2025-04-11T19:54:32.470+0000] {logging_mixin.py:190} INFO - [2025-04-11T19:54:32.469+0000] {dag.py:3239} INFO - Sync 1 DAGs
[2025-04-11T19:54:32.552+0000] {logging_mixin.py:190} INFO - [2025-04-11T19:54:32.550+0000] {dag.py:4180} INFO - Setting next_dagrun for tutorial_taskflow_api_virtualenv to None, run_after=None
[2025-04-11T19:54:32.683+0000] {processor.py:208} INFO - Processing /home/airflow/.local/lib/python3.12/site-packages/airflow/example_dags/tutorial_taskflow_api_virtualenv.py took 0.482 seconds
[2025-04-11T19:55:05.530+0000] {processor.py:186} INFO - Started process (PID=253) to work on /home/airflow/.local/lib/python3.12/site-packages/airflow/example_dags/tutorial_taskflow_api_virtualenv.py
[2025-04-11T19:55:05.533+0000] {processor.py:914} INFO - Processing file /home/airflow/.local/lib/python3.12/site-packages/airflow/example_dags/tutorial_taskflow_api_virtualenv.py for tasks to queue
[2025-04-11T19:55:05.541+0000] {logging_mixin.py:190} INFO - [2025-04-11T19:55:05.540+0000] {dagbag.py:588} INFO - Filling up the DagBag from /home/airflow/.local/lib/python3.12/site-packages/airflow/example_dags/tutorial_taskflow_api_virtualenv.py
[2025-04-11T19:55:05.615+0000] {processor.py:925} INFO - DAG(s) 'tutorial_taskflow_api_virtualenv' retrieved from /home/airflow/.local/lib/python3.12/site-packages/airflow/example_dags/tutorial_taskflow_api_virtualenv.py
[2025-04-11T19:55:05.676+0000] {logging_mixin.py:190} INFO - [2025-04-11T19:55:05.676+0000] {dag.py:3239} INFO - Sync 1 DAGs
[2025-04-11T19:55:05.731+0000] {logging_mixin.py:190} INFO - [2025-04-11T19:55:05.730+0000] {dag.py:4180} INFO - Setting next_dagrun for tutorial_taskflow_api_virtualenv to None, run_after=None
[2025-04-11T19:55:05.831+0000] {processor.py:208} INFO - Processing /home/airflow/.local/lib/python3.12/site-packages/airflow/example_dags/tutorial_taskflow_api_virtualenv.py took 0.336 seconds
[2025-04-11T19:56:21.250+0000] {processor.py:186} INFO - Started process (PID=323) to work on /home/airflow/.local/lib/python3.12/site-packages/airflow/example_dags/tutorial_taskflow_api_virtualenv.py
[2025-04-11T19:56:21.273+0000] {processor.py:914} INFO - Processing file /home/airflow/.local/lib/python3.12/site-packages/airflow/example_dags/tutorial_taskflow_api_virtualenv.py for tasks to queue
[2025-04-11T19:56:21.306+0000] {logging_mixin.py:190} INFO - [2025-04-11T19:56:21.303+0000] {dagbag.py:588} INFO - Filling up the DagBag from /home/airflow/.local/lib/python3.12/site-packages/airflow/example_dags/tutorial_taskflow_api_virtualenv.py
[2025-04-11T19:56:21.599+0000] {processor.py:925} INFO - DAG(s) 'tutorial_taskflow_api_virtualenv' retrieved from /home/airflow/.local/lib/python3.12/site-packages/airflow/example_dags/tutorial_taskflow_api_virtualenv.py
[2025-04-11T19:56:21.783+0000] {logging_mixin.py:190} INFO - [2025-04-11T19:56:21.782+0000] {dag.py:3239} INFO - Sync 1 DAGs
[2025-04-11T19:56:21.944+0000] {logging_mixin.py:190} INFO - [2025-04-11T19:56:21.943+0000] {dag.py:4180} INFO - Setting next_dagrun for tutorial_taskflow_api_virtualenv to None, run_after=None
[2025-04-11T19:56:22.255+0000] {processor.py:208} INFO - Processing /home/airflow/.local/lib/python3.12/site-packages/airflow/example_dags/tutorial_taskflow_api_virtualenv.py took 1.109 seconds
[2025-04-11T19:56:52.911+0000] {processor.py:186} INFO - Started process (PID=387) to work on /home/airflow/.local/lib/python3.12/site-packages/airflow/example_dags/tutorial_taskflow_api_virtualenv.py
[2025-04-11T19:56:52.916+0000] {processor.py:914} INFO - Processing file /home/airflow/.local/lib/python3.12/site-packages/airflow/example_dags/tutorial_taskflow_api_virtualenv.py for tasks to queue
[2025-04-11T19:56:52.950+0000] {logging_mixin.py:190} INFO - [2025-04-11T19:56:52.944+0000] {dagbag.py:588} INFO - Filling up the DagBag from /home/airflow/.local/lib/python3.12/site-packages/airflow/example_dags/tutorial_taskflow_api_virtualenv.py
[2025-04-11T19:56:52.992+0000] {processor.py:925} INFO - DAG(s) 'tutorial_taskflow_api_virtualenv' retrieved from /home/airflow/.local/lib/python3.12/site-packages/airflow/example_dags/tutorial_taskflow_api_virtualenv.py
[2025-04-11T19:56:53.124+0000] {logging_mixin.py:190} INFO - [2025-04-11T19:56:53.123+0000] {dag.py:3239} INFO - Sync 1 DAGs
[2025-04-11T19:56:53.246+0000] {logging_mixin.py:190} INFO - [2025-04-11T19:56:53.245+0000] {dag.py:4180} INFO - Setting next_dagrun for tutorial_taskflow_api_virtualenv to None, run_after=None
[2025-04-11T19:56:53.404+0000] {processor.py:208} INFO - Processing /home/airflow/.local/lib/python3.12/site-packages/airflow/example_dags/tutorial_taskflow_api_virtualenv.py took 0.518 seconds
[2025-04-11T19:59:38.092+0000] {processor.py:186} INFO - Started process (PID=110) to work on /home/airflow/.local/lib/python3.12/site-packages/airflow/example_dags/tutorial_taskflow_api_virtualenv.py
[2025-04-11T19:59:38.099+0000] {processor.py:914} INFO - Processing file /home/airflow/.local/lib/python3.12/site-packages/airflow/example_dags/tutorial_taskflow_api_virtualenv.py for tasks to queue
[2025-04-11T19:59:38.121+0000] {logging_mixin.py:190} INFO - [2025-04-11T19:59:38.117+0000] {dagbag.py:588} INFO - Filling up the DagBag from /home/airflow/.local/lib/python3.12/site-packages/airflow/example_dags/tutorial_taskflow_api_virtualenv.py
[2025-04-11T19:59:38.187+0000] {processor.py:925} INFO - DAG(s) 'tutorial_taskflow_api_virtualenv' retrieved from /home/airflow/.local/lib/python3.12/site-packages/airflow/example_dags/tutorial_taskflow_api_virtualenv.py
[2025-04-11T19:59:38.862+0000] {logging_mixin.py:190} INFO - [2025-04-11T19:59:38.862+0000] {dag.py:3239} INFO - Sync 1 DAGs
[2025-04-11T19:59:38.962+0000] {logging_mixin.py:190} INFO - [2025-04-11T19:59:38.962+0000] {dag.py:4180} INFO - Setting next_dagrun for tutorial_taskflow_api_virtualenv to None, run_after=None
[2025-04-11T19:59:39.075+0000] {processor.py:208} INFO - Processing /home/airflow/.local/lib/python3.12/site-packages/airflow/example_dags/tutorial_taskflow_api_virtualenv.py took 1.030 seconds
[2025-04-11T20:00:18.661+0000] {processor.py:186} INFO - Started process (PID=174) to work on /home/airflow/.local/lib/python3.12/site-packages/airflow/example_dags/tutorial_taskflow_api_virtualenv.py
[2025-04-11T20:00:18.665+0000] {processor.py:914} INFO - Processing file /home/airflow/.local/lib/python3.12/site-packages/airflow/example_dags/tutorial_taskflow_api_virtualenv.py for tasks to queue
[2025-04-11T20:00:18.675+0000] {logging_mixin.py:190} INFO - [2025-04-11T20:00:18.674+0000] {dagbag.py:588} INFO - Filling up the DagBag from /home/airflow/.local/lib/python3.12/site-packages/airflow/example_dags/tutorial_taskflow_api_virtualenv.py
[2025-04-11T20:00:18.884+0000] {processor.py:925} INFO - DAG(s) 'tutorial_taskflow_api_virtualenv' retrieved from /home/airflow/.local/lib/python3.12/site-packages/airflow/example_dags/tutorial_taskflow_api_virtualenv.py
[2025-04-11T20:00:18.963+0000] {logging_mixin.py:190} INFO - [2025-04-11T20:00:18.962+0000] {dag.py:3239} INFO - Sync 1 DAGs
[2025-04-11T20:00:19.023+0000] {logging_mixin.py:190} INFO - [2025-04-11T20:00:19.022+0000] {dag.py:4180} INFO - Setting next_dagrun for tutorial_taskflow_api_virtualenv to None, run_after=None
[2025-04-11T20:00:19.076+0000] {processor.py:208} INFO - Processing /home/airflow/.local/lib/python3.12/site-packages/airflow/example_dags/tutorial_taskflow_api_virtualenv.py took 0.436 seconds
[2025-04-11T20:14:08.348+0000] {processor.py:186} INFO - Started process (PID=119) to work on /home/airflow/.local/lib/python3.12/site-packages/airflow/example_dags/tutorial_taskflow_api_virtualenv.py
[2025-04-11T20:14:08.353+0000] {processor.py:914} INFO - Processing file /home/airflow/.local/lib/python3.12/site-packages/airflow/example_dags/tutorial_taskflow_api_virtualenv.py for tasks to queue
[2025-04-11T20:14:08.360+0000] {logging_mixin.py:190} INFO - [2025-04-11T20:14:08.359+0000] {dagbag.py:588} INFO - Filling up the DagBag from /home/airflow/.local/lib/python3.12/site-packages/airflow/example_dags/tutorial_taskflow_api_virtualenv.py
[2025-04-11T20:14:08.399+0000] {processor.py:925} INFO - DAG(s) 'tutorial_taskflow_api_virtualenv' retrieved from /home/airflow/.local/lib/python3.12/site-packages/airflow/example_dags/tutorial_taskflow_api_virtualenv.py
[2025-04-11T20:14:08.802+0000] {logging_mixin.py:190} INFO - [2025-04-11T20:14:08.801+0000] {dag.py:3239} INFO - Sync 1 DAGs
[2025-04-11T20:14:08.837+0000] {logging_mixin.py:190} INFO - [2025-04-11T20:14:08.837+0000] {dag.py:4180} INFO - Setting next_dagrun for tutorial_taskflow_api_virtualenv to None, run_after=None
[2025-04-11T20:14:08.927+0000] {processor.py:208} INFO - Processing /home/airflow/.local/lib/python3.12/site-packages/airflow/example_dags/tutorial_taskflow_api_virtualenv.py took 0.596 seconds
[2025-04-11T20:15:53.507+0000] {processor.py:186} INFO - Started process (PID=195) to work on /home/airflow/.local/lib/python3.12/site-packages/airflow/example_dags/tutorial_taskflow_api_virtualenv.py
[2025-04-11T20:15:53.516+0000] {processor.py:914} INFO - Processing file /home/airflow/.local/lib/python3.12/site-packages/airflow/example_dags/tutorial_taskflow_api_virtualenv.py for tasks to queue
[2025-04-11T20:15:53.543+0000] {logging_mixin.py:190} INFO - [2025-04-11T20:15:53.536+0000] {dagbag.py:588} INFO - Filling up the DagBag from /home/airflow/.local/lib/python3.12/site-packages/airflow/example_dags/tutorial_taskflow_api_virtualenv.py
[2025-04-11T20:15:53.620+0000] {processor.py:925} INFO - DAG(s) 'tutorial_taskflow_api_virtualenv' retrieved from /home/airflow/.local/lib/python3.12/site-packages/airflow/example_dags/tutorial_taskflow_api_virtualenv.py
[2025-04-11T20:15:53.769+0000] {logging_mixin.py:190} INFO - [2025-04-11T20:15:53.769+0000] {dag.py:3239} INFO - Sync 1 DAGs
[2025-04-11T20:15:53.872+0000] {logging_mixin.py:190} INFO - [2025-04-11T20:15:53.872+0000] {dag.py:4180} INFO - Setting next_dagrun for tutorial_taskflow_api_virtualenv to None, run_after=None
[2025-04-11T20:15:54.059+0000] {processor.py:208} INFO - Processing /home/airflow/.local/lib/python3.12/site-packages/airflow/example_dags/tutorial_taskflow_api_virtualenv.py took 0.591 seconds
[2025-04-11T20:16:46.395+0000] {processor.py:186} INFO - Started process (PID=278) to work on /home/airflow/.local/lib/python3.12/site-packages/airflow/example_dags/tutorial_taskflow_api_virtualenv.py
[2025-04-11T20:16:46.397+0000] {processor.py:914} INFO - Processing file /home/airflow/.local/lib/python3.12/site-packages/airflow/example_dags/tutorial_taskflow_api_virtualenv.py for tasks to queue
[2025-04-11T20:16:46.403+0000] {logging_mixin.py:190} INFO - [2025-04-11T20:16:46.402+0000] {dagbag.py:588} INFO - Filling up the DagBag from /home/airflow/.local/lib/python3.12/site-packages/airflow/example_dags/tutorial_taskflow_api_virtualenv.py
[2025-04-11T20:16:46.433+0000] {processor.py:925} INFO - DAG(s) 'tutorial_taskflow_api_virtualenv' retrieved from /home/airflow/.local/lib/python3.12/site-packages/airflow/example_dags/tutorial_taskflow_api_virtualenv.py
[2025-04-11T20:16:46.481+0000] {logging_mixin.py:190} INFO - [2025-04-11T20:16:46.480+0000] {dag.py:3239} INFO - Sync 1 DAGs
[2025-04-11T20:16:46.517+0000] {logging_mixin.py:190} INFO - [2025-04-11T20:16:46.517+0000] {dag.py:4180} INFO - Setting next_dagrun for tutorial_taskflow_api_virtualenv to None, run_after=None
[2025-04-11T20:16:46.559+0000] {processor.py:208} INFO - Processing /home/airflow/.local/lib/python3.12/site-packages/airflow/example_dags/tutorial_taskflow_api_virtualenv.py took 0.179 seconds
[2025-04-11T20:17:24.313+0000] {processor.py:186} INFO - Started process (PID=342) to work on /home/airflow/.local/lib/python3.12/site-packages/airflow/example_dags/tutorial_taskflow_api_virtualenv.py
[2025-04-11T20:17:24.324+0000] {processor.py:914} INFO - Processing file /home/airflow/.local/lib/python3.12/site-packages/airflow/example_dags/tutorial_taskflow_api_virtualenv.py for tasks to queue
[2025-04-11T20:17:24.347+0000] {logging_mixin.py:190} INFO - [2025-04-11T20:17:24.346+0000] {dagbag.py:588} INFO - Filling up the DagBag from /home/airflow/.local/lib/python3.12/site-packages/airflow/example_dags/tutorial_taskflow_api_virtualenv.py
[2025-04-11T20:17:24.450+0000] {processor.py:925} INFO - DAG(s) 'tutorial_taskflow_api_virtualenv' retrieved from /home/airflow/.local/lib/python3.12/site-packages/airflow/example_dags/tutorial_taskflow_api_virtualenv.py
[2025-04-11T20:17:24.572+0000] {logging_mixin.py:190} INFO - [2025-04-11T20:17:24.571+0000] {dag.py:3239} INFO - Sync 1 DAGs
[2025-04-11T20:17:24.656+0000] {logging_mixin.py:190} INFO - [2025-04-11T20:17:24.655+0000] {dag.py:4180} INFO - Setting next_dagrun for tutorial_taskflow_api_virtualenv to None, run_after=None
[2025-04-11T20:17:24.773+0000] {processor.py:208} INFO - Processing /home/airflow/.local/lib/python3.12/site-packages/airflow/example_dags/tutorial_taskflow_api_virtualenv.py took 0.500 seconds
[2025-04-11T20:18:01.546+0000] {processor.py:186} INFO - Started process (PID=411) to work on /home/airflow/.local/lib/python3.12/site-packages/airflow/example_dags/tutorial_taskflow_api_virtualenv.py
[2025-04-11T20:18:01.550+0000] {processor.py:914} INFO - Processing file /home/airflow/.local/lib/python3.12/site-packages/airflow/example_dags/tutorial_taskflow_api_virtualenv.py for tasks to queue
[2025-04-11T20:18:01.557+0000] {logging_mixin.py:190} INFO - [2025-04-11T20:18:01.556+0000] {dagbag.py:588} INFO - Filling up the DagBag from /home/airflow/.local/lib/python3.12/site-packages/airflow/example_dags/tutorial_taskflow_api_virtualenv.py
[2025-04-11T20:18:01.593+0000] {processor.py:925} INFO - DAG(s) 'tutorial_taskflow_api_virtualenv' retrieved from /home/airflow/.local/lib/python3.12/site-packages/airflow/example_dags/tutorial_taskflow_api_virtualenv.py
[2025-04-11T20:18:01.745+0000] {logging_mixin.py:190} INFO - [2025-04-11T20:18:01.745+0000] {dag.py:3239} INFO - Sync 1 DAGs
[2025-04-11T20:18:01.994+0000] {logging_mixin.py:190} INFO - [2025-04-11T20:18:01.993+0000] {dag.py:4180} INFO - Setting next_dagrun for tutorial_taskflow_api_virtualenv to None, run_after=None
[2025-04-11T20:18:02.088+0000] {processor.py:208} INFO - Processing /home/airflow/.local/lib/python3.12/site-packages/airflow/example_dags/tutorial_taskflow_api_virtualenv.py took 0.564 seconds
[2025-04-11T20:24:19.503+0000] {processor.py:186} INFO - Started process (PID=134) to work on /home/airflow/.local/lib/python3.12/site-packages/airflow/example_dags/tutorial_taskflow_api_virtualenv.py
[2025-04-11T20:24:19.509+0000] {processor.py:914} INFO - Processing file /home/airflow/.local/lib/python3.12/site-packages/airflow/example_dags/tutorial_taskflow_api_virtualenv.py for tasks to queue
[2025-04-11T20:24:19.529+0000] {logging_mixin.py:190} INFO - [2025-04-11T20:24:19.528+0000] {dagbag.py:588} INFO - Filling up the DagBag from /home/airflow/.local/lib/python3.12/site-packages/airflow/example_dags/tutorial_taskflow_api_virtualenv.py
[2025-04-11T20:24:19.571+0000] {processor.py:925} INFO - DAG(s) 'tutorial_taskflow_api_virtualenv' retrieved from /home/airflow/.local/lib/python3.12/site-packages/airflow/example_dags/tutorial_taskflow_api_virtualenv.py
[2025-04-11T20:24:21.039+0000] {logging_mixin.py:190} INFO - [2025-04-11T20:24:21.032+0000] {override.py:1912} INFO - Created Permission View: can read on DAG:tutorial_taskflow_api_virtualenv
[2025-04-11T20:24:21.195+0000] {logging_mixin.py:190} INFO - [2025-04-11T20:24:21.194+0000] {override.py:1912} INFO - Created Permission View: can edit on DAG:tutorial_taskflow_api_virtualenv
[2025-04-11T20:24:21.261+0000] {logging_mixin.py:190} INFO - [2025-04-11T20:24:21.261+0000] {override.py:1912} INFO - Created Permission View: can delete on DAG:tutorial_taskflow_api_virtualenv
[2025-04-11T20:24:21.311+0000] {logging_mixin.py:190} INFO - [2025-04-11T20:24:21.310+0000] {override.py:1912} INFO - Created Permission View: can create on DAG Run:tutorial_taskflow_api_virtualenv
[2025-04-11T20:24:21.366+0000] {logging_mixin.py:190} INFO - [2025-04-11T20:24:21.365+0000] {override.py:1912} INFO - Created Permission View: can read on DAG Run:tutorial_taskflow_api_virtualenv
[2025-04-11T20:24:21.403+0000] {logging_mixin.py:190} INFO - [2025-04-11T20:24:21.402+0000] {override.py:1912} INFO - Created Permission View: can delete on DAG Run:tutorial_taskflow_api_virtualenv
[2025-04-11T20:24:21.451+0000] {logging_mixin.py:190} INFO - [2025-04-11T20:24:21.450+0000] {override.py:1912} INFO - Created Permission View: menu access on DAG Run:tutorial_taskflow_api_virtualenv
[2025-04-11T20:24:21.455+0000] {logging_mixin.py:190} INFO - [2025-04-11T20:24:21.455+0000] {dag.py:3239} INFO - Sync 1 DAGs
[2025-04-11T20:24:21.583+0000] {logging_mixin.py:190} INFO - [2025-04-11T20:24:21.582+0000] {dag.py:3262} INFO - Creating ORM DAG for tutorial_taskflow_api_virtualenv
[2025-04-11T20:24:21.595+0000] {logging_mixin.py:190} INFO - [2025-04-11T20:24:21.594+0000] {dag.py:4180} INFO - Setting next_dagrun for tutorial_taskflow_api_virtualenv to None, run_after=None
[2025-04-11T20:24:21.831+0000] {processor.py:208} INFO - Processing /home/airflow/.local/lib/python3.12/site-packages/airflow/example_dags/tutorial_taskflow_api_virtualenv.py took 2.388 seconds
[2025-04-11T20:25:04.928+0000] {processor.py:186} INFO - Started process (PID=204) to work on /home/airflow/.local/lib/python3.12/site-packages/airflow/example_dags/tutorial_taskflow_api_virtualenv.py
[2025-04-11T20:25:04.931+0000] {processor.py:914} INFO - Processing file /home/airflow/.local/lib/python3.12/site-packages/airflow/example_dags/tutorial_taskflow_api_virtualenv.py for tasks to queue
[2025-04-11T20:25:04.938+0000] {logging_mixin.py:190} INFO - [2025-04-11T20:25:04.937+0000] {dagbag.py:588} INFO - Filling up the DagBag from /home/airflow/.local/lib/python3.12/site-packages/airflow/example_dags/tutorial_taskflow_api_virtualenv.py
[2025-04-11T20:25:05.024+0000] {processor.py:925} INFO - DAG(s) 'tutorial_taskflow_api_virtualenv' retrieved from /home/airflow/.local/lib/python3.12/site-packages/airflow/example_dags/tutorial_taskflow_api_virtualenv.py
[2025-04-11T20:25:05.111+0000] {logging_mixin.py:190} INFO - [2025-04-11T20:25:05.108+0000] {dag.py:3239} INFO - Sync 1 DAGs
[2025-04-11T20:25:05.212+0000] {logging_mixin.py:190} INFO - [2025-04-11T20:25:05.211+0000] {dag.py:4180} INFO - Setting next_dagrun for tutorial_taskflow_api_virtualenv to None, run_after=None
[2025-04-11T20:25:05.298+0000] {processor.py:208} INFO - Processing /home/airflow/.local/lib/python3.12/site-packages/airflow/example_dags/tutorial_taskflow_api_virtualenv.py took 0.384 seconds
[2025-04-11T20:25:39.645+0000] {processor.py:186} INFO - Started process (PID=268) to work on /home/airflow/.local/lib/python3.12/site-packages/airflow/example_dags/tutorial_taskflow_api_virtualenv.py
[2025-04-11T20:25:39.650+0000] {processor.py:914} INFO - Processing file /home/airflow/.local/lib/python3.12/site-packages/airflow/example_dags/tutorial_taskflow_api_virtualenv.py for tasks to queue
[2025-04-11T20:25:39.660+0000] {logging_mixin.py:190} INFO - [2025-04-11T20:25:39.659+0000] {dagbag.py:588} INFO - Filling up the DagBag from /home/airflow/.local/lib/python3.12/site-packages/airflow/example_dags/tutorial_taskflow_api_virtualenv.py
[2025-04-11T20:25:39.699+0000] {processor.py:925} INFO - DAG(s) 'tutorial_taskflow_api_virtualenv' retrieved from /home/airflow/.local/lib/python3.12/site-packages/airflow/example_dags/tutorial_taskflow_api_virtualenv.py
[2025-04-11T20:25:39.827+0000] {logging_mixin.py:190} INFO - [2025-04-11T20:25:39.826+0000] {dag.py:3239} INFO - Sync 1 DAGs
[2025-04-11T20:25:40.031+0000] {logging_mixin.py:190} INFO - [2025-04-11T20:25:40.031+0000] {dag.py:4180} INFO - Setting next_dagrun for tutorial_taskflow_api_virtualenv to None, run_after=None
[2025-04-11T20:25:40.137+0000] {processor.py:208} INFO - Processing /home/airflow/.local/lib/python3.12/site-packages/airflow/example_dags/tutorial_taskflow_api_virtualenv.py took 0.513 seconds
[2025-04-11T20:28:42.452+0000] {processor.py:186} INFO - Started process (PID=105) to work on /home/airflow/.local/lib/python3.12/site-packages/airflow/example_dags/tutorial_taskflow_api_virtualenv.py
[2025-04-11T20:28:42.456+0000] {processor.py:914} INFO - Processing file /home/airflow/.local/lib/python3.12/site-packages/airflow/example_dags/tutorial_taskflow_api_virtualenv.py for tasks to queue
[2025-04-11T20:28:42.475+0000] {logging_mixin.py:190} INFO - [2025-04-11T20:28:42.474+0000] {dagbag.py:588} INFO - Filling up the DagBag from /home/airflow/.local/lib/python3.12/site-packages/airflow/example_dags/tutorial_taskflow_api_virtualenv.py
[2025-04-11T20:28:42.545+0000] {processor.py:925} INFO - DAG(s) 'tutorial_taskflow_api_virtualenv' retrieved from /home/airflow/.local/lib/python3.12/site-packages/airflow/example_dags/tutorial_taskflow_api_virtualenv.py
[2025-04-11T20:28:44.690+0000] {logging_mixin.py:190} INFO - [2025-04-11T20:28:44.689+0000] {dag.py:3239} INFO - Sync 1 DAGs
[2025-04-11T20:28:44.899+0000] {logging_mixin.py:190} INFO - [2025-04-11T20:28:44.898+0000] {dag.py:4180} INFO - Setting next_dagrun for tutorial_taskflow_api_virtualenv to None, run_after=None
[2025-04-11T20:28:45.130+0000] {processor.py:208} INFO - Processing /home/airflow/.local/lib/python3.12/site-packages/airflow/example_dags/tutorial_taskflow_api_virtualenv.py took 2.707 seconds
[2025-04-11T20:29:16.813+0000] {processor.py:186} INFO - Started process (PID=168) to work on /home/airflow/.local/lib/python3.12/site-packages/airflow/example_dags/tutorial_taskflow_api_virtualenv.py
[2025-04-11T20:29:16.817+0000] {processor.py:914} INFO - Processing file /home/airflow/.local/lib/python3.12/site-packages/airflow/example_dags/tutorial_taskflow_api_virtualenv.py for tasks to queue
[2025-04-11T20:29:16.828+0000] {logging_mixin.py:190} INFO - [2025-04-11T20:29:16.827+0000] {dagbag.py:588} INFO - Filling up the DagBag from /home/airflow/.local/lib/python3.12/site-packages/airflow/example_dags/tutorial_taskflow_api_virtualenv.py
[2025-04-11T20:29:16.923+0000] {processor.py:925} INFO - DAG(s) 'tutorial_taskflow_api_virtualenv' retrieved from /home/airflow/.local/lib/python3.12/site-packages/airflow/example_dags/tutorial_taskflow_api_virtualenv.py
[2025-04-11T20:29:17.397+0000] {logging_mixin.py:190} INFO - [2025-04-11T20:29:17.397+0000] {dag.py:3239} INFO - Sync 1 DAGs
[2025-04-11T20:29:17.599+0000] {logging_mixin.py:190} INFO - [2025-04-11T20:29:17.598+0000] {dag.py:4180} INFO - Setting next_dagrun for tutorial_taskflow_api_virtualenv to None, run_after=None
[2025-04-11T20:29:17.737+0000] {processor.py:208} INFO - Processing /home/airflow/.local/lib/python3.12/site-packages/airflow/example_dags/tutorial_taskflow_api_virtualenv.py took 0.967 seconds
[2025-04-11T20:29:48.497+0000] {processor.py:186} INFO - Started process (PID=231) to work on /home/airflow/.local/lib/python3.12/site-packages/airflow/example_dags/tutorial_taskflow_api_virtualenv.py
[2025-04-11T20:29:48.503+0000] {processor.py:914} INFO - Processing file /home/airflow/.local/lib/python3.12/site-packages/airflow/example_dags/tutorial_taskflow_api_virtualenv.py for tasks to queue
[2025-04-11T20:29:48.507+0000] {logging_mixin.py:190} INFO - [2025-04-11T20:29:48.506+0000] {dagbag.py:588} INFO - Filling up the DagBag from /home/airflow/.local/lib/python3.12/site-packages/airflow/example_dags/tutorial_taskflow_api_virtualenv.py
[2025-04-11T20:29:48.541+0000] {processor.py:925} INFO - DAG(s) 'tutorial_taskflow_api_virtualenv' retrieved from /home/airflow/.local/lib/python3.12/site-packages/airflow/example_dags/tutorial_taskflow_api_virtualenv.py
[2025-04-11T20:29:48.594+0000] {logging_mixin.py:190} INFO - [2025-04-11T20:29:48.593+0000] {dag.py:3239} INFO - Sync 1 DAGs
[2025-04-11T20:29:48.646+0000] {logging_mixin.py:190} INFO - [2025-04-11T20:29:48.645+0000] {dag.py:4180} INFO - Setting next_dagrun for tutorial_taskflow_api_virtualenv to None, run_after=None
[2025-04-11T20:29:48.699+0000] {processor.py:208} INFO - Processing /home/airflow/.local/lib/python3.12/site-packages/airflow/example_dags/tutorial_taskflow_api_virtualenv.py took 0.216 seconds
[2025-04-11T20:30:58.686+0000] {processor.py:186} INFO - Started process (PID=310) to work on /home/airflow/.local/lib/python3.12/site-packages/airflow/example_dags/tutorial_taskflow_api_virtualenv.py
[2025-04-11T20:30:58.691+0000] {processor.py:914} INFO - Processing file /home/airflow/.local/lib/python3.12/site-packages/airflow/example_dags/tutorial_taskflow_api_virtualenv.py for tasks to queue
[2025-04-11T20:30:58.703+0000] {logging_mixin.py:190} INFO - [2025-04-11T20:30:58.702+0000] {dagbag.py:588} INFO - Filling up the DagBag from /home/airflow/.local/lib/python3.12/site-packages/airflow/example_dags/tutorial_taskflow_api_virtualenv.py
[2025-04-11T20:30:58.820+0000] {processor.py:925} INFO - DAG(s) 'tutorial_taskflow_api_virtualenv' retrieved from /home/airflow/.local/lib/python3.12/site-packages/airflow/example_dags/tutorial_taskflow_api_virtualenv.py
[2025-04-11T20:30:59.002+0000] {logging_mixin.py:190} INFO - [2025-04-11T20:30:59.001+0000] {dag.py:3239} INFO - Sync 1 DAGs
[2025-04-11T20:30:59.259+0000] {logging_mixin.py:190} INFO - [2025-04-11T20:30:59.257+0000] {dag.py:4180} INFO - Setting next_dagrun for tutorial_taskflow_api_virtualenv to None, run_after=None
[2025-04-11T20:30:59.310+0000] {processor.py:208} INFO - Processing /home/airflow/.local/lib/python3.12/site-packages/airflow/example_dags/tutorial_taskflow_api_virtualenv.py took 0.656 seconds
[2025-04-11T20:31:30.046+0000] {processor.py:186} INFO - Started process (PID=373) to work on /home/airflow/.local/lib/python3.12/site-packages/airflow/example_dags/tutorial_taskflow_api_virtualenv.py
[2025-04-11T20:31:30.049+0000] {processor.py:914} INFO - Processing file /home/airflow/.local/lib/python3.12/site-packages/airflow/example_dags/tutorial_taskflow_api_virtualenv.py for tasks to queue
[2025-04-11T20:31:30.058+0000] {logging_mixin.py:190} INFO - [2025-04-11T20:31:30.057+0000] {dagbag.py:588} INFO - Filling up the DagBag from /home/airflow/.local/lib/python3.12/site-packages/airflow/example_dags/tutorial_taskflow_api_virtualenv.py
[2025-04-11T20:31:30.093+0000] {processor.py:925} INFO - DAG(s) 'tutorial_taskflow_api_virtualenv' retrieved from /home/airflow/.local/lib/python3.12/site-packages/airflow/example_dags/tutorial_taskflow_api_virtualenv.py
[2025-04-11T20:31:30.141+0000] {logging_mixin.py:190} INFO - [2025-04-11T20:31:30.140+0000] {dag.py:3239} INFO - Sync 1 DAGs
[2025-04-11T20:31:30.177+0000] {logging_mixin.py:190} INFO - [2025-04-11T20:31:30.176+0000] {dag.py:4180} INFO - Setting next_dagrun for tutorial_taskflow_api_virtualenv to None, run_after=None
[2025-04-11T20:31:30.223+0000] {processor.py:208} INFO - Processing /home/airflow/.local/lib/python3.12/site-packages/airflow/example_dags/tutorial_taskflow_api_virtualenv.py took 0.220 seconds
[2025-04-11T20:32:02.879+0000] {processor.py:186} INFO - Started process (PID=437) to work on /home/airflow/.local/lib/python3.12/site-packages/airflow/example_dags/tutorial_taskflow_api_virtualenv.py
[2025-04-11T20:32:02.882+0000] {processor.py:914} INFO - Processing file /home/airflow/.local/lib/python3.12/site-packages/airflow/example_dags/tutorial_taskflow_api_virtualenv.py for tasks to queue
[2025-04-11T20:32:02.890+0000] {logging_mixin.py:190} INFO - [2025-04-11T20:32:02.889+0000] {dagbag.py:588} INFO - Filling up the DagBag from /home/airflow/.local/lib/python3.12/site-packages/airflow/example_dags/tutorial_taskflow_api_virtualenv.py
[2025-04-11T20:32:02.929+0000] {processor.py:925} INFO - DAG(s) 'tutorial_taskflow_api_virtualenv' retrieved from /home/airflow/.local/lib/python3.12/site-packages/airflow/example_dags/tutorial_taskflow_api_virtualenv.py
[2025-04-11T20:32:02.993+0000] {logging_mixin.py:190} INFO - [2025-04-11T20:32:02.992+0000] {dag.py:3239} INFO - Sync 1 DAGs
[2025-04-11T20:32:03.029+0000] {logging_mixin.py:190} INFO - [2025-04-11T20:32:03.028+0000] {dag.py:4180} INFO - Setting next_dagrun for tutorial_taskflow_api_virtualenv to None, run_after=None
[2025-04-11T20:32:03.088+0000] {processor.py:208} INFO - Processing /home/airflow/.local/lib/python3.12/site-packages/airflow/example_dags/tutorial_taskflow_api_virtualenv.py took 0.221 seconds
[2025-04-11T20:32:55.513+0000] {processor.py:186} INFO - Started process (PID=499) to work on /home/airflow/.local/lib/python3.12/site-packages/airflow/example_dags/tutorial_taskflow_api_virtualenv.py
[2025-04-11T20:32:55.532+0000] {processor.py:914} INFO - Processing file /home/airflow/.local/lib/python3.12/site-packages/airflow/example_dags/tutorial_taskflow_api_virtualenv.py for tasks to queue
[2025-04-11T20:32:55.537+0000] {logging_mixin.py:190} INFO - [2025-04-11T20:32:55.537+0000] {dagbag.py:588} INFO - Filling up the DagBag from /home/airflow/.local/lib/python3.12/site-packages/airflow/example_dags/tutorial_taskflow_api_virtualenv.py
[2025-04-11T20:32:55.580+0000] {processor.py:925} INFO - DAG(s) 'tutorial_taskflow_api_virtualenv' retrieved from /home/airflow/.local/lib/python3.12/site-packages/airflow/example_dags/tutorial_taskflow_api_virtualenv.py
[2025-04-11T20:32:55.656+0000] {logging_mixin.py:190} INFO - [2025-04-11T20:32:55.656+0000] {dag.py:3239} INFO - Sync 1 DAGs
[2025-04-11T20:32:55.718+0000] {logging_mixin.py:190} INFO - [2025-04-11T20:32:55.717+0000] {dag.py:4180} INFO - Setting next_dagrun for tutorial_taskflow_api_virtualenv to None, run_after=None
[2025-04-11T20:32:55.849+0000] {processor.py:208} INFO - Processing /home/airflow/.local/lib/python3.12/site-packages/airflow/example_dags/tutorial_taskflow_api_virtualenv.py took 0.358 seconds
[2025-04-11T20:36:02.691+0000] {processor.py:186} INFO - Started process (PID=108) to work on /home/airflow/.local/lib/python3.12/site-packages/airflow/example_dags/tutorial_taskflow_api_virtualenv.py
[2025-04-11T20:36:02.711+0000] {processor.py:914} INFO - Processing file /home/airflow/.local/lib/python3.12/site-packages/airflow/example_dags/tutorial_taskflow_api_virtualenv.py for tasks to queue
[2025-04-11T20:36:02.745+0000] {logging_mixin.py:190} INFO - [2025-04-11T20:36:02.744+0000] {dagbag.py:588} INFO - Filling up the DagBag from /home/airflow/.local/lib/python3.12/site-packages/airflow/example_dags/tutorial_taskflow_api_virtualenv.py
[2025-04-11T20:36:02.993+0000] {processor.py:925} INFO - DAG(s) 'tutorial_taskflow_api_virtualenv' retrieved from /home/airflow/.local/lib/python3.12/site-packages/airflow/example_dags/tutorial_taskflow_api_virtualenv.py
[2025-04-11T20:36:03.667+0000] {logging_mixin.py:190} INFO - [2025-04-11T20:36:03.666+0000] {dag.py:3239} INFO - Sync 1 DAGs
[2025-04-11T20:36:03.717+0000] {logging_mixin.py:190} INFO - [2025-04-11T20:36:03.717+0000] {dag.py:4180} INFO - Setting next_dagrun for tutorial_taskflow_api_virtualenv to None, run_after=None
[2025-04-11T20:36:03.771+0000] {processor.py:208} INFO - Processing /home/airflow/.local/lib/python3.12/site-packages/airflow/example_dags/tutorial_taskflow_api_virtualenv.py took 1.127 seconds
[2025-04-11T20:36:34.373+0000] {processor.py:186} INFO - Started process (PID=172) to work on /home/airflow/.local/lib/python3.12/site-packages/airflow/example_dags/tutorial_taskflow_api_virtualenv.py
[2025-04-11T20:36:34.377+0000] {processor.py:914} INFO - Processing file /home/airflow/.local/lib/python3.12/site-packages/airflow/example_dags/tutorial_taskflow_api_virtualenv.py for tasks to queue
[2025-04-11T20:36:34.384+0000] {logging_mixin.py:190} INFO - [2025-04-11T20:36:34.383+0000] {dagbag.py:588} INFO - Filling up the DagBag from /home/airflow/.local/lib/python3.12/site-packages/airflow/example_dags/tutorial_taskflow_api_virtualenv.py
[2025-04-11T20:36:34.415+0000] {processor.py:925} INFO - DAG(s) 'tutorial_taskflow_api_virtualenv' retrieved from /home/airflow/.local/lib/python3.12/site-packages/airflow/example_dags/tutorial_taskflow_api_virtualenv.py
[2025-04-11T20:36:34.470+0000] {logging_mixin.py:190} INFO - [2025-04-11T20:36:34.470+0000] {dag.py:3239} INFO - Sync 1 DAGs
[2025-04-11T20:36:34.513+0000] {logging_mixin.py:190} INFO - [2025-04-11T20:36:34.512+0000] {dag.py:4180} INFO - Setting next_dagrun for tutorial_taskflow_api_virtualenv to None, run_after=None
[2025-04-11T20:36:34.557+0000] {processor.py:208} INFO - Processing /home/airflow/.local/lib/python3.12/site-packages/airflow/example_dags/tutorial_taskflow_api_virtualenv.py took 0.198 seconds
[2025-04-11T20:37:06.350+0000] {processor.py:186} INFO - Started process (PID=241) to work on /home/airflow/.local/lib/python3.12/site-packages/airflow/example_dags/tutorial_taskflow_api_virtualenv.py
[2025-04-11T20:37:06.359+0000] {processor.py:914} INFO - Processing file /home/airflow/.local/lib/python3.12/site-packages/airflow/example_dags/tutorial_taskflow_api_virtualenv.py for tasks to queue
[2025-04-11T20:37:06.395+0000] {logging_mixin.py:190} INFO - [2025-04-11T20:37:06.394+0000] {dagbag.py:588} INFO - Filling up the DagBag from /home/airflow/.local/lib/python3.12/site-packages/airflow/example_dags/tutorial_taskflow_api_virtualenv.py
[2025-04-11T20:37:06.462+0000] {processor.py:925} INFO - DAG(s) 'tutorial_taskflow_api_virtualenv' retrieved from /home/airflow/.local/lib/python3.12/site-packages/airflow/example_dags/tutorial_taskflow_api_virtualenv.py
[2025-04-11T20:37:06.611+0000] {logging_mixin.py:190} INFO - [2025-04-11T20:37:06.609+0000] {dag.py:3239} INFO - Sync 1 DAGs
[2025-04-11T20:37:06.810+0000] {logging_mixin.py:190} INFO - [2025-04-11T20:37:06.809+0000] {dag.py:4180} INFO - Setting next_dagrun for tutorial_taskflow_api_virtualenv to None, run_after=None
[2025-04-11T20:37:07.055+0000] {processor.py:208} INFO - Processing /home/airflow/.local/lib/python3.12/site-packages/airflow/example_dags/tutorial_taskflow_api_virtualenv.py took 0.720 seconds
[2025-04-11T20:38:09.057+0000] {processor.py:186} INFO - Started process (PID=319) to work on /home/airflow/.local/lib/python3.12/site-packages/airflow/example_dags/tutorial_taskflow_api_virtualenv.py
[2025-04-11T20:38:09.063+0000] {processor.py:914} INFO - Processing file /home/airflow/.local/lib/python3.12/site-packages/airflow/example_dags/tutorial_taskflow_api_virtualenv.py for tasks to queue
[2025-04-11T20:38:09.073+0000] {logging_mixin.py:190} INFO - [2025-04-11T20:38:09.072+0000] {dagbag.py:588} INFO - Filling up the DagBag from /home/airflow/.local/lib/python3.12/site-packages/airflow/example_dags/tutorial_taskflow_api_virtualenv.py
[2025-04-11T20:38:09.200+0000] {processor.py:925} INFO - DAG(s) 'tutorial_taskflow_api_virtualenv' retrieved from /home/airflow/.local/lib/python3.12/site-packages/airflow/example_dags/tutorial_taskflow_api_virtualenv.py
[2025-04-11T20:38:09.386+0000] {logging_mixin.py:190} INFO - [2025-04-11T20:38:09.383+0000] {dag.py:3239} INFO - Sync 1 DAGs
[2025-04-11T20:38:09.558+0000] {logging_mixin.py:190} INFO - [2025-04-11T20:38:09.557+0000] {dag.py:4180} INFO - Setting next_dagrun for tutorial_taskflow_api_virtualenv to None, run_after=None
[2025-04-11T20:38:09.727+0000] {processor.py:208} INFO - Processing /home/airflow/.local/lib/python3.12/site-packages/airflow/example_dags/tutorial_taskflow_api_virtualenv.py took 0.707 seconds
[2025-04-11T20:38:57.998+0000] {processor.py:186} INFO - Started process (PID=386) to work on /home/airflow/.local/lib/python3.12/site-packages/airflow/example_dags/tutorial_taskflow_api_virtualenv.py
[2025-04-11T20:38:58.021+0000] {processor.py:914} INFO - Processing file /home/airflow/.local/lib/python3.12/site-packages/airflow/example_dags/tutorial_taskflow_api_virtualenv.py for tasks to queue
[2025-04-11T20:38:58.135+0000] {logging_mixin.py:190} INFO - [2025-04-11T20:38:58.134+0000] {dagbag.py:588} INFO - Filling up the DagBag from /home/airflow/.local/lib/python3.12/site-packages/airflow/example_dags/tutorial_taskflow_api_virtualenv.py
[2025-04-11T20:38:58.416+0000] {processor.py:925} INFO - DAG(s) 'tutorial_taskflow_api_virtualenv' retrieved from /home/airflow/.local/lib/python3.12/site-packages/airflow/example_dags/tutorial_taskflow_api_virtualenv.py
[2025-04-11T20:38:58.558+0000] {logging_mixin.py:190} INFO - [2025-04-11T20:38:58.557+0000] {dag.py:3239} INFO - Sync 1 DAGs
[2025-04-11T20:38:58.651+0000] {logging_mixin.py:190} INFO - [2025-04-11T20:38:58.650+0000] {dag.py:4180} INFO - Setting next_dagrun for tutorial_taskflow_api_virtualenv to None, run_after=None
[2025-04-11T20:38:58.771+0000] {processor.py:208} INFO - Processing /home/airflow/.local/lib/python3.12/site-packages/airflow/example_dags/tutorial_taskflow_api_virtualenv.py took 0.865 seconds
[2025-04-11T20:40:09.141+0000] {processor.py:186} INFO - Started process (PID=463) to work on /home/airflow/.local/lib/python3.12/site-packages/airflow/example_dags/tutorial_taskflow_api_virtualenv.py
[2025-04-11T20:40:09.144+0000] {processor.py:914} INFO - Processing file /home/airflow/.local/lib/python3.12/site-packages/airflow/example_dags/tutorial_taskflow_api_virtualenv.py for tasks to queue
[2025-04-11T20:40:09.152+0000] {logging_mixin.py:190} INFO - [2025-04-11T20:40:09.151+0000] {dagbag.py:588} INFO - Filling up the DagBag from /home/airflow/.local/lib/python3.12/site-packages/airflow/example_dags/tutorial_taskflow_api_virtualenv.py
[2025-04-11T20:40:09.202+0000] {processor.py:925} INFO - DAG(s) 'tutorial_taskflow_api_virtualenv' retrieved from /home/airflow/.local/lib/python3.12/site-packages/airflow/example_dags/tutorial_taskflow_api_virtualenv.py
[2025-04-11T20:40:09.314+0000] {logging_mixin.py:190} INFO - [2025-04-11T20:40:09.314+0000] {dag.py:3239} INFO - Sync 1 DAGs
[2025-04-11T20:40:09.408+0000] {logging_mixin.py:190} INFO - [2025-04-11T20:40:09.407+0000] {dag.py:4180} INFO - Setting next_dagrun for tutorial_taskflow_api_virtualenv to None, run_after=None
[2025-04-11T20:40:09.526+0000] {processor.py:208} INFO - Processing /home/airflow/.local/lib/python3.12/site-packages/airflow/example_dags/tutorial_taskflow_api_virtualenv.py took 0.400 seconds
[2025-04-11T20:40:48.746+0000] {processor.py:186} INFO - Started process (PID=527) to work on /home/airflow/.local/lib/python3.12/site-packages/airflow/example_dags/tutorial_taskflow_api_virtualenv.py
[2025-04-11T20:40:48.755+0000] {processor.py:914} INFO - Processing file /home/airflow/.local/lib/python3.12/site-packages/airflow/example_dags/tutorial_taskflow_api_virtualenv.py for tasks to queue
[2025-04-11T20:40:48.775+0000] {logging_mixin.py:190} INFO - [2025-04-11T20:40:48.773+0000] {dagbag.py:588} INFO - Filling up the DagBag from /home/airflow/.local/lib/python3.12/site-packages/airflow/example_dags/tutorial_taskflow_api_virtualenv.py
[2025-04-11T20:40:48.928+0000] {processor.py:925} INFO - DAG(s) 'tutorial_taskflow_api_virtualenv' retrieved from /home/airflow/.local/lib/python3.12/site-packages/airflow/example_dags/tutorial_taskflow_api_virtualenv.py
[2025-04-11T20:40:49.221+0000] {logging_mixin.py:190} INFO - [2025-04-11T20:40:49.216+0000] {dag.py:3239} INFO - Sync 1 DAGs
[2025-04-11T20:40:49.376+0000] {logging_mixin.py:190} INFO - [2025-04-11T20:40:49.375+0000] {dag.py:4180} INFO - Setting next_dagrun for tutorial_taskflow_api_virtualenv to None, run_after=None
[2025-04-11T20:40:49.577+0000] {processor.py:208} INFO - Processing /home/airflow/.local/lib/python3.12/site-packages/airflow/example_dags/tutorial_taskflow_api_virtualenv.py took 0.869 seconds
[2025-04-11T20:41:24.076+0000] {processor.py:186} INFO - Started process (PID=592) to work on /home/airflow/.local/lib/python3.12/site-packages/airflow/example_dags/tutorial_taskflow_api_virtualenv.py
[2025-04-11T20:41:24.086+0000] {processor.py:914} INFO - Processing file /home/airflow/.local/lib/python3.12/site-packages/airflow/example_dags/tutorial_taskflow_api_virtualenv.py for tasks to queue
[2025-04-11T20:41:24.098+0000] {logging_mixin.py:190} INFO - [2025-04-11T20:41:24.094+0000] {dagbag.py:588} INFO - Filling up the DagBag from /home/airflow/.local/lib/python3.12/site-packages/airflow/example_dags/tutorial_taskflow_api_virtualenv.py
[2025-04-11T20:41:24.154+0000] {processor.py:925} INFO - DAG(s) 'tutorial_taskflow_api_virtualenv' retrieved from /home/airflow/.local/lib/python3.12/site-packages/airflow/example_dags/tutorial_taskflow_api_virtualenv.py
[2025-04-11T20:41:24.239+0000] {logging_mixin.py:190} INFO - [2025-04-11T20:41:24.239+0000] {dag.py:3239} INFO - Sync 1 DAGs
[2025-04-11T20:41:24.345+0000] {logging_mixin.py:190} INFO - [2025-04-11T20:41:24.345+0000] {dag.py:4180} INFO - Setting next_dagrun for tutorial_taskflow_api_virtualenv to None, run_after=None
[2025-04-11T20:41:24.529+0000] {processor.py:208} INFO - Processing /home/airflow/.local/lib/python3.12/site-packages/airflow/example_dags/tutorial_taskflow_api_virtualenv.py took 0.546 seconds
[2025-04-11T20:42:17.184+0000] {processor.py:186} INFO - Started process (PID=662) to work on /home/airflow/.local/lib/python3.12/site-packages/airflow/example_dags/tutorial_taskflow_api_virtualenv.py
[2025-04-11T20:42:17.188+0000] {processor.py:914} INFO - Processing file /home/airflow/.local/lib/python3.12/site-packages/airflow/example_dags/tutorial_taskflow_api_virtualenv.py for tasks to queue
[2025-04-11T20:42:17.199+0000] {logging_mixin.py:190} INFO - [2025-04-11T20:42:17.196+0000] {dagbag.py:588} INFO - Filling up the DagBag from /home/airflow/.local/lib/python3.12/site-packages/airflow/example_dags/tutorial_taskflow_api_virtualenv.py
[2025-04-11T20:42:17.238+0000] {processor.py:925} INFO - DAG(s) 'tutorial_taskflow_api_virtualenv' retrieved from /home/airflow/.local/lib/python3.12/site-packages/airflow/example_dags/tutorial_taskflow_api_virtualenv.py
[2025-04-11T20:42:17.325+0000] {logging_mixin.py:190} INFO - [2025-04-11T20:42:17.324+0000] {dag.py:3239} INFO - Sync 1 DAGs
[2025-04-11T20:42:17.379+0000] {logging_mixin.py:190} INFO - [2025-04-11T20:42:17.379+0000] {dag.py:4180} INFO - Setting next_dagrun for tutorial_taskflow_api_virtualenv to None, run_after=None
[2025-04-11T20:42:17.458+0000] {processor.py:208} INFO - Processing /home/airflow/.local/lib/python3.12/site-packages/airflow/example_dags/tutorial_taskflow_api_virtualenv.py took 0.299 seconds
[2025-04-11T20:44:06.820+0000] {processor.py:186} INFO - Started process (PID=750) to work on /home/airflow/.local/lib/python3.12/site-packages/airflow/example_dags/tutorial_taskflow_api_virtualenv.py
[2025-04-11T20:44:06.825+0000] {processor.py:914} INFO - Processing file /home/airflow/.local/lib/python3.12/site-packages/airflow/example_dags/tutorial_taskflow_api_virtualenv.py for tasks to queue
[2025-04-11T20:44:06.838+0000] {logging_mixin.py:190} INFO - [2025-04-11T20:44:06.837+0000] {dagbag.py:588} INFO - Filling up the DagBag from /home/airflow/.local/lib/python3.12/site-packages/airflow/example_dags/tutorial_taskflow_api_virtualenv.py
[2025-04-11T20:44:06.889+0000] {processor.py:925} INFO - DAG(s) 'tutorial_taskflow_api_virtualenv' retrieved from /home/airflow/.local/lib/python3.12/site-packages/airflow/example_dags/tutorial_taskflow_api_virtualenv.py
[2025-04-11T20:44:06.999+0000] {logging_mixin.py:190} INFO - [2025-04-11T20:44:06.998+0000] {dag.py:3239} INFO - Sync 1 DAGs
[2025-04-11T20:44:07.073+0000] {logging_mixin.py:190} INFO - [2025-04-11T20:44:07.071+0000] {dag.py:4180} INFO - Setting next_dagrun for tutorial_taskflow_api_virtualenv to None, run_after=None
[2025-04-11T20:44:07.147+0000] {processor.py:208} INFO - Processing /home/airflow/.local/lib/python3.12/site-packages/airflow/example_dags/tutorial_taskflow_api_virtualenv.py took 0.349 seconds
[2025-04-11T20:44:47.604+0000] {processor.py:186} INFO - Started process (PID=822) to work on /home/airflow/.local/lib/python3.12/site-packages/airflow/example_dags/tutorial_taskflow_api_virtualenv.py
[2025-04-11T20:44:47.607+0000] {processor.py:914} INFO - Processing file /home/airflow/.local/lib/python3.12/site-packages/airflow/example_dags/tutorial_taskflow_api_virtualenv.py for tasks to queue
[2025-04-11T20:44:47.613+0000] {logging_mixin.py:190} INFO - [2025-04-11T20:44:47.612+0000] {dagbag.py:588} INFO - Filling up the DagBag from /home/airflow/.local/lib/python3.12/site-packages/airflow/example_dags/tutorial_taskflow_api_virtualenv.py
[2025-04-11T20:44:47.649+0000] {processor.py:925} INFO - DAG(s) 'tutorial_taskflow_api_virtualenv' retrieved from /home/airflow/.local/lib/python3.12/site-packages/airflow/example_dags/tutorial_taskflow_api_virtualenv.py
[2025-04-11T20:44:47.742+0000] {logging_mixin.py:190} INFO - [2025-04-11T20:44:47.741+0000] {dag.py:3239} INFO - Sync 1 DAGs
[2025-04-11T20:44:47.830+0000] {logging_mixin.py:190} INFO - [2025-04-11T20:44:47.830+0000] {dag.py:4180} INFO - Setting next_dagrun for tutorial_taskflow_api_virtualenv to None, run_after=None
[2025-04-11T20:44:47.929+0000] {processor.py:208} INFO - Processing /home/airflow/.local/lib/python3.12/site-packages/airflow/example_dags/tutorial_taskflow_api_virtualenv.py took 0.340 seconds
[2025-04-11T20:45:20.724+0000] {processor.py:186} INFO - Started process (PID=885) to work on /home/airflow/.local/lib/python3.12/site-packages/airflow/example_dags/tutorial_taskflow_api_virtualenv.py
[2025-04-11T20:45:20.727+0000] {processor.py:914} INFO - Processing file /home/airflow/.local/lib/python3.12/site-packages/airflow/example_dags/tutorial_taskflow_api_virtualenv.py for tasks to queue
[2025-04-11T20:45:20.734+0000] {logging_mixin.py:190} INFO - [2025-04-11T20:45:20.733+0000] {dagbag.py:588} INFO - Filling up the DagBag from /home/airflow/.local/lib/python3.12/site-packages/airflow/example_dags/tutorial_taskflow_api_virtualenv.py
[2025-04-11T20:45:20.763+0000] {processor.py:925} INFO - DAG(s) 'tutorial_taskflow_api_virtualenv' retrieved from /home/airflow/.local/lib/python3.12/site-packages/airflow/example_dags/tutorial_taskflow_api_virtualenv.py
[2025-04-11T20:45:20.853+0000] {logging_mixin.py:190} INFO - [2025-04-11T20:45:20.852+0000] {dag.py:3239} INFO - Sync 1 DAGs
[2025-04-11T20:45:20.914+0000] {logging_mixin.py:190} INFO - [2025-04-11T20:45:20.914+0000] {dag.py:4180} INFO - Setting next_dagrun for tutorial_taskflow_api_virtualenv to None, run_after=None
[2025-04-11T20:45:20.993+0000] {processor.py:208} INFO - Processing /home/airflow/.local/lib/python3.12/site-packages/airflow/example_dags/tutorial_taskflow_api_virtualenv.py took 0.284 seconds
[2025-04-11T20:46:01.822+0000] {processor.py:186} INFO - Started process (PID=949) to work on /home/airflow/.local/lib/python3.12/site-packages/airflow/example_dags/tutorial_taskflow_api_virtualenv.py
[2025-04-11T20:46:01.853+0000] {processor.py:914} INFO - Processing file /home/airflow/.local/lib/python3.12/site-packages/airflow/example_dags/tutorial_taskflow_api_virtualenv.py for tasks to queue
[2025-04-11T20:46:01.982+0000] {logging_mixin.py:190} INFO - [2025-04-11T20:46:01.980+0000] {dagbag.py:588} INFO - Filling up the DagBag from /home/airflow/.local/lib/python3.12/site-packages/airflow/example_dags/tutorial_taskflow_api_virtualenv.py
[2025-04-11T20:46:02.096+0000] {processor.py:925} INFO - DAG(s) 'tutorial_taskflow_api_virtualenv' retrieved from /home/airflow/.local/lib/python3.12/site-packages/airflow/example_dags/tutorial_taskflow_api_virtualenv.py
[2025-04-11T20:46:02.554+0000] {logging_mixin.py:190} INFO - [2025-04-11T20:46:02.554+0000] {dag.py:3239} INFO - Sync 1 DAGs
[2025-04-11T20:46:02.790+0000] {logging_mixin.py:190} INFO - [2025-04-11T20:46:02.789+0000] {dag.py:4180} INFO - Setting next_dagrun for tutorial_taskflow_api_virtualenv to None, run_after=None
[2025-04-11T20:46:03.048+0000] {processor.py:208} INFO - Processing /home/airflow/.local/lib/python3.12/site-packages/airflow/example_dags/tutorial_taskflow_api_virtualenv.py took 1.618 seconds
[2025-04-11T20:48:40.345+0000] {processor.py:186} INFO - Started process (PID=1057) to work on /home/airflow/.local/lib/python3.12/site-packages/airflow/example_dags/tutorial_taskflow_api_virtualenv.py
[2025-04-11T20:48:40.383+0000] {processor.py:914} INFO - Processing file /home/airflow/.local/lib/python3.12/site-packages/airflow/example_dags/tutorial_taskflow_api_virtualenv.py for tasks to queue
[2025-04-11T20:48:40.531+0000] {logging_mixin.py:190} INFO - [2025-04-11T20:48:40.530+0000] {dagbag.py:588} INFO - Filling up the DagBag from /home/airflow/.local/lib/python3.12/site-packages/airflow/example_dags/tutorial_taskflow_api_virtualenv.py
[2025-04-11T20:48:40.832+0000] {processor.py:925} INFO - DAG(s) 'tutorial_taskflow_api_virtualenv' retrieved from /home/airflow/.local/lib/python3.12/site-packages/airflow/example_dags/tutorial_taskflow_api_virtualenv.py
[2025-04-11T20:48:41.702+0000] {logging_mixin.py:190} INFO - [2025-04-11T20:48:41.695+0000] {dag.py:3239} INFO - Sync 1 DAGs
[2025-04-11T20:48:42.367+0000] {logging_mixin.py:190} INFO - [2025-04-11T20:48:42.367+0000] {dag.py:4180} INFO - Setting next_dagrun for tutorial_taskflow_api_virtualenv to None, run_after=None
[2025-04-11T20:48:42.943+0000] {processor.py:208} INFO - Processing /home/airflow/.local/lib/python3.12/site-packages/airflow/example_dags/tutorial_taskflow_api_virtualenv.py took 2.673 seconds
[2025-04-11T20:50:14.160+0000] {processor.py:186} INFO - Started process (PID=1145) to work on /home/airflow/.local/lib/python3.12/site-packages/airflow/example_dags/tutorial_taskflow_api_virtualenv.py
[2025-04-11T20:50:14.167+0000] {processor.py:914} INFO - Processing file /home/airflow/.local/lib/python3.12/site-packages/airflow/example_dags/tutorial_taskflow_api_virtualenv.py for tasks to queue
[2025-04-11T20:50:14.184+0000] {logging_mixin.py:190} INFO - [2025-04-11T20:50:14.181+0000] {dagbag.py:588} INFO - Filling up the DagBag from /home/airflow/.local/lib/python3.12/site-packages/airflow/example_dags/tutorial_taskflow_api_virtualenv.py
[2025-04-11T20:50:14.250+0000] {processor.py:925} INFO - DAG(s) 'tutorial_taskflow_api_virtualenv' retrieved from /home/airflow/.local/lib/python3.12/site-packages/airflow/example_dags/tutorial_taskflow_api_virtualenv.py
[2025-04-11T20:50:14.332+0000] {logging_mixin.py:190} INFO - [2025-04-11T20:50:14.332+0000] {dag.py:3239} INFO - Sync 1 DAGs
[2025-04-11T20:50:14.386+0000] {logging_mixin.py:190} INFO - [2025-04-11T20:50:14.385+0000] {dag.py:4180} INFO - Setting next_dagrun for tutorial_taskflow_api_virtualenv to None, run_after=None
[2025-04-11T20:50:14.457+0000] {processor.py:208} INFO - Processing /home/airflow/.local/lib/python3.12/site-packages/airflow/example_dags/tutorial_taskflow_api_virtualenv.py took 0.322 seconds
[2025-04-11T20:51:26.633+0000] {processor.py:186} INFO - Started process (PID=1229) to work on /home/airflow/.local/lib/python3.12/site-packages/airflow/example_dags/tutorial_taskflow_api_virtualenv.py
[2025-04-11T20:51:26.663+0000] {processor.py:914} INFO - Processing file /home/airflow/.local/lib/python3.12/site-packages/airflow/example_dags/tutorial_taskflow_api_virtualenv.py for tasks to queue
[2025-04-11T20:51:26.694+0000] {logging_mixin.py:190} INFO - [2025-04-11T20:51:26.688+0000] {dagbag.py:588} INFO - Filling up the DagBag from /home/airflow/.local/lib/python3.12/site-packages/airflow/example_dags/tutorial_taskflow_api_virtualenv.py
[2025-04-11T20:51:26.844+0000] {processor.py:925} INFO - DAG(s) 'tutorial_taskflow_api_virtualenv' retrieved from /home/airflow/.local/lib/python3.12/site-packages/airflow/example_dags/tutorial_taskflow_api_virtualenv.py
[2025-04-11T20:51:27.220+0000] {logging_mixin.py:190} INFO - [2025-04-11T20:51:27.219+0000] {dag.py:3239} INFO - Sync 1 DAGs
[2025-04-11T20:51:27.393+0000] {logging_mixin.py:190} INFO - [2025-04-11T20:51:27.392+0000] {dag.py:4180} INFO - Setting next_dagrun for tutorial_taskflow_api_virtualenv to None, run_after=None
[2025-04-11T20:51:27.928+0000] {processor.py:208} INFO - Processing /home/airflow/.local/lib/python3.12/site-packages/airflow/example_dags/tutorial_taskflow_api_virtualenv.py took 1.531 seconds
[2025-04-11T20:52:21.207+0000] {processor.py:186} INFO - Started process (PID=1291) to work on /home/airflow/.local/lib/python3.12/site-packages/airflow/example_dags/tutorial_taskflow_api_virtualenv.py
[2025-04-11T20:52:21.215+0000] {processor.py:914} INFO - Processing file /home/airflow/.local/lib/python3.12/site-packages/airflow/example_dags/tutorial_taskflow_api_virtualenv.py for tasks to queue
[2025-04-11T20:52:21.222+0000] {logging_mixin.py:190} INFO - [2025-04-11T20:52:21.221+0000] {dagbag.py:588} INFO - Filling up the DagBag from /home/airflow/.local/lib/python3.12/site-packages/airflow/example_dags/tutorial_taskflow_api_virtualenv.py
[2025-04-11T20:52:21.269+0000] {processor.py:925} INFO - DAG(s) 'tutorial_taskflow_api_virtualenv' retrieved from /home/airflow/.local/lib/python3.12/site-packages/airflow/example_dags/tutorial_taskflow_api_virtualenv.py
[2025-04-11T20:52:21.337+0000] {logging_mixin.py:190} INFO - [2025-04-11T20:52:21.337+0000] {dag.py:3239} INFO - Sync 1 DAGs
[2025-04-11T20:52:21.408+0000] {logging_mixin.py:190} INFO - [2025-04-11T20:52:21.407+0000] {dag.py:4180} INFO - Setting next_dagrun for tutorial_taskflow_api_virtualenv to None, run_after=None
[2025-04-11T20:52:21.469+0000] {processor.py:208} INFO - Processing /home/airflow/.local/lib/python3.12/site-packages/airflow/example_dags/tutorial_taskflow_api_virtualenv.py took 0.280 seconds
[2025-04-11T20:52:52.875+0000] {processor.py:186} INFO - Started process (PID=1355) to work on /home/airflow/.local/lib/python3.12/site-packages/airflow/example_dags/tutorial_taskflow_api_virtualenv.py
[2025-04-11T20:52:52.883+0000] {processor.py:914} INFO - Processing file /home/airflow/.local/lib/python3.12/site-packages/airflow/example_dags/tutorial_taskflow_api_virtualenv.py for tasks to queue
[2025-04-11T20:52:52.919+0000] {logging_mixin.py:190} INFO - [2025-04-11T20:52:52.918+0000] {dagbag.py:588} INFO - Filling up the DagBag from /home/airflow/.local/lib/python3.12/site-packages/airflow/example_dags/tutorial_taskflow_api_virtualenv.py
[2025-04-11T20:52:53.006+0000] {processor.py:925} INFO - DAG(s) 'tutorial_taskflow_api_virtualenv' retrieved from /home/airflow/.local/lib/python3.12/site-packages/airflow/example_dags/tutorial_taskflow_api_virtualenv.py
[2025-04-11T20:52:53.154+0000] {logging_mixin.py:190} INFO - [2025-04-11T20:52:53.153+0000] {dag.py:3239} INFO - Sync 1 DAGs
[2025-04-11T20:52:53.271+0000] {logging_mixin.py:190} INFO - [2025-04-11T20:52:53.271+0000] {dag.py:4180} INFO - Setting next_dagrun for tutorial_taskflow_api_virtualenv to None, run_after=None
[2025-04-11T20:52:53.363+0000] {processor.py:208} INFO - Processing /home/airflow/.local/lib/python3.12/site-packages/airflow/example_dags/tutorial_taskflow_api_virtualenv.py took 0.543 seconds
