[2025-04-18T05:19:11.157+0000] {local_task_job_runner.py:123} INFO - ::group::Pre task execution logs
[2025-04-18T05:19:11.162+0000] {taskinstance.py:2613} INFO - Dependencies all met for dep_context=non-requeueable deps ti=<TaskInstance: triphobo_attractions_scrape.process_next_city scheduled__2025-04-17T04:00:00+00:00 [queued]>
[2025-04-18T05:19:11.165+0000] {taskinstance.py:2613} INFO - Dependencies all met for dep_context=requeueable deps ti=<TaskInstance: triphobo_attractions_scrape.process_next_city scheduled__2025-04-17T04:00:00+00:00 [queued]>
[2025-04-18T05:19:11.165+0000] {taskinstance.py:2866} INFO - Starting attempt 1 of 1
[2025-04-18T05:19:11.169+0000] {taskinstance.py:2889} INFO - Executing <Task(PythonOperator): process_next_city> on 2025-04-17 04:00:00+00:00
[2025-04-18T05:19:11.172+0000] {warnings.py:112} WARNING - /home/***/.local/lib/python3.12/site-packages/***/task/task_runner/standard_task_runner.py:70: DeprecationWarning: This process (pid=775) is multi-threaded, use of fork() may lead to deadlocks in the child.
  pid = os.fork()

[2025-04-18T05:19:11.173+0000] {standard_task_runner.py:72} INFO - Started process 776 to run task
[2025-04-18T05:19:11.174+0000] {standard_task_runner.py:104} INFO - Running: ['***', 'tasks', 'run', 'triphobo_attractions_scrape', 'process_next_city', 'scheduled__2025-04-17T04:00:00+00:00', '--job-id', '42', '--raw', '--subdir', 'DAGS_FOLDER/attractions_dag.py', '--cfg-path', '/tmp/tmp5wnx_tbp']
[2025-04-18T05:19:11.175+0000] {standard_task_runner.py:105} INFO - Job 42: Subtask process_next_city
[2025-04-18T05:19:11.195+0000] {task_command.py:467} INFO - Running <TaskInstance: triphobo_attractions_scrape.process_next_city scheduled__2025-04-17T04:00:00+00:00 [running]> on host 41648ed0d7d3
[2025-04-18T05:19:11.222+0000] {taskinstance.py:3132} INFO - Exporting env vars: AIRFLOW_CTX_DAG_OWNER='***' AIRFLOW_CTX_DAG_ID='triphobo_attractions_scrape' AIRFLOW_CTX_TASK_ID='process_next_city' AIRFLOW_CTX_EXECUTION_DATE='2025-04-17T04:00:00+00:00' AIRFLOW_CTX_TRY_NUMBER='1' AIRFLOW_CTX_DAG_RUN_ID='scheduled__2025-04-17T04:00:00+00:00'
[2025-04-18T05:19:11.223+0000] {taskinstance.py:731} INFO - ::endgroup::
[2025-04-18T05:19:11.228+0000] {attractions_dag.py:183} INFO - Loaded checkpoint: City 1, Page 1, Completed cities: ['New York City United States']
[2025-04-18T05:19:11.234+0000] {attractions_dag.py:199} INFO - Loaded 90 existing records from /tmp/triphobo_data/multi_city_attractions.csv
[2025-04-18T05:19:11.234+0000] {attractions_dag.py:203} INFO - Found 90 existing URLs in the dataset
[2025-04-18T05:19:11.234+0000] {attractions_dag.py:216} INFO - Scraping city 2/2: San Francisco United States
[2025-04-18T05:19:11.449+0000] {attractions_dag.py:226} INFO - Scraping page 1/10: https://www.triphobo.com/places/san-francisco-united-states/things-to-do?page=1
[2025-04-18T05:19:17.319+0000] {attractions_dag.py:230} INFO - Found 15 attraction links
[2025-04-18T05:19:17.320+0000] {attractions_dag.py:248} INFO - Scraping place 1/15: https://www.triphobo.com/places/san-francisco-united-states/muir-woods-national-monument
[2025-04-18T05:19:21.004+0000] {attractions_dag.py:248} INFO - Scraping place 2/15: https://www.triphobo.com/places/san-francisco-united-states/alcatraz-island
[2025-04-18T05:19:24.654+0000] {attractions_dag.py:248} INFO - Scraping place 3/15: https://www.triphobo.com/places/san-francisco-united-states/pier-39
[2025-04-18T05:19:28.367+0000] {attractions_dag.py:248} INFO - Scraping place 4/15: https://www.triphobo.com/places/san-francisco-united-states/california-academy-of-sciences
[2025-04-18T05:19:32.036+0000] {attractions_dag.py:248} INFO - Scraping place 5/15: https://www.triphobo.com/places/san-francisco-united-states/marin-headlands
[2025-04-18T05:19:35.686+0000] {attractions_dag.py:173} INFO - Saved checkpoint: City 1, Page 1, Completed cities: []
[2025-04-18T05:19:37.689+0000] {attractions_dag.py:248} INFO - Scraping place 6/15: https://www.triphobo.com/places/san-francisco-united-states/fishermans-wharf
[2025-04-18T05:19:41.591+0000] {attractions_dag.py:248} INFO - Scraping place 7/15: https://www.triphobo.com/places/san-francisco-united-states/ghirardelli-square
[2025-04-18T05:19:45.264+0000] {attractions_dag.py:248} INFO - Scraping place 8/15: https://www.triphobo.com/places/san-francisco-united-states/at-and-t-park
[2025-04-18T05:19:48.930+0000] {attractions_dag.py:248} INFO - Scraping place 9/15: https://www.triphobo.com/places/san-francisco-united-states/north-beach
[2025-04-18T05:19:52.601+0000] {attractions_dag.py:248} INFO - Scraping place 10/15: https://www.triphobo.com/places/san-francisco-united-states/lands-end
[2025-04-18T05:19:56.295+0000] {attractions_dag.py:173} INFO - Saved checkpoint: City 1, Page 1, Completed cities: []
[2025-04-18T05:19:58.300+0000] {attractions_dag.py:248} INFO - Scraping place 11/15: https://www.triphobo.com/places/san-francisco-united-states/the-walt-disney-family-museum
[2025-04-18T05:20:01.960+0000] {attractions_dag.py:248} INFO - Scraping place 12/15: https://www.triphobo.com/places/san-francisco-united-states/san-francisco-cable-car-museum
[2025-04-18T05:20:05.736+0000] {attractions_dag.py:248} INFO - Scraping place 13/15: https://www.triphobo.com/places/san-francisco-united-states/asian-art-museum-of-san-francisco
[2025-04-18T05:20:09.435+0000] {attractions_dag.py:248} INFO - Scraping place 14/15: https://www.triphobo.com/places/san-francisco-united-states/musee-mecanique
[2025-04-18T05:20:13.161+0000] {attractions_dag.py:248} INFO - Scraping place 15/15: https://www.triphobo.com/places/san-francisco-united-states/cliff-house
[2025-04-18T05:20:16.982+0000] {attractions_dag.py:173} INFO - Saved checkpoint: City 1, Page 1, Completed cities: []
[2025-04-18T05:20:18.995+0000] {attractions_dag.py:173} INFO - Saved checkpoint: City 1, Page 2, Completed cities: []
[2025-04-18T05:20:18.997+0000] {attractions_dag.py:226} INFO - Scraping page 2/10: https://www.triphobo.com/places/san-francisco-united-states/things-to-do?page=2
[2025-04-18T05:20:23.970+0000] {attractions_dag.py:230} INFO - Found 15 attraction links
[2025-04-18T05:20:23.970+0000] {attractions_dag.py:248} INFO - Scraping place 1/15: https://www.triphobo.com/places/san-francisco-united-states/washington-square
[2025-04-18T05:20:27.640+0000] {attractions_dag.py:248} INFO - Scraping place 2/15: https://www.triphobo.com/places/san-francisco-united-states/coit-tower
[2025-04-18T05:20:31.273+0000] {attractions_dag.py:248} INFO - Scraping place 3/15: https://www.triphobo.com/places/san-francisco-united-states/fort-point-national-historic-site
[2025-04-18T05:20:34.981+0000] {attractions_dag.py:248} INFO - Scraping place 4/15: https://www.triphobo.com/places/san-francisco-united-states/grace-cathedral
[2025-04-18T05:20:38.630+0000] {attractions_dag.py:248} INFO - Scraping place 5/15: https://www.triphobo.com/places/san-francisco-united-states/bay-bridge
[2025-04-18T05:20:42.392+0000] {attractions_dag.py:173} INFO - Saved checkpoint: City 1, Page 2, Completed cities: []
[2025-04-18T05:20:44.397+0000] {attractions_dag.py:248} INFO - Scraping place 6/15: https://www.triphobo.com/places/san-francisco-united-states/exploratorium
[2025-04-18T05:20:48.076+0000] {attractions_dag.py:248} INFO - Scraping place 7/15: https://www.triphobo.com/places/san-francisco-united-states/san-francisco-maritime-national-historical-park
[2025-04-18T05:20:51.810+0000] {attractions_dag.py:248} INFO - Scraping place 8/15: https://www.triphobo.com/places/san-francisco-united-states/city-hall
[2025-04-18T05:20:55.532+0000] {attractions_dag.py:248} INFO - Scraping place 9/15: https://www.triphobo.com/places/san-francisco-united-states/de-young-museum
[2025-04-18T05:20:59.206+0000] {attractions_dag.py:248} INFO - Scraping place 10/15: https://www.triphobo.com/places/san-francisco-united-states/embarcadero-center
[2025-04-18T05:21:02.938+0000] {attractions_dag.py:173} INFO - Saved checkpoint: City 1, Page 2, Completed cities: []
[2025-04-18T05:21:04.939+0000] {attractions_dag.py:248} INFO - Scraping place 11/15: https://www.triphobo.com/places/san-francisco-united-states/transamerica-pyramid
[2025-04-18T05:21:08.588+0000] {attractions_dag.py:248} INFO - Scraping place 12/15: https://www.triphobo.com/places/san-francisco-united-states/japanese-tea-garden
[2025-04-18T05:21:12.267+0000] {attractions_dag.py:248} INFO - Scraping place 13/15: https://www.triphobo.com/places/san-francisco-united-states/ocean-beach
[2025-04-18T05:21:15.914+0000] {attractions_dag.py:248} INFO - Scraping place 14/15: https://www.triphobo.com/places/san-francisco-united-states/palace-of-fine-arts
[2025-04-18T05:21:19.896+0000] {attractions_dag.py:248} INFO - Scraping place 15/15: https://www.triphobo.com/places/san-francisco-united-states/haight-ashbury
[2025-04-18T05:21:23.999+0000] {attractions_dag.py:173} INFO - Saved checkpoint: City 1, Page 2, Completed cities: []
[2025-04-18T05:21:26.011+0000] {attractions_dag.py:173} INFO - Saved checkpoint: City 1, Page 3, Completed cities: []
[2025-04-18T05:21:26.012+0000] {attractions_dag.py:226} INFO - Scraping page 3/10: https://www.triphobo.com/places/san-francisco-united-states/things-to-do?page=3
[2025-04-18T05:21:30.424+0000] {attractions_dag.py:230} INFO - Found 13 attraction links
[2025-04-18T05:21:30.424+0000] {attractions_dag.py:248} INFO - Scraping place 1/13: https://www.triphobo.com/places/san-francisco-united-states/sutro-baths-ruins
[2025-04-18T05:21:34.341+0000] {attractions_dag.py:248} INFO - Scraping place 2/13: https://www.triphobo.com/places/san-francisco-united-states/ripley-s-believe-it-or-not
[2025-04-18T05:21:38.208+0000] {attractions_dag.py:248} INFO - Scraping place 3/13: https://www.triphobo.com/places/san-francisco-united-states/aquarium-of-the-bay
[2025-04-18T05:21:41.945+0000] {attractions_dag.py:248} INFO - Scraping place 4/13: https://www.triphobo.com/places/san-francisco-united-states/alamo-square
[2025-04-18T05:21:45.667+0000] {attractions_dag.py:248} INFO - Scraping place 5/13: https://www.triphobo.com/places/san-francisco-united-states/union-square
[2025-04-18T05:21:49.774+0000] {attractions_dag.py:173} INFO - Saved checkpoint: City 1, Page 3, Completed cities: []
[2025-04-18T05:21:51.777+0000] {attractions_dag.py:248} INFO - Scraping place 6/13: https://www.triphobo.com/places/san-francisco-united-states/hollywood-cafe
[2025-04-18T05:21:55.453+0000] {attractions_dag.py:248} INFO - Scraping place 7/13: https://www.triphobo.com/places/san-francisco-united-states/elbo-room
[2025-04-18T05:21:59.109+0000] {attractions_dag.py:248} INFO - Scraping place 8/13: https://www.triphobo.com/places/san-francisco-united-states/asiasf
[2025-04-18T05:22:02.777+0000] {attractions_dag.py:248} INFO - Scraping place 9/13: https://www.triphobo.com/places/san-francisco-united-states/butter
[2025-04-18T05:22:06.437+0000] {attractions_dag.py:248} INFO - Scraping place 10/13: https://www.triphobo.com/places/san-francisco-united-states/crissy-field
[2025-04-18T05:22:10.195+0000] {attractions_dag.py:173} INFO - Saved checkpoint: City 1, Page 3, Completed cities: []
[2025-04-18T05:22:12.198+0000] {attractions_dag.py:248} INFO - Scraping place 11/13: https://www.triphobo.com/places/san-francisco-united-states/mission-dolores
[2025-04-18T05:22:15.891+0000] {attractions_dag.py:248} INFO - Scraping place 12/13: https://www.triphobo.com/places/san-francisco-united-states/hyde-street-pier
[2025-04-18T05:22:19.733+0000] {attractions_dag.py:248} INFO - Scraping place 13/13: https://www.triphobo.com/places/san-francisco-united-states/555-california-street
[2025-04-18T05:22:25.449+0000] {attractions_dag.py:173} INFO - Saved checkpoint: City 1, Page 4, Completed cities: []
[2025-04-18T05:22:25.450+0000] {attractions_dag.py:226} INFO - Scraping page 4/10: https://www.triphobo.com/places/san-francisco-united-states/things-to-do?page=4
[2025-04-18T05:22:30.241+0000] {attractions_dag.py:230} INFO - Found 15 attraction links
[2025-04-18T05:22:30.242+0000] {attractions_dag.py:248} INFO - Scraping place 1/15: https://www.triphobo.com/places/san-francisco-united-states/randall-museum
[2025-04-18T05:22:33.993+0000] {attractions_dag.py:248} INFO - Scraping place 2/15: https://www.triphobo.com/places/san-francisco-united-states/california-palace-of-the-legion-of-honor
[2025-04-18T05:22:37.664+0000] {attractions_dag.py:173} INFO - Saved checkpoint: City 1, Page 4, Completed cities: []
[2025-04-18T05:22:37.664+0000] {attractions_dag.py:248} INFO - Scraping place 3/15: https://www.triphobo.com/places/san-francisco-united-states/beach-blanket-babylon
[2025-04-18T05:22:41.324+0000] {attractions_dag.py:248} INFO - Scraping place 4/15: https://www.triphobo.com/places/san-francisco-united-states/san-francisco-zoo
[2025-04-18T05:22:44.991+0000] {attractions_dag.py:248} INFO - Scraping place 5/15: https://www.triphobo.com/places/san-francisco-united-states/san-francisco-public-library-main
[2025-04-18T05:22:50.654+0000] {attractions_dag.py:248} INFO - Scraping place 6/15: https://www.triphobo.com/places/san-francisco-united-states/marrakech-magic-theatre
[2025-04-18T05:22:54.374+0000] {attractions_dag.py:248} INFO - Scraping place 7/15: https://www.triphobo.com/places/san-francisco-united-states/city-lights-booksellers-and-publishers
[2025-04-18T05:22:58.274+0000] {attractions_dag.py:173} INFO - Saved checkpoint: City 1, Page 4, Completed cities: []
[2025-04-18T05:22:58.275+0000] {attractions_dag.py:248} INFO - Scraping place 8/15: https://www.triphobo.com/places/san-francisco-united-states/boudin-at-the-wharf
[2025-04-18T05:23:02.342+0000] {attractions_dag.py:248} INFO - Scraping place 9/15: https://www.triphobo.com/places/san-francisco-united-states/san-francisco-botanical-garden
[2025-04-18T05:23:06.065+0000] {attractions_dag.py:248} INFO - Scraping place 10/15: https://www.triphobo.com/places/san-francisco-united-states/powell-and-market-cable-car-turnaround
[2025-04-18T05:23:11.732+0000] {attractions_dag.py:248} INFO - Scraping place 11/15: https://www.triphobo.com/places/san-francisco-united-states/filbert-steps-and-grace-marchant-gardens
[2025-04-18T05:23:15.428+0000] {attractions_dag.py:248} INFO - Scraping place 12/15: https://www.triphobo.com/places/san-francisco-united-states/s-s-jeremiah-o-brien
[2025-04-18T05:23:19.264+0000] {attractions_dag.py:173} INFO - Saved checkpoint: City 1, Page 4, Completed cities: []
[2025-04-18T05:23:19.264+0000] {attractions_dag.py:248} INFO - Scraping place 13/15: https://www.triphobo.com/places/san-francisco-united-states/the-san-francisco-dungeon
[2025-04-18T05:23:22.973+0000] {attractions_dag.py:248} INFO - Scraping place 14/15: https://www.triphobo.com/places/san-francisco-united-states/japan-town
[2025-04-18T05:23:26.646+0000] {attractions_dag.py:248} INFO - Scraping place 15/15: https://www.triphobo.com/places/san-francisco-united-states/golden-gate-promenade
[2025-04-18T05:23:32.357+0000] {attractions_dag.py:173} INFO - Saved checkpoint: City 1, Page 5, Completed cities: []
[2025-04-18T05:23:32.357+0000] {attractions_dag.py:226} INFO - Scraping page 5/10: https://www.triphobo.com/places/san-francisco-united-states/things-to-do?page=5
[2025-04-18T05:23:36.915+0000] {attractions_dag.py:230} INFO - Found 15 attraction links
[2025-04-18T05:23:36.915+0000] {attractions_dag.py:248} INFO - Scraping place 1/15: https://www.triphobo.com/places/san-francisco-united-states/caffe-trieste
[2025-04-18T05:23:40.558+0000] {attractions_dag.py:248} INFO - Scraping place 2/15: https://www.triphobo.com/places/san-francisco-united-states/nob-hill
[2025-04-18T05:23:44.223+0000] {attractions_dag.py:173} INFO - Saved checkpoint: City 1, Page 5, Completed cities: []
[2025-04-18T05:23:44.223+0000] {attractions_dag.py:248} INFO - Scraping place 3/15: https://www.triphobo.com/places/san-francisco-united-states/conservatory-of-flowers
[2025-04-18T05:23:48.555+0000] {attractions_dag.py:248} INFO - Scraping place 4/15: https://www.triphobo.com/places/san-francisco-united-states/biscuits-and-blues
[2025-04-18T05:23:52.360+0000] {attractions_dag.py:248} INFO - Scraping place 5/15: https://www.triphobo.com/places/san-francisco-united-states/smuggler-s-cove
[2025-04-18T05:23:58.015+0000] {attractions_dag.py:248} INFO - Scraping place 6/15: https://www.triphobo.com/places/san-francisco-united-states/vesuvio
[2025-04-18T05:24:01.740+0000] {attractions_dag.py:248} INFO - Scraping place 7/15: https://www.triphobo.com/places/san-francisco-united-states/the-saloon
[2025-04-18T05:24:05.521+0000] {attractions_dag.py:173} INFO - Saved checkpoint: City 1, Page 5, Completed cities: []
[2025-04-18T05:24:05.521+0000] {attractions_dag.py:248} INFO - Scraping place 8/15: https://www.triphobo.com/places/san-francisco-united-states/ferry-building
[2025-04-18T05:24:09.271+0000] {attractions_dag.py:248} INFO - Scraping place 9/15: https://www.triphobo.com/places/san-francisco-united-states/ferry-plaza-farmers-market
[2025-04-18T05:24:13.005+0000] {attractions_dag.py:248} INFO - Scraping place 10/15: https://www.triphobo.com/places/san-francisco-united-states/telegraph-hill
[2025-04-18T05:24:18.672+0000] {attractions_dag.py:248} INFO - Scraping place 11/15: https://www.triphobo.com/places/san-francisco-united-states/civic-center
[2025-04-18T05:24:22.350+0000] {attractions_dag.py:248} INFO - Scraping place 12/15: https://www.triphobo.com/places/san-francisco-united-states/yerba-buena-gardens
[2025-04-18T05:24:26.015+0000] {attractions_dag.py:173} INFO - Saved checkpoint: City 1, Page 5, Completed cities: []
[2025-04-18T05:24:26.016+0000] {attractions_dag.py:248} INFO - Scraping place 13/15: https://www.triphobo.com/places/san-francisco-united-states/treasure-island
[2025-04-18T05:24:29.743+0000] {attractions_dag.py:248} INFO - Scraping place 14/15: https://www.triphobo.com/places/san-francisco-united-states/little-italy
[2025-04-18T05:24:33.452+0000] {attractions_dag.py:248} INFO - Scraping place 15/15: https://www.triphobo.com/places/san-francisco-united-states/wells-fargo-history-museum
[2025-04-18T05:24:39.225+0000] {attractions_dag.py:173} INFO - Saved checkpoint: City 1, Page 6, Completed cities: []
[2025-04-18T05:24:39.226+0000] {attractions_dag.py:226} INFO - Scraping page 6/10: https://www.triphobo.com/places/san-francisco-united-states/things-to-do?page=6
[2025-04-18T05:24:44.150+0000] {attractions_dag.py:230} INFO - Found 15 attraction links
[2025-04-18T05:24:44.151+0000] {attractions_dag.py:248} INFO - Scraping place 1/15: https://www.triphobo.com/places/san-francisco-united-states/saint-mary-s-cathedral
[2025-04-18T05:24:47.791+0000] {attractions_dag.py:248} INFO - Scraping place 2/15: https://www.triphobo.com/places/san-francisco-united-states/kabuki-springs-and-spa
[2025-04-18T05:24:51.500+0000] {attractions_dag.py:173} INFO - Saved checkpoint: City 1, Page 6, Completed cities: []
[2025-04-18T05:24:51.500+0000] {attractions_dag.py:248} INFO - Scraping place 3/15: https://www.triphobo.com/places/san-francisco-united-states/fillmore-street
[2025-04-18T05:24:55.141+0000] {attractions_dag.py:248} INFO - Scraping place 4/15: https://www.triphobo.com/places/san-francisco-united-states/union-street
[2025-04-18T05:24:58.830+0000] {attractions_dag.py:248} INFO - Scraping place 5/15: https://www.triphobo.com/places/san-francisco-united-states/pier-23-cafe
[2025-04-18T05:25:04.501+0000] {attractions_dag.py:248} INFO - Scraping place 6/15: https://www.triphobo.com/places/san-francisco-united-states/balmy-alley-murals
[2025-04-18T05:25:08.261+0000] {attractions_dag.py:248} INFO - Scraping place 7/15: https://www.triphobo.com/places/san-francisco-united-states/16th-avenue-tiled-steps
[2025-04-18T05:25:11.967+0000] {attractions_dag.py:173} INFO - Saved checkpoint: City 1, Page 6, Completed cities: []
[2025-04-18T05:25:11.968+0000] {attractions_dag.py:248} INFO - Scraping place 8/15: https://www.triphobo.com/places/san-francisco-united-states/fort-mason-center-for-arts-and-culture
[2025-04-18T05:25:15.613+0000] {attractions_dag.py:248} INFO - Scraping place 9/15: https://www.triphobo.com/places/san-francisco-united-states/sea-lion-center
[2025-04-18T05:25:19.329+0000] {attractions_dag.py:248} INFO - Scraping place 10/15: https://www.triphobo.com/places/san-francisco-united-states/nordstrom
[2025-04-18T05:25:24.978+0000] {attractions_dag.py:248} INFO - Scraping place 11/15: https://www.triphobo.com/places/san-francisco-united-states/redwood-room
[2025-04-18T05:25:28.826+0000] {attractions_dag.py:248} INFO - Scraping place 12/15: https://www.triphobo.com/places/san-francisco-united-states/war-memorial-opera-house
[2025-04-18T05:25:32.597+0000] {attractions_dag.py:173} INFO - Saved checkpoint: City 1, Page 6, Completed cities: []
[2025-04-18T05:25:32.598+0000] {attractions_dag.py:248} INFO - Scraping place 13/15: https://www.triphobo.com/places/san-francisco-united-states/buena-vista-park
[2025-04-18T05:25:36.293+0000] {attractions_dag.py:248} INFO - Scraping place 14/15: https://www.triphobo.com/places/san-francisco-united-states/saints-peter-and-paul-church
[2025-04-18T05:25:39.992+0000] {attractions_dag.py:248} INFO - Scraping place 15/15: https://www.triphobo.com/places/san-francisco-united-states/pacific-heights
[2025-04-18T05:25:45.685+0000] {attractions_dag.py:173} INFO - Saved checkpoint: City 1, Page 7, Completed cities: []
[2025-04-18T05:25:45.685+0000] {attractions_dag.py:226} INFO - Scraping page 7/10: https://www.triphobo.com/places/san-francisco-united-states/things-to-do?page=7
[2025-04-18T05:25:50.426+0000] {attractions_dag.py:230} INFO - Found 14 attraction links
[2025-04-18T05:25:50.426+0000] {attractions_dag.py:248} INFO - Scraping place 1/14: https://www.triphobo.com/places/san-francisco-united-states/maritime-museum
[2025-04-18T05:25:54.080+0000] {attractions_dag.py:248} INFO - Scraping place 2/14: https://www.triphobo.com/places/san-francisco-united-states/pier-7
[2025-04-18T05:25:57.895+0000] {attractions_dag.py:173} INFO - Saved checkpoint: City 1, Page 7, Completed cities: []
[2025-04-18T05:25:57.895+0000] {attractions_dag.py:248} INFO - Scraping place 3/14: https://www.triphobo.com/places/san-francisco-united-states/greenwich-steps
[2025-04-18T05:26:01.560+0000] {attractions_dag.py:248} INFO - Scraping place 4/14: https://www.triphobo.com/places/san-francisco-united-states/panhandle-at-golden-gate-park
[2025-04-18T05:26:05.399+0000] {attractions_dag.py:248} INFO - Scraping place 5/14: https://www.triphobo.com/places/san-francisco-united-states/warfield-theater
[2025-04-18T05:26:11.055+0000] {attractions_dag.py:248} INFO - Scraping place 6/14: https://www.triphobo.com/places/san-francisco-united-states/american-conservatory-theater
[2025-04-18T05:26:14.715+0000] {attractions_dag.py:248} INFO - Scraping place 7/14: https://www.triphobo.com/places/san-francisco-united-states/museum-of-the-african-diaspora
[2025-04-18T05:26:18.352+0000] {attractions_dag.py:173} INFO - Saved checkpoint: City 1, Page 7, Completed cities: []
[2025-04-18T05:26:18.353+0000] {attractions_dag.py:248} INFO - Scraping place 8/14: https://www.triphobo.com/places/san-francisco-united-states/noe-valley
[2025-04-18T05:26:22.043+0000] {attractions_dag.py:248} INFO - Scraping place 9/14: https://www.triphobo.com/places/san-francisco-united-states/angel-island-immigration-station
[2025-04-18T05:26:25.686+0000] {attractions_dag.py:248} INFO - Scraping place 10/14: https://www.triphobo.com/places/san-francisco-united-states/hayes-valley
[2025-04-18T05:26:31.399+0000] {attractions_dag.py:248} INFO - Scraping place 11/14: https://www.triphobo.com/places/san-francisco-united-states/heart-of-the-city-farmers-market
[2025-04-18T05:26:35.178+0000] {attractions_dag.py:248} INFO - Scraping place 12/14: https://www.triphobo.com/places/san-francisco-united-states/sfo-aviation-museum
[2025-04-18T05:26:38.912+0000] {attractions_dag.py:173} INFO - Saved checkpoint: City 1, Page 7, Completed cities: []
[2025-04-18T05:26:38.912+0000] {attractions_dag.py:248} INFO - Scraping place 13/14: https://www.triphobo.com/places/san-francisco-united-states/gump-s
[2025-04-18T05:26:42.815+0000] {attractions_dag.py:248} INFO - Scraping place 14/14: https://www.triphobo.com/places/san-francisco-united-states/candy-baron
[2025-04-18T05:26:48.487+0000] {attractions_dag.py:173} INFO - Saved checkpoint: City 1, Page 8, Completed cities: []
[2025-04-18T05:26:48.488+0000] {attractions_dag.py:226} INFO - Scraping page 8/10: https://www.triphobo.com/places/san-francisco-united-states/things-to-do?page=8
[2025-04-18T05:26:53.455+0000] {attractions_dag.py:230} INFO - Found 14 attraction links
[2025-04-18T05:26:53.457+0000] {attractions_dag.py:248} INFO - Scraping place 1/14: https://www.triphobo.com/places/san-francisco-united-states/corona-heights-park
[2025-04-18T05:26:57.154+0000] {attractions_dag.py:248} INFO - Scraping place 2/14: https://www.triphobo.com/places/san-francisco-united-states/grateful-dead-house
[2025-04-18T05:27:00.867+0000] {attractions_dag.py:248} INFO - Scraping place 3/14: https://www.triphobo.com/places/san-francisco-united-states/pioneer-monument
[2025-04-18T05:27:04.583+0000] {attractions_dag.py:173} INFO - Saved checkpoint: City 1, Page 8, Completed cities: []
[2025-04-18T05:27:04.584+0000] {attractions_dag.py:248} INFO - Scraping place 4/14: https://www.triphobo.com/places/san-francisco-united-states/speakeasy-ales-and-lagers
[2025-04-18T05:27:08.274+0000] {attractions_dag.py:248} INFO - Scraping place 5/14: https://www.triphobo.com/places/san-francisco-united-states/san-francisco-national-cemetery
[2025-04-18T05:27:14.048+0000] {attractions_dag.py:248} INFO - Scraping place 6/14: https://www.triphobo.com/places/san-francisco-united-states/clarion-alley-murals
[2025-04-18T05:27:17.787+0000] {attractions_dag.py:248} INFO - Scraping place 7/14: https://www.triphobo.com/places/san-francisco-united-states/hendrik-point
[2025-04-18T05:27:21.442+0000] {attractions_dag.py:248} INFO - Scraping place 8/14: https://www.triphobo.com/places/san-francisco-united-states/don-edwards-san-francisco-bay-wildlife-refuge
[2025-04-18T05:27:25.151+0000] {attractions_dag.py:173} INFO - Saved checkpoint: City 1, Page 8, Completed cities: []
[2025-04-18T05:27:25.151+0000] {attractions_dag.py:248} INFO - Scraping place 9/14: https://www.triphobo.com/places/san-francisco-united-states/women-s-building-mural
[2025-04-18T05:27:28.925+0000] {attractions_dag.py:248} INFO - Scraping place 10/14: https://www.triphobo.com/places/san-francisco-united-states/yerba-buena-center-for-the-arts-ybca
[2025-04-18T05:27:34.652+0000] {attractions_dag.py:248} INFO - Scraping place 11/14: https://www.triphobo.com/places/san-francisco-united-states/sutro-heights-park
[2025-04-18T05:27:38.350+0000] {attractions_dag.py:248} INFO - Scraping place 12/14: https://www.triphobo.com/places/san-francisco-united-states/camera-obscura
[2025-04-18T05:27:42.549+0000] {attractions_dag.py:248} INFO - Scraping place 13/14: https://www.triphobo.com/places/san-francisco-united-states/chinese-historical-society-of-america-museum
[2025-04-18T05:27:46.258+0000] {attractions_dag.py:173} INFO - Saved checkpoint: City 1, Page 8, Completed cities: []
[2025-04-18T05:27:46.259+0000] {attractions_dag.py:248} INFO - Scraping place 14/14: https://www.triphobo.com/places/san-francisco-united-states/autodesk-gallery
[2025-04-18T05:27:51.989+0000] {attractions_dag.py:173} INFO - Saved checkpoint: City 1, Page 9, Completed cities: []
[2025-04-18T05:27:51.990+0000] {attractions_dag.py:226} INFO - Scraping page 9/10: https://www.triphobo.com/places/san-francisco-united-states/things-to-do?page=9
[2025-04-18T05:27:56.309+0000] {attractions_dag.py:230} INFO - Found 15 attraction links
[2025-04-18T05:27:56.309+0000] {attractions_dag.py:248} INFO - Scraping place 1/15: https://www.triphobo.com/places/san-francisco-united-states/national-aids-memorial-grove
[2025-04-18T05:27:59.973+0000] {attractions_dag.py:248} INFO - Scraping place 2/15: https://www.triphobo.com/places/san-francisco-united-states/the-national-shrine-of-saint-francis-of-assisi
[2025-04-18T05:28:03.784+0000] {attractions_dag.py:248} INFO - Scraping place 3/15: https://www.triphobo.com/places/san-francisco-united-states/cellarmaker-brewing-company
[2025-04-18T05:28:07.460+0000] {attractions_dag.py:248} INFO - Scraping place 4/15: https://www.triphobo.com/places/san-francisco-united-states/mount-davidson
[2025-04-18T05:28:11.180+0000] {attractions_dag.py:173} INFO - Saved checkpoint: City 1, Page 9, Completed cities: []
[2025-04-18T05:28:11.181+0000] {attractions_dag.py:248} INFO - Scraping place 5/15: https://www.triphobo.com/places/san-francisco-united-states/hard-rock-cafe-san-francisco
[2025-04-18T05:28:16.823+0000] {attractions_dag.py:248} INFO - Scraping place 6/15: https://www.triphobo.com/places/san-francisco-united-states/potrero-hill
[2025-04-18T05:28:20.515+0000] {attractions_dag.py:248} INFO - Scraping place 7/15: https://www.triphobo.com/places/san-francisco-united-states/neptune-society-columbarium
[2025-04-18T05:28:24.234+0000] {attractions_dag.py:248} INFO - Scraping place 8/15: https://www.triphobo.com/places/san-francisco-united-states/lotta-s-fountain
[2025-04-18T05:28:27.951+0000] {attractions_dag.py:248} INFO - Scraping place 9/15: https://www.triphobo.com/places/san-francisco-united-states/alemany-flea-market
[2025-04-18T05:28:31.694+0000] {attractions_dag.py:173} INFO - Saved checkpoint: City 1, Page 9, Completed cities: []
[2025-04-18T05:28:31.694+0000] {attractions_dag.py:248} INFO - Scraping place 10/15: https://www.triphobo.com/places/san-francisco-united-states/the-castro
[2025-04-18T05:28:37.429+0000] {attractions_dag.py:248} INFO - Scraping place 11/15: https://www.triphobo.com/places/san-francisco-united-states/vermont-street
[2025-04-18T05:28:41.186+0000] {attractions_dag.py:248} INFO - Scraping place 12/15: https://www.triphobo.com/places/san-francisco-united-states/anchor-brewing-company
[2025-04-18T05:28:44.884+0000] {attractions_dag.py:248} INFO - Scraping place 13/15: https://www.triphobo.com/places/san-francisco-united-states/henry-m-jackson-playground
[2025-04-18T05:28:48.632+0000] {attractions_dag.py:248} INFO - Scraping place 14/15: https://www.triphobo.com/places/san-francisco-united-states/christopher-s-books
[2025-04-18T05:28:52.338+0000] {attractions_dag.py:173} INFO - Saved checkpoint: City 1, Page 9, Completed cities: []
[2025-04-18T05:28:52.338+0000] {attractions_dag.py:248} INFO - Scraping place 15/15: https://www.triphobo.com/places/san-francisco-united-states/masonic-temple
[2025-04-18T05:28:58.164+0000] {attractions_dag.py:173} INFO - Saved checkpoint: City 1, Page 10, Completed cities: []
[2025-04-18T05:28:58.164+0000] {attractions_dag.py:226} INFO - Scraping page 10/10: https://www.triphobo.com/places/san-francisco-united-states/things-to-do?page=10
[2025-04-18T05:29:02.748+0000] {attractions_dag.py:230} INFO - Found 15 attraction links
[2025-04-18T05:29:02.748+0000] {attractions_dag.py:248} INFO - Scraping place 1/15: https://www.triphobo.com/places/san-francisco-united-states/beach-chalet-brewery-restaurant
[2025-04-18T05:29:06.413+0000] {attractions_dag.py:248} INFO - Scraping place 2/15: https://www.triphobo.com/places/san-francisco-united-states/the-magic-theatre
[2025-04-18T05:29:10.090+0000] {attractions_dag.py:248} INFO - Scraping place 3/15: https://www.triphobo.com/places/san-francisco-united-states/hidden-garden-steps
[2025-04-18T05:29:13.742+0000] {attractions_dag.py:248} INFO - Scraping place 4/15: https://www.triphobo.com/places/san-francisco-united-states/san-francisco-flower-mart
[2025-04-18T05:29:17.448+0000] {attractions_dag.py:173} INFO - Saved checkpoint: City 1, Page 10, Completed cities: []
[2025-04-18T05:29:17.449+0000] {attractions_dag.py:248} INFO - Scraping place 5/15: https://www.triphobo.com/places/san-francisco-united-states/the-flood-building
[2025-04-18T05:29:23.253+0000] {attractions_dag.py:248} INFO - Scraping place 6/15: https://www.triphobo.com/places/san-francisco-united-states/stockton-street
[2025-04-18T05:29:26.983+0000] {attractions_dag.py:248} INFO - Scraping place 7/15: https://www.triphobo.com/places/san-francisco-united-states/crocker-galleria
[2025-04-18T05:29:30.659+0000] {attractions_dag.py:248} INFO - Scraping place 8/15: https://www.triphobo.com/places/san-francisco-united-states/maiden-lane
[2025-04-18T05:29:34.471+0000] {attractions_dag.py:248} INFO - Scraping place 9/15: https://www.triphobo.com/places/san-francisco-united-states/museo-italo-americano
[2025-04-18T05:29:38.187+0000] {attractions_dag.py:173} INFO - Saved checkpoint: City 1, Page 10, Completed cities: []
[2025-04-18T05:29:38.188+0000] {attractions_dag.py:248} INFO - Scraping place 10/15: https://www.triphobo.com/places/san-francisco-united-states/pier-24-photography-museum
[2025-04-18T05:29:43.928+0000] {attractions_dag.py:248} INFO - Scraping place 11/15: https://www.triphobo.com/places/san-francisco-united-states/swedenborgian-church
[2025-04-18T05:29:47.672+0000] {attractions_dag.py:248} INFO - Scraping place 12/15: https://www.triphobo.com/places/san-francisco-united-states/sacramento-street
[2025-04-18T05:29:51.315+0000] {attractions_dag.py:248} INFO - Scraping place 13/15: https://www.triphobo.com/places/san-francisco-united-states/occidental-cigar-club
[2025-04-18T05:29:55.016+0000] {attractions_dag.py:248} INFO - Scraping place 14/15: https://www.triphobo.com/places/san-francisco-united-states/castro-theatre
[2025-04-18T05:29:58.718+0000] {attractions_dag.py:173} INFO - Saved checkpoint: City 1, Page 10, Completed cities: []
[2025-04-18T05:29:58.719+0000] {attractions_dag.py:248} INFO - Scraping place 15/15: https://www.triphobo.com/places/san-francisco-united-states/uss-pampanito
[2025-04-18T05:30:04.395+0000] {attractions_dag.py:173} INFO - Saved checkpoint: City 1, Page 11, Completed cities: []
[2025-04-18T05:30:04.443+0000] {attractions_dag.py:294} INFO - Completed scraping San Francisco United States, found 146 new attractions
[2025-04-18T05:30:04.450+0000] {attractions_dag.py:173} INFO - Saved checkpoint: City 2, Page 1, Completed cities: ['San Francisco United States']
[2025-04-18T05:30:04.457+0000] {attractions_dag.py:346} INFO - All cities have been scraped!
[2025-04-18T05:30:04.458+0000] {python.py:240} INFO - Done. Returned value was: Processed city 1 (san-francisco-united-states), found 236 attractions
[2025-04-18T05:30:04.468+0000] {taskinstance.py:340} INFO - ::group::Post task execution logs
[2025-04-18T05:30:04.469+0000] {taskinstance.py:352} INFO - Marking task as SUCCESS. dag_id=triphobo_attractions_scrape, task_id=process_next_city, run_id=scheduled__2025-04-17T04:00:00+00:00, execution_date=20250417T040000, start_date=20250418T051911, end_date=20250418T053004
[2025-04-18T05:30:04.507+0000] {local_task_job_runner.py:266} INFO - Task exited with return code 0
[2025-04-18T05:30:04.521+0000] {local_task_job_runner.py:245} INFO - ::endgroup::
