[2025-04-18T03:53:46.830+0000] {local_task_job_runner.py:123} INFO - ::group::Pre task execution logs
[2025-04-18T03:53:46.839+0000] {taskinstance.py:2613} INFO - Dependencies all met for dep_context=non-requeueable deps ti=<TaskInstance: triphobo_tours_pipeline.verify_env_vars scheduled__2025-04-16T11:30:00+00:00 [queued]>
[2025-04-18T03:53:46.846+0000] {taskinstance.py:2613} INFO - Dependencies all met for dep_context=requeueable deps ti=<TaskInstance: triphobo_tours_pipeline.verify_env_vars scheduled__2025-04-16T11:30:00+00:00 [queued]>
[2025-04-18T03:53:46.848+0000] {taskinstance.py:2866} INFO - Starting attempt 1 of 1
[2025-04-18T03:53:46.854+0000] {taskinstance.py:2889} INFO - Executing <Task(PythonOperator): verify_env_vars> on 2025-04-16 11:30:00+00:00
[2025-04-18T03:53:46.859+0000] {warnings.py:112} WARNING - /home/***/.local/lib/python3.12/site-packages/***/task/task_runner/standard_task_runner.py:70: DeprecationWarning: This process (pid=1585) is multi-threaded, use of fork() may lead to deadlocks in the child.
  pid = os.fork()

[2025-04-18T03:53:46.859+0000] {standard_task_runner.py:72} INFO - Started process 1587 to run task
[2025-04-18T03:53:46.860+0000] {standard_task_runner.py:104} INFO - Running: ['***', 'tasks', 'run', 'triphobo_tours_pipeline', 'verify_env_vars', 'scheduled__2025-04-16T11:30:00+00:00', '--job-id', '15', '--raw', '--subdir', 'DAGS_FOLDER/itinerary_tours_dag.py', '--cfg-path', '/tmp/tmpvk9th8gm']
[2025-04-18T03:53:46.861+0000] {standard_task_runner.py:105} INFO - Job 15: Subtask verify_env_vars
[2025-04-18T03:53:46.898+0000] {task_command.py:467} INFO - Running <TaskInstance: triphobo_tours_pipeline.verify_env_vars scheduled__2025-04-16T11:30:00+00:00 [running]> on host a8651540ef5d
[2025-04-18T03:53:46.947+0000] {taskinstance.py:3132} INFO - Exporting env vars: AIRFLOW_CTX_DAG_OWNER='***' AIRFLOW_CTX_DAG_ID='triphobo_tours_pipeline' AIRFLOW_CTX_TASK_ID='verify_env_vars' AIRFLOW_CTX_EXECUTION_DATE='2025-04-16T11:30:00+00:00' AIRFLOW_CTX_TRY_NUMBER='1' AIRFLOW_CTX_DAG_RUN_ID='scheduled__2025-04-16T11:30:00+00:00'
[2025-04-18T03:53:46.948+0000] {taskinstance.py:731} INFO - ::endgroup::
[2025-04-18T03:53:46.960+0000] {itinerary_tours_dag.py:76} INFO - All required environment variables are set
[2025-04-18T03:53:46.960+0000] {python.py:240} INFO - Done. Returned value was: True
[2025-04-18T03:53:46.972+0000] {taskinstance.py:340} INFO - ::group::Post task execution logs
[2025-04-18T03:53:46.973+0000] {taskinstance.py:352} INFO - Marking task as SUCCESS. dag_id=triphobo_tours_pipeline, task_id=verify_env_vars, run_id=scheduled__2025-04-16T11:30:00+00:00, execution_date=20250416T113000, start_date=20250418T035346, end_date=20250418T035346
[2025-04-18T03:53:47.000+0000] {local_task_job_runner.py:266} INFO - Task exited with return code 0
[2025-04-18T03:53:47.009+0000] {taskinstance.py:3895} INFO - 1 downstream tasks scheduled from follow-on schedule check
[2025-04-18T03:53:47.010+0000] {local_task_job_runner.py:245} INFO - ::endgroup::
[2025-04-18T04:04:27.272+0000] {local_task_job_runner.py:123} INFO - ::group::Pre task execution logs
[2025-04-18T04:04:27.283+0000] {taskinstance.py:2613} INFO - Dependencies all met for dep_context=non-requeueable deps ti=<TaskInstance: triphobo_tours_pipeline.verify_env_vars scheduled__2025-04-16T11:30:00+00:00 [queued]>
[2025-04-18T04:04:27.286+0000] {taskinstance.py:2613} INFO - Dependencies all met for dep_context=requeueable deps ti=<TaskInstance: triphobo_tours_pipeline.verify_env_vars scheduled__2025-04-16T11:30:00+00:00 [queued]>
[2025-04-18T04:04:27.287+0000] {taskinstance.py:2866} INFO - Starting attempt 1 of 1
[2025-04-18T04:04:27.295+0000] {taskinstance.py:2889} INFO - Executing <Task(PythonOperator): verify_env_vars> on 2025-04-16 11:30:00+00:00
[2025-04-18T04:04:27.299+0000] {warnings.py:112} WARNING - /home/***/.local/lib/python3.12/site-packages/***/task/task_runner/standard_task_runner.py:70: DeprecationWarning: This process (pid=78) is multi-threaded, use of fork() may lead to deadlocks in the child.
  pid = os.fork()

[2025-04-18T04:04:27.300+0000] {standard_task_runner.py:104} INFO - Running: ['***', 'tasks', 'run', 'triphobo_tours_pipeline', 'verify_env_vars', 'scheduled__2025-04-16T11:30:00+00:00', '--job-id', '21', '--raw', '--subdir', 'DAGS_FOLDER/itinerary_tours_dag.py', '--cfg-path', '/tmp/tmpjecac27h']
[2025-04-18T04:04:27.303+0000] {standard_task_runner.py:72} INFO - Started process 79 to run task
[2025-04-18T04:04:27.303+0000] {standard_task_runner.py:105} INFO - Job 21: Subtask verify_env_vars
[2025-04-18T04:04:27.325+0000] {task_command.py:467} INFO - Running <TaskInstance: triphobo_tours_pipeline.verify_env_vars scheduled__2025-04-16T11:30:00+00:00 [running]> on host f6e0577a83d0
[2025-04-18T04:04:27.352+0000] {taskinstance.py:3132} INFO - Exporting env vars: AIRFLOW_CTX_DAG_OWNER='***' AIRFLOW_CTX_DAG_ID='triphobo_tours_pipeline' AIRFLOW_CTX_TASK_ID='verify_env_vars' AIRFLOW_CTX_EXECUTION_DATE='2025-04-16T11:30:00+00:00' AIRFLOW_CTX_TRY_NUMBER='1' AIRFLOW_CTX_DAG_RUN_ID='scheduled__2025-04-16T11:30:00+00:00'
[2025-04-18T04:04:27.353+0000] {taskinstance.py:731} INFO - ::endgroup::
[2025-04-18T04:04:27.537+0000] {itinerary_tours_dag.py:76} INFO - All required environment variables are set
[2025-04-18T04:04:27.537+0000] {python.py:240} INFO - Done. Returned value was: True
[2025-04-18T04:04:27.552+0000] {taskinstance.py:340} INFO - ::group::Post task execution logs
[2025-04-18T04:04:27.553+0000] {taskinstance.py:352} INFO - Marking task as SUCCESS. dag_id=triphobo_tours_pipeline, task_id=verify_env_vars, run_id=scheduled__2025-04-16T11:30:00+00:00, execution_date=20250416T113000, start_date=20250418T040427, end_date=20250418T040427
[2025-04-18T04:04:27.570+0000] {local_task_job_runner.py:266} INFO - Task exited with return code 0
[2025-04-18T04:04:27.584+0000] {taskinstance.py:3895} INFO - 1 downstream tasks scheduled from follow-on schedule check
[2025-04-18T04:04:27.585+0000] {local_task_job_runner.py:245} INFO - ::endgroup::
[2025-04-18T04:05:28.734+0000] {local_task_job_runner.py:123} INFO - ::group::Pre task execution logs
[2025-04-18T04:05:28.740+0000] {taskinstance.py:2613} INFO - Dependencies all met for dep_context=non-requeueable deps ti=<TaskInstance: triphobo_tours_pipeline.verify_env_vars scheduled__2025-04-16T11:30:00+00:00 [queued]>
[2025-04-18T04:05:28.743+0000] {taskinstance.py:2613} INFO - Dependencies all met for dep_context=requeueable deps ti=<TaskInstance: triphobo_tours_pipeline.verify_env_vars scheduled__2025-04-16T11:30:00+00:00 [queued]>
[2025-04-18T04:05:28.743+0000] {taskinstance.py:2866} INFO - Starting attempt 1 of 1
[2025-04-18T04:05:28.747+0000] {taskinstance.py:2889} INFO - Executing <Task(PythonOperator): verify_env_vars> on 2025-04-16 11:30:00+00:00
[2025-04-18T04:05:28.750+0000] {warnings.py:112} WARNING - /home/***/.local/lib/python3.12/site-packages/***/task/task_runner/standard_task_runner.py:70: DeprecationWarning: This process (pid=331) is multi-threaded, use of fork() may lead to deadlocks in the child.
  pid = os.fork()

[2025-04-18T04:05:28.751+0000] {standard_task_runner.py:72} INFO - Started process 332 to run task
[2025-04-18T04:05:28.752+0000] {standard_task_runner.py:104} INFO - Running: ['***', 'tasks', 'run', 'triphobo_tours_pipeline', 'verify_env_vars', 'scheduled__2025-04-16T11:30:00+00:00', '--job-id', '25', '--raw', '--subdir', 'DAGS_FOLDER/itinerary_tours_dag.py', '--cfg-path', '/tmp/tmp67yvfvpc']
[2025-04-18T04:05:28.753+0000] {standard_task_runner.py:105} INFO - Job 25: Subtask verify_env_vars
[2025-04-18T04:05:28.778+0000] {task_command.py:467} INFO - Running <TaskInstance: triphobo_tours_pipeline.verify_env_vars scheduled__2025-04-16T11:30:00+00:00 [running]> on host f6e0577a83d0
[2025-04-18T04:05:28.810+0000] {taskinstance.py:3132} INFO - Exporting env vars: AIRFLOW_CTX_DAG_OWNER='***' AIRFLOW_CTX_DAG_ID='triphobo_tours_pipeline' AIRFLOW_CTX_TASK_ID='verify_env_vars' AIRFLOW_CTX_EXECUTION_DATE='2025-04-16T11:30:00+00:00' AIRFLOW_CTX_TRY_NUMBER='1' AIRFLOW_CTX_DAG_RUN_ID='scheduled__2025-04-16T11:30:00+00:00'
[2025-04-18T04:05:28.811+0000] {taskinstance.py:731} INFO - ::endgroup::
[2025-04-18T04:05:28.817+0000] {itinerary_tours_dag.py:76} INFO - All required environment variables are set
[2025-04-18T04:05:28.817+0000] {python.py:240} INFO - Done. Returned value was: True
[2025-04-18T04:05:28.827+0000] {taskinstance.py:340} INFO - ::group::Post task execution logs
[2025-04-18T04:05:28.827+0000] {taskinstance.py:352} INFO - Marking task as SUCCESS. dag_id=triphobo_tours_pipeline, task_id=verify_env_vars, run_id=scheduled__2025-04-16T11:30:00+00:00, execution_date=20250416T113000, start_date=20250418T040528, end_date=20250418T040528
[2025-04-18T04:05:28.849+0000] {local_task_job_runner.py:266} INFO - Task exited with return code 0
[2025-04-18T04:05:28.854+0000] {local_task_job_runner.py:245} INFO - ::endgroup::
