[2025-04-18T01:26:00.663+0000] {local_task_job_runner.py:123} INFO - ::group::Pre task execution logs
[2025-04-18T01:26:00.668+0000] {taskinstance.py:2613} INFO - Dependencies all met for dep_context=non-requeueable deps ti=<TaskInstance: ihg_hotels_dag.upload_to_s3 scheduled__2025-04-16T21:45:00+00:00 [queued]>
[2025-04-18T01:26:00.670+0000] {taskinstance.py:2613} INFO - Dependencies all met for dep_context=requeueable deps ti=<TaskInstance: ihg_hotels_dag.upload_to_s3 scheduled__2025-04-16T21:45:00+00:00 [queued]>
[2025-04-18T01:26:00.671+0000] {taskinstance.py:2866} INFO - Starting attempt 1 of 1
[2025-04-18T01:26:00.674+0000] {taskinstance.py:2889} INFO - Executing <Task(PythonOperator): upload_to_s3> on 2025-04-16 21:45:00+00:00
[2025-04-18T01:26:00.677+0000] {warnings.py:112} WARNING - /home/***/.local/lib/python3.12/site-packages/***/task/task_runner/standard_task_runner.py:70: DeprecationWarning: This process (pid=547) is multi-threaded, use of fork() may lead to deadlocks in the child.
  pid = os.fork()

[2025-04-18T01:26:00.678+0000] {standard_task_runner.py:72} INFO - Started process 548 to run task
[2025-04-18T01:26:00.678+0000] {standard_task_runner.py:104} INFO - Running: ['***', 'tasks', 'run', 'ihg_hotels_dag', 'upload_to_s3', 'scheduled__2025-04-16T21:45:00+00:00', '--job-id', '443', '--raw', '--subdir', 'DAGS_FOLDER/hotel_scrape_dag.py', '--cfg-path', '/tmp/tmp5ryoojed']
[2025-04-18T01:26:00.679+0000] {standard_task_runner.py:105} INFO - Job 443: Subtask upload_to_s3
[2025-04-18T01:26:00.694+0000] {task_command.py:467} INFO - Running <TaskInstance: ihg_hotels_dag.upload_to_s3 scheduled__2025-04-16T21:45:00+00:00 [running]> on host 56616e1d0c73
[2025-04-18T01:26:00.719+0000] {taskinstance.py:3132} INFO - Exporting env vars: AIRFLOW_CTX_DAG_OWNER='***' AIRFLOW_CTX_DAG_ID='ihg_hotels_dag' AIRFLOW_CTX_TASK_ID='upload_to_s3' AIRFLOW_CTX_EXECUTION_DATE='2025-04-16T21:45:00+00:00' AIRFLOW_CTX_TRY_NUMBER='1' AIRFLOW_CTX_DAG_RUN_ID='scheduled__2025-04-16T21:45:00+00:00'
[2025-04-18T01:26:00.719+0000] {taskinstance.py:731} INFO - ::endgroup::
[2025-04-18T01:26:01.726+0000] {hotel_scrape_dag.py:582} INFO - Uploaded geocoded data to s3://bigdatafinal2025/hotels/multi_city_ihg_hotels.csv
[2025-04-18T01:26:01.731+0000] {python.py:240} INFO - Done. Returned value was: None
[2025-04-18T01:26:01.745+0000] {taskinstance.py:340} INFO - ::group::Post task execution logs
[2025-04-18T01:26:01.746+0000] {taskinstance.py:352} INFO - Marking task as SUCCESS. dag_id=ihg_hotels_dag, task_id=upload_to_s3, run_id=scheduled__2025-04-16T21:45:00+00:00, execution_date=20250416T214500, start_date=20250418T012600, end_date=20250418T012601
[2025-04-18T01:26:01.798+0000] {local_task_job_runner.py:266} INFO - Task exited with return code 0
[2025-04-18T01:26:01.813+0000] {taskinstance.py:3895} INFO - 1 downstream tasks scheduled from follow-on schedule check
[2025-04-18T01:26:01.815+0000] {local_task_job_runner.py:245} INFO - ::endgroup::
