[2025-04-13T20:44:07.277+0000] {local_task_job_runner.py:123} INFO - ::group::Pre task execution logs
[2025-04-13T20:44:07.281+0000] {taskinstance.py:2613} INFO - Dependencies all met for dep_context=non-requeueable deps ti=<TaskInstance: ihg_hotels_dag.scrape_hotels manual__2025-04-13T20:44:06.465905+00:00 [queued]>
[2025-04-13T20:44:07.284+0000] {taskinstance.py:2613} INFO - Dependencies all met for dep_context=requeueable deps ti=<TaskInstance: ihg_hotels_dag.scrape_hotels manual__2025-04-13T20:44:06.465905+00:00 [queued]>
[2025-04-13T20:44:07.284+0000] {taskinstance.py:2866} INFO - Starting attempt 1 of 2
[2025-04-13T20:44:07.287+0000] {taskinstance.py:2889} INFO - Executing <Task(PythonOperator): scrape_hotels> on 2025-04-13 20:44:06.465905+00:00
[2025-04-13T20:44:07.290+0000] {warnings.py:112} WARNING - /home/***/.local/lib/python3.12/site-packages/***/task/task_runner/standard_task_runner.py:70: DeprecationWarning: This process (pid=186) is multi-threaded, use of fork() may lead to deadlocks in the child.
  pid = os.fork()

[2025-04-13T20:44:07.290+0000] {standard_task_runner.py:72} INFO - Started process 187 to run task
[2025-04-13T20:44:07.291+0000] {standard_task_runner.py:104} INFO - Running: ['***', 'tasks', 'run', 'ihg_hotels_dag', 'scrape_hotels', 'manual__2025-04-13T20:44:06.465905+00:00', '--job-id', '180', '--raw', '--subdir', 'DAGS_FOLDER/hotel_scrape_dag.py', '--cfg-path', '/tmp/tmpwdnvot99']
[2025-04-13T20:44:07.292+0000] {standard_task_runner.py:105} INFO - Job 180: Subtask scrape_hotels
[2025-04-13T20:44:07.307+0000] {task_command.py:467} INFO - Running <TaskInstance: ihg_hotels_dag.scrape_hotels manual__2025-04-13T20:44:06.465905+00:00 [running]> on host 2af885ea35b8
[2025-04-13T20:44:07.330+0000] {taskinstance.py:3132} INFO - Exporting env vars: AIRFLOW_CTX_DAG_OWNER='***' AIRFLOW_CTX_DAG_ID='ihg_hotels_dag' AIRFLOW_CTX_TASK_ID='scrape_hotels' AIRFLOW_CTX_EXECUTION_DATE='2025-04-13T20:44:06.465905+00:00' AIRFLOW_CTX_TRY_NUMBER='1' AIRFLOW_CTX_DAG_RUN_ID='manual__2025-04-13T20:44:06.465905+00:00'
[2025-04-13T20:44:07.331+0000] {taskinstance.py:731} INFO - ::endgroup::
[2025-04-13T20:44:07.521+0000] {hotel_scrape_dag.py:108} INFO - Scraping hotels in New York...
[2025-04-13T20:44:13.735+0000] {hotel_scrape_dag.py:108} INFO - Scraping hotels in San Francisco...
[2025-04-13T20:44:19.823+0000] {hotel_scrape_dag.py:108} INFO - Scraping hotels in Chicago...
[2025-04-13T20:44:25.915+0000] {hotel_scrape_dag.py:108} INFO - Scraping hotels in Seattle...
[2025-04-13T20:44:32.005+0000] {hotel_scrape_dag.py:108} INFO - Scraping hotels in Las Vegas...
[2025-04-13T20:44:38.088+0000] {hotel_scrape_dag.py:108} INFO - Scraping hotels in Los Angeles...
[2025-04-13T20:44:44.698+0000] {hotel_scrape_dag.py:116} INFO - ✅ Saved 0 records to multi_city_ihg_hotels.csv
[2025-04-13T20:44:44.698+0000] {python.py:240} INFO - Done. Returned value was: None
[2025-04-13T20:44:44.704+0000] {taskinstance.py:340} INFO - ::group::Post task execution logs
[2025-04-13T20:44:44.704+0000] {taskinstance.py:352} INFO - Marking task as SUCCESS. dag_id=ihg_hotels_dag, task_id=scrape_hotels, run_id=manual__2025-04-13T20:44:06.465905+00:00, execution_date=20250413T204406, start_date=20250413T204407, end_date=20250413T204444
[2025-04-13T20:44:44.730+0000] {local_task_job_runner.py:266} INFO - Task exited with return code 0
[2025-04-13T20:44:44.741+0000] {taskinstance.py:3895} INFO - 1 downstream tasks scheduled from follow-on schedule check
[2025-04-13T20:44:44.741+0000] {local_task_job_runner.py:245} INFO - ::endgroup::
