[2025-04-13T22:44:09.313+0000] {local_task_job_runner.py:123} INFO - ::group::Pre task execution logs
[2025-04-13T22:44:09.317+0000] {taskinstance.py:2613} INFO - Dependencies all met for dep_context=non-requeueable deps ti=<TaskInstance: ihg_hotels_dag.scrape_hotels manual__2025-04-13T22:44:08.239377+00:00 [queued]>
[2025-04-13T22:44:09.319+0000] {taskinstance.py:2613} INFO - Dependencies all met for dep_context=requeueable deps ti=<TaskInstance: ihg_hotels_dag.scrape_hotels manual__2025-04-13T22:44:08.239377+00:00 [queued]>
[2025-04-13T22:44:09.320+0000] {taskinstance.py:2866} INFO - Starting attempt 1 of 2
[2025-04-13T22:44:09.323+0000] {taskinstance.py:2889} INFO - Executing <Task(PythonOperator): scrape_hotels> on 2025-04-13 22:44:08.239377+00:00
[2025-04-13T22:44:09.326+0000] {warnings.py:112} WARNING - /home/***/.local/lib/python3.12/site-packages/***/task/task_runner/standard_task_runner.py:70: DeprecationWarning: This process (pid=697) is multi-threaded, use of fork() may lead to deadlocks in the child.
  pid = os.fork()

[2025-04-13T22:44:09.326+0000] {standard_task_runner.py:72} INFO - Started process 698 to run task
[2025-04-13T22:44:09.327+0000] {standard_task_runner.py:104} INFO - Running: ['***', 'tasks', 'run', 'ihg_hotels_dag', 'scrape_hotels', 'manual__2025-04-13T22:44:08.239377+00:00', '--job-id', '218', '--raw', '--subdir', 'DAGS_FOLDER/hotel_scrape_dag.py', '--cfg-path', '/tmp/tmpsg5xnhtn']
[2025-04-13T22:44:09.328+0000] {standard_task_runner.py:105} INFO - Job 218: Subtask scrape_hotels
[2025-04-13T22:44:09.342+0000] {task_command.py:467} INFO - Running <TaskInstance: ihg_hotels_dag.scrape_hotels manual__2025-04-13T22:44:08.239377+00:00 [running]> on host 599bf25ffed0
[2025-04-13T22:44:09.367+0000] {taskinstance.py:3132} INFO - Exporting env vars: AIRFLOW_CTX_DAG_OWNER='***' AIRFLOW_CTX_DAG_ID='ihg_hotels_dag' AIRFLOW_CTX_TASK_ID='scrape_hotels' AIRFLOW_CTX_EXECUTION_DATE='2025-04-13T22:44:08.239377+00:00' AIRFLOW_CTX_TRY_NUMBER='1' AIRFLOW_CTX_DAG_RUN_ID='manual__2025-04-13T22:44:08.239377+00:00'
[2025-04-13T22:44:09.367+0000] {taskinstance.py:731} INFO - ::endgroup::
[2025-04-13T22:44:09.372+0000] {hotel_scrape_dag.py:67} INFO - Processing New York
[2025-04-13T22:44:09.474+0000] {hotel_scrape_dag.py:83} INFO - Initial request status: 403
[2025-04-13T22:44:09.572+0000] {hotel_scrape_dag.py:95} INFO - Holiday Inn page size: 444
[2025-04-13T22:44:09.573+0000] {hotel_scrape_dag.py:264} INFO - No hotel cards found for New York, trying generic extraction
[2025-04-13T22:44:09.655+0000] {hotel_scrape_dag.py:114} INFO - All brands page size: 429
[2025-04-13T22:44:09.655+0000] {hotel_scrape_dag.py:264} INFO - No hotel cards found for New York, trying generic extraction
[2025-04-13T22:44:09.871+0000] {hotel_scrape_dag.py:171} INFO - Directory page size: 451
[2025-04-13T22:44:09.871+0000] {hotel_scrape_dag.py:264} INFO - No hotel cards found for New York, trying generic extraction
[2025-04-13T22:44:09.872+0000] {hotel_scrape_dag.py:192} WARNING - No hotels found through any method for New York, using fallback data
[2025-04-13T22:44:09.872+0000] {hotel_scrape_dag.py:195} INFO - Added 2 fallback hotels for New York
[2025-04-13T22:44:09.872+0000] {hotel_scrape_dag.py:199} INFO - Waiting 5 seconds before next city
[2025-04-13T22:44:14.873+0000] {hotel_scrape_dag.py:67} INFO - Processing San Francisco
[2025-04-13T22:44:15.021+0000] {hotel_scrape_dag.py:83} INFO - Initial request status: 403
[2025-04-13T22:44:15.099+0000] {hotel_scrape_dag.py:95} INFO - Holiday Inn page size: 444
[2025-04-13T22:44:15.100+0000] {hotel_scrape_dag.py:264} INFO - No hotel cards found for San Francisco, trying generic extraction
[2025-04-13T22:44:15.234+0000] {hotel_scrape_dag.py:114} INFO - All brands page size: 429
[2025-04-13T22:44:15.234+0000] {hotel_scrape_dag.py:264} INFO - No hotel cards found for San Francisco, trying generic extraction
[2025-04-13T22:44:15.412+0000] {hotel_scrape_dag.py:171} INFO - Directory page size: 456
[2025-04-13T22:44:15.412+0000] {hotel_scrape_dag.py:264} INFO - No hotel cards found for San Francisco, trying generic extraction
[2025-04-13T22:44:15.412+0000] {hotel_scrape_dag.py:192} WARNING - No hotels found through any method for San Francisco, using fallback data
[2025-04-13T22:44:15.413+0000] {hotel_scrape_dag.py:195} INFO - Added 1 fallback hotels for San Francisco
[2025-04-13T22:44:15.413+0000] {hotel_scrape_dag.py:199} INFO - Waiting 8 seconds before next city
[2025-04-13T22:44:23.414+0000] {hotel_scrape_dag.py:67} INFO - Processing Chicago
[2025-04-13T22:44:23.584+0000] {hotel_scrape_dag.py:83} INFO - Initial request status: 403
[2025-04-13T22:44:23.691+0000] {hotel_scrape_dag.py:95} INFO - Holiday Inn page size: 444
[2025-04-13T22:44:23.693+0000] {hotel_scrape_dag.py:264} INFO - No hotel cards found for Chicago, trying generic extraction
[2025-04-13T22:44:23.816+0000] {hotel_scrape_dag.py:114} INFO - All brands page size: 429
[2025-04-13T22:44:23.818+0000] {hotel_scrape_dag.py:264} INFO - No hotel cards found for Chicago, trying generic extraction
[2025-04-13T22:44:24.023+0000] {hotel_scrape_dag.py:171} INFO - Directory page size: 444
[2025-04-13T22:44:24.024+0000] {hotel_scrape_dag.py:264} INFO - No hotel cards found for Chicago, trying generic extraction
[2025-04-13T22:44:24.025+0000] {hotel_scrape_dag.py:192} WARNING - No hotels found through any method for Chicago, using fallback data
[2025-04-13T22:44:24.025+0000] {hotel_scrape_dag.py:195} INFO - Added 1 fallback hotels for Chicago
[2025-04-13T22:44:24.025+0000] {hotel_scrape_dag.py:199} INFO - Waiting 5 seconds before next city
[2025-04-13T22:44:29.028+0000] {hotel_scrape_dag.py:67} INFO - Processing Seattle
[2025-04-13T22:44:29.343+0000] {hotel_scrape_dag.py:83} INFO - Initial request status: 403
[2025-04-13T22:44:29.469+0000] {hotel_scrape_dag.py:95} INFO - Holiday Inn page size: 444
[2025-04-13T22:44:29.470+0000] {hotel_scrape_dag.py:264} INFO - No hotel cards found for Seattle, trying generic extraction
[2025-04-13T22:44:29.629+0000] {hotel_scrape_dag.py:114} INFO - All brands page size: 429
[2025-04-13T22:44:29.630+0000] {hotel_scrape_dag.py:264} INFO - No hotel cards found for Seattle, trying generic extraction
[2025-04-13T22:44:29.919+0000] {hotel_scrape_dag.py:171} INFO - Directory page size: 444
[2025-04-13T22:44:29.920+0000] {hotel_scrape_dag.py:264} INFO - No hotel cards found for Seattle, trying generic extraction
[2025-04-13T22:44:29.920+0000] {hotel_scrape_dag.py:192} WARNING - No hotels found through any method for Seattle, using fallback data
[2025-04-13T22:44:29.920+0000] {hotel_scrape_dag.py:195} INFO - Added 1 fallback hotels for Seattle
[2025-04-13T22:44:29.921+0000] {hotel_scrape_dag.py:199} INFO - Waiting 4 seconds before next city
[2025-04-13T22:44:33.924+0000] {hotel_scrape_dag.py:67} INFO - Processing Las Vegas
[2025-04-13T22:44:34.182+0000] {hotel_scrape_dag.py:83} INFO - Initial request status: 403
[2025-04-13T22:44:34.341+0000] {hotel_scrape_dag.py:95} INFO - Holiday Inn page size: 444
[2025-04-13T22:44:34.343+0000] {hotel_scrape_dag.py:264} INFO - No hotel cards found for Las Vegas, trying generic extraction
[2025-04-13T22:44:34.463+0000] {hotel_scrape_dag.py:114} INFO - All brands page size: 429
[2025-04-13T22:44:34.465+0000] {hotel_scrape_dag.py:264} INFO - No hotel cards found for Las Vegas, trying generic extraction
[2025-04-13T22:44:34.707+0000] {hotel_scrape_dag.py:171} INFO - Directory page size: 452
[2025-04-13T22:44:34.709+0000] {hotel_scrape_dag.py:264} INFO - No hotel cards found for Las Vegas, trying generic extraction
[2025-04-13T22:44:34.710+0000] {hotel_scrape_dag.py:192} WARNING - No hotels found through any method for Las Vegas, using fallback data
[2025-04-13T22:44:34.710+0000] {hotel_scrape_dag.py:195} INFO - Added 1 fallback hotels for Las Vegas
[2025-04-13T22:44:34.711+0000] {hotel_scrape_dag.py:199} INFO - Waiting 8 seconds before next city
[2025-04-13T22:44:42.714+0000] {hotel_scrape_dag.py:67} INFO - Processing Los Angeles
[2025-04-13T22:44:43.209+0000] {hotel_scrape_dag.py:83} INFO - Initial request status: 403
[2025-04-13T22:44:43.318+0000] {hotel_scrape_dag.py:95} INFO - Holiday Inn page size: 444
[2025-04-13T22:44:43.323+0000] {hotel_scrape_dag.py:264} INFO - No hotel cards found for Los Angeles, trying generic extraction
[2025-04-13T22:44:43.433+0000] {hotel_scrape_dag.py:114} INFO - All brands page size: 429
[2025-04-13T22:44:43.440+0000] {hotel_scrape_dag.py:264} INFO - No hotel cards found for Los Angeles, trying generic extraction
[2025-04-13T22:44:43.646+0000] {hotel_scrape_dag.py:171} INFO - Directory page size: 454
[2025-04-13T22:44:43.648+0000] {hotel_scrape_dag.py:264} INFO - No hotel cards found for Los Angeles, trying generic extraction
[2025-04-13T22:44:43.648+0000] {hotel_scrape_dag.py:192} WARNING - No hotels found through any method for Los Angeles, using fallback data
[2025-04-13T22:44:43.648+0000] {hotel_scrape_dag.py:195} INFO - Added 1 fallback hotels for Los Angeles
[2025-04-13T22:44:43.649+0000] {hotel_scrape_dag.py:199} INFO - Waiting 5 seconds before next city
[2025-04-13T22:44:48.650+0000] {hotel_scrape_dag.py:207} INFO - Total hotels found: 7
[2025-04-13T22:44:48.656+0000] {hotel_scrape_dag.py:210} INFO - ✅ Data saved to multi_city_ihg_hotels.csv
[2025-04-13T22:44:48.656+0000] {python.py:240} INFO - Done. Returned value was: 7
[2025-04-13T22:44:48.670+0000] {taskinstance.py:340} INFO - ::group::Post task execution logs
[2025-04-13T22:44:48.671+0000] {taskinstance.py:352} INFO - Marking task as SUCCESS. dag_id=ihg_hotels_dag, task_id=scrape_hotels, run_id=manual__2025-04-13T22:44:08.239377+00:00, execution_date=20250413T224408, start_date=20250413T224409, end_date=20250413T224448
[2025-04-13T22:44:48.701+0000] {local_task_job_runner.py:266} INFO - Task exited with return code 0
[2025-04-13T22:44:48.713+0000] {taskinstance.py:3895} INFO - 1 downstream tasks scheduled from follow-on schedule check
[2025-04-13T22:44:48.713+0000] {local_task_job_runner.py:245} INFO - ::endgroup::
