[2025-04-13T22:44:13.353+0000] {local_task_job_runner.py:123} INFO - ::group::Pre task execution logs
[2025-04-13T22:44:13.358+0000] {taskinstance.py:2613} INFO - Dependencies all met for dep_context=non-requeueable deps ti=<TaskInstance: ihg_hotels_dag.scrape_hotels manual__2025-04-13T22:44:12.078454+00:00 [queued]>
[2025-04-13T22:44:13.361+0000] {taskinstance.py:2613} INFO - Dependencies all met for dep_context=requeueable deps ti=<TaskInstance: ihg_hotels_dag.scrape_hotels manual__2025-04-13T22:44:12.078454+00:00 [queued]>
[2025-04-13T22:44:13.361+0000] {taskinstance.py:2866} INFO - Starting attempt 1 of 2
[2025-04-13T22:44:13.365+0000] {taskinstance.py:2889} INFO - Executing <Task(PythonOperator): scrape_hotels> on 2025-04-13 22:44:12.078454+00:00
[2025-04-13T22:44:13.369+0000] {warnings.py:112} WARNING - /home/***/.local/lib/python3.12/site-packages/***/task/task_runner/standard_task_runner.py:70: DeprecationWarning: This process (pid=703) is multi-threaded, use of fork() may lead to deadlocks in the child.
  pid = os.fork()

[2025-04-13T22:44:13.370+0000] {standard_task_runner.py:72} INFO - Started process 705 to run task
[2025-04-13T22:44:13.370+0000] {standard_task_runner.py:104} INFO - Running: ['***', 'tasks', 'run', 'ihg_hotels_dag', 'scrape_hotels', 'manual__2025-04-13T22:44:12.078454+00:00', '--job-id', '220', '--raw', '--subdir', 'DAGS_FOLDER/hotel_scrape_dag.py', '--cfg-path', '/tmp/tmp8jza3j99']
[2025-04-13T22:44:13.371+0000] {standard_task_runner.py:105} INFO - Job 220: Subtask scrape_hotels
[2025-04-13T22:44:13.391+0000] {task_command.py:467} INFO - Running <TaskInstance: ihg_hotels_dag.scrape_hotels manual__2025-04-13T22:44:12.078454+00:00 [running]> on host 599bf25ffed0
[2025-04-13T22:44:13.423+0000] {taskinstance.py:3132} INFO - Exporting env vars: AIRFLOW_CTX_DAG_OWNER='***' AIRFLOW_CTX_DAG_ID='ihg_hotels_dag' AIRFLOW_CTX_TASK_ID='scrape_hotels' AIRFLOW_CTX_EXECUTION_DATE='2025-04-13T22:44:12.078454+00:00' AIRFLOW_CTX_TRY_NUMBER='1' AIRFLOW_CTX_DAG_RUN_ID='manual__2025-04-13T22:44:12.078454+00:00'
[2025-04-13T22:44:13.424+0000] {taskinstance.py:731} INFO - ::endgroup::
[2025-04-13T22:44:13.430+0000] {hotel_scrape_dag.py:67} INFO - Processing New York
[2025-04-13T22:44:13.536+0000] {hotel_scrape_dag.py:83} INFO - Initial request status: 403
[2025-04-13T22:44:13.634+0000] {hotel_scrape_dag.py:95} INFO - Holiday Inn page size: 444
[2025-04-13T22:44:13.636+0000] {hotel_scrape_dag.py:264} INFO - No hotel cards found for New York, trying generic extraction
[2025-04-13T22:44:13.717+0000] {hotel_scrape_dag.py:114} INFO - All brands page size: 429
[2025-04-13T22:44:13.718+0000] {hotel_scrape_dag.py:264} INFO - No hotel cards found for New York, trying generic extraction
[2025-04-13T22:44:14.066+0000] {hotel_scrape_dag.py:171} INFO - Directory page size: 451
[2025-04-13T22:44:14.067+0000] {hotel_scrape_dag.py:264} INFO - No hotel cards found for New York, trying generic extraction
[2025-04-13T22:44:14.067+0000] {hotel_scrape_dag.py:192} WARNING - No hotels found through any method for New York, using fallback data
[2025-04-13T22:44:14.067+0000] {hotel_scrape_dag.py:195} INFO - Added 2 fallback hotels for New York
[2025-04-13T22:44:14.068+0000] {hotel_scrape_dag.py:199} INFO - Waiting 8 seconds before next city
[2025-04-13T22:44:22.069+0000] {hotel_scrape_dag.py:67} INFO - Processing San Francisco
[2025-04-13T22:44:22.217+0000] {hotel_scrape_dag.py:83} INFO - Initial request status: 403
[2025-04-13T22:44:22.409+0000] {hotel_scrape_dag.py:95} INFO - Holiday Inn page size: 444
[2025-04-13T22:44:22.411+0000] {hotel_scrape_dag.py:264} INFO - No hotel cards found for San Francisco, trying generic extraction
[2025-04-13T22:44:22.883+0000] {hotel_scrape_dag.py:114} INFO - All brands page size: 429
[2025-04-13T22:44:22.884+0000] {hotel_scrape_dag.py:264} INFO - No hotel cards found for San Francisco, trying generic extraction
[2025-04-13T22:44:23.168+0000] {hotel_scrape_dag.py:171} INFO - Directory page size: 456
[2025-04-13T22:44:23.171+0000] {hotel_scrape_dag.py:264} INFO - No hotel cards found for San Francisco, trying generic extraction
[2025-04-13T22:44:23.172+0000] {hotel_scrape_dag.py:192} WARNING - No hotels found through any method for San Francisco, using fallback data
[2025-04-13T22:44:23.172+0000] {hotel_scrape_dag.py:195} INFO - Added 1 fallback hotels for San Francisco
[2025-04-13T22:44:23.173+0000] {hotel_scrape_dag.py:199} INFO - Waiting 6 seconds before next city
[2025-04-13T22:44:29.174+0000] {hotel_scrape_dag.py:67} INFO - Processing Chicago
[2025-04-13T22:44:29.531+0000] {hotel_scrape_dag.py:83} INFO - Initial request status: 403
[2025-04-13T22:44:29.730+0000] {hotel_scrape_dag.py:95} INFO - Holiday Inn page size: 444
[2025-04-13T22:44:29.732+0000] {hotel_scrape_dag.py:264} INFO - No hotel cards found for Chicago, trying generic extraction
[2025-04-13T22:44:29.875+0000] {hotel_scrape_dag.py:114} INFO - All brands page size: 429
[2025-04-13T22:44:29.876+0000] {hotel_scrape_dag.py:264} INFO - No hotel cards found for Chicago, trying generic extraction
[2025-04-13T22:44:30.389+0000] {hotel_scrape_dag.py:171} INFO - Directory page size: 444
[2025-04-13T22:44:30.390+0000] {hotel_scrape_dag.py:264} INFO - No hotel cards found for Chicago, trying generic extraction
[2025-04-13T22:44:30.391+0000] {hotel_scrape_dag.py:192} WARNING - No hotels found through any method for Chicago, using fallback data
[2025-04-13T22:44:30.391+0000] {hotel_scrape_dag.py:195} INFO - Added 1 fallback hotels for Chicago
[2025-04-13T22:44:30.392+0000] {hotel_scrape_dag.py:199} INFO - Waiting 8 seconds before next city
[2025-04-13T22:44:38.396+0000] {hotel_scrape_dag.py:67} INFO - Processing Seattle
[2025-04-13T22:44:38.706+0000] {hotel_scrape_dag.py:83} INFO - Initial request status: 403
[2025-04-13T22:44:38.784+0000] {hotel_scrape_dag.py:95} INFO - Holiday Inn page size: 442
[2025-04-13T22:44:38.785+0000] {hotel_scrape_dag.py:264} INFO - No hotel cards found for Seattle, trying generic extraction
[2025-04-13T22:44:38.877+0000] {hotel_scrape_dag.py:114} INFO - All brands page size: 429
[2025-04-13T22:44:38.878+0000] {hotel_scrape_dag.py:264} INFO - No hotel cards found for Seattle, trying generic extraction
[2025-04-13T22:44:39.248+0000] {hotel_scrape_dag.py:171} INFO - Directory page size: 442
[2025-04-13T22:44:39.251+0000] {hotel_scrape_dag.py:264} INFO - No hotel cards found for Seattle, trying generic extraction
[2025-04-13T22:44:39.252+0000] {hotel_scrape_dag.py:192} WARNING - No hotels found through any method for Seattle, using fallback data
[2025-04-13T22:44:39.252+0000] {hotel_scrape_dag.py:195} INFO - Added 1 fallback hotels for Seattle
[2025-04-13T22:44:39.253+0000] {hotel_scrape_dag.py:199} INFO - Waiting 4 seconds before next city
[2025-04-13T22:44:43.256+0000] {hotel_scrape_dag.py:67} INFO - Processing Las Vegas
[2025-04-13T22:44:43.474+0000] {hotel_scrape_dag.py:83} INFO - Initial request status: 403
[2025-04-13T22:44:43.665+0000] {hotel_scrape_dag.py:95} INFO - Holiday Inn page size: 442
[2025-04-13T22:44:43.666+0000] {hotel_scrape_dag.py:264} INFO - No hotel cards found for Las Vegas, trying generic extraction
[2025-04-13T22:44:43.773+0000] {hotel_scrape_dag.py:114} INFO - All brands page size: 427
[2025-04-13T22:44:43.774+0000] {hotel_scrape_dag.py:264} INFO - No hotel cards found for Las Vegas, trying generic extraction
[2025-04-13T22:44:44.071+0000] {hotel_scrape_dag.py:171} INFO - Directory page size: 452
[2025-04-13T22:44:44.073+0000] {hotel_scrape_dag.py:264} INFO - No hotel cards found for Las Vegas, trying generic extraction
[2025-04-13T22:44:44.074+0000] {hotel_scrape_dag.py:192} WARNING - No hotels found through any method for Las Vegas, using fallback data
[2025-04-13T22:44:44.074+0000] {hotel_scrape_dag.py:195} INFO - Added 1 fallback hotels for Las Vegas
[2025-04-13T22:44:44.074+0000] {hotel_scrape_dag.py:199} INFO - Waiting 5 seconds before next city
[2025-04-13T22:44:49.075+0000] {hotel_scrape_dag.py:67} INFO - Processing Los Angeles
[2025-04-13T22:44:49.170+0000] {hotel_scrape_dag.py:83} INFO - Initial request status: 403
[2025-04-13T22:44:49.257+0000] {hotel_scrape_dag.py:95} INFO - Holiday Inn page size: 444
[2025-04-13T22:44:49.259+0000] {hotel_scrape_dag.py:264} INFO - No hotel cards found for Los Angeles, trying generic extraction
[2025-04-13T22:44:49.340+0000] {hotel_scrape_dag.py:114} INFO - All brands page size: 429
[2025-04-13T22:44:49.340+0000] {hotel_scrape_dag.py:264} INFO - No hotel cards found for Los Angeles, trying generic extraction
[2025-04-13T22:44:49.494+0000] {hotel_scrape_dag.py:171} INFO - Directory page size: 454
[2025-04-13T22:44:49.494+0000] {hotel_scrape_dag.py:264} INFO - No hotel cards found for Los Angeles, trying generic extraction
[2025-04-13T22:44:49.495+0000] {hotel_scrape_dag.py:192} WARNING - No hotels found through any method for Los Angeles, using fallback data
[2025-04-13T22:44:49.495+0000] {hotel_scrape_dag.py:195} INFO - Added 1 fallback hotels for Los Angeles
[2025-04-13T22:44:49.495+0000] {hotel_scrape_dag.py:199} INFO - Waiting 3 seconds before next city
[2025-04-13T22:44:52.498+0000] {hotel_scrape_dag.py:207} INFO - Total hotels found: 7
[2025-04-13T22:44:52.510+0000] {hotel_scrape_dag.py:210} INFO - ✅ Data saved to multi_city_ihg_hotels.csv
[2025-04-13T22:44:52.510+0000] {python.py:240} INFO - Done. Returned value was: 7
[2025-04-13T22:44:52.526+0000] {taskinstance.py:340} INFO - ::group::Post task execution logs
[2025-04-13T22:44:52.527+0000] {taskinstance.py:352} INFO - Marking task as SUCCESS. dag_id=ihg_hotels_dag, task_id=scrape_hotels, run_id=manual__2025-04-13T22:44:12.078454+00:00, execution_date=20250413T224412, start_date=20250413T224413, end_date=20250413T224452
[2025-04-13T22:44:52.568+0000] {local_task_job_runner.py:266} INFO - Task exited with return code 0
[2025-04-13T22:44:52.582+0000] {taskinstance.py:3895} INFO - 1 downstream tasks scheduled from follow-on schedule check
[2025-04-13T22:44:52.583+0000] {local_task_job_runner.py:245} INFO - ::endgroup::
