[2025-04-17T22:30:24.127+0000] {local_task_job_runner.py:123} INFO - ::group::Pre task execution logs
[2025-04-17T22:30:24.132+0000] {taskinstance.py:2613} INFO - Dependencies all met for dep_context=non-requeueable deps ti=<TaskInstance: triphobo_attractions_pipeline.clean_attractions manual__2025-04-17T22:06:28.860126+00:00 [queued]>
[2025-04-17T22:30:24.134+0000] {taskinstance.py:2613} INFO - Dependencies all met for dep_context=requeueable deps ti=<TaskInstance: triphobo_attractions_pipeline.clean_attractions manual__2025-04-17T22:06:28.860126+00:00 [queued]>
[2025-04-17T22:30:24.134+0000] {taskinstance.py:2866} INFO - Starting attempt 1 of 1
[2025-04-17T22:30:24.138+0000] {taskinstance.py:2889} INFO - Executing <Task(PythonOperator): clean_attractions> on 2025-04-17 22:06:28.860126+00:00
[2025-04-17T22:30:24.142+0000] {warnings.py:112} WARNING - /home/***/.local/lib/python3.12/site-packages/***/task/task_runner/standard_task_runner.py:70: DeprecationWarning: This process (pid=2213) is multi-threaded, use of fork() may lead to deadlocks in the child.
  pid = os.fork()

[2025-04-17T22:30:24.142+0000] {standard_task_runner.py:72} INFO - Started process 2214 to run task
[2025-04-17T22:30:24.143+0000] {standard_task_runner.py:104} INFO - Running: ['***', 'tasks', 'run', 'triphobo_attractions_pipeline', 'clean_attractions', 'manual__2025-04-17T22:06:28.860126+00:00', '--job-id', '425', '--raw', '--subdir', 'DAGS_FOLDER/attractions_dag.py', '--cfg-path', '/tmp/tmp_p1s357t']
[2025-04-17T22:30:24.144+0000] {standard_task_runner.py:105} INFO - Job 425: Subtask clean_attractions
[2025-04-17T22:30:24.160+0000] {task_command.py:467} INFO - Running <TaskInstance: triphobo_attractions_pipeline.clean_attractions manual__2025-04-17T22:06:28.860126+00:00 [running]> on host 4d0efc92e922
[2025-04-17T22:30:24.192+0000] {taskinstance.py:3132} INFO - Exporting env vars: AIRFLOW_CTX_DAG_OWNER='***' AIRFLOW_CTX_DAG_ID='triphobo_attractions_pipeline' AIRFLOW_CTX_TASK_ID='clean_attractions' AIRFLOW_CTX_EXECUTION_DATE='2025-04-17T22:06:28.860126+00:00' AIRFLOW_CTX_TRY_NUMBER='1' AIRFLOW_CTX_DAG_RUN_ID='manual__2025-04-17T22:06:28.860126+00:00'
[2025-04-17T22:30:24.192+0000] {taskinstance.py:731} INFO - ::endgroup::
[2025-04-17T22:30:24.308+0000] {clean.py:51} INFO - Cleaned attraction data saved to /tmp/triphobo_data/cleaned_attractions.csv
[2025-04-17T22:30:24.308+0000] {python.py:240} INFO - Done. Returned value was: None
[2025-04-17T22:30:24.312+0000] {taskinstance.py:340} INFO - ::group::Post task execution logs
[2025-04-17T22:30:24.313+0000] {taskinstance.py:352} INFO - Marking task as SUCCESS. dag_id=triphobo_attractions_pipeline, task_id=clean_attractions, run_id=manual__2025-04-17T22:06:28.860126+00:00, execution_date=20250417T220628, start_date=20250417T223024, end_date=20250417T223024
[2025-04-17T22:30:24.328+0000] {local_task_job_runner.py:266} INFO - Task exited with return code 0
[2025-04-17T22:30:24.339+0000] {taskinstance.py:3895} INFO - 1 downstream tasks scheduled from follow-on schedule check
[2025-04-17T22:30:24.340+0000] {local_task_job_runner.py:245} INFO - ::endgroup::
