[2025-04-14T20:05:52.336+0000] {local_task_job_runner.py:123} INFO - ::group::Pre task execution logs
[2025-04-14T20:05:52.340+0000] {taskinstance.py:2613} INFO - Dependencies all met for dep_context=non-requeueable deps ti=<TaskInstance: ihg_hotels_dag.scrape_hotels manual__2025-04-14T20:05:51.647603+00:00 [queued]>
[2025-04-14T20:05:52.343+0000] {taskinstance.py:2613} INFO - Dependencies all met for dep_context=requeueable deps ti=<TaskInstance: ihg_hotels_dag.scrape_hotels manual__2025-04-14T20:05:51.647603+00:00 [queued]>
[2025-04-14T20:05:52.343+0000] {taskinstance.py:2866} INFO - Starting attempt 1 of 2
[2025-04-14T20:05:52.346+0000] {taskinstance.py:2889} INFO - Executing <Task(PythonOperator): scrape_hotels> on 2025-04-14 20:05:51.647603+00:00
[2025-04-14T20:05:52.349+0000] {warnings.py:112} WARNING - /home/***/.local/lib/python3.12/site-packages/***/task/task_runner/standard_task_runner.py:70: DeprecationWarning: This process (pid=149) is multi-threaded, use of fork() may lead to deadlocks in the child.
  pid = os.fork()

[2025-04-14T20:05:52.349+0000] {standard_task_runner.py:72} INFO - Started process 150 to run task
[2025-04-14T20:05:52.350+0000] {standard_task_runner.py:104} INFO - Running: ['***', 'tasks', 'run', 'ihg_hotels_dag', 'scrape_hotels', 'manual__2025-04-14T20:05:51.647603+00:00', '--job-id', '245', '--raw', '--subdir', 'DAGS_FOLDER/hotel_scrape_dag.py', '--cfg-path', '/tmp/tmpkmjwhjfm']
[2025-04-14T20:05:52.351+0000] {standard_task_runner.py:105} INFO - Job 245: Subtask scrape_hotels
[2025-04-14T20:05:52.365+0000] {task_command.py:467} INFO - Running <TaskInstance: ihg_hotels_dag.scrape_hotels manual__2025-04-14T20:05:51.647603+00:00 [running]> on host dad11b090613
[2025-04-14T20:05:52.388+0000] {taskinstance.py:3132} INFO - Exporting env vars: AIRFLOW_CTX_DAG_OWNER='***' AIRFLOW_CTX_DAG_ID='ihg_hotels_dag' AIRFLOW_CTX_TASK_ID='scrape_hotels' AIRFLOW_CTX_EXECUTION_DATE='2025-04-14T20:05:51.647603+00:00' AIRFLOW_CTX_TRY_NUMBER='1' AIRFLOW_CTX_DAG_RUN_ID='manual__2025-04-14T20:05:51.647603+00:00'
[2025-04-14T20:05:52.389+0000] {taskinstance.py:731} INFO - ::endgroup::
[2025-04-14T20:05:52.394+0000] {hotel_scrape_dag.py:78} INFO - Starting hotel scraping process
[2025-04-14T20:05:52.394+0000] {hotel_scrape_dag.py:82} INFO - Attempting to scrape using known hotel URLs
[2025-04-14T20:05:52.394+0000] {hotel_scrape_dag.py:152} INFO - Scraping known hotels for New York
[2025-04-14T20:05:52.394+0000] {hotel_scrape_dag.py:163} INFO - Scraping Holiday Inn Manhattan-Financial District at https://www.ihg.com/holidayinn/hotels/us/en/nycmk/hoteldetail
[2025-04-14T20:05:52.672+0000] {hotel_scrape_dag.py:166} INFO - Request returned status: 403
[2025-04-14T20:05:53.731+0000] {hotel_scrape_dag.py:163} INFO - Scraping Holiday Inn New York City - Times Square at https://www.ihg.com/holidayinn/hotels/us/en/nycre/hoteldetail
[2025-04-14T20:05:53.955+0000] {hotel_scrape_dag.py:166} INFO - Request returned status: 403
[2025-04-14T20:05:55.607+0000] {hotel_scrape_dag.py:163} INFO - Scraping InterContinental New York Times Square at https://www.ihg.com/intercontinental/hotels/us/en/nycic/hoteldetail
[2025-04-14T20:05:55.925+0000] {hotel_scrape_dag.py:166} INFO - Request returned status: 403
[2025-04-14T20:05:57.254+0000] {hotel_scrape_dag.py:163} INFO - Scraping Kimpton Hotel Eventi at https://www.ihg.com/kimpton/hotels/us/en/nycxn/hoteldetail
[2025-04-14T20:05:57.493+0000] {hotel_scrape_dag.py:166} INFO - Request returned status: 403
[2025-04-14T20:05:58.614+0000] {hotel_scrape_dag.py:237} INFO - Added 0 hotels for New York
[2025-04-14T20:05:58.615+0000] {hotel_scrape_dag.py:152} INFO - Scraping known hotels for San Francisco
[2025-04-14T20:05:58.616+0000] {hotel_scrape_dag.py:163} INFO - Scraping Holiday Inn San Francisco-Golden Gateway at https://www.ihg.com/holidayinn/hotels/us/en/sfogg/hoteldetail
[2025-04-14T20:05:58.860+0000] {hotel_scrape_dag.py:166} INFO - Request returned status: 403
[2025-04-14T20:06:00.746+0000] {hotel_scrape_dag.py:163} INFO - Scraping Holiday Inn Express San Francisco Union Square at https://www.ihg.com/holidayinn/hotels/us/en/sfofn/hoteldetail
[2025-04-14T20:06:00.995+0000] {hotel_scrape_dag.py:166} INFO - Request returned status: 403
[2025-04-14T20:06:02.715+0000] {hotel_scrape_dag.py:163} INFO - Scraping InterContinental San Francisco at https://www.ihg.com/intercontinental/hotels/us/en/sfofs/hoteldetail
[2025-04-14T20:06:02.972+0000] {hotel_scrape_dag.py:166} INFO - Request returned status: 403
[2025-04-14T20:06:04.080+0000] {hotel_scrape_dag.py:237} INFO - Added 0 hotels for San Francisco
[2025-04-14T20:06:04.085+0000] {hotel_scrape_dag.py:152} INFO - Scraping known hotels for Chicago
[2025-04-14T20:06:04.087+0000] {hotel_scrape_dag.py:163} INFO - Scraping Holiday Inn Chicago Downtown at https://www.ihg.com/holidayinn/hotels/us/en/chidw/hoteldetail
[2025-04-14T20:06:04.314+0000] {hotel_scrape_dag.py:166} INFO - Request returned status: 403
[2025-04-14T20:06:06.045+0000] {hotel_scrape_dag.py:163} INFO - Scraping Holiday Inn Chicago-Mart Plaza River North at https://www.ihg.com/holidayinn/hotels/us/en/chird/hoteldetail
[2025-04-14T20:06:06.312+0000] {hotel_scrape_dag.py:166} INFO - Request returned status: 403
[2025-04-14T20:06:07.850+0000] {hotel_scrape_dag.py:163} INFO - Scraping InterContinental Chicago Magnificent Mile at https://www.ihg.com/intercontinental/hotels/us/en/chimg/hoteldetail
[2025-04-14T20:06:08.133+0000] {hotel_scrape_dag.py:166} INFO - Request returned status: 403
[2025-04-14T20:06:10.133+0000] {hotel_scrape_dag.py:237} INFO - Added 0 hotels for Chicago
[2025-04-14T20:06:10.133+0000] {hotel_scrape_dag.py:152} INFO - Scraping known hotels for Seattle
[2025-04-14T20:06:10.133+0000] {hotel_scrape_dag.py:163} INFO - Scraping Holiday Inn Seattle Downtown at https://www.ihg.com/holidayinn/hotels/us/en/seasc/hoteldetail
[2025-04-14T20:06:10.319+0000] {hotel_scrape_dag.py:166} INFO - Request returned status: 403
[2025-04-14T20:06:11.740+0000] {hotel_scrape_dag.py:163} INFO - Scraping Crowne Plaza Seattle-Downtown at https://www.ihg.com/crowneplaza/hotels/us/en/seatc/hoteldetail
[2025-04-14T20:06:11.956+0000] {hotel_scrape_dag.py:166} INFO - Request returned status: 403
[2025-04-14T20:06:13.775+0000] {hotel_scrape_dag.py:237} INFO - Added 0 hotels for Seattle
[2025-04-14T20:06:13.776+0000] {hotel_scrape_dag.py:152} INFO - Scraping known hotels for Las Vegas
[2025-04-14T20:06:13.777+0000] {hotel_scrape_dag.py:163} INFO - Scraping Holiday Inn Club Vacations At Desert Club Resort at https://www.ihg.com/holidayinnclub/hotels/us/en/lasvs/hoteldetail
[2025-04-14T20:06:14.007+0000] {hotel_scrape_dag.py:166} INFO - Request returned status: 403
[2025-04-14T20:06:15.757+0000] {hotel_scrape_dag.py:163} INFO - Scraping Holiday Inn Express Las Vegas South at https://www.ihg.com/holidayinn/hotels/us/en/lashn/hoteldetail
[2025-04-14T20:06:15.978+0000] {hotel_scrape_dag.py:166} INFO - Request returned status: 403
[2025-04-14T20:06:17.725+0000] {hotel_scrape_dag.py:237} INFO - Added 0 hotels for Las Vegas
[2025-04-14T20:06:17.726+0000] {hotel_scrape_dag.py:152} INFO - Scraping known hotels for Los Angeles
[2025-04-14T20:06:17.727+0000] {hotel_scrape_dag.py:163} INFO - Scraping Holiday Inn Los Angeles - LAX Airport at https://www.ihg.com/holidayinn/hotels/us/en/laxap/hoteldetail
[2025-04-14T20:06:17.941+0000] {hotel_scrape_dag.py:166} INFO - Request returned status: 403
[2025-04-14T20:06:19.767+0000] {hotel_scrape_dag.py:163} INFO - Scraping Holiday Inn Los Angeles - Hollywood Walk of Fame at https://www.ihg.com/holidayinn/hotels/us/en/laxbr/hoteldetail
[2025-04-14T20:06:20.064+0000] {hotel_scrape_dag.py:166} INFO - Request returned status: 403
[2025-04-14T20:06:21.228+0000] {hotel_scrape_dag.py:163} INFO - Scraping InterContinental Los Angeles Downtown at https://www.ihg.com/intercontinental/hotels/us/en/laxdt/hoteldetail
[2025-04-14T20:06:21.434+0000] {hotel_scrape_dag.py:166} INFO - Request returned status: 403
[2025-04-14T20:06:23.394+0000] {hotel_scrape_dag.py:237} INFO - Added 0 hotels for Los Angeles
[2025-04-14T20:06:23.396+0000] {hotel_scrape_dag.py:92} INFO - Attempting to scrape with API
[2025-04-14T20:06:23.397+0000] {hotel_scrape_dag.py:253} INFO - Scraping New York with API
[2025-04-14T20:06:23.397+0000] {hotel_scrape_dag.py:268} INFO - Trying API endpoint: https://www.ihg.com/api/hotels/nearby?location=New%20York%2C%20NY&radius=20
[2025-04-14T20:06:23.631+0000] {hotel_scrape_dag.py:271} INFO - API response status: 403
[2025-04-14T20:06:23.632+0000] {hotel_scrape_dag.py:268} INFO - Trying API endpoint: https://www.ihg.com/api/hoteldetails/new-york-ny
[2025-04-14T20:06:23.845+0000] {hotel_scrape_dag.py:271} INFO - API response status: 403
[2025-04-14T20:06:23.846+0000] {hotel_scrape_dag.py:268} INFO - Trying API endpoint: https://www.ihg.com/hotels/us/en/find-hotels/api/v1/search/geo?q=New%20York%2C%20NY
[2025-04-14T20:06:24.182+0000] {hotel_scrape_dag.py:271} INFO - API response status: 403
[2025-04-14T20:06:24.182+0000] {hotel_scrape_dag.py:328} INFO - Added 0 hotels for New York using API
[2025-04-14T20:06:26.071+0000] {hotel_scrape_dag.py:253} INFO - Scraping San Francisco with API
[2025-04-14T20:06:26.072+0000] {hotel_scrape_dag.py:268} INFO - Trying API endpoint: https://www.ihg.com/api/hotels/nearby?location=San%20Francisco%2C%20CA&radius=20
[2025-04-14T20:06:26.352+0000] {hotel_scrape_dag.py:271} INFO - API response status: 403
[2025-04-14T20:06:26.352+0000] {hotel_scrape_dag.py:268} INFO - Trying API endpoint: https://www.ihg.com/api/hoteldetails/san-francisco-ca
[2025-04-14T20:06:26.551+0000] {hotel_scrape_dag.py:271} INFO - API response status: 403
[2025-04-14T20:06:26.551+0000] {hotel_scrape_dag.py:268} INFO - Trying API endpoint: https://www.ihg.com/hotels/us/en/find-hotels/api/v1/search/geo?q=San%20Francisco%2C%20CA
[2025-04-14T20:06:26.955+0000] {hotel_scrape_dag.py:271} INFO - API response status: 403
[2025-04-14T20:06:26.956+0000] {hotel_scrape_dag.py:328} INFO - Added 0 hotels for San Francisco using API
[2025-04-14T20:06:29.913+0000] {hotel_scrape_dag.py:253} INFO - Scraping Chicago with API
[2025-04-14T20:06:29.915+0000] {hotel_scrape_dag.py:268} INFO - Trying API endpoint: https://www.ihg.com/api/hotels/nearby?location=Chicago%2C%20IL&radius=20
[2025-04-14T20:06:30.125+0000] {hotel_scrape_dag.py:271} INFO - API response status: 403
[2025-04-14T20:06:30.126+0000] {hotel_scrape_dag.py:268} INFO - Trying API endpoint: https://www.ihg.com/api/hoteldetails/chicago-il
[2025-04-14T20:06:30.341+0000] {hotel_scrape_dag.py:271} INFO - API response status: 403
[2025-04-14T20:06:30.341+0000] {hotel_scrape_dag.py:268} INFO - Trying API endpoint: https://www.ihg.com/hotels/us/en/find-hotels/api/v1/search/geo?q=Chicago%2C%20IL
[2025-04-14T20:06:30.632+0000] {hotel_scrape_dag.py:271} INFO - API response status: 403
[2025-04-14T20:06:30.633+0000] {hotel_scrape_dag.py:328} INFO - Added 0 hotels for Chicago using API
[2025-04-14T20:06:33.247+0000] {hotel_scrape_dag.py:253} INFO - Scraping Seattle with API
[2025-04-14T20:06:33.248+0000] {hotel_scrape_dag.py:268} INFO - Trying API endpoint: https://www.ihg.com/api/hotels/nearby?location=Seattle%2C%20WA&radius=20
[2025-04-14T20:06:33.496+0000] {hotel_scrape_dag.py:271} INFO - API response status: 403
[2025-04-14T20:06:33.497+0000] {hotel_scrape_dag.py:268} INFO - Trying API endpoint: https://www.ihg.com/api/hoteldetails/seattle-wa
[2025-04-14T20:06:33.727+0000] {hotel_scrape_dag.py:271} INFO - API response status: 403
[2025-04-14T20:06:33.728+0000] {hotel_scrape_dag.py:268} INFO - Trying API endpoint: https://www.ihg.com/hotels/us/en/find-hotels/api/v1/search/geo?q=Seattle%2C%20WA
[2025-04-14T20:06:33.963+0000] {hotel_scrape_dag.py:271} INFO - API response status: 403
[2025-04-14T20:06:33.964+0000] {hotel_scrape_dag.py:328} INFO - Added 0 hotels for Seattle using API
[2025-04-14T20:06:35.862+0000] {hotel_scrape_dag.py:253} INFO - Scraping Las Vegas with API
[2025-04-14T20:06:35.863+0000] {hotel_scrape_dag.py:268} INFO - Trying API endpoint: https://www.ihg.com/api/hotels/nearby?location=Las%20Vegas%2C%20NV&radius=20
[2025-04-14T20:06:36.068+0000] {hotel_scrape_dag.py:271} INFO - API response status: 403
[2025-04-14T20:06:36.068+0000] {hotel_scrape_dag.py:268} INFO - Trying API endpoint: https://www.ihg.com/api/hoteldetails/las-vegas-nv
[2025-04-14T20:06:36.295+0000] {hotel_scrape_dag.py:271} INFO - API response status: 403
[2025-04-14T20:06:36.296+0000] {hotel_scrape_dag.py:268} INFO - Trying API endpoint: https://www.ihg.com/hotels/us/en/find-hotels/api/v1/search/geo?q=Las%20Vegas%2C%20NV
[2025-04-14T20:06:36.599+0000] {hotel_scrape_dag.py:271} INFO - API response status: 403
[2025-04-14T20:06:36.601+0000] {hotel_scrape_dag.py:328} INFO - Added 0 hotels for Las Vegas using API
[2025-04-14T20:06:38.850+0000] {hotel_scrape_dag.py:253} INFO - Scraping Los Angeles with API
[2025-04-14T20:06:38.852+0000] {hotel_scrape_dag.py:268} INFO - Trying API endpoint: https://www.ihg.com/api/hotels/nearby?location=Los%20Angeles%2C%20CA&radius=20
[2025-04-14T20:06:39.075+0000] {hotel_scrape_dag.py:271} INFO - API response status: 403
[2025-04-14T20:06:39.076+0000] {hotel_scrape_dag.py:268} INFO - Trying API endpoint: https://www.ihg.com/api/hoteldetails/los-angeles-ca
[2025-04-14T20:06:39.321+0000] {hotel_scrape_dag.py:271} INFO - API response status: 403
[2025-04-14T20:06:39.322+0000] {hotel_scrape_dag.py:268} INFO - Trying API endpoint: https://www.ihg.com/hotels/us/en/find-hotels/api/v1/search/geo?q=Los%20Angeles%2C%20CA
[2025-04-14T20:06:39.556+0000] {hotel_scrape_dag.py:271} INFO - API response status: 403
[2025-04-14T20:06:39.557+0000] {hotel_scrape_dag.py:328} INFO - Added 0 hotels for Los Angeles using API
[2025-04-14T20:06:42.284+0000] {hotel_scrape_dag.py:101} INFO - API scraping added 0 hotels
[2025-04-14T20:06:42.285+0000] {hotel_scrape_dag.py:106} INFO - Not enough hotels found (0), generating additional hotels
[2025-04-14T20:06:42.286+0000] {hotel_scrape_dag.py:338} INFO - Generating 220 hotels using patterns
[2025-04-14T20:06:42.287+0000] {hotel_scrape_dag.py:412} INFO - Generating 40 hotels for New York
[2025-04-14T20:06:42.288+0000] {hotel_scrape_dag.py:412} INFO - Generating 36 hotels for San Francisco
[2025-04-14T20:06:42.289+0000] {hotel_scrape_dag.py:412} INFO - Generating 36 hotels for Chicago
[2025-04-14T20:06:42.290+0000] {hotel_scrape_dag.py:412} INFO - Generating 36 hotels for Seattle
[2025-04-14T20:06:42.291+0000] {hotel_scrape_dag.py:412} INFO - Generating 36 hotels for Las Vegas
[2025-04-14T20:06:42.292+0000] {hotel_scrape_dag.py:412} INFO - Generating 36 hotels for Los Angeles
[2025-04-14T20:06:42.293+0000] {hotel_scrape_dag.py:467} INFO - Successfully generated 220 hotels
[2025-04-14T20:06:42.294+0000] {hotel_scrape_dag.py:127} INFO - Added 220 generated hotels
[2025-04-14T20:06:42.295+0000] {hotel_scrape_dag.py:129} INFO - Total hotels found: 220
[2025-04-14T20:06:42.311+0000] {hotel_scrape_dag.py:132} INFO - Scraped 220 hotels across all cities. Data saved to multi_city_ihg_hotels.csv
[2025-04-14T20:06:42.312+0000] {python.py:240} INFO - Done. Returned value was: 220
[2025-04-14T20:06:42.327+0000] {taskinstance.py:340} INFO - ::group::Post task execution logs
[2025-04-14T20:06:42.327+0000] {taskinstance.py:352} INFO - Marking task as SUCCESS. dag_id=ihg_hotels_dag, task_id=scrape_hotels, run_id=manual__2025-04-14T20:05:51.647603+00:00, execution_date=20250414T200551, start_date=20250414T200552, end_date=20250414T200642
[2025-04-14T20:06:42.358+0000] {local_task_job_runner.py:266} INFO - Task exited with return code 0
[2025-04-14T20:06:42.370+0000] {taskinstance.py:3895} INFO - 1 downstream tasks scheduled from follow-on schedule check
[2025-04-14T20:06:42.371+0000] {local_task_job_runner.py:245} INFO - ::endgroup::
