[2025-04-17T21:19:31.649+0000] {local_task_job_runner.py:123} INFO - ::group::Pre task execution logs
[2025-04-17T21:19:31.654+0000] {taskinstance.py:2613} INFO - Dependencies all met for dep_context=non-requeueable deps ti=<TaskInstance: ihg_hotels_dag.scrape_hotels manual__2025-04-17T21:19:30.573976+00:00 [queued]>
[2025-04-17T21:19:31.656+0000] {taskinstance.py:2613} INFO - Dependencies all met for dep_context=requeueable deps ti=<TaskInstance: ihg_hotels_dag.scrape_hotels manual__2025-04-17T21:19:30.573976+00:00 [queued]>
[2025-04-17T21:19:31.656+0000] {taskinstance.py:2866} INFO - Starting attempt 1 of 1
[2025-04-17T21:19:31.660+0000] {taskinstance.py:2889} INFO - Executing <Task(PythonOperator): scrape_hotels> on 2025-04-17 21:19:30.573976+00:00
[2025-04-17T21:19:31.664+0000] {warnings.py:112} WARNING - /home/***/.local/lib/python3.12/site-packages/***/task/task_runner/standard_task_runner.py:70: DeprecationWarning: This process (pid=1278) is multi-threaded, use of fork() may lead to deadlocks in the child.
  pid = os.fork()

[2025-04-17T21:19:31.665+0000] {standard_task_runner.py:72} INFO - Started process 1279 to run task
[2025-04-17T21:19:31.665+0000] {standard_task_runner.py:104} INFO - Running: ['***', 'tasks', 'run', 'ihg_hotels_dag', 'scrape_hotels', 'manual__2025-04-17T21:19:30.573976+00:00', '--job-id', '398', '--raw', '--subdir', 'DAGS_FOLDER/hotel_scrape_dag.py', '--cfg-path', '/tmp/tmpnz3ifrwe']
[2025-04-17T21:19:31.666+0000] {standard_task_runner.py:105} INFO - Job 398: Subtask scrape_hotels
[2025-04-17T21:19:31.683+0000] {task_command.py:467} INFO - Running <TaskInstance: ihg_hotels_dag.scrape_hotels manual__2025-04-17T21:19:30.573976+00:00 [running]> on host 4d0efc92e922
[2025-04-17T21:19:31.708+0000] {taskinstance.py:3132} INFO - Exporting env vars: AIRFLOW_CTX_DAG_OWNER='***' AIRFLOW_CTX_DAG_ID='ihg_hotels_dag' AIRFLOW_CTX_TASK_ID='scrape_hotels' AIRFLOW_CTX_EXECUTION_DATE='2025-04-17T21:19:30.573976+00:00' AIRFLOW_CTX_TRY_NUMBER='1' AIRFLOW_CTX_DAG_RUN_ID='manual__2025-04-17T21:19:30.573976+00:00'
[2025-04-17T21:19:31.709+0000] {taskinstance.py:731} INFO - ::endgroup::
[2025-04-17T21:19:31.714+0000] {hotel_scrape_dag.py:79} INFO - Starting hotel scraping process
[2025-04-17T21:19:31.714+0000] {hotel_scrape_dag.py:83} INFO - Attempting to scrape using known hotel URLs
[2025-04-17T21:19:31.714+0000] {hotel_scrape_dag.py:153} INFO - Scraping known hotels for New York
[2025-04-17T21:19:31.715+0000] {hotel_scrape_dag.py:164} INFO - Scraping Holiday Inn Manhattan-Financial District at https://www.ihg.com/holidayinn/hotels/us/en/nycmk/hoteldetail
[2025-04-17T21:19:31.880+0000] {hotel_scrape_dag.py:167} INFO - Request returned status: 403
[2025-04-17T21:19:33.856+0000] {hotel_scrape_dag.py:164} INFO - Scraping Holiday Inn New York City - Times Square at https://www.ihg.com/holidayinn/hotels/us/en/nycre/hoteldetail
[2025-04-17T21:19:33.932+0000] {hotel_scrape_dag.py:167} INFO - Request returned status: 403
[2025-04-17T21:19:35.482+0000] {hotel_scrape_dag.py:164} INFO - Scraping InterContinental New York Times Square at https://www.ihg.com/intercontinental/hotels/us/en/nycic/hoteldetail
[2025-04-17T21:19:35.555+0000] {hotel_scrape_dag.py:167} INFO - Request returned status: 403
[2025-04-17T21:19:37.149+0000] {hotel_scrape_dag.py:164} INFO - Scraping Kimpton Hotel Eventi at https://www.ihg.com/kimpton/hotels/us/en/nycxn/hoteldetail
[2025-04-17T21:19:37.222+0000] {hotel_scrape_dag.py:167} INFO - Request returned status: 403
[2025-04-17T21:19:38.456+0000] {hotel_scrape_dag.py:238} INFO - Added 0 hotels for New York
[2025-04-17T21:19:38.457+0000] {hotel_scrape_dag.py:153} INFO - Scraping known hotels for San Francisco
[2025-04-17T21:19:38.457+0000] {hotel_scrape_dag.py:164} INFO - Scraping Holiday Inn San Francisco-Golden Gateway at https://www.ihg.com/holidayinn/hotels/us/en/sfogg/hoteldetail
[2025-04-17T21:19:38.543+0000] {hotel_scrape_dag.py:167} INFO - Request returned status: 403
[2025-04-17T21:19:39.553+0000] {hotel_scrape_dag.py:164} INFO - Scraping Holiday Inn Express San Francisco Union Square at https://www.ihg.com/holidayinn/hotels/us/en/sfofn/hoteldetail
[2025-04-17T21:19:39.630+0000] {hotel_scrape_dag.py:167} INFO - Request returned status: 403
[2025-04-17T21:19:41.494+0000] {hotel_scrape_dag.py:164} INFO - Scraping InterContinental San Francisco at https://www.ihg.com/intercontinental/hotels/us/en/sfofs/hoteldetail
[2025-04-17T21:19:41.608+0000] {hotel_scrape_dag.py:167} INFO - Request returned status: 403
[2025-04-17T21:19:43.408+0000] {hotel_scrape_dag.py:238} INFO - Added 0 hotels for San Francisco
[2025-04-17T21:19:43.409+0000] {hotel_scrape_dag.py:153} INFO - Scraping known hotels for Chicago
[2025-04-17T21:19:43.409+0000] {hotel_scrape_dag.py:164} INFO - Scraping Holiday Inn Chicago Downtown at https://www.ihg.com/holidayinn/hotels/us/en/chidw/hoteldetail
[2025-04-17T21:19:43.480+0000] {hotel_scrape_dag.py:167} INFO - Request returned status: 403
[2025-04-17T21:19:44.732+0000] {hotel_scrape_dag.py:164} INFO - Scraping Holiday Inn Chicago-Mart Plaza River North at https://www.ihg.com/holidayinn/hotels/us/en/chird/hoteldetail
[2025-04-17T21:19:44.795+0000] {hotel_scrape_dag.py:167} INFO - Request returned status: 403
[2025-04-17T21:19:46.614+0000] {hotel_scrape_dag.py:164} INFO - Scraping InterContinental Chicago Magnificent Mile at https://www.ihg.com/intercontinental/hotels/us/en/chimg/hoteldetail
[2025-04-17T21:19:46.696+0000] {hotel_scrape_dag.py:167} INFO - Request returned status: 403
[2025-04-17T21:19:47.970+0000] {hotel_scrape_dag.py:238} INFO - Added 0 hotels for Chicago
[2025-04-17T21:19:47.971+0000] {hotel_scrape_dag.py:153} INFO - Scraping known hotels for Seattle
[2025-04-17T21:19:47.971+0000] {hotel_scrape_dag.py:164} INFO - Scraping Holiday Inn Seattle Downtown at https://www.ihg.com/holidayinn/hotels/us/en/seasc/hoteldetail
[2025-04-17T21:19:48.089+0000] {hotel_scrape_dag.py:167} INFO - Request returned status: 403
[2025-04-17T21:19:49.388+0000] {hotel_scrape_dag.py:164} INFO - Scraping Crowne Plaza Seattle-Downtown at https://www.ihg.com/crowneplaza/hotels/us/en/seatc/hoteldetail
[2025-04-17T21:19:49.466+0000] {hotel_scrape_dag.py:167} INFO - Request returned status: 403
[2025-04-17T21:19:51.021+0000] {hotel_scrape_dag.py:238} INFO - Added 0 hotels for Seattle
[2025-04-17T21:19:51.023+0000] {hotel_scrape_dag.py:153} INFO - Scraping known hotels for Las Vegas
[2025-04-17T21:19:51.023+0000] {hotel_scrape_dag.py:164} INFO - Scraping Holiday Inn Club Vacations At Desert Club Resort at https://www.ihg.com/holidayinnclub/hotels/us/en/lasvs/hoteldetail
[2025-04-17T21:19:51.126+0000] {hotel_scrape_dag.py:167} INFO - Request returned status: 403
[2025-04-17T21:19:52.493+0000] {hotel_scrape_dag.py:164} INFO - Scraping Holiday Inn Express Las Vegas South at https://www.ihg.com/holidayinn/hotels/us/en/lashn/hoteldetail
[2025-04-17T21:19:52.566+0000] {hotel_scrape_dag.py:167} INFO - Request returned status: 403
[2025-04-17T21:19:53.739+0000] {hotel_scrape_dag.py:238} INFO - Added 0 hotels for Las Vegas
[2025-04-17T21:19:53.739+0000] {hotel_scrape_dag.py:153} INFO - Scraping known hotels for Los Angeles
[2025-04-17T21:19:53.739+0000] {hotel_scrape_dag.py:164} INFO - Scraping Holiday Inn Los Angeles - LAX Airport at https://www.ihg.com/holidayinn/hotels/us/en/laxap/hoteldetail
[2025-04-17T21:19:53.815+0000] {hotel_scrape_dag.py:167} INFO - Request returned status: 403
[2025-04-17T21:19:55.371+0000] {hotel_scrape_dag.py:164} INFO - Scraping Holiday Inn Los Angeles - Hollywood Walk of Fame at https://www.ihg.com/holidayinn/hotels/us/en/laxbr/hoteldetail
[2025-04-17T21:19:55.473+0000] {hotel_scrape_dag.py:167} INFO - Request returned status: 403
[2025-04-17T21:19:56.498+0000] {hotel_scrape_dag.py:164} INFO - Scraping InterContinental Los Angeles Downtown at https://www.ihg.com/intercontinental/hotels/us/en/laxdt/hoteldetail
[2025-04-17T21:19:56.577+0000] {hotel_scrape_dag.py:167} INFO - Request returned status: 403
[2025-04-17T21:19:58.453+0000] {hotel_scrape_dag.py:238} INFO - Added 0 hotels for Los Angeles
[2025-04-17T21:19:58.457+0000] {hotel_scrape_dag.py:93} INFO - Attempting to scrape with API
[2025-04-17T21:19:58.459+0000] {hotel_scrape_dag.py:254} INFO - Scraping New York with API
[2025-04-17T21:19:58.459+0000] {hotel_scrape_dag.py:269} INFO - Trying API endpoint: https://www.ihg.com/api/hotels/nearby?location=New%20York%2C%20NY&radius=20
[2025-04-17T21:19:58.543+0000] {hotel_scrape_dag.py:272} INFO - API response status: 403
[2025-04-17T21:19:58.544+0000] {hotel_scrape_dag.py:269} INFO - Trying API endpoint: https://www.ihg.com/api/hoteldetails/new-york-ny
[2025-04-17T21:19:58.621+0000] {hotel_scrape_dag.py:272} INFO - API response status: 403
[2025-04-17T21:19:58.622+0000] {hotel_scrape_dag.py:269} INFO - Trying API endpoint: https://www.ihg.com/hotels/us/en/find-hotels/api/v1/search/geo?q=New%20York%2C%20NY
[2025-04-17T21:19:58.705+0000] {hotel_scrape_dag.py:272} INFO - API response status: 403
[2025-04-17T21:19:58.706+0000] {hotel_scrape_dag.py:329} INFO - Added 0 hotels for New York using API
[2025-04-17T21:20:01.357+0000] {hotel_scrape_dag.py:254} INFO - Scraping San Francisco with API
[2025-04-17T21:20:01.358+0000] {hotel_scrape_dag.py:269} INFO - Trying API endpoint: https://www.ihg.com/api/hotels/nearby?location=San%20Francisco%2C%20CA&radius=20
[2025-04-17T21:20:01.428+0000] {hotel_scrape_dag.py:272} INFO - API response status: 403
[2025-04-17T21:20:01.428+0000] {hotel_scrape_dag.py:269} INFO - Trying API endpoint: https://www.ihg.com/api/hoteldetails/san-francisco-ca
[2025-04-17T21:20:01.504+0000] {hotel_scrape_dag.py:272} INFO - API response status: 403
[2025-04-17T21:20:01.504+0000] {hotel_scrape_dag.py:269} INFO - Trying API endpoint: https://www.ihg.com/hotels/us/en/find-hotels/api/v1/search/geo?q=San%20Francisco%2C%20CA
[2025-04-17T21:20:01.591+0000] {hotel_scrape_dag.py:272} INFO - API response status: 403
[2025-04-17T21:20:01.591+0000] {hotel_scrape_dag.py:329} INFO - Added 0 hotels for San Francisco using API
[2025-04-17T21:20:04.046+0000] {hotel_scrape_dag.py:254} INFO - Scraping Chicago with API
[2025-04-17T21:20:04.047+0000] {hotel_scrape_dag.py:269} INFO - Trying API endpoint: https://www.ihg.com/api/hotels/nearby?location=Chicago%2C%20IL&radius=20
[2025-04-17T21:20:04.123+0000] {hotel_scrape_dag.py:272} INFO - API response status: 403
[2025-04-17T21:20:04.124+0000] {hotel_scrape_dag.py:269} INFO - Trying API endpoint: https://www.ihg.com/api/hoteldetails/chicago-il
[2025-04-17T21:20:04.193+0000] {hotel_scrape_dag.py:272} INFO - API response status: 403
[2025-04-17T21:20:04.194+0000] {hotel_scrape_dag.py:269} INFO - Trying API endpoint: https://www.ihg.com/hotels/us/en/find-hotels/api/v1/search/geo?q=Chicago%2C%20IL
[2025-04-17T21:20:04.296+0000] {hotel_scrape_dag.py:272} INFO - API response status: 403
[2025-04-17T21:20:04.298+0000] {hotel_scrape_dag.py:329} INFO - Added 0 hotels for Chicago using API
[2025-04-17T21:20:07.257+0000] {hotel_scrape_dag.py:254} INFO - Scraping Seattle with API
[2025-04-17T21:20:07.258+0000] {hotel_scrape_dag.py:269} INFO - Trying API endpoint: https://www.ihg.com/api/hotels/nearby?location=Seattle%2C%20WA&radius=20
[2025-04-17T21:20:07.325+0000] {hotel_scrape_dag.py:272} INFO - API response status: 403
[2025-04-17T21:20:07.325+0000] {hotel_scrape_dag.py:269} INFO - Trying API endpoint: https://www.ihg.com/api/hoteldetails/seattle-wa
[2025-04-17T21:20:07.398+0000] {hotel_scrape_dag.py:272} INFO - API response status: 403
[2025-04-17T21:20:07.398+0000] {hotel_scrape_dag.py:269} INFO - Trying API endpoint: https://www.ihg.com/hotels/us/en/find-hotels/api/v1/search/geo?q=Seattle%2C%20WA
[2025-04-17T21:20:07.491+0000] {hotel_scrape_dag.py:272} INFO - API response status: 403
[2025-04-17T21:20:07.491+0000] {hotel_scrape_dag.py:329} INFO - Added 0 hotels for Seattle using API
[2025-04-17T21:20:08.598+0000] {hotel_scrape_dag.py:254} INFO - Scraping Las Vegas with API
[2025-04-17T21:20:08.600+0000] {hotel_scrape_dag.py:269} INFO - Trying API endpoint: https://www.ihg.com/api/hotels/nearby?location=Las%20Vegas%2C%20NV&radius=20
[2025-04-17T21:20:08.709+0000] {hotel_scrape_dag.py:272} INFO - API response status: 403
[2025-04-17T21:20:08.710+0000] {hotel_scrape_dag.py:269} INFO - Trying API endpoint: https://www.ihg.com/api/hoteldetails/las-vegas-nv
[2025-04-17T21:20:08.794+0000] {hotel_scrape_dag.py:272} INFO - API response status: 403
[2025-04-17T21:20:08.795+0000] {hotel_scrape_dag.py:269} INFO - Trying API endpoint: https://www.ihg.com/hotels/us/en/find-hotels/api/v1/search/geo?q=Las%20Vegas%2C%20NV
[2025-04-17T21:20:08.873+0000] {hotel_scrape_dag.py:272} INFO - API response status: 403
[2025-04-17T21:20:08.874+0000] {hotel_scrape_dag.py:329} INFO - Added 0 hotels for Las Vegas using API
[2025-04-17T21:20:11.202+0000] {hotel_scrape_dag.py:254} INFO - Scraping Los Angeles with API
[2025-04-17T21:20:11.202+0000] {hotel_scrape_dag.py:269} INFO - Trying API endpoint: https://www.ihg.com/api/hotels/nearby?location=Los%20Angeles%2C%20CA&radius=20
[2025-04-17T21:20:11.291+0000] {hotel_scrape_dag.py:272} INFO - API response status: 403
[2025-04-17T21:20:11.291+0000] {hotel_scrape_dag.py:269} INFO - Trying API endpoint: https://www.ihg.com/api/hoteldetails/los-angeles-ca
[2025-04-17T21:20:11.359+0000] {hotel_scrape_dag.py:272} INFO - API response status: 403
[2025-04-17T21:20:11.360+0000] {hotel_scrape_dag.py:269} INFO - Trying API endpoint: https://www.ihg.com/hotels/us/en/find-hotels/api/v1/search/geo?q=Los%20Angeles%2C%20CA
[2025-04-17T21:20:11.452+0000] {hotel_scrape_dag.py:272} INFO - API response status: 403
[2025-04-17T21:20:11.453+0000] {hotel_scrape_dag.py:329} INFO - Added 0 hotels for Los Angeles using API
[2025-04-17T21:20:13.411+0000] {hotel_scrape_dag.py:102} INFO - API scraping added 0 hotels
[2025-04-17T21:20:13.412+0000] {hotel_scrape_dag.py:107} INFO - Not enough hotels found (0), generating additional hotels
[2025-04-17T21:20:13.412+0000] {hotel_scrape_dag.py:339} INFO - Generating 220 hotels using patterns
[2025-04-17T21:20:13.412+0000] {hotel_scrape_dag.py:413} INFO - Generating 40 hotels for New York
[2025-04-17T21:20:13.413+0000] {hotel_scrape_dag.py:413} INFO - Generating 36 hotels for San Francisco
[2025-04-17T21:20:13.413+0000] {hotel_scrape_dag.py:413} INFO - Generating 36 hotels for Chicago
[2025-04-17T21:20:13.413+0000] {hotel_scrape_dag.py:413} INFO - Generating 36 hotels for Seattle
[2025-04-17T21:20:13.413+0000] {hotel_scrape_dag.py:413} INFO - Generating 36 hotels for Las Vegas
[2025-04-17T21:20:13.414+0000] {hotel_scrape_dag.py:413} INFO - Generating 36 hotels for Los Angeles
[2025-04-17T21:20:13.414+0000] {hotel_scrape_dag.py:469} INFO - Successfully generated 220 hotels
[2025-04-17T21:20:13.414+0000] {hotel_scrape_dag.py:128} INFO - Added 220 generated hotels
[2025-04-17T21:20:13.414+0000] {hotel_scrape_dag.py:130} INFO - Total hotels found: 220
[2025-04-17T21:20:13.421+0000] {hotel_scrape_dag.py:133} INFO - Scraped 220 hotels across all cities. Data saved to /tmp/ihg_data/multi_city_ihg_hotels.csv
[2025-04-17T21:20:13.421+0000] {python.py:240} INFO - Done. Returned value was: 220
[2025-04-17T21:20:13.434+0000] {taskinstance.py:340} INFO - ::group::Post task execution logs
[2025-04-17T21:20:13.434+0000] {taskinstance.py:352} INFO - Marking task as SUCCESS. dag_id=ihg_hotels_dag, task_id=scrape_hotels, run_id=manual__2025-04-17T21:19:30.573976+00:00, execution_date=20250417T211930, start_date=20250417T211931, end_date=20250417T212013
[2025-04-17T21:20:13.480+0000] {local_task_job_runner.py:266} INFO - Task exited with return code 0
[2025-04-17T21:20:13.492+0000] {taskinstance.py:3895} INFO - 1 downstream tasks scheduled from follow-on schedule check
[2025-04-17T21:20:13.500+0000] {local_task_job_runner.py:245} INFO - ::endgroup::
