[2025-04-12T06:43:58.910+0000] {local_task_job_runner.py:123} INFO - ::group::Pre task execution logs
[2025-04-12T06:43:58.917+0000] {taskinstance.py:2613} INFO - Dependencies all met for dep_context=non-requeueable deps ti=<TaskInstance: triphobo_etl_pipeline.scrape_attractions manual__2025-04-12T06:43:57.235882+00:00 [queued]>
[2025-04-12T06:43:58.919+0000] {taskinstance.py:2613} INFO - Dependencies all met for dep_context=requeueable deps ti=<TaskInstance: triphobo_etl_pipeline.scrape_attractions manual__2025-04-12T06:43:57.235882+00:00 [queued]>
[2025-04-12T06:43:58.919+0000] {taskinstance.py:2866} INFO - Starting attempt 1 of 1
[2025-04-12T06:43:58.923+0000] {taskinstance.py:2889} INFO - Executing <Task(PythonOperator): scrape_attractions> on 2025-04-12 06:43:57.235882+00:00
[2025-04-12T06:43:58.927+0000] {warnings.py:112} WARNING - /home/***/.local/lib/python3.12/site-packages/***/task/task_runner/standard_task_runner.py:70: DeprecationWarning: This process (pid=1740) is multi-threaded, use of fork() may lead to deadlocks in the child.
  pid = os.fork()

[2025-04-12T06:43:58.928+0000] {standard_task_runner.py:72} INFO - Started process 1741 to run task
[2025-04-12T06:43:58.928+0000] {standard_task_runner.py:104} INFO - Running: ['***', 'tasks', 'run', 'triphobo_etl_pipeline', 'scrape_attractions', 'manual__2025-04-12T06:43:57.235882+00:00', '--job-id', '145', '--raw', '--subdir', 'DAGS_FOLDER/trip_dag.py', '--cfg-path', '/tmp/tmp_zuubywd']
[2025-04-12T06:43:58.930+0000] {standard_task_runner.py:105} INFO - Job 145: Subtask scrape_attractions
[2025-04-12T06:43:58.952+0000] {task_command.py:467} INFO - Running <TaskInstance: triphobo_etl_pipeline.scrape_attractions manual__2025-04-12T06:43:57.235882+00:00 [running]> on host 0032dfa832cd
[2025-04-12T06:43:58.979+0000] {taskinstance.py:3132} INFO - Exporting env vars: AIRFLOW_CTX_DAG_OWNER='***' AIRFLOW_CTX_DAG_ID='triphobo_etl_pipeline' AIRFLOW_CTX_TASK_ID='scrape_attractions' AIRFLOW_CTX_EXECUTION_DATE='2025-04-12T06:43:57.235882+00:00' AIRFLOW_CTX_TRY_NUMBER='1' AIRFLOW_CTX_DAG_RUN_ID='manual__2025-04-12T06:43:57.235882+00:00'
[2025-04-12T06:43:58.980+0000] {taskinstance.py:731} INFO - ::endgroup::
[2025-04-12T06:43:59.229+0000] {things_to_do.py:92} INFO - Scraping city: New York City United States
[2025-04-12T06:43:59.230+0000] {things_to_do.py:96} INFO - Scraping page 1: https://www.triphobo.com/places/new-york-city-united-states/things-to-do?page=1
[2025-04-12T06:44:06.833+0000] {things_to_do.py:99} INFO - Found 15 attraction links
[2025-04-12T06:44:06.834+0000] {things_to_do.py:103} INFO - Scraping place 1/15: https://www.triphobo.com/places/new-york-city-united-states/empire-state-building
[2025-04-12T06:44:10.381+0000] {things_to_do.py:103} INFO - Scraping place 2/15: https://www.triphobo.com/places/new-york-city-united-states/statue-of-liberty
[2025-04-12T06:44:13.844+0000] {things_to_do.py:103} INFO - Scraping place 3/15: https://www.triphobo.com/places/new-york-city-united-states/rockefeller-center
[2025-04-12T06:44:19.665+0000] {things_to_do.py:103} INFO - Scraping place 4/15: https://www.triphobo.com/places/new-york-city-united-states/times-square
[2025-04-12T06:44:23.053+0000] {things_to_do.py:103} INFO - Scraping place 5/15: https://www.triphobo.com/places/new-york-city-united-states/the-metropolitan-museum-of-art
[2025-04-12T06:44:28.157+0000] {things_to_do.py:103} INFO - Scraping place 6/15: https://www.triphobo.com/places/new-york-city-united-states/grand-central-terminal
[2025-04-12T06:44:31.670+0000] {things_to_do.py:103} INFO - Scraping place 7/15: https://www.triphobo.com/places/new-york-city-united-states/american-museum-of-natural-history
[2025-04-12T06:44:35.203+0000] {things_to_do.py:103} INFO - Scraping place 8/15: https://www.triphobo.com/places/new-york-city-united-states/museum-of-modern-art
[2025-04-12T06:44:38.671+0000] {things_to_do.py:103} INFO - Scraping place 9/15: https://www.triphobo.com/places/new-york-city-united-states/high-line
[2025-04-12T06:44:42.063+0000] {things_to_do.py:103} INFO - Scraping place 10/15: https://www.triphobo.com/places/new-york-city-united-states/national-9-11-memorial-museum
[2025-04-12T06:44:45.526+0000] {things_to_do.py:103} INFO - Scraping place 11/15: https://www.triphobo.com/places/new-york-city-united-states/intrepid-sea-air-and-space-museum
[2025-04-12T06:44:48.998+0000] {things_to_do.py:103} INFO - Scraping place 12/15: https://www.triphobo.com/places/new-york-city-united-states/solomon-r-guggenheim-museum
[2025-04-12T06:44:52.653+0000] {things_to_do.py:103} INFO - Scraping place 13/15: https://www.triphobo.com/places/new-york-city-united-states/radio-city-music-hall
[2025-04-12T06:44:56.068+0000] {things_to_do.py:103} INFO - Scraping place 14/15: https://www.triphobo.com/places/new-york-city-united-states/fanaberie
[2025-04-12T06:44:59.457+0000] {things_to_do.py:103} INFO - Scraping place 15/15: https://www.triphobo.com/places/new-york-city-united-states/united-nations-headquarters
[2025-04-12T06:45:04.147+0000] {things_to_do.py:96} INFO - Scraping page 2: https://www.triphobo.com/places/new-york-city-united-states/things-to-do?page=2
[2025-04-12T06:45:09.589+0000] {things_to_do.py:99} INFO - Found 15 attraction links
[2025-04-12T06:45:09.590+0000] {things_to_do.py:103} INFO - Scraping place 1/15: https://www.triphobo.com/places/new-york-city-united-states/new-york-public-library
[2025-04-12T06:45:14.473+0000] {things_to_do.py:103} INFO - Scraping place 2/15: https://www.triphobo.com/places/new-york-city-united-states/national-museum-of-american-indian
[2025-04-12T06:45:17.814+0000] {things_to_do.py:103} INFO - Scraping place 3/15: https://www.triphobo.com/places/new-york-city-united-states/children-s-museum-of-manhattan
[2025-04-12T06:45:21.512+0000] {things_to_do.py:103} INFO - Scraping place 4/15: https://www.triphobo.com/places/new-york-city-united-states/the-morgan-library-and-museum
[2025-04-12T06:45:24.979+0000] {things_to_do.py:103} INFO - Scraping place 5/15: https://www.triphobo.com/places/new-york-city-united-states/cathedral-church-of-saint-john-the-divine
[2025-04-12T06:45:28.497+0000] {things_to_do.py:103} INFO - Scraping place 6/15: https://www.triphobo.com/places/new-york-city-united-states/gramercy-tavern
[2025-04-12T06:45:32.037+0000] {things_to_do.py:103} INFO - Scraping place 7/15: https://www.triphobo.com/places/new-york-city-united-states/brooklyn-bridge
[2025-04-12T06:45:35.432+0000] {things_to_do.py:103} INFO - Scraping place 8/15: https://www.triphobo.com/places/new-york-city-united-states/bryant-park
[2025-04-12T06:45:39.150+0000] {things_to_do.py:103} INFO - Scraping place 9/15: https://www.triphobo.com/places/new-york-city-united-states/brooklyn-heights-promenade
[2025-04-12T06:45:42.615+0000] {things_to_do.py:103} INFO - Scraping place 10/15: https://www.triphobo.com/places/new-york-city-united-states/65th-street
[2025-04-12T06:45:47.230+0000] {things_to_do.py:103} INFO - Scraping place 11/15: https://www.triphobo.com/places/new-york-city-united-states/chrysler-building
[2025-04-12T06:45:50.652+0000] {things_to_do.py:103} INFO - Scraping place 12/15: https://www.triphobo.com/places/new-york-city-united-states/chinatown
[2025-04-12T06:45:54.041+0000] {things_to_do.py:103} INFO - Scraping place 13/15: https://www.triphobo.com/places/new-york-city-united-states/dead-rabbit
[2025-04-12T06:45:57.489+0000] {things_to_do.py:103} INFO - Scraping place 14/15: https://www.triphobo.com/places/new-york-city-united-states/new-york-transit-museum
[2025-04-12T06:46:00.980+0000] {things_to_do.py:103} INFO - Scraping place 15/15: https://www.triphobo.com/places/new-york-city-united-states/frick-collection
[2025-04-12T06:46:04.415+0000] {things_to_do.py:96} INFO - Scraping page 3: https://www.triphobo.com/places/new-york-city-united-states/things-to-do?page=3
[2025-04-12T06:46:09.117+0000] {things_to_do.py:99} INFO - Found 15 attraction links
[2025-04-12T06:46:09.118+0000] {things_to_do.py:103} INFO - Scraping place 1/15: https://www.triphobo.com/places/new-york-city-united-states/yankee-stadium
[2025-04-12T06:46:12.546+0000] {things_to_do.py:103} INFO - Scraping place 2/15: https://www.triphobo.com/places/new-york-city-united-states/harlem
[2025-04-12T06:46:15.954+0000] {things_to_do.py:103} INFO - Scraping place 3/15: https://www.triphobo.com/places/new-york-city-united-states/battery-park
[2025-04-12T06:46:19.358+0000] {things_to_do.py:103} INFO - Scraping place 4/15: https://www.triphobo.com/places/new-york-city-united-states/the-mean-fiddler
[2025-04-12T06:46:23.286+0000] {things_to_do.py:103} INFO - Scraping place 5/15: https://www.triphobo.com/places/new-york-city-united-states/st-paul-s-chapel
[2025-04-12T06:46:26.732+0000] {things_to_do.py:103} INFO - Scraping place 6/15: https://www.triphobo.com/places/new-york-city-united-states/metropolitan-opera-house
[2025-04-12T06:46:31.476+0000] {things_to_do.py:103} INFO - Scraping place 7/15: https://www.triphobo.com/places/new-york-city-united-states/st-patrick-s-cathedral
[2025-04-12T06:46:35.408+0000] {things_to_do.py:103} INFO - Scraping place 8/15: https://www.triphobo.com/places/new-york-city-united-states/little-italy
[2025-04-12T06:46:38.832+0000] {things_to_do.py:103} INFO - Scraping place 9/15: https://www.triphobo.com/places/new-york-city-united-states/central-park-zoo
[2025-04-12T06:46:42.237+0000] {things_to_do.py:103} INFO - Scraping place 10/15: https://www.triphobo.com/places/new-york-city-united-states/lexington-avenue
[2025-04-12T06:46:45.811+0000] {things_to_do.py:103} INFO - Scraping place 11/15: https://www.triphobo.com/places/new-york-city-united-states/new-york-botanical-garden
[2025-04-12T06:46:49.219+0000] {things_to_do.py:103} INFO - Scraping place 12/15: https://www.triphobo.com/places/new-york-city-united-states/brooklyn-botanical-garden
[2025-04-12T06:46:53.138+0000] {things_to_do.py:103} INFO - Scraping place 13/15: https://www.triphobo.com/place/adda/51c828b2e705454c13000000
[2025-04-12T06:46:57.948+0000] {things_to_do.py:103} INFO - Scraping place 14/15: https://www.triphobo.com/places/new-york-city-united-states/brooklyn-industries
[2025-04-12T06:47:01.355+0000] {things_to_do.py:103} INFO - Scraping place 15/15: https://www.triphobo.com/places/new-york-city-united-states/bloomingdale-s
[2025-04-12T06:47:04.746+0000] {things_to_do.py:96} INFO - Scraping page 4: https://www.triphobo.com/places/new-york-city-united-states/things-to-do?page=4
[2025-04-12T06:47:10.217+0000] {things_to_do.py:99} INFO - Found 15 attraction links
[2025-04-12T06:47:10.217+0000] {things_to_do.py:103} INFO - Scraping place 1/15: https://www.triphobo.com/places/new-york-city-united-states/one-world-trade-center
[2025-04-12T06:47:14.730+0000] {things_to_do.py:103} INFO - Scraping place 2/15: https://www.triphobo.com/places/new-york-city-united-states/carnegie-hall
[2025-04-12T06:47:18.246+0000] {things_to_do.py:103} INFO - Scraping place 3/15: https://www.triphobo.com/places/new-york-city-united-states/ground-zero
[2025-04-12T06:47:21.687+0000] {things_to_do.py:103} INFO - Scraping place 4/15: https://www.triphobo.com/places/new-york-city-united-states/narcissa
[2025-04-12T06:47:25.342+0000] {things_to_do.py:103} INFO - Scraping place 5/15: https://www.triphobo.com/places/new-york-city-united-states/minton-s
[2025-04-12T06:47:28.790+0000] {things_to_do.py:103} INFO - Scraping place 6/15: https://www.triphobo.com/places/new-york-city-united-states/museum-of-the-moving-image
[2025-04-12T06:47:32.208+0000] {things_to_do.py:103} INFO - Scraping place 7/15: https://www.triphobo.com/places/new-york-city-united-states/south-street-seaport
[2025-04-12T06:47:35.803+0000] {things_to_do.py:103} INFO - Scraping place 8/15: https://www.triphobo.com/places/new-york-city-united-states/french-roast
[2025-04-12T06:47:39.274+0000] {things_to_do.py:103} INFO - Scraping place 9/15: https://www.triphobo.com/places/new-york-city-united-states/little-owl
[2025-04-12T06:47:42.712+0000] {things_to_do.py:103} INFO - Scraping place 10/15: https://www.triphobo.com/places/new-york-city-united-states/wall-street-new-york
[2025-04-12T06:47:46.422+0000] {things_to_do.py:103} INFO - Scraping place 11/15: https://www.triphobo.com/places/new-york-city-united-states/century-21
[2025-04-12T06:47:49.846+0000] {things_to_do.py:103} INFO - Scraping place 12/15: https://www.triphobo.com/places/new-york-city-united-states/new-york-harbor
[2025-04-12T06:47:53.268+0000] {things_to_do.py:103} INFO - Scraping place 13/15: https://www.triphobo.com/places/new-york-city-united-states/flushing-meadows-corona-park
[2025-04-12T06:47:56.824+0000] {things_to_do.py:103} INFO - Scraping place 14/15: https://www.triphobo.com/places/new-york-city-united-states/governor-s-island
[2025-04-12T06:48:00.490+0000] {things_to_do.py:103} INFO - Scraping place 15/15: https://www.triphobo.com/places/new-york-city-united-states/apollo-theater
[2025-04-12T06:48:03.868+0000] {things_to_do.py:96} INFO - Scraping page 5: https://www.triphobo.com/places/new-york-city-united-states/things-to-do?page=5
[2025-04-12T06:48:09.146+0000] {things_to_do.py:99} INFO - Found 15 attraction links
[2025-04-12T06:48:09.146+0000] {things_to_do.py:103} INFO - Scraping place 1/15: https://www.triphobo.com/places/new-york-city-united-states/big-gay-ice-cream
[2025-04-12T06:48:12.688+0000] {things_to_do.py:103} INFO - Scraping place 2/15: https://www.triphobo.com/places/new-york-city-united-states/luna-park-coney-island
[2025-04-12T06:48:16.849+0000] {things_to_do.py:103} INFO - Scraping place 3/15: https://www.triphobo.com/places/new-york-city-united-states/brooklyn-bridge-park
[2025-04-12T06:48:20.272+0000] {things_to_do.py:103} INFO - Scraping place 4/15: https://www.triphobo.com/places/new-york-city-united-states/plaza-hotel
[2025-04-12T06:48:23.672+0000] {things_to_do.py:103} INFO - Scraping place 5/15: https://www.triphobo.com/places/new-york-city-united-states/chelsea-market
[2025-04-12T06:48:27.208+0000] {things_to_do.py:103} INFO - Scraping place 6/15: https://www.triphobo.com/places/new-york-city-united-states/the-strip-house-12th-street
[2025-04-12T06:48:30.705+0000] {things_to_do.py:103} INFO - Scraping place 7/15: https://www.triphobo.com/places/new-york-city-united-states/germania-bank-building
[2025-04-12T06:48:34.346+0000] {things_to_do.py:103} INFO - Scraping place 8/15: https://www.triphobo.com/places/new-york-city-united-states/graffiti-hall-of-fame
[2025-04-12T06:48:37.819+0000] {things_to_do.py:103} INFO - Scraping place 9/15: https://www.triphobo.com/places/new-york-city-united-states/flatiron-building
[2025-04-12T06:48:41.264+0000] {things_to_do.py:103} INFO - Scraping place 10/15: https://www.triphobo.com/places/new-york-city-united-states/hayden-planetarium
[2025-04-12T06:48:44.717+0000] {things_to_do.py:103} INFO - Scraping place 11/15: https://www.triphobo.com/places/new-york-city-united-states/cafe-mogador
[2025-04-12T06:48:48.102+0000] {things_to_do.py:103} INFO - Scraping place 12/15: https://www.triphobo.com/places/new-york-city-united-states/broadway-street
[2025-04-12T06:48:51.562+0000] {things_to_do.py:103} INFO - Scraping place 13/15: https://www.triphobo.com/places/new-york-city-united-states/eataly
[2025-04-12T06:48:54.993+0000] {things_to_do.py:103} INFO - Scraping place 14/15: https://www.triphobo.com/places/new-york-city-united-states/hunts-point
[2025-04-12T06:48:58.550+0000] {things_to_do.py:103} INFO - Scraping place 15/15: https://www.triphobo.com/places/new-york-city-united-states/circle-line-cruise
[2025-04-12T06:49:02.155+0000] {things_to_do.py:96} INFO - Scraping page 6: https://www.triphobo.com/places/new-york-city-united-states/things-to-do?page=6
[2025-04-12T06:49:08.972+0000] {things_to_do.py:99} INFO - Found 15 attraction links
[2025-04-12T06:49:08.972+0000] {things_to_do.py:103} INFO - Scraping place 1/15: https://www.triphobo.com/places/new-york-city-united-states/fifth-avenue
[2025-04-12T06:49:12.440+0000] {things_to_do.py:103} INFO - Scraping place 2/15: https://www.triphobo.com/places/new-york-city-united-states/marea
[2025-04-12T06:49:15.865+0000] {things_to_do.py:103} INFO - Scraping place 3/15: https://www.triphobo.com/places/new-york-city-united-states/museum-of-jewish-heritage
[2025-04-12T06:49:19.293+0000] {things_to_do.py:103} INFO - Scraping place 4/15: https://www.triphobo.com/places/new-york-city-united-states/church-of-st-paul-the-apostle
[2025-04-12T06:49:23.313+0000] {things_to_do.py:103} INFO - Scraping place 5/15: https://www.triphobo.com/places/new-york-city-united-states/st-vincent-ferrer
[2025-04-12T06:49:26.910+0000] {things_to_do.py:103} INFO - Scraping place 6/15: https://www.triphobo.com/places/new-york-city-united-states/st-francis-xavier
[2025-04-12T06:49:30.329+0000] {things_to_do.py:103} INFO - Scraping place 7/15: https://www.triphobo.com/places/new-york-city-united-states/calvary-episcopal-church
[2025-04-12T06:49:33.801+0000] {things_to_do.py:103} INFO - Scraping place 8/15: https://www.triphobo.com/places/new-york-city-united-states/macy-s-herald-square
[2025-04-12T06:49:37.523+0000] {things_to_do.py:103} INFO - Scraping place 9/15: https://www.triphobo.com/places/new-york-city-united-states/brooklyn-flea
[2025-04-12T06:49:41.063+0000] {things_to_do.py:103} INFO - Scraping place 10/15: https://www.triphobo.com/places/new-york-city-united-states/neue-gallery
[2025-04-12T06:49:44.592+0000] {things_to_do.py:103} INFO - Scraping place 11/15: https://www.triphobo.com/places/new-york-city-united-states/bldg-92
[2025-04-12T06:49:48.032+0000] {things_to_do.py:103} INFO - Scraping place 12/15: https://www.triphobo.com/places/new-york-city-united-states/centre-fuge-public-art-project
[2025-04-12T06:49:51.943+0000] {things_to_do.py:103} INFO - Scraping place 13/15: https://www.triphobo.com/places/new-york-city-united-states/the-lion
[2025-04-12T06:49:56.558+0000] {things_to_do.py:103} INFO - Scraping place 14/15: https://www.triphobo.com/places/new-york-city-united-states/bowery-graffiti-wall
[2025-04-12T06:50:00.313+0000] {things_to_do.py:103} INFO - Scraping place 15/15: https://www.triphobo.com/places/new-york-city-united-states/bronx-hall-of-fame
[2025-04-12T06:50:03.720+0000] {things_to_do.py:96} INFO - Scraping page 7: https://www.triphobo.com/places/new-york-city-united-states/things-to-do?page=7
[2025-04-12T06:50:11.342+0000] {things_to_do.py:99} INFO - Found 15 attraction links
[2025-04-12T06:50:11.342+0000] {things_to_do.py:103} INFO - Scraping place 1/15: https://www.triphobo.com/places/new-york-city-united-states/general-grant-national-memorial
[2025-04-12T06:50:14.798+0000] {things_to_do.py:103} INFO - Scraping place 2/15: https://www.triphobo.com/places/new-york-city-united-states/union-square
[2025-04-12T06:50:18.238+0000] {things_to_do.py:103} INFO - Scraping place 3/15: https://www.triphobo.com/places/new-york-city-united-states/brandy-library
[2025-04-12T06:50:21.666+0000] {things_to_do.py:103} INFO - Scraping place 4/15: https://www.triphobo.com/places/new-york-city-united-states/casa-lever
[2025-04-12T06:50:25.103+0000] {things_to_do.py:103} INFO - Scraping place 5/15: https://www.triphobo.com/places/new-york-city-united-states/hudson-river-greenway
[2025-04-12T06:50:28.822+0000] {things_to_do.py:103} INFO - Scraping place 6/15: https://www.triphobo.com/places/new-york-united-states/museum-of-the-city-of-new-york
[2025-04-12T06:50:32.209+0000] {things_to_do.py:103} INFO - Scraping place 7/15: https://www.triphobo.com/places/new-york-city-united-states/union-square-greenmarket
[2025-04-12T06:50:35.836+0000] {things_to_do.py:103} INFO - Scraping place 8/15: https://www.triphobo.com/places/new-york-city-united-states/museum-of-arts-and-design-store
[2025-04-12T06:50:39.358+0000] {things_to_do.py:103} INFO - Scraping place 9/15: https://www.triphobo.com/places/new-york-city-united-states/welling-court
[2025-04-12T06:50:43.068+0000] {things_to_do.py:103} INFO - Scraping place 10/15: https://www.triphobo.com/places/new-york-city-united-states/stillwell-avenue
[2025-04-12T06:50:46.530+0000] {things_to_do.py:103} INFO - Scraping place 11/15: https://www.triphobo.com/places/new-york-city-united-states/woolworth-building-tour
[2025-04-12T06:50:49.995+0000] {things_to_do.py:103} INFO - Scraping place 12/15: https://www.triphobo.com/places/new-york-city-united-states/tuff-city
[2025-04-12T06:50:53.486+0000] {things_to_do.py:103} INFO - Scraping place 13/15: https://www.triphobo.com/places/new-york-city-united-states/north-6th-street
[2025-04-12T06:50:56.961+0000] {things_to_do.py:103} INFO - Scraping place 14/15: https://www.triphobo.com/places/new-york-city-united-states/cafe-wha
[2025-04-12T06:51:01.522+0000] {things_to_do.py:103} INFO - Scraping place 15/15: https://www.triphobo.com/places/new-york-city-united-states/majestic-theatre
[2025-04-12T06:51:04.920+0000] {things_to_do.py:96} INFO - Scraping page 8: https://www.triphobo.com/places/new-york-city-united-states/things-to-do?page=8
[2025-04-12T06:51:13.162+0000] {things_to_do.py:99} INFO - Found 15 attraction links
[2025-04-12T06:51:13.162+0000] {things_to_do.py:103} INFO - Scraping place 1/15: https://www.triphobo.com/places/new-york-city-united-states/greenwich-village
[2025-04-12T06:51:16.691+0000] {things_to_do.py:103} INFO - Scraping place 2/15: https://www.triphobo.com/places/new-york-city-united-states/ghostbusters-fire-station
[2025-04-12T06:51:20.436+0000] {things_to_do.py:103} INFO - Scraping place 3/15: https://www.triphobo.com/places/new-york-city-united-states/west-village
[2025-04-12T06:51:23.940+0000] {things_to_do.py:103} INFO - Scraping place 4/15: https://www.triphobo.com/places/new-york-city-united-states/bethesda-terrace-and-fountain
[2025-04-12T06:51:27.337+0000] {things_to_do.py:103} INFO - Scraping place 5/15: https://www.triphobo.com/places/new-york-city-united-states/madame-tussauds-wax-museum
[2025-04-12T06:51:31.177+0000] {things_to_do.py:103} INFO - Scraping place 6/15: https://www.triphobo.com/places/new-york-city-united-states/washington-square-park
[2025-04-12T06:51:34.658+0000] {things_to_do.py:103} INFO - Scraping place 7/15: https://www.triphobo.com/places/new-york-city-united-states/broadway-theater
[2025-04-12T06:51:39.559+0000] {things_to_do.py:103} INFO - Scraping place 8/15: https://www.triphobo.com/places/new-york-city-united-states/riverside-park
[2025-04-12T06:51:43.012+0000] {things_to_do.py:103} INFO - Scraping place 9/15: https://www.triphobo.com/places/new-york-city-united-states/the-octagon-roosevelt-island
[2025-04-12T06:51:46.652+0000] {things_to_do.py:103} INFO - Scraping place 10/15: https://www.triphobo.com/places/new-york-city-united-states/long-beach
[2025-04-12T06:51:50.126+0000] {things_to_do.py:103} INFO - Scraping place 11/15: https://www.triphobo.com/places/new-york-city-united-states/42nd-east-street
[2025-04-12T06:51:53.602+0000] {things_to_do.py:103} INFO - Scraping place 12/15: https://www.triphobo.com/places/new-york-city-united-states/conservatory-garden
[2025-04-12T06:51:57.057+0000] {things_to_do.py:103} INFO - Scraping place 13/15: https://www.triphobo.com/places/new-york-city-united-states/trinity-church
[2025-04-12T06:52:00.683+0000] {things_to_do.py:103} INFO - Scraping place 14/15: https://www.triphobo.com/places/new-york-city-united-states/studio-54
[2025-04-12T06:52:04.067+0000] {things_to_do.py:103} INFO - Scraping place 15/15: https://www.triphobo.com/places/new-york-city-united-states/barrymore-theatre
[2025-04-12T06:52:07.467+0000] {things_to_do.py:96} INFO - Scraping page 9: https://www.triphobo.com/places/new-york-city-united-states/things-to-do?page=9
[2025-04-12T06:52:12.563+0000] {things_to_do.py:99} INFO - Found 15 attraction links
[2025-04-12T06:52:12.564+0000] {things_to_do.py:103} INFO - Scraping place 1/15: https://www.triphobo.com/places/new-york-city-united-states/st-thomas-church
[2025-04-12T06:52:16.171+0000] {things_to_do.py:103} INFO - Scraping place 2/15: https://www.triphobo.com/places/new-york-city-united-states/alice-in-wonderland-statue
[2025-04-12T06:52:20.821+0000] {things_to_do.py:103} INFO - Scraping place 3/15: https://www.triphobo.com/places/new-york-city-united-states/upper-east-side
[2025-04-12T06:52:24.371+0000] {things_to_do.py:103} INFO - Scraping place 4/15: https://www.triphobo.com/places/new-york-city-united-states/new-world-stages
[2025-04-12T06:52:27.826+0000] {things_to_do.py:103} INFO - Scraping place 5/15: https://www.triphobo.com/places/new-york-city-united-states/federal-hall
[2025-04-12T06:52:31.294+0000] {things_to_do.py:103} INFO - Scraping place 6/15: https://www.triphobo.com/places/new-york-city-united-states/queensboro-bridge
[2025-04-12T06:52:34.738+0000] {things_to_do.py:103} INFO - Scraping place 7/15: https://www.triphobo.com/places/new-york-city-united-states/new-york-film-academy
[2025-04-12T06:52:38.195+0000] {things_to_do.py:103} INFO - Scraping place 8/15: https://www.triphobo.com/places/new-york-city-united-states/herald-square
[2025-04-12T06:52:41.737+0000] {things_to_do.py:103} INFO - Scraping place 9/15: https://www.triphobo.com/places/new-york-city-united-states/pennsylvania-station
[2025-04-12T06:52:45.185+0000] {things_to_do.py:103} INFO - Scraping place 10/15: https://www.triphobo.com/places/new-york-city-united-states/new-york-university
[2025-04-12T06:52:48.590+0000] {things_to_do.py:103} INFO - Scraping place 11/15: https://www.triphobo.com/places/new-york-city-united-states/eleven-madison-park
[2025-04-12T06:52:52.082+0000] {things_to_do.py:103} INFO - Scraping place 12/15: https://www.triphobo.com/places/new-york-city-united-states/momofuku-ko
[2025-04-12T06:52:55.618+0000] {things_to_do.py:103} INFO - Scraping place 13/15: https://www.triphobo.com/places/new-york-city-united-states/aldea
[2025-04-12T06:52:59.138+0000] {things_to_do.py:103} INFO - Scraping place 14/15: https://www.triphobo.com/places/new-york-city-united-states/brick-lane-curry-house
[2025-04-12T06:53:02.810+0000] {things_to_do.py:103} INFO - Scraping place 15/15: https://www.triphobo.com/places/new-york-city-united-states/queen-s-zoo
[2025-04-12T06:53:06.591+0000] {things_to_do.py:96} INFO - Scraping page 10: https://www.triphobo.com/places/new-york-city-united-states/things-to-do?page=10
[2025-04-12T06:53:11.814+0000] {things_to_do.py:99} INFO - Found 13 attraction links
[2025-04-12T06:53:11.815+0000] {things_to_do.py:103} INFO - Scraping place 1/13: https://www.triphobo.com/places/new-york-city-united-states/great-new-york-noodle-town
[2025-04-12T06:53:16.875+0000] {things_to_do.py:103} INFO - Scraping place 2/13: https://www.triphobo.com/places/new-york-city-united-states/junoon
[2025-04-12T06:53:20.352+0000] {things_to_do.py:103} INFO - Scraping place 3/13: https://www.triphobo.com/places/new-york-city-united-states/greenhouse-36
[2025-04-12T06:53:23.825+0000] {things_to_do.py:103} INFO - Scraping place 4/13: https://www.triphobo.com/places/new-york-city-united-states/the-press-lounge
[2025-04-12T06:53:27.288+0000] {things_to_do.py:103} INFO - Scraping place 5/13: https://www.triphobo.com/places/new-york-city-united-states/penthouse-808
[2025-04-12T06:53:31.167+0000] {things_to_do.py:103} INFO - Scraping place 6/13: https://www.triphobo.com/places/new-york-city-united-states/the-slipper-room
[2025-04-12T06:53:34.708+0000] {things_to_do.py:103} INFO - Scraping place 7/13: https://www.triphobo.com/places/new-york-city-united-states/northern-theatre
[2025-04-12T06:53:38.368+0000] {things_to_do.py:103} INFO - Scraping place 8/13: https://www.triphobo.com/places/new-york-city-united-states/alma
[2025-04-12T06:53:41.876+0000] {things_to_do.py:103} INFO - Scraping place 9/13: https://www.triphobo.com/places/new-york-city-united-states/new-york-aquarium
[2025-04-12T06:53:45.301+0000] {things_to_do.py:103} INFO - Scraping place 10/13: https://www.triphobo.com/places/new-york-city-united-states/the-box
[2025-04-12T06:53:49.884+0000] {things_to_do.py:103} INFO - Scraping place 11/13: https://www.triphobo.com/places/new-york-city-united-states/lit-lounge
[2025-04-12T06:53:53.313+0000] {things_to_do.py:103} INFO - Scraping place 12/13: https://www.triphobo.com/places/new-york-city-united-states/white-horse-tavern
[2025-04-12T06:53:57.071+0000] {things_to_do.py:103} INFO - Scraping place 13/13: https://www.triphobo.com/places/new-york-city-united-states/kettle-of-fish
[2025-04-12T06:54:00.776+0000] {things_to_do.py:122} INFO - Data saved to /tmp/triphobo_data/multi_city_attractions.csv
[2025-04-12T06:54:00.776+0000] {things_to_do.py:132} INFO - Attraction scraping completed, data saved to /tmp/triphobo_data/multi_city_attractions.csv
[2025-04-12T06:54:00.777+0000] {python.py:240} INFO - Done. Returned value was: None
[2025-04-12T06:54:00.782+0000] {taskinstance.py:340} INFO - ::group::Post task execution logs
[2025-04-12T06:54:00.782+0000] {taskinstance.py:352} INFO - Marking task as SUCCESS. dag_id=triphobo_etl_pipeline, task_id=scrape_attractions, run_id=manual__2025-04-12T06:43:57.235882+00:00, execution_date=20250412T064357, start_date=20250412T064358, end_date=20250412T065400
[2025-04-12T06:54:00.795+0000] {local_task_job_runner.py:266} INFO - Task exited with return code 0
[2025-04-12T06:54:00.810+0000] {taskinstance.py:3895} INFO - 1 downstream tasks scheduled from follow-on schedule check
[2025-04-12T06:54:00.810+0000] {local_task_job_runner.py:245} INFO - ::endgroup::
[2025-04-12T13:53:57.212+0000] {local_task_job_runner.py:123} INFO - ::group::Pre task execution logs
[2025-04-12T13:53:57.221+0000] {taskinstance.py:2613} INFO - Dependencies all met for dep_context=non-requeueable deps ti=<TaskInstance: triphobo_etl_pipeline.scrape_attractions manual__2025-04-12T06:43:57.235882+00:00 [queued]>
[2025-04-12T13:53:57.225+0000] {taskinstance.py:2613} INFO - Dependencies all met for dep_context=requeueable deps ti=<TaskInstance: triphobo_etl_pipeline.scrape_attractions manual__2025-04-12T06:43:57.235882+00:00 [queued]>
[2025-04-12T13:53:57.225+0000] {taskinstance.py:2866} INFO - Starting attempt 1 of 1
[2025-04-12T13:53:57.232+0000] {taskinstance.py:2889} INFO - Executing <Task(PythonOperator): scrape_attractions> on 2025-04-12 06:43:57.235882+00:00
[2025-04-12T13:53:57.235+0000] {warnings.py:112} WARNING - /home/***/.local/lib/python3.12/site-packages/***/task/task_runner/standard_task_runner.py:70: DeprecationWarning: This process (pid=105) is multi-threaded, use of fork() may lead to deadlocks in the child.
  pid = os.fork()

[2025-04-12T13:53:57.236+0000] {standard_task_runner.py:72} INFO - Started process 109 to run task
[2025-04-12T13:53:57.236+0000] {standard_task_runner.py:104} INFO - Running: ['***', 'tasks', 'run', 'triphobo_etl_pipeline', 'scrape_attractions', 'manual__2025-04-12T06:43:57.235882+00:00', '--job-id', '154', '--raw', '--subdir', 'DAGS_FOLDER/trip_dag.py', '--cfg-path', '/tmp/tmpq6iujttp']
[2025-04-12T13:53:57.237+0000] {standard_task_runner.py:105} INFO - Job 154: Subtask scrape_attractions
[2025-04-12T13:53:57.262+0000] {task_command.py:467} INFO - Running <TaskInstance: triphobo_etl_pipeline.scrape_attractions manual__2025-04-12T06:43:57.235882+00:00 [running]> on host cd3ae23bc368
[2025-04-12T13:53:57.288+0000] {taskinstance.py:3132} INFO - Exporting env vars: AIRFLOW_CTX_DAG_OWNER='***' AIRFLOW_CTX_DAG_ID='triphobo_etl_pipeline' AIRFLOW_CTX_TASK_ID='scrape_attractions' AIRFLOW_CTX_EXECUTION_DATE='2025-04-12T06:43:57.235882+00:00' AIRFLOW_CTX_TRY_NUMBER='1' AIRFLOW_CTX_DAG_RUN_ID='manual__2025-04-12T06:43:57.235882+00:00'
[2025-04-12T13:53:57.288+0000] {taskinstance.py:731} INFO - ::endgroup::
[2025-04-12T13:53:57.591+0000] {things_to_do.py:92} INFO - Scraping city: New York City United States
[2025-04-12T13:53:57.591+0000] {things_to_do.py:96} INFO - Scraping page 1: https://www.triphobo.com/places/new-york-city-united-states/things-to-do?page=1
[2025-04-12T13:54:07.029+0000] {things_to_do.py:99} INFO - Found 15 attraction links
[2025-04-12T13:54:07.031+0000] {things_to_do.py:103} INFO - Scraping place 1/15: https://www.triphobo.com/places/new-york-city-united-states/empire-state-building
[2025-04-12T13:54:10.576+0000] {things_to_do.py:103} INFO - Scraping place 2/15: https://www.triphobo.com/places/new-york-city-united-states/statue-of-liberty
[2025-04-12T13:54:14.234+0000] {things_to_do.py:103} INFO - Scraping place 3/15: https://www.triphobo.com/places/new-york-city-united-states/rockefeller-center
[2025-04-12T13:54:18.417+0000] {things_to_do.py:103} INFO - Scraping place 4/15: https://www.triphobo.com/places/new-york-city-united-states/times-square
[2025-04-12T13:54:21.896+0000] {things_to_do.py:103} INFO - Scraping place 5/15: https://www.triphobo.com/places/new-york-city-united-states/the-metropolitan-museum-of-art
[2025-04-12T13:54:25.733+0000] {things_to_do.py:103} INFO - Scraping place 6/15: https://www.triphobo.com/places/new-york-city-united-states/grand-central-terminal
[2025-04-12T13:54:27.495+0000] {local_task_job_runner.py:346} WARNING - State of this instance has been externally set to success. Terminating instance.
[2025-04-12T13:54:27.498+0000] {local_task_job_runner.py:245} INFO - ::endgroup::
[2025-04-12T13:54:27.501+0000] {process_utils.py:132} INFO - Sending 15 to group 109. PIDs of all processes in the group: [112, 134, 138, 140, 171, 200, 170, 109]
[2025-04-12T13:54:27.501+0000] {process_utils.py:87} INFO - Sending the signal 15 to group 109
[2025-04-12T13:54:27.502+0000] {taskinstance.py:3093} ERROR - Received SIGTERM. Terminating subprocesses.
[2025-04-12T13:54:27.521+0000] {process_utils.py:80} INFO - Process psutil.Process(pid=134, status='terminated', started='13:53:57') (134) terminated with exit code None
[2025-04-12T13:54:27.663+0000] {process_utils.py:80} INFO - Process psutil.Process(pid=170, status='terminated', started='13:53:57') (170) terminated with exit code None
[2025-04-12T13:54:27.664+0000] {process_utils.py:80} INFO - Process psutil.Process(pid=138, status='terminated', started='13:53:57') (138) terminated with exit code None
[2025-04-12T13:54:27.664+0000] {process_utils.py:80} INFO - Process psutil.Process(pid=171, status='terminated', started='13:53:57') (171) terminated with exit code None
[2025-04-12T13:54:27.664+0000] {process_utils.py:80} INFO - Process psutil.Process(pid=112, status='terminated', started='13:53:57') (112) terminated with exit code None
[2025-04-12T13:54:27.665+0000] {process_utils.py:80} INFO - Process psutil.Process(pid=140, status='terminated', started='13:53:57') (140) terminated with exit code None
[2025-04-12T13:54:27.665+0000] {process_utils.py:80} INFO - Process psutil.Process(pid=200, status='terminated', started='13:53:57') (200) terminated with exit code None
[2025-04-12T13:55:27.525+0000] {process_utils.py:150} WARNING - process psutil.Process(pid=109, name='airflow task ru', status='sleeping', started='13:53:57') did not respond to SIGTERM. Trying SIGKILL
[2025-04-12T13:55:27.542+0000] {process_utils.py:87} INFO - Sending the signal 9 to group 109
[2025-04-12T13:55:27.554+0000] {process_utils.py:80} INFO - Process psutil.Process(pid=109, name='airflow task ru', status='terminated', exitcode=<Negsignal.SIGKILL: -9>, started='13:53:57') (109) terminated with exit code -9
[2025-04-12T13:55:27.554+0000] {standard_task_runner.py:190} ERROR - ('Job 154 was killed before it finished (likely due to running out of memory)', 'For more information, see https://***.apache.org/docs/apache-***/stable/troubleshooting.html#LocalTaskJob-killed')
