[2025-04-13T22:12:38.273+0000] {local_task_job_runner.py:123} INFO - ::group::Pre task execution logs
[2025-04-13T22:12:38.278+0000] {taskinstance.py:2613} INFO - Dependencies all met for dep_context=non-requeueable deps ti=<TaskInstance: ihg_hotels_dag.scrape_hotels manual__2025-04-13T22:12:35.472146+00:00 [queued]>
[2025-04-13T22:12:38.280+0000] {taskinstance.py:2613} INFO - Dependencies all met for dep_context=requeueable deps ti=<TaskInstance: ihg_hotels_dag.scrape_hotels manual__2025-04-13T22:12:35.472146+00:00 [queued]>
[2025-04-13T22:12:38.281+0000] {taskinstance.py:2866} INFO - Starting attempt 1 of 2
[2025-04-13T22:12:38.284+0000] {taskinstance.py:2889} INFO - Executing <Task(PythonOperator): scrape_hotels> on 2025-04-13 22:12:35.472146+00:00
[2025-04-13T22:12:38.288+0000] {warnings.py:112} WARNING - /home/***/.local/lib/python3.12/site-packages/***/task/task_runner/standard_task_runner.py:70: DeprecationWarning: This process (pid=83) is multi-threaded, use of fork() may lead to deadlocks in the child.
  pid = os.fork()

[2025-04-13T22:12:38.289+0000] {standard_task_runner.py:72} INFO - Started process 84 to run task
[2025-04-13T22:12:38.290+0000] {standard_task_runner.py:104} INFO - Running: ['***', 'tasks', 'run', 'ihg_hotels_dag', 'scrape_hotels', 'manual__2025-04-13T22:12:35.472146+00:00', '--job-id', '202', '--raw', '--subdir', 'DAGS_FOLDER/hotel_scrape_dag.py', '--cfg-path', '/tmp/tmpy3bb3s_w']
[2025-04-13T22:12:38.291+0000] {standard_task_runner.py:105} INFO - Job 202: Subtask scrape_hotels
[2025-04-13T22:12:38.308+0000] {task_command.py:467} INFO - Running <TaskInstance: ihg_hotels_dag.scrape_hotels manual__2025-04-13T22:12:35.472146+00:00 [running]> on host 474d79745668
[2025-04-13T22:12:38.334+0000] {taskinstance.py:3132} INFO - Exporting env vars: AIRFLOW_CTX_DAG_OWNER='***' AIRFLOW_CTX_DAG_ID='ihg_hotels_dag' AIRFLOW_CTX_TASK_ID='scrape_hotels' AIRFLOW_CTX_EXECUTION_DATE='2025-04-13T22:12:35.472146+00:00' AIRFLOW_CTX_TRY_NUMBER='1' AIRFLOW_CTX_DAG_RUN_ID='manual__2025-04-13T22:12:35.472146+00:00'
[2025-04-13T22:12:38.335+0000] {taskinstance.py:731} INFO - ::endgroup::
[2025-04-13T22:13:38.801+0000] {hotel_scrape_dag.py:78} ERROR - Failed New York: Page.wait_for_selector: Timeout 60000ms exceeded.
Call log:
  - waiting for locator("div[data-component-hotelcard]") to be visible

[2025-04-13T22:14:43.885+0000] {hotel_scrape_dag.py:78} ERROR - Failed San Francisco: Page.wait_for_selector: Timeout 60000ms exceeded.
Call log:
  - waiting for locator("div[data-component-hotelcard]") to be visible

[2025-04-13T22:15:48.954+0000] {hotel_scrape_dag.py:78} ERROR - Failed Chicago: Page.wait_for_selector: Timeout 60000ms exceeded.
Call log:
  - waiting for locator("div[data-component-hotelcard]") to be visible

[2025-04-13T22:16:52.296+0000] {hotel_scrape_dag.py:78} ERROR - Failed Seattle: Page.wait_for_selector: Timeout 60000ms exceeded.
Call log:
  - waiting for locator("div[data-component-hotelcard]") to be visible

[2025-04-13T22:17:54.833+0000] {hotel_scrape_dag.py:78} ERROR - Failed Las Vegas: Page.wait_for_selector: Timeout 60000ms exceeded.
Call log:
  - waiting for locator("div[data-component-hotelcard]") to be visible

[2025-04-13T22:18:57.909+0000] {hotel_scrape_dag.py:78} ERROR - Failed Los Angeles: Page.wait_for_selector: Timeout 60000ms exceeded.
Call log:
  - waiting for locator("div[data-component-hotelcard]") to be visible

[2025-04-13T22:19:01.863+0000] {python.py:240} INFO - Done. Returned value was: None
[2025-04-13T22:19:01.872+0000] {taskinstance.py:340} INFO - ::group::Post task execution logs
[2025-04-13T22:19:01.872+0000] {taskinstance.py:352} INFO - Marking task as SUCCESS. dag_id=ihg_hotels_dag, task_id=scrape_hotels, run_id=manual__2025-04-13T22:12:35.472146+00:00, execution_date=20250413T221235, start_date=20250413T221238, end_date=20250413T221901
[2025-04-13T22:19:01.934+0000] {local_task_job_runner.py:266} INFO - Task exited with return code 0
[2025-04-13T22:19:01.947+0000] {taskinstance.py:3895} INFO - 1 downstream tasks scheduled from follow-on schedule check
[2025-04-13T22:19:01.948+0000] {local_task_job_runner.py:245} INFO - ::endgroup::
