[2025-04-13T20:49:18.068+0000] {local_task_job_runner.py:123} INFO - ::group::Pre task execution logs
[2025-04-13T20:49:18.073+0000] {taskinstance.py:2613} INFO - Dependencies all met for dep_context=non-requeueable deps ti=<TaskInstance: ihg_hotels_dag.scrape_hotels manual__2025-04-13T20:49:17.299142+00:00 [queued]>
[2025-04-13T20:49:18.075+0000] {taskinstance.py:2613} INFO - Dependencies all met for dep_context=requeueable deps ti=<TaskInstance: ihg_hotels_dag.scrape_hotels manual__2025-04-13T20:49:17.299142+00:00 [queued]>
[2025-04-13T20:49:18.075+0000] {taskinstance.py:2866} INFO - Starting attempt 1 of 2
[2025-04-13T20:49:18.079+0000] {taskinstance.py:2889} INFO - Executing <Task(PythonOperator): scrape_hotels> on 2025-04-13 20:49:17.299142+00:00
[2025-04-13T20:49:18.082+0000] {warnings.py:112} WARNING - /home/***/.local/lib/python3.12/site-packages/***/task/task_runner/standard_task_runner.py:70: DeprecationWarning: This process (pid=333) is multi-threaded, use of fork() may lead to deadlocks in the child.
  pid = os.fork()

[2025-04-13T20:49:18.082+0000] {standard_task_runner.py:72} INFO - Started process 334 to run task
[2025-04-13T20:49:18.083+0000] {standard_task_runner.py:104} INFO - Running: ['***', 'tasks', 'run', 'ihg_hotels_dag', 'scrape_hotels', 'manual__2025-04-13T20:49:17.299142+00:00', '--job-id', '182', '--raw', '--subdir', 'DAGS_FOLDER/hotel_scrape_dag.py', '--cfg-path', '/tmp/tmpa5ozlpd2']
[2025-04-13T20:49:18.084+0000] {standard_task_runner.py:105} INFO - Job 182: Subtask scrape_hotels
[2025-04-13T20:49:18.098+0000] {task_command.py:467} INFO - Running <TaskInstance: ihg_hotels_dag.scrape_hotels manual__2025-04-13T20:49:17.299142+00:00 [running]> on host 2af885ea35b8
[2025-04-13T20:49:18.119+0000] {taskinstance.py:3132} INFO - Exporting env vars: AIRFLOW_CTX_DAG_OWNER='***' AIRFLOW_CTX_DAG_ID='ihg_hotels_dag' AIRFLOW_CTX_TASK_ID='scrape_hotels' AIRFLOW_CTX_EXECUTION_DATE='2025-04-13T20:49:17.299142+00:00' AIRFLOW_CTX_TRY_NUMBER='1' AIRFLOW_CTX_DAG_RUN_ID='manual__2025-04-13T20:49:17.299142+00:00'
[2025-04-13T20:49:18.120+0000] {taskinstance.py:731} INFO - ::endgroup::
[2025-04-13T20:49:18.296+0000] {hotel_scrape_dag.py:110} INFO - Scraping hotels in New York...
[2025-04-13T20:49:34.792+0000] {hotel_scrape_dag.py:99} ERROR - Failed to scrape New York: Page.wait_for_selector: Timeout 15000ms exceeded.
Call log:
  - waiting for locator("div[data-component-hotelcard]") to be visible

[2025-04-13T20:49:34.794+0000] {hotel_scrape_dag.py:110} INFO - Scraping hotels in San Francisco...
[2025-04-13T20:49:49.886+0000] {hotel_scrape_dag.py:99} ERROR - Failed to scrape San Francisco: Page.wait_for_selector: Timeout 15000ms exceeded.
Call log:
  - waiting for locator("div[data-component-hotelcard]") to be visible

[2025-04-13T20:49:49.887+0000] {hotel_scrape_dag.py:110} INFO - Scraping hotels in Chicago...
[2025-04-13T20:50:05.017+0000] {hotel_scrape_dag.py:99} ERROR - Failed to scrape Chicago: Page.wait_for_selector: Timeout 15000ms exceeded.
Call log:
  - waiting for locator("div[data-component-hotelcard]") to be visible

[2025-04-13T20:50:05.019+0000] {hotel_scrape_dag.py:110} INFO - Scraping hotels in Seattle...
[2025-04-13T20:50:20.087+0000] {hotel_scrape_dag.py:99} ERROR - Failed to scrape Seattle: Page.wait_for_selector: Timeout 15000ms exceeded.
Call log:
  - waiting for locator("div[data-component-hotelcard]") to be visible

[2025-04-13T20:50:20.088+0000] {hotel_scrape_dag.py:110} INFO - Scraping hotels in Las Vegas...
[2025-04-13T20:50:35.169+0000] {hotel_scrape_dag.py:99} ERROR - Failed to scrape Las Vegas: Page.wait_for_selector: Timeout 15000ms exceeded.
Call log:
  - waiting for locator("div[data-component-hotelcard]") to be visible

[2025-04-13T20:50:35.169+0000] {hotel_scrape_dag.py:110} INFO - Scraping hotels in Los Angeles...
[2025-04-13T20:50:50.218+0000] {hotel_scrape_dag.py:99} ERROR - Failed to scrape Los Angeles: Page.wait_for_selector: Timeout 15000ms exceeded.
Call log:
  - waiting for locator("div[data-component-hotelcard]") to be visible

[2025-04-13T20:50:50.280+0000] {hotel_scrape_dag.py:118} INFO - ✅ Saved 0 records to multi_city_ihg_hotels.csv
[2025-04-13T20:50:50.281+0000] {python.py:240} INFO - Done. Returned value was: None
[2025-04-13T20:50:50.291+0000] {taskinstance.py:340} INFO - ::group::Post task execution logs
[2025-04-13T20:50:50.291+0000] {taskinstance.py:352} INFO - Marking task as SUCCESS. dag_id=ihg_hotels_dag, task_id=scrape_hotels, run_id=manual__2025-04-13T20:49:17.299142+00:00, execution_date=20250413T204917, start_date=20250413T204918, end_date=20250413T205050
[2025-04-13T20:50:50.320+0000] {local_task_job_runner.py:266} INFO - Task exited with return code 0
[2025-04-13T20:50:50.333+0000] {taskinstance.py:3895} INFO - 1 downstream tasks scheduled from follow-on schedule check
[2025-04-13T20:50:50.334+0000] {local_task_job_runner.py:245} INFO - ::endgroup::
