[2025-04-18T04:32:31.916+0000] {local_task_job_runner.py:123} INFO - ::group::Pre task execution logs
[2025-04-18T04:32:31.923+0000] {taskinstance.py:2613} INFO - Dependencies all met for dep_context=non-requeueable deps ti=<TaskInstance: triphobo_attractions_scrape.upload_geocoded_attractions scheduled__2025-04-17T04:00:00+00:00 [queued]>
[2025-04-18T04:32:31.929+0000] {taskinstance.py:2613} INFO - Dependencies all met for dep_context=requeueable deps ti=<TaskInstance: triphobo_attractions_scrape.upload_geocoded_attractions scheduled__2025-04-17T04:00:00+00:00 [queued]>
[2025-04-18T04:32:31.929+0000] {taskinstance.py:2866} INFO - Starting attempt 1 of 1
[2025-04-18T04:32:31.935+0000] {taskinstance.py:2889} INFO - Executing <Task(PythonOperator): upload_geocoded_attractions> on 2025-04-17 04:00:00+00:00
[2025-04-18T04:32:31.939+0000] {warnings.py:112} WARNING - /home/***/.local/lib/python3.12/site-packages/***/task/task_runner/standard_task_runner.py:70: DeprecationWarning: This process (pid=568) is multi-threaded, use of fork() may lead to deadlocks in the child.
  pid = os.fork()

[2025-04-18T04:32:31.939+0000] {standard_task_runner.py:72} INFO - Started process 569 to run task
[2025-04-18T04:32:31.940+0000] {standard_task_runner.py:104} INFO - Running: ['***', 'tasks', 'run', 'triphobo_attractions_scrape', 'upload_geocoded_attractions', 'scheduled__2025-04-17T04:00:00+00:00', '--job-id', '39', '--raw', '--subdir', 'DAGS_FOLDER/attractions_dag.py', '--cfg-path', '/tmp/tmpdkzo9vab']
[2025-04-18T04:32:31.941+0000] {standard_task_runner.py:105} INFO - Job 39: Subtask upload_geocoded_attractions
[2025-04-18T04:32:31.961+0000] {task_command.py:467} INFO - Running <TaskInstance: triphobo_attractions_scrape.upload_geocoded_attractions scheduled__2025-04-17T04:00:00+00:00 [running]> on host 41648ed0d7d3
[2025-04-18T04:32:31.989+0000] {taskinstance.py:3132} INFO - Exporting env vars: AIRFLOW_CTX_DAG_OWNER='***' AIRFLOW_CTX_DAG_ID='triphobo_attractions_scrape' AIRFLOW_CTX_TASK_ID='upload_geocoded_attractions' AIRFLOW_CTX_EXECUTION_DATE='2025-04-17T04:00:00+00:00' AIRFLOW_CTX_TRY_NUMBER='1' AIRFLOW_CTX_DAG_RUN_ID='scheduled__2025-04-17T04:00:00+00:00'
[2025-04-18T04:32:31.990+0000] {taskinstance.py:731} INFO - ::endgroup::
[2025-04-18T04:32:32.828+0000] {attractions_dag.py:488} INFO - Uploaded /tmp/triphobo_data/attractions_with_coords.csv to s3://bigdatafinal2025/clean/attractions_with_coords.csv
[2025-04-18T04:32:32.829+0000] {python.py:240} INFO - Done. Returned value was: None
[2025-04-18T04:32:32.834+0000] {taskinstance.py:340} INFO - ::group::Post task execution logs
[2025-04-18T04:32:32.834+0000] {taskinstance.py:352} INFO - Marking task as SUCCESS. dag_id=triphobo_attractions_scrape, task_id=upload_geocoded_attractions, run_id=scheduled__2025-04-17T04:00:00+00:00, execution_date=20250417T040000, start_date=20250418T043231, end_date=20250418T043232
[2025-04-18T04:32:32.870+0000] {local_task_job_runner.py:266} INFO - Task exited with return code 0
[2025-04-18T04:32:32.879+0000] {taskinstance.py:3895} INFO - 1 downstream tasks scheduled from follow-on schedule check
[2025-04-18T04:32:32.879+0000] {local_task_job_runner.py:245} INFO - ::endgroup::
[2025-04-18T05:30:50.536+0000] {local_task_job_runner.py:123} INFO - ::group::Pre task execution logs
[2025-04-18T05:30:50.543+0000] {taskinstance.py:2613} INFO - Dependencies all met for dep_context=non-requeueable deps ti=<TaskInstance: triphobo_attractions_scrape.upload_geocoded_attractions scheduled__2025-04-17T04:00:00+00:00 [queued]>
[2025-04-18T05:30:50.546+0000] {taskinstance.py:2613} INFO - Dependencies all met for dep_context=requeueable deps ti=<TaskInstance: triphobo_attractions_scrape.upload_geocoded_attractions scheduled__2025-04-17T04:00:00+00:00 [queued]>
[2025-04-18T05:30:50.547+0000] {taskinstance.py:2866} INFO - Starting attempt 1 of 1
[2025-04-18T05:30:50.551+0000] {taskinstance.py:2889} INFO - Executing <Task(PythonOperator): upload_geocoded_attractions> on 2025-04-17 04:00:00+00:00
[2025-04-18T05:30:50.555+0000] {warnings.py:112} WARNING - /home/***/.local/lib/python3.12/site-packages/***/task/task_runner/standard_task_runner.py:70: DeprecationWarning: This process (pid=1025) is multi-threaded, use of fork() may lead to deadlocks in the child.
  pid = os.fork()

[2025-04-18T05:30:50.556+0000] {standard_task_runner.py:72} INFO - Started process 1026 to run task
[2025-04-18T05:30:50.556+0000] {standard_task_runner.py:104} INFO - Running: ['***', 'tasks', 'run', 'triphobo_attractions_scrape', 'upload_geocoded_attractions', 'scheduled__2025-04-17T04:00:00+00:00', '--job-id', '45', '--raw', '--subdir', 'DAGS_FOLDER/attractions_dag.py', '--cfg-path', '/tmp/tmpu7u2dgrh']
[2025-04-18T05:30:50.557+0000] {standard_task_runner.py:105} INFO - Job 45: Subtask upload_geocoded_attractions
[2025-04-18T05:30:50.576+0000] {task_command.py:467} INFO - Running <TaskInstance: triphobo_attractions_scrape.upload_geocoded_attractions scheduled__2025-04-17T04:00:00+00:00 [running]> on host 41648ed0d7d3
[2025-04-18T05:30:50.618+0000] {taskinstance.py:3132} INFO - Exporting env vars: AIRFLOW_CTX_DAG_OWNER='***' AIRFLOW_CTX_DAG_ID='triphobo_attractions_scrape' AIRFLOW_CTX_TASK_ID='upload_geocoded_attractions' AIRFLOW_CTX_EXECUTION_DATE='2025-04-17T04:00:00+00:00' AIRFLOW_CTX_TRY_NUMBER='1' AIRFLOW_CTX_DAG_RUN_ID='scheduled__2025-04-17T04:00:00+00:00'
[2025-04-18T05:30:50.619+0000] {taskinstance.py:731} INFO - ::endgroup::
[2025-04-18T05:30:51.764+0000] {attractions_dag.py:559} INFO - Uploaded /tmp/triphobo_data/attractions_with_coords.csv to s3://bigdatafinal2025/clean/attractions_with_coords.csv
[2025-04-18T05:30:51.770+0000] {python.py:240} INFO - Done. Returned value was: None
[2025-04-18T05:30:51.784+0000] {taskinstance.py:340} INFO - ::group::Post task execution logs
[2025-04-18T05:30:51.785+0000] {taskinstance.py:352} INFO - Marking task as SUCCESS. dag_id=triphobo_attractions_scrape, task_id=upload_geocoded_attractions, run_id=scheduled__2025-04-17T04:00:00+00:00, execution_date=20250417T040000, start_date=20250418T053050, end_date=20250418T053051
[2025-04-18T05:30:51.806+0000] {local_task_job_runner.py:266} INFO - Task exited with return code 0
[2025-04-18T05:30:51.823+0000] {taskinstance.py:3895} INFO - 1 downstream tasks scheduled from follow-on schedule check
[2025-04-18T05:30:51.824+0000] {local_task_job_runner.py:245} INFO - ::endgroup::
