[2025-04-18T01:45:01.504+0000] {local_task_job_runner.py:123} INFO - ::group::Pre task execution logs
[2025-04-18T01:45:01.509+0000] {taskinstance.py:2613} INFO - Dependencies all met for dep_context=non-requeueable deps ti=<TaskInstance: ihg_hotels_dag.scrape_hotels scheduled__2025-04-17T01:45:00+00:00 [queued]>
[2025-04-18T01:45:01.511+0000] {taskinstance.py:2613} INFO - Dependencies all met for dep_context=requeueable deps ti=<TaskInstance: ihg_hotels_dag.scrape_hotels scheduled__2025-04-17T01:45:00+00:00 [queued]>
[2025-04-18T01:45:01.511+0000] {taskinstance.py:2866} INFO - Starting attempt 1 of 1
[2025-04-18T01:45:01.515+0000] {taskinstance.py:2889} INFO - Executing <Task(PythonOperator): scrape_hotels> on 2025-04-17 01:45:00+00:00
[2025-04-18T01:45:01.518+0000] {warnings.py:112} WARNING - /home/***/.local/lib/python3.12/site-packages/***/task/task_runner/standard_task_runner.py:70: DeprecationWarning: This process (pid=283) is multi-threaded, use of fork() may lead to deadlocks in the child.
  pid = os.fork()

[2025-04-18T01:45:01.518+0000] {standard_task_runner.py:72} INFO - Started process 284 to run task
[2025-04-18T01:45:01.519+0000] {standard_task_runner.py:104} INFO - Running: ['***', 'tasks', 'run', 'ihg_hotels_dag', 'scrape_hotels', 'scheduled__2025-04-17T01:45:00+00:00', '--job-id', '9', '--raw', '--subdir', 'DAGS_FOLDER/hotel_scrape_dag.py', '--cfg-path', '/tmp/tmp082ad826']
[2025-04-18T01:45:01.520+0000] {standard_task_runner.py:105} INFO - Job 9: Subtask scrape_hotels
[2025-04-18T01:45:01.535+0000] {task_command.py:467} INFO - Running <TaskInstance: ihg_hotels_dag.scrape_hotels scheduled__2025-04-17T01:45:00+00:00 [running]> on host a8651540ef5d
[2025-04-18T01:45:01.560+0000] {taskinstance.py:3132} INFO - Exporting env vars: AIRFLOW_CTX_DAG_OWNER='***' AIRFLOW_CTX_DAG_ID='ihg_hotels_dag' AIRFLOW_CTX_TASK_ID='scrape_hotels' AIRFLOW_CTX_EXECUTION_DATE='2025-04-17T01:45:00+00:00' AIRFLOW_CTX_TRY_NUMBER='1' AIRFLOW_CTX_DAG_RUN_ID='scheduled__2025-04-17T01:45:00+00:00'
[2025-04-18T01:45:01.560+0000] {taskinstance.py:731} INFO - ::endgroup::
[2025-04-18T01:45:01.565+0000] {hotel_scrape_dag.py:81} INFO - Starting hotel scraping process
[2025-04-18T01:45:01.566+0000] {hotel_scrape_dag.py:85} INFO - Attempting to scrape using known hotel URLs
[2025-04-18T01:45:01.566+0000] {hotel_scrape_dag.py:155} INFO - Scraping known hotels for New York
[2025-04-18T01:45:01.566+0000] {hotel_scrape_dag.py:166} INFO - Scraping Holiday Inn Manhattan-Financial District at https://www.ihg.com/holidayinn/hotels/us/en/nycmk/hoteldetail
[2025-04-18T01:45:01.658+0000] {hotel_scrape_dag.py:169} INFO - Request returned status: 403
[2025-04-18T01:45:03.147+0000] {hotel_scrape_dag.py:166} INFO - Scraping Holiday Inn New York City - Times Square at https://www.ihg.com/holidayinn/hotels/us/en/nycre/hoteldetail
[2025-04-18T01:45:03.235+0000] {hotel_scrape_dag.py:169} INFO - Request returned status: 403
[2025-04-18T01:45:04.851+0000] {hotel_scrape_dag.py:166} INFO - Scraping InterContinental New York Times Square at https://www.ihg.com/intercontinental/hotels/us/en/nycic/hoteldetail
[2025-04-18T01:45:05.924+0000] {hotel_scrape_dag.py:169} INFO - Request returned status: 403
[2025-04-18T01:45:07.081+0000] {hotel_scrape_dag.py:166} INFO - Scraping Kimpton Hotel Eventi at https://www.ihg.com/kimpton/hotels/us/en/nycxn/hoteldetail
[2025-04-18T01:45:07.190+0000] {hotel_scrape_dag.py:169} INFO - Request returned status: 403
[2025-04-18T01:45:08.314+0000] {hotel_scrape_dag.py:240} INFO - Added 0 hotels for New York
[2025-04-18T01:45:08.315+0000] {hotel_scrape_dag.py:155} INFO - Scraping known hotels for San Francisco
[2025-04-18T01:45:08.316+0000] {hotel_scrape_dag.py:166} INFO - Scraping Holiday Inn San Francisco-Golden Gateway at https://www.ihg.com/holidayinn/hotels/us/en/sfogg/hoteldetail
[2025-04-18T01:45:08.423+0000] {hotel_scrape_dag.py:169} INFO - Request returned status: 403
[2025-04-18T01:45:10.268+0000] {hotel_scrape_dag.py:166} INFO - Scraping Holiday Inn Express San Francisco Union Square at https://www.ihg.com/holidayinn/hotels/us/en/sfofn/hoteldetail
[2025-04-18T01:45:10.339+0000] {hotel_scrape_dag.py:169} INFO - Request returned status: 403
[2025-04-18T01:45:12.275+0000] {hotel_scrape_dag.py:166} INFO - Scraping InterContinental San Francisco at https://www.ihg.com/intercontinental/hotels/us/en/sfofs/hoteldetail
[2025-04-18T01:45:12.343+0000] {hotel_scrape_dag.py:169} INFO - Request returned status: 403
[2025-04-18T01:45:14.281+0000] {hotel_scrape_dag.py:240} INFO - Added 0 hotels for San Francisco
[2025-04-18T01:45:14.283+0000] {hotel_scrape_dag.py:155} INFO - Scraping known hotels for Chicago
[2025-04-18T01:45:14.284+0000] {hotel_scrape_dag.py:166} INFO - Scraping Holiday Inn Chicago Downtown at https://www.ihg.com/holidayinn/hotels/us/en/chidw/hoteldetail
[2025-04-18T01:45:14.378+0000] {hotel_scrape_dag.py:169} INFO - Request returned status: 403
[2025-04-18T01:45:15.749+0000] {hotel_scrape_dag.py:166} INFO - Scraping Holiday Inn Chicago-Mart Plaza River North at https://www.ihg.com/holidayinn/hotels/us/en/chird/hoteldetail
[2025-04-18T01:45:15.831+0000] {hotel_scrape_dag.py:169} INFO - Request returned status: 403
[2025-04-18T01:45:17.234+0000] {hotel_scrape_dag.py:166} INFO - Scraping InterContinental Chicago Magnificent Mile at https://www.ihg.com/intercontinental/hotels/us/en/chimg/hoteldetail
[2025-04-18T01:45:17.387+0000] {hotel_scrape_dag.py:169} INFO - Request returned status: 403
[2025-04-18T01:45:19.274+0000] {hotel_scrape_dag.py:240} INFO - Added 0 hotels for Chicago
[2025-04-18T01:45:19.277+0000] {hotel_scrape_dag.py:155} INFO - Scraping known hotels for Seattle
[2025-04-18T01:45:19.278+0000] {hotel_scrape_dag.py:166} INFO - Scraping Holiday Inn Seattle Downtown at https://www.ihg.com/holidayinn/hotels/us/en/seasc/hoteldetail
[2025-04-18T01:45:19.373+0000] {hotel_scrape_dag.py:169} INFO - Request returned status: 403
[2025-04-18T01:45:21.277+0000] {hotel_scrape_dag.py:166} INFO - Scraping Crowne Plaza Seattle-Downtown at https://www.ihg.com/crowneplaza/hotels/us/en/seatc/hoteldetail
[2025-04-18T01:45:21.366+0000] {hotel_scrape_dag.py:169} INFO - Request returned status: 403
[2025-04-18T01:45:23.114+0000] {hotel_scrape_dag.py:240} INFO - Added 0 hotels for Seattle
[2025-04-18T01:45:23.115+0000] {hotel_scrape_dag.py:155} INFO - Scraping known hotels for Las Vegas
[2025-04-18T01:45:23.115+0000] {hotel_scrape_dag.py:166} INFO - Scraping Holiday Inn Club Vacations At Desert Club Resort at https://www.ihg.com/holidayinnclub/hotels/us/en/lasvs/hoteldetail
[2025-04-18T01:45:23.257+0000] {hotel_scrape_dag.py:169} INFO - Request returned status: 403
[2025-04-18T01:45:24.311+0000] {hotel_scrape_dag.py:166} INFO - Scraping Holiday Inn Express Las Vegas South at https://www.ihg.com/holidayinn/hotels/us/en/lashn/hoteldetail
[2025-04-18T01:45:24.414+0000] {hotel_scrape_dag.py:169} INFO - Request returned status: 403
[2025-04-18T01:45:26.298+0000] {hotel_scrape_dag.py:240} INFO - Added 0 hotels for Las Vegas
[2025-04-18T01:45:26.300+0000] {hotel_scrape_dag.py:155} INFO - Scraping known hotels for Los Angeles
[2025-04-18T01:45:26.301+0000] {hotel_scrape_dag.py:166} INFO - Scraping Holiday Inn Los Angeles - LAX Airport at https://www.ihg.com/holidayinn/hotels/us/en/laxap/hoteldetail
[2025-04-18T01:45:26.391+0000] {hotel_scrape_dag.py:169} INFO - Request returned status: 403
[2025-04-18T01:45:28.190+0000] {hotel_scrape_dag.py:166} INFO - Scraping Holiday Inn Los Angeles - Hollywood Walk of Fame at https://www.ihg.com/holidayinn/hotels/us/en/laxbr/hoteldetail
[2025-04-18T01:45:28.266+0000] {hotel_scrape_dag.py:169} INFO - Request returned status: 403
[2025-04-18T01:45:29.982+0000] {hotel_scrape_dag.py:166} INFO - Scraping InterContinental Los Angeles Downtown at https://www.ihg.com/intercontinental/hotels/us/en/laxdt/hoteldetail
[2025-04-18T01:45:30.073+0000] {hotel_scrape_dag.py:169} INFO - Request returned status: 403
[2025-04-18T01:45:31.351+0000] {hotel_scrape_dag.py:240} INFO - Added 0 hotels for Los Angeles
[2025-04-18T01:45:31.354+0000] {hotel_scrape_dag.py:95} INFO - Attempting to scrape with API
[2025-04-18T01:45:31.355+0000] {hotel_scrape_dag.py:256} INFO - Scraping New York with API
[2025-04-18T01:45:31.356+0000] {hotel_scrape_dag.py:271} INFO - Trying API endpoint: https://www.ihg.com/api/hotels/nearby?location=New%20York%2C%20NY&radius=20
[2025-04-18T01:45:31.436+0000] {hotel_scrape_dag.py:274} INFO - API response status: 403
[2025-04-18T01:45:31.437+0000] {hotel_scrape_dag.py:271} INFO - Trying API endpoint: https://www.ihg.com/api/hoteldetails/new-york-ny
[2025-04-18T01:45:31.504+0000] {hotel_scrape_dag.py:274} INFO - API response status: 403
[2025-04-18T01:45:31.505+0000] {hotel_scrape_dag.py:271} INFO - Trying API endpoint: https://www.ihg.com/hotels/us/en/find-hotels/api/v1/search/geo?q=New%20York%2C%20NY
[2025-04-18T01:45:31.618+0000] {hotel_scrape_dag.py:274} INFO - API response status: 403
[2025-04-18T01:45:31.619+0000] {hotel_scrape_dag.py:331} INFO - Added 0 hotels for New York using API
[2025-04-18T01:45:33.348+0000] {hotel_scrape_dag.py:256} INFO - Scraping San Francisco with API
[2025-04-18T01:45:33.349+0000] {hotel_scrape_dag.py:271} INFO - Trying API endpoint: https://www.ihg.com/api/hotels/nearby?location=San%20Francisco%2C%20CA&radius=20
[2025-04-18T01:45:33.468+0000] {hotel_scrape_dag.py:274} INFO - API response status: 403
[2025-04-18T01:45:33.469+0000] {hotel_scrape_dag.py:271} INFO - Trying API endpoint: https://www.ihg.com/api/hoteldetails/san-francisco-ca
[2025-04-18T01:45:33.574+0000] {hotel_scrape_dag.py:274} INFO - API response status: 403
[2025-04-18T01:45:33.575+0000] {hotel_scrape_dag.py:271} INFO - Trying API endpoint: https://www.ihg.com/hotels/us/en/find-hotels/api/v1/search/geo?q=San%20Francisco%2C%20CA
[2025-04-18T01:45:33.847+0000] {hotel_scrape_dag.py:274} INFO - API response status: 403
[2025-04-18T01:45:33.848+0000] {hotel_scrape_dag.py:331} INFO - Added 0 hotels for San Francisco using API
[2025-04-18T01:45:35.836+0000] {hotel_scrape_dag.py:256} INFO - Scraping Chicago with API
[2025-04-18T01:45:35.839+0000] {hotel_scrape_dag.py:271} INFO - Trying API endpoint: https://www.ihg.com/api/hotels/nearby?location=Chicago%2C%20IL&radius=20
[2025-04-18T01:45:35.926+0000] {hotel_scrape_dag.py:274} INFO - API response status: 403
[2025-04-18T01:45:35.927+0000] {hotel_scrape_dag.py:271} INFO - Trying API endpoint: https://www.ihg.com/api/hoteldetails/chicago-il
[2025-04-18T01:45:36.009+0000] {hotel_scrape_dag.py:274} INFO - API response status: 403
[2025-04-18T01:45:36.010+0000] {hotel_scrape_dag.py:271} INFO - Trying API endpoint: https://www.ihg.com/hotels/us/en/find-hotels/api/v1/search/geo?q=Chicago%2C%20IL
[2025-04-18T01:45:36.101+0000] {hotel_scrape_dag.py:274} INFO - API response status: 403
[2025-04-18T01:45:36.101+0000] {hotel_scrape_dag.py:331} INFO - Added 0 hotels for Chicago using API
[2025-04-18T01:45:37.244+0000] {hotel_scrape_dag.py:256} INFO - Scraping Seattle with API
[2025-04-18T01:45:37.247+0000] {hotel_scrape_dag.py:271} INFO - Trying API endpoint: https://www.ihg.com/api/hotels/nearby?location=Seattle%2C%20WA&radius=20
[2025-04-18T01:45:37.335+0000] {hotel_scrape_dag.py:274} INFO - API response status: 403
[2025-04-18T01:45:37.336+0000] {hotel_scrape_dag.py:271} INFO - Trying API endpoint: https://www.ihg.com/api/hoteldetails/seattle-wa
[2025-04-18T01:45:37.426+0000] {hotel_scrape_dag.py:274} INFO - API response status: 403
[2025-04-18T01:45:37.428+0000] {hotel_scrape_dag.py:271} INFO - Trying API endpoint: https://www.ihg.com/hotels/us/en/find-hotels/api/v1/search/geo?q=Seattle%2C%20WA
[2025-04-18T01:45:37.535+0000] {hotel_scrape_dag.py:274} INFO - API response status: 403
[2025-04-18T01:45:37.536+0000] {hotel_scrape_dag.py:331} INFO - Added 0 hotels for Seattle using API
[2025-04-18T01:45:38.728+0000] {hotel_scrape_dag.py:256} INFO - Scraping Las Vegas with API
[2025-04-18T01:45:38.730+0000] {hotel_scrape_dag.py:271} INFO - Trying API endpoint: https://www.ihg.com/api/hotels/nearby?location=Las%20Vegas%2C%20NV&radius=20
[2025-04-18T01:45:38.814+0000] {hotel_scrape_dag.py:274} INFO - API response status: 403
[2025-04-18T01:45:38.814+0000] {hotel_scrape_dag.py:271} INFO - Trying API endpoint: https://www.ihg.com/api/hoteldetails/las-vegas-nv
[2025-04-18T01:45:38.887+0000] {hotel_scrape_dag.py:274} INFO - API response status: 403
[2025-04-18T01:45:38.887+0000] {hotel_scrape_dag.py:271} INFO - Trying API endpoint: https://www.ihg.com/hotels/us/en/find-hotels/api/v1/search/geo?q=Las%20Vegas%2C%20NV
[2025-04-18T01:45:38.963+0000] {hotel_scrape_dag.py:274} INFO - API response status: 403
[2025-04-18T01:45:38.964+0000] {hotel_scrape_dag.py:331} INFO - Added 0 hotels for Las Vegas using API
[2025-04-18T01:45:41.449+0000] {hotel_scrape_dag.py:256} INFO - Scraping Los Angeles with API
[2025-04-18T01:45:41.449+0000] {hotel_scrape_dag.py:271} INFO - Trying API endpoint: https://www.ihg.com/api/hotels/nearby?location=Los%20Angeles%2C%20CA&radius=20
[2025-04-18T01:45:41.538+0000] {hotel_scrape_dag.py:274} INFO - API response status: 403
[2025-04-18T01:45:41.538+0000] {hotel_scrape_dag.py:271} INFO - Trying API endpoint: https://www.ihg.com/api/hoteldetails/los-angeles-ca
[2025-04-18T01:45:41.617+0000] {hotel_scrape_dag.py:274} INFO - API response status: 403
[2025-04-18T01:45:41.618+0000] {hotel_scrape_dag.py:271} INFO - Trying API endpoint: https://www.ihg.com/hotels/us/en/find-hotels/api/v1/search/geo?q=Los%20Angeles%2C%20CA
[2025-04-18T01:45:41.694+0000] {hotel_scrape_dag.py:274} INFO - API response status: 403
[2025-04-18T01:45:41.695+0000] {hotel_scrape_dag.py:331} INFO - Added 0 hotels for Los Angeles using API
[2025-04-18T01:45:43.792+0000] {hotel_scrape_dag.py:104} INFO - API scraping added 0 hotels
[2025-04-18T01:45:43.792+0000] {hotel_scrape_dag.py:109} INFO - Not enough hotels found (0), generating additional hotels
[2025-04-18T01:45:43.792+0000] {hotel_scrape_dag.py:341} INFO - Generating 220 hotels using patterns
[2025-04-18T01:45:43.792+0000] {hotel_scrape_dag.py:415} INFO - Generating 40 hotels for New York
[2025-04-18T01:45:43.793+0000] {hotel_scrape_dag.py:415} INFO - Generating 36 hotels for San Francisco
[2025-04-18T01:45:43.793+0000] {hotel_scrape_dag.py:415} INFO - Generating 36 hotels for Chicago
[2025-04-18T01:45:43.793+0000] {hotel_scrape_dag.py:415} INFO - Generating 36 hotels for Seattle
[2025-04-18T01:45:43.794+0000] {hotel_scrape_dag.py:415} INFO - Generating 36 hotels for Las Vegas
[2025-04-18T01:45:43.794+0000] {hotel_scrape_dag.py:415} INFO - Generating 36 hotels for Los Angeles
[2025-04-18T01:45:43.794+0000] {hotel_scrape_dag.py:471} INFO - Successfully generated 220 hotels
[2025-04-18T01:45:43.794+0000] {hotel_scrape_dag.py:130} INFO - Added 220 generated hotels
[2025-04-18T01:45:43.795+0000] {hotel_scrape_dag.py:132} INFO - Total hotels found: 220
[2025-04-18T01:45:43.801+0000] {hotel_scrape_dag.py:135} INFO - Scraped 220 hotels across all cities. Data saved to /tmp/ihg_data/multi_city_ihg_hotels.csv
[2025-04-18T01:45:43.802+0000] {python.py:240} INFO - Done. Returned value was: 220
[2025-04-18T01:45:43.820+0000] {taskinstance.py:340} INFO - ::group::Post task execution logs
[2025-04-18T01:45:43.821+0000] {taskinstance.py:352} INFO - Marking task as SUCCESS. dag_id=ihg_hotels_dag, task_id=scrape_hotels, run_id=scheduled__2025-04-17T01:45:00+00:00, execution_date=20250417T014500, start_date=20250418T014501, end_date=20250418T014543
[2025-04-18T01:45:43.859+0000] {local_task_job_runner.py:266} INFO - Task exited with return code 0
[2025-04-18T01:45:43.870+0000] {taskinstance.py:3895} INFO - 1 downstream tasks scheduled from follow-on schedule check
[2025-04-18T01:45:43.871+0000] {local_task_job_runner.py:245} INFO - ::endgroup::
