[2025-04-12T17:24:41.355+0000] {local_task_job_runner.py:123} INFO - ::group::Pre task execution logs
[2025-04-12T17:24:41.360+0000] {taskinstance.py:2613} INFO - Dependencies all met for dep_context=non-requeueable deps ti=<TaskInstance: triphobo_attractions_pipeline.upload_raw_attractions manual__2025-04-12T16:18:59.516033+00:00 [queued]>
[2025-04-12T17:24:41.362+0000] {taskinstance.py:2613} INFO - Dependencies all met for dep_context=requeueable deps ti=<TaskInstance: triphobo_attractions_pipeline.upload_raw_attractions manual__2025-04-12T16:18:59.516033+00:00 [queued]>
[2025-04-12T17:24:41.363+0000] {taskinstance.py:2866} INFO - Starting attempt 1 of 1
[2025-04-12T17:24:41.366+0000] {taskinstance.py:2889} INFO - Executing <Task(PythonOperator): upload_raw_attractions> on 2025-04-12 16:18:59.516033+00:00
[2025-04-12T17:24:41.369+0000] {warnings.py:112} WARNING - /home/***/.local/lib/python3.12/site-packages/***/task/task_runner/standard_task_runner.py:70: DeprecationWarning: This process (pid=1092) is multi-threaded, use of fork() may lead to deadlocks in the child.
  pid = os.fork()

[2025-04-12T17:24:41.370+0000] {standard_task_runner.py:72} INFO - Started process 1093 to run task
[2025-04-12T17:24:41.370+0000] {standard_task_runner.py:104} INFO - Running: ['***', 'tasks', 'run', 'triphobo_attractions_pipeline', 'upload_raw_attractions', 'manual__2025-04-12T16:18:59.516033+00:00', '--job-id', '170', '--raw', '--subdir', 'DAGS_FOLDER/attractions_dag.py', '--cfg-path', '/tmp/tmps49dbo9z']
[2025-04-12T17:24:41.371+0000] {standard_task_runner.py:105} INFO - Job 170: Subtask upload_raw_attractions
[2025-04-12T17:24:41.386+0000] {task_command.py:467} INFO - Running <TaskInstance: triphobo_attractions_pipeline.upload_raw_attractions manual__2025-04-12T16:18:59.516033+00:00 [running]> on host f5674eb65eee
[2025-04-12T17:24:41.411+0000] {taskinstance.py:3132} INFO - Exporting env vars: AIRFLOW_CTX_DAG_OWNER='***' AIRFLOW_CTX_DAG_ID='triphobo_attractions_pipeline' AIRFLOW_CTX_TASK_ID='upload_raw_attractions' AIRFLOW_CTX_EXECUTION_DATE='2025-04-12T16:18:59.516033+00:00' AIRFLOW_CTX_TRY_NUMBER='1' AIRFLOW_CTX_DAG_RUN_ID='manual__2025-04-12T16:18:59.516033+00:00'
[2025-04-12T17:24:41.411+0000] {taskinstance.py:731} INFO - ::endgroup::
[2025-04-12T17:24:43.213+0000] {upload_to_S3.py:31} INFO - Uploaded /tmp/triphobo_data/multi_city_attractions.csv to s3://bigdatafinal2025/raw/multi_city_attractions.csv
[2025-04-12T17:24:43.217+0000] {python.py:240} INFO - Done. Returned value was: None
[2025-04-12T17:24:43.230+0000] {taskinstance.py:340} INFO - ::group::Post task execution logs
[2025-04-12T17:24:43.230+0000] {taskinstance.py:352} INFO - Marking task as SUCCESS. dag_id=triphobo_attractions_pipeline, task_id=upload_raw_attractions, run_id=manual__2025-04-12T16:18:59.516033+00:00, execution_date=20250412T161859, start_date=20250412T172441, end_date=20250412T172443
[2025-04-12T17:24:43.275+0000] {local_task_job_runner.py:266} INFO - Task exited with return code 0
[2025-04-12T17:24:43.289+0000] {taskinstance.py:3895} INFO - 1 downstream tasks scheduled from follow-on schedule check
[2025-04-12T17:24:43.290+0000] {local_task_job_runner.py:245} INFO - ::endgroup::
