[2025-04-13T21:48:05.529+0000] {local_task_job_runner.py:123} INFO - ::group::Pre task execution logs
[2025-04-13T21:48:05.534+0000] {taskinstance.py:2613} INFO - Dependencies all met for dep_context=non-requeueable deps ti=<TaskInstance: ihg_hotels_dag.scrape_hotels manual__2025-04-13T21:43:02.778776+00:00 [queued]>
[2025-04-13T21:48:05.536+0000] {taskinstance.py:2613} INFO - Dependencies all met for dep_context=requeueable deps ti=<TaskInstance: ihg_hotels_dag.scrape_hotels manual__2025-04-13T21:43:02.778776+00:00 [queued]>
[2025-04-13T21:48:05.536+0000] {taskinstance.py:2866} INFO - Starting attempt 2 of 2
[2025-04-13T21:48:05.540+0000] {taskinstance.py:2889} INFO - Executing <Task(PythonOperator): scrape_hotels> on 2025-04-13 21:43:02.778776+00:00
[2025-04-13T21:48:05.543+0000] {warnings.py:112} WARNING - /home/***/.local/lib/python3.12/site-packages/***/task/task_runner/standard_task_runner.py:70: DeprecationWarning: This process (pid=1488) is multi-threaded, use of fork() may lead to deadlocks in the child.
  pid = os.fork()

[2025-04-13T21:48:05.543+0000] {standard_task_runner.py:72} INFO - Started process 1489 to run task
[2025-04-13T21:48:05.544+0000] {standard_task_runner.py:104} INFO - Running: ['***', 'tasks', 'run', 'ihg_hotels_dag', 'scrape_hotels', 'manual__2025-04-13T21:43:02.778776+00:00', '--job-id', '196', '--raw', '--subdir', 'DAGS_FOLDER/hotel_scrape_dag.py', '--cfg-path', '/tmp/tmpqnqvexxq']
[2025-04-13T21:48:05.545+0000] {standard_task_runner.py:105} INFO - Job 196: Subtask scrape_hotels
[2025-04-13T21:48:05.559+0000] {task_command.py:467} INFO - Running <TaskInstance: ihg_hotels_dag.scrape_hotels manual__2025-04-13T21:43:02.778776+00:00 [running]> on host 2af885ea35b8
[2025-04-13T21:48:05.582+0000] {taskinstance.py:3132} INFO - Exporting env vars: AIRFLOW_CTX_DAG_OWNER='***' AIRFLOW_CTX_DAG_ID='ihg_hotels_dag' AIRFLOW_CTX_TASK_ID='scrape_hotels' AIRFLOW_CTX_EXECUTION_DATE='2025-04-13T21:43:02.778776+00:00' AIRFLOW_CTX_TRY_NUMBER='2' AIRFLOW_CTX_DAG_RUN_ID='manual__2025-04-13T21:43:02.778776+00:00'
[2025-04-13T21:48:05.583+0000] {taskinstance.py:731} INFO - ::endgroup::
[2025-04-13T21:48:05.758+0000] {hotel_scrape_dag.py:184} INFO - Scraping hotels in New York...
[2025-04-13T21:48:05.758+0000] {hotel_scrape_dag.py:50} INFO - Scraping hotels in New York...
[2025-04-13T21:48:08.821+0000] {hotel_scrape_dag.py:63} INFO - Saved initial screenshot for New York
[2025-04-13T21:48:08.821+0000] {hotel_scrape_dag.py:66} INFO - Waiting for hotel cards in New York...
[2025-04-13T21:48:38.840+0000] {hotel_scrape_dag.py:82} ERROR - Failed to find hotel cards in New York: Page.wait_for_selector: Timeout 30000ms exceeded.
Call log:
  - waiting for locator("div[data-component-hotelcard]") to be visible

[2025-04-13T21:48:43.785+0000] {hotel_scrape_dag.py:184} INFO - Scraping hotels in San Francisco...
[2025-04-13T21:48:43.786+0000] {hotel_scrape_dag.py:50} INFO - Scraping hotels in San Francisco...
[2025-04-13T21:48:46.833+0000] {hotel_scrape_dag.py:63} INFO - Saved initial screenshot for San Francisco
[2025-04-13T21:48:46.833+0000] {hotel_scrape_dag.py:66} INFO - Waiting for hotel cards in San Francisco...
[2025-04-13T21:49:16.839+0000] {hotel_scrape_dag.py:82} ERROR - Failed to find hotel cards in San Francisco: Page.wait_for_selector: Timeout 30000ms exceeded.
Call log:
  - waiting for locator("div[data-component-hotelcard]") to be visible

[2025-04-13T21:49:20.073+0000] {hotel_scrape_dag.py:184} INFO - Scraping hotels in Chicago...
[2025-04-13T21:49:20.074+0000] {hotel_scrape_dag.py:50} INFO - Scraping hotels in Chicago...
[2025-04-13T21:49:21.808+0000] {hotel_scrape_dag.py:63} INFO - Saved initial screenshot for Chicago
[2025-04-13T21:49:21.808+0000] {hotel_scrape_dag.py:66} INFO - Waiting for hotel cards in Chicago...
[2025-04-13T21:49:51.820+0000] {hotel_scrape_dag.py:82} ERROR - Failed to find hotel cards in Chicago: Page.wait_for_selector: Timeout 30000ms exceeded.
Call log:
  - waiting for locator("div[data-component-hotelcard]") to be visible

[2025-04-13T21:49:55.382+0000] {hotel_scrape_dag.py:184} INFO - Scraping hotels in Seattle...
[2025-04-13T21:49:55.384+0000] {hotel_scrape_dag.py:50} INFO - Scraping hotels in Seattle...
[2025-04-13T21:49:57.820+0000] {hotel_scrape_dag.py:63} INFO - Saved initial screenshot for Seattle
[2025-04-13T21:49:57.820+0000] {hotel_scrape_dag.py:66} INFO - Waiting for hotel cards in Seattle...
[2025-04-13T21:50:27.827+0000] {hotel_scrape_dag.py:82} ERROR - Failed to find hotel cards in Seattle: Page.wait_for_selector: Timeout 30000ms exceeded.
Call log:
  - waiting for locator("div[data-component-hotelcard]") to be visible

[2025-04-13T21:50:29.999+0000] {hotel_scrape_dag.py:184} INFO - Scraping hotels in Las Vegas...
[2025-04-13T21:50:29.999+0000] {hotel_scrape_dag.py:50} INFO - Scraping hotels in Las Vegas...
[2025-04-13T21:50:31.947+0000] {hotel_scrape_dag.py:63} INFO - Saved initial screenshot for Las Vegas
[2025-04-13T21:50:31.947+0000] {hotel_scrape_dag.py:66} INFO - Waiting for hotel cards in Las Vegas...
[2025-04-13T21:51:01.957+0000] {hotel_scrape_dag.py:82} ERROR - Failed to find hotel cards in Las Vegas: Page.wait_for_selector: Timeout 30000ms exceeded.
Call log:
  - waiting for locator("div[data-component-hotelcard]") to be visible

[2025-04-13T21:51:04.245+0000] {hotel_scrape_dag.py:184} INFO - Scraping hotels in Los Angeles...
[2025-04-13T21:51:04.247+0000] {hotel_scrape_dag.py:50} INFO - Scraping hotels in Los Angeles...
[2025-04-13T21:51:06.904+0000] {hotel_scrape_dag.py:63} INFO - Saved initial screenshot for Los Angeles
[2025-04-13T21:51:06.904+0000] {hotel_scrape_dag.py:66} INFO - Waiting for hotel cards in Los Angeles...
[2025-04-13T21:51:36.910+0000] {hotel_scrape_dag.py:82} ERROR - Failed to find hotel cards in Los Angeles: Page.wait_for_selector: Timeout 30000ms exceeded.
Call log:
  - waiting for locator("div[data-component-hotelcard]") to be visible

[2025-04-13T21:51:41.796+0000] {hotel_scrape_dag.py:194} INFO - ✅ Saved 0 records to multi_city_ihg_hotels.csv
[2025-04-13T21:51:41.798+0000] {python.py:240} INFO - Done. Returned value was: 0
[2025-04-13T21:51:41.815+0000] {taskinstance.py:340} INFO - ::group::Post task execution logs
[2025-04-13T21:51:41.815+0000] {taskinstance.py:352} INFO - Marking task as SUCCESS. dag_id=ihg_hotels_dag, task_id=scrape_hotels, run_id=manual__2025-04-13T21:43:02.778776+00:00, execution_date=20250413T214302, start_date=20250413T214805, end_date=20250413T215141
[2025-04-13T21:51:41.859+0000] {local_task_job_runner.py:266} INFO - Task exited with return code 0
[2025-04-13T21:51:41.884+0000] {taskinstance.py:3895} INFO - 1 downstream tasks scheduled from follow-on schedule check
[2025-04-13T21:51:41.886+0000] {local_task_job_runner.py:245} INFO - ::endgroup::
