[2025-04-12T17:24:49.210+0000] {local_task_job_runner.py:123} INFO - ::group::Pre task execution logs
[2025-04-12T17:24:49.215+0000] {taskinstance.py:2613} INFO - Dependencies all met for dep_context=non-requeueable deps ti=<TaskInstance: triphobo_attractions_pipeline.load_attractions_snowflake manual__2025-04-12T16:18:59.516033+00:00 [queued]>
[2025-04-12T17:24:49.218+0000] {taskinstance.py:2613} INFO - Dependencies all met for dep_context=requeueable deps ti=<TaskInstance: triphobo_attractions_pipeline.load_attractions_snowflake manual__2025-04-12T16:18:59.516033+00:00 [queued]>
[2025-04-12T17:24:49.218+0000] {taskinstance.py:2866} INFO - Starting attempt 1 of 1
[2025-04-12T17:24:49.221+0000] {taskinstance.py:2889} INFO - Executing <Task(PythonOperator): load_attractions_snowflake> on 2025-04-12 16:18:59.516033+00:00
[2025-04-12T17:24:49.224+0000] {warnings.py:112} WARNING - /home/***/.local/lib/python3.12/site-packages/***/task/task_runner/standard_task_runner.py:70: DeprecationWarning: This process (pid=1112) is multi-threaded, use of fork() may lead to deadlocks in the child.
  pid = os.fork()

[2025-04-12T17:24:49.225+0000] {standard_task_runner.py:72} INFO - Started process 1113 to run task
[2025-04-12T17:24:49.225+0000] {standard_task_runner.py:104} INFO - Running: ['***', 'tasks', 'run', 'triphobo_attractions_pipeline', 'load_attractions_snowflake', 'manual__2025-04-12T16:18:59.516033+00:00', '--job-id', '173', '--raw', '--subdir', 'DAGS_FOLDER/attractions_dag.py', '--cfg-path', '/tmp/tmp7vtsvwrj']
[2025-04-12T17:24:49.226+0000] {standard_task_runner.py:105} INFO - Job 173: Subtask load_attractions_snowflake
[2025-04-12T17:24:49.241+0000] {task_command.py:467} INFO - Running <TaskInstance: triphobo_attractions_pipeline.load_attractions_snowflake manual__2025-04-12T16:18:59.516033+00:00 [running]> on host f5674eb65eee
[2025-04-12T17:24:49.265+0000] {taskinstance.py:3132} INFO - Exporting env vars: AIRFLOW_CTX_DAG_OWNER='***' AIRFLOW_CTX_DAG_ID='triphobo_attractions_pipeline' AIRFLOW_CTX_TASK_ID='load_attractions_snowflake' AIRFLOW_CTX_EXECUTION_DATE='2025-04-12T16:18:59.516033+00:00' AIRFLOW_CTX_TRY_NUMBER='1' AIRFLOW_CTX_DAG_RUN_ID='manual__2025-04-12T16:18:59.516033+00:00'
[2025-04-12T17:24:49.265+0000] {taskinstance.py:731} INFO - ::endgroup::
[2025-04-12T17:24:49.285+0000] {upload_to_snowflake.py:30} INFO - CSV file contains 812 rows and 10 columns
[2025-04-12T17:24:49.287+0000] {upload_to_snowflake.py:35} INFO - City distribution in CSV: {'San Francisco United States': 146, 'Chicago United States': 145, 'Los Angeles United States': 141, 'Las Vegas United States': 137, 'New York City United States': 133, 'Seattle United States': 110}
[2025-04-12T17:24:49.287+0000] {connection.py:414} INFO - Snowflake Connector for Python Version: 3.12.4, Python Version: 3.12.8, Platform: Linux-6.10.14-linuxkit-aarch64-with-glibc2.36
[2025-04-12T17:24:49.288+0000] {connection.py:1197} INFO - Connecting to GLOBAL Snowflake domain
[2025-04-12T17:24:49.288+0000] {connection.py:1278} INFO - This connection is in OCSP Fail Open Mode. TLS Certificates would be checked for validity and revocation status. Any other Certificate Revocation related exceptions or OCSP Responder failures would be disregarded in favor of connectivity.
[2025-04-12T17:24:50.570+0000] {upload_to_snowflake.py:45} INFO - Dropping table `TRIPHOBO_ATTRACTIONS` if it exists...
[2025-04-12T17:24:51.049+0000] {cursor.py:1166} INFO - Number of results in first chunk: 1
[2025-04-12T17:24:51.050+0000] {upload_to_snowflake.py:49} INFO - Creating table `TRIPHOBO_ATTRACTIONS`...
[2025-04-12T17:24:51.559+0000] {cursor.py:1166} INFO - Number of results in first chunk: 1
[2025-04-12T17:24:51.560+0000] {upload_to_snowflake.py:55} INFO - Staging local file /tmp/triphobo_data/cleaned_attractions.csv to Snowflake...
[2025-04-12T17:24:52.133+0000] {upload_to_snowflake.py:60} INFO - Copying data into `TRIPHOBO_ATTRACTIONS` from staged file...
[2025-04-12T17:24:54.013+0000] {cursor.py:1166} INFO - Number of results in first chunk: 1
[2025-04-12T17:24:54.014+0000] {upload_to_snowflake.py:76} INFO - COPY command result: [('data/cleaned_attractions.csv.gz', 'LOADED', 148, 148, 148, 0, None, None, None, None)]
[2025-04-12T17:24:54.230+0000] {cursor.py:1166} INFO - Number of results in first chunk: 1
[2025-04-12T17:24:54.232+0000] {upload_to_snowflake.py:81} INFO - Total rows in Snowflake table: 148
[2025-04-12T17:24:54.630+0000] {cursor.py:1166} INFO - Number of results in first chunk: 1
[2025-04-12T17:24:54.631+0000] {upload_to_snowflake.py:87} INFO - City distribution in Snowflake: [('New York City United States', 148)]
[2025-04-12T17:24:54.632+0000] {connection.py:789} INFO - closed
[2025-04-12T17:24:54.679+0000] {connection.py:795} INFO - No async queries seem to be running, deleting session
[2025-04-12T17:24:54.754+0000] {upload_to_snowflake.py:92} INFO - Data successfully copied to Snowflake table: TRIPHOBO_ATTRACTIONS
[2025-04-12T17:24:54.757+0000] {python.py:240} INFO - Done. Returned value was: None
[2025-04-12T17:24:54.769+0000] {taskinstance.py:340} INFO - ::group::Post task execution logs
[2025-04-12T17:24:54.770+0000] {taskinstance.py:352} INFO - Marking task as SUCCESS. dag_id=triphobo_attractions_pipeline, task_id=load_attractions_snowflake, run_id=manual__2025-04-12T16:18:59.516033+00:00, execution_date=20250412T161859, start_date=20250412T172449, end_date=20250412T172454
[2025-04-12T17:24:54.820+0000] {local_task_job_runner.py:266} INFO - Task exited with return code 0
[2025-04-12T17:24:54.830+0000] {taskinstance.py:3895} INFO - 0 downstream tasks scheduled from follow-on schedule check
[2025-04-12T17:24:54.831+0000] {local_task_job_runner.py:245} INFO - ::endgroup::
