[2025-04-13T20:53:21.389+0000] {local_task_job_runner.py:123} INFO - ::group::Pre task execution logs
[2025-04-13T20:53:21.395+0000] {taskinstance.py:2613} INFO - Dependencies all met for dep_context=non-requeueable deps ti=<TaskInstance: ihg_hotels_dag.scrape_hotels manual__2025-04-13T20:53:20.299620+00:00 [queued]>
[2025-04-13T20:53:21.397+0000] {taskinstance.py:2613} INFO - Dependencies all met for dep_context=requeueable deps ti=<TaskInstance: ihg_hotels_dag.scrape_hotels manual__2025-04-13T20:53:20.299620+00:00 [queued]>
[2025-04-13T20:53:21.397+0000] {taskinstance.py:2866} INFO - Starting attempt 1 of 2
[2025-04-13T20:53:21.401+0000] {taskinstance.py:2889} INFO - Executing <Task(PythonOperator): scrape_hotels> on 2025-04-13 20:53:20.299620+00:00
[2025-04-13T20:53:21.403+0000] {warnings.py:112} WARNING - /home/***/.local/lib/python3.12/site-packages/***/task/task_runner/standard_task_runner.py:70: DeprecationWarning: This process (pid=468) is multi-threaded, use of fork() may lead to deadlocks in the child.
  pid = os.fork()

[2025-04-13T20:53:21.404+0000] {standard_task_runner.py:72} INFO - Started process 469 to run task
[2025-04-13T20:53:21.404+0000] {standard_task_runner.py:104} INFO - Running: ['***', 'tasks', 'run', 'ihg_hotels_dag', 'scrape_hotels', 'manual__2025-04-13T20:53:20.299620+00:00', '--job-id', '185', '--raw', '--subdir', 'DAGS_FOLDER/hotel_scrape_dag.py', '--cfg-path', '/tmp/tmpdl4h6ppo']
[2025-04-13T20:53:21.405+0000] {standard_task_runner.py:105} INFO - Job 185: Subtask scrape_hotels
[2025-04-13T20:53:21.420+0000] {task_command.py:467} INFO - Running <TaskInstance: ihg_hotels_dag.scrape_hotels manual__2025-04-13T20:53:20.299620+00:00 [running]> on host 2af885ea35b8
[2025-04-13T20:53:21.444+0000] {taskinstance.py:3132} INFO - Exporting env vars: AIRFLOW_CTX_DAG_OWNER='***' AIRFLOW_CTX_DAG_ID='ihg_hotels_dag' AIRFLOW_CTX_TASK_ID='scrape_hotels' AIRFLOW_CTX_EXECUTION_DATE='2025-04-13T20:53:20.299620+00:00' AIRFLOW_CTX_TRY_NUMBER='1' AIRFLOW_CTX_DAG_RUN_ID='manual__2025-04-13T20:53:20.299620+00:00'
[2025-04-13T20:53:21.444+0000] {taskinstance.py:731} INFO - ::endgroup::
[2025-04-13T20:53:21.623+0000] {hotel_scrape_dag.py:119} INFO - Scraping hotels in New York...
[2025-04-13T20:53:21.623+0000] {hotel_scrape_dag.py:49} INFO - Scraping hotels in New York...
[2025-04-13T20:53:41.830+0000] {hotel_scrape_dag.py:107} ERROR - Failed to scrape New York: Page.wait_for_selector: Timeout 20000ms exceeded.
Call log:
  - waiting for locator("div[data-component-hotelcard]") to be visible

[2025-04-13T20:53:41.831+0000] {hotel_scrape_dag.py:119} INFO - Scraping hotels in San Francisco...
[2025-04-13T20:53:41.831+0000] {hotel_scrape_dag.py:49} INFO - Scraping hotels in San Francisco...
[2025-04-13T20:54:01.915+0000] {hotel_scrape_dag.py:107} ERROR - Failed to scrape San Francisco: Page.wait_for_selector: Timeout 20000ms exceeded.
Call log:
  - waiting for locator("div[data-component-hotelcard]") to be visible

[2025-04-13T20:54:01.917+0000] {hotel_scrape_dag.py:119} INFO - Scraping hotels in Chicago...
[2025-04-13T20:54:01.918+0000] {hotel_scrape_dag.py:49} INFO - Scraping hotels in Chicago...
[2025-04-13T20:54:21.977+0000] {hotel_scrape_dag.py:107} ERROR - Failed to scrape Chicago: Page.wait_for_selector: Timeout 20000ms exceeded.
Call log:
  - waiting for locator("div[data-component-hotelcard]") to be visible

[2025-04-13T20:54:21.977+0000] {hotel_scrape_dag.py:119} INFO - Scraping hotels in Seattle...
[2025-04-13T20:54:21.978+0000] {hotel_scrape_dag.py:49} INFO - Scraping hotels in Seattle...
[2025-04-13T20:54:42.309+0000] {hotel_scrape_dag.py:107} ERROR - Failed to scrape Seattle: Page.wait_for_selector: Timeout 20000ms exceeded.
Call log:
  - waiting for locator("div[data-component-hotelcard]") to be visible

[2025-04-13T20:54:42.311+0000] {hotel_scrape_dag.py:119} INFO - Scraping hotels in Las Vegas...
[2025-04-13T20:54:42.311+0000] {hotel_scrape_dag.py:49} INFO - Scraping hotels in Las Vegas...
[2025-04-13T20:55:02.503+0000] {hotel_scrape_dag.py:107} ERROR - Failed to scrape Las Vegas: Page.wait_for_selector: Timeout 20000ms exceeded.
Call log:
  - waiting for locator("div[data-component-hotelcard]") to be visible

[2025-04-13T20:55:02.505+0000] {hotel_scrape_dag.py:119} INFO - Scraping hotels in Los Angeles...
[2025-04-13T20:55:02.506+0000] {hotel_scrape_dag.py:49} INFO - Scraping hotels in Los Angeles...
[2025-04-13T20:55:22.731+0000] {hotel_scrape_dag.py:107} ERROR - Failed to scrape Los Angeles: Page.wait_for_selector: Timeout 20000ms exceeded.
Call log:
  - waiting for locator("div[data-component-hotelcard]") to be visible

[2025-04-13T20:55:22.779+0000] {hotel_scrape_dag.py:127} INFO - ✅ Saved 0 records to multi_city_ihg_hotels.csv
[2025-04-13T20:55:22.780+0000] {python.py:240} INFO - Done. Returned value was: None
[2025-04-13T20:55:22.788+0000] {taskinstance.py:340} INFO - ::group::Post task execution logs
[2025-04-13T20:55:22.788+0000] {taskinstance.py:352} INFO - Marking task as SUCCESS. dag_id=ihg_hotels_dag, task_id=scrape_hotels, run_id=manual__2025-04-13T20:53:20.299620+00:00, execution_date=20250413T205320, start_date=20250413T205321, end_date=20250413T205522
[2025-04-13T20:55:22.831+0000] {local_task_job_runner.py:266} INFO - Task exited with return code 0
[2025-04-13T20:55:22.845+0000] {taskinstance.py:3895} INFO - 1 downstream tasks scheduled from follow-on schedule check
[2025-04-13T20:55:22.845+0000] {local_task_job_runner.py:245} INFO - ::endgroup::
