[2025-04-12T17:24:45.366+0000] {local_task_job_runner.py:123} INFO - ::group::Pre task execution logs
[2025-04-12T17:24:45.372+0000] {taskinstance.py:2613} INFO - Dependencies all met for dep_context=non-requeueable deps ti=<TaskInstance: triphobo_attractions_pipeline.upload_cleaned_attractions manual__2025-04-12T16:18:59.516033+00:00 [queued]>
[2025-04-12T17:24:45.375+0000] {taskinstance.py:2613} INFO - Dependencies all met for dep_context=requeueable deps ti=<TaskInstance: triphobo_attractions_pipeline.upload_cleaned_attractions manual__2025-04-12T16:18:59.516033+00:00 [queued]>
[2025-04-12T17:24:45.375+0000] {taskinstance.py:2866} INFO - Starting attempt 1 of 1
[2025-04-12T17:24:45.379+0000] {taskinstance.py:2889} INFO - Executing <Task(PythonOperator): upload_cleaned_attractions> on 2025-04-12 16:18:59.516033+00:00
[2025-04-12T17:24:45.382+0000] {warnings.py:112} WARNING - /home/***/.local/lib/python3.12/site-packages/***/task/task_runner/standard_task_runner.py:70: DeprecationWarning: This process (pid=1107) is multi-threaded, use of fork() may lead to deadlocks in the child.
  pid = os.fork()

[2025-04-12T17:24:45.383+0000] {standard_task_runner.py:72} INFO - Started process 1108 to run task
[2025-04-12T17:24:45.383+0000] {standard_task_runner.py:104} INFO - Running: ['***', 'tasks', 'run', 'triphobo_attractions_pipeline', 'upload_cleaned_attractions', 'manual__2025-04-12T16:18:59.516033+00:00', '--job-id', '172', '--raw', '--subdir', 'DAGS_FOLDER/attractions_dag.py', '--cfg-path', '/tmp/tmp12hw7c1f']
[2025-04-12T17:24:45.385+0000] {standard_task_runner.py:105} INFO - Job 172: Subtask upload_cleaned_attractions
[2025-04-12T17:24:45.402+0000] {task_command.py:467} INFO - Running <TaskInstance: triphobo_attractions_pipeline.upload_cleaned_attractions manual__2025-04-12T16:18:59.516033+00:00 [running]> on host f5674eb65eee
[2025-04-12T17:24:45.430+0000] {taskinstance.py:3132} INFO - Exporting env vars: AIRFLOW_CTX_DAG_OWNER='***' AIRFLOW_CTX_DAG_ID='triphobo_attractions_pipeline' AIRFLOW_CTX_TASK_ID='upload_cleaned_attractions' AIRFLOW_CTX_EXECUTION_DATE='2025-04-12T16:18:59.516033+00:00' AIRFLOW_CTX_TRY_NUMBER='1' AIRFLOW_CTX_DAG_RUN_ID='manual__2025-04-12T16:18:59.516033+00:00'
[2025-04-12T17:24:45.430+0000] {taskinstance.py:731} INFO - ::endgroup::
[2025-04-12T17:24:48.396+0000] {upload_to_S3.py:31} INFO - Uploaded /tmp/triphobo_data/cleaned_attractions.csv to s3://bigdatafinal2025/clean/cleaned_attractions.csv
[2025-04-12T17:24:48.397+0000] {python.py:240} INFO - Done. Returned value was: None
[2025-04-12T17:24:48.403+0000] {taskinstance.py:340} INFO - ::group::Post task execution logs
[2025-04-12T17:24:48.403+0000] {taskinstance.py:352} INFO - Marking task as SUCCESS. dag_id=triphobo_attractions_pipeline, task_id=upload_cleaned_attractions, run_id=manual__2025-04-12T16:18:59.516033+00:00, execution_date=20250412T161859, start_date=20250412T172445, end_date=20250412T172448
[2025-04-12T17:24:48.414+0000] {local_task_job_runner.py:266} INFO - Task exited with return code 0
[2025-04-12T17:24:48.422+0000] {taskinstance.py:3895} INFO - 1 downstream tasks scheduled from follow-on schedule check
[2025-04-12T17:24:48.423+0000] {local_task_job_runner.py:245} INFO - ::endgroup::
