[2025-04-18T04:32:03.496+0000] {local_task_job_runner.py:123} INFO - ::group::Pre task execution logs
[2025-04-18T04:32:03.502+0000] {taskinstance.py:2613} INFO - Dependencies all met for dep_context=non-requeueable deps ti=<TaskInstance: triphobo_attractions_scrape.geocode_attractions manual__2025-04-18T04:24:41.546540+00:00 [queued]>
[2025-04-18T04:32:03.505+0000] {taskinstance.py:2613} INFO - Dependencies all met for dep_context=requeueable deps ti=<TaskInstance: triphobo_attractions_scrape.geocode_attractions manual__2025-04-18T04:24:41.546540+00:00 [queued]>
[2025-04-18T04:32:03.505+0000] {taskinstance.py:2866} INFO - Starting attempt 1 of 1
[2025-04-18T04:32:03.509+0000] {taskinstance.py:2889} INFO - Executing <Task(PythonOperator): geocode_attractions> on 2025-04-18 04:24:41.546540+00:00
[2025-04-18T04:32:03.512+0000] {warnings.py:112} WARNING - /home/***/.local/lib/python3.12/site-packages/***/task/task_runner/standard_task_runner.py:70: DeprecationWarning: This process (pid=541) is multi-threaded, use of fork() may lead to deadlocks in the child.
  pid = os.fork()

[2025-04-18T04:32:03.513+0000] {standard_task_runner.py:72} INFO - Started process 542 to run task
[2025-04-18T04:32:03.514+0000] {standard_task_runner.py:104} INFO - Running: ['***', 'tasks', 'run', 'triphobo_attractions_scrape', 'geocode_attractions', 'manual__2025-04-18T04:24:41.546540+00:00', '--job-id', '34', '--raw', '--subdir', 'DAGS_FOLDER/attractions_dag.py', '--cfg-path', '/tmp/tmpkuvfzhsd']
[2025-04-18T04:32:03.515+0000] {standard_task_runner.py:105} INFO - Job 34: Subtask geocode_attractions
[2025-04-18T04:32:03.532+0000] {task_command.py:467} INFO - Running <TaskInstance: triphobo_attractions_scrape.geocode_attractions manual__2025-04-18T04:24:41.546540+00:00 [running]> on host 41648ed0d7d3
[2025-04-18T04:32:03.558+0000] {taskinstance.py:3132} INFO - Exporting env vars: AIRFLOW_CTX_DAG_OWNER='***' AIRFLOW_CTX_DAG_ID='triphobo_attractions_scrape' AIRFLOW_CTX_TASK_ID='geocode_attractions' AIRFLOW_CTX_EXECUTION_DATE='2025-04-18T04:24:41.546540+00:00' AIRFLOW_CTX_TRY_NUMBER='1' AIRFLOW_CTX_DAG_RUN_ID='manual__2025-04-18T04:24:41.546540+00:00'
[2025-04-18T04:32:03.559+0000] {taskinstance.py:731} INFO - ::endgroup::
[2025-04-18T04:32:03.566+0000] {attractions_dag.py:420} INFO - Total attractions to process: 90
[2025-04-18T04:32:03.566+0000] {attractions_dag.py:445} INFO - Processing batch 1: rows 1 to 50
[2025-04-18T04:32:03.566+0000] {attractions_dag.py:452} INFO -   (1/90) Geocoding: Empire State Building
[2025-04-18T04:32:03.867+0000] {attractions_dag.py:452} INFO -   (2/90) Geocoding: Statue Of Liberty
[2025-04-18T04:32:04.175+0000] {attractions_dag.py:452} INFO -   (3/90) Geocoding: Rockefeller Center
[2025-04-18T04:32:04.480+0000] {attractions_dag.py:452} INFO -   (4/90) Geocoding: Times Square
[2025-04-18T04:32:04.782+0000] {attractions_dag.py:452} INFO -   (5/90) Geocoding: The Metropolitan Museum Of Art
[2025-04-18T04:32:05.043+0000] {attractions_dag.py:452} INFO -   (6/90) Geocoding: Grand Central Terminal
[2025-04-18T04:32:05.334+0000] {attractions_dag.py:452} INFO -   (7/90) Geocoding: American Museum Of Natural History
[2025-04-18T04:32:05.623+0000] {attractions_dag.py:452} INFO -   (8/90) Geocoding: Museum Of Modern Art
[2025-04-18T04:32:05.917+0000] {attractions_dag.py:452} INFO -   (9/90) Geocoding: High Line
[2025-04-18T04:32:06.209+0000] {attractions_dag.py:452} INFO -   (10/90) Geocoding: National 9 11 Memorial Museum
[2025-04-18T04:32:06.468+0000] {attractions_dag.py:452} INFO -   (11/90) Geocoding: Intrepid Sea Air And Space Museum
[2025-04-18T04:32:06.804+0000] {attractions_dag.py:452} INFO -   (12/90) Geocoding: Solomon R Guggenheim Museum
[2025-04-18T04:32:07.079+0000] {attractions_dag.py:452} INFO -   (13/90) Geocoding: Radio City Music Hall
[2025-04-18T04:32:07.322+0000] {attractions_dag.py:452} INFO -   (14/90) Geocoding: Fanaberie
[2025-04-18T04:32:07.625+0000] {attractions_dag.py:452} INFO -   (15/90) Geocoding: United Nations Headquarters
[2025-04-18T04:32:07.945+0000] {attractions_dag.py:452} INFO -   (16/90) Geocoding: New York Public Library
[2025-04-18T04:32:08.227+0000] {attractions_dag.py:452} INFO -   (17/90) Geocoding: National Museum Of American Indian
[2025-04-18T04:32:08.489+0000] {attractions_dag.py:452} INFO -   (18/90) Geocoding: Children S Museum Of Manhattan
[2025-04-18T04:32:08.766+0000] {attractions_dag.py:452} INFO -   (19/90) Geocoding: The Morgan Library And Museum
[2025-04-18T04:32:09.031+0000] {attractions_dag.py:452} INFO -   (20/90) Geocoding: Cathedral Church Of Saint John The Divine
[2025-04-18T04:32:09.310+0000] {attractions_dag.py:452} INFO -   (21/90) Geocoding: Gramercy Tavern
[2025-04-18T04:32:09.552+0000] {attractions_dag.py:452} INFO -   (22/90) Geocoding: Brooklyn Bridge
[2025-04-18T04:32:09.806+0000] {attractions_dag.py:452} INFO -   (23/90) Geocoding: Bryant Park
[2025-04-18T04:32:10.085+0000] {attractions_dag.py:452} INFO -   (24/90) Geocoding: Brooklyn Heights Promenade
[2025-04-18T04:32:10.330+0000] {attractions_dag.py:452} INFO -   (25/90) Geocoding: 65th Street
[2025-04-18T04:32:10.572+0000] {attractions_dag.py:452} INFO -   (26/90) Geocoding: Chrysler Building
[2025-04-18T04:32:10.810+0000] {attractions_dag.py:452} INFO -   (27/90) Geocoding: Chinatown
[2025-04-18T04:32:11.036+0000] {attractions_dag.py:452} INFO -   (28/90) Geocoding: Dead Rabbit
[2025-04-18T04:32:11.279+0000] {attractions_dag.py:452} INFO -   (29/90) Geocoding: New York Transit Museum
[2025-04-18T04:32:11.531+0000] {attractions_dag.py:452} INFO -   (30/90) Geocoding: Frick Collection
[2025-04-18T04:32:11.785+0000] {attractions_dag.py:452} INFO -   (31/90) Geocoding: Yankee Stadium
[2025-04-18T04:32:12.061+0000] {attractions_dag.py:452} INFO -   (32/90) Geocoding: Harlem
[2025-04-18T04:32:12.295+0000] {attractions_dag.py:452} INFO -   (33/90) Geocoding: Battery Park
[2025-04-18T04:32:12.578+0000] {attractions_dag.py:452} INFO -   (34/90) Geocoding: The Mean Fiddler
[2025-04-18T04:32:12.844+0000] {attractions_dag.py:452} INFO -   (35/90) Geocoding: St Paul S Chapel
[2025-04-18T04:32:13.133+0000] {attractions_dag.py:452} INFO -   (36/90) Geocoding: Metropolitan Opera House
[2025-04-18T04:32:13.449+0000] {attractions_dag.py:452} INFO -   (37/90) Geocoding: St Patrick S Cathedral
[2025-04-18T04:32:13.720+0000] {attractions_dag.py:452} INFO -   (38/90) Geocoding: Little Italy
[2025-04-18T04:32:13.964+0000] {attractions_dag.py:452} INFO -   (39/90) Geocoding: Central Park Zoo
[2025-04-18T04:32:14.231+0000] {attractions_dag.py:452} INFO -   (40/90) Geocoding: Lexington Avenue
[2025-04-18T04:32:14.491+0000] {attractions_dag.py:452} INFO -   (41/90) Geocoding: New York Botanical Garden
[2025-04-18T04:32:14.730+0000] {attractions_dag.py:452} INFO -   (42/90) Geocoding: Brooklyn Botanical Garden
[2025-04-18T04:32:14.992+0000] {attractions_dag.py:452} INFO -   (43/90) Geocoding: 51c828b2e705454c13000000
[2025-04-18T04:32:15.234+0000] {attractions_dag.py:452} INFO -   (44/90) Geocoding: Brooklyn Industries
[2025-04-18T04:32:15.479+0000] {attractions_dag.py:452} INFO -   (45/90) Geocoding: Bloomingdale S
[2025-04-18T04:32:15.762+0000] {attractions_dag.py:452} INFO -   (46/90) Geocoding: One World Trade Center
[2025-04-18T04:32:16.019+0000] {attractions_dag.py:452} INFO -   (47/90) Geocoding: Carnegie Hall
[2025-04-18T04:32:16.280+0000] {attractions_dag.py:452} INFO -   (48/90) Geocoding: Ground Zero
[2025-04-18T04:32:16.545+0000] {attractions_dag.py:452} INFO -   (49/90) Geocoding: Narcissa
[2025-04-18T04:32:16.799+0000] {attractions_dag.py:452} INFO -   (50/90) Geocoding: Minton S
[2025-04-18T04:32:17.058+0000] {attractions_dag.py:465} INFO - Completed batch 1. Sleeping before next batch...
[2025-04-18T04:32:19.068+0000] {attractions_dag.py:445} INFO - Processing batch 2: rows 51 to 90
[2025-04-18T04:32:19.072+0000] {attractions_dag.py:452} INFO -   (51/90) Geocoding: Museum Of The Moving Image
[2025-04-18T04:32:19.258+0000] {attractions_dag.py:452} INFO -   (52/90) Geocoding: South Street Seaport
[2025-04-18T04:32:19.454+0000] {attractions_dag.py:452} INFO -   (53/90) Geocoding: French Roast
[2025-04-18T04:32:19.632+0000] {attractions_dag.py:452} INFO -   (54/90) Geocoding: Little Owl
[2025-04-18T04:32:19.812+0000] {attractions_dag.py:452} INFO -   (55/90) Geocoding: Wall Street New York
[2025-04-18T04:32:19.995+0000] {attractions_dag.py:452} INFO -   (56/90) Geocoding: Century 21
[2025-04-18T04:32:20.175+0000] {attractions_dag.py:452} INFO -   (57/90) Geocoding: New York Harbor
[2025-04-18T04:32:20.355+0000] {attractions_dag.py:452} INFO -   (58/90) Geocoding: Flushing Meadows Corona Park
[2025-04-18T04:32:20.533+0000] {attractions_dag.py:452} INFO -   (59/90) Geocoding: Governor S Island
[2025-04-18T04:32:20.705+0000] {attractions_dag.py:452} INFO -   (60/90) Geocoding: Apollo Theater
[2025-04-18T04:32:20.897+0000] {attractions_dag.py:452} INFO -   (61/90) Geocoding: Big Gay Ice Cream
[2025-04-18T04:32:21.081+0000] {attractions_dag.py:452} INFO -   (62/90) Geocoding: Luna Park Coney Island
[2025-04-18T04:32:21.250+0000] {attractions_dag.py:452} INFO -   (63/90) Geocoding: Brooklyn Bridge Park
[2025-04-18T04:32:21.430+0000] {attractions_dag.py:452} INFO -   (64/90) Geocoding: Plaza Hotel
[2025-04-18T04:32:21.611+0000] {attractions_dag.py:452} INFO -   (65/90) Geocoding: Chelsea Market
[2025-04-18T04:32:21.798+0000] {attractions_dag.py:452} INFO -   (66/90) Geocoding: The Strip House 12th Street
[2025-04-18T04:32:21.987+0000] {attractions_dag.py:452} INFO -   (67/90) Geocoding: Germania Bank Building
[2025-04-18T04:32:22.174+0000] {attractions_dag.py:452} INFO -   (68/90) Geocoding: Graffiti Hall Of Fame
[2025-04-18T04:32:22.346+0000] {attractions_dag.py:452} INFO -   (69/90) Geocoding: Flatiron Building
[2025-04-18T04:32:22.539+0000] {attractions_dag.py:452} INFO -   (70/90) Geocoding: Hayden Planetarium
[2025-04-18T04:32:22.718+0000] {attractions_dag.py:452} INFO -   (71/90) Geocoding: Cafe Mogador
[2025-04-18T04:32:22.905+0000] {attractions_dag.py:452} INFO -   (72/90) Geocoding: Broadway Street
[2025-04-18T04:32:23.152+0000] {attractions_dag.py:452} INFO -   (73/90) Geocoding: Eataly
[2025-04-18T04:32:23.398+0000] {attractions_dag.py:452} INFO -   (74/90) Geocoding: Hunts Point
[2025-04-18T04:32:23.654+0000] {attractions_dag.py:452} INFO -   (75/90) Geocoding: Circle Line Cruise
[2025-04-18T04:32:23.914+0000] {attractions_dag.py:452} INFO -   (76/90) Geocoding: Fifth Avenue
[2025-04-18T04:32:24.184+0000] {attractions_dag.py:452} INFO -   (77/90) Geocoding: Marea
[2025-04-18T04:32:24.447+0000] {attractions_dag.py:452} INFO -   (78/90) Geocoding: Museum Of Jewish Heritage
[2025-04-18T04:32:24.710+0000] {attractions_dag.py:452} INFO -   (79/90) Geocoding: Church Of St Paul The Apostle
[2025-04-18T04:32:24.991+0000] {attractions_dag.py:452} INFO -   (80/90) Geocoding: St Vincent Ferrer
[2025-04-18T04:32:25.258+0000] {attractions_dag.py:452} INFO -   (81/90) Geocoding: St Francis Xavier
[2025-04-18T04:32:25.528+0000] {attractions_dag.py:452} INFO -   (82/90) Geocoding: Calvary Episcopal Church
[2025-04-18T04:32:25.809+0000] {attractions_dag.py:452} INFO -   (83/90) Geocoding: Macy S Herald Square
[2025-04-18T04:32:26.114+0000] {attractions_dag.py:452} INFO -   (84/90) Geocoding: Brooklyn Flea
[2025-04-18T04:32:26.412+0000] {attractions_dag.py:452} INFO -   (85/90) Geocoding: Neue Gallery
[2025-04-18T04:32:26.688+0000] {attractions_dag.py:452} INFO -   (86/90) Geocoding: Bldg 92
[2025-04-18T04:32:26.941+0000] {attractions_dag.py:452} INFO -   (87/90) Geocoding: Centre Fuge Public Art Project
[2025-04-18T04:32:27.217+0000] {attractions_dag.py:452} INFO -   (88/90) Geocoding: The Lion
[2025-04-18T04:32:27.460+0000] {attractions_dag.py:452} INFO -   (89/90) Geocoding: Bowery Graffiti Wall
[2025-04-18T04:32:27.729+0000] {attractions_dag.py:452} INFO -   (90/90) Geocoding: Bronx Hall Of Fame
[2025-04-18T04:32:27.980+0000] {attractions_dag.py:465} INFO - Completed batch 2. Sleeping before next batch...
[2025-04-18T04:32:29.991+0000] {attractions_dag.py:469} INFO - Successfully processed all 90 attractions
[2025-04-18T04:32:29.992+0000] {attractions_dag.py:470} INFO - Output saved to: /tmp/triphobo_data/attractions_with_coords.csv
[2025-04-18T04:32:29.993+0000] {python.py:240} INFO - Done. Returned value was: None
[2025-04-18T04:32:30.023+0000] {taskinstance.py:340} INFO - ::group::Post task execution logs
[2025-04-18T04:32:30.024+0000] {taskinstance.py:352} INFO - Marking task as SUCCESS. dag_id=triphobo_attractions_scrape, task_id=geocode_attractions, run_id=manual__2025-04-18T04:24:41.546540+00:00, execution_date=20250418T042441, start_date=20250418T043203, end_date=20250418T043230
[2025-04-18T04:32:30.085+0000] {local_task_job_runner.py:266} INFO - Task exited with return code 0
[2025-04-18T04:32:30.109+0000] {taskinstance.py:3895} INFO - 1 downstream tasks scheduled from follow-on schedule check
[2025-04-18T04:32:30.110+0000] {local_task_job_runner.py:245} INFO - ::endgroup::
