[2025-04-18T07:32:55.367+0000] {local_task_job_runner.py:123} INFO - ::group::Pre task execution logs
[2025-04-18T07:32:55.372+0000] {taskinstance.py:2613} INFO - Dependencies all met for dep_context=non-requeueable deps ti=<TaskInstance: triphobo_tours_pipeline.clean_tours manual__2025-04-18T07:32:54.412074+00:00 [queued]>
[2025-04-18T07:32:55.374+0000] {taskinstance.py:2613} INFO - Dependencies all met for dep_context=requeueable deps ti=<TaskInstance: triphobo_tours_pipeline.clean_tours manual__2025-04-18T07:32:54.412074+00:00 [queued]>
[2025-04-18T07:32:55.374+0000] {taskinstance.py:2866} INFO - Starting attempt 1 of 1
[2025-04-18T07:32:55.378+0000] {taskinstance.py:2889} INFO - Executing <Task(PythonOperator): clean_tours> on 2025-04-18 07:32:54.412074+00:00
[2025-04-18T07:32:55.381+0000] {warnings.py:112} WARNING - /home/***/.local/lib/python3.12/site-packages/***/task/task_runner/standard_task_runner.py:70: DeprecationWarning: This process (pid=2027) is multi-threaded, use of fork() may lead to deadlocks in the child.
  pid = os.fork()

[2025-04-18T07:32:55.382+0000] {standard_task_runner.py:72} INFO - Started process 2028 to run task
[2025-04-18T07:32:55.383+0000] {standard_task_runner.py:104} INFO - Running: ['***', 'tasks', 'run', 'triphobo_tours_pipeline', 'clean_tours', 'manual__2025-04-18T07:32:54.412074+00:00', '--job-id', '65', '--raw', '--subdir', 'DAGS_FOLDER/itinerary_tours_dag.py', '--cfg-path', '/tmp/tmp3ajni47f']
[2025-04-18T07:32:55.384+0000] {standard_task_runner.py:105} INFO - Job 65: Subtask clean_tours
[2025-04-18T07:32:55.399+0000] {task_command.py:467} INFO - Running <TaskInstance: triphobo_tours_pipeline.clean_tours manual__2025-04-18T07:32:54.412074+00:00 [running]> on host 68d96c644388
[2025-04-18T07:32:55.424+0000] {taskinstance.py:3132} INFO - Exporting env vars: AIRFLOW_CTX_DAG_OWNER='***' AIRFLOW_CTX_DAG_ID='triphobo_tours_pipeline' AIRFLOW_CTX_TASK_ID='clean_tours' AIRFLOW_CTX_EXECUTION_DATE='2025-04-18T07:32:54.412074+00:00' AIRFLOW_CTX_TRY_NUMBER='1' AIRFLOW_CTX_DAG_RUN_ID='manual__2025-04-18T07:32:54.412074+00:00'
[2025-04-18T07:32:55.424+0000] {taskinstance.py:731} INFO - ::endgroup::
[2025-04-18T07:32:55.489+0000] {itinerary_tours_dag.py:300} INFO - Downloading tours data from s3://bigdatafinal2025/raw/triphobo_multi_city_tours.csv
[2025-04-18T07:32:56.470+0000] {itinerary_tours_dag.py:306} INFO - Downloaded CSV has 1049 rows and 14 columns
[2025-04-18T07:32:56.549+0000] {itinerary_tours_dag.py:329} INFO - Cleaned tour data saved to /tmp/triphobo_data/cleaned_tours.csv
[2025-04-18T07:32:56.552+0000] {python.py:240} INFO - Done. Returned value was: 1049
[2025-04-18T07:32:56.564+0000] {taskinstance.py:340} INFO - ::group::Post task execution logs
[2025-04-18T07:32:56.565+0000] {taskinstance.py:352} INFO - Marking task as SUCCESS. dag_id=triphobo_tours_pipeline, task_id=clean_tours, run_id=manual__2025-04-18T07:32:54.412074+00:00, execution_date=20250418T073254, start_date=20250418T073255, end_date=20250418T073256
[2025-04-18T07:32:56.600+0000] {local_task_job_runner.py:266} INFO - Task exited with return code 0
[2025-04-18T07:32:56.610+0000] {taskinstance.py:3895} INFO - 1 downstream tasks scheduled from follow-on schedule check
[2025-04-18T07:32:56.610+0000] {local_task_job_runner.py:245} INFO - ::endgroup::
