[2025-04-13T20:42:08.524+0000] {local_task_job_runner.py:123} INFO - ::group::Pre task execution logs
[2025-04-13T20:42:08.530+0000] {taskinstance.py:2613} INFO - Dependencies all met for dep_context=non-requeueable deps ti=<TaskInstance: ihg_hotels_dag.scrape_hotels manual__2025-04-13T20:42:06.201113+00:00 [queued]>
[2025-04-13T20:42:08.532+0000] {taskinstance.py:2613} INFO - Dependencies all met for dep_context=requeueable deps ti=<TaskInstance: ihg_hotels_dag.scrape_hotels manual__2025-04-13T20:42:06.201113+00:00 [queued]>
[2025-04-13T20:42:08.532+0000] {taskinstance.py:2866} INFO - Starting attempt 1 of 2
[2025-04-13T20:42:08.536+0000] {taskinstance.py:2889} INFO - Executing <Task(PythonOperator): scrape_hotels> on 2025-04-13 20:42:06.201113+00:00
[2025-04-13T20:42:08.539+0000] {warnings.py:112} WARNING - /home/***/.local/lib/python3.12/site-packages/***/task/task_runner/standard_task_runner.py:70: DeprecationWarning: This process (pid=84) is multi-threaded, use of fork() may lead to deadlocks in the child.
  pid = os.fork()

[2025-04-13T20:42:08.539+0000] {standard_task_runner.py:72} INFO - Started process 85 to run task
[2025-04-13T20:42:08.540+0000] {standard_task_runner.py:104} INFO - Running: ['***', 'tasks', 'run', 'ihg_hotels_dag', 'scrape_hotels', 'manual__2025-04-13T20:42:06.201113+00:00', '--job-id', '179', '--raw', '--subdir', 'DAGS_FOLDER/hotel_scrape_dag.py', '--cfg-path', '/tmp/tmp1i8b44ha']
[2025-04-13T20:42:08.541+0000] {standard_task_runner.py:105} INFO - Job 179: Subtask scrape_hotels
[2025-04-13T20:42:08.559+0000] {task_command.py:467} INFO - Running <TaskInstance: ihg_hotels_dag.scrape_hotels manual__2025-04-13T20:42:06.201113+00:00 [running]> on host 2af885ea35b8
[2025-04-13T20:42:08.582+0000] {taskinstance.py:3132} INFO - Exporting env vars: AIRFLOW_CTX_DAG_OWNER='***' AIRFLOW_CTX_DAG_ID='ihg_hotels_dag' AIRFLOW_CTX_TASK_ID='scrape_hotels' AIRFLOW_CTX_EXECUTION_DATE='2025-04-13T20:42:06.201113+00:00' AIRFLOW_CTX_TRY_NUMBER='1' AIRFLOW_CTX_DAG_RUN_ID='manual__2025-04-13T20:42:06.201113+00:00'
[2025-04-13T20:42:08.583+0000] {taskinstance.py:731} INFO - ::endgroup::
[2025-04-13T20:42:45.942+0000] {logging_mixin.py:190} INFO - ✅ Saved 0 records to multi_city_ihg_hotels.csv
[2025-04-13T20:42:45.943+0000] {python.py:240} INFO - Done. Returned value was: None
[2025-04-13T20:42:45.952+0000] {taskinstance.py:340} INFO - ::group::Post task execution logs
[2025-04-13T20:42:45.953+0000] {taskinstance.py:352} INFO - Marking task as SUCCESS. dag_id=ihg_hotels_dag, task_id=scrape_hotels, run_id=manual__2025-04-13T20:42:06.201113+00:00, execution_date=20250413T204206, start_date=20250413T204208, end_date=20250413T204245
[2025-04-13T20:42:46.010+0000] {local_task_job_runner.py:266} INFO - Task exited with return code 0
[2025-04-13T20:42:46.019+0000] {taskinstance.py:3895} INFO - 0 downstream tasks scheduled from follow-on schedule check
[2025-04-13T20:42:46.020+0000] {local_task_job_runner.py:245} INFO - ::endgroup::
