[2025-04-12T05:56:51.331+0000] {local_task_job_runner.py:123} INFO - ::group::Pre task execution logs
[2025-04-12T05:56:51.342+0000] {taskinstance.py:2613} INFO - Dependencies all met for dep_context=non-requeueable deps ti=<TaskInstance: triphobo_etl_pipeline.clean_tours manual__2025-04-12T05:56:49.857225+00:00 [queued]>
[2025-04-12T05:56:51.354+0000] {taskinstance.py:2613} INFO - Dependencies all met for dep_context=requeueable deps ti=<TaskInstance: triphobo_etl_pipeline.clean_tours manual__2025-04-12T05:56:49.857225+00:00 [queued]>
[2025-04-12T05:56:51.355+0000] {taskinstance.py:2866} INFO - Starting attempt 1 of 1
[2025-04-12T05:56:51.366+0000] {taskinstance.py:2889} INFO - Executing <Task(PythonOperator): clean_tours> on 2025-04-12 05:56:49.857225+00:00
[2025-04-12T05:56:51.373+0000] {warnings.py:112} WARNING - /home/***/.local/lib/python3.12/site-packages/***/task/task_runner/standard_task_runner.py:70: DeprecationWarning: This process (pid=719) is multi-threaded, use of fork() may lead to deadlocks in the child.
  pid = os.fork()

[2025-04-12T05:56:51.375+0000] {standard_task_runner.py:72} INFO - Started process 727 to run task
[2025-04-12T05:56:51.377+0000] {standard_task_runner.py:104} INFO - Running: ['***', 'tasks', 'run', 'triphobo_etl_pipeline', 'clean_tours', 'manual__2025-04-12T05:56:49.857225+00:00', '--job-id', '132', '--raw', '--subdir', 'DAGS_FOLDER/trip_dag.py', '--cfg-path', '/tmp/tmpy7pbnwza']
[2025-04-12T05:56:51.379+0000] {standard_task_runner.py:105} INFO - Job 132: Subtask clean_tours
[2025-04-12T05:56:51.431+0000] {task_command.py:467} INFO - Running <TaskInstance: triphobo_etl_pipeline.clean_tours manual__2025-04-12T05:56:49.857225+00:00 [running]> on host 0032dfa832cd
[2025-04-12T05:56:51.500+0000] {taskinstance.py:3132} INFO - Exporting env vars: AIRFLOW_CTX_DAG_OWNER='***' AIRFLOW_CTX_DAG_ID='triphobo_etl_pipeline' AIRFLOW_CTX_TASK_ID='clean_tours' AIRFLOW_CTX_EXECUTION_DATE='2025-04-12T05:56:49.857225+00:00' AIRFLOW_CTX_TRY_NUMBER='1' AIRFLOW_CTX_DAG_RUN_ID='manual__2025-04-12T05:56:49.857225+00:00'
[2025-04-12T05:56:51.509+0000] {taskinstance.py:731} INFO - ::endgroup::
[2025-04-12T05:56:51.563+0000] {clean.py:10} INFO - Reading tour data from /tmp/triphobo_data/triphobo_multi_city_tours.csv
[2025-04-12T05:56:51.611+0000] {clean.py:26} INFO - Cleaned tour data saved to /tmp/triphobo_data/cleaned_tours.csv
[2025-04-12T05:56:51.612+0000] {python.py:240} INFO - Done. Returned value was: None
[2025-04-12T05:56:51.624+0000] {taskinstance.py:340} INFO - ::group::Post task execution logs
[2025-04-12T05:56:51.624+0000] {taskinstance.py:352} INFO - Marking task as SUCCESS. dag_id=triphobo_etl_pipeline, task_id=clean_tours, run_id=manual__2025-04-12T05:56:49.857225+00:00, execution_date=20250412T055649, start_date=20250412T055651, end_date=20250412T055651
[2025-04-12T05:56:51.685+0000] {local_task_job_runner.py:266} INFO - Task exited with return code 0
[2025-04-12T05:56:51.701+0000] {taskinstance.py:3895} INFO - 0 downstream tasks scheduled from follow-on schedule check
[2025-04-12T05:56:51.706+0000] {local_task_job_runner.py:245} INFO - ::endgroup::
