[2025-04-13T21:49:02.056+0000] {local_task_job_runner.py:123} INFO - ::group::Pre task execution logs
[2025-04-13T21:49:02.061+0000] {taskinstance.py:2613} INFO - Dependencies all met for dep_context=non-requeueable deps ti=<TaskInstance: ihg_hotels_dag.load_to_snowflake manual__2025-04-13T21:45:20.410384+00:00 [queued]>
[2025-04-13T21:49:02.063+0000] {taskinstance.py:2613} INFO - Dependencies all met for dep_context=requeueable deps ti=<TaskInstance: ihg_hotels_dag.load_to_snowflake manual__2025-04-13T21:45:20.410384+00:00 [queued]>
[2025-04-13T21:49:02.064+0000] {taskinstance.py:2866} INFO - Starting attempt 1 of 2
[2025-04-13T21:49:02.067+0000] {taskinstance.py:2889} INFO - Executing <Task(PythonOperator): load_to_snowflake> on 2025-04-13 21:45:20.410384+00:00
[2025-04-13T21:49:02.070+0000] {warnings.py:112} WARNING - /home/***/.local/lib/python3.12/site-packages/***/task/task_runner/standard_task_runner.py:70: DeprecationWarning: This process (pid=1583) is multi-threaded, use of fork() may lead to deadlocks in the child.
  pid = os.fork()

[2025-04-13T21:49:02.071+0000] {standard_task_runner.py:72} INFO - Started process 1584 to run task
[2025-04-13T21:49:02.071+0000] {standard_task_runner.py:104} INFO - Running: ['***', 'tasks', 'run', 'ihg_hotels_dag', 'load_to_snowflake', 'manual__2025-04-13T21:45:20.410384+00:00', '--job-id', '198', '--raw', '--subdir', 'DAGS_FOLDER/hotel_scrape_dag.py', '--cfg-path', '/tmp/tmp_zenwnl5']
[2025-04-13T21:49:02.073+0000] {standard_task_runner.py:105} INFO - Job 198: Subtask load_to_snowflake
[2025-04-13T21:49:02.087+0000] {task_command.py:467} INFO - Running <TaskInstance: ihg_hotels_dag.load_to_snowflake manual__2025-04-13T21:45:20.410384+00:00 [running]> on host 2af885ea35b8
[2025-04-13T21:49:02.110+0000] {taskinstance.py:3132} INFO - Exporting env vars: AIRFLOW_CTX_DAG_OWNER='***' AIRFLOW_CTX_DAG_ID='ihg_hotels_dag' AIRFLOW_CTX_TASK_ID='load_to_snowflake' AIRFLOW_CTX_EXECUTION_DATE='2025-04-13T21:45:20.410384+00:00' AIRFLOW_CTX_TRY_NUMBER='1' AIRFLOW_CTX_DAG_RUN_ID='manual__2025-04-13T21:45:20.410384+00:00'
[2025-04-13T21:49:02.111+0000] {taskinstance.py:731} INFO - ::endgroup::
[2025-04-13T21:49:02.115+0000] {hotel_scrape_dag.py:250} INFO - Connecting to Snowflake...
[2025-04-13T21:49:02.116+0000] {connection.py:414} INFO - Snowflake Connector for Python Version: 3.12.4, Python Version: 3.12.8, Platform: Linux-6.10.14-linuxkit-aarch64-with-glibc2.36
[2025-04-13T21:49:02.116+0000] {connection.py:1197} INFO - Connecting to GLOBAL Snowflake domain
[2025-04-13T21:49:02.116+0000] {connection.py:1278} INFO - This connection is in OCSP Fail Open Mode. TLS Certificates would be checked for validity and revocation status. Any other Certificate Revocation related exceptions or OCSP Responder failures would be disregarded in favor of connectivity.
[2025-04-13T21:49:02.516+0000] {hotel_scrape_dag.py:271} INFO - Creating stage and table in Snowflake...
[2025-04-13T21:49:02.886+0000] {cursor.py:1166} INFO - Number of results in first chunk: 1
[2025-04-13T21:49:03.353+0000] {cursor.py:1166} INFO - Number of results in first chunk: 1
[2025-04-13T21:49:03.354+0000] {hotel_scrape_dag.py:297} INFO - Copying data from S3 to Snowflake table...
[2025-04-13T21:49:04.730+0000] {cursor.py:1166} INFO - Number of results in first chunk: 1
[2025-04-13T21:49:04.928+0000] {cursor.py:1166} INFO - Number of results in first chunk: 1
[2025-04-13T21:49:04.929+0000] {hotel_scrape_dag.py:308} INFO - ✅ Data loaded into Snowflake table: hotels (0 rows)
[2025-04-13T21:49:04.930+0000] {connection.py:789} INFO - closed
[2025-04-13T21:49:05.012+0000] {connection.py:795} INFO - No async queries seem to be running, deleting session
[2025-04-13T21:49:05.112+0000] {python.py:240} INFO - Done. Returned value was: 0
[2025-04-13T21:49:05.137+0000] {taskinstance.py:340} INFO - ::group::Post task execution logs
[2025-04-13T21:49:05.138+0000] {taskinstance.py:352} INFO - Marking task as SUCCESS. dag_id=ihg_hotels_dag, task_id=load_to_snowflake, run_id=manual__2025-04-13T21:45:20.410384+00:00, execution_date=20250413T214520, start_date=20250413T214902, end_date=20250413T214905
[2025-04-13T21:49:05.164+0000] {local_task_job_runner.py:266} INFO - Task exited with return code 0
[2025-04-13T21:49:05.176+0000] {taskinstance.py:3895} INFO - 0 downstream tasks scheduled from follow-on schedule check
[2025-04-13T21:49:05.176+0000] {local_task_job_runner.py:245} INFO - ::endgroup::
