[2025-04-18T07:19:59.575+0000] {local_task_job_runner.py:123} INFO - ::group::Pre task execution logs
[2025-04-18T07:19:59.582+0000] {taskinstance.py:2613} INFO - Dependencies all met for dep_context=non-requeueable deps ti=<TaskInstance: triphobo_tours_pipeline.upload_raw_tours manual__2025-04-18T05:59:40.352376+00:00 [queued]>
[2025-04-18T07:19:59.585+0000] {taskinstance.py:2613} INFO - Dependencies all met for dep_context=requeueable deps ti=<TaskInstance: triphobo_tours_pipeline.upload_raw_tours manual__2025-04-18T05:59:40.352376+00:00 [queued]>
[2025-04-18T07:19:59.585+0000] {taskinstance.py:2866} INFO - Starting attempt 1 of 1
[2025-04-18T07:19:59.590+0000] {taskinstance.py:2889} INFO - Executing <Task(PythonOperator): upload_raw_tours> on 2025-04-18 05:59:40.352376+00:00
[2025-04-18T07:19:59.594+0000] {warnings.py:112} WARNING - /home/***/.local/lib/python3.12/site-packages/***/task/task_runner/standard_task_runner.py:70: DeprecationWarning: This process (pid=1789) is multi-threaded, use of fork() may lead to deadlocks in the child.
  pid = os.fork()

[2025-04-18T07:19:59.595+0000] {standard_task_runner.py:72} INFO - Started process 1790 to run task
[2025-04-18T07:19:59.595+0000] {standard_task_runner.py:104} INFO - Running: ['***', 'tasks', 'run', 'triphobo_tours_pipeline', 'upload_raw_tours', 'manual__2025-04-18T05:59:40.352376+00:00', '--job-id', '62', '--raw', '--subdir', 'DAGS_FOLDER/itinerary_tours_dag.py', '--cfg-path', '/tmp/tmp5r97cmrr']
[2025-04-18T07:19:59.597+0000] {standard_task_runner.py:105} INFO - Job 62: Subtask upload_raw_tours
[2025-04-18T07:19:59.619+0000] {task_command.py:467} INFO - Running <TaskInstance: triphobo_tours_pipeline.upload_raw_tours manual__2025-04-18T05:59:40.352376+00:00 [running]> on host 68d96c644388
[2025-04-18T07:19:59.652+0000] {taskinstance.py:3132} INFO - Exporting env vars: AIRFLOW_CTX_DAG_OWNER='***' AIRFLOW_CTX_DAG_ID='triphobo_tours_pipeline' AIRFLOW_CTX_TASK_ID='upload_raw_tours' AIRFLOW_CTX_EXECUTION_DATE='2025-04-18T05:59:40.352376+00:00' AIRFLOW_CTX_TRY_NUMBER='1' AIRFLOW_CTX_DAG_RUN_ID='manual__2025-04-18T05:59:40.352376+00:00'
[2025-04-18T07:19:59.653+0000] {taskinstance.py:731} INFO - ::endgroup::
[2025-04-18T07:20:02.922+0000] {itinerary_tours_dag.py:273} INFO - Uploaded /tmp/triphobo_data/triphobo_multi_city_tours.csv to s3://bigdatafinal2025/raw/triphobo_multi_city_tours.csv
[2025-04-18T07:20:02.924+0000] {python.py:240} INFO - Done. Returned value was: None
[2025-04-18T07:20:02.934+0000] {taskinstance.py:340} INFO - ::group::Post task execution logs
[2025-04-18T07:20:02.934+0000] {taskinstance.py:352} INFO - Marking task as SUCCESS. dag_id=triphobo_tours_pipeline, task_id=upload_raw_tours, run_id=manual__2025-04-18T05:59:40.352376+00:00, execution_date=20250418T055940, start_date=20250418T071959, end_date=20250418T072002
[2025-04-18T07:20:02.967+0000] {local_task_job_runner.py:266} INFO - Task exited with return code 0
[2025-04-18T07:20:02.980+0000] {taskinstance.py:3895} INFO - 1 downstream tasks scheduled from follow-on schedule check
[2025-04-18T07:20:02.981+0000] {local_task_job_runner.py:245} INFO - ::endgroup::
