[2025-04-12T05:57:21.219+0000] {local_task_job_runner.py:123} INFO - ::group::Pre task execution logs
[2025-04-12T05:57:21.225+0000] {taskinstance.py:2613} INFO - Dependencies all met for dep_context=non-requeueable deps ti=<TaskInstance: triphobo_etl_pipeline.scrape_attractions manual__2025-04-12T05:57:19.595174+00:00 [queued]>
[2025-04-12T05:57:21.227+0000] {taskinstance.py:2613} INFO - Dependencies all met for dep_context=requeueable deps ti=<TaskInstance: triphobo_etl_pipeline.scrape_attractions manual__2025-04-12T05:57:19.595174+00:00 [queued]>
[2025-04-12T05:57:21.228+0000] {taskinstance.py:2866} INFO - Starting attempt 1 of 1
[2025-04-12T05:57:21.232+0000] {taskinstance.py:2889} INFO - Executing <Task(PythonOperator): scrape_attractions> on 2025-04-12 05:57:19.595174+00:00
[2025-04-12T05:57:21.236+0000] {warnings.py:112} WARNING - /home/***/.local/lib/python3.12/site-packages/***/task/task_runner/standard_task_runner.py:70: DeprecationWarning: This process (pid=898) is multi-threaded, use of fork() may lead to deadlocks in the child.
  pid = os.fork()

[2025-04-12T05:57:21.237+0000] {standard_task_runner.py:72} INFO - Started process 902 to run task
[2025-04-12T05:57:21.237+0000] {standard_task_runner.py:104} INFO - Running: ['***', 'tasks', 'run', 'triphobo_etl_pipeline', 'scrape_attractions', 'manual__2025-04-12T05:57:19.595174+00:00', '--job-id', '136', '--raw', '--subdir', 'DAGS_FOLDER/trip_dag.py', '--cfg-path', '/tmp/tmpeb7tikyg']
[2025-04-12T05:57:21.240+0000] {standard_task_runner.py:105} INFO - Job 136: Subtask scrape_attractions
[2025-04-12T05:57:21.264+0000] {task_command.py:467} INFO - Running <TaskInstance: triphobo_etl_pipeline.scrape_attractions manual__2025-04-12T05:57:19.595174+00:00 [running]> on host 0032dfa832cd
[2025-04-12T05:57:21.302+0000] {taskinstance.py:3132} INFO - Exporting env vars: AIRFLOW_CTX_DAG_OWNER='***' AIRFLOW_CTX_DAG_ID='triphobo_etl_pipeline' AIRFLOW_CTX_TASK_ID='scrape_attractions' AIRFLOW_CTX_EXECUTION_DATE='2025-04-12T05:57:19.595174+00:00' AIRFLOW_CTX_TRY_NUMBER='1' AIRFLOW_CTX_DAG_RUN_ID='manual__2025-04-12T05:57:19.595174+00:00'
[2025-04-12T05:57:21.303+0000] {taskinstance.py:731} INFO - ::endgroup::
[2025-04-12T05:57:21.548+0000] {things_to_do.py:92} INFO - Scraping city: New York City United States
[2025-04-12T05:57:21.548+0000] {things_to_do.py:96} INFO - Scraping page 1: https://www.triphobo.com/places/new-york-city-united-states/things-to-do?page=1
[2025-04-12T05:57:26.772+0000] {things_to_do.py:99} INFO - Found 15 attraction links
[2025-04-12T05:57:26.773+0000] {things_to_do.py:103} INFO - Scraping place 1/15: https://www.triphobo.com/places/new-york-city-united-states/empire-state-building
[2025-04-12T05:57:30.290+0000] {things_to_do.py:103} INFO - Scraping place 2/15: https://www.triphobo.com/places/new-york-city-united-states/statue-of-liberty
[2025-04-12T05:57:34.015+0000] {things_to_do.py:103} INFO - Scraping place 3/15: https://www.triphobo.com/places/new-york-city-united-states/rockefeller-center
[2025-04-12T05:57:37.582+0000] {things_to_do.py:103} INFO - Scraping place 4/15: https://www.triphobo.com/places/new-york-city-united-states/times-square
[2025-04-12T05:57:41.108+0000] {things_to_do.py:103} INFO - Scraping place 5/15: https://www.triphobo.com/places/new-york-city-united-states/the-metropolitan-museum-of-art
[2025-04-12T05:57:45.086+0000] {things_to_do.py:103} INFO - Scraping place 6/15: https://www.triphobo.com/places/new-york-city-united-states/grand-central-terminal
[2025-04-12T05:57:48.573+0000] {things_to_do.py:103} INFO - Scraping place 7/15: https://www.triphobo.com/places/new-york-city-united-states/american-museum-of-natural-history
[2025-04-12T05:57:53.227+0000] {things_to_do.py:103} INFO - Scraping place 8/15: https://www.triphobo.com/places/new-york-city-united-states/museum-of-modern-art
[2025-04-12T05:57:57.264+0000] {things_to_do.py:103} INFO - Scraping place 9/15: https://www.triphobo.com/places/new-york-city-united-states/high-line
[2025-04-12T05:58:00.751+0000] {things_to_do.py:103} INFO - Scraping place 10/15: https://www.triphobo.com/places/new-york-city-united-states/national-9-11-memorial-museum
[2025-04-12T05:58:04.288+0000] {things_to_do.py:103} INFO - Scraping place 11/15: https://www.triphobo.com/places/new-york-city-united-states/intrepid-sea-air-and-space-museum
[2025-04-12T05:58:07.951+0000] {things_to_do.py:103} INFO - Scraping place 12/15: https://www.triphobo.com/places/new-york-city-united-states/solomon-r-guggenheim-museum
[2025-04-12T05:58:11.395+0000] {things_to_do.py:103} INFO - Scraping place 13/15: https://www.triphobo.com/places/new-york-city-united-states/radio-city-music-hall
[2025-04-12T05:58:15.050+0000] {things_to_do.py:103} INFO - Scraping place 14/15: https://www.triphobo.com/places/new-york-city-united-states/fanaberie
[2025-04-12T05:58:18.462+0000] {things_to_do.py:103} INFO - Scraping place 15/15: https://www.triphobo.com/places/new-york-city-united-states/united-nations-headquarters
[2025-04-12T05:58:21.880+0000] {things_to_do.py:96} INFO - Scraping page 2: https://www.triphobo.com/places/new-york-city-united-states/things-to-do?page=2
[2025-04-12T05:58:26.308+0000] {things_to_do.py:99} INFO - Found 15 attraction links
[2025-04-12T05:58:26.308+0000] {things_to_do.py:103} INFO - Scraping place 1/15: https://www.triphobo.com/places/new-york-city-united-states/new-york-public-library
[2025-04-12T05:58:30.103+0000] {things_to_do.py:103} INFO - Scraping place 2/15: https://www.triphobo.com/places/new-york-city-united-states/national-museum-of-american-indian
[2025-04-12T05:58:33.535+0000] {things_to_do.py:103} INFO - Scraping place 3/15: https://www.triphobo.com/places/new-york-city-united-states/children-s-museum-of-manhattan
[2025-04-12T05:58:36.984+0000] {things_to_do.py:103} INFO - Scraping place 4/15: https://www.triphobo.com/places/new-york-city-united-states/the-morgan-library-and-museum
[2025-04-12T05:58:40.698+0000] {things_to_do.py:103} INFO - Scraping place 5/15: https://www.triphobo.com/places/new-york-city-united-states/cathedral-church-of-saint-john-the-divine
[2025-04-12T05:58:44.232+0000] {things_to_do.py:103} INFO - Scraping place 6/15: https://www.triphobo.com/places/new-york-city-united-states/gramercy-tavern
[2025-04-12T05:58:48.048+0000] {things_to_do.py:103} INFO - Scraping place 7/15: https://www.triphobo.com/places/new-york-city-united-states/brooklyn-bridge
[2025-04-12T05:58:51.529+0000] {things_to_do.py:103} INFO - Scraping place 8/15: https://www.triphobo.com/places/new-york-city-united-states/bryant-park
[2025-04-12T05:58:55.117+0000] {things_to_do.py:103} INFO - Scraping place 9/15: https://www.triphobo.com/places/new-york-city-united-states/brooklyn-heights-promenade
[2025-04-12T05:58:58.907+0000] {things_to_do.py:103} INFO - Scraping place 10/15: https://www.triphobo.com/places/new-york-city-united-states/65th-street
[2025-04-12T05:59:02.644+0000] {things_to_do.py:103} INFO - Scraping place 11/15: https://www.triphobo.com/places/new-york-city-united-states/chrysler-building
[2025-04-12T05:59:06.300+0000] {things_to_do.py:103} INFO - Scraping place 12/15: https://www.triphobo.com/places/new-york-city-united-states/chinatown
[2025-04-12T05:59:09.757+0000] {things_to_do.py:103} INFO - Scraping place 13/15: https://www.triphobo.com/places/new-york-city-united-states/dead-rabbit
[2025-04-12T05:59:13.683+0000] {things_to_do.py:103} INFO - Scraping place 14/15: https://www.triphobo.com/places/new-york-city-united-states/new-york-transit-museum
[2025-04-12T05:59:17.263+0000] {things_to_do.py:103} INFO - Scraping place 15/15: https://www.triphobo.com/places/new-york-city-united-states/frick-collection
[2025-04-12T05:59:21.344+0000] {things_to_do.py:96} INFO - Scraping page 3: https://www.triphobo.com/places/new-york-city-united-states/things-to-do?page=3
[2025-04-12T05:59:26.770+0000] {things_to_do.py:99} INFO - Found 15 attraction links
[2025-04-12T05:59:26.771+0000] {things_to_do.py:103} INFO - Scraping place 1/15: https://www.triphobo.com/places/new-york-city-united-states/yankee-stadium
[2025-04-12T05:59:30.482+0000] {things_to_do.py:103} INFO - Scraping place 2/15: https://www.triphobo.com/places/new-york-city-united-states/harlem
[2025-04-12T05:59:33.968+0000] {things_to_do.py:103} INFO - Scraping place 3/15: https://www.triphobo.com/places/new-york-city-united-states/battery-park
[2025-04-12T05:59:37.877+0000] {things_to_do.py:103} INFO - Scraping place 4/15: https://www.triphobo.com/places/new-york-city-united-states/the-mean-fiddler
[2025-04-12T05:59:41.268+0000] {things_to_do.py:103} INFO - Scraping place 5/15: https://www.triphobo.com/places/new-york-city-united-states/st-paul-s-chapel
[2025-04-12T05:59:44.828+0000] {things_to_do.py:103} INFO - Scraping place 6/15: https://www.triphobo.com/places/new-york-city-united-states/metropolitan-opera-house
[2025-04-12T05:59:49.550+0000] {things_to_do.py:103} INFO - Scraping place 7/15: https://www.triphobo.com/places/new-york-city-united-states/st-patrick-s-cathedral
[2025-04-12T05:59:53.158+0000] {things_to_do.py:103} INFO - Scraping place 8/15: https://www.triphobo.com/places/new-york-city-united-states/little-italy
[2025-04-12T05:59:56.615+0000] {things_to_do.py:103} INFO - Scraping place 9/15: https://www.triphobo.com/places/new-york-city-united-states/central-park-zoo
[2025-04-12T06:00:00.142+0000] {things_to_do.py:103} INFO - Scraping place 10/15: https://www.triphobo.com/places/new-york-city-united-states/lexington-avenue
[2025-04-12T06:00:03.636+0000] {things_to_do.py:103} INFO - Scraping place 11/15: https://www.triphobo.com/places/new-york-city-united-states/new-york-botanical-garden
[2025-04-12T06:00:07.474+0000] {things_to_do.py:103} INFO - Scraping place 12/15: https://www.triphobo.com/places/new-york-city-united-states/brooklyn-botanical-garden
[2025-04-12T06:00:10.936+0000] {things_to_do.py:103} INFO - Scraping place 13/15: https://www.triphobo.com/place/adda/51c828b2e705454c13000000
[2025-04-12T06:00:21.342+0000] {things_to_do.py:103} INFO - Scraping place 14/15: https://www.triphobo.com/places/new-york-city-united-states/brooklyn-industries
[2025-04-12T06:00:24.833+0000] {things_to_do.py:103} INFO - Scraping place 15/15: https://www.triphobo.com/places/new-york-city-united-states/bloomingdale-s
[2025-04-12T06:00:28.328+0000] {things_to_do.py:96} INFO - Scraping page 4: https://www.triphobo.com/places/new-york-city-united-states/things-to-do?page=4
[2025-04-12T06:00:35.254+0000] {things_to_do.py:99} INFO - Found 15 attraction links
[2025-04-12T06:00:35.255+0000] {things_to_do.py:103} INFO - Scraping place 1/15: https://www.triphobo.com/places/new-york-city-united-states/one-world-trade-center
[2025-04-12T06:00:38.698+0000] {things_to_do.py:103} INFO - Scraping place 2/15: https://www.triphobo.com/places/new-york-city-united-states/carnegie-hall
[2025-04-12T06:00:42.222+0000] {things_to_do.py:103} INFO - Scraping place 3/15: https://www.triphobo.com/places/new-york-city-united-states/ground-zero
[2025-04-12T06:00:45.880+0000] {things_to_do.py:103} INFO - Scraping place 4/15: https://www.triphobo.com/places/new-york-city-united-states/narcissa
[2025-04-12T06:00:49.313+0000] {things_to_do.py:103} INFO - Scraping place 5/15: https://www.triphobo.com/places/new-york-city-united-states/minton-s
[2025-04-12T06:00:52.945+0000] {things_to_do.py:103} INFO - Scraping place 6/15: https://www.triphobo.com/places/new-york-city-united-states/museum-of-the-moving-image
[2025-04-12T06:00:57.752+0000] {things_to_do.py:103} INFO - Scraping place 7/15: https://www.triphobo.com/places/new-york-city-united-states/south-street-seaport
[2025-04-12T06:01:01.258+0000] {things_to_do.py:103} INFO - Scraping place 8/15: https://www.triphobo.com/places/new-york-city-united-states/french-roast
[2025-04-12T06:01:04.781+0000] {things_to_do.py:103} INFO - Scraping place 9/15: https://www.triphobo.com/places/new-york-city-united-states/little-owl
[2025-04-12T06:01:08.560+0000] {things_to_do.py:103} INFO - Scraping place 10/15: https://www.triphobo.com/places/new-york-city-united-states/wall-street-new-york
[2025-04-12T06:01:12.124+0000] {things_to_do.py:103} INFO - Scraping place 11/15: https://www.triphobo.com/places/new-york-city-united-states/century-21
[2025-04-12T06:01:16.834+0000] {things_to_do.py:103} INFO - Scraping place 12/15: https://www.triphobo.com/places/new-york-city-united-states/new-york-harbor
[2025-04-12T06:01:20.436+0000] {things_to_do.py:103} INFO - Scraping place 13/15: https://www.triphobo.com/places/new-york-city-united-states/flushing-meadows-corona-park
[2025-04-12T06:01:25.184+0000] {things_to_do.py:103} INFO - Scraping place 14/15: https://www.triphobo.com/places/new-york-city-united-states/governor-s-island
[2025-04-12T06:01:28.858+0000] {things_to_do.py:103} INFO - Scraping place 15/15: https://www.triphobo.com/places/new-york-city-united-states/apollo-theater
[2025-04-12T06:01:32.769+0000] {things_to_do.py:96} INFO - Scraping page 5: https://www.triphobo.com/places/new-york-city-united-states/things-to-do?page=5
[2025-04-12T06:01:37.622+0000] {things_to_do.py:99} INFO - Found 15 attraction links
[2025-04-12T06:01:37.622+0000] {things_to_do.py:103} INFO - Scraping place 1/15: https://www.triphobo.com/places/new-york-city-united-states/big-gay-ice-cream
[2025-04-12T06:01:42.216+0000] {things_to_do.py:103} INFO - Scraping place 2/15: https://www.triphobo.com/places/new-york-city-united-states/luna-park-coney-island
[2025-04-12T06:01:45.690+0000] {things_to_do.py:103} INFO - Scraping place 3/15: https://www.triphobo.com/places/new-york-city-united-states/brooklyn-bridge-park
[2025-04-12T06:01:49.361+0000] {things_to_do.py:103} INFO - Scraping place 4/15: https://www.triphobo.com/places/new-york-city-united-states/plaza-hotel
[2025-04-12T06:01:52.883+0000] {things_to_do.py:103} INFO - Scraping place 5/15: https://www.triphobo.com/places/new-york-city-united-states/chelsea-market
[2025-04-12T06:01:56.347+0000] {things_to_do.py:103} INFO - Scraping place 6/15: https://www.triphobo.com/places/new-york-city-united-states/the-strip-house-12th-street
[2025-04-12T06:02:00.441+0000] {things_to_do.py:103} INFO - Scraping place 7/15: https://www.triphobo.com/places/new-york-city-united-states/germania-bank-building
[2025-04-12T06:02:03.886+0000] {things_to_do.py:103} INFO - Scraping place 8/15: https://www.triphobo.com/places/new-york-city-united-states/graffiti-hall-of-fame
[2025-04-12T06:02:07.491+0000] {things_to_do.py:103} INFO - Scraping place 9/15: https://www.triphobo.com/places/new-york-city-united-states/flatiron-building
[2025-04-12T06:02:10.848+0000] {things_to_do.py:103} INFO - Scraping place 10/15: https://www.triphobo.com/places/new-york-city-united-states/hayden-planetarium
[2025-04-12T06:02:14.302+0000] {things_to_do.py:103} INFO - Scraping place 11/15: https://www.triphobo.com/places/new-york-city-united-states/cafe-mogador
[2025-04-12T06:02:17.671+0000] {things_to_do.py:103} INFO - Scraping place 12/15: https://www.triphobo.com/places/new-york-city-united-states/broadway-street
[2025-04-12T06:02:21.173+0000] {things_to_do.py:103} INFO - Scraping place 13/15: https://www.triphobo.com/places/new-york-city-united-states/eataly
[2025-04-12T06:02:24.998+0000] {things_to_do.py:103} INFO - Scraping place 14/15: https://www.triphobo.com/places/new-york-city-united-states/hunts-point
[2025-04-12T06:02:28.460+0000] {things_to_do.py:103} INFO - Scraping place 15/15: https://www.triphobo.com/places/new-york-city-united-states/circle-line-cruise
[2025-04-12T06:02:31.895+0000] {things_to_do.py:96} INFO - Scraping page 6: https://www.triphobo.com/places/new-york-city-united-states/things-to-do?page=6
[2025-04-12T06:02:37.251+0000] {things_to_do.py:99} INFO - Found 15 attraction links
[2025-04-12T06:02:37.251+0000] {things_to_do.py:103} INFO - Scraping place 1/15: https://www.triphobo.com/places/new-york-city-united-states/fifth-avenue
[2025-04-12T06:02:40.890+0000] {things_to_do.py:103} INFO - Scraping place 2/15: https://www.triphobo.com/places/new-york-city-united-states/marea
[2025-04-12T06:02:44.542+0000] {things_to_do.py:103} INFO - Scraping place 3/15: https://www.triphobo.com/places/new-york-city-united-states/museum-of-jewish-heritage
[2025-04-12T06:02:48.243+0000] {things_to_do.py:103} INFO - Scraping place 4/15: https://www.triphobo.com/places/new-york-city-united-states/church-of-st-paul-the-apostle
[2025-04-12T06:02:51.695+0000] {things_to_do.py:103} INFO - Scraping place 5/15: https://www.triphobo.com/places/new-york-city-united-states/st-vincent-ferrer
[2025-04-12T06:02:56.276+0000] {things_to_do.py:103} INFO - Scraping place 6/15: https://www.triphobo.com/places/new-york-city-united-states/st-francis-xavier
[2025-04-12T06:02:59.969+0000] {things_to_do.py:103} INFO - Scraping place 7/15: https://www.triphobo.com/places/new-york-city-united-states/calvary-episcopal-church
[2025-04-12T06:03:04.033+0000] {things_to_do.py:103} INFO - Scraping place 8/15: https://www.triphobo.com/places/new-york-city-united-states/macy-s-herald-square
[2025-04-12T06:03:07.441+0000] {things_to_do.py:103} INFO - Scraping place 9/15: https://www.triphobo.com/places/new-york-city-united-states/brooklyn-flea
[2025-04-12T06:03:10.802+0000] {things_to_do.py:103} INFO - Scraping place 10/15: https://www.triphobo.com/places/new-york-city-united-states/neue-gallery
[2025-04-12T06:03:14.323+0000] {things_to_do.py:103} INFO - Scraping place 11/15: https://www.triphobo.com/places/new-york-city-united-states/bldg-92
[2025-04-12T06:03:17.930+0000] {things_to_do.py:103} INFO - Scraping place 12/15: https://www.triphobo.com/places/new-york-city-united-states/centre-fuge-public-art-project
[2025-04-12T06:03:21.402+0000] {things_to_do.py:103} INFO - Scraping place 13/15: https://www.triphobo.com/places/new-york-city-united-states/the-lion
[2025-04-12T06:03:25.006+0000] {things_to_do.py:103} INFO - Scraping place 14/15: https://www.triphobo.com/places/new-york-city-united-states/bowery-graffiti-wall
[2025-04-12T06:03:28.478+0000] {things_to_do.py:103} INFO - Scraping place 15/15: https://www.triphobo.com/places/new-york-city-united-states/bronx-hall-of-fame
[2025-04-12T06:03:32.234+0000] {things_to_do.py:96} INFO - Scraping page 7: https://www.triphobo.com/places/new-york-city-united-states/things-to-do?page=7
[2025-04-12T06:03:38.427+0000] {things_to_do.py:99} INFO - Found 15 attraction links
[2025-04-12T06:03:38.428+0000] {things_to_do.py:103} INFO - Scraping place 1/15: https://www.triphobo.com/places/new-york-city-united-states/general-grant-national-memorial
[2025-04-12T06:03:42.070+0000] {things_to_do.py:103} INFO - Scraping place 2/15: https://www.triphobo.com/places/new-york-city-united-states/union-square
[2025-04-12T06:03:45.856+0000] {things_to_do.py:103} INFO - Scraping place 3/15: https://www.triphobo.com/places/new-york-city-united-states/brandy-library
[2025-04-12T06:03:49.322+0000] {things_to_do.py:103} INFO - Scraping place 4/15: https://www.triphobo.com/places/new-york-city-united-states/casa-lever
[2025-04-12T06:03:54.070+0000] {things_to_do.py:103} INFO - Scraping place 5/15: https://www.triphobo.com/places/new-york-city-united-states/hudson-river-greenway
[2025-04-12T06:03:57.877+0000] {things_to_do.py:103} INFO - Scraping place 6/15: https://www.triphobo.com/places/new-york-united-states/museum-of-the-city-of-new-york
[2025-04-12T06:04:02.558+0000] {things_to_do.py:103} INFO - Scraping place 7/15: https://www.triphobo.com/places/new-york-city-united-states/union-square-greenmarket
[2025-04-12T06:04:06.180+0000] {things_to_do.py:103} INFO - Scraping place 8/15: https://www.triphobo.com/places/new-york-city-united-states/museum-of-arts-and-design-store
[2025-04-12T06:04:09.901+0000] {things_to_do.py:103} INFO - Scraping place 9/15: https://www.triphobo.com/places/new-york-city-united-states/welling-court
[2025-04-12T06:04:13.750+0000] {things_to_do.py:103} INFO - Scraping place 10/15: https://www.triphobo.com/places/new-york-city-united-states/stillwell-avenue
[2025-04-12T06:04:17.130+0000] {things_to_do.py:103} INFO - Scraping place 11/15: https://www.triphobo.com/places/new-york-city-united-states/woolworth-building-tour
[2025-04-12T06:04:21.903+0000] {things_to_do.py:103} INFO - Scraping place 12/15: https://www.triphobo.com/places/new-york-city-united-states/tuff-city
[2025-04-12T06:04:25.270+0000] {things_to_do.py:103} INFO - Scraping place 13/15: https://www.triphobo.com/places/new-york-city-united-states/north-6th-street
[2025-04-12T06:04:28.915+0000] {things_to_do.py:103} INFO - Scraping place 14/15: https://www.triphobo.com/places/new-york-city-united-states/cafe-wha
[2025-04-12T06:04:33.768+0000] {things_to_do.py:103} INFO - Scraping place 15/15: https://www.triphobo.com/places/new-york-city-united-states/majestic-theatre
[2025-04-12T06:04:38.752+0000] {things_to_do.py:96} INFO - Scraping page 8: https://www.triphobo.com/places/new-york-city-united-states/things-to-do?page=8
[2025-04-12T06:04:43.697+0000] {things_to_do.py:99} INFO - Found 15 attraction links
[2025-04-12T06:04:43.698+0000] {things_to_do.py:103} INFO - Scraping place 1/15: https://www.triphobo.com/places/new-york-city-united-states/greenwich-village
[2025-04-12T06:04:47.162+0000] {things_to_do.py:103} INFO - Scraping place 2/15: https://www.triphobo.com/places/new-york-city-united-states/ghostbusters-fire-station
[2025-04-12T06:04:50.541+0000] {things_to_do.py:103} INFO - Scraping place 3/15: https://www.triphobo.com/places/new-york-city-united-states/west-village
[2025-04-12T06:04:54.091+0000] {things_to_do.py:103} INFO - Scraping place 4/15: https://www.triphobo.com/places/new-york-city-united-states/bethesda-terrace-and-fountain
[2025-04-12T06:04:57.614+0000] {things_to_do.py:103} INFO - Scraping place 5/15: https://www.triphobo.com/places/new-york-city-united-states/madame-tussauds-wax-museum
[2025-04-12T06:05:02.074+0000] {things_to_do.py:103} INFO - Scraping place 6/15: https://www.triphobo.com/places/new-york-city-united-states/washington-square-park
[2025-04-12T06:05:05.460+0000] {things_to_do.py:103} INFO - Scraping place 7/15: https://www.triphobo.com/places/new-york-city-united-states/broadway-theater
[2025-04-12T06:05:08.916+0000] {things_to_do.py:103} INFO - Scraping place 8/15: https://www.triphobo.com/places/new-york-city-united-states/riverside-park
[2025-04-12T06:05:12.437+0000] {things_to_do.py:103} INFO - Scraping place 9/15: https://www.triphobo.com/places/new-york-city-united-states/the-octagon-roosevelt-island
[2025-04-12T06:05:15.889+0000] {things_to_do.py:103} INFO - Scraping place 10/15: https://www.triphobo.com/places/new-york-city-united-states/long-beach
[2025-04-12T06:05:19.456+0000] {things_to_do.py:103} INFO - Scraping place 11/15: https://www.triphobo.com/places/new-york-city-united-states/42nd-east-street
[2025-04-12T06:05:23.108+0000] {things_to_do.py:103} INFO - Scraping place 12/15: https://www.triphobo.com/places/new-york-city-united-states/conservatory-garden
[2025-04-12T06:05:26.554+0000] {things_to_do.py:103} INFO - Scraping place 13/15: https://www.triphobo.com/places/new-york-city-united-states/trinity-church
[2025-04-12T06:05:29.933+0000] {things_to_do.py:103} INFO - Scraping place 14/15: https://www.triphobo.com/places/new-york-city-united-states/studio-54
[2025-04-12T06:05:33.366+0000] {things_to_do.py:103} INFO - Scraping place 15/15: https://www.triphobo.com/places/new-york-city-united-states/barrymore-theatre
[2025-04-12T06:05:37.095+0000] {things_to_do.py:96} INFO - Scraping page 9: https://www.triphobo.com/places/new-york-city-united-states/things-to-do?page=9
[2025-04-12T06:05:41.501+0000] {things_to_do.py:99} INFO - Found 15 attraction links
[2025-04-12T06:05:41.502+0000] {things_to_do.py:103} INFO - Scraping place 1/15: https://www.triphobo.com/places/new-york-city-united-states/st-thomas-church
[2025-04-12T06:05:44.962+0000] {things_to_do.py:103} INFO - Scraping place 2/15: https://www.triphobo.com/places/new-york-city-united-states/alice-in-wonderland-statue
[2025-04-12T06:05:48.862+0000] {things_to_do.py:103} INFO - Scraping place 3/15: https://www.triphobo.com/places/new-york-city-united-states/upper-east-side
[2025-04-12T06:05:53.838+0000] {things_to_do.py:103} INFO - Scraping place 4/15: https://www.triphobo.com/places/new-york-city-united-states/new-world-stages
[2025-04-12T06:05:57.316+0000] {things_to_do.py:103} INFO - Scraping place 5/15: https://www.triphobo.com/places/new-york-city-united-states/federal-hall
[2025-04-12T06:06:00.692+0000] {things_to_do.py:103} INFO - Scraping place 6/15: https://www.triphobo.com/places/new-york-city-united-states/queensboro-bridge
[2025-04-12T06:06:05.554+0000] {things_to_do.py:103} INFO - Scraping place 7/15: https://www.triphobo.com/places/new-york-city-united-states/new-york-film-academy
[2025-04-12T06:06:09.468+0000] {things_to_do.py:103} INFO - Scraping place 8/15: https://www.triphobo.com/places/new-york-city-united-states/herald-square
[2025-04-12T06:06:12.916+0000] {things_to_do.py:103} INFO - Scraping place 9/15: https://www.triphobo.com/places/new-york-city-united-states/pennsylvania-station
[2025-04-12T06:06:16.371+0000] {things_to_do.py:103} INFO - Scraping place 10/15: https://www.triphobo.com/places/new-york-city-united-states/new-york-university
[2025-04-12T06:06:19.816+0000] {things_to_do.py:103} INFO - Scraping place 11/15: https://www.triphobo.com/places/new-york-city-united-states/eleven-madison-park
[2025-04-12T06:06:24.835+0000] {things_to_do.py:103} INFO - Scraping place 12/15: https://www.triphobo.com/places/new-york-city-united-states/momofuku-ko
[2025-04-12T06:06:28.315+0000] {things_to_do.py:103} INFO - Scraping place 13/15: https://www.triphobo.com/places/new-york-city-united-states/aldea
[2025-04-12T06:06:31.839+0000] {things_to_do.py:103} INFO - Scraping place 14/15: https://www.triphobo.com/places/new-york-city-united-states/brick-lane-curry-house
[2025-04-12T06:06:37.826+0000] {things_to_do.py:103} INFO - Scraping place 15/15: https://www.triphobo.com/places/new-york-city-united-states/queen-s-zoo
[2025-04-12T06:06:41.232+0000] {things_to_do.py:96} INFO - Scraping page 10: https://www.triphobo.com/places/new-york-city-united-states/things-to-do?page=10
[2025-04-12T06:06:45.333+0000] {things_to_do.py:99} INFO - Found 13 attraction links
[2025-04-12T06:06:45.333+0000] {things_to_do.py:103} INFO - Scraping place 1/13: https://www.triphobo.com/places/new-york-city-united-states/great-new-york-noodle-town
[2025-04-12T06:06:48.747+0000] {things_to_do.py:103} INFO - Scraping place 2/13: https://www.triphobo.com/places/new-york-city-united-states/junoon
[2025-04-12T06:06:52.214+0000] {things_to_do.py:103} INFO - Scraping place 3/13: https://www.triphobo.com/places/new-york-city-united-states/greenhouse-36
[2025-04-12T06:06:56.030+0000] {things_to_do.py:103} INFO - Scraping place 4/13: https://www.triphobo.com/places/new-york-city-united-states/the-press-lounge
[2025-04-12T06:07:01.004+0000] {things_to_do.py:103} INFO - Scraping place 5/13: https://www.triphobo.com/places/new-york-city-united-states/penthouse-808
[2025-04-12T06:07:04.374+0000] {things_to_do.py:103} INFO - Scraping place 6/13: https://www.triphobo.com/places/new-york-city-united-states/the-slipper-room
[2025-04-12T06:07:07.994+0000] {things_to_do.py:103} INFO - Scraping place 7/13: https://www.triphobo.com/places/new-york-city-united-states/northern-theatre
[2025-04-12T06:07:11.433+0000] {things_to_do.py:103} INFO - Scraping place 8/13: https://www.triphobo.com/places/new-york-city-united-states/alma
[2025-04-12T06:07:14.865+0000] {things_to_do.py:103} INFO - Scraping place 9/13: https://www.triphobo.com/places/new-york-city-united-states/new-york-aquarium
[2025-04-12T06:07:18.246+0000] {things_to_do.py:103} INFO - Scraping place 10/13: https://www.triphobo.com/places/new-york-city-united-states/the-box
[2025-04-12T06:07:21.947+0000] {things_to_do.py:103} INFO - Scraping place 11/13: https://www.triphobo.com/places/new-york-city-united-states/lit-lounge
[2025-04-12T06:07:25.495+0000] {things_to_do.py:103} INFO - Scraping place 12/13: https://www.triphobo.com/places/new-york-city-united-states/white-horse-tavern
[2025-04-12T06:07:29.076+0000] {things_to_do.py:103} INFO - Scraping place 13/13: https://www.triphobo.com/places/new-york-city-united-states/kettle-of-fish
[2025-04-12T06:07:32.715+0000] {things_to_do.py:122} INFO - Data saved to /tmp/triphobo_data/multi_city_attractions.csv
[2025-04-12T06:07:32.716+0000] {things_to_do.py:132} INFO - Attraction scraping completed, data saved to /tmp/triphobo_data/multi_city_attractions.csv
[2025-04-12T06:07:32.716+0000] {python.py:240} INFO - Done. Returned value was: None
[2025-04-12T06:07:32.723+0000] {taskinstance.py:340} INFO - ::group::Post task execution logs
[2025-04-12T06:07:32.723+0000] {taskinstance.py:352} INFO - Marking task as SUCCESS. dag_id=triphobo_etl_pipeline, task_id=scrape_attractions, run_id=manual__2025-04-12T05:57:19.595174+00:00, execution_date=20250412T055719, start_date=20250412T055721, end_date=20250412T060732
[2025-04-12T06:07:32.741+0000] {local_task_job_runner.py:266} INFO - Task exited with return code 0
[2025-04-12T06:07:32.755+0000] {taskinstance.py:3895} INFO - 1 downstream tasks scheduled from follow-on schedule check
[2025-04-12T06:07:32.755+0000] {local_task_job_runner.py:245} INFO - ::endgroup::
