[2025-04-17T20:15:37.107+0000] {processor.py:186} INFO - Started process (PID=201) to work on /opt/airflow/dags/pipeline/upload_to_S3.py
[2025-04-17T20:15:37.108+0000] {processor.py:914} INFO - Processing file /opt/airflow/dags/pipeline/upload_to_S3.py for tasks to queue
[2025-04-17T20:15:37.110+0000] {logging_mixin.py:190} INFO - [2025-04-17T20:15:37.110+0000] {dagbag.py:588} INFO - Filling up the DagBag from /opt/airflow/dags/pipeline/upload_to_S3.py
[2025-04-17T20:15:37.147+0000] {processor.py:927} WARNING - No viable dags retrieved from /opt/airflow/dags/pipeline/upload_to_S3.py
[2025-04-17T20:15:37.152+0000] {processor.py:208} INFO - Processing /opt/airflow/dags/pipeline/upload_to_S3.py took 0.049 seconds
[2025-04-17T20:15:45.248+0000] {processor.py:186} INFO - Started process (PID=209) to work on /opt/airflow/dags/pipeline/upload_to_S3.py
[2025-04-17T20:15:45.248+0000] {processor.py:914} INFO - Processing file /opt/airflow/dags/pipeline/upload_to_S3.py for tasks to queue
[2025-04-17T20:15:45.250+0000] {logging_mixin.py:190} INFO - [2025-04-17T20:15:45.249+0000] {dagbag.py:588} INFO - Filling up the DagBag from /opt/airflow/dags/pipeline/upload_to_S3.py
[2025-04-17T20:15:45.282+0000] {processor.py:927} WARNING - No viable dags retrieved from /opt/airflow/dags/pipeline/upload_to_S3.py
[2025-04-17T20:15:45.287+0000] {processor.py:208} INFO - Processing /opt/airflow/dags/pipeline/upload_to_S3.py took 0.041 seconds
[2025-04-17T20:16:15.328+0000] {processor.py:186} INFO - Started process (PID=224) to work on /opt/airflow/dags/pipeline/upload_to_S3.py
[2025-04-17T20:16:15.328+0000] {processor.py:914} INFO - Processing file /opt/airflow/dags/pipeline/upload_to_S3.py for tasks to queue
[2025-04-17T20:16:15.330+0000] {logging_mixin.py:190} INFO - [2025-04-17T20:16:15.330+0000] {dagbag.py:588} INFO - Filling up the DagBag from /opt/airflow/dags/pipeline/upload_to_S3.py
[2025-04-17T20:16:15.364+0000] {processor.py:927} WARNING - No viable dags retrieved from /opt/airflow/dags/pipeline/upload_to_S3.py
[2025-04-17T20:16:15.370+0000] {processor.py:208} INFO - Processing /opt/airflow/dags/pipeline/upload_to_S3.py took 0.048 seconds
[2025-04-17T20:16:46.013+0000] {processor.py:186} INFO - Started process (PID=239) to work on /opt/airflow/dags/pipeline/upload_to_S3.py
[2025-04-17T20:16:46.013+0000] {processor.py:914} INFO - Processing file /opt/airflow/dags/pipeline/upload_to_S3.py for tasks to queue
[2025-04-17T20:16:46.016+0000] {logging_mixin.py:190} INFO - [2025-04-17T20:16:46.015+0000] {dagbag.py:588} INFO - Filling up the DagBag from /opt/airflow/dags/pipeline/upload_to_S3.py
[2025-04-17T20:16:46.060+0000] {processor.py:927} WARNING - No viable dags retrieved from /opt/airflow/dags/pipeline/upload_to_S3.py
[2025-04-17T20:16:46.066+0000] {processor.py:208} INFO - Processing /opt/airflow/dags/pipeline/upload_to_S3.py took 0.059 seconds
[2025-04-17T20:17:16.096+0000] {processor.py:186} INFO - Started process (PID=254) to work on /opt/airflow/dags/pipeline/upload_to_S3.py
[2025-04-17T20:17:16.097+0000] {processor.py:914} INFO - Processing file /opt/airflow/dags/pipeline/upload_to_S3.py for tasks to queue
[2025-04-17T20:17:16.099+0000] {logging_mixin.py:190} INFO - [2025-04-17T20:17:16.099+0000] {dagbag.py:588} INFO - Filling up the DagBag from /opt/airflow/dags/pipeline/upload_to_S3.py
[2025-04-17T20:17:16.140+0000] {processor.py:927} WARNING - No viable dags retrieved from /opt/airflow/dags/pipeline/upload_to_S3.py
[2025-04-17T20:17:16.145+0000] {processor.py:208} INFO - Processing /opt/airflow/dags/pipeline/upload_to_S3.py took 0.054 seconds
[2025-04-17T20:17:46.220+0000] {processor.py:186} INFO - Started process (PID=269) to work on /opt/airflow/dags/pipeline/upload_to_S3.py
[2025-04-17T20:17:46.221+0000] {processor.py:914} INFO - Processing file /opt/airflow/dags/pipeline/upload_to_S3.py for tasks to queue
[2025-04-17T20:17:46.224+0000] {logging_mixin.py:190} INFO - [2025-04-17T20:17:46.223+0000] {dagbag.py:588} INFO - Filling up the DagBag from /opt/airflow/dags/pipeline/upload_to_S3.py
[2025-04-17T20:17:46.265+0000] {processor.py:927} WARNING - No viable dags retrieved from /opt/airflow/dags/pipeline/upload_to_S3.py
[2025-04-17T20:17:46.270+0000] {processor.py:208} INFO - Processing /opt/airflow/dags/pipeline/upload_to_S3.py took 0.055 seconds
[2025-04-17T20:18:16.323+0000] {processor.py:186} INFO - Started process (PID=284) to work on /opt/airflow/dags/pipeline/upload_to_S3.py
[2025-04-17T20:18:16.324+0000] {processor.py:914} INFO - Processing file /opt/airflow/dags/pipeline/upload_to_S3.py for tasks to queue
[2025-04-17T20:18:16.326+0000] {logging_mixin.py:190} INFO - [2025-04-17T20:18:16.325+0000] {dagbag.py:588} INFO - Filling up the DagBag from /opt/airflow/dags/pipeline/upload_to_S3.py
[2025-04-17T20:18:16.364+0000] {processor.py:927} WARNING - No viable dags retrieved from /opt/airflow/dags/pipeline/upload_to_S3.py
[2025-04-17T20:18:16.369+0000] {processor.py:208} INFO - Processing /opt/airflow/dags/pipeline/upload_to_S3.py took 0.051 seconds
[2025-04-17T20:18:46.499+0000] {processor.py:186} INFO - Started process (PID=299) to work on /opt/airflow/dags/pipeline/upload_to_S3.py
[2025-04-17T20:18:46.500+0000] {processor.py:914} INFO - Processing file /opt/airflow/dags/pipeline/upload_to_S3.py for tasks to queue
[2025-04-17T20:18:46.502+0000] {logging_mixin.py:190} INFO - [2025-04-17T20:18:46.502+0000] {dagbag.py:588} INFO - Filling up the DagBag from /opt/airflow/dags/pipeline/upload_to_S3.py
[2025-04-17T20:18:46.541+0000] {processor.py:927} WARNING - No viable dags retrieved from /opt/airflow/dags/pipeline/upload_to_S3.py
[2025-04-17T20:18:46.546+0000] {processor.py:208} INFO - Processing /opt/airflow/dags/pipeline/upload_to_S3.py took 0.053 seconds
[2025-04-17T20:18:50.569+0000] {processor.py:186} INFO - Started process (PID=300) to work on /opt/airflow/dags/pipeline/upload_to_S3.py
[2025-04-17T20:18:50.570+0000] {processor.py:914} INFO - Processing file /opt/airflow/dags/pipeline/upload_to_S3.py for tasks to queue
[2025-04-17T20:18:50.572+0000] {logging_mixin.py:190} INFO - [2025-04-17T20:18:50.572+0000] {dagbag.py:588} INFO - Filling up the DagBag from /opt/airflow/dags/pipeline/upload_to_S3.py
[2025-04-17T20:18:50.613+0000] {processor.py:927} WARNING - No viable dags retrieved from /opt/airflow/dags/pipeline/upload_to_S3.py
[2025-04-17T20:18:50.618+0000] {processor.py:208} INFO - Processing /opt/airflow/dags/pipeline/upload_to_S3.py took 0.054 seconds
[2025-04-17T20:19:05.536+0000] {processor.py:186} INFO - Started process (PID=308) to work on /opt/airflow/dags/pipeline/upload_to_S3.py
[2025-04-17T20:19:05.537+0000] {processor.py:914} INFO - Processing file /opt/airflow/dags/pipeline/upload_to_S3.py for tasks to queue
[2025-04-17T20:19:05.539+0000] {logging_mixin.py:190} INFO - [2025-04-17T20:19:05.539+0000] {dagbag.py:588} INFO - Filling up the DagBag from /opt/airflow/dags/pipeline/upload_to_S3.py
[2025-04-17T20:19:05.577+0000] {processor.py:927} WARNING - No viable dags retrieved from /opt/airflow/dags/pipeline/upload_to_S3.py
[2025-04-17T20:19:05.583+0000] {processor.py:208} INFO - Processing /opt/airflow/dags/pipeline/upload_to_S3.py took 0.051 seconds
[2025-04-17T20:19:18.696+0000] {processor.py:186} INFO - Started process (PID=316) to work on /opt/airflow/dags/pipeline/upload_to_S3.py
[2025-04-17T20:19:18.697+0000] {processor.py:914} INFO - Processing file /opt/airflow/dags/pipeline/upload_to_S3.py for tasks to queue
[2025-04-17T20:19:18.699+0000] {logging_mixin.py:190} INFO - [2025-04-17T20:19:18.698+0000] {dagbag.py:588} INFO - Filling up the DagBag from /opt/airflow/dags/pipeline/upload_to_S3.py
[2025-04-17T20:19:18.738+0000] {processor.py:927} WARNING - No viable dags retrieved from /opt/airflow/dags/pipeline/upload_to_S3.py
[2025-04-17T20:19:18.743+0000] {processor.py:208} INFO - Processing /opt/airflow/dags/pipeline/upload_to_S3.py took 0.051 seconds
[2025-04-17T20:19:22.763+0000] {processor.py:186} INFO - Started process (PID=317) to work on /opt/airflow/dags/pipeline/upload_to_S3.py
[2025-04-17T20:19:22.764+0000] {processor.py:914} INFO - Processing file /opt/airflow/dags/pipeline/upload_to_S3.py for tasks to queue
[2025-04-17T20:19:22.766+0000] {logging_mixin.py:190} INFO - [2025-04-17T20:19:22.765+0000] {dagbag.py:588} INFO - Filling up the DagBag from /opt/airflow/dags/pipeline/upload_to_S3.py
[2025-04-17T20:19:22.808+0000] {processor.py:927} WARNING - No viable dags retrieved from /opt/airflow/dags/pipeline/upload_to_S3.py
[2025-04-17T20:19:22.813+0000] {processor.py:208} INFO - Processing /opt/airflow/dags/pipeline/upload_to_S3.py took 0.055 seconds
[2025-04-17T20:19:23.810+0000] {processor.py:186} INFO - Started process (PID=318) to work on /opt/airflow/dags/pipeline/upload_to_S3.py
[2025-04-17T20:19:23.811+0000] {processor.py:914} INFO - Processing file /opt/airflow/dags/pipeline/upload_to_S3.py for tasks to queue
[2025-04-17T20:19:23.812+0000] {logging_mixin.py:190} INFO - [2025-04-17T20:19:23.812+0000] {dagbag.py:588} INFO - Filling up the DagBag from /opt/airflow/dags/pipeline/upload_to_S3.py
[2025-04-17T20:19:23.885+0000] {processor.py:927} WARNING - No viable dags retrieved from /opt/airflow/dags/pipeline/upload_to_S3.py
[2025-04-17T20:19:23.890+0000] {processor.py:208} INFO - Processing /opt/airflow/dags/pipeline/upload_to_S3.py took 0.085 seconds
[2025-04-17T20:19:53.990+0000] {processor.py:186} INFO - Started process (PID=333) to work on /opt/airflow/dags/pipeline/upload_to_S3.py
[2025-04-17T20:19:53.992+0000] {processor.py:914} INFO - Processing file /opt/airflow/dags/pipeline/upload_to_S3.py for tasks to queue
[2025-04-17T20:19:53.994+0000] {logging_mixin.py:190} INFO - [2025-04-17T20:19:53.993+0000] {dagbag.py:588} INFO - Filling up the DagBag from /opt/airflow/dags/pipeline/upload_to_S3.py
[2025-04-17T20:19:54.034+0000] {processor.py:927} WARNING - No viable dags retrieved from /opt/airflow/dags/pipeline/upload_to_S3.py
[2025-04-17T20:19:54.039+0000] {processor.py:208} INFO - Processing /opt/airflow/dags/pipeline/upload_to_S3.py took 0.054 seconds
[2025-04-17T20:20:24.147+0000] {processor.py:186} INFO - Started process (PID=348) to work on /opt/airflow/dags/pipeline/upload_to_S3.py
[2025-04-17T20:20:24.148+0000] {processor.py:914} INFO - Processing file /opt/airflow/dags/pipeline/upload_to_S3.py for tasks to queue
[2025-04-17T20:20:24.150+0000] {logging_mixin.py:190} INFO - [2025-04-17T20:20:24.150+0000] {dagbag.py:588} INFO - Filling up the DagBag from /opt/airflow/dags/pipeline/upload_to_S3.py
[2025-04-17T20:20:24.195+0000] {processor.py:927} WARNING - No viable dags retrieved from /opt/airflow/dags/pipeline/upload_to_S3.py
[2025-04-17T20:20:24.200+0000] {processor.py:208} INFO - Processing /opt/airflow/dags/pipeline/upload_to_S3.py took 0.058 seconds
[2025-04-17T20:20:54.319+0000] {processor.py:186} INFO - Started process (PID=363) to work on /opt/airflow/dags/pipeline/upload_to_S3.py
[2025-04-17T20:20:54.319+0000] {processor.py:914} INFO - Processing file /opt/airflow/dags/pipeline/upload_to_S3.py for tasks to queue
[2025-04-17T20:20:54.321+0000] {logging_mixin.py:190} INFO - [2025-04-17T20:20:54.321+0000] {dagbag.py:588} INFO - Filling up the DagBag from /opt/airflow/dags/pipeline/upload_to_S3.py
[2025-04-17T20:20:54.358+0000] {processor.py:927} WARNING - No viable dags retrieved from /opt/airflow/dags/pipeline/upload_to_S3.py
[2025-04-17T20:20:54.363+0000] {processor.py:208} INFO - Processing /opt/airflow/dags/pipeline/upload_to_S3.py took 0.049 seconds
[2025-04-17T20:21:24.492+0000] {processor.py:186} INFO - Started process (PID=378) to work on /opt/airflow/dags/pipeline/upload_to_S3.py
[2025-04-17T20:21:24.493+0000] {processor.py:914} INFO - Processing file /opt/airflow/dags/pipeline/upload_to_S3.py for tasks to queue
[2025-04-17T20:21:24.495+0000] {logging_mixin.py:190} INFO - [2025-04-17T20:21:24.495+0000] {dagbag.py:588} INFO - Filling up the DagBag from /opt/airflow/dags/pipeline/upload_to_S3.py
[2025-04-17T20:21:24.535+0000] {processor.py:927} WARNING - No viable dags retrieved from /opt/airflow/dags/pipeline/upload_to_S3.py
[2025-04-17T20:21:24.540+0000] {processor.py:208} INFO - Processing /opt/airflow/dags/pipeline/upload_to_S3.py took 0.054 seconds
[2025-04-17T20:21:30.565+0000] {processor.py:186} INFO - Started process (PID=379) to work on /opt/airflow/dags/pipeline/upload_to_S3.py
[2025-04-17T20:21:30.566+0000] {processor.py:914} INFO - Processing file /opt/airflow/dags/pipeline/upload_to_S3.py for tasks to queue
[2025-04-17T20:21:30.568+0000] {logging_mixin.py:190} INFO - [2025-04-17T20:21:30.568+0000] {dagbag.py:588} INFO - Filling up the DagBag from /opt/airflow/dags/pipeline/upload_to_S3.py
[2025-04-17T20:21:30.569+0000] {logging_mixin.py:190} INFO - [2025-04-17T20:21:30.569+0000] {dagbag.py:366} INFO - File /opt/airflow/dags/pipeline/upload_to_S3.py assumed to contain no DAGs. Skipping.
[2025-04-17T20:21:30.570+0000] {processor.py:927} WARNING - No viable dags retrieved from /opt/airflow/dags/pipeline/upload_to_S3.py
[2025-04-17T20:21:30.579+0000] {processor.py:208} INFO - Processing /opt/airflow/dags/pipeline/upload_to_S3.py took 0.020 seconds
[2025-04-17T20:22:00.685+0000] {processor.py:186} INFO - Started process (PID=394) to work on /opt/airflow/dags/pipeline/upload_to_S3.py
[2025-04-17T20:22:00.685+0000] {processor.py:914} INFO - Processing file /opt/airflow/dags/pipeline/upload_to_S3.py for tasks to queue
[2025-04-17T20:22:00.686+0000] {logging_mixin.py:190} INFO - [2025-04-17T20:22:00.686+0000] {dagbag.py:588} INFO - Filling up the DagBag from /opt/airflow/dags/pipeline/upload_to_S3.py
[2025-04-17T20:22:00.687+0000] {logging_mixin.py:190} INFO - [2025-04-17T20:22:00.687+0000] {dagbag.py:366} INFO - File /opt/airflow/dags/pipeline/upload_to_S3.py assumed to contain no DAGs. Skipping.
[2025-04-17T20:22:00.687+0000] {processor.py:927} WARNING - No viable dags retrieved from /opt/airflow/dags/pipeline/upload_to_S3.py
[2025-04-17T20:22:00.692+0000] {processor.py:208} INFO - Processing /opt/airflow/dags/pipeline/upload_to_S3.py took 0.009 seconds
[2025-04-17T20:22:30.823+0000] {processor.py:186} INFO - Started process (PID=409) to work on /opt/airflow/dags/pipeline/upload_to_S3.py
[2025-04-17T20:22:30.823+0000] {processor.py:914} INFO - Processing file /opt/airflow/dags/pipeline/upload_to_S3.py for tasks to queue
[2025-04-17T20:22:30.825+0000] {logging_mixin.py:190} INFO - [2025-04-17T20:22:30.825+0000] {dagbag.py:588} INFO - Filling up the DagBag from /opt/airflow/dags/pipeline/upload_to_S3.py
[2025-04-17T20:22:30.827+0000] {logging_mixin.py:190} INFO - [2025-04-17T20:22:30.826+0000] {dagbag.py:366} INFO - File /opt/airflow/dags/pipeline/upload_to_S3.py assumed to contain no DAGs. Skipping.
[2025-04-17T20:22:30.827+0000] {processor.py:927} WARNING - No viable dags retrieved from /opt/airflow/dags/pipeline/upload_to_S3.py
[2025-04-17T20:22:30.835+0000] {processor.py:208} INFO - Processing /opt/airflow/dags/pipeline/upload_to_S3.py took 0.017 seconds
[2025-04-17T20:23:01.002+0000] {processor.py:186} INFO - Started process (PID=424) to work on /opt/airflow/dags/pipeline/upload_to_S3.py
[2025-04-17T20:23:01.003+0000] {processor.py:914} INFO - Processing file /opt/airflow/dags/pipeline/upload_to_S3.py for tasks to queue
[2025-04-17T20:23:01.005+0000] {logging_mixin.py:190} INFO - [2025-04-17T20:23:01.004+0000] {dagbag.py:588} INFO - Filling up the DagBag from /opt/airflow/dags/pipeline/upload_to_S3.py
[2025-04-17T20:23:01.007+0000] {logging_mixin.py:190} INFO - [2025-04-17T20:23:01.007+0000] {dagbag.py:366} INFO - File /opt/airflow/dags/pipeline/upload_to_S3.py assumed to contain no DAGs. Skipping.
[2025-04-17T20:23:01.007+0000] {processor.py:927} WARNING - No viable dags retrieved from /opt/airflow/dags/pipeline/upload_to_S3.py
[2025-04-17T20:23:01.019+0000] {processor.py:208} INFO - Processing /opt/airflow/dags/pipeline/upload_to_S3.py took 0.024 seconds
[2025-04-17T20:23:31.135+0000] {processor.py:186} INFO - Started process (PID=439) to work on /opt/airflow/dags/pipeline/upload_to_S3.py
[2025-04-17T20:23:31.136+0000] {processor.py:914} INFO - Processing file /opt/airflow/dags/pipeline/upload_to_S3.py for tasks to queue
[2025-04-17T20:23:31.138+0000] {logging_mixin.py:190} INFO - [2025-04-17T20:23:31.138+0000] {dagbag.py:588} INFO - Filling up the DagBag from /opt/airflow/dags/pipeline/upload_to_S3.py
[2025-04-17T20:23:31.140+0000] {logging_mixin.py:190} INFO - [2025-04-17T20:23:31.140+0000] {dagbag.py:366} INFO - File /opt/airflow/dags/pipeline/upload_to_S3.py assumed to contain no DAGs. Skipping.
[2025-04-17T20:23:31.141+0000] {processor.py:927} WARNING - No viable dags retrieved from /opt/airflow/dags/pipeline/upload_to_S3.py
[2025-04-17T20:23:31.150+0000] {processor.py:208} INFO - Processing /opt/airflow/dags/pipeline/upload_to_S3.py took 0.019 seconds
[2025-04-17T20:24:01.310+0000] {processor.py:186} INFO - Started process (PID=454) to work on /opt/airflow/dags/pipeline/upload_to_S3.py
[2025-04-17T20:24:01.311+0000] {processor.py:914} INFO - Processing file /opt/airflow/dags/pipeline/upload_to_S3.py for tasks to queue
[2025-04-17T20:24:01.313+0000] {logging_mixin.py:190} INFO - [2025-04-17T20:24:01.313+0000] {dagbag.py:588} INFO - Filling up the DagBag from /opt/airflow/dags/pipeline/upload_to_S3.py
[2025-04-17T20:24:01.315+0000] {logging_mixin.py:190} INFO - [2025-04-17T20:24:01.315+0000] {dagbag.py:366} INFO - File /opt/airflow/dags/pipeline/upload_to_S3.py assumed to contain no DAGs. Skipping.
[2025-04-17T20:24:01.315+0000] {processor.py:927} WARNING - No viable dags retrieved from /opt/airflow/dags/pipeline/upload_to_S3.py
[2025-04-17T20:24:01.324+0000] {processor.py:208} INFO - Processing /opt/airflow/dags/pipeline/upload_to_S3.py took 0.020 seconds
[2025-04-17T20:24:31.504+0000] {processor.py:186} INFO - Started process (PID=469) to work on /opt/airflow/dags/pipeline/upload_to_S3.py
[2025-04-17T20:24:31.505+0000] {processor.py:914} INFO - Processing file /opt/airflow/dags/pipeline/upload_to_S3.py for tasks to queue
[2025-04-17T20:24:31.507+0000] {logging_mixin.py:190} INFO - [2025-04-17T20:24:31.506+0000] {dagbag.py:588} INFO - Filling up the DagBag from /opt/airflow/dags/pipeline/upload_to_S3.py
[2025-04-17T20:24:31.508+0000] {logging_mixin.py:190} INFO - [2025-04-17T20:24:31.508+0000] {dagbag.py:366} INFO - File /opt/airflow/dags/pipeline/upload_to_S3.py assumed to contain no DAGs. Skipping.
[2025-04-17T20:24:31.509+0000] {processor.py:927} WARNING - No viable dags retrieved from /opt/airflow/dags/pipeline/upload_to_S3.py
[2025-04-17T20:24:31.516+0000] {processor.py:208} INFO - Processing /opt/airflow/dags/pipeline/upload_to_S3.py took 0.015 seconds
[2025-04-17T20:25:01.624+0000] {processor.py:186} INFO - Started process (PID=484) to work on /opt/airflow/dags/pipeline/upload_to_S3.py
[2025-04-17T20:25:01.625+0000] {processor.py:914} INFO - Processing file /opt/airflow/dags/pipeline/upload_to_S3.py for tasks to queue
[2025-04-17T20:25:01.626+0000] {logging_mixin.py:190} INFO - [2025-04-17T20:25:01.626+0000] {dagbag.py:588} INFO - Filling up the DagBag from /opt/airflow/dags/pipeline/upload_to_S3.py
[2025-04-17T20:25:01.627+0000] {logging_mixin.py:190} INFO - [2025-04-17T20:25:01.627+0000] {dagbag.py:366} INFO - File /opt/airflow/dags/pipeline/upload_to_S3.py assumed to contain no DAGs. Skipping.
[2025-04-17T20:25:01.627+0000] {processor.py:927} WARNING - No viable dags retrieved from /opt/airflow/dags/pipeline/upload_to_S3.py
[2025-04-17T20:25:01.633+0000] {processor.py:208} INFO - Processing /opt/airflow/dags/pipeline/upload_to_S3.py took 0.013 seconds
[2025-04-17T20:25:31.675+0000] {processor.py:186} INFO - Started process (PID=499) to work on /opt/airflow/dags/pipeline/upload_to_S3.py
[2025-04-17T20:25:31.676+0000] {processor.py:914} INFO - Processing file /opt/airflow/dags/pipeline/upload_to_S3.py for tasks to queue
[2025-04-17T20:25:31.677+0000] {logging_mixin.py:190} INFO - [2025-04-17T20:25:31.676+0000] {dagbag.py:588} INFO - Filling up the DagBag from /opt/airflow/dags/pipeline/upload_to_S3.py
[2025-04-17T20:25:31.678+0000] {logging_mixin.py:190} INFO - [2025-04-17T20:25:31.677+0000] {dagbag.py:366} INFO - File /opt/airflow/dags/pipeline/upload_to_S3.py assumed to contain no DAGs. Skipping.
[2025-04-17T20:25:31.678+0000] {processor.py:927} WARNING - No viable dags retrieved from /opt/airflow/dags/pipeline/upload_to_S3.py
[2025-04-17T20:25:31.683+0000] {processor.py:208} INFO - Processing /opt/airflow/dags/pipeline/upload_to_S3.py took 0.010 seconds
