[2025-04-17T22:30:29.530+0000] {local_task_job_runner.py:123} INFO - ::group::Pre task execution logs
[2025-04-17T22:30:29.535+0000] {taskinstance.py:2613} INFO - Dependencies all met for dep_context=non-requeueable deps ti=<TaskInstance: triphobo_attractions_pipeline.load_geocoded_attractions_snowflake manual__2025-04-17T22:06:28.860126+00:00 [queued]>
[2025-04-17T22:30:29.538+0000] {taskinstance.py:2613} INFO - Dependencies all met for dep_context=requeueable deps ti=<TaskInstance: triphobo_attractions_pipeline.load_geocoded_attractions_snowflake manual__2025-04-17T22:06:28.860126+00:00 [queued]>
[2025-04-17T22:30:29.538+0000] {taskinstance.py:2866} INFO - Starting attempt 1 of 1
[2025-04-17T22:30:29.541+0000] {taskinstance.py:2889} INFO - Executing <Task(PythonOperator): load_geocoded_attractions_snowflake> on 2025-04-17 22:06:28.860126+00:00
[2025-04-17T22:30:29.544+0000] {warnings.py:112} WARNING - /home/***/.local/lib/python3.12/site-packages/***/task/task_runner/standard_task_runner.py:70: DeprecationWarning: This process (pid=2224) is multi-threaded, use of fork() may lead to deadlocks in the child.
  pid = os.fork()

[2025-04-17T22:30:29.545+0000] {standard_task_runner.py:72} INFO - Started process 2225 to run task
[2025-04-17T22:30:29.545+0000] {standard_task_runner.py:104} INFO - Running: ['***', 'tasks', 'run', 'triphobo_attractions_pipeline', 'load_geocoded_attractions_snowflake', 'manual__2025-04-17T22:06:28.860126+00:00', '--job-id', '428', '--raw', '--subdir', 'DAGS_FOLDER/attractions_dag.py', '--cfg-path', '/tmp/tmpgz9mj4b9']
[2025-04-17T22:30:29.547+0000] {standard_task_runner.py:105} INFO - Job 428: Subtask load_geocoded_attractions_snowflake
[2025-04-17T22:30:29.566+0000] {task_command.py:467} INFO - Running <TaskInstance: triphobo_attractions_pipeline.load_geocoded_attractions_snowflake manual__2025-04-17T22:06:28.860126+00:00 [running]> on host 4d0efc92e922
[2025-04-17T22:30:29.594+0000] {taskinstance.py:3132} INFO - Exporting env vars: AIRFLOW_CTX_DAG_OWNER='***' AIRFLOW_CTX_DAG_ID='triphobo_attractions_pipeline' AIRFLOW_CTX_TASK_ID='load_geocoded_attractions_snowflake' AIRFLOW_CTX_EXECUTION_DATE='2025-04-17T22:06:28.860126+00:00' AIRFLOW_CTX_TRY_NUMBER='1' AIRFLOW_CTX_DAG_RUN_ID='manual__2025-04-17T22:06:28.860126+00:00'
[2025-04-17T22:30:29.595+0000] {taskinstance.py:731} INFO - ::endgroup::
[2025-04-17T22:30:29.622+0000] {upload_to_snowflake.py:30} INFO - CSV file contains 855 rows and 14 columns
[2025-04-17T22:30:29.623+0000] {upload_to_snowflake.py:35} INFO - City distribution in CSV: {'New York City United States': 148, 'San Francisco United States': 146, 'Chicago United States': 145, 'Los Angeles United States': 141, 'Seattle United States': 138, 'Las Vegas United States': 137}
[2025-04-17T22:30:29.623+0000] {connection.py:414} INFO - Snowflake Connector for Python Version: 3.12.4, Python Version: 3.12.8, Platform: Linux-6.10.14-linuxkit-aarch64-with-glibc2.36
[2025-04-17T22:30:29.623+0000] {connection.py:1197} INFO - Connecting to GLOBAL Snowflake domain
[2025-04-17T22:30:29.624+0000] {connection.py:1278} INFO - This connection is in OCSP Fail Open Mode. TLS Certificates would be checked for validity and revocation status. Any other Certificate Revocation related exceptions or OCSP Responder failures would be disregarded in favor of connectivity.
[2025-04-17T22:30:30.158+0000] {upload_to_snowflake.py:45} INFO - Dropping table `TRIPHOBO_ATTRACTIONS` if it exists...
[2025-04-17T22:30:30.322+0000] {cursor.py:1166} INFO - Number of results in first chunk: 1
[2025-04-17T22:30:30.322+0000] {upload_to_snowflake.py:49} INFO - Creating table `TRIPHOBO_ATTRACTIONS`...
[2025-04-17T22:30:30.700+0000] {cursor.py:1166} INFO - Number of results in first chunk: 1
[2025-04-17T22:30:30.701+0000] {upload_to_snowflake.py:55} INFO - Staging local file /tmp/triphobo_data/attractions_with_coords.csv to Snowflake...
[2025-04-17T22:30:31.098+0000] {upload_to_snowflake.py:60} INFO - Copying data into `TRIPHOBO_ATTRACTIONS` from staged file...
[2025-04-17T22:30:33.095+0000] {cursor.py:1166} INFO - Number of results in first chunk: 1
[2025-04-17T22:30:33.096+0000] {upload_to_snowflake.py:76} INFO - COPY command result: [('data/attractions_with_coords.csv.gz', 'LOADED', 855, 855, 855, 0, None, None, None, None)]
[2025-04-17T22:30:33.300+0000] {cursor.py:1166} INFO - Number of results in first chunk: 1
[2025-04-17T22:30:33.300+0000] {upload_to_snowflake.py:81} INFO - Total rows in Snowflake table: 855
[2025-04-17T22:30:33.637+0000] {cursor.py:1166} INFO - Number of results in first chunk: 6
[2025-04-17T22:30:33.638+0000] {upload_to_snowflake.py:87} INFO - City distribution in Snowflake: [('Las Vegas United States', 137), ('Los Angeles United States', 141), ('Chicago United States', 145), ('San Francisco United States', 146), ('New York City United States', 148), ('Seattle United States', 138)]
[2025-04-17T22:30:33.638+0000] {connection.py:789} INFO - closed
[2025-04-17T22:30:33.671+0000] {connection.py:795} INFO - No async queries seem to be running, deleting session
[2025-04-17T22:30:33.723+0000] {upload_to_snowflake.py:92} INFO - Data successfully copied to Snowflake table: TRIPHOBO_ATTRACTIONS
[2025-04-17T22:30:33.725+0000] {python.py:240} INFO - Done. Returned value was: None
[2025-04-17T22:30:33.731+0000] {taskinstance.py:340} INFO - ::group::Post task execution logs
[2025-04-17T22:30:33.732+0000] {taskinstance.py:352} INFO - Marking task as SUCCESS. dag_id=triphobo_attractions_pipeline, task_id=load_geocoded_attractions_snowflake, run_id=manual__2025-04-17T22:06:28.860126+00:00, execution_date=20250417T220628, start_date=20250417T223029, end_date=20250417T223033
[2025-04-17T22:30:33.771+0000] {local_task_job_runner.py:266} INFO - Task exited with return code 0
[2025-04-17T22:30:33.785+0000] {taskinstance.py:3895} INFO - 0 downstream tasks scheduled from follow-on schedule check
[2025-04-17T22:30:33.786+0000] {local_task_job_runner.py:245} INFO - ::endgroup::
