[2025-04-18T05:37:54.571+0000] {local_task_job_runner.py:123} INFO - ::group::Pre task execution logs
[2025-04-18T05:37:54.575+0000] {taskinstance.py:2613} INFO - Dependencies all met for dep_context=non-requeueable deps ti=<TaskInstance: triphobo_attractions_scrape.process_next_city manual__2025-04-18T05:37:52.231713+00:00 [queued]>
[2025-04-18T05:37:54.577+0000] {taskinstance.py:2613} INFO - Dependencies all met for dep_context=requeueable deps ti=<TaskInstance: triphobo_attractions_scrape.process_next_city manual__2025-04-18T05:37:52.231713+00:00 [queued]>
[2025-04-18T05:37:54.578+0000] {taskinstance.py:2866} INFO - Starting attempt 1 of 1
[2025-04-18T05:37:54.581+0000] {taskinstance.py:2889} INFO - Executing <Task(PythonOperator): process_next_city> on 2025-04-18 05:37:52.231713+00:00
[2025-04-18T05:37:54.584+0000] {warnings.py:112} WARNING - /home/***/.local/lib/python3.12/site-packages/***/task/task_runner/standard_task_runner.py:70: DeprecationWarning: This process (pid=90) is multi-threaded, use of fork() may lead to deadlocks in the child.
  pid = os.fork()

[2025-04-18T05:37:54.585+0000] {standard_task_runner.py:72} INFO - Started process 91 to run task
[2025-04-18T05:37:54.586+0000] {standard_task_runner.py:104} INFO - Running: ['***', 'tasks', 'run', 'triphobo_attractions_scrape', 'process_next_city', 'manual__2025-04-18T05:37:52.231713+00:00', '--job-id', '51', '--raw', '--subdir', 'DAGS_FOLDER/attractions_dag.py', '--cfg-path', '/tmp/tmpio9kmw84']
[2025-04-18T05:37:54.587+0000] {standard_task_runner.py:105} INFO - Job 51: Subtask process_next_city
[2025-04-18T05:37:54.601+0000] {task_command.py:467} INFO - Running <TaskInstance: triphobo_attractions_scrape.process_next_city manual__2025-04-18T05:37:52.231713+00:00 [running]> on host 68d96c644388
[2025-04-18T05:37:54.625+0000] {taskinstance.py:3132} INFO - Exporting env vars: AIRFLOW_CTX_DAG_OWNER='***' AIRFLOW_CTX_DAG_ID='triphobo_attractions_scrape' AIRFLOW_CTX_TASK_ID='process_next_city' AIRFLOW_CTX_EXECUTION_DATE='2025-04-18T05:37:52.231713+00:00' AIRFLOW_CTX_TRY_NUMBER='1' AIRFLOW_CTX_DAG_RUN_ID='manual__2025-04-18T05:37:52.231713+00:00'
[2025-04-18T05:37:54.625+0000] {taskinstance.py:731} INFO - ::endgroup::
[2025-04-18T05:37:54.637+0000] {attractions_dag.py:216} INFO - Scraping city 1/1: New York City United States
[2025-04-18T05:37:54.878+0000] {attractions_dag.py:226} INFO - Scraping page 1/10: https://www.triphobo.com/places/new-york-city-united-states/things-to-do?page=1
[2025-04-18T05:38:01.713+0000] {attractions_dag.py:230} INFO - Found 15 attraction links
[2025-04-18T05:38:01.714+0000] {attractions_dag.py:248} INFO - Scraping place 1/15: https://www.triphobo.com/places/new-york-city-united-states/empire-state-building
[2025-04-18T05:38:05.381+0000] {attractions_dag.py:248} INFO - Scraping place 2/15: https://www.triphobo.com/places/new-york-city-united-states/statue-of-liberty
[2025-04-18T05:38:09.163+0000] {attractions_dag.py:248} INFO - Scraping place 3/15: https://www.triphobo.com/places/new-york-city-united-states/rockefeller-center
[2025-04-18T05:38:12.825+0000] {attractions_dag.py:248} INFO - Scraping place 4/15: https://www.triphobo.com/places/new-york-city-united-states/times-square
[2025-04-18T05:38:16.732+0000] {attractions_dag.py:248} INFO - Scraping place 5/15: https://www.triphobo.com/places/new-york-city-united-states/the-metropolitan-museum-of-art
[2025-04-18T05:38:20.437+0000] {attractions_dag.py:173} INFO - Saved checkpoint: City 0, Page 1, Completed cities: []
[2025-04-18T05:38:22.441+0000] {attractions_dag.py:248} INFO - Scraping place 6/15: https://www.triphobo.com/places/new-york-city-united-states/grand-central-terminal
[2025-04-18T05:38:26.181+0000] {attractions_dag.py:248} INFO - Scraping place 7/15: https://www.triphobo.com/places/new-york-city-united-states/american-museum-of-natural-history
[2025-04-18T05:38:29.858+0000] {attractions_dag.py:248} INFO - Scraping place 8/15: https://www.triphobo.com/places/new-york-city-united-states/museum-of-modern-art
[2025-04-18T05:38:33.567+0000] {attractions_dag.py:248} INFO - Scraping place 9/15: https://www.triphobo.com/places/new-york-city-united-states/high-line
[2025-04-18T05:38:37.247+0000] {attractions_dag.py:248} INFO - Scraping place 10/15: https://www.triphobo.com/places/new-york-city-united-states/national-9-11-memorial-museum
[2025-04-18T05:38:40.993+0000] {attractions_dag.py:173} INFO - Saved checkpoint: City 0, Page 1, Completed cities: []
[2025-04-18T05:38:42.997+0000] {attractions_dag.py:248} INFO - Scraping place 11/15: https://www.triphobo.com/places/new-york-city-united-states/intrepid-sea-air-and-space-museum
[2025-04-18T05:38:46.787+0000] {attractions_dag.py:248} INFO - Scraping place 12/15: https://www.triphobo.com/places/new-york-city-united-states/solomon-r-guggenheim-museum
[2025-04-18T05:38:50.571+0000] {attractions_dag.py:248} INFO - Scraping place 13/15: https://www.triphobo.com/places/new-york-city-united-states/radio-city-music-hall
[2025-04-18T05:38:54.269+0000] {attractions_dag.py:248} INFO - Scraping place 14/15: https://www.triphobo.com/places/new-york-city-united-states/fanaberie
[2025-04-18T05:38:55.046+0000] {local_task_job_runner.py:346} WARNING - State of this instance has been externally set to None. Terminating instance.
[2025-04-18T05:38:55.049+0000] {local_task_job_runner.py:245} INFO - ::endgroup::
[2025-04-18T05:38:55.050+0000] {process_utils.py:132} INFO - Sending 15 to group 91. PIDs of all processes in the group: [93, 104, 106, 107, 124, 137, 123, 91]
[2025-04-18T05:38:55.051+0000] {process_utils.py:87} INFO - Sending the signal 15 to group 91
[2025-04-18T05:38:55.051+0000] {taskinstance.py:3093} ERROR - Received SIGTERM. Terminating subprocesses.
[2025-04-18T05:38:55.067+0000] {process_utils.py:80} INFO - Process psutil.Process(pid=137, status='terminated', started='05:37:54') (137) terminated with exit code None
[2025-04-18T05:38:55.068+0000] {process_utils.py:80} INFO - Process psutil.Process(pid=106, status='terminated', started='05:37:54') (106) terminated with exit code None
[2025-04-18T05:38:55.068+0000] {process_utils.py:80} INFO - Process psutil.Process(pid=104, status='terminated', started='05:37:53') (104) terminated with exit code None
[2025-04-18T05:38:55.069+0000] {process_utils.py:80} INFO - Process psutil.Process(pid=107, status='terminated', started='05:37:54') (107) terminated with exit code None
[2025-04-18T05:38:55.069+0000] {process_utils.py:80} INFO - Process psutil.Process(pid=123, status='terminated', started='05:37:54') (123) terminated with exit code None
[2025-04-18T05:38:55.069+0000] {process_utils.py:80} INFO - Process psutil.Process(pid=124, status='terminated', started='05:37:54') (124) terminated with exit code None
[2025-04-18T05:38:55.217+0000] {process_utils.py:80} INFO - Process psutil.Process(pid=93, status='terminated', started='05:37:53') (93) terminated with exit code None
[2025-04-18T05:39:55.052+0000] {process_utils.py:150} WARNING - process psutil.Process(pid=91, name='airflow task ru', status='sleeping', started='05:37:53') did not respond to SIGTERM. Trying SIGKILL
[2025-04-18T05:39:55.058+0000] {process_utils.py:87} INFO - Sending the signal 9 to group 91
[2025-04-18T05:39:55.066+0000] {process_utils.py:80} INFO - Process psutil.Process(pid=91, name='airflow task ru', status='terminated', exitcode=<Negsignal.SIGKILL: -9>, started='05:37:53') (91) terminated with exit code -9
[2025-04-18T05:39:55.067+0000] {standard_task_runner.py:190} ERROR - ('Job 51 was killed before it finished (likely due to running out of memory)', 'For more information, see https://***.apache.org/docs/apache-***/stable/troubleshooting.html#LocalTaskJob-killed')
