[2025-04-18T01:25:21.167+0000] {local_task_job_runner.py:123} INFO - ::group::Pre task execution logs
[2025-04-18T01:25:21.172+0000] {taskinstance.py:2613} INFO - Dependencies all met for dep_context=non-requeueable deps ti=<TaskInstance: ihg_hotels_dag.scrape_hotels scheduled__2025-04-16T21:45:00+00:00 [queued]>
[2025-04-18T01:25:21.174+0000] {taskinstance.py:2613} INFO - Dependencies all met for dep_context=requeueable deps ti=<TaskInstance: ihg_hotels_dag.scrape_hotels scheduled__2025-04-16T21:45:00+00:00 [queued]>
[2025-04-18T01:25:21.174+0000] {taskinstance.py:2866} INFO - Starting attempt 1 of 1
[2025-04-18T01:25:21.178+0000] {taskinstance.py:2889} INFO - Executing <Task(PythonOperator): scrape_hotels> on 2025-04-16 21:45:00+00:00
[2025-04-18T01:25:21.181+0000] {warnings.py:112} WARNING - /home/***/.local/lib/python3.12/site-packages/***/task/task_runner/standard_task_runner.py:70: DeprecationWarning: This process (pid=527) is multi-threaded, use of fork() may lead to deadlocks in the child.
  pid = os.fork()

[2025-04-18T01:25:21.181+0000] {standard_task_runner.py:72} INFO - Started process 528 to run task
[2025-04-18T01:25:21.182+0000] {standard_task_runner.py:104} INFO - Running: ['***', 'tasks', 'run', 'ihg_hotels_dag', 'scrape_hotels', 'scheduled__2025-04-16T21:45:00+00:00', '--job-id', '441', '--raw', '--subdir', 'DAGS_FOLDER/hotel_scrape_dag.py', '--cfg-path', '/tmp/tmp425zhbcx']
[2025-04-18T01:25:21.183+0000] {standard_task_runner.py:105} INFO - Job 441: Subtask scrape_hotels
[2025-04-18T01:25:21.198+0000] {task_command.py:467} INFO - Running <TaskInstance: ihg_hotels_dag.scrape_hotels scheduled__2025-04-16T21:45:00+00:00 [running]> on host 56616e1d0c73
[2025-04-18T01:25:21.223+0000] {taskinstance.py:3132} INFO - Exporting env vars: AIRFLOW_CTX_DAG_OWNER='***' AIRFLOW_CTX_DAG_ID='ihg_hotels_dag' AIRFLOW_CTX_TASK_ID='scrape_hotels' AIRFLOW_CTX_EXECUTION_DATE='2025-04-16T21:45:00+00:00' AIRFLOW_CTX_TRY_NUMBER='1' AIRFLOW_CTX_DAG_RUN_ID='scheduled__2025-04-16T21:45:00+00:00'
[2025-04-18T01:25:21.223+0000] {taskinstance.py:731} INFO - ::endgroup::
[2025-04-18T01:25:21.228+0000] {hotel_scrape_dag.py:81} INFO - Starting hotel scraping process
[2025-04-18T01:25:21.228+0000] {hotel_scrape_dag.py:85} INFO - Attempting to scrape using known hotel URLs
[2025-04-18T01:25:21.229+0000] {hotel_scrape_dag.py:155} INFO - Scraping known hotels for New York
[2025-04-18T01:25:21.229+0000] {hotel_scrape_dag.py:166} INFO - Scraping Holiday Inn Manhattan-Financial District at https://www.ihg.com/holidayinn/hotels/us/en/nycmk/hoteldetail
[2025-04-18T01:25:21.322+0000] {hotel_scrape_dag.py:169} INFO - Request returned status: 403
[2025-04-18T01:25:23.276+0000] {hotel_scrape_dag.py:166} INFO - Scraping Holiday Inn New York City - Times Square at https://www.ihg.com/holidayinn/hotels/us/en/nycre/hoteldetail
[2025-04-18T01:25:23.377+0000] {hotel_scrape_dag.py:169} INFO - Request returned status: 403
[2025-04-18T01:25:24.406+0000] {hotel_scrape_dag.py:166} INFO - Scraping InterContinental New York Times Square at https://www.ihg.com/intercontinental/hotels/us/en/nycic/hoteldetail
[2025-04-18T01:25:24.525+0000] {hotel_scrape_dag.py:169} INFO - Request returned status: 403
[2025-04-18T01:25:25.704+0000] {hotel_scrape_dag.py:166} INFO - Scraping Kimpton Hotel Eventi at https://www.ihg.com/kimpton/hotels/us/en/nycxn/hoteldetail
[2025-04-18T01:25:25.789+0000] {hotel_scrape_dag.py:169} INFO - Request returned status: 403
[2025-04-18T01:25:27.558+0000] {hotel_scrape_dag.py:240} INFO - Added 0 hotels for New York
[2025-04-18T01:25:27.560+0000] {hotel_scrape_dag.py:155} INFO - Scraping known hotels for San Francisco
[2025-04-18T01:25:27.561+0000] {hotel_scrape_dag.py:166} INFO - Scraping Holiday Inn San Francisco-Golden Gateway at https://www.ihg.com/holidayinn/hotels/us/en/sfogg/hoteldetail
[2025-04-18T01:25:27.635+0000] {hotel_scrape_dag.py:169} INFO - Request returned status: 403
[2025-04-18T01:25:29.195+0000] {hotel_scrape_dag.py:166} INFO - Scraping Holiday Inn Express San Francisco Union Square at https://www.ihg.com/holidayinn/hotels/us/en/sfofn/hoteldetail
[2025-04-18T01:25:29.289+0000] {hotel_scrape_dag.py:169} INFO - Request returned status: 403
[2025-04-18T01:25:31.272+0000] {hotel_scrape_dag.py:166} INFO - Scraping InterContinental San Francisco at https://www.ihg.com/intercontinental/hotels/us/en/sfofs/hoteldetail
[2025-04-18T01:25:31.352+0000] {hotel_scrape_dag.py:169} INFO - Request returned status: 403
[2025-04-18T01:25:32.570+0000] {hotel_scrape_dag.py:240} INFO - Added 0 hotels for San Francisco
[2025-04-18T01:25:32.571+0000] {hotel_scrape_dag.py:155} INFO - Scraping known hotels for Chicago
[2025-04-18T01:25:32.572+0000] {hotel_scrape_dag.py:166} INFO - Scraping Holiday Inn Chicago Downtown at https://www.ihg.com/holidayinn/hotels/us/en/chidw/hoteldetail
[2025-04-18T01:25:32.676+0000] {hotel_scrape_dag.py:169} INFO - Request returned status: 403
[2025-04-18T01:25:33.982+0000] {hotel_scrape_dag.py:166} INFO - Scraping Holiday Inn Chicago-Mart Plaza River North at https://www.ihg.com/holidayinn/hotels/us/en/chird/hoteldetail
[2025-04-18T01:25:34.072+0000] {hotel_scrape_dag.py:169} INFO - Request returned status: 403
[2025-04-18T01:25:35.719+0000] {hotel_scrape_dag.py:166} INFO - Scraping InterContinental Chicago Magnificent Mile at https://www.ihg.com/intercontinental/hotels/us/en/chimg/hoteldetail
[2025-04-18T01:25:35.798+0000] {hotel_scrape_dag.py:169} INFO - Request returned status: 403
[2025-04-18T01:25:36.838+0000] {hotel_scrape_dag.py:240} INFO - Added 0 hotels for Chicago
[2025-04-18T01:25:36.840+0000] {hotel_scrape_dag.py:155} INFO - Scraping known hotels for Seattle
[2025-04-18T01:25:36.840+0000] {hotel_scrape_dag.py:166} INFO - Scraping Holiday Inn Seattle Downtown at https://www.ihg.com/holidayinn/hotels/us/en/seasc/hoteldetail
[2025-04-18T01:25:36.927+0000] {hotel_scrape_dag.py:169} INFO - Request returned status: 403
[2025-04-18T01:25:38.213+0000] {hotel_scrape_dag.py:166} INFO - Scraping Crowne Plaza Seattle-Downtown at https://www.ihg.com/crowneplaza/hotels/us/en/seatc/hoteldetail
[2025-04-18T01:25:38.304+0000] {hotel_scrape_dag.py:169} INFO - Request returned status: 403
[2025-04-18T01:25:39.502+0000] {hotel_scrape_dag.py:240} INFO - Added 0 hotels for Seattle
[2025-04-18T01:25:39.502+0000] {hotel_scrape_dag.py:155} INFO - Scraping known hotels for Las Vegas
[2025-04-18T01:25:39.503+0000] {hotel_scrape_dag.py:166} INFO - Scraping Holiday Inn Club Vacations At Desert Club Resort at https://www.ihg.com/holidayinnclub/hotels/us/en/lasvs/hoteldetail
[2025-04-18T01:25:39.574+0000] {hotel_scrape_dag.py:169} INFO - Request returned status: 403
[2025-04-18T01:25:41.316+0000] {hotel_scrape_dag.py:166} INFO - Scraping Holiday Inn Express Las Vegas South at https://www.ihg.com/holidayinn/hotels/us/en/lashn/hoteldetail
[2025-04-18T01:25:41.399+0000] {hotel_scrape_dag.py:169} INFO - Request returned status: 403
[2025-04-18T01:25:42.689+0000] {hotel_scrape_dag.py:240} INFO - Added 0 hotels for Las Vegas
[2025-04-18T01:25:42.690+0000] {hotel_scrape_dag.py:155} INFO - Scraping known hotels for Los Angeles
[2025-04-18T01:25:42.691+0000] {hotel_scrape_dag.py:166} INFO - Scraping Holiday Inn Los Angeles - LAX Airport at https://www.ihg.com/holidayinn/hotels/us/en/laxap/hoteldetail
[2025-04-18T01:25:42.780+0000] {hotel_scrape_dag.py:169} INFO - Request returned status: 403
[2025-04-18T01:25:43.801+0000] {hotel_scrape_dag.py:166} INFO - Scraping Holiday Inn Los Angeles - Hollywood Walk of Fame at https://www.ihg.com/holidayinn/hotels/us/en/laxbr/hoteldetail
[2025-04-18T01:25:43.894+0000] {hotel_scrape_dag.py:169} INFO - Request returned status: 403
[2025-04-18T01:25:45.473+0000] {hotel_scrape_dag.py:166} INFO - Scraping InterContinental Los Angeles Downtown at https://www.ihg.com/intercontinental/hotels/us/en/laxdt/hoteldetail
[2025-04-18T01:25:45.554+0000] {hotel_scrape_dag.py:169} INFO - Request returned status: 403
[2025-04-18T01:25:47.299+0000] {hotel_scrape_dag.py:240} INFO - Added 0 hotels for Los Angeles
[2025-04-18T01:25:47.300+0000] {hotel_scrape_dag.py:95} INFO - Attempting to scrape with API
[2025-04-18T01:25:47.300+0000] {hotel_scrape_dag.py:256} INFO - Scraping New York with API
[2025-04-18T01:25:47.300+0000] {hotel_scrape_dag.py:271} INFO - Trying API endpoint: https://www.ihg.com/api/hotels/nearby?location=New%20York%2C%20NY&radius=20
[2025-04-18T01:25:47.367+0000] {hotel_scrape_dag.py:274} INFO - API response status: 403
[2025-04-18T01:25:47.367+0000] {hotel_scrape_dag.py:271} INFO - Trying API endpoint: https://www.ihg.com/api/hoteldetails/new-york-ny
[2025-04-18T01:25:47.434+0000] {hotel_scrape_dag.py:274} INFO - API response status: 403
[2025-04-18T01:25:47.434+0000] {hotel_scrape_dag.py:271} INFO - Trying API endpoint: https://www.ihg.com/hotels/us/en/find-hotels/api/v1/search/geo?q=New%20York%2C%20NY
[2025-04-18T01:25:47.502+0000] {hotel_scrape_dag.py:274} INFO - API response status: 403
[2025-04-18T01:25:47.503+0000] {hotel_scrape_dag.py:331} INFO - Added 0 hotels for New York using API
[2025-04-18T01:25:48.916+0000] {hotel_scrape_dag.py:256} INFO - Scraping San Francisco with API
[2025-04-18T01:25:48.919+0000] {hotel_scrape_dag.py:271} INFO - Trying API endpoint: https://www.ihg.com/api/hotels/nearby?location=San%20Francisco%2C%20CA&radius=20
[2025-04-18T01:25:49.008+0000] {hotel_scrape_dag.py:274} INFO - API response status: 403
[2025-04-18T01:25:49.009+0000] {hotel_scrape_dag.py:271} INFO - Trying API endpoint: https://www.ihg.com/api/hoteldetails/san-francisco-ca
[2025-04-18T01:25:49.083+0000] {hotel_scrape_dag.py:274} INFO - API response status: 403
[2025-04-18T01:25:49.083+0000] {hotel_scrape_dag.py:271} INFO - Trying API endpoint: https://www.ihg.com/hotels/us/en/find-hotels/api/v1/search/geo?q=San%20Francisco%2C%20CA
[2025-04-18T01:25:49.195+0000] {hotel_scrape_dag.py:274} INFO - API response status: 403
[2025-04-18T01:25:49.196+0000] {hotel_scrape_dag.py:331} INFO - Added 0 hotels for San Francisco using API
[2025-04-18T01:25:50.374+0000] {hotel_scrape_dag.py:256} INFO - Scraping Chicago with API
[2025-04-18T01:25:50.374+0000] {hotel_scrape_dag.py:271} INFO - Trying API endpoint: https://www.ihg.com/api/hotels/nearby?location=Chicago%2C%20IL&radius=20
[2025-04-18T01:25:50.444+0000] {hotel_scrape_dag.py:274} INFO - API response status: 403
[2025-04-18T01:25:50.445+0000] {hotel_scrape_dag.py:271} INFO - Trying API endpoint: https://www.ihg.com/api/hoteldetails/chicago-il
[2025-04-18T01:25:50.516+0000] {hotel_scrape_dag.py:274} INFO - API response status: 403
[2025-04-18T01:25:50.516+0000] {hotel_scrape_dag.py:271} INFO - Trying API endpoint: https://www.ihg.com/hotels/us/en/find-hotels/api/v1/search/geo?q=Chicago%2C%20IL
[2025-04-18T01:25:50.594+0000] {hotel_scrape_dag.py:274} INFO - API response status: 403
[2025-04-18T01:25:50.594+0000] {hotel_scrape_dag.py:331} INFO - Added 0 hotels for Chicago using API
[2025-04-18T01:25:52.531+0000] {hotel_scrape_dag.py:256} INFO - Scraping Seattle with API
[2025-04-18T01:25:52.532+0000] {hotel_scrape_dag.py:271} INFO - Trying API endpoint: https://www.ihg.com/api/hotels/nearby?location=Seattle%2C%20WA&radius=20
[2025-04-18T01:25:52.596+0000] {hotel_scrape_dag.py:274} INFO - API response status: 403
[2025-04-18T01:25:52.596+0000] {hotel_scrape_dag.py:271} INFO - Trying API endpoint: https://www.ihg.com/api/hoteldetails/seattle-wa
[2025-04-18T01:25:52.665+0000] {hotel_scrape_dag.py:274} INFO - API response status: 403
[2025-04-18T01:25:52.665+0000] {hotel_scrape_dag.py:271} INFO - Trying API endpoint: https://www.ihg.com/hotels/us/en/find-hotels/api/v1/search/geo?q=Seattle%2C%20WA
[2025-04-18T01:25:52.737+0000] {hotel_scrape_dag.py:274} INFO - API response status: 403
[2025-04-18T01:25:52.738+0000] {hotel_scrape_dag.py:331} INFO - Added 0 hotels for Seattle using API
[2025-04-18T01:25:54.931+0000] {hotel_scrape_dag.py:256} INFO - Scraping Las Vegas with API
[2025-04-18T01:25:54.933+0000] {hotel_scrape_dag.py:271} INFO - Trying API endpoint: https://www.ihg.com/api/hotels/nearby?location=Las%20Vegas%2C%20NV&radius=20
[2025-04-18T01:25:55.032+0000] {hotel_scrape_dag.py:274} INFO - API response status: 403
[2025-04-18T01:25:55.033+0000] {hotel_scrape_dag.py:271} INFO - Trying API endpoint: https://www.ihg.com/api/hoteldetails/las-vegas-nv
[2025-04-18T01:25:55.126+0000] {hotel_scrape_dag.py:274} INFO - API response status: 403
[2025-04-18T01:25:55.127+0000] {hotel_scrape_dag.py:271} INFO - Trying API endpoint: https://www.ihg.com/hotels/us/en/find-hotels/api/v1/search/geo?q=Las%20Vegas%2C%20NV
[2025-04-18T01:25:55.210+0000] {hotel_scrape_dag.py:274} INFO - API response status: 403
[2025-04-18T01:25:55.210+0000] {hotel_scrape_dag.py:331} INFO - Added 0 hotels for Las Vegas using API
[2025-04-18T01:25:56.309+0000] {hotel_scrape_dag.py:256} INFO - Scraping Los Angeles with API
[2025-04-18T01:25:56.309+0000] {hotel_scrape_dag.py:271} INFO - Trying API endpoint: https://www.ihg.com/api/hotels/nearby?location=Los%20Angeles%2C%20CA&radius=20
[2025-04-18T01:25:56.380+0000] {hotel_scrape_dag.py:274} INFO - API response status: 403
[2025-04-18T01:25:56.380+0000] {hotel_scrape_dag.py:271} INFO - Trying API endpoint: https://www.ihg.com/api/hoteldetails/los-angeles-ca
[2025-04-18T01:25:56.447+0000] {hotel_scrape_dag.py:274} INFO - API response status: 403
[2025-04-18T01:25:56.447+0000] {hotel_scrape_dag.py:271} INFO - Trying API endpoint: https://www.ihg.com/hotels/us/en/find-hotels/api/v1/search/geo?q=Los%20Angeles%2C%20CA
[2025-04-18T01:25:56.515+0000] {hotel_scrape_dag.py:274} INFO - API response status: 403
[2025-04-18T01:25:56.516+0000] {hotel_scrape_dag.py:331} INFO - Added 0 hotels for Los Angeles using API
[2025-04-18T01:25:59.084+0000] {hotel_scrape_dag.py:104} INFO - API scraping added 0 hotels
[2025-04-18T01:25:59.085+0000] {hotel_scrape_dag.py:109} INFO - Not enough hotels found (0), generating additional hotels
[2025-04-18T01:25:59.086+0000] {hotel_scrape_dag.py:341} INFO - Generating 220 hotels using patterns
[2025-04-18T01:25:59.087+0000] {hotel_scrape_dag.py:415} INFO - Generating 40 hotels for New York
[2025-04-18T01:25:59.088+0000] {hotel_scrape_dag.py:415} INFO - Generating 36 hotels for San Francisco
[2025-04-18T01:25:59.089+0000] {hotel_scrape_dag.py:415} INFO - Generating 36 hotels for Chicago
[2025-04-18T01:25:59.090+0000] {hotel_scrape_dag.py:415} INFO - Generating 36 hotels for Seattle
[2025-04-18T01:25:59.091+0000] {hotel_scrape_dag.py:415} INFO - Generating 36 hotels for Las Vegas
[2025-04-18T01:25:59.091+0000] {hotel_scrape_dag.py:415} INFO - Generating 36 hotels for Los Angeles
[2025-04-18T01:25:59.092+0000] {hotel_scrape_dag.py:471} INFO - Successfully generated 220 hotels
[2025-04-18T01:25:59.093+0000] {hotel_scrape_dag.py:130} INFO - Added 220 generated hotels
[2025-04-18T01:25:59.093+0000] {hotel_scrape_dag.py:132} INFO - Total hotels found: 220
[2025-04-18T01:25:59.108+0000] {hotel_scrape_dag.py:135} INFO - Scraped 220 hotels across all cities. Data saved to /tmp/ihg_data/multi_city_ihg_hotels.csv
[2025-04-18T01:25:59.109+0000] {python.py:240} INFO - Done. Returned value was: 220
[2025-04-18T01:25:59.130+0000] {taskinstance.py:340} INFO - ::group::Post task execution logs
[2025-04-18T01:25:59.131+0000] {taskinstance.py:352} INFO - Marking task as SUCCESS. dag_id=ihg_hotels_dag, task_id=scrape_hotels, run_id=scheduled__2025-04-16T21:45:00+00:00, execution_date=20250416T214500, start_date=20250418T012521, end_date=20250418T012559
[2025-04-18T01:25:59.179+0000] {local_task_job_runner.py:266} INFO - Task exited with return code 0
[2025-04-18T01:25:59.184+0000] {local_task_job_runner.py:245} INFO - ::endgroup::
