[2025-04-12T05:45:37.206+0000] {local_task_job_runner.py:123} INFO - ::group::Pre task execution logs
[2025-04-12T05:45:37.211+0000] {taskinstance.py:2613} INFO - Dependencies all met for dep_context=non-requeueable deps ti=<TaskInstance: triphobo_etl_pipeline.upload_raw_tours manual__2025-04-12T05:27:28.527778+00:00 [queued]>
[2025-04-12T05:45:37.214+0000] {taskinstance.py:2613} INFO - Dependencies all met for dep_context=requeueable deps ti=<TaskInstance: triphobo_etl_pipeline.upload_raw_tours manual__2025-04-12T05:27:28.527778+00:00 [queued]>
[2025-04-12T05:45:37.214+0000] {taskinstance.py:2866} INFO - Starting attempt 1 of 1
[2025-04-12T05:45:37.217+0000] {taskinstance.py:2889} INFO - Executing <Task(PythonOperator): upload_raw_tours> on 2025-04-12 05:27:28.527778+00:00
[2025-04-12T05:45:37.220+0000] {warnings.py:112} WARNING - /home/***/.local/lib/python3.12/site-packages/***/task/task_runner/standard_task_runner.py:70: DeprecationWarning: This process (pid=546) is multi-threaded, use of fork() may lead to deadlocks in the child.
  pid = os.fork()

[2025-04-12T05:45:37.221+0000] {standard_task_runner.py:72} INFO - Started process 547 to run task
[2025-04-12T05:45:37.222+0000] {standard_task_runner.py:104} INFO - Running: ['***', 'tasks', 'run', 'triphobo_etl_pipeline', 'upload_raw_tours', 'manual__2025-04-12T05:27:28.527778+00:00', '--job-id', '125', '--raw', '--subdir', 'DAGS_FOLDER/trip_dag.py', '--cfg-path', '/tmp/tmpx5oa_kr1']
[2025-04-12T05:45:37.223+0000] {standard_task_runner.py:105} INFO - Job 125: Subtask upload_raw_tours
[2025-04-12T05:45:37.239+0000] {task_command.py:467} INFO - Running <TaskInstance: triphobo_etl_pipeline.upload_raw_tours manual__2025-04-12T05:27:28.527778+00:00 [running]> on host 0032dfa832cd
[2025-04-12T05:45:37.265+0000] {taskinstance.py:3132} INFO - Exporting env vars: AIRFLOW_CTX_DAG_OWNER='***' AIRFLOW_CTX_DAG_ID='triphobo_etl_pipeline' AIRFLOW_CTX_TASK_ID='upload_raw_tours' AIRFLOW_CTX_EXECUTION_DATE='2025-04-12T05:27:28.527778+00:00' AIRFLOW_CTX_TRY_NUMBER='1' AIRFLOW_CTX_DAG_RUN_ID='manual__2025-04-12T05:27:28.527778+00:00'
[2025-04-12T05:45:37.265+0000] {taskinstance.py:731} INFO - ::endgroup::
[2025-04-12T05:45:40.038+0000] {upload_to_S3.py:23} INFO - Uploaded /tmp/triphobo_data/triphobo_multi_city_tours.csv to s3://bigdatafinal2025/raw/triphobo_multi_city_tours.csv
[2025-04-12T05:45:40.040+0000] {python.py:240} INFO - Done. Returned value was: None
[2025-04-12T05:45:40.047+0000] {taskinstance.py:340} INFO - ::group::Post task execution logs
[2025-04-12T05:45:40.047+0000] {taskinstance.py:352} INFO - Marking task as SUCCESS. dag_id=triphobo_etl_pipeline, task_id=upload_raw_tours, run_id=manual__2025-04-12T05:27:28.527778+00:00, execution_date=20250412T052728, start_date=20250412T054537, end_date=20250412T054540
[2025-04-12T05:45:40.101+0000] {local_task_job_runner.py:266} INFO - Task exited with return code 0
[2025-04-12T05:45:40.118+0000] {taskinstance.py:3895} INFO - 1 downstream tasks scheduled from follow-on schedule check
[2025-04-12T05:45:40.120+0000] {local_task_job_runner.py:245} INFO - ::endgroup::
