[2025-04-13T22:40:17.312+0000] {local_task_job_runner.py:123} INFO - ::group::Pre task execution logs
[2025-04-13T22:40:17.318+0000] {taskinstance.py:2613} INFO - Dependencies all met for dep_context=non-requeueable deps ti=<TaskInstance: ihg_hotels_dag.scrape_hotels manual__2025-04-13T22:40:16.458960+00:00 [queued]>
[2025-04-13T22:40:17.320+0000] {taskinstance.py:2613} INFO - Dependencies all met for dep_context=requeueable deps ti=<TaskInstance: ihg_hotels_dag.scrape_hotels manual__2025-04-13T22:40:16.458960+00:00 [queued]>
[2025-04-13T22:40:17.320+0000] {taskinstance.py:2866} INFO - Starting attempt 1 of 2
[2025-04-13T22:40:17.324+0000] {taskinstance.py:2889} INFO - Executing <Task(PythonOperator): scrape_hotels> on 2025-04-13 22:40:16.458960+00:00
[2025-04-13T22:40:17.327+0000] {warnings.py:112} WARNING - /home/***/.local/lib/python3.12/site-packages/***/task/task_runner/standard_task_runner.py:70: DeprecationWarning: This process (pid=538) is multi-threaded, use of fork() may lead to deadlocks in the child.
  pid = os.fork()

[2025-04-13T22:40:17.327+0000] {standard_task_runner.py:72} INFO - Started process 539 to run task
[2025-04-13T22:40:17.328+0000] {standard_task_runner.py:104} INFO - Running: ['***', 'tasks', 'run', 'ihg_hotels_dag', 'scrape_hotels', 'manual__2025-04-13T22:40:16.458960+00:00', '--job-id', '211', '--raw', '--subdir', 'DAGS_FOLDER/hotel_scrape_dag.py', '--cfg-path', '/tmp/tmpyvnv97qm']
[2025-04-13T22:40:17.329+0000] {standard_task_runner.py:105} INFO - Job 211: Subtask scrape_hotels
[2025-04-13T22:40:17.344+0000] {task_command.py:467} INFO - Running <TaskInstance: ihg_hotels_dag.scrape_hotels manual__2025-04-13T22:40:16.458960+00:00 [running]> on host 599bf25ffed0
[2025-04-13T22:40:17.369+0000] {taskinstance.py:3132} INFO - Exporting env vars: AIRFLOW_CTX_DAG_OWNER='***' AIRFLOW_CTX_DAG_ID='ihg_hotels_dag' AIRFLOW_CTX_TASK_ID='scrape_hotels' AIRFLOW_CTX_EXECUTION_DATE='2025-04-13T22:40:16.458960+00:00' AIRFLOW_CTX_TRY_NUMBER='1' AIRFLOW_CTX_DAG_RUN_ID='manual__2025-04-13T22:40:16.458960+00:00'
[2025-04-13T22:40:17.369+0000] {taskinstance.py:731} INFO - ::endgroup::
[2025-04-13T22:40:17.612+0000] {hotel_scrape_dag.py:303} INFO - Processing New York
[2025-04-13T22:40:17.646+0000] {hotel_scrape_dag.py:51} INFO - Starting to scrape New York from https://www.ihg.com/hotels/us/en/hd/united-states/new-york/new-york-hotels
[2025-04-13T22:40:17.794+0000] {hotel_scrape_dag.py:53} INFO - Page loaded for New York
[2025-04-13T22:40:18.313+0000] {hotel_scrape_dag.py:57} INFO - Page network is idle for New York
[2025-04-13T22:40:18.402+0000] {hotel_scrape_dag.py:64} INFO - Got HTML content for New York, length: 343
[2025-04-13T22:40:18.402+0000] {hotel_scrape_dag.py:87} INFO - Trying selector: article.hotel-card for New York
[2025-04-13T22:40:18.403+0000] {hotel_scrape_dag.py:87} INFO - Trying selector: div.hotel-card for New York
[2025-04-13T22:40:18.403+0000] {hotel_scrape_dag.py:87} INFO - Trying selector: .hotel-listing for New York
[2025-04-13T22:40:18.403+0000] {hotel_scrape_dag.py:87} INFO - Trying selector: .hotel-result for New York
[2025-04-13T22:40:18.403+0000] {hotel_scrape_dag.py:87} INFO - Trying selector: div[data-testid='hotel-card'] for New York
[2025-04-13T22:40:18.403+0000] {hotel_scrape_dag.py:87} INFO - Trying selector: .ihg-hotel-card for New York
[2025-04-13T22:40:18.404+0000] {hotel_scrape_dag.py:87} INFO - Trying selector: div[data-component='hotel-card'] for New York
[2025-04-13T22:40:18.404+0000] {hotel_scrape_dag.py:87} INFO - Trying selector: div.card-wrapper for New York
[2025-04-13T22:40:18.404+0000] {hotel_scrape_dag.py:188} INFO - No standard hotel cards found in New York, trying generic extraction
[2025-04-13T22:40:18.404+0000] {hotel_scrape_dag.py:232} INFO - Completed scraping New York. Found 0 hotels.
[2025-04-13T22:40:18.404+0000] {hotel_scrape_dag.py:318} INFO - Waiting 6794ms before next city
[2025-04-13T22:40:25.201+0000] {hotel_scrape_dag.py:303} INFO - Processing San Francisco
[2025-04-13T22:40:25.239+0000] {hotel_scrape_dag.py:51} INFO - Starting to scrape San Francisco from https://www.ihg.com/hotels/us/en/hd/united-states/california/san-francisco-hotels
[2025-04-13T22:40:25.450+0000] {hotel_scrape_dag.py:53} INFO - Page loaded for San Francisco
[2025-04-13T22:40:25.955+0000] {hotel_scrape_dag.py:57} INFO - Page network is idle for San Francisco
[2025-04-13T22:40:26.013+0000] {hotel_scrape_dag.py:64} INFO - Got HTML content for San Francisco, length: 350
[2025-04-13T22:40:26.014+0000] {hotel_scrape_dag.py:87} INFO - Trying selector: article.hotel-card for San Francisco
[2025-04-13T22:40:26.014+0000] {hotel_scrape_dag.py:87} INFO - Trying selector: div.hotel-card for San Francisco
[2025-04-13T22:40:26.014+0000] {hotel_scrape_dag.py:87} INFO - Trying selector: .hotel-listing for San Francisco
[2025-04-13T22:40:26.014+0000] {hotel_scrape_dag.py:87} INFO - Trying selector: .hotel-result for San Francisco
[2025-04-13T22:40:26.014+0000] {hotel_scrape_dag.py:87} INFO - Trying selector: div[data-testid='hotel-card'] for San Francisco
[2025-04-13T22:40:26.014+0000] {hotel_scrape_dag.py:87} INFO - Trying selector: .ihg-hotel-card for San Francisco
[2025-04-13T22:40:26.014+0000] {hotel_scrape_dag.py:87} INFO - Trying selector: div[data-component='hotel-card'] for San Francisco
[2025-04-13T22:40:26.015+0000] {hotel_scrape_dag.py:87} INFO - Trying selector: div.card-wrapper for San Francisco
[2025-04-13T22:40:26.015+0000] {hotel_scrape_dag.py:188} INFO - No standard hotel cards found in San Francisco, trying generic extraction
[2025-04-13T22:40:26.015+0000] {hotel_scrape_dag.py:232} INFO - Completed scraping San Francisco. Found 0 hotels.
[2025-04-13T22:40:26.015+0000] {hotel_scrape_dag.py:318} INFO - Waiting 7658ms before next city
[2025-04-13T22:40:33.677+0000] {hotel_scrape_dag.py:303} INFO - Processing Chicago
[2025-04-13T22:40:33.724+0000] {hotel_scrape_dag.py:51} INFO - Starting to scrape Chicago from https://www.ihg.com/hotels/us/en/hd/united-states/illinois/chicago-hotels
[2025-04-13T22:40:33.764+0000] {hotel_scrape_dag.py:53} INFO - Page loaded for Chicago
[2025-04-13T22:40:34.281+0000] {hotel_scrape_dag.py:57} INFO - Page network is idle for Chicago
[2025-04-13T22:40:34.365+0000] {hotel_scrape_dag.py:64} INFO - Got HTML content for Chicago, length: 342
[2025-04-13T22:40:34.366+0000] {hotel_scrape_dag.py:87} INFO - Trying selector: article.hotel-card for Chicago
[2025-04-13T22:40:34.366+0000] {hotel_scrape_dag.py:87} INFO - Trying selector: div.hotel-card for Chicago
[2025-04-13T22:40:34.366+0000] {hotel_scrape_dag.py:87} INFO - Trying selector: .hotel-listing for Chicago
[2025-04-13T22:40:34.366+0000] {hotel_scrape_dag.py:87} INFO - Trying selector: .hotel-result for Chicago
[2025-04-13T22:40:34.367+0000] {hotel_scrape_dag.py:87} INFO - Trying selector: div[data-testid='hotel-card'] for Chicago
[2025-04-13T22:40:34.367+0000] {hotel_scrape_dag.py:87} INFO - Trying selector: .ihg-hotel-card for Chicago
[2025-04-13T22:40:34.367+0000] {hotel_scrape_dag.py:87} INFO - Trying selector: div[data-component='hotel-card'] for Chicago
[2025-04-13T22:40:34.367+0000] {hotel_scrape_dag.py:87} INFO - Trying selector: div.card-wrapper for Chicago
[2025-04-13T22:40:34.367+0000] {hotel_scrape_dag.py:188} INFO - No standard hotel cards found in Chicago, trying generic extraction
[2025-04-13T22:40:34.367+0000] {hotel_scrape_dag.py:232} INFO - Completed scraping Chicago. Found 0 hotels.
[2025-04-13T22:40:34.368+0000] {hotel_scrape_dag.py:318} INFO - Waiting 7202ms before next city
[2025-04-13T22:40:41.573+0000] {hotel_scrape_dag.py:303} INFO - Processing Seattle
[2025-04-13T22:40:41.602+0000] {hotel_scrape_dag.py:51} INFO - Starting to scrape Seattle from https://www.ihg.com/hotels/us/en/hd/united-states/washington/seattle-hotels
[2025-04-13T22:40:41.659+0000] {hotel_scrape_dag.py:53} INFO - Page loaded for Seattle
[2025-04-13T22:40:42.174+0000] {hotel_scrape_dag.py:57} INFO - Page network is idle for Seattle
[2025-04-13T22:40:42.233+0000] {hotel_scrape_dag.py:64} INFO - Got HTML content for Seattle, length: 344
[2025-04-13T22:40:42.234+0000] {hotel_scrape_dag.py:87} INFO - Trying selector: article.hotel-card for Seattle
[2025-04-13T22:40:42.234+0000] {hotel_scrape_dag.py:87} INFO - Trying selector: div.hotel-card for Seattle
[2025-04-13T22:40:42.234+0000] {hotel_scrape_dag.py:87} INFO - Trying selector: .hotel-listing for Seattle
[2025-04-13T22:40:42.234+0000] {hotel_scrape_dag.py:87} INFO - Trying selector: .hotel-result for Seattle
[2025-04-13T22:40:42.234+0000] {hotel_scrape_dag.py:87} INFO - Trying selector: div[data-testid='hotel-card'] for Seattle
[2025-04-13T22:40:42.234+0000] {hotel_scrape_dag.py:87} INFO - Trying selector: .ihg-hotel-card for Seattle
[2025-04-13T22:40:42.235+0000] {hotel_scrape_dag.py:87} INFO - Trying selector: div[data-component='hotel-card'] for Seattle
[2025-04-13T22:40:42.235+0000] {hotel_scrape_dag.py:87} INFO - Trying selector: div.card-wrapper for Seattle
[2025-04-13T22:40:42.235+0000] {hotel_scrape_dag.py:188} INFO - No standard hotel cards found in Seattle, trying generic extraction
[2025-04-13T22:40:42.235+0000] {hotel_scrape_dag.py:232} INFO - Completed scraping Seattle. Found 0 hotels.
[2025-04-13T22:40:42.235+0000] {hotel_scrape_dag.py:318} INFO - Waiting 5593ms before next city
[2025-04-13T22:40:47.838+0000] {hotel_scrape_dag.py:303} INFO - Processing Las Vegas
[2025-04-13T22:40:47.874+0000] {hotel_scrape_dag.py:51} INFO - Starting to scrape Las Vegas from https://www.ihg.com/hotels/us/en/hd/united-states/nevada/las-vegas-hotels
[2025-04-13T22:40:48.145+0000] {hotel_scrape_dag.py:53} INFO - Page loaded for Las Vegas
[2025-04-13T22:40:48.655+0000] {hotel_scrape_dag.py:57} INFO - Page network is idle for Las Vegas
[2025-04-13T22:40:48.719+0000] {hotel_scrape_dag.py:64} INFO - Got HTML content for Las Vegas, length: 342
[2025-04-13T22:40:48.720+0000] {hotel_scrape_dag.py:87} INFO - Trying selector: article.hotel-card for Las Vegas
[2025-04-13T22:40:48.720+0000] {hotel_scrape_dag.py:87} INFO - Trying selector: div.hotel-card for Las Vegas
[2025-04-13T22:40:48.721+0000] {hotel_scrape_dag.py:87} INFO - Trying selector: .hotel-listing for Las Vegas
[2025-04-13T22:40:48.721+0000] {hotel_scrape_dag.py:87} INFO - Trying selector: .hotel-result for Las Vegas
[2025-04-13T22:40:48.721+0000] {hotel_scrape_dag.py:87} INFO - Trying selector: div[data-testid='hotel-card'] for Las Vegas
[2025-04-13T22:40:48.721+0000] {hotel_scrape_dag.py:87} INFO - Trying selector: .ihg-hotel-card for Las Vegas
[2025-04-13T22:40:48.721+0000] {hotel_scrape_dag.py:87} INFO - Trying selector: div[data-component='hotel-card'] for Las Vegas
[2025-04-13T22:40:48.721+0000] {hotel_scrape_dag.py:87} INFO - Trying selector: div.card-wrapper for Las Vegas
[2025-04-13T22:40:48.721+0000] {hotel_scrape_dag.py:188} INFO - No standard hotel cards found in Las Vegas, trying generic extraction
[2025-04-13T22:40:48.721+0000] {hotel_scrape_dag.py:232} INFO - Completed scraping Las Vegas. Found 0 hotels.
[2025-04-13T22:40:48.722+0000] {hotel_scrape_dag.py:318} INFO - Waiting 7809ms before next city
[2025-04-13T22:40:56.533+0000] {hotel_scrape_dag.py:303} INFO - Processing Los Angeles
[2025-04-13T22:40:56.561+0000] {hotel_scrape_dag.py:51} INFO - Starting to scrape Los Angeles from https://www.ihg.com/hotels/us/en/hd/united-states/california/los-angeles-hotels
[2025-04-13T22:40:56.616+0000] {hotel_scrape_dag.py:53} INFO - Page loaded for Los Angeles
[2025-04-13T22:40:57.134+0000] {hotel_scrape_dag.py:57} INFO - Page network is idle for Los Angeles
[2025-04-13T22:40:57.201+0000] {hotel_scrape_dag.py:64} INFO - Got HTML content for Los Angeles, length: 348
[2025-04-13T22:40:57.202+0000] {hotel_scrape_dag.py:87} INFO - Trying selector: article.hotel-card for Los Angeles
[2025-04-13T22:40:57.202+0000] {hotel_scrape_dag.py:87} INFO - Trying selector: div.hotel-card for Los Angeles
[2025-04-13T22:40:57.202+0000] {hotel_scrape_dag.py:87} INFO - Trying selector: .hotel-listing for Los Angeles
[2025-04-13T22:40:57.203+0000] {hotel_scrape_dag.py:87} INFO - Trying selector: .hotel-result for Los Angeles
[2025-04-13T22:40:57.203+0000] {hotel_scrape_dag.py:87} INFO - Trying selector: div[data-testid='hotel-card'] for Los Angeles
[2025-04-13T22:40:57.203+0000] {hotel_scrape_dag.py:87} INFO - Trying selector: .ihg-hotel-card for Los Angeles
[2025-04-13T22:40:57.203+0000] {hotel_scrape_dag.py:87} INFO - Trying selector: div[data-component='hotel-card'] for Los Angeles
[2025-04-13T22:40:57.203+0000] {hotel_scrape_dag.py:87} INFO - Trying selector: div.card-wrapper for Los Angeles
[2025-04-13T22:40:57.204+0000] {hotel_scrape_dag.py:188} INFO - No standard hotel cards found in Los Angeles, trying generic extraction
[2025-04-13T22:40:57.204+0000] {hotel_scrape_dag.py:232} INFO - Completed scraping Los Angeles. Found 0 hotels.
[2025-04-13T22:40:57.204+0000] {hotel_scrape_dag.py:318} INFO - Waiting 8571ms before next city
[2025-04-13T22:41:05.809+0000] {hotel_scrape_dag.py:333} WARNING - No hotels were found!
[2025-04-13T22:41:05.819+0000] {hotel_scrape_dag.py:339} INFO - Created empty CSV with headers at multi_city_ihg_hotels.csv
[2025-04-13T22:41:05.820+0000] {python.py:240} INFO - Done. Returned value was: None
[2025-04-13T22:41:05.827+0000] {taskinstance.py:340} INFO - ::group::Post task execution logs
[2025-04-13T22:41:05.828+0000] {taskinstance.py:352} INFO - Marking task as SUCCESS. dag_id=ihg_hotels_dag, task_id=scrape_hotels, run_id=manual__2025-04-13T22:40:16.458960+00:00, execution_date=20250413T224016, start_date=20250413T224017, end_date=20250413T224105
[2025-04-13T22:41:05.843+0000] {local_task_job_runner.py:266} INFO - Task exited with return code 0
[2025-04-13T22:41:05.855+0000] {taskinstance.py:3895} INFO - 1 downstream tasks scheduled from follow-on schedule check
[2025-04-13T22:41:05.856+0000] {local_task_job_runner.py:245} INFO - ::endgroup::
