[2025-04-13T22:44:25.443+0000] {local_task_job_runner.py:123} INFO - ::group::Pre task execution logs
[2025-04-13T22:44:25.447+0000] {taskinstance.py:2613} INFO - Dependencies all met for dep_context=non-requeueable deps ti=<TaskInstance: ihg_hotels_dag.upload_to_s3 manual__2025-04-13T22:43:49.205804+00:00 [queued]>
[2025-04-13T22:44:25.449+0000] {taskinstance.py:2613} INFO - Dependencies all met for dep_context=requeueable deps ti=<TaskInstance: ihg_hotels_dag.upload_to_s3 manual__2025-04-13T22:43:49.205804+00:00 [queued]>
[2025-04-13T22:44:25.450+0000] {taskinstance.py:2866} INFO - Starting attempt 1 of 2
[2025-04-13T22:44:25.453+0000] {taskinstance.py:2889} INFO - Executing <Task(PythonOperator): upload_to_s3> on 2025-04-13 22:43:49.205804+00:00
[2025-04-13T22:44:25.456+0000] {warnings.py:112} WARNING - /home/***/.local/lib/python3.12/site-packages/***/task/task_runner/standard_task_runner.py:70: DeprecationWarning: This process (pid=714) is multi-threaded, use of fork() may lead to deadlocks in the child.
  pid = os.fork()

[2025-04-13T22:44:25.456+0000] {standard_task_runner.py:72} INFO - Started process 715 to run task
[2025-04-13T22:44:25.457+0000] {standard_task_runner.py:104} INFO - Running: ['***', 'tasks', 'run', 'ihg_hotels_dag', 'upload_to_s3', 'manual__2025-04-13T22:43:49.205804+00:00', '--job-id', '223', '--raw', '--subdir', 'DAGS_FOLDER/hotel_scrape_dag.py', '--cfg-path', '/tmp/tmpq8piv7dx']
[2025-04-13T22:44:25.458+0000] {standard_task_runner.py:105} INFO - Job 223: Subtask upload_to_s3
[2025-04-13T22:44:25.472+0000] {task_command.py:467} INFO - Running <TaskInstance: ihg_hotels_dag.upload_to_s3 manual__2025-04-13T22:43:49.205804+00:00 [running]> on host 599bf25ffed0
[2025-04-13T22:44:25.497+0000] {taskinstance.py:3132} INFO - Exporting env vars: AIRFLOW_CTX_DAG_OWNER='***' AIRFLOW_CTX_DAG_ID='ihg_hotels_dag' AIRFLOW_CTX_TASK_ID='upload_to_s3' AIRFLOW_CTX_EXECUTION_DATE='2025-04-13T22:43:49.205804+00:00' AIRFLOW_CTX_TRY_NUMBER='1' AIRFLOW_CTX_DAG_RUN_ID='manual__2025-04-13T22:43:49.205804+00:00'
[2025-04-13T22:44:25.498+0000] {taskinstance.py:731} INFO - ::endgroup::
[2025-04-13T22:44:26.035+0000] {hotel_scrape_dag.py:528} INFO - ✅ Uploaded to s3://bigdatafinal2025/multi_city_ihg_hotels.csv
[2025-04-13T22:44:26.036+0000] {python.py:240} INFO - Done. Returned value was: None
[2025-04-13T22:44:26.040+0000] {taskinstance.py:340} INFO - ::group::Post task execution logs
[2025-04-13T22:44:26.041+0000] {taskinstance.py:352} INFO - Marking task as SUCCESS. dag_id=ihg_hotels_dag, task_id=upload_to_s3, run_id=manual__2025-04-13T22:43:49.205804+00:00, execution_date=20250413T224349, start_date=20250413T224425, end_date=20250413T224426
[2025-04-13T22:44:26.074+0000] {local_task_job_runner.py:266} INFO - Task exited with return code 0
[2025-04-13T22:44:26.081+0000] {taskinstance.py:3895} INFO - 1 downstream tasks scheduled from follow-on schedule check
[2025-04-13T22:44:26.082+0000] {local_task_job_runner.py:245} INFO - ::endgroup::
